#
# A fatal error has been detected by the Java Runtime Environment:
#
#  EXCEPTION_ACCESS_VIOLATION (0xc0000005) at pc=0x00007ff822e93466, pid=13516, tid=12760
#
# JRE version: OpenJDK Runtime Environment Temurin-17.0.8+7 (17.0.8+7) (build 17.0.8+7)
# Java VM: OpenJDK 64-Bit Server VM Temurin-17.0.8+7 (17.0.8+7, mixed mode, tiered, compressed oops, compressed class ptrs, g1 gc, windows-amd64)
# Problematic frame:
# C  [ntdll.dll+0x63466]
#
# No core dump will be written. Minidumps are not enabled by default on client versions of Windows
#
# If you would like to submit a bug report, please visit:
#   https://github.com/adoptium/adoptium-support/issues
# The crash happened outside the Java Virtual Machine in native code.
# See problematic frame for where to report the bug.
#

---------------  S U M M A R Y ------------

Command Line: --module-path=C:\javafx-sdk-20.0.2\lib --add-modules=javafx.controls,javafx.fxml -Dfile.encoding=UTF-8 -XX:+ShowCodeDetailsInExceptionMessages application.Main

Host: Intel(R) Core(TM) i3-6006U CPU @ 2.00GHz, 4 cores, 7G,  Windows 10 , 64 bit Build 19041 (10.0.19041.1889)
Time: Fri Sep 15 22:34:16 2023 Coordinated Universal Time elapsed time: 116.389824 seconds (0d 0h 1m 56s)

---------------  T H R E A D  ---------------

Current thread (0x00000225a9bc12e0):  JavaThread "Thread-13" [_thread_in_native, id=12760, stack(0x000000f0fc000000,0x000000f0fc100000)]

Stack: [0x000000f0fc000000,0x000000f0fc100000],  sp=0x000000f0fc0feee0,  free space=1019k
Native frames: (J=compiled Java code, j=interpreted, Vv=VM code, C=native code)
C  [ntdll.dll+0x63466]
C  [ntdll.dll+0x2fcb4]
C  [ntdll.dll+0x2fae2]
C  0x00007ffff5932be7

Java frames: (J=compiled Java code, j=interpreted, Vv=VM code)
J 6048  org.bytedeco.javacpp.opencv_videoio$VideoCapture.retrieve(Lorg/bytedeco/javacpp/opencv_core$Mat;)Z (0 bytes) @ 0x000002259090406f [0x0000022590904020+0x000000000000004f]
J 6047 c1 org.bytedeco.javacv.OpenCVFrameGrabber.grab()Lorg/bytedeco/javacv/Frame; (255 bytes) @ 0x0000022589415aa4 [0x0000022589415a00+0x00000000000000a4]
j  application.FaceDetector.run()V+988
j  java.lang.Thread.run()V+11 java.base@17.0.8
v  ~StubRoutines::call_stub

siginfo: EXCEPTION_ACCESS_VIOLATION (0xc0000005), writing address 0x0000000000000024


Register to memory mapping:

RIP=0x00007ff822e93466 ntdll.dll
RAX=0x0 is NULL
RBX=0x00000225aab65548 points into unknown readable memory: 0x0000000000000000 | 00 00 00 00 00 00 00 00
RCX=0x00000225aab65548 points into unknown readable memory: 0x0000000000000000 | 00 00 00 00 00 00 00 00
RDX=0x00000000fffffffa is an unallocated location in the heap
RSP=0x000000f0fc0feee0 is pointing into the stack for thread: 0x00000225a9bc12e0
RBP=0x0 is NULL
RSI=0x0 is NULL
RDI=0x0 is NULL
R8 =0x0 is NULL
R9 =0x00000225aab65500 points into unknown readable memory: 0x6f2f707063617661 | 61 76 61 63 70 70 2f 6f
R10=0x0 is NULL
R11=0x0000000000000246 is an unknown value
R12=0x0 is NULL
R13=0x000000f0f893f000 points into unknown readable memory: 0x0000000000000000 | 00 00 00 00 00 00 00 00
R14=0x0000000000000001 is an unknown value
R15=0x0 is NULL


Registers:
RAX=0x0000000000000000, RBX=0x00000225aab65548, RCX=0x00000225aab65548, RDX=0x00000000fffffffa
RSP=0x000000f0fc0feee0, RBP=0x0000000000000000, RSI=0x0000000000000000, RDI=0x0000000000000000
R8 =0x0000000000000000, R9 =0x00000225aab65500, R10=0x0000000000000000, R11=0x0000000000000246
R12=0x0000000000000000, R13=0x000000f0f893f000, R14=0x0000000000000001, R15=0x0000000000000000
RIP=0x00007ff822e93466, EFLAGS=0x0000000000010213

Top of Stack: (sp=0x000000f0fc0feee0)
0x000000f0fc0feee0:   ffffffffffffffff 00000225aab65548
0x000000f0fc0feef0:   000000000000e102 00007ff822e39b1a
0x000000f0fc0fef00:   0000022583c12910 00007ff822e4e249
0x000000f0fc0fef10:   0000022583c12910 00007fffe3697f75
0x000000f0fc0fef20:   0000022583c00000 00007ff8fffffffa
0x000000f0fc0fef30:   000000f0f893f000 000000f0fc0fef70
0x000000f0fc0fef40:   0000022583c00000 00007ff822e4ead2
0x000000f0fc0fef50:   00000225abe33d10 00000225ab000000
0x000000f0fc0fef60:   0000022583c00000 0000000000000000
0x000000f0fc0fef70:   00004d47132c1748 0000022583c00000
0x000000f0fc0fef80:   00000225a9bc1200 0000000000000001
0x000000f0fc0fef90:   0000000000000001 0000000000000001
0x000000f0fc0fefa0:   0000000000000000 00000225aab65548
0x000000f0fc0fefb0:   0000000000000000 00007ff822e5fcb4
0x000000f0fc0fefc0:   0000022583c00000 000000f0fc0ff029
0x000000f0fc0fefd0:   00000000fffffffa ffffffffff676980 

Instructions: (pc=0x00007ff822e93466)
0x00007ff822e93366:   20 e9 ed fe ff ff 48 89 41 18 e9 e4 fe ff ff cc
0x00007ff822e93376:   cc cc cc cc cc cc cc cc cc cc 80 3d 81 91 10 00
0x00007ff822e93386:   00 0f 95 c0 c3 cc cc cc cc cc cc cc cc cc cc cc
0x00007ff822e93396:   cc cc cc cc cc cc cc cc cc cc 48 83 ec 38 8b 05
0x00007ff822e933a6:   82 77 10 00 89 44 24 20 e8 41 02 00 00 48 83 c4
0x00007ff822e933b6:   38 c3 cc cc cc cc cc cc cc cc 48 89 5c 24 18 55
0x00007ff822e933c6:   56 57 41 54 41 55 41 56 41 57 48 81 ec a0 00 00
0x00007ff822e933d6:   00 48 8b 05 32 11 12 00 48 33 c4 48 89 84 24 90
0x00007ff822e933e6:   00 00 00 65 4c 8b 2c 25 30 00 00 00 48 8d 05 cf
0x00007ff822e933f6:   31 10 00 40 32 ed 89 54 24 48 33 f6 40 88 6c 24
0x00007ff822e93406:   40 4c 89 6c 24 50 48 8b d9 44 8b e6 48 3b c8 0f
0x00007ff822e93416:   84 39 01 00 00 40 38 35 e6 90 10 00 0f 85 a8 01
0x00007ff822e93426:   00 00 39 35 fa 90 10 00 0f 85 6a 01 00 00 40 38
0x00007ff822e93436:   35 bd 8b 10 00 48 8d 3d be 8b 10 00 48 0f 45 fe
0x00007ff822e93446:   48 39 73 18 0f 84 d2 00 00 00 48 8b 03 48 83 f8
0x00007ff822e93456:   ff 0f 84 d2 00 00 00 44 8b fe 48 83 f8 ff 74 03
0x00007ff822e93466:   ff 40 24 4c 8b 73 18 4c 8d 2d 54 31 10 00 bd 22
0x00007ff822e93476:   17 00 00 e8 d2 13 fc ff 85 c0 0f 85 ee b4 05 00
0x00007ff822e93486:   b9 82 03 fe 7f 80 39 00 0f 85 fc b4 05 00 49 83
0x00007ff822e93496:   fe ff 0f 85 8a b5 05 00 4c 8b cf c7 44 24 20 00
0x00007ff822e934a6:   00 00 00 41 b8 04 00 00 00 48 8d 54 24 48 48 8d
0x00007ff822e934b6:   4b 08 e8 37 01 00 00 3d 02 01 00 00 0f 84 73 b5
0x00007ff822e934c6:   05 00 8b 4b 08 89 4c 24 48 f6 c1 02 75 ca 3d 02
0x00007ff822e934d6:   01 00 00 0f 84 5c b5 05 00 0f b6 6c 24 40 4c 8b
0x00007ff822e934e6:   6c 24 50 85 c0 0f 88 a8 b6 05 00 40 84 ed 75 73
0x00007ff822e934f6:   48 8b 8c 24 90 00 00 00 48 33 cc e8 7a 8d 02 00
0x00007ff822e93506:   48 8b 9c 24 f0 00 00 00 48 81 c4 a0 00 00 00 41
0x00007ff822e93516:   5f 41 5e 41 5d 41 5c 5f 5e 5d c3 cc 48 8b cb e8
0x00007ff822e93526:   56 05 00 00 e9 21 ff ff ff 8b 4b 20 48 c7 c0 ff
0x00007ff822e93536:   ff ff ff 48 0f ba e1 18 0f 82 19 ff ff ff 48 8b
0x00007ff822e93546:   cb e8 f4 e2 fa ff 48 8b 03 e9 09 ff ff ff c6 44
0x00007ff822e93556:   24 40 01 41 c7 85 60 17 00 00 01 00 00 00 e9 b2 


Stack slot to memory mapping:
stack at sp + 0 slots: 0xffffffffffffffff is an unknown value
stack at sp + 1 slots: 0x00000225aab65548 points into unknown readable memory: 0x0000000000000000 | 00 00 00 00 00 00 00 00
stack at sp + 2 slots: 0x000000000000e102 is an unknown value
stack at sp + 3 slots: 0x00007ff822e39b1a ntdll.dll
stack at sp + 4 slots: 0x0000022583c12910 points into unknown readable memory: 0x0000000000000000 | 00 00 00 00 00 00 00 00
stack at sp + 5 slots: 0x00007ff822e4e249 ntdll.dll
stack at sp + 6 slots: 0x0000022583c12910 points into unknown readable memory: 0x0000000000000000 | 00 00 00 00 00 00 00 00
stack at sp + 7 slots: 0x00007fffe3697f75 jvm.dll


---------------  P R O C E S S  ---------------

Threads class SMR info:
_java_thread_list=0x00000225aa675fb0, length=25, elements={
0x000002259f4c3020, 0x000002259f4c3f20, 0x000002259f4a7690, 0x000002259f4e4110,
0x000002259f4e4ad0, 0x000002259f4e8990, 0x000002259f4f1690, 0x000002259f4f4b70,
0x000002259f4f5f90, 0x000002259f59e5f0, 0x00000225a423cd90, 0x00000225a42b6df0,
0x00000225a4691de0, 0x00000225a46922f0, 0x00000225a4692d10, 0x00000225a468bdb0,
0x00000225a4693730, 0x00000225aa587d20, 0x00000225aa589670, 0x00000225aa58d840,
0x00000225a9bbfea0, 0x00000225a9bbe040, 0x00000225a9bc12e0, 0x00000225a9bc0dd0,
0x00000225aa589160
}

Java Threads: ( => current thread )
  0x000002259f4c3020 JavaThread "Reference Handler" daemon [_thread_blocked, id=13628, stack(0x000000f0f9500000,0x000000f0f9600000)]
  0x000002259f4c3f20 JavaThread "Finalizer" daemon [_thread_blocked, id=14156, stack(0x000000f0f9600000,0x000000f0f9700000)]
  0x000002259f4a7690 JavaThread "Signal Dispatcher" daemon [_thread_blocked, id=13584, stack(0x000000f0f9700000,0x000000f0f9800000)]
  0x000002259f4e4110 JavaThread "Attach Listener" daemon [_thread_blocked, id=9456, stack(0x000000f0f9800000,0x000000f0f9900000)]
  0x000002259f4e4ad0 JavaThread "Service Thread" daemon [_thread_blocked, id=13024, stack(0x000000f0f9900000,0x000000f0f9a00000)]
  0x000002259f4e8990 JavaThread "Monitor Deflation Thread" daemon [_thread_blocked, id=13372, stack(0x000000f0f9a00000,0x000000f0f9b00000)]
  0x000002259f4f1690 JavaThread "C2 CompilerThread0" daemon [_thread_blocked, id=7884, stack(0x000000f0f9b00000,0x000000f0f9c00000)]
  0x000002259f4f4b70 JavaThread "C1 CompilerThread0" daemon [_thread_blocked, id=11896, stack(0x000000f0f9c00000,0x000000f0f9d00000)]
  0x000002259f4f5f90 JavaThread "Sweeper thread" daemon [_thread_blocked, id=4448, stack(0x000000f0f9d00000,0x000000f0f9e00000)]
  0x000002259f59e5f0 JavaThread "Common-Cleaner" daemon [_thread_blocked, id=14152, stack(0x000000f0f9e00000,0x000000f0f9f00000)]
  0x00000225a423cd90 JavaThread "Notification Thread" daemon [_thread_blocked, id=5008, stack(0x000000f0fa000000,0x000000f0fa100000)]
  0x00000225a42b6df0 JavaThread "InvokeLaterDispatcher" daemon [_thread_blocked, id=13676, stack(0x000000f0fa300000,0x000000f0fa400000)]
  0x00000225a4691de0 JavaThread "Thread-2" daemon [_thread_in_native, id=8864, stack(0x000000f0fab00000,0x000000f0fac00000)]
  0x00000225a46922f0 JavaThread "ForkJoinPool.commonPool-worker-1" daemon [_thread_blocked, id=11060, stack(0x000000f0fad00000,0x000000f0fae00000)]
  0x00000225a4692d10 JavaThread "FileSystemWatchService" daemon [_thread_in_native, id=13100, stack(0x000000f0fae00000,0x000000f0faf00000)]
  0x00000225a468bdb0 JavaThread "Thread-3" daemon [_thread_blocked, id=8404, stack(0x000000f0faf00000,0x000000f0fb000000)]
  0x00000225a4693730 JavaThread "FileSystemWatchService" daemon [_thread_in_native, id=10128, stack(0x000000f0fb000000,0x000000f0fb100000)]
  0x00000225aa587d20 JavaThread "Thread-4" daemon [_thread_blocked, id=11540, stack(0x000000f0fb100000,0x000000f0fb200000)]
  0x00000225aa589670 JavaThread "Prism Font Disposer" daemon [_thread_blocked, id=12648, stack(0x000000f0fb500000,0x000000f0fb600000)]
  0x00000225aa58d840 JavaThread "Cleaner-0" daemon [_thread_blocked, id=5328, stack(0x000000f0fbc00000,0x000000f0fbd00000)]
  0x00000225a9bbfea0 JavaThread "pool-2-thread-1" [_thread_blocked, id=12360, stack(0x000000f0fbf00000,0x000000f0fc000000)]
  0x00000225a9bbe040 JavaThread "JavaCPP Deallocator" daemon [_thread_blocked, id=8732, stack(0x000000f0f9f00000,0x000000f0fa000000)]
=>0x00000225a9bc12e0 JavaThread "Thread-13" [_thread_in_native, id=12760, stack(0x000000f0fc000000,0x000000f0fc100000)]
  0x00000225a9bc0dd0 JavaThread "Java2D Disposer" daemon [_thread_blocked, id=10624, stack(0x000000f0fc300000,0x000000f0fc400000)]
  0x00000225aa589160 JavaThread "DestroyJavaVM" [_thread_blocked, id=4260, stack(0x000000f0f8e00000,0x000000f0f8f00000)]

Other Threads:
  0x000002259f491880 VMThread "VM Thread" [stack: 0x000000f0f9400000,0x000000f0f9500000] [id=10156]
  0x000002259f861770 WatcherThread [stack: 0x000000f0fa100000,0x000000f0fa200000] [id=5240]
  0x0000022583e98770 GCTaskThread "GC Thread#0" [stack: 0x000000f0f8f00000,0x000000f0f9000000] [id=14084]
  0x00000225a453bc10 GCTaskThread "GC Thread#1" [stack: 0x000000f0fa800000,0x000000f0fa900000] [id=5608]
  0x00000225a453c2e0 GCTaskThread "GC Thread#2" [stack: 0x000000f0fa900000,0x000000f0faa00000] [id=7292]
  0x00000225a456d4d0 GCTaskThread "GC Thread#3" [stack: 0x000000f0faa00000,0x000000f0fab00000] [id=14140]
  0x0000022583ea9aa0 ConcurrentGCThread "G1 Main Marker" [stack: 0x000000f0f9000000,0x000000f0f9100000] [id=13988]
  0x0000022583eaa4b0 ConcurrentGCThread "G1 Conc#0" [stack: 0x000000f0f9100000,0x000000f0f9200000] [id=4764]
  0x0000022583eedcb0 ConcurrentGCThread "G1 Refine#0" [stack: 0x000000f0f9200000,0x000000f0f9300000] [id=464]
  0x00000225a8e55170 ConcurrentGCThread "G1 Refine#1" [stack: 0x000000f0fb600000,0x000000f0fb700000] [id=13752]
  0x0000022583eee5e0 ConcurrentGCThread "G1 Service" [stack: 0x000000f0f9300000,0x000000f0f9400000] [id=8744]

Threads with active compile tasks:

VM state: not at safepoint (normal execution)

VM Mutex/Monitor currently owned by a thread: None

Heap address: 0x0000000081e00000, size: 2018 MB, Compressed Oops mode: 32-bit

CDS archive(s) not mapped
Compressed class space mapped at: 0x0000000100000000-0x0000000140000000, reserved size: 1073741824
Narrow klass base: 0x0000000000000000, Narrow klass shift: 3, Narrow klass range: 0x140000000

GC Precious Log:
 CPUs: 4 total, 4 available
 Memory: 8065M
 Large Page Support: Disabled
 NUMA Support: Disabled
 Compressed Oops: Enabled (32-bit)
 Heap Region Size: 1M
 Heap Min Capacity: 8M
 Heap Initial Capacity: 128M
 Heap Max Capacity: 2018M
 Pre-touch: Disabled
 Parallel Workers: 4
 Concurrent Workers: 1
 Concurrent Refinement Workers: 4
 Periodic GC: Disabled

Heap:
 garbage-first heap   total 171008K, used 77381K [0x0000000081e00000, 0x0000000100000000)
  region size 1024K, 4 young (4096K), 1 survivors (1024K)
 Metaspace       used 38492K, committed 38784K, reserved 1114112K
  class space    used 4508K, committed 4672K, reserved 1048576K

Heap Regions: E=young(eden), S=young(survivor), O=old, HS=humongous(starts), HC=humongous(continues), CS=collection set, F=free, OA=open archive, CA=closed archive, TAMS=top-at-mark-start (previous, next)
|   0|0x0000000081e00000, 0x0000000081f00000, 0x0000000081f00000|100%| O|  |TAMS 0x0000000081f00000, 0x0000000081f00000| Untracked 
|   1|0x0000000081f00000, 0x0000000082000000, 0x0000000082000000|100%| O|  |TAMS 0x0000000082000000, 0x0000000082000000| Untracked 
|   2|0x0000000082000000, 0x0000000082100000, 0x0000000082100000|100%| O|  |TAMS 0x0000000082100000, 0x0000000082100000| Untracked 
|   3|0x0000000082100000, 0x0000000082200000, 0x0000000082200000|100%|HS|  |TAMS 0x0000000082200000, 0x0000000082200000| Complete 
|   4|0x0000000082200000, 0x0000000082300000, 0x0000000082300000|100%|HC|  |TAMS 0x0000000082300000, 0x0000000082300000| Complete 
|   5|0x0000000082300000, 0x0000000082400000, 0x0000000082400000|100%|HC|  |TAMS 0x0000000082400000, 0x0000000082400000| Complete 
|   6|0x0000000082400000, 0x0000000082500000, 0x0000000082500000|100%|HC|  |TAMS 0x0000000082500000, 0x0000000082500000| Complete 
|   7|0x0000000082500000, 0x0000000082600000, 0x0000000082600000|100%|HC|  |TAMS 0x0000000082600000, 0x0000000082600000| Complete 
|   8|0x0000000082600000, 0x0000000082700000, 0x0000000082700000|100%|HS|  |TAMS 0x0000000082600000, 0x0000000082600000| Complete 
|   9|0x0000000082700000, 0x0000000082800000, 0x0000000082800000|100%|HC|  |TAMS 0x0000000082700000, 0x0000000082700000| Complete 
|  10|0x0000000082800000, 0x0000000082900000, 0x0000000082900000|100%| O|  |TAMS 0x0000000082900000, 0x0000000082900000| Untracked 
|  11|0x0000000082900000, 0x0000000082a00000, 0x0000000082a00000|100%|HS|  |TAMS 0x0000000082a00000, 0x0000000082a00000| Complete 
|  12|0x0000000082a00000, 0x0000000082b00000, 0x0000000082b00000|100%|HS|  |TAMS 0x0000000082b00000, 0x0000000082b00000| Complete 
|  13|0x0000000082b00000, 0x0000000082c00000, 0x0000000082c00000|100%|HS|  |TAMS 0x0000000082c00000, 0x0000000082c00000| Complete 
|  14|0x0000000082c00000, 0x0000000082d00000, 0x0000000082d00000|100%|HC|  |TAMS 0x0000000082d00000, 0x0000000082d00000| Complete 
|  15|0x0000000082d00000, 0x0000000082e00000, 0x0000000082e00000|100%| O|  |TAMS 0x0000000082e00000, 0x0000000082e00000| Untracked 
|  16|0x0000000082e00000, 0x0000000082f00000, 0x0000000082f00000|100%| O|  |TAMS 0x0000000082f00000, 0x0000000082f00000| Untracked 
|  17|0x0000000082f00000, 0x0000000083000000, 0x0000000083000000|100%| O|  |TAMS 0x0000000083000000, 0x0000000083000000| Untracked 
|  18|0x0000000083000000, 0x0000000083100000, 0x0000000083100000|100%| O|  |TAMS 0x0000000083100000, 0x0000000083100000| Untracked 
|  19|0x0000000083100000, 0x0000000083200000, 0x0000000083200000|100%| O|  |TAMS 0x0000000083200000, 0x0000000083200000| Untracked 
|  20|0x0000000083200000, 0x0000000083300000, 0x0000000083300000|100%| O|  |TAMS 0x0000000083300000, 0x0000000083300000| Untracked 
|  21|0x0000000083300000, 0x0000000083400000, 0x0000000083400000|100%| O|  |TAMS 0x0000000083400000, 0x0000000083400000| Untracked 
|  22|0x0000000083400000, 0x0000000083500000, 0x0000000083500000|100%| O|  |TAMS 0x0000000083500000, 0x0000000083500000| Untracked 
|  23|0x0000000083500000, 0x0000000083600000, 0x0000000083600000|100%| O|  |TAMS 0x0000000083600000, 0x0000000083600000| Untracked 
|  24|0x0000000083600000, 0x0000000083700000, 0x0000000083700000|100%| O|  |TAMS 0x0000000083700000, 0x0000000083700000| Untracked 
|  25|0x0000000083700000, 0x0000000083800000, 0x0000000083800000|100%| O|  |TAMS 0x0000000083800000, 0x0000000083800000| Untracked 
|  26|0x0000000083800000, 0x00000000838ae600, 0x0000000083900000| 68%| O|  |TAMS 0x00000000838ae600, 0x00000000838ae600| Untracked 
|  27|0x0000000083900000, 0x0000000083a00000, 0x0000000083a00000|100%|HS|  |TAMS 0x0000000083900000, 0x0000000083a00000| Complete 
|  28|0x0000000083a00000, 0x0000000083b00000, 0x0000000083b00000|100%|HC|  |TAMS 0x0000000083a00000, 0x0000000083b00000| Complete 
|  29|0x0000000083b00000, 0x0000000083c00000, 0x0000000083c00000|100%|HS|  |TAMS 0x0000000083b00000, 0x0000000083b00000| Complete 
|  30|0x0000000083c00000, 0x0000000083d00000, 0x0000000083d00000|100%|HC|  |TAMS 0x0000000083c00000, 0x0000000083c00000| Complete 
|  31|0x0000000083d00000, 0x0000000083e00000, 0x0000000083e00000|100%|HS|  |TAMS 0x0000000083d00000, 0x0000000083e00000| Complete 
|  32|0x0000000083e00000, 0x0000000083f00000, 0x0000000083f00000|100%|HS|  |TAMS 0x0000000083e00000, 0x0000000083e00000| Complete 
|  33|0x0000000083f00000, 0x0000000084000000, 0x0000000084000000|100%|HC|  |TAMS 0x0000000083f00000, 0x0000000083f00000| Complete 
|  34|0x0000000084000000, 0x0000000084100000, 0x0000000084100000|100%| O|  |TAMS 0x0000000084000000, 0x0000000084100000| Untracked 
|  35|0x0000000084100000, 0x0000000084200000, 0x0000000084200000|100%|HS|  |TAMS 0x0000000084100000, 0x0000000084200000| Complete 
|  36|0x0000000084200000, 0x0000000084300000, 0x0000000084300000|100%|HC|  |TAMS 0x0000000084200000, 0x0000000084300000| Complete 
|  37|0x0000000084300000, 0x0000000084400000, 0x0000000084400000|100%|HS|  |TAMS 0x0000000084300000, 0x0000000084400000| Complete 
|  38|0x0000000084400000, 0x0000000084500000, 0x0000000084500000|100%|HC|  |TAMS 0x0000000084400000, 0x0000000084500000| Complete 
|  39|0x0000000084500000, 0x0000000084600000, 0x0000000084600000|100%|HS|  |TAMS 0x0000000084500000, 0x0000000084600000| Complete 
|  40|0x0000000084600000, 0x0000000084700000, 0x0000000084700000|100%|HC|  |TAMS 0x0000000084600000, 0x0000000084700000| Complete 
|  41|0x0000000084700000, 0x0000000084800000, 0x0000000084800000|100%|HS|  |TAMS 0x0000000084700000, 0x0000000084700000| Complete 
|  42|0x0000000084800000, 0x0000000084900000, 0x0000000084900000|100%|HC|  |TAMS 0x0000000084800000, 0x0000000084800000| Complete 
|  43|0x0000000084900000, 0x0000000084a00000, 0x0000000084a00000|100%|HS|  |TAMS 0x0000000084900000, 0x0000000084900000| Complete 
|  44|0x0000000084a00000, 0x0000000084b00000, 0x0000000084b00000|100%|HC|  |TAMS 0x0000000084a00000, 0x0000000084a00000| Complete 
|  45|0x0000000084b00000, 0x0000000084c00000, 0x0000000084c00000|100%|HS|  |TAMS 0x0000000084b00000, 0x0000000084c00000| Complete 
|  46|0x0000000084c00000, 0x0000000084d00000, 0x0000000084d00000|100%|HC|  |TAMS 0x0000000084c00000, 0x0000000084d00000| Complete 
|  47|0x0000000084d00000, 0x0000000084e00000, 0x0000000084e00000|100%|HS|  |TAMS 0x0000000084d00000, 0x0000000084d00000| Complete 
|  48|0x0000000084e00000, 0x0000000084f00000, 0x0000000084f00000|100%|HC|  |TAMS 0x0000000084e00000, 0x0000000084e00000| Complete 
|  49|0x0000000084f00000, 0x0000000085000000, 0x0000000085000000|100%|HS|  |TAMS 0x0000000084f00000, 0x0000000084f00000| Complete 
|  50|0x0000000085000000, 0x0000000085100000, 0x0000000085100000|100%|HC|  |TAMS 0x0000000085000000, 0x0000000085000000| Complete 
|  51|0x0000000085100000, 0x0000000085200000, 0x0000000085200000|100%|HS|  |TAMS 0x0000000085100000, 0x0000000085200000| Complete 
|  52|0x0000000085200000, 0x0000000085300000, 0x0000000085300000|100%|HC|  |TAMS 0x0000000085200000, 0x0000000085300000| Complete 
|  53|0x0000000085300000, 0x0000000085400000, 0x0000000085400000|100%|HS|  |TAMS 0x0000000085300000, 0x0000000085300000| Complete 
|  54|0x0000000085400000, 0x0000000085500000, 0x0000000085500000|100%|HC|  |TAMS 0x0000000085400000, 0x0000000085400000| Complete 
|  55|0x0000000085500000, 0x0000000085600000, 0x0000000085600000|100%|HS|  |TAMS 0x0000000085500000, 0x0000000085600000| Complete 
|  56|0x0000000085600000, 0x0000000085700000, 0x0000000085700000|100%|HC|  |TAMS 0x0000000085600000, 0x0000000085700000| Complete 
|  57|0x0000000085700000, 0x0000000085800000, 0x0000000085800000|100%|HC|  |TAMS 0x0000000085700000, 0x0000000085800000| Complete 
|  58|0x0000000085800000, 0x0000000085900000, 0x0000000085900000|100%|HS|  |TAMS 0x0000000085800000, 0x0000000085800000| Complete 
|  59|0x0000000085900000, 0x0000000085a00000, 0x0000000085a00000|100%|HC|  |TAMS 0x0000000085900000, 0x0000000085900000| Complete 
|  60|0x0000000085a00000, 0x0000000085b00000, 0x0000000085b00000|100%|HS|  |TAMS 0x0000000085a00000, 0x0000000085b00000| Complete 
|  61|0x0000000085b00000, 0x0000000085c00000, 0x0000000085c00000|100%|HC|  |TAMS 0x0000000085b00000, 0x0000000085c00000| Complete 
|  62|0x0000000085c00000, 0x0000000085d00000, 0x0000000085d00000|100%|HS|  |TAMS 0x0000000085c00000, 0x0000000085d00000| Complete 
|  63|0x0000000085d00000, 0x0000000085e00000, 0x0000000085e00000|100%|HC|  |TAMS 0x0000000085d00000, 0x0000000085e00000| Complete 
|  64|0x0000000085e00000, 0x0000000085f00000, 0x0000000085f00000|100%| O|  |TAMS 0x0000000085ebc000, 0x0000000085f00000| Untracked 
|  65|0x0000000085f00000, 0x0000000085fdf600, 0x0000000086000000| 87%| O|  |TAMS 0x0000000085f00000, 0x0000000085fdf600| Untracked 
|  66|0x0000000086000000, 0x0000000086100000, 0x0000000086100000|100%| O|  |TAMS 0x0000000086100000, 0x0000000086100000| Untracked 
|  67|0x0000000086100000, 0x0000000086200000, 0x0000000086200000|100%|HS|  |TAMS 0x0000000086100000, 0x0000000086100000| Complete 
|  68|0x0000000086200000, 0x0000000086300000, 0x0000000086300000|100%|HC|  |TAMS 0x0000000086200000, 0x0000000086200000| Complete 
|  69|0x0000000086300000, 0x0000000086300000, 0x0000000086400000|  0%| F|  |TAMS 0x0000000086300000, 0x0000000086300000| Untracked 
|  70|0x0000000086400000, 0x0000000086400000, 0x0000000086500000|  0%| F|  |TAMS 0x0000000086400000, 0x0000000086400000| Untracked 
|  71|0x0000000086500000, 0x0000000086500000, 0x0000000086600000|  0%| F|  |TAMS 0x0000000086500000, 0x0000000086500000| Untracked 
|  72|0x0000000086600000, 0x0000000086600000, 0x0000000086700000|  0%| F|  |TAMS 0x0000000086600000, 0x0000000086600000| Untracked 
|  73|0x0000000086700000, 0x0000000086800000, 0x0000000086800000|100%|HS|  |TAMS 0x0000000086800000, 0x0000000086800000| Complete 
|  74|0x0000000086800000, 0x0000000086900000, 0x0000000086900000|100%|HC|  |TAMS 0x0000000086900000, 0x0000000086900000| Complete 
|  75|0x0000000086900000, 0x0000000086a00000, 0x0000000086a00000|100%|HC|  |TAMS 0x0000000086a00000, 0x0000000086a00000| Complete 
|  76|0x0000000086a00000, 0x0000000086b00000, 0x0000000086b00000|100%|HC|  |TAMS 0x0000000086b00000, 0x0000000086b00000| Complete 
|  77|0x0000000086b00000, 0x0000000086c00000, 0x0000000086c00000|100%|HC|  |TAMS 0x0000000086c00000, 0x0000000086c00000| Complete 
|  78|0x0000000086c00000, 0x0000000086c00000, 0x0000000086d00000|  0%| F|  |TAMS 0x0000000086c00000, 0x0000000086c00000| Untracked 
|  79|0x0000000086d00000, 0x0000000086d00000, 0x0000000086e00000|  0%| F|  |TAMS 0x0000000086d00000, 0x0000000086d00000| Untracked 
|  80|0x0000000086e00000, 0x0000000086e00000, 0x0000000086f00000|  0%| F|  |TAMS 0x0000000086e00000, 0x0000000086e00000| Untracked 
|  81|0x0000000086f00000, 0x0000000086f00000, 0x0000000087000000|  0%| F|  |TAMS 0x0000000086f00000, 0x0000000086f00000| Untracked 
|  82|0x0000000087000000, 0x0000000087000000, 0x0000000087100000|  0%| F|  |TAMS 0x0000000087000000, 0x0000000087000000| Untracked 
|  83|0x0000000087100000, 0x0000000087100000, 0x0000000087200000|  0%| F|  |TAMS 0x0000000087100000, 0x0000000087100000| Untracked 
|  84|0x0000000087200000, 0x0000000087200000, 0x0000000087300000|  0%| F|  |TAMS 0x0000000087200000, 0x0000000087200000| Untracked 
|  85|0x0000000087300000, 0x0000000087300000, 0x0000000087400000|  0%| F|  |TAMS 0x0000000087300000, 0x0000000087300000| Untracked 
|  86|0x0000000087400000, 0x0000000087400000, 0x0000000087500000|  0%| F|  |TAMS 0x0000000087400000, 0x0000000087400000| Untracked 
|  87|0x0000000087500000, 0x0000000087500000, 0x0000000087600000|  0%| F|  |TAMS 0x0000000087500000, 0x0000000087500000| Untracked 
|  88|0x0000000087600000, 0x0000000087600000, 0x0000000087700000|  0%| F|  |TAMS 0x0000000087600000, 0x0000000087600000| Untracked 
|  89|0x0000000087700000, 0x0000000087700000, 0x0000000087800000|  0%| F|  |TAMS 0x0000000087700000, 0x0000000087700000| Untracked 
|  90|0x0000000087800000, 0x0000000087800000, 0x0000000087900000|  0%| F|  |TAMS 0x0000000087800000, 0x0000000087800000| Untracked 
|  91|0x0000000087900000, 0x0000000087900000, 0x0000000087a00000|  0%| F|  |TAMS 0x0000000087900000, 0x0000000087900000| Untracked 
|  92|0x0000000087a00000, 0x0000000087a00000, 0x0000000087b00000|  0%| F|  |TAMS 0x0000000087a00000, 0x0000000087a00000| Untracked 
|  93|0x0000000087b00000, 0x0000000087b00000, 0x0000000087c00000|  0%| F|  |TAMS 0x0000000087b00000, 0x0000000087b00000| Untracked 
|  94|0x0000000087c00000, 0x0000000087c00000, 0x0000000087d00000|  0%| F|  |TAMS 0x0000000087c00000, 0x0000000087c00000| Untracked 
|  95|0x0000000087d00000, 0x0000000087d00000, 0x0000000087e00000|  0%| F|  |TAMS 0x0000000087d00000, 0x0000000087d00000| Untracked 
|  96|0x0000000087e00000, 0x0000000087e00000, 0x0000000087f00000|  0%| F|  |TAMS 0x0000000087e00000, 0x0000000087e00000| Untracked 
|  97|0x0000000087f00000, 0x0000000087f00000, 0x0000000088000000|  0%| F|  |TAMS 0x0000000087f00000, 0x0000000087f00000| Untracked 
|  98|0x0000000088000000, 0x0000000088000000, 0x0000000088100000|  0%| F|  |TAMS 0x0000000088000000, 0x0000000088000000| Untracked 
|  99|0x0000000088100000, 0x0000000088100000, 0x0000000088200000|  0%| F|  |TAMS 0x0000000088100000, 0x0000000088100000| Untracked 
| 100|0x0000000088200000, 0x0000000088200000, 0x0000000088300000|  0%| F|  |TAMS 0x0000000088200000, 0x0000000088200000| Untracked 
| 101|0x0000000088300000, 0x0000000088300000, 0x0000000088400000|  0%| F|  |TAMS 0x0000000088300000, 0x0000000088300000| Untracked 
| 102|0x0000000088400000, 0x0000000088400000, 0x0000000088500000|  0%| F|  |TAMS 0x0000000088400000, 0x0000000088400000| Untracked 
| 103|0x0000000088500000, 0x0000000088500000, 0x0000000088600000|  0%| F|  |TAMS 0x0000000088500000, 0x0000000088500000| Untracked 
| 104|0x0000000088600000, 0x0000000088600000, 0x0000000088700000|  0%| F|  |TAMS 0x0000000088600000, 0x0000000088600000| Untracked 
| 105|0x0000000088700000, 0x0000000088700000, 0x0000000088800000|  0%| F|  |TAMS 0x0000000088700000, 0x0000000088700000| Untracked 
| 106|0x0000000088800000, 0x0000000088800000, 0x0000000088900000|  0%| F|  |TAMS 0x0000000088800000, 0x0000000088800000| Untracked 
| 107|0x0000000088900000, 0x0000000088900000, 0x0000000088a00000|  0%| F|  |TAMS 0x0000000088900000, 0x0000000088900000| Untracked 
| 108|0x0000000088a00000, 0x0000000088a00000, 0x0000000088b00000|  0%| F|  |TAMS 0x0000000088a00000, 0x0000000088a00000| Untracked 
| 109|0x0000000088b00000, 0x0000000088b00000, 0x0000000088c00000|  0%| F|  |TAMS 0x0000000088b00000, 0x0000000088b00000| Untracked 
| 110|0x0000000088c00000, 0x0000000088c00000, 0x0000000088d00000|  0%| F|  |TAMS 0x0000000088c00000, 0x0000000088c00000| Untracked 
| 111|0x0000000088d00000, 0x0000000088d00000, 0x0000000088e00000|  0%| F|  |TAMS 0x0000000088d00000, 0x0000000088d00000| Untracked 
| 112|0x0000000088e00000, 0x0000000088e00000, 0x0000000088f00000|  0%| F|  |TAMS 0x0000000088e00000, 0x0000000088e00000| Untracked 
| 113|0x0000000088f00000, 0x0000000088f00000, 0x0000000089000000|  0%| F|  |TAMS 0x0000000088f00000, 0x0000000088f00000| Untracked 
| 114|0x0000000089000000, 0x0000000089000000, 0x0000000089100000|  0%| F|  |TAMS 0x0000000089000000, 0x0000000089000000| Untracked 
| 115|0x0000000089100000, 0x0000000089100000, 0x0000000089200000|  0%| F|  |TAMS 0x0000000089100000, 0x0000000089100000| Untracked 
| 116|0x0000000089200000, 0x0000000089200000, 0x0000000089300000|  0%| F|  |TAMS 0x0000000089200000, 0x0000000089200000| Untracked 
| 117|0x0000000089300000, 0x0000000089300000, 0x0000000089400000|  0%| F|  |TAMS 0x0000000089300000, 0x0000000089300000| Untracked 
| 118|0x0000000089400000, 0x0000000089400000, 0x0000000089500000|  0%| F|  |TAMS 0x0000000089400000, 0x0000000089400000| Untracked 
| 119|0x0000000089500000, 0x0000000089500000, 0x0000000089600000|  0%| F|  |TAMS 0x0000000089500000, 0x0000000089500000| Untracked 
| 120|0x0000000089600000, 0x0000000089600000, 0x0000000089700000|  0%| F|  |TAMS 0x0000000089600000, 0x0000000089600000| Untracked 
| 121|0x0000000089700000, 0x0000000089700000, 0x0000000089800000|  0%| F|  |TAMS 0x0000000089700000, 0x0000000089700000| Untracked 
| 122|0x0000000089800000, 0x0000000089800000, 0x0000000089900000|  0%| F|  |TAMS 0x0000000089800000, 0x0000000089800000| Untracked 
| 123|0x0000000089900000, 0x0000000089900000, 0x0000000089a00000|  0%| F|  |TAMS 0x0000000089900000, 0x0000000089900000| Untracked 
| 124|0x0000000089a00000, 0x0000000089a00000, 0x0000000089b00000|  0%| F|  |TAMS 0x0000000089a00000, 0x0000000089a00000| Untracked 
| 125|0x0000000089b00000, 0x0000000089b00000, 0x0000000089c00000|  0%| F|  |TAMS 0x0000000089b00000, 0x0000000089b00000| Untracked 
| 126|0x0000000089c00000, 0x0000000089c00000, 0x0000000089d00000|  0%| F|  |TAMS 0x0000000089c00000, 0x0000000089c00000| Untracked 
| 127|0x0000000089d00000, 0x0000000089d00000, 0x0000000089e00000|  0%| F|  |TAMS 0x0000000089d00000, 0x0000000089d00000| Untracked 
| 128|0x0000000089e00000, 0x0000000089e00000, 0x0000000089f00000|  0%| F|  |TAMS 0x0000000089e00000, 0x0000000089e00000| Untracked 
| 129|0x0000000089f00000, 0x0000000089f00000, 0x000000008a000000|  0%| F|  |TAMS 0x0000000089f00000, 0x0000000089f00000| Untracked 
| 130|0x000000008a000000, 0x000000008a000000, 0x000000008a100000|  0%| F|  |TAMS 0x000000008a000000, 0x000000008a000000| Untracked 
| 131|0x000000008a100000, 0x000000008a100000, 0x000000008a200000|  0%| F|  |TAMS 0x000000008a100000, 0x000000008a100000| Untracked 
| 132|0x000000008a200000, 0x000000008a200000, 0x000000008a300000|  0%| F|  |TAMS 0x000000008a200000, 0x000000008a200000| Untracked 
| 133|0x000000008a300000, 0x000000008a300000, 0x000000008a400000|  0%| F|  |TAMS 0x000000008a300000, 0x000000008a300000| Untracked 
| 134|0x000000008a400000, 0x000000008a400000, 0x000000008a500000|  0%| F|  |TAMS 0x000000008a400000, 0x000000008a400000| Untracked 
| 135|0x000000008a500000, 0x000000008a500000, 0x000000008a600000|  0%| F|  |TAMS 0x000000008a500000, 0x000000008a500000| Untracked 
| 136|0x000000008a600000, 0x000000008a600000, 0x000000008a700000|  0%| F|  |TAMS 0x000000008a600000, 0x000000008a600000| Untracked 
| 137|0x000000008a700000, 0x000000008a700000, 0x000000008a800000|  0%| F|  |TAMS 0x000000008a700000, 0x000000008a700000| Untracked 
| 138|0x000000008a800000, 0x000000008a800000, 0x000000008a900000|  0%| F|  |TAMS 0x000000008a800000, 0x000000008a800000| Untracked 
| 139|0x000000008a900000, 0x000000008a900000, 0x000000008aa00000|  0%| F|  |TAMS 0x000000008a900000, 0x000000008a900000| Untracked 
| 140|0x000000008aa00000, 0x000000008aa00000, 0x000000008ab00000|  0%| F|  |TAMS 0x000000008aa00000, 0x000000008aa00000| Untracked 
| 141|0x000000008ab00000, 0x000000008ab00000, 0x000000008ac00000|  0%| F|  |TAMS 0x000000008ab00000, 0x000000008ab00000| Untracked 
| 142|0x000000008ac00000, 0x000000008ac00000, 0x000000008ad00000|  0%| F|  |TAMS 0x000000008ac00000, 0x000000008ac00000| Untracked 
| 143|0x000000008ad00000, 0x000000008ad00000, 0x000000008ae00000|  0%| F|  |TAMS 0x000000008ad00000, 0x000000008ad00000| Untracked 
| 144|0x000000008ae00000, 0x000000008ae00000, 0x000000008af00000|  0%| F|  |TAMS 0x000000008ae00000, 0x000000008ae00000| Untracked 
| 145|0x000000008af00000, 0x000000008af00000, 0x000000008b000000|  0%| F|  |TAMS 0x000000008af00000, 0x000000008af00000| Untracked 
| 146|0x000000008b000000, 0x000000008b000000, 0x000000008b100000|  0%| F|  |TAMS 0x000000008b000000, 0x000000008b000000| Untracked 
| 147|0x000000008b100000, 0x000000008b100000, 0x000000008b200000|  0%| F|  |TAMS 0x000000008b100000, 0x000000008b100000| Untracked 
| 148|0x000000008b200000, 0x000000008b200000, 0x000000008b300000|  0%| F|  |TAMS 0x000000008b200000, 0x000000008b200000| Untracked 
| 149|0x000000008b300000, 0x000000008b300000, 0x000000008b400000|  0%| F|  |TAMS 0x000000008b300000, 0x000000008b300000| Untracked 
| 150|0x000000008b400000, 0x000000008b400000, 0x000000008b500000|  0%| F|  |TAMS 0x000000008b400000, 0x000000008b400000| Untracked 
| 151|0x000000008b500000, 0x000000008b500000, 0x000000008b600000|  0%| F|  |TAMS 0x000000008b500000, 0x000000008b500000| Untracked 
| 152|0x000000008b600000, 0x000000008b600000, 0x000000008b700000|  0%| F|  |TAMS 0x000000008b600000, 0x000000008b600000| Untracked 
| 153|0x000000008b700000, 0x000000008b700000, 0x000000008b800000|  0%| F|  |TAMS 0x000000008b700000, 0x000000008b700000| Untracked 
| 154|0x000000008b800000, 0x000000008b800000, 0x000000008b900000|  0%| F|  |TAMS 0x000000008b800000, 0x000000008b800000| Untracked 
| 155|0x000000008b900000, 0x000000008b900000, 0x000000008ba00000|  0%| F|  |TAMS 0x000000008b900000, 0x000000008b900000| Untracked 
| 156|0x000000008ba00000, 0x000000008ba00000, 0x000000008bb00000|  0%| F|  |TAMS 0x000000008ba00000, 0x000000008ba00000| Untracked 
| 157|0x000000008bb00000, 0x000000008bb00000, 0x000000008bc00000|  0%| F|  |TAMS 0x000000008bb00000, 0x000000008bb00000| Untracked 
| 158|0x000000008bc00000, 0x000000008bc00000, 0x000000008bd00000|  0%| F|  |TAMS 0x000000008bc00000, 0x000000008bc00000| Untracked 
| 159|0x000000008bd00000, 0x000000008bd00000, 0x000000008be00000|  0%| F|  |TAMS 0x000000008bd00000, 0x000000008bd00000| Untracked 
| 160|0x000000008be00000, 0x000000008be00000, 0x000000008bf00000|  0%| F|  |TAMS 0x000000008be00000, 0x000000008be00000| Untracked 
| 161|0x000000008bf00000, 0x000000008bf00000, 0x000000008c000000|  0%| F|  |TAMS 0x000000008bf00000, 0x000000008bf00000| Untracked 
| 162|0x000000008c000000, 0x000000008c000000, 0x000000008c100000|  0%| F|  |TAMS 0x000000008c000000, 0x000000008c000000| Untracked 
| 163|0x000000008c100000, 0x000000008c100800, 0x000000008c200000|  0%| E|  |TAMS 0x000000008c100000, 0x000000008c100000| Complete 
| 170|0x000000008c800000, 0x000000008c803870, 0x000000008c900000|  1%| S|CS|TAMS 0x000000008c800000, 0x000000008c800000| Complete 
| 171|0x000000008c900000, 0x000000008ca00000, 0x000000008ca00000|100%| E|CS|TAMS 0x000000008c900000, 0x000000008c900000| Complete 
| 172|0x000000008ca00000, 0x000000008cb00000, 0x000000008cb00000|100%| E|CS|TAMS 0x000000008ca00000, 0x000000008ca00000| Complete 

Card table byte_map: [0x0000022598700000,0x0000022598b00000] _byte_map_base: 0x00000225982f1000

Marking Bits (Prev, Next): (CMBitMap*) 0x0000022583e98dd0, (CMBitMap*) 0x0000022583e98d90
 Prev Bits: [0x000002259ae90000, 0x000002259ce18000)
 Next Bits: [0x0000022598f00000, 0x000002259ae88000)

Polling page: 0x0000022583ef0000

Metaspace:

Usage:
  Non-class:     33.19 MB used.
      Class:      4.40 MB used.
       Both:     37.59 MB used.

Virtual space:
  Non-class space:       64.00 MB reserved,      33.31 MB ( 52%) committed,  1 nodes.
      Class space:        1.00 GB reserved,       4.56 MB ( <1%) committed,  1 nodes.
             Both:        1.06 GB reserved,      37.88 MB (  3%) committed. 

Chunk freelists:
   Non-Class:  14.30 MB
       Class:  11.41 MB
        Both:  25.71 MB

MaxMetaspaceSize: unlimited
CompressedClassSpaceSize: 1.00 GB
Initial GC threshold: 21.00 MB
Current GC threshold: 61.88 MB
CDS: off
MetaspaceReclaimPolicy: balanced
 - commit_granule_bytes: 65536.
 - commit_granule_words: 8192.
 - virtual_space_node_default_size: 8388608.
 - enlarge_chunks_in_place: 1.
 - new_chunks_are_fully_committed: 0.
 - uncommit_free_chunks: 1.
 - use_allocation_guard: 0.
 - handle_deallocations: 1.


Internal statistics:

num_allocs_failed_limit: 6.
num_arena_births: 252.
num_arena_deaths: 0.
num_vsnodes_births: 2.
num_vsnodes_deaths: 0.
num_space_committed: 606.
num_space_uncommitted: 0.
num_chunks_returned_to_freelist: 6.
num_chunks_taken_from_freelist: 1154.
num_chunk_merges: 6.
num_chunk_splits: 824.
num_chunks_enlarged: 652.
num_inconsistent_stats: 0.

CodeHeap 'non-profiled nmethods': size=120000Kb used=3874Kb max_used=3874Kb free=116126Kb
 bounds [0x00000225907b0000, 0x0000022590b80000, 0x0000022597ce0000]
CodeHeap 'profiled nmethods': size=120000Kb used=12113Kb max_used=12113Kb free=107886Kb
 bounds [0x0000022588ce0000, 0x00000225898c0000, 0x0000022590210000]
CodeHeap 'non-nmethods': size=5760Kb used=1604Kb max_used=1668Kb free=4155Kb
 bounds [0x0000022590210000, 0x0000022590480000, 0x00000225907b0000]
 total_blobs=6762 nmethods=5744 adapters=929
 compilation: enabled
              stopped_count=0, restarted_count=0
 full_count=0

Compilation events (20 events):
Event: 113.671 Thread 0x000002259f4f1690 6557       4       javafx.scene.CssStyleHelper::getTransitionStates (144 bytes)
Event: 113.699 Thread 0x000002259f4f1690 nmethod 6557 0x0000022590b75310 code [0x0000022590b75520, 0x0000022590b76248]
Event: 113.797 Thread 0x000002259f4f1690 6558       4       javafx.scene.input.MouseEvent::<init> (208 bytes)
Event: 113.816 Thread 0x000002259f4f1690 nmethod 6558 0x0000022590b76a10 code [0x0000022590b76be0, 0x0000022590b77a08]
Event: 113.850 Thread 0x000002259f4f1690 6559       4       javafx.scene.input.MouseEvent::<init> (45 bytes)
Event: 113.851 Thread 0x000002259f4f1690 nmethod 6559 0x0000022590b77d90 code [0x0000022590b77f20, 0x0000022590b780c8]
Event: 116.077 Thread 0x000002259f4f1690 6560       4       java.lang.invoke.MethodType::equals (56 bytes)
Event: 116.078 Thread 0x000002259f4f4b70 6561       3       java.lang.invoke.MethodType$ConcurrentWeakInternSet::add (66 bytes)
Event: 116.080 Thread 0x000002259f4f4b70 nmethod 6561 0x00000225898b2b10 code [0x00000225898b2d80, 0x00000225898b3b28]
Event: 116.087 Thread 0x000002259f4f1690 nmethod 6560 0x0000022590b78190 code [0x0000022590b78320, 0x0000022590b785b8]
Event: 116.091 Thread 0x000002259f4f4b70 6562       3       java.lang.invoke.MethodHandle::bindTo (19 bytes)
Event: 116.092 Thread 0x000002259f4f4b70 nmethod 6562 0x00000225898b3f90 code [0x00000225898b41a0, 0x00000225898b47d8]
Event: 116.092 Thread 0x000002259f4f4b70 6563       3       java.lang.invoke.MethodType::leadingReferenceParameter (30 bytes)
Event: 116.093 Thread 0x000002259f4f4b70 nmethod 6563 0x00000225898b4a10 code [0x00000225898b4bc0, 0x00000225898b4ec8]
Event: 116.093 Thread 0x000002259f4f4b70 6564       3       java.lang.invoke.MethodHandle::bindArgumentL (10 bytes)
Event: 116.094 Thread 0x000002259f4f4b70 nmethod 6564 0x00000225898b5010 code [0x00000225898b5200, 0x00000225898b5868]
Event: 116.094 Thread 0x000002259f4f4b70 6565       3       java.lang.invoke.DelegatingMethodHandle::rebind (8 bytes)
Event: 116.095 Thread 0x000002259f4f4b70 nmethod 6565 0x00000225898b5b10 code [0x00000225898b5cc0, 0x00000225898b5f38]
Event: 116.095 Thread 0x000002259f4f4b70 6566       3       java.lang.invoke.SimpleMethodHandle::speciesData (4 bytes)
Event: 116.095 Thread 0x000002259f4f4b70 nmethod 6566 0x00000225898b6010 code [0x00000225898b61a0, 0x00000225898b62b8]

GC Heap History (20 events):
Event: 111.264 GC heap before
{Heap before GC invocations=189 (full 0):
 garbage-first heap   total 171008K, used 76353K [0x0000000081e00000, 0x0000000100000000)
  region size 1024K, 3 young (3072K), 1 survivors (1024K)
 Metaspace       used 38460K, committed 38720K, reserved 1114112K
  class space    used 4501K, committed 4672K, reserved 1048576K
}
Event: 111.266 GC heap after
{Heap after GC invocations=190 (full 0):
 garbage-first heap   total 171008K, used 54851K [0x0000000081e00000, 0x0000000100000000)
  region size 1024K, 1 young (1024K), 1 survivors (1024K)
 Metaspace       used 38460K, committed 38720K, reserved 1114112K
  class space    used 4501K, committed 4672K, reserved 1048576K
}
Event: 111.760 GC heap before
{Heap before GC invocations=190 (full 0):
 garbage-first heap   total 171008K, used 76355K [0x0000000081e00000, 0x0000000100000000)
  region size 1024K, 3 young (3072K), 1 survivors (1024K)
 Metaspace       used 38460K, committed 38720K, reserved 1114112K
  class space    used 4501K, committed 4672K, reserved 1048576K
}
Event: 111.761 GC heap after
{Heap after GC invocations=191 (full 0):
 garbage-first heap   total 171008K, used 54851K [0x0000000081e00000, 0x0000000100000000)
  region size 1024K, 1 young (1024K), 1 survivors (1024K)
 Metaspace       used 38460K, committed 38720K, reserved 1114112K
  class space    used 4501K, committed 4672K, reserved 1048576K
}
Event: 112.256 GC heap before
{Heap before GC invocations=191 (full 0):
 garbage-first heap   total 171008K, used 76355K [0x0000000081e00000, 0x0000000100000000)
  region size 1024K, 3 young (3072K), 1 survivors (1024K)
 Metaspace       used 38460K, committed 38720K, reserved 1114112K
  class space    used 4501K, committed 4672K, reserved 1048576K
}
Event: 112.258 GC heap after
{Heap after GC invocations=192 (full 0):
 garbage-first heap   total 171008K, used 56897K [0x0000000081e00000, 0x0000000100000000)
  region size 1024K, 1 young (1024K), 1 survivors (1024K)
 Metaspace       used 38460K, committed 38720K, reserved 1114112K
  class space    used 4501K, committed 4672K, reserved 1048576K
}
Event: 112.658 GC heap before
{Heap before GC invocations=192 (full 0):
 garbage-first heap   total 171008K, used 76353K [0x0000000081e00000, 0x0000000100000000)
  region size 1024K, 3 young (3072K), 1 survivors (1024K)
 Metaspace       used 38460K, committed 38720K, reserved 1114112K
  class space    used 4501K, committed 4672K, reserved 1048576K
}
Event: 112.659 GC heap after
{Heap after GC invocations=193 (full 0):
 garbage-first heap   total 171008K, used 54849K [0x0000000081e00000, 0x0000000100000000)
  region size 1024K, 1 young (1024K), 1 survivors (1024K)
 Metaspace       used 38460K, committed 38720K, reserved 1114112K
  class space    used 4501K, committed 4672K, reserved 1048576K
}
Event: 113.182 GC heap before
{Heap before GC invocations=193 (full 0):
 garbage-first heap   total 171008K, used 76353K [0x0000000081e00000, 0x0000000100000000)
  region size 1024K, 3 young (3072K), 1 survivors (1024K)
 Metaspace       used 38460K, committed 38720K, reserved 1114112K
  class space    used 4501K, committed 4672K, reserved 1048576K
}
Event: 113.183 GC heap after
{Heap after GC invocations=194 (full 0):
 garbage-first heap   total 171008K, used 56895K [0x0000000081e00000, 0x0000000100000000)
  region size 1024K, 1 young (1024K), 1 survivors (1024K)
 Metaspace       used 38460K, committed 38720K, reserved 1114112K
  class space    used 4501K, committed 4672K, reserved 1048576K
}
Event: 113.664 GC heap before
{Heap before GC invocations=194 (full 0):
 garbage-first heap   total 171008K, used 76351K [0x0000000081e00000, 0x0000000100000000)
  region size 1024K, 3 young (3072K), 1 survivors (1024K)
 Metaspace       used 38460K, committed 38720K, reserved 1114112K
  class space    used 4501K, committed 4672K, reserved 1048576K
}
Event: 113.665 GC heap after
{Heap after GC invocations=195 (full 0):
 garbage-first heap   total 171008K, used 54853K [0x0000000081e00000, 0x0000000100000000)
  region size 1024K, 1 young (1024K), 1 survivors (1024K)
 Metaspace       used 38460K, committed 38720K, reserved 1114112K
  class space    used 4501K, committed 4672K, reserved 1048576K
}
Event: 114.158 GC heap before
{Heap before GC invocations=195 (full 0):
 garbage-first heap   total 171008K, used 76357K [0x0000000081e00000, 0x0000000100000000)
  region size 1024K, 3 young (3072K), 1 survivors (1024K)
 Metaspace       used 38460K, committed 38720K, reserved 1114112K
  class space    used 4501K, committed 4672K, reserved 1048576K
}
Event: 114.160 GC heap after
{Heap after GC invocations=196 (full 0):
 garbage-first heap   total 171008K, used 54851K [0x0000000081e00000, 0x0000000100000000)
  region size 1024K, 1 young (1024K), 1 survivors (1024K)
 Metaspace       used 38460K, committed 38720K, reserved 1114112K
  class space    used 4501K, committed 4672K, reserved 1048576K
}
Event: 114.656 GC heap before
{Heap before GC invocations=196 (full 0):
 garbage-first heap   total 171008K, used 76355K [0x0000000081e00000, 0x0000000100000000)
  region size 1024K, 3 young (3072K), 1 survivors (1024K)
 Metaspace       used 38460K, committed 38720K, reserved 1114112K
  class space    used 4501K, committed 4672K, reserved 1048576K
}
Event: 114.657 GC heap after
{Heap after GC invocations=197 (full 0):
 garbage-first heap   total 171008K, used 54855K [0x0000000081e00000, 0x0000000100000000)
  region size 1024K, 1 young (1024K), 1 survivors (1024K)
 Metaspace       used 38460K, committed 38720K, reserved 1114112K
  class space    used 4501K, committed 4672K, reserved 1048576K
}
Event: 115.166 GC heap before
{Heap before GC invocations=197 (full 0):
 garbage-first heap   total 171008K, used 76359K [0x0000000081e00000, 0x0000000100000000)
  region size 1024K, 3 young (3072K), 1 survivors (1024K)
 Metaspace       used 38460K, committed 38720K, reserved 1114112K
  class space    used 4501K, committed 4672K, reserved 1048576K
}
Event: 115.167 GC heap after
{Heap after GC invocations=198 (full 0):
 garbage-first heap   total 171008K, used 54853K [0x0000000081e00000, 0x0000000100000000)
  region size 1024K, 1 young (1024K), 1 survivors (1024K)
 Metaspace       used 38460K, committed 38720K, reserved 1114112K
  class space    used 4501K, committed 4672K, reserved 1048576K
}
Event: 115.663 GC heap before
{Heap before GC invocations=198 (full 0):
 garbage-first heap   total 171008K, used 76357K [0x0000000081e00000, 0x0000000100000000)
  region size 1024K, 3 young (3072K), 1 survivors (1024K)
 Metaspace       used 38460K, committed 38720K, reserved 1114112K
  class space    used 4501K, committed 4672K, reserved 1048576K
}
Event: 115.664 GC heap after
{Heap after GC invocations=199 (full 0):
 garbage-first heap   total 171008K, used 54853K [0x0000000081e00000, 0x0000000100000000)
  region size 1024K, 1 young (1024K), 1 survivors (1024K)
 Metaspace       used 38460K, committed 38720K, reserved 1114112K
  class space    used 4501K, committed 4672K, reserved 1048576K
}

Dll operation events (20 events):
Event: 6.808 Loaded shared library C:\Users\Jay\.javacpp\cache\opencv-3.2.0-1.3-windows-x86_64.jar\org\bytedeco\javacpp\windows-x86_64\jniopencv_core.dll
Event: 7.164 Loaded shared library C:\Users\Jay\.javacpp\cache\opencv-3.2.0-1.3-windows-x86_64.jar\org\bytedeco\javacpp\windows-x86_64\jniopencv_imgproc.dll
Event: 7.216 Loaded shared library C:\Users\Jay\.javacpp\cache\opencv-3.2.0-1.3-windows-x86_64.jar\org\bytedeco\javacpp\windows-x86_64\opencv_imgcodecs320.dll
Event: 7.224 Loaded shared library C:\Users\Jay\.javacpp\cache\opencv-3.2.0-1.3-windows-x86_64.jar\org\bytedeco\javacpp\windows-x86_64\jniopencv_imgcodecs.dll
Event: 7.374 Loaded shared library C:\Users\Jay\.javacpp\cache\opencv-3.2.0-1.3-windows-x86_64.jar\org\bytedeco\javacpp\windows-x86_64\opencv_videoio320.dll
Event: 7.384 Loaded shared library C:\Users\Jay\.javacpp\cache\opencv-3.2.0-1.3-windows-x86_64.jar\org\bytedeco\javacpp\windows-x86_64\jniopencv_videoio.dll
Event: 7.452 Loaded shared library C:\Users\Jay\.javacpp\cache\opencv-3.2.0-1.3-windows-x86_64.jar\org\bytedeco\javacpp\windows-x86_64\opencv_highgui320.dll
Event: 7.461 Loaded shared library C:\Users\Jay\.javacpp\cache\opencv-3.2.0-1.3-windows-x86_64.jar\org\bytedeco\javacpp\windows-x86_64\jniopencv_highgui.dll
Event: 7.502 Loaded shared library C:\Users\Jay\.javacpp\cache\opencv-3.2.0-1.3-windows-x86_64.jar\org\bytedeco\javacpp\windows-x86_64\opencv_ml320.dll
Event: 7.511 Loaded shared library C:\Users\Jay\.javacpp\cache\opencv-3.2.0-1.3-windows-x86_64.jar\org\bytedeco\javacpp\windows-x86_64\jniopencv_ml.dll
Event: 7.604 Loaded shared library C:\Users\Jay\.javacpp\cache\opencv-3.2.0-1.3-windows-x86_64.jar\org\bytedeco\javacpp\windows-x86_64\opencv_objdetect320.dll
Event: 7.614 Loaded shared library C:\Users\Jay\.javacpp\cache\opencv-3.2.0-1.3-windows-x86_64.jar\org\bytedeco\javacpp\windows-x86_64\jniopencv_objdetect.dll
Event: 7.704 Loaded shared library C:\Users\Jay\.javacpp\cache\opencv-3.2.0-1.3-windows-x86_64.jar\org\bytedeco\javacpp\windows-x86_64\opencv_face320.dll
Event: 7.714 Loaded shared library C:\Users\Jay\.javacpp\cache\opencv-3.2.0-1.3-windows-x86_64.jar\org\bytedeco\javacpp\windows-x86_64\jniopencv_face.dll
Event: 9.304 Loaded shared library C:\Windows\System32\ole32.dll
Event: 9.310 Loaded shared library C:\Windows\System32\oleaut32.dll
Event: 9.335 Loaded shared library C:\Users\Jay\.javacpp\cache\videoinput-0.200-1.3-windows-x86_64.jar\org\bytedeco\javacpp\windows-x86_64\jnivideoInputLib.dll
Event: 11.350 Loaded shared library C:\Users\Jay\.p2\pool\plugins\org.eclipse.justj.openjdk.hotspot.jre.full.win32.x86_64_17.0.8.v20230801-1951\jre\bin\awt.dll
Event: 21.989 Loaded shared library C:\Users\Jay\.p2\pool\plugins\org.eclipse.justj.openjdk.hotspot.jre.full.win32.x86_64_17.0.8.v20230801-1951\jre\bin\javajpeg.dll
Event: 22.000 Loaded shared library C:\Users\Jay\.p2\pool\plugins\org.eclipse.justj.openjdk.hotspot.jre.full.win32.x86_64_17.0.8.v20230801-1951\jre\bin\lcms.dll

Deoptimization events (20 events):
Event: 81.864 Thread 0x00000225a42b7750 Uncommon trap: trap_request=0xffffff76 fr.pc=0x00000225907e2c68 relative=0x0000000000000648
Event: 81.864 Thread 0x00000225a42b7750 Uncommon trap: reason=predicate action=maybe_recompile pc=0x00000225907e2c68 method=java.util.LinkedList.remove(Ljava/lang/Object;)Z @ 45 c2
Event: 81.864 Thread 0x00000225a42b7750 DEOPT PACKING pc=0x00000225907e2c68 sp=0x000000f0fa4fe4a0
Event: 81.864 Thread 0x00000225a42b7750 DEOPT UNPACKING pc=0x00000225902669a3 sp=0x000000f0fa4fe458 mode 2
Event: 105.467 Thread 0x0000022583e3ffa0 Uncommon trap: trap_request=0xffffff45 fr.pc=0x00000225907cd6d8 relative=0x0000000000000138
Event: 105.467 Thread 0x0000022583e3ffa0 Uncommon trap: reason=unstable_if action=reinterpret pc=0x00000225907cd6d8 method=com.sun.prism.impl.ManagedResource.bumpAge(I)V @ 7 c2
Event: 105.467 Thread 0x0000022583e3ffa0 DEOPT PACKING pc=0x00000225907cd6d8 sp=0x000000f0fa2fea80
Event: 105.467 Thread 0x0000022583e3ffa0 DEOPT UNPACKING pc=0x00000225902669a3 sp=0x000000f0fa2fe9b8 mode 2
Event: 105.581 Thread 0x0000022583e3ffa0 Uncommon trap: trap_request=0xffffff45 fr.pc=0x00000225909abee8 relative=0x0000000000000068
Event: 105.581 Thread 0x0000022583e3ffa0 Uncommon trap: reason=unstable_if action=reinterpret pc=0x00000225909abee8 method=com.sun.prism.impl.ManagedResource.bumpAge(I)V @ 7 c2
Event: 105.581 Thread 0x0000022583e3ffa0 DEOPT PACKING pc=0x00000225909abee8 sp=0x000000f0fa2fea10
Event: 105.581 Thread 0x0000022583e3ffa0 DEOPT UNPACKING pc=0x00000225902669a3 sp=0x000000f0fa2fe9a0 mode 2
Event: 105.771 Thread 0x0000022583e3ffa0 Uncommon trap: trap_request=0xffffff45 fr.pc=0x0000022590950e54 relative=0x0000000000000194
Event: 105.771 Thread 0x0000022583e3ffa0 Uncommon trap: reason=unstable_if action=reinterpret pc=0x0000022590950e54 method=com.sun.prism.impl.ManagedResource.bumpAge(I)V @ 7 c2
Event: 105.771 Thread 0x0000022583e3ffa0 DEOPT PACKING pc=0x0000022590950e54 sp=0x000000f0fa2fea80
Event: 105.772 Thread 0x0000022583e3ffa0 DEOPT UNPACKING pc=0x00000225902669a3 sp=0x000000f0fa2fe9b8 mode 2
Event: 116.075 Thread 0x00000225a42b7750 Uncommon trap: trap_request=0xffffff76 fr.pc=0x00000225909c8c88 relative=0x0000000000000448
Event: 116.075 Thread 0x00000225a42b7750 Uncommon trap: reason=predicate action=maybe_recompile pc=0x00000225909c8c88 method=java.util.ArrayList.remove(Ljava/lang/Object;)Z @ 42 c2
Event: 116.075 Thread 0x00000225a42b7750 DEOPT PACKING pc=0x00000225909c8c88 sp=0x000000f0fa4fcf10
Event: 116.075 Thread 0x00000225a42b7750 DEOPT UNPACKING pc=0x00000225902669a3 sp=0x000000f0fa4fcee0 mode 2

Classes unloaded (0 events):
No events

Classes redefined (0 events):
No events

Internal exceptions (20 events):
Event: 25.772 Thread 0x0000022583e3ffa0 Implicit null exception at 0x0000022590a763a0 to 0x0000022590a780c8
Event: 27.482 Thread 0x0000022583e3ffa0 Implicit null exception at 0x00000225909ca750 to 0x00000225909ca7bc
Event: 27.664 Thread 0x00000225a42b7750 Implicit null exception at 0x0000022590a6ab41 to 0x0000022590a6abfc
Event: 27.671 Thread 0x00000225a42b7750 Implicit null exception at 0x0000022590a9450d to 0x0000022590a977ec
Event: 32.350 Thread 0x00000225a42b7750 Exception <a 'sun/nio/fs/WindowsException'{0x000000008caf6a90}> (0x000000008caf6a90) 
thrown [s\src\hotspot\share\prims\jni.cpp, line 516]
Event: 32.351 Thread 0x00000225aa587d20 Exception <a 'sun/nio/fs/WindowsException'{0x000000008c000288}> (0x000000008c000288) 
thrown [s\src\hotspot\share\prims\jni.cpp, line 516]
Event: 32.351 Thread 0x00000225a42b7750 Exception <a 'sun/nio/fs/WindowsException'{0x000000008caf7520}> (0x000000008caf7520) 
thrown [s\src\hotspot\share\prims\jni.cpp, line 516]
Event: 32.353 Thread 0x00000225aa587d20 Exception <a 'sun/nio/fs/WindowsException'{0x000000008c065038}> (0x000000008c065038) 
thrown [s\src\hotspot\share\prims\jni.cpp, line 516]
Event: 32.353 Thread 0x00000225a42b7750 Exception <a 'sun/nio/fs/WindowsException'{0x000000008caf7e80}> (0x000000008caf7e80) 
thrown [s\src\hotspot\share\prims\jni.cpp, line 516]
Event: 32.354 Thread 0x00000225aa587d20 Exception <a 'sun/nio/fs/WindowsException'{0x000000008c0655e8}> (0x000000008c0655e8) 
thrown [s\src\hotspot\share\prims\jni.cpp, line 516]
Event: 32.354 Thread 0x00000225a42b7750 Exception <a 'sun/nio/fs/WindowsException'{0x000000008caf87e0}> (0x000000008caf87e0) 
thrown [s\src\hotspot\share\prims\jni.cpp, line 516]
Event: 32.401 Thread 0x00000225aa587d20 Exception <a 'sun/nio/fs/WindowsException'{0x000000008c065b98}> (0x000000008c065b98) 
thrown [s\src\hotspot\share\prims\jni.cpp, line 516]
Event: 32.401 Thread 0x00000225a42b7750 Exception <a 'sun/nio/fs/WindowsException'{0x000000008caf9140}> (0x000000008caf9140) 
thrown [s\src\hotspot\share\prims\jni.cpp, line 516]
Event: 32.403 Thread 0x00000225aa587d20 Exception <a 'sun/nio/fs/WindowsException'{0x000000008c066148}> (0x000000008c066148) 
thrown [s\src\hotspot\share\prims\jni.cpp, line 516]
Event: 37.402 Thread 0x00000225a42b7750 Exception <a 'java/lang/NoSuchMethodError'{0x000000008c971628}: 'java.lang.Object java.lang.invoke.DirectMethodHandle$Holder.newInvokeSpecial(java.lang.Object, java.lang.Object, java.lang.Object, double, double, double, double, int, int, int, int, int, int, int, int, int)'> (0x000000008c971628) 
thrown [s\src\hotspot\share\interpreter\linkResolver.cpp, line 759]
Event: 41.130 Thread 0x0000022583e3ffa0 Implicit null exception at 0x00000225909d44d4 to 0x00000225909d4548
Event: 61.954 Thread 0x00000225a42b7750 Exception <a 'java/lang/ClassNotFoundException'{0x000000008cae4988}: sun/util/logging/resources/spi/loggingProvider> (0x000000008cae4988) 
thrown [s\src\hotspot\share\classfile\systemDictionary.cpp, line 256]
Event: 61.967 Thread 0x0000022583e3ffa0 Implicit null exception at 0x0000022590b14a0c to 0x0000022590b16060
Event: 64.958 Thread 0x00000225a42b7750 Exception <a 'sun/nio/fs/WindowsException'{0x000000008cac74f0}> (0x000000008cac74f0) 
thrown [s\src\hotspot\share\prims\jni.cpp, line 516]
Event: 85.850 Thread 0x00000225a42b7750 Exception <a 'sun/nio/fs/WindowsException'{0x000000008cacb200}> (0x000000008cacb200) 
thrown [s\src\hotspot\share\prims\jni.cpp, line 516]

VM Operations (20 events):
Event: 111.264 Executing VM operation: G1TryInitiateConcMark
Event: 111.266 Executing VM operation: G1TryInitiateConcMark done
Event: 111.760 Executing VM operation: G1TryInitiateConcMark
Event: 111.761 Executing VM operation: G1TryInitiateConcMark done
Event: 112.256 Executing VM operation: G1TryInitiateConcMark
Event: 112.258 Executing VM operation: G1TryInitiateConcMark done
Event: 112.657 Executing VM operation: G1TryInitiateConcMark
Event: 112.659 Executing VM operation: G1TryInitiateConcMark done
Event: 113.182 Executing VM operation: G1TryInitiateConcMark
Event: 113.183 Executing VM operation: G1TryInitiateConcMark done
Event: 113.663 Executing VM operation: G1TryInitiateConcMark
Event: 113.665 Executing VM operation: G1TryInitiateConcMark done
Event: 114.158 Executing VM operation: G1TryInitiateConcMark
Event: 114.160 Executing VM operation: G1TryInitiateConcMark done
Event: 114.656 Executing VM operation: G1TryInitiateConcMark
Event: 114.657 Executing VM operation: G1TryInitiateConcMark done
Event: 115.166 Executing VM operation: G1TryInitiateConcMark
Event: 115.167 Executing VM operation: G1TryInitiateConcMark done
Event: 115.663 Executing VM operation: G1TryInitiateConcMark
Event: 115.664 Executing VM operation: G1TryInitiateConcMark done

Events (20 events):
Event: 62.251 Thread 0x00000225aa588740 Thread exited: 0x00000225aa588740
Event: 62.279 Thread 0x00000225aa588740 Thread added: 0x00000225aa588740
Event: 62.279 Thread 0x00000225aa588740 Thread exited: 0x00000225aa588740
Event: 62.382 Thread 0x00000225aa58afc0 Thread added: 0x00000225aa58afc0
Event: 62.390 Thread 0x00000225aa58afc0 Thread exited: 0x00000225aa58afc0
Event: 62.465 Thread 0x00000225aa589b80 Thread added: 0x00000225aa589b80
Event: 62.465 Thread 0x00000225aa589b80 Thread exited: 0x00000225aa589b80
Event: 62.495 Thread 0x00000225aa588740 Thread added: 0x00000225aa588740
Event: 62.495 Thread 0x00000225aa588740 Thread exited: 0x00000225aa588740
Event: 62.826 Thread 0x00000225aa588740 Thread added: 0x00000225aa588740
Event: 62.826 Thread 0x00000225aa588740 Thread exited: 0x00000225aa588740
Event: 62.894 Thread 0x00000225aa588740 Thread added: 0x00000225aa588740
Event: 62.894 Thread 0x00000225aa588740 Thread exited: 0x00000225aa588740
Event: 62.933 Thread 0x00000225aa588740 Thread added: 0x00000225aa588740
Event: 62.934 Thread 0x00000225aa588740 Thread exited: 0x00000225aa588740
Event: 63.490 Thread 0x00000225aa58b4d0 Thread exited: 0x00000225aa58b4d0
Event: 64.958 loading class java/lang/Throwable$WrappedPrintStream
Event: 64.958 loading class java/lang/Throwable$PrintStreamOrWriter
Event: 64.958 loading class java/lang/Throwable$PrintStreamOrWriter done
Event: 64.958 loading class java/lang/Throwable$WrappedPrintStream done


Dynamic libraries:
0x00007ff642c60000 - 0x00007ff642c6e000 	C:\Users\Jay\.p2\pool\plugins\org.eclipse.justj.openjdk.hotspot.jre.full.win32.x86_64_17.0.8.v20230801-1951\jre\bin\javaw.exe
0x00007ff822e30000 - 0x00007ff823028000 	C:\WINDOWS\SYSTEM32\ntdll.dll
0x00007ff8229e0000 - 0x00007ff822a9d000 	C:\WINDOWS\System32\KERNEL32.DLL
0x00007ff820a30000 - 0x00007ff820cfe000 	C:\WINDOWS\System32\KERNELBASE.dll
0x00007ff820930000 - 0x00007ff820a30000 	C:\WINDOWS\System32\ucrtbase.dll
0x00007ff819b60000 - 0x00007ff819b77000 	C:\Users\Jay\.p2\pool\plugins\org.eclipse.justj.openjdk.hotspot.jre.full.win32.x86_64_17.0.8.v20230801-1951\jre\bin\jli.dll
0x00007ff8217a0000 - 0x00007ff821940000 	C:\WINDOWS\System32\USER32.dll
0x00007ff820f50000 - 0x00007ff820f72000 	C:\WINDOWS\System32\win32u.dll
0x00007ff821a10000 - 0x00007ff821a3a000 	C:\WINDOWS\System32\GDI32.dll
0x00007ff820d30000 - 0x00007ff820e3b000 	C:\WINDOWS\System32\gdi32full.dll
0x00007ff820e40000 - 0x00007ff820edd000 	C:\WINDOWS\System32\msvcp_win.dll
0x00007ff819b40000 - 0x00007ff819b59000 	C:\Users\Jay\.p2\pool\plugins\org.eclipse.justj.openjdk.hotspot.jre.full.win32.x86_64_17.0.8.v20230801-1951\jre\bin\VCRUNTIME140.dll
0x00007ff80f830000 - 0x00007ff80faca000 	C:\WINDOWS\WinSxS\amd64_microsoft.windows.common-controls_6595b64144ccf1df_6.0.19041.1110_none_60b5254171f9507e\COMCTL32.dll
0x00007ff821c70000 - 0x00007ff821d0e000 	C:\WINDOWS\System32\msvcrt.dll
0x00007ff822c90000 - 0x00007ff822cc0000 	C:\WINDOWS\System32\IMM32.DLL
0x00007ff81b600000 - 0x00007ff81b60c000 	C:\Users\Jay\.p2\pool\plugins\org.eclipse.justj.openjdk.hotspot.jre.full.win32.x86_64_17.0.8.v20230801-1951\jre\bin\vcruntime140_1.dll
0x00007fffef300000 - 0x00007fffef391000 	C:\Users\Jay\.p2\pool\plugins\org.eclipse.justj.openjdk.hotspot.jre.full.win32.x86_64_17.0.8.v20230801-1951\jre\bin\msvcp140.dll
0x00007fffe32c0000 - 0x00007fffe3f0c000 	C:\Users\Jay\.p2\pool\plugins\org.eclipse.justj.openjdk.hotspot.jre.full.win32.x86_64_17.0.8.v20230801-1951\jre\bin\server\jvm.dll
0x00007ff822d40000 - 0x00007ff822dee000 	C:\WINDOWS\System32\ADVAPI32.dll
0x00007ff822bf0000 - 0x00007ff822c8c000 	C:\WINDOWS\System32\sechost.dll
0x00007ff821670000 - 0x00007ff821795000 	C:\WINDOWS\System32\RPCRT4.dll
0x00007ff8204b0000 - 0x00007ff8204fb000 	C:\WINDOWS\SYSTEM32\POWRPROF.dll
0x00007ff818d90000 - 0x00007ff818d99000 	C:\WINDOWS\SYSTEM32\WSOCK32.dll
0x00007ff822cc0000 - 0x00007ff822d2b000 	C:\WINDOWS\System32\WS2_32.dll
0x00007ff810280000 - 0x00007ff8102a7000 	C:\WINDOWS\SYSTEM32\WINMM.dll
0x00007ff80d9d0000 - 0x00007ff80d9da000 	C:\WINDOWS\SYSTEM32\VERSION.dll
0x00007ff820490000 - 0x00007ff8204a2000 	C:\WINDOWS\SYSTEM32\UMPDC.dll
0x00007ff81e530000 - 0x00007ff81e542000 	C:\WINDOWS\SYSTEM32\kernel.appcore.dll
0x00007ff815ce0000 - 0x00007ff815cea000 	C:\Users\Jay\.p2\pool\plugins\org.eclipse.justj.openjdk.hotspot.jre.full.win32.x86_64_17.0.8.v20230801-1951\jre\bin\jimage.dll
0x00007ff80cb20000 - 0x00007ff80cd04000 	C:\WINDOWS\SYSTEM32\DBGHELP.DLL
0x00007ff80caf0000 - 0x00007ff80cb1c000 	C:\WINDOWS\SYSTEM32\dbgcore.DLL
0x00007ff8207f0000 - 0x00007ff820872000 	C:\WINDOWS\System32\bcryptPrimitives.dll
0x00007ff8119b0000 - 0x00007ff8119d5000 	C:\Users\Jay\.p2\pool\plugins\org.eclipse.justj.openjdk.hotspot.jre.full.win32.x86_64_17.0.8.v20230801-1951\jre\bin\java.dll
0x00007ff813230000 - 0x00007ff813248000 	C:\Users\Jay\.p2\pool\plugins\org.eclipse.justj.openjdk.hotspot.jre.full.win32.x86_64_17.0.8.v20230801-1951\jre\bin\zip.dll
0x00007ff822180000 - 0x00007ff8228c3000 	C:\WINDOWS\System32\SHELL32.dll
0x00007ff81e730000 - 0x00007ff81eec5000 	C:\WINDOWS\SYSTEM32\windows.storage.dll
0x00007ff821040000 - 0x00007ff821394000 	C:\WINDOWS\System32\combase.dll
0x00007ff81ffd0000 - 0x00007ff820000000 	C:\WINDOWS\SYSTEM32\Wldp.dll
0x00007ff820f90000 - 0x00007ff82103d000 	C:\WINDOWS\System32\SHCORE.dll
0x00007ff822980000 - 0x00007ff8229d5000 	C:\WINDOWS\System32\shlwapi.dll
0x00007ff820580000 - 0x00007ff82059f000 	C:\WINDOWS\SYSTEM32\profapi.dll
0x00007ff811990000 - 0x00007ff8119a9000 	C:\Users\Jay\.p2\pool\plugins\org.eclipse.justj.openjdk.hotspot.jre.full.win32.x86_64_17.0.8.v20230801-1951\jre\bin\net.dll
0x00007ff814980000 - 0x00007ff814a8a000 	C:\WINDOWS\SYSTEM32\WINHTTP.dll
0x00007ff81fd30000 - 0x00007ff81fd9a000 	C:\WINDOWS\system32\mswsock.dll
0x00007ff811970000 - 0x00007ff811985000 	C:\Users\Jay\.p2\pool\plugins\org.eclipse.justj.openjdk.hotspot.jre.full.win32.x86_64_17.0.8.v20230801-1951\jre\bin\nio.dll
0x000002259f9b0000 - 0x000002259f9b3000 	C:\javafx-sdk-20.0.2\bin\api-ms-win-core-console-l1-1-0.dll
0x000002259f9c0000 - 0x000002259f9c3000 	C:\javafx-sdk-20.0.2\bin\api-ms-win-core-console-l1-2-0.dll
0x000002259f9d0000 - 0x000002259f9d3000 	C:\javafx-sdk-20.0.2\bin\api-ms-win-core-datetime-l1-1-0.dll
0x000002259f9e0000 - 0x000002259f9e3000 	C:\javafx-sdk-20.0.2\bin\api-ms-win-core-debug-l1-1-0.dll
0x000002259f9f0000 - 0x000002259f9f3000 	C:\javafx-sdk-20.0.2\bin\api-ms-win-core-errorhandling-l1-1-0.dll
0x000002259fa00000 - 0x000002259fa04000 	C:\javafx-sdk-20.0.2\bin\api-ms-win-core-file-l1-1-0.dll
0x000002259fa10000 - 0x000002259fa13000 	C:\javafx-sdk-20.0.2\bin\api-ms-win-core-file-l1-2-0.dll
0x000002259fa20000 - 0x000002259fa23000 	C:\javafx-sdk-20.0.2\bin\api-ms-win-core-file-l2-1-0.dll
0x000002259fa30000 - 0x000002259fa33000 	C:\javafx-sdk-20.0.2\bin\api-ms-win-core-handle-l1-1-0.dll
0x000002259fa40000 - 0x000002259fa43000 	C:\javafx-sdk-20.0.2\bin\api-ms-win-core-heap-l1-1-0.dll
0x000002259fa50000 - 0x000002259fa53000 	C:\javafx-sdk-20.0.2\bin\api-ms-win-core-interlocked-l1-1-0.dll
0x000002259fa60000 - 0x000002259fa63000 	C:\javafx-sdk-20.0.2\bin\api-ms-win-core-libraryloader-l1-1-0.dll
0x000002259fa70000 - 0x000002259fa73000 	C:\javafx-sdk-20.0.2\bin\api-ms-win-core-localization-l1-2-0.dll
0x000002259fa80000 - 0x000002259fa83000 	C:\javafx-sdk-20.0.2\bin\api-ms-win-core-memory-l1-1-0.dll
0x000002259fa90000 - 0x000002259fa93000 	C:\javafx-sdk-20.0.2\bin\api-ms-win-core-namedpipe-l1-1-0.dll
0x000002259faa0000 - 0x000002259faa3000 	C:\javafx-sdk-20.0.2\bin\api-ms-win-core-processenvironment-l1-1-0.dll
0x000002259fab0000 - 0x000002259fab3000 	C:\javafx-sdk-20.0.2\bin\api-ms-win-core-processthreads-l1-1-0.dll
0x000002259fac0000 - 0x000002259fac3000 	C:\javafx-sdk-20.0.2\bin\api-ms-win-core-processthreads-l1-1-1.dll
0x000002259fad0000 - 0x000002259fad3000 	C:\javafx-sdk-20.0.2\bin\api-ms-win-core-profile-l1-1-0.dll
0x000002259fae0000 - 0x000002259fae3000 	C:\javafx-sdk-20.0.2\bin\api-ms-win-core-rtlsupport-l1-1-0.dll
0x000002259faf0000 - 0x000002259faf3000 	C:\javafx-sdk-20.0.2\bin\api-ms-win-core-string-l1-1-0.dll
0x000002259fb00000 - 0x000002259fb03000 	C:\javafx-sdk-20.0.2\bin\api-ms-win-core-synch-l1-1-0.dll
0x000002259fb10000 - 0x000002259fb13000 	C:\javafx-sdk-20.0.2\bin\api-ms-win-core-synch-l1-2-0.dll
0x000002259fb20000 - 0x000002259fb23000 	C:\javafx-sdk-20.0.2\bin\api-ms-win-core-sysinfo-l1-1-0.dll
0x000002259fb30000 - 0x000002259fb33000 	C:\javafx-sdk-20.0.2\bin\api-ms-win-core-timezone-l1-1-0.dll
0x000002259fb40000 - 0x000002259fb43000 	C:\javafx-sdk-20.0.2\bin\api-ms-win-core-util-l1-1-0.dll
0x000002259fb50000 - 0x000002259fb53000 	C:\javafx-sdk-20.0.2\bin\api-ms-win-crt-conio-l1-1-0.dll
0x000002259fb60000 - 0x000002259fb64000 	C:\javafx-sdk-20.0.2\bin\api-ms-win-crt-convert-l1-1-0.dll
0x000002259fb70000 - 0x000002259fb73000 	C:\javafx-sdk-20.0.2\bin\api-ms-win-crt-environment-l1-1-0.dll
0x000002259fb80000 - 0x000002259fb83000 	C:\javafx-sdk-20.0.2\bin\api-ms-win-crt-filesystem-l1-1-0.dll
0x000002259fb90000 - 0x000002259fb93000 	C:\javafx-sdk-20.0.2\bin\api-ms-win-crt-heap-l1-1-0.dll
0x000002259fba0000 - 0x000002259fba3000 	C:\javafx-sdk-20.0.2\bin\api-ms-win-crt-locale-l1-1-0.dll
0x000002259fbb0000 - 0x000002259fbb5000 	C:\javafx-sdk-20.0.2\bin\api-ms-win-crt-math-l1-1-0.dll
0x000002259fbc0000 - 0x000002259fbc5000 	C:\javafx-sdk-20.0.2\bin\api-ms-win-crt-multibyte-l1-1-0.dll
0x000002259fbd0000 - 0x000002259fbe0000 	C:\javafx-sdk-20.0.2\bin\api-ms-win-crt-private-l1-1-0.dll
0x000002259fbe0000 - 0x000002259fbe3000 	C:\javafx-sdk-20.0.2\bin\api-ms-win-crt-process-l1-1-0.dll
0x000002259fbf0000 - 0x000002259fbf4000 	C:\javafx-sdk-20.0.2\bin\api-ms-win-crt-runtime-l1-1-0.dll
0x000002259fc00000 - 0x000002259fc04000 	C:\javafx-sdk-20.0.2\bin\api-ms-win-crt-stdio-l1-1-0.dll
0x000002259fc10000 - 0x000002259fc14000 	C:\javafx-sdk-20.0.2\bin\api-ms-win-crt-string-l1-1-0.dll
0x000002259fc20000 - 0x000002259fc23000 	C:\javafx-sdk-20.0.2\bin\api-ms-win-crt-time-l1-1-0.dll
0x000002259fc30000 - 0x000002259fc33000 	C:\javafx-sdk-20.0.2\bin\api-ms-win-crt-utility-l1-1-0.dll
0x00007fffedf10000 - 0x00007fffee00c000 	C:\javafx-sdk-20.0.2\bin\ucrtbase.dll
0x00007ff818c70000 - 0x00007ff818c8b000 	C:\javafx-sdk-20.0.2\bin\vcruntime140.dll
0x00007ff819ae0000 - 0x00007ff819aec000 	C:\javafx-sdk-20.0.2\bin\vcruntime140_1.dll
0x00007fffeed70000 - 0x00007fffeedfe000 	C:\javafx-sdk-20.0.2\bin\msvcp140.dll
0x00007ff8199d0000 - 0x00007ff8199d9000 	C:\javafx-sdk-20.0.2\bin\msvcp140_1.dll
0x00007ffff8df0000 - 0x00007ffff8e20000 	C:\javafx-sdk-20.0.2\bin\msvcp140_2.dll
0x00007ffff8dc0000 - 0x00007ffff8def000 	C:\javafx-sdk-20.0.2\bin\prism_d3d.dll
0x00007fffeeb60000 - 0x00007fffeed2f000 	C:\WINDOWS\system32\d3d9.dll
0x00007ff81e320000 - 0x00007ff81e34f000 	C:\WINDOWS\SYSTEM32\dwmapi.dll
0x00007ff81e050000 - 0x00007ff81e0ee000 	C:\WINDOWS\system32\uxtheme.dll
0x00007ff821940000 - 0x00007ff821a0d000 	C:\WINDOWS\System32\OLEAUT32.dll
0x00007ff822ac0000 - 0x00007ff822bea000 	C:\WINDOWS\System32\ole32.dll
0x00007ff821d10000 - 0x00007ff82217f000 	C:\WINDOWS\System32\SETUPAPI.dll
0x00007ff8207a0000 - 0x00007ff8207ee000 	C:\WINDOWS\System32\cfgmgr32.dll
0x00007ff820d00000 - 0x00007ff820d27000 	C:\WINDOWS\System32\bcrypt.dll
0x00007ffff7250000 - 0x00007ffff7292000 	C:\javafx-sdk-20.0.2\bin\glass.dll
0x00007ff821410000 - 0x00007ff8214ea000 	C:\WINDOWS\System32\COMDLG32.dll
0x00007ff821550000 - 0x00007ff821665000 	C:\WINDOWS\System32\MSCTF.dll
0x00007ff81b5a0000 - 0x00007ff81b5db000 	C:\WINDOWS\SYSTEM32\dxcore.dll
0x00007ff817df0000 - 0x00007ff817e04000 	C:\javafx-sdk-20.0.2\bin\javafx_font.dll
0x00007ffff6a60000 - 0x00007ffff6a8d000 	C:\javafx-sdk-20.0.2\bin\javafx_iio.dll
0x00007ff816d50000 - 0x00007ff816fcf000 	C:\WINDOWS\SYSTEM32\dwrite.dll
0x00007ff8228d0000 - 0x00007ff822979000 	C:\WINDOWS\System32\clbcatq.dll
0x00007ff819160000 - 0x00007ff819314000 	C:\WINDOWS\SYSTEM32\WindowsCodecs.dll
0x00007ff8074a0000 - 0x00007ff8074de000 	C:\WINDOWS\system32\dataexchange.dll
0x00007ff81c7a0000 - 0x00007ff81ca03000 	C:\WINDOWS\system32\d3d11.dll
0x00007ff81ca10000 - 0x00007ff81cbf4000 	C:\WINDOWS\system32\dcomp.dll
0x00007ff81ef30000 - 0x00007ff81f023000 	C:\WINDOWS\system32\dxgi.dll
0x00007ff818de0000 - 0x00007ff818fe0000 	C:\WINDOWS\system32\twinapi.appcore.dll
0x00007ff819840000 - 0x00007ff819939000 	C:\WINDOWS\SYSTEM32\textinputframework.dll
0x00007ff81d1c0000 - 0x00007ff81d51e000 	C:\WINDOWS\System32\CoreUIComponents.dll
0x00007ff81d8a0000 - 0x00007ff81d992000 	C:\WINDOWS\System32\CoreMessaging.dll
0x00007ff81f340000 - 0x00007ff81f373000 	C:\WINDOWS\SYSTEM32\ntmarta.dll
0x00007ff81c640000 - 0x00007ff81c794000 	C:\WINDOWS\SYSTEM32\wintypes.dll
0x00007ff8128c0000 - 0x00007ff812926000 	C:\WINDOWS\system32\Oleacc.dll
0x00007fffed430000 - 0x00007fffed51f000 	C:\Users\Jay\.javacpp\cache\opencv-3.2.0-1.3-windows-x86_64.jar\org\bytedeco\javacpp\windows-x86_64\msvcr120.dll
0x00007fffee950000 - 0x00007fffee9f6000 	C:\Users\Jay\.javacpp\cache\opencv-3.2.0-1.3-windows-x86_64.jar\org\bytedeco\javacpp\windows-x86_64\msvcp120.dll
0x00007fffed1a0000 - 0x00007fffed428000 	C:\Users\Jay\.javacpp\cache\opencv-3.2.0-1.3-windows-x86_64.jar\org\bytedeco\javacpp\windows-x86_64\opencv_core320.dll
0x00007fffea5f0000 - 0x00007fffea952000 	C:\Users\Jay\.javacpp\cache\opencv-3.2.0-1.3-windows-x86_64.jar\org\bytedeco\javacpp\windows-x86_64\opencv_imgproc320.dll
0x00007fffeb350000 - 0x00007fffeb59a000 	C:\Users\Jay\.javacpp\cache\opencv-3.2.0-1.3-windows-x86_64.jar\org\bytedeco\javacpp\windows-x86_64\jniopencv_core.dll
0x00007ff820f80000 - 0x00007ff820f88000 	C:\WINDOWS\System32\PSAPI.DLL
0x00007fffecd30000 - 0x00007fffece20000 	C:\Users\Jay\.javacpp\cache\opencv-3.2.0-1.3-windows-x86_64.jar\org\bytedeco\javacpp\windows-x86_64\jniopencv_imgproc.dll

dbghelp: loaded successfully - version: 4.0.5 - missing functions: none
symbol engine: initialized successfully - sym options: 0x614 - pdb path: .;C:\Users\Jay\.p2\pool\plugins\org.eclipse.justj.openjdk.hotspot.jre.full.win32.x86_64_17.0.8.v20230801-1951\jre\bin;C:\WINDOWS\SYSTEM32;C:\WINDOWS\WinSxS\amd64_microsoft.windows.common-controls_6595b64144ccf1df_6.0.19041.1110_none_60b5254171f9507e;C:\Users\Jay\.p2\pool\plugins\org.eclipse.justj.openjdk.hotspot.jre.full.win32.x86_64_17.0.8.v20230801-1951\jre\bin\server;C:\javafx-sdk-20.0.2\bin;C:\WINDOWS\System32\DriverStore\FileRepository\igdlh64.inf_amd64_82119d956c80af5a;C:\Program Files\Common Files\Microsoft Shared\Ink;C:\Users\Jay\.javacpp\cache\opencv-3.2.0-1.3-windows-x86_64.jar\org\bytedeco\javacpp\windows-x86_64;C:\Users\Jay\.javacpp\cache\videoinput-0.200-1.3-windows-x86_64.jar\org\bytedeco\javacpp\windows-x86_64;C:\WINDOWS\WinSxS\amd64_microsoft.windows.gdiplus_6595b64144ccf1df_1.1.19041.2006_none_919e9136cc8d4791;C:\Program Files (x86)\DroidCam\lib

VM Arguments:
jvm_args: --module-path=C:\javafx-sdk-20.0.2\lib --add-modules=javafx.controls,javafx.fxml -Dfile.encoding=UTF-8 -XX:+ShowCodeDetailsInExceptionMessages 
java_command: application.Main
java_class_path (initial): C:\Users\Jay\Desktop\facebio\Facebioreg\target\classes;C:\Users\Jay\Desktop\javafx-sdk-20.0.2\lib\javafx-swt.jar;C:\Users\Jay\Desktop\javafx-sdk-20.0.2\lib\javafx.base.jar;C:\Users\Jay\Desktop\javafx-sdk-20.0.2\lib\javafx.controls.jar;C:\Users\Jay\Desktop\javafx-sdk-20.0.2\lib\javafx.fxml.jar;C:\Users\Jay\Desktop\javafx-sdk-20.0.2\lib\javafx.graphics.jar;C:\Users\Jay\Desktop\javafx-sdk-20.0.2\lib\javafx.media.jar;C:\Users\Jay\Desktop\javafx-sdk-20.0.2\lib\javafx.swing.jar;C:\Users\Jay\Desktop\javafx-sdk-20.0.2\lib\javafx.web.jar;C:\Users\Jay\.p2\pool\plugins\org.eclipse.fx.ide.css.jfx8_3.8.0.202204150904.jar;C:\Users\Jay\Desktop\facebio\Facebioreg\opencv-341.jar;C:\Users\Jay\.m2\repository\org\bytedeco\javacv-platform\1.3.2\javacv-platform-1.3.2.jar;C:\Users\Jay\.m2\repository\org\bytedeco\javacv\1.3.2\javacv-1.3.2.jar;C:\Users\Jay\.m2\repository\org\bytedeco\javacpp\1.3.2\javacpp-1.3.2.jar;C:\Users\Jay\.m2\repository\org\bytedeco\javacpp-presets\opencv\3.2.0-1.3\opencv-3.2.0-1.3.jar;C:\Users\Jay\.m2\repository\org\bytedeco\javacpp-presets\ffmpeg\3.2.1-1.3\ffmpeg-3.2.1-1.3.jar;C:\Users\Jay\.m2\repository\org\bytedeco\javacpp-presets\flycapture\2.9.3.43-1.3\flycapture-2.9.3.43-1.3.jar;C:\Users\Jay\.m2\repository\org\bytedeco\javacpp-presets\libdc1394\2.2.4-1.3\libdc1394-2.2.4-1.3.jar;C:\Users\Jay\.m2\repository\org\bytedeco\javacpp-presets\libfreenect\0.5.3-1.3\libfreenect-0.5.3-1.3.jar;C:\Users\Jay\.m2\repository\org\bytedeco\javacpp-presets\libfreenect2\0.2.0-1.3\libfreenect2-0.2.0-1.3.jar;C:\Users\Jay\.m2\repository\org\bytedeco\javacpp-presets\librealsense\1.9.6-1.3\librealsense-1.9.6-1.3.jar;C:\Users\Jay\.m2\repository\org\bytedeco\javacpp-presets\videoinput\0.200-1.3\videoinput-0.200-1.3.jar;C:\Users\Jay\.m2\repository\org\bytedeco\javacpp-presets\artoolkitplus\2.3.1-1.3\artoolkitplus-2.3.1-1.3.jar;C:\Users\Jay\.m2\repository\org\bytedeco\javacpp-presets\flandmark\1.07-1.3\flandmark-1.07-1.3.jar;C:\Users\Jay\.m2\repository\org\byted
Launcher Type: SUN_STANDARD

[Global flags]
     intx CICompilerCount                          = 3                                         {product} {ergonomic}
     uint ConcGCThreads                            = 1                                         {product} {ergonomic}
     uint G1ConcRefinementThreads                  = 4                                         {product} {ergonomic}
   size_t G1HeapRegionSize                         = 1048576                                   {product} {ergonomic}
    uintx GCDrainStackTargetSize                   = 64                                        {product} {ergonomic}
   size_t InitialHeapSize                          = 134217728                                 {product} {ergonomic}
   size_t MarkStackSize                            = 4194304                                   {product} {ergonomic}
   size_t MaxHeapSize                              = 2116026368                                {product} {ergonomic}
   size_t MaxNewSize                               = 1268776960                                {product} {ergonomic}
   size_t MinHeapDeltaBytes                        = 1048576                                   {product} {ergonomic}
   size_t MinHeapSize                              = 8388608                                   {product} {ergonomic}
    uintx NonNMethodCodeHeapSize                   = 5832780                                {pd product} {ergonomic}
    uintx NonProfiledCodeHeapSize                  = 122912730                              {pd product} {ergonomic}
    uintx ProfiledCodeHeapSize                     = 122912730                              {pd product} {ergonomic}
    uintx ReservedCodeCacheSize                    = 251658240                              {pd product} {ergonomic}
     bool SegmentedCodeCache                       = true                                      {product} {ergonomic}
     bool ShowCodeDetailsInExceptionMessages       = true                                   {manageable} {command line}
   size_t SoftMaxHeapSize                          = 2116026368                             {manageable} {ergonomic}
     bool UseCompressedClassPointers               = true                           {product lp64_product} {ergonomic}
     bool UseCompressedOops                        = true                           {product lp64_product} {ergonomic}
     bool UseG1GC                                  = true                                      {product} {ergonomic}
     bool UseLargePagesIndividualAllocation        = false                                  {pd product} {ergonomic}

Logging:
Log output configuration:
 #0: stdout all=warning uptime,level,tags
 #1: stderr all=off uptime,level,tags

Environment Variables:
CLASSPATH=.;.;C:\PROGRA~2\JMF21~1.1E\lib\sound.jar;C:\PROGRA~2\JMF21~1.1E\lib\jmf.jar;C:\PROGRA~2\JMF21~1.1E\lib;
PATH=C:/Users/Jay/.p2/pool/plugins/org.eclipse.justj.openjdk.hotspot.jre.full.win32.x86_64_17.0.8.v20230801-1951/jre/bin/server;C:/Users/Jay/.p2/pool/plugins/org.eclipse.justj.openjdk.hotspot.jre.full.win32.x86_64_17.0.8.v20230801-1951/jre/bin;C:\Program Files\Common Files\Oracle\Java\javapath;C:\WINDOWS\system32;C:\WINDOWS;C:\WINDOWS\System32\Wbem;C:\WINDOWS\System32\WindowsPowerShell\v1.0\;C:\Program Files\nodejs\;C:\Program Files\Git\cmd;C:\xampp\php;C:\composer;C:\WINDOWS\System32\OpenSSH\;C:\Program Files\Microsoft SQL Server\150\Tools\Binn\;C:\Program Files\Microsoft SQL Server\Client SDK\ODBC\170\Tools\Binn\;C:\Program Files\dotnet\;C:\Program Files\PowerShell\7\;C:\Users\Jay\.console-ninja\.bin;C:\Users\Jay\AppData\Roaming\npm;C:\Users\Jay\AppData\Local\Programs\Microsoft VS Code\bin;C:\Users\Jay\AppData\Roaming\Composer\vendor\bin;C:\Users\Jay\AppData\Local\Microsoft\WindowsApps;C:\Users\Jay\.dotnet\tools;C:\Users\Jay\.fly\bin;C:\WINDOWS\system32;
USERNAME=Jay
OS=Windows_NT
PROCESSOR_IDENTIFIER=Intel64 Family 6 Model 78 Stepping 3, GenuineIntel
TMP=C:\Users\Jay\AppData\Local\Temp
TEMP=C:\Users\Jay\AppData\Local\Temp



---------------  S Y S T E M  ---------------

OS:
 Windows 10 , 64 bit Build 19041 (10.0.19041.1889)
OS uptime: 3 days 11:25 hours

CPU: total 4 (initial active 4) (2 cores per cpu, 2 threads per core) family 6 model 78 stepping 3 microcode 0xcc, cx8, cmov, fxsr, ht, mmx, 3dnowpref, sse, sse2, sse3, ssse3, sse4.1, sse4.2, popcnt, lzcnt, tsc, tscinvbit, avx, avx2, aes, erms, clmul, bmi1, bmi2, adx, fma, vzeroupper, clflush, clflushopt
Processor Information for all 4 processors :
  Max Mhz: 2000, Current Mhz: 2000, Mhz Limit: 2000

Memory: 4k page, system-wide physical 8065M (2382M free)
TotalPageFile size 12964M (AvailPageFile size 3151M)
current process WorkingSet (physical memory assigned to process): 353M, peak: 401M
current process commit charge ("private bytes"): 434M, peak: 496M

vm_info: OpenJDK 64-Bit Server VM (17.0.8+7) for windows-amd64 JRE (17.0.8+7), built on Jul 18 2023 21:02:32 by "admin" with MS VC++ 16.7 (VS2019)

END.
