#
# A fatal error has been detected by the Java Runtime Environment:
#
#  EXCEPTION_ACCESS_VIOLATION (0xc0000005) at pc=0x00007ff822e93466, pid=13916, tid=10332
#
# JRE version: OpenJDK Runtime Environment Temurin-17.0.8+7 (17.0.8+7) (build 17.0.8+7)
# Java VM: OpenJDK 64-Bit Server VM Temurin-17.0.8+7 (17.0.8+7, mixed mode, tiered, compressed oops, compressed class ptrs, g1 gc, windows-amd64)
# Problematic frame:
# C  [ntdll.dll+0x63466]
#
# No core dump will be written. Minidumps are not enabled by default on client versions of Windows
#
# If you would like to submit a bug report, please visit:
#   https://github.com/adoptium/adoptium-support/issues
# The crash happened outside the Java Virtual Machine in native code.
# See problematic frame for where to report the bug.
#

---------------  S U M M A R Y ------------

Command Line: --module-path=C:\javafx-sdk-20.0.2\lib --add-modules=javafx.controls,javafx.fxml -Dfile.encoding=UTF-8 -XX:+ShowCodeDetailsInExceptionMessages application.Main

Host: Intel(R) Core(TM) i3-6006U CPU @ 2.00GHz, 4 cores, 7G,  Windows 10 , 64 bit Build 19041 (10.0.19041.1889)
Time: Fri Sep 15 18:27:36 2023 Coordinated Universal Time elapsed time: 63.946531 seconds (0d 0h 1m 3s)

---------------  T H R E A D  ---------------

Current thread (0x000001eea05b4770):  JavaThread "Thread-7" [_thread_in_native, id=10332, stack(0x000000ae68f00000,0x000000ae69000000)]

Stack: [0x000000ae68f00000,0x000000ae69000000],  sp=0x000000ae68ffeef0,  free space=1019k
Native frames: (J=compiled Java code, j=interpreted, Vv=VM code, C=native code)
C  [ntdll.dll+0x63466]
C  [ntdll.dll+0x2fcb4]
C  [ntdll.dll+0x2fae2]
C  0x00007ffff0bb2be7

Java frames: (J=compiled Java code, j=interpreted, Vv=VM code)
J 5890  org.bytedeco.javacpp.opencv_videoio$VideoCapture.retrieve(Lorg/bytedeco/javacpp/opencv_core$Mat;)Z (0 bytes) @ 0x000001ee87cf296f [0x000001ee87cf2920+0x000000000000004f]
J 5889 c1 org.bytedeco.javacv.OpenCVFrameGrabber.grab()Lorg/bytedeco/javacv/Frame; (255 bytes) @ 0x000001ee806fd824 [0x000001ee806fd780+0x00000000000000a4]
j  application.FaceDetector.run()V+988
j  java.lang.Thread.run()V+11 java.base@17.0.8
v  ~StubRoutines::call_stub

siginfo: EXCEPTION_ACCESS_VIOLATION (0xc0000005), writing address 0x0000000000000024


Register to memory mapping:

RIP=0x00007ff822e93466 ntdll.dll
RAX=0x0 is NULL
RBX=0x000001eea1877e88 points into unknown readable memory: 0x0000000000000000 | 00 00 00 00 00 00 00 00
RCX=0x000001eea1877e88 points into unknown readable memory: 0x0000000000000000 | 00 00 00 00 00 00 00 00
RDX=0x00000000fffffffa is an unallocated location in the heap
RSP=0x000000ae68ffeef0 is pointing into the stack for thread: 0x000001eea05b4770
RBP=0x0 is NULL
RSI=0x0 is NULL
RDI=0x0 is NULL
R8 =0x0 is NULL
R9 =0x000001eea1877e00 points into unknown readable memory: 0x0000005000000006 | 06 00 00 00 50 00 00 00
R10=0x0 is NULL
R11=0x0000000000000246 is an unknown value
R12=0x0 is NULL
R13=0x000000ae65878000 points into unknown readable memory: 0x0000000000000000 | 00 00 00 00 00 00 00 00
R14=0x0000000000000001 is an unknown value
R15=0x0 is NULL


Registers:
RAX=0x0000000000000000, RBX=0x000001eea1877e88, RCX=0x000001eea1877e88, RDX=0x00000000fffffffa
RSP=0x000000ae68ffeef0, RBP=0x0000000000000000, RSI=0x0000000000000000, RDI=0x0000000000000000
R8 =0x0000000000000000, R9 =0x000001eea1877e00, R10=0x0000000000000000, R11=0x0000000000000246
R12=0x0000000000000000, R13=0x000000ae65878000, R14=0x0000000000000001, R15=0x0000000000000000
RIP=0x00007ff822e93466, EFLAGS=0x0000000000010213

Top of Stack: (sp=0x000000ae68ffeef0)
0x000000ae68ffeef0:   ffffffffffffffff 000001eea1877e88
0x000000ae68ffef00:   0000000000000003 000001ee03000003
0x000000ae68ffef10:   000001eefa2b02e8 00007ff822e4e249
0x000000ae68ffef20:   000001eefa2b02e8 000001ee000000ff
0x000000ae68ffef30:   0000000000000000 00000000fffffffa
0x000000ae68ffef40:   000000ae65878000 000001eea1f5ffa0
0x000000ae68ffef50:   0000000000000003 00007ff822e4ead2
0x000000ae68ffef60:   000001eea1f5ff90 000001eea1620000
0x000000ae68ffef70:   000001eefa2b0000 000001ee875394ec
0x000000ae68ffef80:   0000bed5bc80e394 0000000000000003
0x000000ae68ffef90:   000001eea05b4700 0000000000000001
0x000000ae68ffefa0:   0000000000000001 0000000000000001
0x000000ae68ffefb0:   0000000000000000 000001eea1877e88
0x000000ae68ffefc0:   0000000000000000 00007ff822e5fcb4
0x000000ae68ffefd0:   000001eefa2b0000 000000ae68fff039
0x000000ae68ffefe0:   00000000fffffffa ffffffffff676980 

Instructions: (pc=0x00007ff822e93466)
0x00007ff822e93366:   20 e9 ed fe ff ff 48 89 41 18 e9 e4 fe ff ff cc
0x00007ff822e93376:   cc cc cc cc cc cc cc cc cc cc 80 3d 81 91 10 00
0x00007ff822e93386:   00 0f 95 c0 c3 cc cc cc cc cc cc cc cc cc cc cc
0x00007ff822e93396:   cc cc cc cc cc cc cc cc cc cc 48 83 ec 38 8b 05
0x00007ff822e933a6:   82 77 10 00 89 44 24 20 e8 41 02 00 00 48 83 c4
0x00007ff822e933b6:   38 c3 cc cc cc cc cc cc cc cc 48 89 5c 24 18 55
0x00007ff822e933c6:   56 57 41 54 41 55 41 56 41 57 48 81 ec a0 00 00
0x00007ff822e933d6:   00 48 8b 05 32 11 12 00 48 33 c4 48 89 84 24 90
0x00007ff822e933e6:   00 00 00 65 4c 8b 2c 25 30 00 00 00 48 8d 05 cf
0x00007ff822e933f6:   31 10 00 40 32 ed 89 54 24 48 33 f6 40 88 6c 24
0x00007ff822e93406:   40 4c 89 6c 24 50 48 8b d9 44 8b e6 48 3b c8 0f
0x00007ff822e93416:   84 39 01 00 00 40 38 35 e6 90 10 00 0f 85 a8 01
0x00007ff822e93426:   00 00 39 35 fa 90 10 00 0f 85 6a 01 00 00 40 38
0x00007ff822e93436:   35 bd 8b 10 00 48 8d 3d be 8b 10 00 48 0f 45 fe
0x00007ff822e93446:   48 39 73 18 0f 84 d2 00 00 00 48 8b 03 48 83 f8
0x00007ff822e93456:   ff 0f 84 d2 00 00 00 44 8b fe 48 83 f8 ff 74 03
0x00007ff822e93466:   ff 40 24 4c 8b 73 18 4c 8d 2d 54 31 10 00 bd 22
0x00007ff822e93476:   17 00 00 e8 d2 13 fc ff 85 c0 0f 85 ee b4 05 00
0x00007ff822e93486:   b9 82 03 fe 7f 80 39 00 0f 85 fc b4 05 00 49 83
0x00007ff822e93496:   fe ff 0f 85 8a b5 05 00 4c 8b cf c7 44 24 20 00
0x00007ff822e934a6:   00 00 00 41 b8 04 00 00 00 48 8d 54 24 48 48 8d
0x00007ff822e934b6:   4b 08 e8 37 01 00 00 3d 02 01 00 00 0f 84 73 b5
0x00007ff822e934c6:   05 00 8b 4b 08 89 4c 24 48 f6 c1 02 75 ca 3d 02
0x00007ff822e934d6:   01 00 00 0f 84 5c b5 05 00 0f b6 6c 24 40 4c 8b
0x00007ff822e934e6:   6c 24 50 85 c0 0f 88 a8 b6 05 00 40 84 ed 75 73
0x00007ff822e934f6:   48 8b 8c 24 90 00 00 00 48 33 cc e8 7a 8d 02 00
0x00007ff822e93506:   48 8b 9c 24 f0 00 00 00 48 81 c4 a0 00 00 00 41
0x00007ff822e93516:   5f 41 5e 41 5d 41 5c 5f 5e 5d c3 cc 48 8b cb e8
0x00007ff822e93526:   56 05 00 00 e9 21 ff ff ff 8b 4b 20 48 c7 c0 ff
0x00007ff822e93536:   ff ff ff 48 0f ba e1 18 0f 82 19 ff ff ff 48 8b
0x00007ff822e93546:   cb e8 f4 e2 fa ff 48 8b 03 e9 09 ff ff ff c6 44
0x00007ff822e93556:   24 40 01 41 c7 85 60 17 00 00 01 00 00 00 e9 b2 


Stack slot to memory mapping:
stack at sp + 0 slots: 0xffffffffffffffff is an unknown value
stack at sp + 1 slots: 0x000001eea1877e88 points into unknown readable memory: 0x0000000000000000 | 00 00 00 00 00 00 00 00
stack at sp + 2 slots: 0x0000000000000003 is an unknown value
stack at sp + 3 slots: 0x000001ee03000003 is an unknown value
stack at sp + 4 slots: 0x000001eefa2b02e8 points into unknown readable memory: 0x000001eefa2c2d50 | 50 2d 2c fa ee 01 00 00
stack at sp + 5 slots: 0x00007ff822e4e249 ntdll.dll
stack at sp + 6 slots: 0x000001eefa2b02e8 points into unknown readable memory: 0x000001eefa2c2d50 | 50 2d 2c fa ee 01 00 00
stack at sp + 7 slots: 0x000001ee000000ff is an unknown value


---------------  P R O C E S S  ---------------

Threads class SMR info:
_java_thread_list=0x000001ee9a6d01c0, length=25, elements={
0x000001ee95b53260, 0x000001ee95b55370, 0x000001ee95b2f4f0, 0x000001ee95b30ec0,
0x000001ee95b31880, 0x000001ee95b35740, 0x000001ee95b36430, 0x000001ee95b85020,
0x000001ee95b92f20, 0x000001ee95b910c0, 0x000001ee95b91ae0, 0x000001ee95b90bb0,
0x000001ee9a667c60, 0x000001ee9a66b920, 0x000001ee9a667750, 0x000001ee9a66c340,
0x000001ee9a66cd60, 0x000001ee9a668b90, 0x000001ee9a66be30, 0x000001ee9a66a4e0,
0x000001ee9a666820, 0x000001eea05b4770, 0x000001eea05b14d0, 0x000001eea05b2910,
0x000001eea00cd730
}

Java Threads: ( => current thread )
  0x000001ee95b53260 JavaThread "Reference Handler" daemon [_thread_blocked, id=11344, stack(0x000000ae66500000,0x000000ae66600000)]
  0x000001ee95b55370 JavaThread "Finalizer" daemon [_thread_blocked, id=8440, stack(0x000000ae66600000,0x000000ae66700000)]
  0x000001ee95b2f4f0 JavaThread "Signal Dispatcher" daemon [_thread_blocked, id=10772, stack(0x000000ae66700000,0x000000ae66800000)]
  0x000001ee95b30ec0 JavaThread "Attach Listener" daemon [_thread_blocked, id=14316, stack(0x000000ae66800000,0x000000ae66900000)]
  0x000001ee95b31880 JavaThread "Service Thread" daemon [_thread_blocked, id=13980, stack(0x000000ae66900000,0x000000ae66a00000)]
  0x000001ee95b35740 JavaThread "Monitor Deflation Thread" daemon [_thread_blocked, id=9524, stack(0x000000ae66a00000,0x000000ae66b00000)]
  0x000001ee95b36430 JavaThread "C2 CompilerThread0" daemon [_thread_blocked, id=6668, stack(0x000000ae66b00000,0x000000ae66c00000)]
  0x000001ee95b85020 JavaThread "C1 CompilerThread0" daemon [_thread_blocked, id=10840, stack(0x000000ae66c00000,0x000000ae66d00000)]
  0x000001ee95b92f20 JavaThread "Sweeper thread" daemon [_thread_blocked, id=12428, stack(0x000000ae66d00000,0x000000ae66e00000)]
  0x000001ee95b910c0 JavaThread "Common-Cleaner" daemon [_thread_blocked, id=7576, stack(0x000000ae66e00000,0x000000ae66f00000)]
  0x000001ee95b91ae0 JavaThread "Notification Thread" daemon [_thread_blocked, id=11580, stack(0x000000ae67000000,0x000000ae67100000)]
  0x000001ee95b90bb0 JavaThread "InvokeLaterDispatcher" daemon [_thread_blocked, id=14188, stack(0x000000ae67300000,0x000000ae67400000)]
  0x000001ee9a667c60 JavaThread "Thread-2" daemon [_thread_in_native, id=9432, stack(0x000000ae67b00000,0x000000ae67c00000)]
  0x000001ee9a66b920 JavaThread "ForkJoinPool.commonPool-worker-1" daemon [_thread_blocked, id=2316, stack(0x000000ae67e00000,0x000000ae67f00000)]
  0x000001ee9a667750 JavaThread "FileSystemWatchService" daemon [_thread_in_native, id=14196, stack(0x000000ae67f00000,0x000000ae68000000)]
  0x000001ee9a66c340 JavaThread "Thread-3" daemon [_thread_blocked, id=7004, stack(0x000000ae68000000,0x000000ae68100000)]
  0x000001ee9a66cd60 JavaThread "FileSystemWatchService" daemon [_thread_in_native, id=12484, stack(0x000000ae68100000,0x000000ae68200000)]
  0x000001ee9a668b90 JavaThread "Thread-4" daemon [_thread_blocked, id=14004, stack(0x000000ae68200000,0x000000ae68300000)]
  0x000001ee9a66be30 JavaThread "Prism Font Disposer" daemon [_thread_blocked, id=5880, stack(0x000000ae68600000,0x000000ae68700000)]
  0x000001ee9a66a4e0 JavaThread "Cleaner-0" daemon [_thread_blocked, id=8932, stack(0x000000ae68800000,0x000000ae68900000)]
  0x000001ee9a666820 JavaThread "JavaCPP Deallocator" daemon [_thread_blocked, id=3692, stack(0x000000ae66f00000,0x000000ae67000000)]
=>0x000001eea05b4770 JavaThread "Thread-7" [_thread_in_native, id=10332, stack(0x000000ae68f00000,0x000000ae69000000)]
  0x000001eea05b14d0 JavaThread "pool-2-thread-1" [_thread_blocked, id=10448, stack(0x000000ae69200000,0x000000ae69300000)]
  0x000001eea05b2910 JavaThread "Java2D Disposer" daemon [_thread_blocked, id=12656, stack(0x000000ae69300000,0x000000ae69400000)]
  0x000001eea00cd730 JavaThread "DestroyJavaVM" [_thread_blocked, id=13016, stack(0x000000ae65e00000,0x000000ae65f00000)]

Other Threads:
  0x000001ee95b1eff0 VMThread "VM Thread" [stack: 0x000000ae66400000,0x000000ae66500000] [id=3704]
  0x000001eefc495e20 WatcherThread [stack: 0x000000ae67100000,0x000000ae67200000] [id=4180]
  0x000001eefc47a1c0 GCTaskThread "GC Thread#0" [stack: 0x000000ae65f00000,0x000000ae66000000] [id=2516]
  0x000001ee9a5e47e0 GCTaskThread "GC Thread#1" [stack: 0x000000ae67800000,0x000000ae67900000] [id=68]
  0x000001ee9a5e6830 GCTaskThread "GC Thread#2" [stack: 0x000000ae67900000,0x000000ae67a00000] [id=12496]
  0x000001ee9a5e5d30 GCTaskThread "GC Thread#3" [stack: 0x000000ae67a00000,0x000000ae67b00000] [id=1376]
  0x000001eefc48b4f0 ConcurrentGCThread "G1 Main Marker" [stack: 0x000000ae66000000,0x000000ae66100000] [id=1768]
  0x000001eefc48bf00 ConcurrentGCThread "G1 Conc#0" [stack: 0x000000ae66100000,0x000000ae66200000] [id=8040]
  0x000001ee9597c110 ConcurrentGCThread "G1 Refine#0" [stack: 0x000000ae66200000,0x000000ae66300000] [id=7648]
  0x000001ee9f749550 ConcurrentGCThread "G1 Refine#1" [stack: 0x000000ae67d00000,0x000000ae67e00000] [id=13548]
  0x000001ee9fd65840 ConcurrentGCThread "G1 Refine#2" [stack: 0x000000ae68700000,0x000000ae68800000] [id=4100]
  0x000001ee9597cb40 ConcurrentGCThread "G1 Service" [stack: 0x000000ae66300000,0x000000ae66400000] [id=13212]

Threads with active compile tasks:

VM state: not at safepoint (normal execution)

VM Mutex/Monitor currently owned by a thread: None

Heap address: 0x0000000081e00000, size: 2018 MB, Compressed Oops mode: 32-bit

CDS archive(s) not mapped
Compressed class space mapped at: 0x0000000100000000-0x0000000140000000, reserved size: 1073741824
Narrow klass base: 0x0000000000000000, Narrow klass shift: 3, Narrow klass range: 0x140000000

GC Precious Log:
 CPUs: 4 total, 4 available
 Memory: 8065M
 Large Page Support: Disabled
 NUMA Support: Disabled
 Compressed Oops: Enabled (32-bit)
 Heap Region Size: 1M
 Heap Min Capacity: 8M
 Heap Initial Capacity: 128M
 Heap Max Capacity: 2018M
 Pre-touch: Disabled
 Parallel Workers: 4
 Concurrent Workers: 1
 Concurrent Refinement Workers: 4
 Periodic GC: Disabled

Heap:
 garbage-first heap   total 184320K, used 74335K [0x0000000081e00000, 0x0000000100000000)
  region size 1024K, 4 young (4096K), 1 survivors (1024K)
 Metaspace       used 38049K, committed 38272K, reserved 1114112K
  class space    used 4482K, committed 4608K, reserved 1048576K

Heap Regions: E=young(eden), S=young(survivor), O=old, HS=humongous(starts), HC=humongous(continues), CS=collection set, F=free, OA=open archive, CA=closed archive, TAMS=top-at-mark-start (previous, next)
|   0|0x0000000081e00000, 0x0000000081f00000, 0x0000000081f00000|100%| O|  |TAMS 0x0000000081f00000, 0x0000000081f00000| Untracked 
|   1|0x0000000081f00000, 0x0000000082000000, 0x0000000082000000|100%| O|  |TAMS 0x0000000082000000, 0x0000000082000000| Untracked 
|   2|0x0000000082000000, 0x0000000082100000, 0x0000000082100000|100%| O|  |TAMS 0x0000000082100000, 0x0000000082100000| Untracked 
|   3|0x0000000082100000, 0x0000000082200000, 0x0000000082200000|100%|HS|  |TAMS 0x0000000082200000, 0x0000000082200000| Complete 
|   4|0x0000000082200000, 0x0000000082300000, 0x0000000082300000|100%|HC|  |TAMS 0x0000000082300000, 0x0000000082300000| Complete 
|   5|0x0000000082300000, 0x0000000082400000, 0x0000000082400000|100%|HC|  |TAMS 0x0000000082400000, 0x0000000082400000| Complete 
|   6|0x0000000082400000, 0x0000000082500000, 0x0000000082500000|100%|HC|  |TAMS 0x0000000082500000, 0x0000000082500000| Complete 
|   7|0x0000000082500000, 0x0000000082600000, 0x0000000082600000|100%|HC|  |TAMS 0x0000000082600000, 0x0000000082600000| Complete 
|   8|0x0000000082600000, 0x0000000082700000, 0x0000000082700000|100%|HS|  |TAMS 0x0000000082600000, 0x0000000082600000| Complete 
|   9|0x0000000082700000, 0x0000000082800000, 0x0000000082800000|100%|HC|  |TAMS 0x0000000082700000, 0x0000000082700000| Complete 
|  10|0x0000000082800000, 0x0000000082900000, 0x0000000082900000|100%| O|  |TAMS 0x0000000082900000, 0x0000000082900000| Untracked 
|  11|0x0000000082900000, 0x0000000082a00000, 0x0000000082a00000|100%| O|  |TAMS 0x0000000082a00000, 0x0000000082a00000| Untracked 
|  12|0x0000000082a00000, 0x0000000082a70e00, 0x0000000082b00000| 44%| O|  |TAMS 0x0000000082a70e00, 0x0000000082a70e00| Untracked 
|  13|0x0000000082b00000, 0x0000000082c00000, 0x0000000082c00000|100%|HS|  |TAMS 0x0000000082c00000, 0x0000000082c00000| Complete 
|  14|0x0000000082c00000, 0x0000000082d00000, 0x0000000082d00000|100%|HS|  |TAMS 0x0000000082d00000, 0x0000000082d00000| Complete 
|  15|0x0000000082d00000, 0x0000000082e00000, 0x0000000082e00000|100%|HC|  |TAMS 0x0000000082e00000, 0x0000000082e00000| Complete 
|  16|0x0000000082e00000, 0x0000000082f00000, 0x0000000082f00000|100%| O|  |TAMS 0x0000000082f00000, 0x0000000082f00000| Untracked 
|  17|0x0000000082f00000, 0x0000000083000000, 0x0000000083000000|100%| O|  |TAMS 0x0000000083000000, 0x0000000083000000| Untracked 
|  18|0x0000000083000000, 0x0000000083100000, 0x0000000083100000|100%| O|  |TAMS 0x0000000083100000, 0x0000000083100000| Untracked 
|  19|0x0000000083100000, 0x0000000083200000, 0x0000000083200000|100%| O|  |TAMS 0x0000000083200000, 0x0000000083200000| Untracked 
|  20|0x0000000083200000, 0x0000000083300000, 0x0000000083300000|100%| O|  |TAMS 0x0000000083300000, 0x0000000083300000| Untracked 
|  21|0x0000000083300000, 0x0000000083400000, 0x0000000083400000|100%| O|  |TAMS 0x0000000083400000, 0x0000000083400000| Untracked 
|  22|0x0000000083400000, 0x0000000083500000, 0x0000000083500000|100%| O|  |TAMS 0x0000000083500000, 0x0000000083500000| Untracked 
|  23|0x0000000083500000, 0x0000000083600000, 0x0000000083600000|100%| O|  |TAMS 0x0000000083600000, 0x0000000083600000| Untracked 
|  24|0x0000000083600000, 0x0000000083700000, 0x0000000083700000|100%| O|  |TAMS 0x0000000083700000, 0x0000000083700000| Untracked 
|  25|0x0000000083700000, 0x00000000837b5200, 0x0000000083800000| 70%| O|  |TAMS 0x00000000837b5200, 0x00000000837b5200| Untracked 
|  26|0x0000000083800000, 0x0000000083900000, 0x0000000083900000|100%|HS|  |TAMS 0x0000000083900000, 0x0000000083900000| Complete 
|  27|0x0000000083900000, 0x0000000083a00000, 0x0000000083a00000|100%|HS|  |TAMS 0x0000000083900000, 0x0000000083a00000| Complete 
|  28|0x0000000083a00000, 0x0000000083b00000, 0x0000000083b00000|100%|HC|  |TAMS 0x0000000083a00000, 0x0000000083b00000| Complete 
|  29|0x0000000083b00000, 0x0000000083c00000, 0x0000000083c00000|100%|HS|  |TAMS 0x0000000083b00000, 0x0000000083b00000| Complete 
|  30|0x0000000083c00000, 0x0000000083d00000, 0x0000000083d00000|100%|HC|  |TAMS 0x0000000083c00000, 0x0000000083c00000| Complete 
|  31|0x0000000083d00000, 0x0000000083e00000, 0x0000000083e00000|100%|HS|  |TAMS 0x0000000083d00000, 0x0000000083d00000| Complete 
|  32|0x0000000083e00000, 0x0000000083f00000, 0x0000000083f00000|100%|HC|  |TAMS 0x0000000083e00000, 0x0000000083e00000| Complete 
|  33|0x0000000083f00000, 0x0000000084000000, 0x0000000084000000|100%|HS|  |TAMS 0x0000000083f00000, 0x0000000084000000| Complete 
|  34|0x0000000084000000, 0x0000000084100000, 0x0000000084100000|100%|HC|  |TAMS 0x0000000084000000, 0x0000000084100000| Complete 
|  35|0x0000000084100000, 0x0000000084200000, 0x0000000084200000|100%|HS|  |TAMS 0x0000000084100000, 0x0000000084100000| Complete 
|  36|0x0000000084200000, 0x0000000084300000, 0x0000000084300000|100%|HC|  |TAMS 0x0000000084200000, 0x0000000084200000| Complete 
|  37|0x0000000084300000, 0x0000000084400000, 0x0000000084400000|100%|HS|  |TAMS 0x0000000084300000, 0x0000000084300000| Complete 
|  38|0x0000000084400000, 0x0000000084500000, 0x0000000084500000|100%|HC|  |TAMS 0x0000000084400000, 0x0000000084400000| Complete 
|  39|0x0000000084500000, 0x0000000084600000, 0x0000000084600000|100%|HS|  |TAMS 0x0000000084500000, 0x0000000084600000| Complete 
|  40|0x0000000084600000, 0x0000000084700000, 0x0000000084700000|100%|HC|  |TAMS 0x0000000084600000, 0x0000000084700000| Complete 
|  41|0x0000000084700000, 0x0000000084800000, 0x0000000084800000|100%|HS|  |TAMS 0x0000000084700000, 0x0000000084700000| Complete 
|  42|0x0000000084800000, 0x0000000084900000, 0x0000000084900000|100%|HC|  |TAMS 0x0000000084800000, 0x0000000084800000| Complete 
|  43|0x0000000084900000, 0x0000000084a00000, 0x0000000084a00000|100%|HS|  |TAMS 0x0000000084900000, 0x0000000084900000| Complete 
|  44|0x0000000084a00000, 0x0000000084b00000, 0x0000000084b00000|100%|HC|  |TAMS 0x0000000084a00000, 0x0000000084a00000| Complete 
|  45|0x0000000084b00000, 0x0000000084c00000, 0x0000000084c00000|100%|HS|  |TAMS 0x0000000084b00000, 0x0000000084c00000| Complete 
|  46|0x0000000084c00000, 0x0000000084d00000, 0x0000000084d00000|100%|HC|  |TAMS 0x0000000084c00000, 0x0000000084d00000| Complete 
|  47|0x0000000084d00000, 0x0000000084e00000, 0x0000000084e00000|100%|HS|  |TAMS 0x0000000084d00000, 0x0000000084e00000| Complete 
|  48|0x0000000084e00000, 0x0000000084f00000, 0x0000000084f00000|100%|HC|  |TAMS 0x0000000084e00000, 0x0000000084f00000| Complete 
|  49|0x0000000084f00000, 0x0000000085000000, 0x0000000085000000|100%|HS|  |TAMS 0x0000000084f00000, 0x0000000084f00000| Complete 
|  50|0x0000000085000000, 0x0000000085100000, 0x0000000085100000|100%|HC|  |TAMS 0x0000000085000000, 0x0000000085000000| Complete 
|  51|0x0000000085100000, 0x0000000085100000, 0x0000000085200000|  0%| F|  |TAMS 0x0000000085100000, 0x0000000085100000| Untracked 
|  52|0x0000000085200000, 0x0000000085200000, 0x0000000085300000|  0%| F|  |TAMS 0x0000000085200000, 0x0000000085200000| Untracked 
|  53|0x0000000085300000, 0x0000000085400000, 0x0000000085400000|100%|HS|  |TAMS 0x0000000085300000, 0x0000000085400000| Complete 
|  54|0x0000000085400000, 0x0000000085500000, 0x0000000085500000|100%|HC|  |TAMS 0x0000000085400000, 0x0000000085500000| Complete 
|  55|0x0000000085500000, 0x0000000085500000, 0x0000000085600000|  0%| F|  |TAMS 0x0000000085500000, 0x0000000085500000| Untracked 
|  56|0x0000000085600000, 0x0000000085600000, 0x0000000085700000|  0%| F|  |TAMS 0x0000000085600000, 0x0000000085600000| Untracked 
|  57|0x0000000085700000, 0x0000000085800000, 0x0000000085800000|100%|HS|  |TAMS 0x0000000085700000, 0x0000000085800000| Complete 
|  58|0x0000000085800000, 0x0000000085900000, 0x0000000085900000|100%|HC|  |TAMS 0x0000000085800000, 0x0000000085900000| Complete 
|  59|0x0000000085900000, 0x0000000085900000, 0x0000000085a00000|  0%| F|  |TAMS 0x0000000085900000, 0x0000000085900000| Untracked 
|  60|0x0000000085a00000, 0x0000000085a00000, 0x0000000085b00000|  0%| F|  |TAMS 0x0000000085a00000, 0x0000000085a00000| Untracked 
|  61|0x0000000085b00000, 0x0000000085c00000, 0x0000000085c00000|100%|HS|  |TAMS 0x0000000085b00000, 0x0000000085c00000| Complete 
|  62|0x0000000085c00000, 0x0000000085d00000, 0x0000000085d00000|100%|HC|  |TAMS 0x0000000085c00000, 0x0000000085d00000| Complete 
|  63|0x0000000085d00000, 0x0000000085e00000, 0x0000000085e00000|100%|HC|  |TAMS 0x0000000085d00000, 0x0000000085e00000| Complete 
|  64|0x0000000085e00000, 0x0000000085e00000, 0x0000000085f00000|  0%| F|  |TAMS 0x0000000085e00000, 0x0000000085e00000| Untracked 
|  65|0x0000000085f00000, 0x0000000085f00000, 0x0000000086000000|  0%| F|  |TAMS 0x0000000085f00000, 0x0000000085f00000| Untracked 
|  66|0x0000000086000000, 0x0000000086100000, 0x0000000086100000|100%|HS|  |TAMS 0x0000000086000000, 0x0000000086100000| Complete 
|  67|0x0000000086100000, 0x0000000086200000, 0x0000000086200000|100%|HC|  |TAMS 0x0000000086100000, 0x0000000086200000| Complete 
|  68|0x0000000086200000, 0x0000000086200000, 0x0000000086300000|  0%| F|  |TAMS 0x0000000086200000, 0x0000000086200000| Untracked 
|  69|0x0000000086300000, 0x0000000086300000, 0x0000000086400000|  0%| F|  |TAMS 0x0000000086300000, 0x0000000086300000| Untracked 
|  70|0x0000000086400000, 0x0000000086400000, 0x0000000086500000|  0%| F|  |TAMS 0x0000000086400000, 0x0000000086400000| Untracked 
|  71|0x0000000086500000, 0x0000000086500000, 0x0000000086600000|  0%| F|  |TAMS 0x0000000086500000, 0x0000000086500000| Untracked 
|  72|0x0000000086600000, 0x0000000086600000, 0x0000000086700000|  0%| F|  |TAMS 0x0000000086600000, 0x0000000086600000| Untracked 
|  73|0x0000000086700000, 0x0000000086700000, 0x0000000086800000|  0%| F|  |TAMS 0x0000000086700000, 0x0000000086700000| Untracked 
|  74|0x0000000086800000, 0x0000000086900000, 0x0000000086900000|100%|HS|  |TAMS 0x0000000086800000, 0x0000000086900000| Complete 
|  75|0x0000000086900000, 0x0000000086a00000, 0x0000000086a00000|100%|HS|  |TAMS 0x0000000086900000, 0x0000000086a00000| Complete 
|  76|0x0000000086a00000, 0x0000000086b00000, 0x0000000086b00000|100%|HC|  |TAMS 0x0000000086a00000, 0x0000000086b00000| Complete 
|  77|0x0000000086b00000, 0x0000000086b00000, 0x0000000086c00000|  0%| F|  |TAMS 0x0000000086b00000, 0x0000000086b00000| Untracked 
|  78|0x0000000086c00000, 0x0000000086d00000, 0x0000000086d00000|100%| O|  |TAMS 0x0000000086c00000, 0x0000000086d00000| Untracked 
|  79|0x0000000086d00000, 0x0000000086d61e00, 0x0000000086e00000| 38%| O|  |TAMS 0x0000000086d00000, 0x0000000086d5f400| Untracked 
|  80|0x0000000086e00000, 0x0000000086f00000, 0x0000000086f00000|100%| O|  |TAMS 0x0000000086e00000, 0x0000000086f00000| Untracked 
|  81|0x0000000086f00000, 0x0000000087000000, 0x0000000087000000|100%| O|  |TAMS 0x0000000086f00000, 0x0000000087000000| Untracked 
|  82|0x0000000087000000, 0x0000000087100000, 0x0000000087100000|100%|HS|  |TAMS 0x0000000087000000, 0x0000000087100000| Complete 
|  83|0x0000000087100000, 0x0000000087200000, 0x0000000087200000|100%|HC|  |TAMS 0x0000000087100000, 0x0000000087200000| Complete 
|  84|0x0000000087200000, 0x0000000087300000, 0x0000000087300000|100%|HC|  |TAMS 0x0000000087200000, 0x0000000087300000| Complete 
|  85|0x0000000087300000, 0x0000000087400000, 0x0000000087400000|100%|HC|  |TAMS 0x0000000087300000, 0x0000000087400000| Complete 
|  86|0x0000000087400000, 0x0000000087500000, 0x0000000087500000|100%|HC|  |TAMS 0x0000000087400000, 0x0000000087500000| Complete 
|  87|0x0000000087500000, 0x0000000087500000, 0x0000000087600000|  0%| F|  |TAMS 0x0000000087500000, 0x0000000087500000| Untracked 
|  88|0x0000000087600000, 0x0000000087600000, 0x0000000087700000|  0%| F|  |TAMS 0x0000000087600000, 0x0000000087600000| Untracked 
|  89|0x0000000087700000, 0x0000000087700000, 0x0000000087800000|  0%| F|  |TAMS 0x0000000087700000, 0x0000000087700000| Untracked 
|  90|0x0000000087800000, 0x0000000087800000, 0x0000000087900000|  0%| F|  |TAMS 0x0000000087800000, 0x0000000087800000| Untracked 
|  91|0x0000000087900000, 0x0000000087900000, 0x0000000087a00000|  0%| F|  |TAMS 0x0000000087900000, 0x0000000087900000| Untracked 
|  92|0x0000000087a00000, 0x0000000087a00000, 0x0000000087b00000|  0%| F|  |TAMS 0x0000000087a00000, 0x0000000087a00000| Untracked 
|  93|0x0000000087b00000, 0x0000000087b00000, 0x0000000087c00000|  0%| F|  |TAMS 0x0000000087b00000, 0x0000000087b00000| Untracked 
|  94|0x0000000087c00000, 0x0000000087c00000, 0x0000000087d00000|  0%| F|  |TAMS 0x0000000087c00000, 0x0000000087c00000| Untracked 
|  95|0x0000000087d00000, 0x0000000087d00000, 0x0000000087e00000|  0%| F|  |TAMS 0x0000000087d00000, 0x0000000087d00000| Untracked 
|  96|0x0000000087e00000, 0x0000000087e00000, 0x0000000087f00000|  0%| F|  |TAMS 0x0000000087e00000, 0x0000000087e00000| Untracked 
|  97|0x0000000087f00000, 0x0000000087f00000, 0x0000000088000000|  0%| F|  |TAMS 0x0000000087f00000, 0x0000000087f00000| Untracked 
|  98|0x0000000088000000, 0x0000000088000000, 0x0000000088100000|  0%| F|  |TAMS 0x0000000088000000, 0x0000000088000000| Untracked 
|  99|0x0000000088100000, 0x0000000088100000, 0x0000000088200000|  0%| F|  |TAMS 0x0000000088100000, 0x0000000088100000| Untracked 
| 100|0x0000000088200000, 0x0000000088200000, 0x0000000088300000|  0%| F|  |TAMS 0x0000000088200000, 0x0000000088200000| Untracked 
| 101|0x0000000088300000, 0x0000000088300000, 0x0000000088400000|  0%| F|  |TAMS 0x0000000088300000, 0x0000000088300000| Untracked 
| 102|0x0000000088400000, 0x0000000088400000, 0x0000000088500000|  0%| F|  |TAMS 0x0000000088400000, 0x0000000088400000| Untracked 
| 103|0x0000000088500000, 0x0000000088500000, 0x0000000088600000|  0%| F|  |TAMS 0x0000000088500000, 0x0000000088500000| Untracked 
| 104|0x0000000088600000, 0x0000000088600000, 0x0000000088700000|  0%| F|  |TAMS 0x0000000088600000, 0x0000000088600000| Untracked 
| 105|0x0000000088700000, 0x0000000088700000, 0x0000000088800000|  0%| F|  |TAMS 0x0000000088700000, 0x0000000088700000| Untracked 
| 106|0x0000000088800000, 0x0000000088800000, 0x0000000088900000|  0%| F|  |TAMS 0x0000000088800000, 0x0000000088800000| Untracked 
| 107|0x0000000088900000, 0x0000000088900000, 0x0000000088a00000|  0%| F|  |TAMS 0x0000000088900000, 0x0000000088900000| Untracked 
| 108|0x0000000088a00000, 0x0000000088a00000, 0x0000000088b00000|  0%| F|  |TAMS 0x0000000088a00000, 0x0000000088a00000| Untracked 
| 109|0x0000000088b00000, 0x0000000088b00000, 0x0000000088c00000|  0%| F|  |TAMS 0x0000000088b00000, 0x0000000088b00000| Untracked 
| 110|0x0000000088c00000, 0x0000000088c00000, 0x0000000088d00000|  0%| F|  |TAMS 0x0000000088c00000, 0x0000000088c00000| Untracked 
| 111|0x0000000088d00000, 0x0000000088d00000, 0x0000000088e00000|  0%| F|  |TAMS 0x0000000088d00000, 0x0000000088d00000| Untracked 
| 112|0x0000000088e00000, 0x0000000088e00000, 0x0000000088f00000|  0%| F|  |TAMS 0x0000000088e00000, 0x0000000088e00000| Untracked 
| 113|0x0000000088f00000, 0x0000000088f00000, 0x0000000089000000|  0%| F|  |TAMS 0x0000000088f00000, 0x0000000088f00000| Untracked 
| 114|0x0000000089000000, 0x0000000089000000, 0x0000000089100000|  0%| F|  |TAMS 0x0000000089000000, 0x0000000089000000| Untracked 
| 115|0x0000000089100000, 0x0000000089100000, 0x0000000089200000|  0%| F|  |TAMS 0x0000000089100000, 0x0000000089100000| Untracked 
| 116|0x0000000089200000, 0x0000000089200000, 0x0000000089300000|  0%| F|  |TAMS 0x0000000089200000, 0x0000000089200000| Untracked 
| 117|0x0000000089300000, 0x0000000089300000, 0x0000000089400000|  0%| F|  |TAMS 0x0000000089300000, 0x0000000089300000| Untracked 
| 118|0x0000000089400000, 0x0000000089400000, 0x0000000089500000|  0%| F|  |TAMS 0x0000000089400000, 0x0000000089400000| Untracked 
| 119|0x0000000089500000, 0x0000000089500000, 0x0000000089600000|  0%| F|  |TAMS 0x0000000089500000, 0x0000000089500000| Untracked 
| 120|0x0000000089600000, 0x0000000089600000, 0x0000000089700000|  0%| F|  |TAMS 0x0000000089600000, 0x0000000089600000| Untracked 
| 121|0x0000000089700000, 0x0000000089700000, 0x0000000089800000|  0%| F|  |TAMS 0x0000000089700000, 0x0000000089700000| Untracked 
| 122|0x0000000089800000, 0x0000000089800000, 0x0000000089900000|  0%| F|  |TAMS 0x0000000089800000, 0x0000000089800000| Untracked 
| 123|0x0000000089900000, 0x0000000089900000, 0x0000000089a00000|  0%| F|  |TAMS 0x0000000089900000, 0x0000000089900000| Untracked 
| 124|0x0000000089a00000, 0x0000000089a00000, 0x0000000089b00000|  0%| F|  |TAMS 0x0000000089a00000, 0x0000000089a00000| Untracked 
| 125|0x0000000089b00000, 0x0000000089b00000, 0x0000000089c00000|  0%| F|  |TAMS 0x0000000089b00000, 0x0000000089b00000| Untracked 
| 126|0x0000000089c00000, 0x0000000089c00000, 0x0000000089d00000|  0%| F|  |TAMS 0x0000000089c00000, 0x0000000089c00000| Untracked 
| 127|0x0000000089d00000, 0x0000000089d00000, 0x0000000089e00000|  0%| F|  |TAMS 0x0000000089d00000, 0x0000000089d00000| Untracked 
| 128|0x0000000089e00000, 0x0000000089e00000, 0x0000000089f00000|  0%| F|  |TAMS 0x0000000089e00000, 0x0000000089e00000| Untracked 
| 129|0x0000000089f00000, 0x0000000089f00000, 0x000000008a000000|  0%| F|  |TAMS 0x0000000089f00000, 0x0000000089f00000| Untracked 
| 130|0x000000008a000000, 0x000000008a000000, 0x000000008a100000|  0%| F|  |TAMS 0x000000008a000000, 0x000000008a000000| Untracked 
| 131|0x000000008a100000, 0x000000008a100000, 0x000000008a200000|  0%| F|  |TAMS 0x000000008a100000, 0x000000008a100000| Untracked 
| 132|0x000000008a200000, 0x000000008a200000, 0x000000008a300000|  0%| F|  |TAMS 0x000000008a200000, 0x000000008a200000| Untracked 
| 133|0x000000008a300000, 0x000000008a300000, 0x000000008a400000|  0%| F|  |TAMS 0x000000008a300000, 0x000000008a300000| Untracked 
| 134|0x000000008a400000, 0x000000008a400000, 0x000000008a500000|  0%| F|  |TAMS 0x000000008a400000, 0x000000008a400000| Untracked 
| 135|0x000000008a500000, 0x000000008a500000, 0x000000008a600000|  0%| F|  |TAMS 0x000000008a500000, 0x000000008a500000| Untracked 
| 136|0x000000008a600000, 0x000000008a600000, 0x000000008a700000|  0%| F|  |TAMS 0x000000008a600000, 0x000000008a600000| Untracked 
| 137|0x000000008a700000, 0x000000008a700000, 0x000000008a800000|  0%| F|  |TAMS 0x000000008a700000, 0x000000008a700000| Untracked 
| 138|0x000000008a800000, 0x000000008a800000, 0x000000008a900000|  0%| F|  |TAMS 0x000000008a800000, 0x000000008a800000| Untracked 
| 139|0x000000008a900000, 0x000000008a900000, 0x000000008aa00000|  0%| F|  |TAMS 0x000000008a900000, 0x000000008a900000| Untracked 
| 140|0x000000008aa00000, 0x000000008aa00000, 0x000000008ab00000|  0%| F|  |TAMS 0x000000008aa00000, 0x000000008aa00000| Untracked 
| 141|0x000000008ab00000, 0x000000008ab00000, 0x000000008ac00000|  0%| F|  |TAMS 0x000000008ab00000, 0x000000008ab00000| Untracked 
| 142|0x000000008ac00000, 0x000000008ac00000, 0x000000008ad00000|  0%| F|  |TAMS 0x000000008ac00000, 0x000000008ac00000| Untracked 
| 143|0x000000008ad00000, 0x000000008ad00000, 0x000000008ae00000|  0%| F|  |TAMS 0x000000008ad00000, 0x000000008ad00000| Untracked 
| 144|0x000000008ae00000, 0x000000008ae00000, 0x000000008af00000|  0%| F|  |TAMS 0x000000008ae00000, 0x000000008ae00000| Untracked 
| 145|0x000000008af00000, 0x000000008af00000, 0x000000008b000000|  0%| F|  |TAMS 0x000000008af00000, 0x000000008af00000| Untracked 
| 146|0x000000008b000000, 0x000000008b000000, 0x000000008b100000|  0%| F|  |TAMS 0x000000008b000000, 0x000000008b000000| Untracked 
| 147|0x000000008b100000, 0x000000008b100000, 0x000000008b200000|  0%| F|  |TAMS 0x000000008b100000, 0x000000008b100000| Untracked 
| 148|0x000000008b200000, 0x000000008b200000, 0x000000008b300000|  0%| F|  |TAMS 0x000000008b200000, 0x000000008b200000| Untracked 
| 149|0x000000008b300000, 0x000000008b300000, 0x000000008b400000|  0%| F|  |TAMS 0x000000008b300000, 0x000000008b300000| Untracked 
| 150|0x000000008b400000, 0x000000008b400000, 0x000000008b500000|  0%| F|  |TAMS 0x000000008b400000, 0x000000008b400000| Untracked 
| 151|0x000000008b500000, 0x000000008b500000, 0x000000008b600000|  0%| F|  |TAMS 0x000000008b500000, 0x000000008b500000| Untracked 
| 152|0x000000008b600000, 0x000000008b600000, 0x000000008b700000|  0%| F|  |TAMS 0x000000008b600000, 0x000000008b600000| Untracked 
| 153|0x000000008b700000, 0x000000008b700000, 0x000000008b800000|  0%| F|  |TAMS 0x000000008b700000, 0x000000008b700000| Untracked 
| 154|0x000000008b800000, 0x000000008b800000, 0x000000008b900000|  0%| F|  |TAMS 0x000000008b800000, 0x000000008b800000| Untracked 
| 155|0x000000008b900000, 0x000000008b900000, 0x000000008ba00000|  0%| F|  |TAMS 0x000000008b900000, 0x000000008b900000| Untracked 
| 156|0x000000008ba00000, 0x000000008ba00000, 0x000000008bb00000|  0%| F|  |TAMS 0x000000008ba00000, 0x000000008ba00000| Untracked 
| 157|0x000000008bb00000, 0x000000008bb00000, 0x000000008bc00000|  0%| F|  |TAMS 0x000000008bb00000, 0x000000008bb00000| Untracked 
| 158|0x000000008bc00000, 0x000000008bc00000, 0x000000008bd00000|  0%| F|  |TAMS 0x000000008bc00000, 0x000000008bc00000| Untracked 
| 159|0x000000008bd00000, 0x000000008bd00000, 0x000000008be00000|  0%| F|  |TAMS 0x000000008bd00000, 0x000000008bd00000| Untracked 
| 160|0x000000008be00000, 0x000000008be00000, 0x000000008bf00000|  0%| F|  |TAMS 0x000000008be00000, 0x000000008be00000| Untracked 
| 161|0x000000008bf00000, 0x000000008bf00000, 0x000000008c000000|  0%| F|  |TAMS 0x000000008bf00000, 0x000000008bf00000| Untracked 
| 162|0x000000008c000000, 0x000000008c000000, 0x000000008c100000|  0%| F|  |TAMS 0x000000008c000000, 0x000000008c000000| Untracked 
| 163|0x000000008c100000, 0x000000008c100000, 0x000000008c200000|  0%| F|  |TAMS 0x000000008c100000, 0x000000008c100000| Untracked 
| 164|0x000000008c200000, 0x000000008c200000, 0x000000008c300000|  0%| F|  |TAMS 0x000000008c200000, 0x000000008c200000| Untracked 
| 165|0x000000008c300000, 0x000000008c300000, 0x000000008c400000|  0%| F|  |TAMS 0x000000008c300000, 0x000000008c300000| Untracked 
| 166|0x000000008c400000, 0x000000008c400000, 0x000000008c500000|  0%| F|  |TAMS 0x000000008c400000, 0x000000008c400000| Untracked 
| 167|0x000000008c500000, 0x000000008c500000, 0x000000008c600000|  0%| F|  |TAMS 0x000000008c500000, 0x000000008c500000| Untracked 
| 168|0x000000008c600000, 0x000000008c600000, 0x000000008c700000|  0%| F|  |TAMS 0x000000008c600000, 0x000000008c600000| Untracked 
| 169|0x000000008c700000, 0x000000008c700000, 0x000000008c800000|  0%| F|  |TAMS 0x000000008c700000, 0x000000008c700000| Untracked 
| 170|0x000000008c800000, 0x000000008c800000, 0x000000008c900000|  0%| F|  |TAMS 0x000000008c800000, 0x000000008c800000| Untracked 
| 171|0x000000008c900000, 0x000000008c900000, 0x000000008ca00000|  0%| F|  |TAMS 0x000000008c900000, 0x000000008c900000| Untracked 
| 172|0x000000008ca00000, 0x000000008ca00000, 0x000000008cb00000|  0%| F|  |TAMS 0x000000008ca00000, 0x000000008ca00000| Untracked 
| 173|0x000000008cb00000, 0x000000008cb00000, 0x000000008cc00000|  0%| F|  |TAMS 0x000000008cb00000, 0x000000008cb00000| Untracked 
| 174|0x000000008cc00000, 0x000000008cc00000, 0x000000008cd00000|  0%| F|  |TAMS 0x000000008cc00000, 0x000000008cc00000| Untracked 
| 175|0x000000008cd00000, 0x000000008cd00000, 0x000000008ce00000|  0%| F|  |TAMS 0x000000008cd00000, 0x000000008cd00000| Untracked 
| 176|0x000000008ce00000, 0x000000008ce00800, 0x000000008cf00000|  0%| E|  |TAMS 0x000000008ce00000, 0x000000008ce00000| Complete 
| 192|0x000000008de00000, 0x000000008de10110, 0x000000008df00000|  6%| S|CS|TAMS 0x000000008de00000, 0x000000008de00000| Complete 
| 194|0x000000008e000000, 0x000000008e100000, 0x000000008e100000|100%| E|CS|TAMS 0x000000008e000000, 0x000000008e000000| Complete 
| 195|0x000000008e100000, 0x000000008e200000, 0x000000008e200000|100%| E|CS|TAMS 0x000000008e100000, 0x000000008e100000| Complete 

Card table byte_map: [0x000001ee8f000000,0x000001ee8f400000] _byte_map_base: 0x000001ee8ebf1000

Marking Bits (Prev, Next): (CMBitMap*) 0x000001eefc47a7e0, (CMBitMap*) 0x000001eefc47a820
 Prev Bits: [0x000001ee8f800000, 0x000001ee91788000)
 Next Bits: [0x000001ee91790000, 0x000001ee93718000)

Polling page: 0x000001eefbbd0000

Metaspace:

Usage:
  Non-class:     32.78 MB used.
      Class:      4.38 MB used.
       Both:     37.16 MB used.

Virtual space:
  Non-class space:       64.00 MB reserved,      32.88 MB ( 51%) committed,  1 nodes.
      Class space:        1.00 GB reserved,       4.50 MB ( <1%) committed,  1 nodes.
             Both:        1.06 GB reserved,      37.38 MB (  3%) committed. 

Chunk freelists:
   Non-Class:  14.44 MB
       Class:  11.41 MB
        Both:  25.85 MB

MaxMetaspaceSize: unlimited
CompressedClassSpaceSize: 1.00 GB
Initial GC threshold: 21.00 MB
Current GC threshold: 53.56 MB
CDS: off
MetaspaceReclaimPolicy: balanced
 - commit_granule_bytes: 65536.
 - commit_granule_words: 8192.
 - virtual_space_node_default_size: 8388608.
 - enlarge_chunks_in_place: 1.
 - new_chunks_are_fully_committed: 0.
 - uncommit_free_chunks: 1.
 - use_allocation_guard: 0.
 - handle_deallocations: 1.


Internal statistics:

num_allocs_failed_limit: 3.
num_arena_births: 260.
num_arena_deaths: 0.
num_vsnodes_births: 2.
num_vsnodes_deaths: 0.
num_space_committed: 598.
num_space_uncommitted: 0.
num_chunks_returned_to_freelist: 3.
num_chunks_taken_from_freelist: 1155.
num_chunk_merges: 3.
num_chunk_splits: 811.
num_chunks_enlarged: 650.
num_inconsistent_stats: 0.

CodeHeap 'non-profiled nmethods': size=120000Kb used=3470Kb max_used=3470Kb free=116530Kb
 bounds [0x000001ee87ad0000, 0x000001ee87e40000, 0x000001ee8f000000]
CodeHeap 'profiled nmethods': size=120000Kb used=10683Kb max_used=11222Kb free=109316Kb
 bounds [0x000001ee80000000, 0x000001ee80b10000, 0x000001ee87530000]
CodeHeap 'non-nmethods': size=5760Kb used=1602Kb max_used=1667Kb free=4157Kb
 bounds [0x000001ee87530000, 0x000001ee877a0000, 0x000001ee87ad0000]
 total_blobs=6338 nmethods=5326 adapters=924
 compilation: enabled
              stopped_count=0, restarted_count=0
 full_count=0

Compilation events (20 events):
Event: 61.997 Thread 0x000001ee95b36430 6103       4       com.sun.scenario.animation.shared.TimelineClipCore::playTo (353 bytes)
Event: 62.042 Thread 0x000001ee95b85020 6104       3       com.sun.javafx.sg.prism.NGNode::setOpacity (86 bytes)
Event: 62.043 Thread 0x000001ee95b85020 nmethod 6104 0x000001ee80545b10 code [0x000001ee80545d40, 0x000001ee80546568]
Event: 62.072 Thread 0x000001ee95b36430 nmethod 6103 0x000001ee87e1e290 code [0x000001ee87e1e5e0, 0x000001ee87e1fd90]
Event: 62.081 Thread 0x000001ee95b85020 6105       3       java.lang.Math::min (12 bytes)
Event: 62.081 Thread 0x000001ee95b85020 nmethod 6105 0x000001ee80545790 code [0x000001ee80545920, 0x000001ee80545a58]
Event: 62.091 Thread 0x000001ee95b36430 6106   !   4       com.sun.javafx.sg.prism.NGNode::accumulateGroupDirtyRegion (652 bytes)
Event: 62.416 Thread 0x000001ee95b85020 6108       3       javafx.scene.Node::opacityProperty (25 bytes)
Event: 62.416 Thread 0x000001ee95b85020 nmethod 6108 0x000001ee80545090 code [0x000001ee80545280, 0x000001ee80545628]
Event: 62.532 Thread 0x000001ee95b36430 nmethod 6106 0x000001ee87e20f10 code [0x000001ee87e21320, 0x000001ee87e2a608]
Event: 62.533 Thread 0x000001ee95b36430 6107       4       com.sun.javafx.sg.prism.NGNode::renderClip (473 bytes)
Event: 62.554 Thread 0x000001ee95b36430 nmethod 6107 0x000001ee87e2ed10 code [0x000001ee87e2ef80, 0x000001ee87e2fce8]
Event: 62.946 Thread 0x000001ee95b36430 6109       4       java.util.ArrayList::equals (62 bytes)
Event: 62.968 Thread 0x000001ee95b36430 nmethod 6109 0x000001ee87e30810 code [0x000001ee87e30a00, 0x000001ee87e31358]
Event: 63.042 Thread 0x000001ee95b36430 6110       4       com.sun.marlin.Helpers::subdivideLineAt (119 bytes)
Event: 63.045 Thread 0x000001ee95b36430 nmethod 6110 0x000001ee87e31c10 code [0x000001ee87e31da0, 0x000001ee87e32058]
Event: 63.372 Thread 0x000001ee95b36430 6111       4       java.lang.ref.Reference::enqueueFromPending (19 bytes)
Event: 63.385 Thread 0x000001ee95b36430 nmethod 6111 0x000001ee87e32310 code [0x000001ee87e324c0, 0x000001ee87e32bd8]
Event: 63.653 Thread 0x000001ee95b36430 6112       4       java.util.LinkedList::remove (77 bytes)
Event: 63.670 Thread 0x000001ee95b36430 nmethod 6112 0x000001ee87e32e10 code [0x000001ee87e32fa0, 0x000001ee87e33658]

GC Heap History (20 events):
Event: 57.971 GC heap before
{Heap before GC invocations=73 (full 0):
 garbage-first heap   total 184320K, used 82498K [0x0000000081e00000, 0x0000000100000000)
  region size 1024K, 4 young (4096K), 1 survivors (1024K)
 Metaspace       used 37958K, committed 38272K, reserved 1114112K
  class space    used 4474K, committed 4608K, reserved 1048576K
}
Event: 57.972 GC heap after
{Heap after GC invocations=74 (full 0):
 garbage-first heap   total 184320K, used 55881K [0x0000000081e00000, 0x0000000100000000)
  region size 1024K, 1 young (1024K), 1 survivors (1024K)
 Metaspace       used 37958K, committed 38272K, reserved 1114112K
  class space    used 4474K, committed 4608K, reserved 1048576K
}
Event: 58.590 GC heap before
{Heap before GC invocations=74 (full 0):
 garbage-first heap   total 184320K, used 81481K [0x0000000081e00000, 0x0000000100000000)
  region size 1024K, 3 young (3072K), 1 survivors (1024K)
 Metaspace       used 37958K, committed 38272K, reserved 1114112K
  class space    used 4474K, committed 4608K, reserved 1048576K
}
Event: 58.591 GC heap after
{Heap after GC invocations=75 (full 0):
 garbage-first heap   total 184320K, used 55883K [0x0000000081e00000, 0x0000000100000000)
  region size 1024K, 1 young (1024K), 1 survivors (1024K)
 Metaspace       used 37958K, committed 38272K, reserved 1114112K
  class space    used 4474K, committed 4608K, reserved 1048576K
}
Event: 59.139 GC heap before
{Heap before GC invocations=75 (full 0):
 garbage-first heap   total 184320K, used 82507K [0x0000000081e00000, 0x0000000100000000)
  region size 1024K, 4 young (4096K), 1 survivors (1024K)
 Metaspace       used 37963K, committed 38272K, reserved 1114112K
  class space    used 4474K, committed 4608K, reserved 1048576K
}
Event: 59.140 GC heap after
{Heap after GC invocations=76 (full 0):
 garbage-first heap   total 184320K, used 55888K [0x0000000081e00000, 0x0000000100000000)
  region size 1024K, 1 young (1024K), 1 survivors (1024K)
 Metaspace       used 37963K, committed 38272K, reserved 1114112K
  class space    used 4474K, committed 4608K, reserved 1048576K
}
Event: 59.744 GC heap before
{Heap before GC invocations=76 (full 0):
 garbage-first heap   total 184320K, used 81488K [0x0000000081e00000, 0x0000000100000000)
  region size 1024K, 3 young (3072K), 1 survivors (1024K)
 Metaspace       used 37963K, committed 38272K, reserved 1114112K
  class space    used 4474K, committed 4608K, reserved 1048576K
}
Event: 59.745 GC heap after
{Heap after GC invocations=77 (full 0):
 garbage-first heap   total 184320K, used 55887K [0x0000000081e00000, 0x0000000100000000)
  region size 1024K, 1 young (1024K), 1 survivors (1024K)
 Metaspace       used 37963K, committed 38272K, reserved 1114112K
  class space    used 4474K, committed 4608K, reserved 1048576K
}
Event: 60.328 GC heap before
{Heap before GC invocations=77 (full 0):
 garbage-first heap   total 184320K, used 81487K [0x0000000081e00000, 0x0000000100000000)
  region size 1024K, 3 young (3072K), 1 survivors (1024K)
 Metaspace       used 37963K, committed 38272K, reserved 1114112K
  class space    used 4474K, committed 4608K, reserved 1048576K
}
Event: 60.330 GC heap after
{Heap after GC invocations=78 (full 0):
 garbage-first heap   total 184320K, used 55888K [0x0000000081e00000, 0x0000000100000000)
  region size 1024K, 1 young (1024K), 1 survivors (1024K)
 Metaspace       used 37963K, committed 38272K, reserved 1114112K
  class space    used 4474K, committed 4608K, reserved 1048576K
}
Event: 60.963 GC heap before
{Heap before GC invocations=78 (full 0):
 garbage-first heap   total 184320K, used 81488K [0x0000000081e00000, 0x0000000100000000)
  region size 1024K, 3 young (3072K), 1 survivors (1024K)
 Metaspace       used 37963K, committed 38272K, reserved 1114112K
  class space    used 4474K, committed 4608K, reserved 1048576K
}
Event: 60.964 GC heap after
{Heap after GC invocations=79 (full 0):
 garbage-first heap   total 184320K, used 55892K [0x0000000081e00000, 0x0000000100000000)
  region size 1024K, 1 young (1024K), 1 survivors (1024K)
 Metaspace       used 37963K, committed 38272K, reserved 1114112K
  class space    used 4474K, committed 4608K, reserved 1048576K
}
Event: 61.583 GC heap before
{Heap before GC invocations=79 (full 0):
 garbage-first heap   total 184320K, used 81492K [0x0000000081e00000, 0x0000000100000000)
  region size 1024K, 3 young (3072K), 1 survivors (1024K)
 Metaspace       used 37963K, committed 38272K, reserved 1114112K
  class space    used 4474K, committed 4608K, reserved 1048576K
}
Event: 61.584 GC heap after
{Heap after GC invocations=80 (full 0):
 garbage-first heap   total 184320K, used 55896K [0x0000000081e00000, 0x0000000100000000)
  region size 1024K, 1 young (1024K), 1 survivors (1024K)
 Metaspace       used 37963K, committed 38272K, reserved 1114112K
  class space    used 4474K, committed 4608K, reserved 1048576K
}
Event: 62.135 GC heap before
{Heap before GC invocations=80 (full 0):
 garbage-first heap   total 184320K, used 81496K [0x0000000081e00000, 0x0000000100000000)
  region size 1024K, 3 young (3072K), 1 survivors (1024K)
 Metaspace       used 38013K, committed 38272K, reserved 1114112K
  class space    used 4474K, committed 4608K, reserved 1048576K
}
Event: 62.137 GC heap after
{Heap after GC invocations=81 (full 0):
 garbage-first heap   total 184320K, used 55901K [0x0000000081e00000, 0x0000000100000000)
  region size 1024K, 1 young (1024K), 1 survivors (1024K)
 Metaspace       used 38013K, committed 38272K, reserved 1114112K
  class space    used 4474K, committed 4608K, reserved 1048576K
}
Event: 62.808 GC heap before
{Heap before GC invocations=81 (full 0):
 garbage-first heap   total 184320K, used 81501K [0x0000000081e00000, 0x0000000100000000)
  region size 1024K, 3 young (3072K), 1 survivors (1024K)
 Metaspace       used 38014K, committed 38272K, reserved 1114112K
  class space    used 4474K, committed 4608K, reserved 1048576K
}
Event: 62.811 GC heap after
{Heap after GC invocations=82 (full 0):
 garbage-first heap   total 184320K, used 55902K [0x0000000081e00000, 0x0000000100000000)
  region size 1024K, 1 young (1024K), 1 survivors (1024K)
 Metaspace       used 38014K, committed 38272K, reserved 1114112K
  class space    used 4474K, committed 4608K, reserved 1048576K
}
Event: 63.371 GC heap before
{Heap before GC invocations=82 (full 0):
 garbage-first heap   total 184320K, used 81502K [0x0000000081e00000, 0x0000000100000000)
  region size 1024K, 3 young (3072K), 1 survivors (1024K)
 Metaspace       used 38014K, committed 38272K, reserved 1114112K
  class space    used 4474K, committed 4608K, reserved 1048576K
}
Event: 63.372 GC heap after
{Heap after GC invocations=83 (full 0):
 garbage-first heap   total 184320K, used 55903K [0x0000000081e00000, 0x0000000100000000)
  region size 1024K, 1 young (1024K), 1 survivors (1024K)
 Metaspace       used 38014K, committed 38272K, reserved 1114112K
  class space    used 4474K, committed 4608K, reserved 1048576K
}

Dll operation events (20 events):
Event: 5.661 Loaded shared library C:\Users\Jay\.javacpp\cache\opencv-3.2.0-1.3-windows-x86_64.jar\org\bytedeco\javacpp\windows-x86_64\jniopencv_core.dll
Event: 6.036 Loaded shared library C:\Users\Jay\.javacpp\cache\opencv-3.2.0-1.3-windows-x86_64.jar\org\bytedeco\javacpp\windows-x86_64\jniopencv_imgproc.dll
Event: 6.099 Loaded shared library C:\Users\Jay\.javacpp\cache\opencv-3.2.0-1.3-windows-x86_64.jar\org\bytedeco\javacpp\windows-x86_64\opencv_imgcodecs320.dll
Event: 6.108 Loaded shared library C:\Users\Jay\.javacpp\cache\opencv-3.2.0-1.3-windows-x86_64.jar\org\bytedeco\javacpp\windows-x86_64\jniopencv_imgcodecs.dll
Event: 6.275 Loaded shared library C:\Users\Jay\.javacpp\cache\opencv-3.2.0-1.3-windows-x86_64.jar\org\bytedeco\javacpp\windows-x86_64\opencv_videoio320.dll
Event: 6.286 Loaded shared library C:\Users\Jay\.javacpp\cache\opencv-3.2.0-1.3-windows-x86_64.jar\org\bytedeco\javacpp\windows-x86_64\jniopencv_videoio.dll
Event: 6.362 Loaded shared library C:\Users\Jay\.javacpp\cache\opencv-3.2.0-1.3-windows-x86_64.jar\org\bytedeco\javacpp\windows-x86_64\opencv_highgui320.dll
Event: 6.371 Loaded shared library C:\Users\Jay\.javacpp\cache\opencv-3.2.0-1.3-windows-x86_64.jar\org\bytedeco\javacpp\windows-x86_64\jniopencv_highgui.dll
Event: 6.417 Loaded shared library C:\Users\Jay\.javacpp\cache\opencv-3.2.0-1.3-windows-x86_64.jar\org\bytedeco\javacpp\windows-x86_64\opencv_ml320.dll
Event: 6.429 Loaded shared library C:\Users\Jay\.javacpp\cache\opencv-3.2.0-1.3-windows-x86_64.jar\org\bytedeco\javacpp\windows-x86_64\jniopencv_ml.dll
Event: 6.549 Loaded shared library C:\Users\Jay\.javacpp\cache\opencv-3.2.0-1.3-windows-x86_64.jar\org\bytedeco\javacpp\windows-x86_64\opencv_objdetect320.dll
Event: 6.560 Loaded shared library C:\Users\Jay\.javacpp\cache\opencv-3.2.0-1.3-windows-x86_64.jar\org\bytedeco\javacpp\windows-x86_64\jniopencv_objdetect.dll
Event: 6.652 Loaded shared library C:\Users\Jay\.javacpp\cache\opencv-3.2.0-1.3-windows-x86_64.jar\org\bytedeco\javacpp\windows-x86_64\opencv_face320.dll
Event: 6.661 Loaded shared library C:\Users\Jay\.javacpp\cache\opencv-3.2.0-1.3-windows-x86_64.jar\org\bytedeco\javacpp\windows-x86_64\jniopencv_face.dll
Event: 8.261 Loaded shared library C:\Windows\System32\ole32.dll
Event: 8.267 Loaded shared library C:\Windows\System32\oleaut32.dll
Event: 8.293 Loaded shared library C:\Users\Jay\.javacpp\cache\videoinput-0.200-1.3-windows-x86_64.jar\org\bytedeco\javacpp\windows-x86_64\jnivideoInputLib.dll
Event: 10.470 Loaded shared library C:\Users\Jay\.p2\pool\plugins\org.eclipse.justj.openjdk.hotspot.jre.full.win32.x86_64_17.0.8.v20230801-1951\jre\bin\awt.dll
Event: 20.392 Loaded shared library C:\Users\Jay\.p2\pool\plugins\org.eclipse.justj.openjdk.hotspot.jre.full.win32.x86_64_17.0.8.v20230801-1951\jre\bin\javajpeg.dll
Event: 20.400 Loaded shared library C:\Users\Jay\.p2\pool\plugins\org.eclipse.justj.openjdk.hotspot.jre.full.win32.x86_64_17.0.8.v20230801-1951\jre\bin\lcms.dll

Deoptimization events (20 events):
Event: 54.667 Thread 0x000001ee95b915d0 DEOPT PACKING pc=0x000001ee87b57ab0 sp=0x000000ae674fd830
Event: 54.667 Thread 0x000001ee95b915d0 DEOPT UNPACKING pc=0x000001ee875869a3 sp=0x000000ae674fd820 mode 2
Event: 54.669 Thread 0x000001ee95b915d0 Uncommon trap: trap_request=0xffffffbe fr.pc=0x000001ee87b57ab0 relative=0x00000000000019b0
Event: 54.669 Thread 0x000001ee95b915d0 Uncommon trap: reason=profile_predicate action=maybe_recompile pc=0x000001ee87b57ab0 method=javafx.css.CompoundSelector.applies(Ljavafx/css/Styleable;I[Ljava/util/Set;I)Z @ 103 c2
Event: 54.669 Thread 0x000001ee95b915d0 DEOPT PACKING pc=0x000001ee87b57ab0 sp=0x000000ae674fd830
Event: 54.669 Thread 0x000001ee95b915d0 DEOPT UNPACKING pc=0x000001ee875869a3 sp=0x000000ae674fd820 mode 2
Event: 56.741 Thread 0x000001ee95b92a10 DEOPT PACKING pc=0x000001ee809ed7f9 sp=0x000000ae672fe700
Event: 56.741 Thread 0x000001ee95b92a10 DEOPT UNPACKING pc=0x000001ee87587143 sp=0x000000ae672fdba0 mode 0
Event: 58.625 Thread 0x000001ee95b915d0 Uncommon trap: trap_request=0xffffff5c fr.pc=0x000001ee87e074a0 relative=0x0000000000000dc0
Event: 58.625 Thread 0x000001ee95b915d0 Uncommon trap: reason=speculate_null_check action=make_not_entrant pc=0x000001ee87e074a0 method=java.util.concurrent.locks.AbstractQueuedSynchronizer.acquire(Ljava/util/concurrent/locks/AbstractQueuedSynchronizer$Node;IZZZJ)I @ 254 c2
Event: 58.625 Thread 0x000001ee95b915d0 DEOPT PACKING pc=0x000001ee87e074a0 sp=0x000000ae674fe450
Event: 58.625 Thread 0x000001ee95b915d0 DEOPT UNPACKING pc=0x000001ee875869a3 sp=0x000000ae674fe3e0 mode 2
Event: 63.629 Thread 0x000001ee95b915d0 Uncommon trap: trap_request=0xffffff76 fr.pc=0x000001ee87e01b68 relative=0x0000000000000648
Event: 63.629 Thread 0x000001ee95b915d0 Uncommon trap: reason=predicate action=maybe_recompile pc=0x000001ee87e01b68 method=java.util.LinkedList.remove(Ljava/lang/Object;)Z @ 45 c2
Event: 63.629 Thread 0x000001ee95b915d0 DEOPT PACKING pc=0x000001ee87e01b68 sp=0x000000ae674fcf70
Event: 63.629 Thread 0x000001ee95b915d0 DEOPT UNPACKING pc=0x000001ee875869a3 sp=0x000000ae674fcf28 mode 2
Event: 63.641 Thread 0x000001ee95b915d0 Uncommon trap: trap_request=0xffffff76 fr.pc=0x000001ee87d06eec relative=0x000000000000042c
Event: 63.641 Thread 0x000001ee95b915d0 Uncommon trap: reason=predicate action=maybe_recompile pc=0x000001ee87d06eec method=java.util.ArrayList.remove(Ljava/lang/Object;)Z @ 42 c2
Event: 63.641 Thread 0x000001ee95b915d0 DEOPT PACKING pc=0x000001ee87d06eec sp=0x000000ae674fce00
Event: 63.641 Thread 0x000001ee95b915d0 DEOPT UNPACKING pc=0x000001ee875869a3 sp=0x000000ae674fcdd0 mode 2

Classes unloaded (0 events):
No events

Classes redefined (0 events):
No events

Internal exceptions (20 events):
Event: 10.498 Thread 0x000001eea05b3840 Exception <a 'java/lang/NoSuchMethodError'{0x0000000089d1f610}: 'java.lang.Object java.lang.invoke.DirectMethodHandle$Holder.invokeSpecial(java.lang.Object, java.lang.Object, java.lang.Object, java.lang.Object, int)'> (0x0000000089d1f610) 
thrown [s\src\hotspot\share\interpreter\linkResolver.cpp, line 759]
Event: 10.499 Thread 0x000001eea05b3840 Exception <a 'java/lang/NoSuchMethodError'{0x0000000089d22f30}: 'java.lang.Object java.lang.invoke.Invokers$Holder.linkToTargetMethod(java.lang.Object, java.lang.Object, int, java.lang.Object)'> (0x0000000089d22f30) 
thrown [s\src\hotspot\share\interpreter\linkResolver.cpp, line 759]
Event: 15.281 Thread 0x000001ee9a66b920 Implicit null exception at 0x000001ee87c48480 to 0x000001ee87c4a32c
Event: 17.285 Thread 0x000001ee95b92a10 Implicit null exception at 0x000001ee87cea950 to 0x000001ee87cea9bc
Event: 31.947 Thread 0x000001ee95b915d0 Implicit null exception at 0x000001ee87cea4c1 to 0x000001ee87cea57c
Event: 31.948 Thread 0x000001ee95b915d0 Implicit null exception at 0x000001ee87dc330d to 0x000001ee87dc4aa0
Event: 31.948 Thread 0x000001ee95b915d0 Implicit null exception at 0x000001ee87cc81d5 to 0x000001ee87cc8ba4
Event: 37.631 Thread 0x000001ee95b915d0 Implicit null exception at 0x000001ee87ceb060 to 0x000001ee87ceba14
Event: 38.547 Thread 0x000001ee95b915d0 Exception <a 'sun/nio/fs/WindowsException'{0x000000008e180b60}> (0x000000008e180b60) 
thrown [s\src\hotspot\share\prims\jni.cpp, line 516]
Event: 38.548 Thread 0x000001ee95b915d0 Exception <a 'sun/nio/fs/WindowsException'{0x000000008e180e08}> (0x000000008e180e08) 
thrown [s\src\hotspot\share\prims\jni.cpp, line 516]
Event: 53.264 Thread 0x000001ee95b915d0 Exception <a 'java/lang/NoSuchMethodError'{0x000000008e1c0688}: 'java.lang.Object java.lang.invoke.DirectMethodHandle$Holder.newInvokeSpecial(java.lang.Object, java.lang.Object, int, int, int, int, int, java.lang.Object)'> (0x000000008e1c0688) 
thrown [s\src\hotspot\share\interpreter\linkResolver.cpp, line 759]
Event: 53.272 Thread 0x000001ee95b915d0 Exception <a 'java/lang/NoSuchMethodError'{0x000000008e1d3660}: 'java.lang.Object java.lang.invoke.DirectMethodHandle$Holder.newInvokeSpecial(java.lang.Object, java.lang.Object, java.lang.Object, int, int, int, int, int)'> (0x000000008e1d3660) 
thrown [s\src\hotspot\share\interpreter\linkResolver.cpp, line 759]
Event: 53.275 Thread 0x000001ee95b915d0 Exception <a 'java/lang/NoSuchMethodError'{0x000000008e1daec0}: 'java.lang.Object java.lang.invoke.Invokers$Holder.linkToTargetMethod(java.lang.Object, java.lang.Object, int, int, int, int, int, java.lang.Object)'> (0x000000008e1daec0) 
thrown [s\src\hotspot\share\interpreter\linkResolver.cpp, line 759]
Event: 54.608 Thread 0x000001ee9a668b90 Exception <a 'sun/nio/fs/WindowsException'{0x000000008ce00288}> (0x000000008ce00288) 
thrown [s\src\hotspot\share\prims\jni.cpp, line 516]
Event: 54.608 Thread 0x000001ee9a668b90 Exception <a 'sun/nio/fs/WindowsException'{0x000000008ce00a38}> (0x000000008ce00a38) 
thrown [s\src\hotspot\share\prims\jni.cpp, line 516]
Event: 54.609 Thread 0x000001ee9a668b90 Exception <a 'sun/nio/fs/WindowsException'{0x000000008ce00fe0}> (0x000000008ce00fe0) 
thrown [s\src\hotspot\share\prims\jni.cpp, line 516]
Event: 54.609 Thread 0x000001ee9a668b90 Exception <a 'sun/nio/fs/WindowsException'{0x000000008ce01538}> (0x000000008ce01538) 
thrown [s\src\hotspot\share\prims\jni.cpp, line 516]
Event: 54.610 Thread 0x000001ee9a668b90 Exception <a 'sun/nio/fs/WindowsException'{0x000000008ce01e90}> (0x000000008ce01e90) 
thrown [s\src\hotspot\share\prims\jni.cpp, line 516]
Event: 54.611 Thread 0x000001ee9a668b90 Exception <a 'sun/nio/fs/WindowsException'{0x000000008ce027e8}> (0x000000008ce027e8) 
thrown [s\src\hotspot\share\prims\jni.cpp, line 516]
Event: 54.612 Thread 0x000001ee9a668b90 Exception <a 'sun/nio/fs/WindowsException'{0x000000008ce03140}> (0x000000008ce03140) 
thrown [s\src\hotspot\share\prims\jni.cpp, line 516]

VM Operations (20 events):
Event: 58.589 Executing VM operation: G1TryInitiateConcMark
Event: 58.591 Executing VM operation: G1TryInitiateConcMark done
Event: 59.139 Executing VM operation: G1TryInitiateConcMark
Event: 59.140 Executing VM operation: G1TryInitiateConcMark done
Event: 59.743 Executing VM operation: G1TryInitiateConcMark
Event: 59.745 Executing VM operation: G1TryInitiateConcMark done
Event: 60.240 Executing VM operation: HandshakeAllThreads
Event: 60.240 Executing VM operation: HandshakeAllThreads done
Event: 60.328 Executing VM operation: G1TryInitiateConcMark
Event: 60.330 Executing VM operation: G1TryInitiateConcMark done
Event: 60.963 Executing VM operation: G1TryInitiateConcMark
Event: 60.964 Executing VM operation: G1TryInitiateConcMark done
Event: 61.583 Executing VM operation: G1TryInitiateConcMark
Event: 61.584 Executing VM operation: G1TryInitiateConcMark done
Event: 62.135 Executing VM operation: G1TryInitiateConcMark
Event: 62.137 Executing VM operation: G1TryInitiateConcMark done
Event: 62.808 Executing VM operation: G1TryInitiateConcMark
Event: 62.811 Executing VM operation: G1TryInitiateConcMark done
Event: 63.371 Executing VM operation: G1TryInitiateConcMark
Event: 63.372 Executing VM operation: G1TryInitiateConcMark done

Events (20 events):
Event: 54.604 Thread 0x000001eea00cd220 Thread added: 0x000001eea00cd220
Event: 54.606 Thread 0x000001eea00cd220 Thread exited: 0x000001eea00cd220
Event: 54.607 Thread 0x000001eea00cdc40 Thread added: 0x000001eea00cdc40
Event: 54.609 Thread 0x000001eea00ceb70 Thread added: 0x000001eea00ceb70
Event: 54.610 Thread 0x000001eea00cb8d0 Thread added: 0x000001eea00cb8d0
Event: 54.611 Thread 0x000001eea00caeb0 Thread added: 0x000001eea00caeb0
Event: 54.612 Thread 0x000001eea00cf590 Thread added: 0x000001eea00cf590
Event: 54.665 Thread 0x000001eea00c9a70 Thread added: 0x000001eea00c9a70
Event: 54.666 Thread 0x000001eea00c9f80 Thread added: 0x000001eea00c9f80
Event: 54.667 Thread 0x000001eea05fe540 Thread added: 0x000001eea05fe540
Event: 54.668 Thread 0x000001eea00d09d0 Thread added: 0x000001eea00d09d0
Event: 54.670 Thread 0x000001eea00c9a70 Thread exited: 0x000001eea00c9a70
Event: 54.680 Thread 0x000001eea00c9f80 Thread exited: 0x000001eea00c9f80
Event: 54.683 Thread 0x000001eea00d09d0 Thread exited: 0x000001eea00d09d0
Event: 55.168 Thread 0x000001eea05fe540 Thread exited: 0x000001eea05fe540
Event: 56.610 Thread 0x000001eea00ceb70 Thread exited: 0x000001eea00ceb70
Event: 57.614 Thread 0x000001eea00cb8d0 Thread exited: 0x000001eea00cb8d0
Event: 58.615 Thread 0x000001eea00cdc40 Thread exited: 0x000001eea00cdc40
Event: 58.616 Thread 0x000001eea00caeb0 Thread exited: 0x000001eea00caeb0
Event: 59.617 Thread 0x000001eea00cf590 Thread exited: 0x000001eea00cf590


Dynamic libraries:
0x00007ff642c60000 - 0x00007ff642c6e000 	C:\Users\Jay\.p2\pool\plugins\org.eclipse.justj.openjdk.hotspot.jre.full.win32.x86_64_17.0.8.v20230801-1951\jre\bin\javaw.exe
0x00007ff822e30000 - 0x00007ff823028000 	C:\WINDOWS\SYSTEM32\ntdll.dll
0x00007ff8229e0000 - 0x00007ff822a9d000 	C:\WINDOWS\System32\KERNEL32.DLL
0x00007ff820a30000 - 0x00007ff820cfe000 	C:\WINDOWS\System32\KERNELBASE.dll
0x00007ff820930000 - 0x00007ff820a30000 	C:\WINDOWS\System32\ucrtbase.dll
0x00007ff818c70000 - 0x00007ff818c87000 	C:\Users\Jay\.p2\pool\plugins\org.eclipse.justj.openjdk.hotspot.jre.full.win32.x86_64_17.0.8.v20230801-1951\jre\bin\jli.dll
0x00007ff8217a0000 - 0x00007ff821940000 	C:\WINDOWS\System32\USER32.dll
0x00007ff817df0000 - 0x00007ff817e09000 	C:\Users\Jay\.p2\pool\plugins\org.eclipse.justj.openjdk.hotspot.jre.full.win32.x86_64_17.0.8.v20230801-1951\jre\bin\VCRUNTIME140.dll
0x00007ff820f50000 - 0x00007ff820f72000 	C:\WINDOWS\System32\win32u.dll
0x00007ff821a10000 - 0x00007ff821a3a000 	C:\WINDOWS\System32\GDI32.dll
0x00007ff820d30000 - 0x00007ff820e3b000 	C:\WINDOWS\System32\gdi32full.dll
0x00007ff80f830000 - 0x00007ff80faca000 	C:\WINDOWS\WinSxS\amd64_microsoft.windows.common-controls_6595b64144ccf1df_6.0.19041.1110_none_60b5254171f9507e\COMCTL32.dll
0x00007ff820e40000 - 0x00007ff820edd000 	C:\WINDOWS\System32\msvcp_win.dll
0x00007ff821c70000 - 0x00007ff821d0e000 	C:\WINDOWS\System32\msvcrt.dll
0x00007ff822c90000 - 0x00007ff822cc0000 	C:\WINDOWS\System32\IMM32.DLL
0x00007ff81b600000 - 0x00007ff81b60c000 	C:\Users\Jay\.p2\pool\plugins\org.eclipse.justj.openjdk.hotspot.jre.full.win32.x86_64_17.0.8.v20230801-1951\jre\bin\vcruntime140_1.dll
0x00007fffee220000 - 0x00007fffee2b1000 	C:\Users\Jay\.p2\pool\plugins\org.eclipse.justj.openjdk.hotspot.jre.full.win32.x86_64_17.0.8.v20230801-1951\jre\bin\msvcp140.dll
0x00007fffe32c0000 - 0x00007fffe3f0c000 	C:\Users\Jay\.p2\pool\plugins\org.eclipse.justj.openjdk.hotspot.jre.full.win32.x86_64_17.0.8.v20230801-1951\jre\bin\server\jvm.dll
0x00007ff822d40000 - 0x00007ff822dee000 	C:\WINDOWS\System32\ADVAPI32.dll
0x00007ff822bf0000 - 0x00007ff822c8c000 	C:\WINDOWS\System32\sechost.dll
0x00007ff821670000 - 0x00007ff821795000 	C:\WINDOWS\System32\RPCRT4.dll
0x00007ff8204b0000 - 0x00007ff8204fb000 	C:\WINDOWS\SYSTEM32\POWRPROF.dll
0x00007ff818d90000 - 0x00007ff818d99000 	C:\WINDOWS\SYSTEM32\WSOCK32.dll
0x00007ff822cc0000 - 0x00007ff822d2b000 	C:\WINDOWS\System32\WS2_32.dll
0x00007ff810280000 - 0x00007ff8102a7000 	C:\WINDOWS\SYSTEM32\WINMM.dll
0x00007ff80d9d0000 - 0x00007ff80d9da000 	C:\WINDOWS\SYSTEM32\VERSION.dll
0x00007ff820490000 - 0x00007ff8204a2000 	C:\WINDOWS\SYSTEM32\UMPDC.dll
0x00007ff81e530000 - 0x00007ff81e542000 	C:\WINDOWS\SYSTEM32\kernel.appcore.dll
0x00007ff815ce0000 - 0x00007ff815cea000 	C:\Users\Jay\.p2\pool\plugins\org.eclipse.justj.openjdk.hotspot.jre.full.win32.x86_64_17.0.8.v20230801-1951\jre\bin\jimage.dll
0x00007ff80cb20000 - 0x00007ff80cd04000 	C:\WINDOWS\SYSTEM32\DBGHELP.DLL
0x00007ff80caf0000 - 0x00007ff80cb1c000 	C:\WINDOWS\SYSTEM32\dbgcore.DLL
0x00007ff8207f0000 - 0x00007ff820872000 	C:\WINDOWS\System32\bcryptPrimitives.dll
0x00007ff8119b0000 - 0x00007ff8119d5000 	C:\Users\Jay\.p2\pool\plugins\org.eclipse.justj.openjdk.hotspot.jre.full.win32.x86_64_17.0.8.v20230801-1951\jre\bin\java.dll
0x00007ff813230000 - 0x00007ff813248000 	C:\Users\Jay\.p2\pool\plugins\org.eclipse.justj.openjdk.hotspot.jre.full.win32.x86_64_17.0.8.v20230801-1951\jre\bin\zip.dll
0x00007ff822180000 - 0x00007ff8228c3000 	C:\WINDOWS\System32\SHELL32.dll
0x00007ff81e730000 - 0x00007ff81eec5000 	C:\WINDOWS\SYSTEM32\windows.storage.dll
0x00007ff821040000 - 0x00007ff821394000 	C:\WINDOWS\System32\combase.dll
0x00007ff81ffd0000 - 0x00007ff820000000 	C:\WINDOWS\SYSTEM32\Wldp.dll
0x00007ff820f90000 - 0x00007ff82103d000 	C:\WINDOWS\System32\SHCORE.dll
0x00007ff822980000 - 0x00007ff8229d5000 	C:\WINDOWS\System32\shlwapi.dll
0x00007ff820580000 - 0x00007ff82059f000 	C:\WINDOWS\SYSTEM32\profapi.dll
0x00007ff811990000 - 0x00007ff8119a9000 	C:\Users\Jay\.p2\pool\plugins\org.eclipse.justj.openjdk.hotspot.jre.full.win32.x86_64_17.0.8.v20230801-1951\jre\bin\net.dll
0x00007ff814980000 - 0x00007ff814a8a000 	C:\WINDOWS\SYSTEM32\WINHTTP.dll
0x00007ff81fd30000 - 0x00007ff81fd9a000 	C:\WINDOWS\system32\mswsock.dll
0x00007ff811970000 - 0x00007ff811985000 	C:\Users\Jay\.p2\pool\plugins\org.eclipse.justj.openjdk.hotspot.jre.full.win32.x86_64_17.0.8.v20230801-1951\jre\bin\nio.dll
0x000001ee95f50000 - 0x000001ee95f53000 	C:\javafx-sdk-20.0.2\bin\api-ms-win-core-console-l1-1-0.dll
0x000001ee95f60000 - 0x000001ee95f63000 	C:\javafx-sdk-20.0.2\bin\api-ms-win-core-console-l1-2-0.dll
0x000001ee95f70000 - 0x000001ee95f73000 	C:\javafx-sdk-20.0.2\bin\api-ms-win-core-datetime-l1-1-0.dll
0x000001ee95f80000 - 0x000001ee95f83000 	C:\javafx-sdk-20.0.2\bin\api-ms-win-core-debug-l1-1-0.dll
0x000001ee95f90000 - 0x000001ee95f93000 	C:\javafx-sdk-20.0.2\bin\api-ms-win-core-errorhandling-l1-1-0.dll
0x000001ee95fa0000 - 0x000001ee95fa4000 	C:\javafx-sdk-20.0.2\bin\api-ms-win-core-file-l1-1-0.dll
0x000001ee95fb0000 - 0x000001ee95fb3000 	C:\javafx-sdk-20.0.2\bin\api-ms-win-core-file-l1-2-0.dll
0x000001ee95fc0000 - 0x000001ee95fc3000 	C:\javafx-sdk-20.0.2\bin\api-ms-win-core-file-l2-1-0.dll
0x000001ee95fd0000 - 0x000001ee95fd3000 	C:\javafx-sdk-20.0.2\bin\api-ms-win-core-handle-l1-1-0.dll
0x000001ee95fe0000 - 0x000001ee95fe3000 	C:\javafx-sdk-20.0.2\bin\api-ms-win-core-heap-l1-1-0.dll
0x000001ee95ff0000 - 0x000001ee95ff3000 	C:\javafx-sdk-20.0.2\bin\api-ms-win-core-interlocked-l1-1-0.dll
0x000001ee9a900000 - 0x000001ee9a903000 	C:\javafx-sdk-20.0.2\bin\api-ms-win-core-libraryloader-l1-1-0.dll
0x000001ee9a910000 - 0x000001ee9a913000 	C:\javafx-sdk-20.0.2\bin\api-ms-win-core-localization-l1-2-0.dll
0x000001ee9a920000 - 0x000001ee9a923000 	C:\javafx-sdk-20.0.2\bin\api-ms-win-core-memory-l1-1-0.dll
0x000001ee9a930000 - 0x000001ee9a933000 	C:\javafx-sdk-20.0.2\bin\api-ms-win-core-namedpipe-l1-1-0.dll
0x000001ee9a940000 - 0x000001ee9a943000 	C:\javafx-sdk-20.0.2\bin\api-ms-win-core-processenvironment-l1-1-0.dll
0x000001ee9a950000 - 0x000001ee9a953000 	C:\javafx-sdk-20.0.2\bin\api-ms-win-core-processthreads-l1-1-0.dll
0x000001ee9a960000 - 0x000001ee9a963000 	C:\javafx-sdk-20.0.2\bin\api-ms-win-core-processthreads-l1-1-1.dll
0x000001ee9a970000 - 0x000001ee9a973000 	C:\javafx-sdk-20.0.2\bin\api-ms-win-core-profile-l1-1-0.dll
0x000001ee9a980000 - 0x000001ee9a983000 	C:\javafx-sdk-20.0.2\bin\api-ms-win-core-rtlsupport-l1-1-0.dll
0x000001ee9a990000 - 0x000001ee9a993000 	C:\javafx-sdk-20.0.2\bin\api-ms-win-core-string-l1-1-0.dll
0x000001ee9a9a0000 - 0x000001ee9a9a3000 	C:\javafx-sdk-20.0.2\bin\api-ms-win-core-synch-l1-1-0.dll
0x000001ee9a9b0000 - 0x000001ee9a9b3000 	C:\javafx-sdk-20.0.2\bin\api-ms-win-core-synch-l1-2-0.dll
0x000001ee9a9c0000 - 0x000001ee9a9c3000 	C:\javafx-sdk-20.0.2\bin\api-ms-win-core-sysinfo-l1-1-0.dll
0x000001ee9a9d0000 - 0x000001ee9a9d3000 	C:\javafx-sdk-20.0.2\bin\api-ms-win-core-timezone-l1-1-0.dll
0x000001ee9a9e0000 - 0x000001ee9a9e3000 	C:\javafx-sdk-20.0.2\bin\api-ms-win-core-util-l1-1-0.dll
0x000001ee9a9f0000 - 0x000001ee9a9f3000 	C:\javafx-sdk-20.0.2\bin\api-ms-win-crt-conio-l1-1-0.dll
0x000001ee9aa00000 - 0x000001ee9aa04000 	C:\javafx-sdk-20.0.2\bin\api-ms-win-crt-convert-l1-1-0.dll
0x000001ee9aa10000 - 0x000001ee9aa13000 	C:\javafx-sdk-20.0.2\bin\api-ms-win-crt-environment-l1-1-0.dll
0x000001ee9aa20000 - 0x000001ee9aa23000 	C:\javafx-sdk-20.0.2\bin\api-ms-win-crt-filesystem-l1-1-0.dll
0x000001ee9aa30000 - 0x000001ee9aa33000 	C:\javafx-sdk-20.0.2\bin\api-ms-win-crt-heap-l1-1-0.dll
0x000001ee9aa40000 - 0x000001ee9aa43000 	C:\javafx-sdk-20.0.2\bin\api-ms-win-crt-locale-l1-1-0.dll
0x000001ee9aa50000 - 0x000001ee9aa55000 	C:\javafx-sdk-20.0.2\bin\api-ms-win-crt-math-l1-1-0.dll
0x000001ee9aa60000 - 0x000001ee9aa65000 	C:\javafx-sdk-20.0.2\bin\api-ms-win-crt-multibyte-l1-1-0.dll
0x000001ee9aa70000 - 0x000001ee9aa80000 	C:\javafx-sdk-20.0.2\bin\api-ms-win-crt-private-l1-1-0.dll
0x000001ee9aa80000 - 0x000001ee9aa83000 	C:\javafx-sdk-20.0.2\bin\api-ms-win-crt-process-l1-1-0.dll
0x000001ee9aa90000 - 0x000001ee9aa94000 	C:\javafx-sdk-20.0.2\bin\api-ms-win-crt-runtime-l1-1-0.dll
0x000001ee9aaa0000 - 0x000001ee9aaa4000 	C:\javafx-sdk-20.0.2\bin\api-ms-win-crt-stdio-l1-1-0.dll
0x000001ee9aab0000 - 0x000001ee9aab4000 	C:\javafx-sdk-20.0.2\bin\api-ms-win-crt-string-l1-1-0.dll
0x000001ee9aac0000 - 0x000001ee9aac3000 	C:\javafx-sdk-20.0.2\bin\api-ms-win-crt-time-l1-1-0.dll
0x000001ee9aad0000 - 0x000001ee9aad3000 	C:\javafx-sdk-20.0.2\bin\api-ms-win-crt-utility-l1-1-0.dll
0x00007fffeb4a0000 - 0x00007fffeb59c000 	C:\javafx-sdk-20.0.2\bin\ucrtbase.dll
0x00007ff8175b0000 - 0x00007ff8175cb000 	C:\javafx-sdk-20.0.2\bin\vcruntime140.dll
0x00007ff8199d0000 - 0x00007ff8199dc000 	C:\javafx-sdk-20.0.2\bin\vcruntime140_1.dll
0x00007fffee660000 - 0x00007fffee6ee000 	C:\javafx-sdk-20.0.2\bin\msvcp140.dll
0x00007ff8194c0000 - 0x00007ff8194c9000 	C:\javafx-sdk-20.0.2\bin\msvcp140_1.dll
0x00007ffff7270000 - 0x00007ffff72a0000 	C:\javafx-sdk-20.0.2\bin\msvcp140_2.dll
0x00007ffff7240000 - 0x00007ffff726f000 	C:\javafx-sdk-20.0.2\bin\prism_d3d.dll
0x00007fffeeb60000 - 0x00007fffeed2f000 	C:\WINDOWS\system32\d3d9.dll
0x00007ff81e320000 - 0x00007ff81e34f000 	C:\WINDOWS\SYSTEM32\dwmapi.dll
0x00007ff81e050000 - 0x00007ff81e0ee000 	C:\WINDOWS\system32\uxtheme.dll
0x00007ff821940000 - 0x00007ff821a0d000 	C:\WINDOWS\System32\OLEAUT32.dll
0x00007ff822ac0000 - 0x00007ff822bea000 	C:\WINDOWS\System32\ole32.dll
0x00007ff821d10000 - 0x00007ff82217f000 	C:\WINDOWS\System32\SETUPAPI.dll
0x00007ff8207a0000 - 0x00007ff8207ee000 	C:\WINDOWS\System32\cfgmgr32.dll
0x00007ff820d00000 - 0x00007ff820d27000 	C:\WINDOWS\System32\bcrypt.dll
0x00007ffff5920000 - 0x00007ffff5962000 	C:\javafx-sdk-20.0.2\bin\glass.dll
0x00007ff821410000 - 0x00007ff8214ea000 	C:\WINDOWS\System32\COMDLG32.dll
0x00007ff821550000 - 0x00007ff821665000 	C:\WINDOWS\System32\MSCTF.dll
0x00007ff81b5a0000 - 0x00007ff81b5db000 	C:\WINDOWS\SYSTEM32\dxcore.dll
0x00007ff817130000 - 0x00007ff817144000 	C:\javafx-sdk-20.0.2\bin\javafx_font.dll
0x00007ffff6a60000 - 0x00007ffff6a8d000 	C:\javafx-sdk-20.0.2\bin\javafx_iio.dll
0x00007ff816d50000 - 0x00007ff816fcf000 	C:\WINDOWS\SYSTEM32\dwrite.dll
0x00007ff8228d0000 - 0x00007ff822979000 	C:\WINDOWS\System32\clbcatq.dll
0x00007ff819160000 - 0x00007ff819314000 	C:\WINDOWS\SYSTEM32\WindowsCodecs.dll
0x00007ff8074a0000 - 0x00007ff8074de000 	C:\WINDOWS\system32\dataexchange.dll
0x00007ff81c7a0000 - 0x00007ff81ca03000 	C:\WINDOWS\system32\d3d11.dll
0x00007ff81ca10000 - 0x00007ff81cbf4000 	C:\WINDOWS\system32\dcomp.dll
0x00007ff81ef30000 - 0x00007ff81f023000 	C:\WINDOWS\system32\dxgi.dll
0x00007ff818de0000 - 0x00007ff818fe0000 	C:\WINDOWS\system32\twinapi.appcore.dll
0x00007ff819840000 - 0x00007ff819939000 	C:\WINDOWS\SYSTEM32\textinputframework.dll
0x00007ff81d1c0000 - 0x00007ff81d51e000 	C:\WINDOWS\System32\CoreUIComponents.dll
0x00007ff81d8a0000 - 0x00007ff81d992000 	C:\WINDOWS\System32\CoreMessaging.dll
0x00007ff81f340000 - 0x00007ff81f373000 	C:\WINDOWS\SYSTEM32\ntmarta.dll
0x00007ff81c640000 - 0x00007ff81c794000 	C:\WINDOWS\SYSTEM32\wintypes.dll
0x00007ff8128c0000 - 0x00007ff812926000 	C:\WINDOWS\system32\Oleacc.dll
0x00007fffeb3b0000 - 0x00007fffeb49f000 	C:\Users\Jay\.javacpp\cache\opencv-3.2.0-1.3-windows-x86_64.jar\org\bytedeco\javacpp\windows-x86_64\msvcr120.dll
0x00007fffed5b0000 - 0x00007fffed656000 	C:\Users\Jay\.javacpp\cache\opencv-3.2.0-1.3-windows-x86_64.jar\org\bytedeco\javacpp\windows-x86_64\msvcp120.dll
0x00007fffea6f0000 - 0x00007fffea978000 	C:\Users\Jay\.javacpp\cache\opencv-3.2.0-1.3-windows-x86_64.jar\org\bytedeco\javacpp\windows-x86_64\opencv_core320.dll
0x00007fffe8420000 - 0x00007fffe8782000 	C:\Users\Jay\.javacpp\cache\opencv-3.2.0-1.3-windows-x86_64.jar\org\bytedeco\javacpp\windows-x86_64\opencv_imgproc320.dll
0x00007fffea110000 - 0x00007fffea35a000 	C:\Users\Jay\.javacpp\cache\opencv-3.2.0-1.3-windows-x86_64.jar\org\bytedeco\javacpp\windows-x86_64\jniopencv_core.dll
0x00007ff820f80000 - 0x00007ff820f88000 	C:\WINDOWS\System32\PSAPI.DLL
0x00007fffeb2c0000 - 0x00007fffeb3b0000 	C:\Users\Jay\.javacpp\cache\opencv-3.2.0-1.3-windows-x86_64.jar\org\bytedeco\javacpp\windows-x86_64\jniopencv_imgproc.dll

dbghelp: loaded successfully - version: 4.0.5 - missing functions: none
symbol engine: initialized successfully - sym options: 0x614 - pdb path: .;C:\Users\Jay\.p2\pool\plugins\org.eclipse.justj.openjdk.hotspot.jre.full.win32.x86_64_17.0.8.v20230801-1951\jre\bin;C:\WINDOWS\SYSTEM32;C:\WINDOWS\WinSxS\amd64_microsoft.windows.common-controls_6595b64144ccf1df_6.0.19041.1110_none_60b5254171f9507e;C:\Users\Jay\.p2\pool\plugins\org.eclipse.justj.openjdk.hotspot.jre.full.win32.x86_64_17.0.8.v20230801-1951\jre\bin\server;C:\javafx-sdk-20.0.2\bin;C:\WINDOWS\System32\DriverStore\FileRepository\igdlh64.inf_amd64_82119d956c80af5a;C:\Program Files\Common Files\Microsoft Shared\Ink;C:\Users\Jay\.javacpp\cache\opencv-3.2.0-1.3-windows-x86_64.jar\org\bytedeco\javacpp\windows-x86_64;C:\Users\Jay\.javacpp\cache\videoinput-0.200-1.3-windows-x86_64.jar\org\bytedeco\javacpp\windows-x86_64;C:\WINDOWS\WinSxS\amd64_microsoft.windows.gdiplus_6595b64144ccf1df_1.1.19041.2006_none_919e9136cc8d4791;C:\Program Files (x86)\DroidCam\lib

VM Arguments:
jvm_args: --module-path=C:\javafx-sdk-20.0.2\lib --add-modules=javafx.controls,javafx.fxml -Dfile.encoding=UTF-8 -XX:+ShowCodeDetailsInExceptionMessages 
java_command: application.Main
java_class_path (initial): C:\Users\Jay\Desktop\facebio\Facebioreg\target\classes;C:\Users\Jay\Desktop\javafx-sdk-20.0.2\lib\javafx-swt.jar;C:\Users\Jay\Desktop\javafx-sdk-20.0.2\lib\javafx.base.jar;C:\Users\Jay\Desktop\javafx-sdk-20.0.2\lib\javafx.controls.jar;C:\Users\Jay\Desktop\javafx-sdk-20.0.2\lib\javafx.fxml.jar;C:\Users\Jay\Desktop\javafx-sdk-20.0.2\lib\javafx.graphics.jar;C:\Users\Jay\Desktop\javafx-sdk-20.0.2\lib\javafx.media.jar;C:\Users\Jay\Desktop\javafx-sdk-20.0.2\lib\javafx.swing.jar;C:\Users\Jay\Desktop\javafx-sdk-20.0.2\lib\javafx.web.jar;C:\Users\Jay\.p2\pool\plugins\org.eclipse.fx.ide.css.jfx8_3.8.0.202204150904.jar;C:\Users\Jay\Desktop\facebio\Facebioreg\opencv-341.jar;C:\Users\Jay\.m2\repository\org\bytedeco\javacv-platform\1.3.2\javacv-platform-1.3.2.jar;C:\Users\Jay\.m2\repository\org\bytedeco\javacv\1.3.2\javacv-1.3.2.jar;C:\Users\Jay\.m2\repository\org\bytedeco\javacpp\1.3.2\javacpp-1.3.2.jar;C:\Users\Jay\.m2\repository\org\bytedeco\javacpp-presets\opencv\3.2.0-1.3\opencv-3.2.0-1.3.jar;C:\Users\Jay\.m2\repository\org\bytedeco\javacpp-presets\ffmpeg\3.2.1-1.3\ffmpeg-3.2.1-1.3.jar;C:\Users\Jay\.m2\repository\org\bytedeco\javacpp-presets\flycapture\2.9.3.43-1.3\flycapture-2.9.3.43-1.3.jar;C:\Users\Jay\.m2\repository\org\bytedeco\javacpp-presets\libdc1394\2.2.4-1.3\libdc1394-2.2.4-1.3.jar;C:\Users\Jay\.m2\repository\org\bytedeco\javacpp-presets\libfreenect\0.5.3-1.3\libfreenect-0.5.3-1.3.jar;C:\Users\Jay\.m2\repository\org\bytedeco\javacpp-presets\libfreenect2\0.2.0-1.3\libfreenect2-0.2.0-1.3.jar;C:\Users\Jay\.m2\repository\org\bytedeco\javacpp-presets\librealsense\1.9.6-1.3\librealsense-1.9.6-1.3.jar;C:\Users\Jay\.m2\repository\org\bytedeco\javacpp-presets\videoinput\0.200-1.3\videoinput-0.200-1.3.jar;C:\Users\Jay\.m2\repository\org\bytedeco\javacpp-presets\artoolkitplus\2.3.1-1.3\artoolkitplus-2.3.1-1.3.jar;C:\Users\Jay\.m2\repository\org\bytedeco\javacpp-presets\flandmark\1.07-1.3\flandmark-1.07-1.3.jar;C:\Users\Jay\.m2\repository\org\byted
Launcher Type: SUN_STANDARD

[Global flags]
     intx CICompilerCount                          = 3                                         {product} {ergonomic}
     uint ConcGCThreads                            = 1                                         {product} {ergonomic}
     uint G1ConcRefinementThreads                  = 4                                         {product} {ergonomic}
   size_t G1HeapRegionSize                         = 1048576                                   {product} {ergonomic}
    uintx GCDrainStackTargetSize                   = 64                                        {product} {ergonomic}
   size_t InitialHeapSize                          = 134217728                                 {product} {ergonomic}
   size_t MarkStackSize                            = 4194304                                   {product} {ergonomic}
   size_t MaxHeapSize                              = 2116026368                                {product} {ergonomic}
   size_t MaxNewSize                               = 1268776960                                {product} {ergonomic}
   size_t MinHeapDeltaBytes                        = 1048576                                   {product} {ergonomic}
   size_t MinHeapSize                              = 8388608                                   {product} {ergonomic}
    uintx NonNMethodCodeHeapSize                   = 5832780                                {pd product} {ergonomic}
    uintx NonProfiledCodeHeapSize                  = 122912730                              {pd product} {ergonomic}
    uintx ProfiledCodeHeapSize                     = 122912730                              {pd product} {ergonomic}
    uintx ReservedCodeCacheSize                    = 251658240                              {pd product} {ergonomic}
     bool SegmentedCodeCache                       = true                                      {product} {ergonomic}
     bool ShowCodeDetailsInExceptionMessages       = true                                   {manageable} {command line}
   size_t SoftMaxHeapSize                          = 2116026368                             {manageable} {ergonomic}
     bool UseCompressedClassPointers               = true                           {product lp64_product} {ergonomic}
     bool UseCompressedOops                        = true                           {product lp64_product} {ergonomic}
     bool UseG1GC                                  = true                                      {product} {ergonomic}
     bool UseLargePagesIndividualAllocation        = false                                  {pd product} {ergonomic}

Logging:
Log output configuration:
 #0: stdout all=warning uptime,level,tags
 #1: stderr all=off uptime,level,tags

Environment Variables:
CLASSPATH=.;.;C:\PROGRA~2\JMF21~1.1E\lib\sound.jar;C:\PROGRA~2\JMF21~1.1E\lib\jmf.jar;C:\PROGRA~2\JMF21~1.1E\lib;
PATH=C:/Users/Jay/.p2/pool/plugins/org.eclipse.justj.openjdk.hotspot.jre.full.win32.x86_64_17.0.8.v20230801-1951/jre/bin/server;C:/Users/Jay/.p2/pool/plugins/org.eclipse.justj.openjdk.hotspot.jre.full.win32.x86_64_17.0.8.v20230801-1951/jre/bin;C:\Program Files\Common Files\Oracle\Java\javapath;C:\WINDOWS\system32;C:\WINDOWS;C:\WINDOWS\System32\Wbem;C:\WINDOWS\System32\WindowsPowerShell\v1.0\;C:\Program Files\nodejs\;C:\Program Files\Git\cmd;C:\xampp\php;C:\composer;C:\WINDOWS\System32\OpenSSH\;C:\Program Files\Microsoft SQL Server\150\Tools\Binn\;C:\Program Files\Microsoft SQL Server\Client SDK\ODBC\170\Tools\Binn\;C:\Program Files\dotnet\;C:\Program Files\PowerShell\7\;C:\Users\Jay\.console-ninja\.bin;C:\Users\Jay\AppData\Roaming\npm;C:\Users\Jay\AppData\Local\Programs\Microsoft VS Code\bin;C:\Users\Jay\AppData\Roaming\Composer\vendor\bin;C:\Users\Jay\AppData\Local\Microsoft\WindowsApps;C:\Users\Jay\.dotnet\tools;C:\Users\Jay\.fly\bin;C:\WINDOWS\system32;
USERNAME=Jay
OS=Windows_NT
PROCESSOR_IDENTIFIER=Intel64 Family 6 Model 78 Stepping 3, GenuineIntel
TMP=C:\Users\Jay\AppData\Local\Temp
TEMP=C:\Users\Jay\AppData\Local\Temp



---------------  S Y S T E M  ---------------

OS:
 Windows 10 , 64 bit Build 19041 (10.0.19041.1889)
OS uptime: 3 days 7:19 hours

CPU: total 4 (initial active 4) (2 cores per cpu, 2 threads per core) family 6 model 78 stepping 3 microcode 0xcc, cx8, cmov, fxsr, ht, mmx, 3dnowpref, sse, sse2, sse3, ssse3, sse4.1, sse4.2, popcnt, lzcnt, tsc, tscinvbit, avx, avx2, aes, erms, clmul, bmi1, bmi2, adx, fma, vzeroupper, clflush, clflushopt
Processor Information for processor 0
  Max Mhz: 2000, Current Mhz: 1500, Mhz Limit: 2000
Processor Information for processor 1
  Max Mhz: 2000, Current Mhz: 2000, Mhz Limit: 2000
Processor Information for processor 2
  Max Mhz: 2000, Current Mhz: 1500, Mhz Limit: 2000
Processor Information for processor 3
  Max Mhz: 2000, Current Mhz: 2000, Mhz Limit: 2000

Memory: 4k page, system-wide physical 8065M (2599M free)
TotalPageFile size 12964M (AvailPageFile size 4024M)
current process WorkingSet (physical memory assigned to process): 369M, peak: 405M
current process commit charge ("private bytes"): 453M, peak: 497M

vm_info: OpenJDK 64-Bit Server VM (17.0.8+7) for windows-amd64 JRE (17.0.8+7), built on Jul 18 2023 21:02:32 by "admin" with MS VC++ 16.7 (VS2019)

END.
