#
# A fatal error has been detected by the Java Runtime Environment:
#
#  EXCEPTION_ACCESS_VIOLATION (0xc0000005) at pc=0x00007ff822e93466, pid=12336, tid=7464
#
# JRE version: OpenJDK Runtime Environment Temurin-17.0.8+7 (17.0.8+7) (build 17.0.8+7)
# Java VM: OpenJDK 64-Bit Server VM Temurin-17.0.8+7 (17.0.8+7, mixed mode, tiered, compressed oops, compressed class ptrs, g1 gc, windows-amd64)
# Problematic frame:
# C  [ntdll.dll+0x63466]
#
# No core dump will be written. Minidumps are not enabled by default on client versions of Windows
#
# If you would like to submit a bug report, please visit:
#   https://github.com/adoptium/adoptium-support/issues
# The crash happened outside the Java Virtual Machine in native code.
# See problematic frame for where to report the bug.
#

---------------  S U M M A R Y ------------

Command Line: --module-path=C:\javafx-sdk-20.0.2\lib --add-modules=javafx.controls,javafx.fxml -Dfile.encoding=UTF-8 -XX:+ShowCodeDetailsInExceptionMessages application.Main

Host: Intel(R) Core(TM) i3-6006U CPU @ 2.00GHz, 4 cores, 7G,  Windows 10 , 64 bit Build 19041 (10.0.19041.1889)
Time: Fri Sep 15 22:39:56 2023 Coordinated Universal Time elapsed time: 85.613187 seconds (0d 0h 1m 25s)

---------------  T H R E A D  ---------------

Current thread (0x000002104c008160):  JavaThread "Thread-14" [_thread_in_native, id=7464, stack(0x000000e64c300000,0x000000e64c400000)]

Stack: [0x000000e64c300000,0x000000e64c400000],  sp=0x000000e64c3fecd0,  free space=1019k
Native frames: (J=compiled Java code, j=interpreted, Vv=VM code, C=native code)
C  [ntdll.dll+0x63466]
C  [ntdll.dll+0x2fcb4]
C  [ntdll.dll+0x2fae2]
C  0x00007ffff5932be7

Java frames: (J=compiled Java code, j=interpreted, Vv=VM code)
J 5837  org.bytedeco.javacpp.opencv_videoio$VideoCapture.retrieve(Lorg/bytedeco/javacpp/opencv_core$Mat;)Z (0 bytes) @ 0x00000210332ffb6f [0x00000210332ffb20+0x000000000000004f]
J 5836 c1 org.bytedeco.javacv.OpenCVFrameGrabber.grab()Lorg/bytedeco/javacv/Frame; (255 bytes) @ 0x000002102bad52a4 [0x000002102bad5200+0x00000000000000a4]
j  application.FaceDetector.run()V+988
j  java.lang.Thread.run()V+11 java.base@17.0.8
v  ~StubRoutines::call_stub

siginfo: EXCEPTION_ACCESS_VIOLATION (0xc0000005), writing address 0x0000000000000024


Register to memory mapping:

RIP=0x00007ff822e93466 ntdll.dll
RAX=0x0 is NULL
RBX=0x000002104d793bd8 points into unknown readable memory: 0x0000000000000000 | 00 00 00 00 00 00 00 00
RCX=0x000002104d793bd8 points into unknown readable memory: 0x0000000000000000 | 00 00 00 00 00 00 00 00
RDX=0x00000000fffffffa is an unallocated location in the heap
RSP=0x000000e64c3fecd0 is pointing into the stack for thread: 0x000002104c008160
RBP=0x0 is NULL
RSI=0x0 is NULL
RDI=0x0 is NULL
R8 =0x0 is NULL
R9 =0x000002104d793b00 points into unknown readable memory: 0x0066006100760061 | 61 00 76 00 61 00 66 00
R10=0x0 is NULL
R11=0x0000000000000246 is an unknown value
R12=0x0 is NULL
R13=0x000000e648bdf000 points into unknown readable memory: 0x0000000000000000 | 00 00 00 00 00 00 00 00
R14=0x0000000000000001 is an unknown value
R15=0x0 is NULL


Registers:
RAX=0x0000000000000000, RBX=0x000002104d793bd8, RCX=0x000002104d793bd8, RDX=0x00000000fffffffa
RSP=0x000000e64c3fecd0, RBP=0x0000000000000000, RSI=0x0000000000000000, RDI=0x0000000000000000
R8 =0x0000000000000000, R9 =0x000002104d793b00, R10=0x0000000000000000, R11=0x0000000000000246
R12=0x0000000000000000, R13=0x000000e648bdf000, R14=0x0000000000000001, R15=0x0000000000000000
RIP=0x00007ff822e93466, EFLAGS=0x0000000000010213

Top of Stack: (sp=0x000000e64c3fecd0)
0x000000e64c3fecd0:   ffffffffffffffff 000002104d793bd8
0x000000e64c3fece0:   000000000000e200 000002101d080411
0x000000e64c3fecf0:   0000021025ca2a20 00007ff822e4e249
0x000000e64c3fed00:   0000021025ca2a20 0000021032a39600
0x000000e64c3fed10:   000000e64c3fed00 00000210fffffffa
0x000000e64c3fed20:   000000e648bdf000 000002104c2cbfd0
0x000000e64c3fed30:   000000000000e200 00007ff822e4ead2
0x000000e64c3fed40:   000002104c2cbfc0 000002104bd00000
0x000000e64c3fed50:   0000021025c90000 0000021032a394ec
0x000000e64c3fed60:   0000d1a347c16556 000000000000e200
0x000000e64c3fed70:   000002104c008100 0000000000000001
0x000000e64c3fed80:   0000000000000001 0000000000000001
0x000000e64c3fed90:   0000000000000000 000002104d793bd8
0x000000e64c3feda0:   0000000000000000 00007ff822e5fcb4
0x000000e64c3fedb0:   0000021025c90000 000000e64c3fee19
0x000000e64c3fedc0:   00000000fffffffa ffffffffff676980 

Instructions: (pc=0x00007ff822e93466)
0x00007ff822e93366:   20 e9 ed fe ff ff 48 89 41 18 e9 e4 fe ff ff cc
0x00007ff822e93376:   cc cc cc cc cc cc cc cc cc cc 80 3d 81 91 10 00
0x00007ff822e93386:   00 0f 95 c0 c3 cc cc cc cc cc cc cc cc cc cc cc
0x00007ff822e93396:   cc cc cc cc cc cc cc cc cc cc 48 83 ec 38 8b 05
0x00007ff822e933a6:   82 77 10 00 89 44 24 20 e8 41 02 00 00 48 83 c4
0x00007ff822e933b6:   38 c3 cc cc cc cc cc cc cc cc 48 89 5c 24 18 55
0x00007ff822e933c6:   56 57 41 54 41 55 41 56 41 57 48 81 ec a0 00 00
0x00007ff822e933d6:   00 48 8b 05 32 11 12 00 48 33 c4 48 89 84 24 90
0x00007ff822e933e6:   00 00 00 65 4c 8b 2c 25 30 00 00 00 48 8d 05 cf
0x00007ff822e933f6:   31 10 00 40 32 ed 89 54 24 48 33 f6 40 88 6c 24
0x00007ff822e93406:   40 4c 89 6c 24 50 48 8b d9 44 8b e6 48 3b c8 0f
0x00007ff822e93416:   84 39 01 00 00 40 38 35 e6 90 10 00 0f 85 a8 01
0x00007ff822e93426:   00 00 39 35 fa 90 10 00 0f 85 6a 01 00 00 40 38
0x00007ff822e93436:   35 bd 8b 10 00 48 8d 3d be 8b 10 00 48 0f 45 fe
0x00007ff822e93446:   48 39 73 18 0f 84 d2 00 00 00 48 8b 03 48 83 f8
0x00007ff822e93456:   ff 0f 84 d2 00 00 00 44 8b fe 48 83 f8 ff 74 03
0x00007ff822e93466:   ff 40 24 4c 8b 73 18 4c 8d 2d 54 31 10 00 bd 22
0x00007ff822e93476:   17 00 00 e8 d2 13 fc ff 85 c0 0f 85 ee b4 05 00
0x00007ff822e93486:   b9 82 03 fe 7f 80 39 00 0f 85 fc b4 05 00 49 83
0x00007ff822e93496:   fe ff 0f 85 8a b5 05 00 4c 8b cf c7 44 24 20 00
0x00007ff822e934a6:   00 00 00 41 b8 04 00 00 00 48 8d 54 24 48 48 8d
0x00007ff822e934b6:   4b 08 e8 37 01 00 00 3d 02 01 00 00 0f 84 73 b5
0x00007ff822e934c6:   05 00 8b 4b 08 89 4c 24 48 f6 c1 02 75 ca 3d 02
0x00007ff822e934d6:   01 00 00 0f 84 5c b5 05 00 0f b6 6c 24 40 4c 8b
0x00007ff822e934e6:   6c 24 50 85 c0 0f 88 a8 b6 05 00 40 84 ed 75 73
0x00007ff822e934f6:   48 8b 8c 24 90 00 00 00 48 33 cc e8 7a 8d 02 00
0x00007ff822e93506:   48 8b 9c 24 f0 00 00 00 48 81 c4 a0 00 00 00 41
0x00007ff822e93516:   5f 41 5e 41 5d 41 5c 5f 5e 5d c3 cc 48 8b cb e8
0x00007ff822e93526:   56 05 00 00 e9 21 ff ff ff 8b 4b 20 48 c7 c0 ff
0x00007ff822e93536:   ff ff ff 48 0f ba e1 18 0f 82 19 ff ff ff 48 8b
0x00007ff822e93546:   cb e8 f4 e2 fa ff 48 8b 03 e9 09 ff ff ff c6 44
0x00007ff822e93556:   24 40 01 41 c7 85 60 17 00 00 01 00 00 00 e9 b2 


Stack slot to memory mapping:
stack at sp + 0 slots: 0xffffffffffffffff is an unknown value
stack at sp + 1 slots: 0x000002104d793bd8 points into unknown readable memory: 0x0000000000000000 | 00 00 00 00 00 00 00 00
stack at sp + 2 slots: 0x000000000000e200 is an unknown value
stack at sp + 3 slots: 0x000002101d080411 is an unknown value
stack at sp + 4 slots: 0x0000021025ca2a20 points into unknown readable memory: 0x0000000000000000 | 00 00 00 00 00 00 00 00
stack at sp + 5 slots: 0x00007ff822e4e249 ntdll.dll
stack at sp + 6 slots: 0x0000021025ca2a20 points into unknown readable memory: 0x0000000000000000 | 00 00 00 00 00 00 00 00
stack at sp + 7 slots: 0x0000021032a39600 is at code_begin+1376 in an Interpreter codelet
return entry points  [0x0000021032a390a0, 0x0000021032a39b80]  2784 bytes


---------------  P R O C E S S  ---------------

Threads class SMR info:
_java_thread_list=0x00000210476dba60, length=24, elements={
0x0000021041563020, 0x00000210415643a0, 0x0000021041546fb0, 0x0000021041547880,
0x0000021041584810, 0x00000210415885e0, 0x0000021041592320, 0x0000021041594d30,
0x0000021041596140, 0x0000021041756010, 0x000002104635bba0, 0x00000210462bd400,
0x0000021046b1ecb0, 0x0000021046b200f0, 0x00000210476e6310, 0x00000210476e58f0,
0x00000210476e7750, 0x00000210476e1c30, 0x00000210476e95b0, 0x000002104c0058e0,
0x000002104c0095a0, 0x000002104c003570, 0x000002104c008160, 0x00000210476e8680
}

Java Threads: ( => current thread )
  0x0000021041563020 JavaThread "Reference Handler" daemon [_thread_blocked, id=9028, stack(0x000000e649600000,0x000000e649700000)]
  0x00000210415643a0 JavaThread "Finalizer" daemon [_thread_blocked, id=12976, stack(0x000000e649700000,0x000000e649800000)]
  0x0000021041546fb0 JavaThread "Signal Dispatcher" daemon [_thread_blocked, id=228, stack(0x000000e649800000,0x000000e649900000)]
  0x0000021041547880 JavaThread "Attach Listener" daemon [_thread_blocked, id=5808, stack(0x000000e649900000,0x000000e649a00000)]
  0x0000021041584810 JavaThread "Service Thread" daemon [_thread_blocked, id=10524, stack(0x000000e649a00000,0x000000e649b00000)]
  0x00000210415885e0 JavaThread "Monitor Deflation Thread" daemon [_thread_blocked, id=14312, stack(0x000000e649b00000,0x000000e649c00000)]
  0x0000021041592320 JavaThread "C2 CompilerThread0" daemon [_thread_blocked, id=12700, stack(0x000000e649c00000,0x000000e649d00000)]
  0x0000021041594d30 JavaThread "C1 CompilerThread0" daemon [_thread_blocked, id=1844, stack(0x000000e649d00000,0x000000e649e00000)]
  0x0000021041596140 JavaThread "Sweeper thread" daemon [_thread_blocked, id=5488, stack(0x000000e649e00000,0x000000e649f00000)]
  0x0000021041756010 JavaThread "Common-Cleaner" daemon [_thread_blocked, id=12568, stack(0x000000e649f00000,0x000000e64a000000)]
  0x000002104635bba0 JavaThread "Notification Thread" daemon [_thread_blocked, id=4888, stack(0x000000e64a100000,0x000000e64a200000)]
  0x00000210462bd400 JavaThread "InvokeLaterDispatcher" daemon [_thread_blocked, id=6964, stack(0x000000e64a400000,0x000000e64a500000)]
  0x0000021046b1ecb0 JavaThread "Thread-2" daemon [_thread_in_native, id=2420, stack(0x000000e64ac00000,0x000000e64ad00000)]
  0x0000021046b200f0 JavaThread "FileSystemWatchService" daemon [_thread_in_native, id=2000, stack(0x000000e64b000000,0x000000e64b100000)]
  0x00000210476e6310 JavaThread "Thread-3" daemon [_thread_blocked, id=6348, stack(0x000000e64b100000,0x000000e64b200000)]
  0x00000210476e58f0 JavaThread "FileSystemWatchService" daemon [_thread_in_native, id=10092, stack(0x000000e64b200000,0x000000e64b300000)]
  0x00000210476e7750 JavaThread "Thread-4" daemon [_thread_blocked, id=2980, stack(0x000000e64b300000,0x000000e64b400000)]
  0x00000210476e1c30 JavaThread "Prism Font Disposer" daemon [_thread_blocked, id=1676, stack(0x000000e64b700000,0x000000e64b800000)]
  0x00000210476e95b0 JavaThread "Cleaner-0" daemon [_thread_blocked, id=9004, stack(0x000000e64be00000,0x000000e64bf00000)]
  0x000002104c0058e0 JavaThread "pool-2-thread-1" [_thread_blocked, id=10824, stack(0x000000e64bf00000,0x000000e64c000000)]
  0x000002104c0095a0 JavaThread "Java2D Disposer" daemon [_thread_blocked, id=13284, stack(0x000000e64bb00000,0x000000e64bc00000)]
  0x000002104c003570 JavaThread "JavaCPP Deallocator" daemon [_thread_blocked, id=6020, stack(0x000000e64a000000,0x000000e64a100000)]
=>0x000002104c008160 JavaThread "Thread-14" [_thread_in_native, id=7464, stack(0x000000e64c300000,0x000000e64c400000)]
  0x00000210476e8680 JavaThread "DestroyJavaVM" [_thread_blocked, id=13520, stack(0x000000e648f00000,0x000000e649000000)]

Other Threads:
  0x00000210414d53a0 VMThread "VM Thread" [stack: 0x000000e649500000,0x000000e649600000] [id=13684]
  0x0000021027e4ecb0 WatcherThread [stack: 0x000000e64a200000,0x000000e64a300000] [id=13452]
  0x0000021027ea7600 GCTaskThread "GC Thread#0" [stack: 0x000000e649000000,0x000000e649100000] [id=12552]
  0x0000021046a653c0 GCTaskThread "GC Thread#1" [stack: 0x000000e64a900000,0x000000e64aa00000] [id=11644]
  0x0000021046a65a90 GCTaskThread "GC Thread#2" [stack: 0x000000e64aa00000,0x000000e64ab00000] [id=688]
  0x000002104657f330 GCTaskThread "GC Thread#3" [stack: 0x000000e64ab00000,0x000000e64ac00000] [id=10448]
  0x0000021027eb8930 ConcurrentGCThread "G1 Main Marker" [stack: 0x000000e649100000,0x000000e649200000] [id=13652]
  0x0000021027eb9340 ConcurrentGCThread "G1 Conc#0" [stack: 0x000000e649200000,0x000000e649300000] [id=5340]
  0x0000021027efe700 ConcurrentGCThread "G1 Refine#0" [stack: 0x000000e649300000,0x000000e649400000] [id=8736]
  0x0000021046cef1e0 ConcurrentGCThread "G1 Refine#1" [stack: 0x000000e64ae00000,0x000000e64af00000] [id=7144]
  0x00000210477ad0a0 ConcurrentGCThread "G1 Refine#2" [stack: 0x000000e64b800000,0x000000e64b900000] [id=1372]
  0x000002104c15cc40 ConcurrentGCThread "G1 Refine#3" [stack: 0x000000e64b900000,0x000000e64ba00000] [id=10160]
  0x0000021041387250 ConcurrentGCThread "G1 Service" [stack: 0x000000e649400000,0x000000e649500000] [id=7904]

Threads with active compile tasks:

VM state: not at safepoint (normal execution)

VM Mutex/Monitor currently owned by a thread: None

Heap address: 0x0000000081e00000, size: 2018 MB, Compressed Oops mode: 32-bit

CDS archive(s) not mapped
Compressed class space mapped at: 0x0000000100000000-0x0000000140000000, reserved size: 1073741824
Narrow klass base: 0x0000000000000000, Narrow klass shift: 3, Narrow klass range: 0x140000000

GC Precious Log:
 CPUs: 4 total, 4 available
 Memory: 8065M
 Large Page Support: Disabled
 NUMA Support: Disabled
 Compressed Oops: Enabled (32-bit)
 Heap Region Size: 1M
 Heap Min Capacity: 8M
 Heap Initial Capacity: 128M
 Heap Max Capacity: 2018M
 Pre-touch: Disabled
 Parallel Workers: 4
 Concurrent Workers: 1
 Concurrent Refinement Workers: 4
 Periodic GC: Disabled

Heap:
 garbage-first heap   total 115712K, used 46909K [0x0000000081e00000, 0x0000000100000000)
  region size 1024K, 3 young (3072K), 1 survivors (1024K)
 Metaspace       used 37981K, committed 38272K, reserved 1114112K
  class space    used 4475K, committed 4608K, reserved 1048576K

Heap Regions: E=young(eden), S=young(survivor), O=old, HS=humongous(starts), HC=humongous(continues), CS=collection set, F=free, OA=open archive, CA=closed archive, TAMS=top-at-mark-start (previous, next)
|   0|0x0000000081e00000, 0x0000000081f00000, 0x0000000081f00000|100%| O|  |TAMS 0x0000000081f00000, 0x0000000081f00000| Untracked 
|   1|0x0000000081f00000, 0x0000000082000000, 0x0000000082000000|100%| O|  |TAMS 0x0000000082000000, 0x0000000082000000| Untracked 
|   2|0x0000000082000000, 0x0000000082100000, 0x0000000082100000|100%| O|  |TAMS 0x0000000082100000, 0x0000000082100000| Untracked 
|   3|0x0000000082100000, 0x0000000082200000, 0x0000000082200000|100%|HS|  |TAMS 0x0000000082200000, 0x0000000082200000| Complete 
|   4|0x0000000082200000, 0x0000000082300000, 0x0000000082300000|100%|HC|  |TAMS 0x0000000082300000, 0x0000000082300000| Complete 
|   5|0x0000000082300000, 0x0000000082400000, 0x0000000082400000|100%|HC|  |TAMS 0x0000000082400000, 0x0000000082400000| Complete 
|   6|0x0000000082400000, 0x0000000082500000, 0x0000000082500000|100%|HC|  |TAMS 0x0000000082500000, 0x0000000082500000| Complete 
|   7|0x0000000082500000, 0x0000000082600000, 0x0000000082600000|100%|HC|  |TAMS 0x0000000082600000, 0x0000000082600000| Complete 
|   8|0x0000000082600000, 0x0000000082700000, 0x0000000082700000|100%|HS|  |TAMS 0x0000000082600000, 0x0000000082700000| Complete 
|   9|0x0000000082700000, 0x0000000082800000, 0x0000000082800000|100%|HC|  |TAMS 0x0000000082700000, 0x0000000082800000| Complete 
|  10|0x0000000082800000, 0x0000000082900000, 0x0000000082900000|100%| O|  |TAMS 0x0000000082900000, 0x0000000082900000| Untracked 
|  11|0x0000000082900000, 0x00000000829f8e00, 0x0000000082a00000| 97%| O|  |TAMS 0x00000000829f8e00, 0x00000000829f8e00| Untracked 
|  12|0x0000000082a00000, 0x0000000082b00000, 0x0000000082b00000|100%|HS|  |TAMS 0x0000000082b00000, 0x0000000082b00000| Complete 
|  13|0x0000000082b00000, 0x0000000082c00000, 0x0000000082c00000|100%|HS|  |TAMS 0x0000000082b00000, 0x0000000082b00000| Complete 
|  14|0x0000000082c00000, 0x0000000082d00000, 0x0000000082d00000|100%|HC|  |TAMS 0x0000000082c00000, 0x0000000082c00000| Complete 
|  15|0x0000000082d00000, 0x0000000082e00000, 0x0000000082e00000|100%| O|  |TAMS 0x0000000082e00000, 0x0000000082e00000| Untracked 
|  16|0x0000000082e00000, 0x0000000082f00000, 0x0000000082f00000|100%| O|  |TAMS 0x0000000082f00000, 0x0000000082f00000| Untracked 
|  17|0x0000000082f00000, 0x0000000083000000, 0x0000000083000000|100%| O|  |TAMS 0x0000000083000000, 0x0000000083000000| Untracked 
|  18|0x0000000083000000, 0x0000000083100000, 0x0000000083100000|100%| O|  |TAMS 0x0000000083100000, 0x0000000083100000| Untracked 
|  19|0x0000000083100000, 0x0000000083200000, 0x0000000083200000|100%| O|  |TAMS 0x0000000083200000, 0x0000000083200000| Untracked 
|  20|0x0000000083200000, 0x0000000083300000, 0x0000000083300000|100%| O|  |TAMS 0x0000000083300000, 0x0000000083300000| Untracked 
|  21|0x0000000083300000, 0x0000000083400000, 0x0000000083400000|100%| O|  |TAMS 0x0000000083400000, 0x0000000083400000| Untracked 
|  22|0x0000000083400000, 0x0000000083500000, 0x0000000083500000|100%| O|  |TAMS 0x0000000083500000, 0x0000000083500000| Untracked 
|  23|0x0000000083500000, 0x0000000083600000, 0x0000000083600000|100%| O|  |TAMS 0x0000000083600000, 0x0000000083600000| Untracked 
|  24|0x0000000083600000, 0x0000000083700000, 0x0000000083700000|100%| O|  |TAMS 0x0000000083700000, 0x0000000083700000| Untracked 
|  25|0x0000000083700000, 0x0000000083800000, 0x0000000083800000|100%| O|  |TAMS 0x0000000083800000, 0x0000000083800000| Untracked 
|  26|0x0000000083800000, 0x0000000083900000, 0x0000000083900000|100%| O|  |TAMS 0x0000000083900000, 0x0000000083900000| Untracked 
|  27|0x0000000083900000, 0x0000000083a00000, 0x0000000083a00000|100%|HS|  |TAMS 0x0000000083a00000, 0x0000000083a00000| Complete 
|  28|0x0000000083a00000, 0x0000000083b00000, 0x0000000083b00000|100%|HC|  |TAMS 0x0000000083b00000, 0x0000000083b00000| Complete 
|  29|0x0000000083b00000, 0x0000000083b00000, 0x0000000083c00000|  0%| F|  |TAMS 0x0000000083b00000, 0x0000000083b00000| Untracked 
|  30|0x0000000083c00000, 0x0000000083c00000, 0x0000000083d00000|  0%| F|  |TAMS 0x0000000083c00000, 0x0000000083c00000| Untracked 
|  31|0x0000000083d00000, 0x0000000083e00000, 0x0000000083e00000|100%| O|  |TAMS 0x0000000083d5d200, 0x0000000083e00000| Untracked 
|  32|0x0000000083e00000, 0x0000000083f00000, 0x0000000083f00000|100%|HS|  |TAMS 0x0000000083f00000, 0x0000000083f00000| Complete 
|  33|0x0000000083f00000, 0x0000000084000000, 0x0000000084000000|100%|HC|  |TAMS 0x0000000084000000, 0x0000000084000000| Complete 
|  34|0x0000000084000000, 0x0000000084100000, 0x0000000084100000|100%|HC|  |TAMS 0x0000000084100000, 0x0000000084100000| Complete 
|  35|0x0000000084100000, 0x0000000084200000, 0x0000000084200000|100%|HS|  |TAMS 0x0000000084200000, 0x0000000084200000| Complete 
|  36|0x0000000084200000, 0x0000000084300000, 0x0000000084300000|100%|HS|  |TAMS 0x0000000084300000, 0x0000000084300000| Complete 
|  37|0x0000000084300000, 0x0000000084400000, 0x0000000084400000|100%|HC|  |TAMS 0x0000000084400000, 0x0000000084400000| Complete 
|  38|0x0000000084400000, 0x0000000084500000, 0x0000000084500000|100%|HS|  |TAMS 0x0000000084400000, 0x0000000084500000| Complete 
|  39|0x0000000084500000, 0x0000000084600000, 0x0000000084600000|100%|HC|  |TAMS 0x0000000084500000, 0x0000000084600000| Complete 
|  40|0x0000000084600000, 0x0000000084700000, 0x0000000084700000|100%|HS|  |TAMS 0x0000000084600000, 0x0000000084700000| Complete 
|  41|0x0000000084700000, 0x0000000084800000, 0x0000000084800000|100%|HC|  |TAMS 0x0000000084700000, 0x0000000084800000| Complete 
|  42|0x0000000084800000, 0x0000000084800000, 0x0000000084900000|  0%| F|  |TAMS 0x0000000084800000, 0x0000000084800000| Untracked 
|  43|0x0000000084900000, 0x0000000084900000, 0x0000000084a00000|  0%| F|  |TAMS 0x0000000084900000, 0x0000000084900000| Untracked 
|  44|0x0000000084a00000, 0x0000000084b00000, 0x0000000084b00000|100%|HS|  |TAMS 0x0000000084a00000, 0x0000000084b00000| Complete 
|  45|0x0000000084b00000, 0x0000000084c00000, 0x0000000084c00000|100%|HC|  |TAMS 0x0000000084b00000, 0x0000000084c00000| Complete 
|  46|0x0000000084c00000, 0x0000000084c00000, 0x0000000084d00000|  0%| F|  |TAMS 0x0000000084c00000, 0x0000000084c00000| Untracked 
|  47|0x0000000084d00000, 0x0000000084d00000, 0x0000000084e00000|  0%| F|  |TAMS 0x0000000084d00000, 0x0000000084d00000| Untracked 
|  48|0x0000000084e00000, 0x0000000084f00000, 0x0000000084f00000|100%|HS|  |TAMS 0x0000000084e00000, 0x0000000084f00000| Complete 
|  49|0x0000000084f00000, 0x0000000085000000, 0x0000000085000000|100%|HC|  |TAMS 0x0000000084f00000, 0x0000000085000000| Complete 
|  50|0x0000000085000000, 0x00000000850d2000, 0x0000000085100000| 82%| O|  |TAMS 0x0000000085000000, 0x00000000850d2000| Untracked 
|  51|0x0000000085100000, 0x0000000085100000, 0x0000000085200000|  0%| F|  |TAMS 0x0000000085100000, 0x0000000085100000| Untracked 
|  52|0x0000000085200000, 0x0000000085200000, 0x0000000085300000|  0%| F|  |TAMS 0x0000000085200000, 0x0000000085200000| Untracked 
|  53|0x0000000085300000, 0x0000000085300000, 0x0000000085400000|  0%| F|  |TAMS 0x0000000085300000, 0x0000000085300000| Untracked 
|  54|0x0000000085400000, 0x0000000085400000, 0x0000000085500000|  0%| F|  |TAMS 0x0000000085400000, 0x0000000085400000| Untracked 
|  55|0x0000000085500000, 0x0000000085500000, 0x0000000085600000|  0%| F|  |TAMS 0x0000000085500000, 0x0000000085500000| Untracked 
|  56|0x0000000085600000, 0x0000000085600000, 0x0000000085700000|  0%| F|  |TAMS 0x0000000085600000, 0x0000000085600000| Untracked 
|  57|0x0000000085700000, 0x0000000085700000, 0x0000000085800000|  0%| F|  |TAMS 0x0000000085700000, 0x0000000085700000| Untracked 
|  58|0x0000000085800000, 0x0000000085800000, 0x0000000085900000|  0%| F|  |TAMS 0x0000000085800000, 0x0000000085800000| Untracked 
|  59|0x0000000085900000, 0x0000000085900000, 0x0000000085a00000|  0%| F|  |TAMS 0x0000000085900000, 0x0000000085900000| Untracked 
|  60|0x0000000085a00000, 0x0000000085a00000, 0x0000000085b00000|  0%| F|  |TAMS 0x0000000085a00000, 0x0000000085a00000| Untracked 
|  61|0x0000000085b00000, 0x0000000085b00000, 0x0000000085c00000|  0%| F|  |TAMS 0x0000000085b00000, 0x0000000085b00000| Untracked 
|  62|0x0000000085c00000, 0x0000000085c00000, 0x0000000085d00000|  0%| F|  |TAMS 0x0000000085c00000, 0x0000000085c00000| Untracked 
|  63|0x0000000085d00000, 0x0000000085d00000, 0x0000000085e00000|  0%| F|  |TAMS 0x0000000085d00000, 0x0000000085d00000| Untracked 
|  64|0x0000000085e00000, 0x0000000085e00000, 0x0000000085f00000|  0%| F|  |TAMS 0x0000000085e00000, 0x0000000085e00000| Untracked 
|  65|0x0000000085f00000, 0x0000000085f00000, 0x0000000086000000|  0%| F|  |TAMS 0x0000000085f00000, 0x0000000085f00000| Untracked 
|  66|0x0000000086000000, 0x0000000086000000, 0x0000000086100000|  0%| F|  |TAMS 0x0000000086000000, 0x0000000086000000| Untracked 
|  67|0x0000000086100000, 0x0000000086100000, 0x0000000086200000|  0%| F|  |TAMS 0x0000000086100000, 0x0000000086100000| Untracked 
|  68|0x0000000086200000, 0x0000000086200000, 0x0000000086300000|  0%| F|  |TAMS 0x0000000086200000, 0x0000000086200000| Untracked 
|  69|0x0000000086300000, 0x0000000086300000, 0x0000000086400000|  0%| F|  |TAMS 0x0000000086300000, 0x0000000086300000| Untracked 
|  70|0x0000000086400000, 0x0000000086400000, 0x0000000086500000|  0%| F|  |TAMS 0x0000000086400000, 0x0000000086400000| Untracked 
|  71|0x0000000086500000, 0x0000000086500000, 0x0000000086600000|  0%| F|  |TAMS 0x0000000086500000, 0x0000000086500000| Untracked 
|  72|0x0000000086600000, 0x0000000086600000, 0x0000000086700000|  0%| F|  |TAMS 0x0000000086600000, 0x0000000086600000| Untracked 
|  73|0x0000000086700000, 0x0000000086700000, 0x0000000086800000|  0%| F|  |TAMS 0x0000000086700000, 0x0000000086700000| Untracked 
|  74|0x0000000086800000, 0x0000000086800000, 0x0000000086900000|  0%| F|  |TAMS 0x0000000086800000, 0x0000000086800000| Untracked 
|  75|0x0000000086900000, 0x0000000086900000, 0x0000000086a00000|  0%| F|  |TAMS 0x0000000086900000, 0x0000000086900000| Untracked 
|  76|0x0000000086a00000, 0x0000000086a00000, 0x0000000086b00000|  0%| F|  |TAMS 0x0000000086a00000, 0x0000000086a00000| Untracked 
|  77|0x0000000086b00000, 0x0000000086b00000, 0x0000000086c00000|  0%| F|  |TAMS 0x0000000086b00000, 0x0000000086b00000| Untracked 
|  78|0x0000000086c00000, 0x0000000086c00000, 0x0000000086d00000|  0%| F|  |TAMS 0x0000000086c00000, 0x0000000086c00000| Untracked 
|  79|0x0000000086d00000, 0x0000000086d00000, 0x0000000086e00000|  0%| F|  |TAMS 0x0000000086d00000, 0x0000000086d00000| Untracked 
|  80|0x0000000086e00000, 0x0000000086e00000, 0x0000000086f00000|  0%| F|  |TAMS 0x0000000086e00000, 0x0000000086e00000| Untracked 
|  81|0x0000000086f00000, 0x0000000086f00000, 0x0000000087000000|  0%| F|  |TAMS 0x0000000086f00000, 0x0000000086f00000| Untracked 
|  82|0x0000000087000000, 0x0000000087000000, 0x0000000087100000|  0%| F|  |TAMS 0x0000000087000000, 0x0000000087000000| Untracked 
|  83|0x0000000087100000, 0x0000000087100000, 0x0000000087200000|  0%| F|  |TAMS 0x0000000087100000, 0x0000000087100000| Untracked 
|  84|0x0000000087200000, 0x0000000087200000, 0x0000000087300000|  0%| F|  |TAMS 0x0000000087200000, 0x0000000087200000| Untracked 
|  85|0x0000000087300000, 0x0000000087300000, 0x0000000087400000|  0%| F|  |TAMS 0x0000000087300000, 0x0000000087300000| Untracked 
|  86|0x0000000087400000, 0x0000000087400000, 0x0000000087500000|  0%| F|  |TAMS 0x0000000087400000, 0x0000000087400000| Untracked 
|  87|0x0000000087500000, 0x0000000087500000, 0x0000000087600000|  0%| F|  |TAMS 0x0000000087500000, 0x0000000087500000| Untracked 
|  88|0x0000000087600000, 0x0000000087600000, 0x0000000087700000|  0%| F|  |TAMS 0x0000000087600000, 0x0000000087600000| Untracked 
|  89|0x0000000087700000, 0x0000000087700000, 0x0000000087800000|  0%| F|  |TAMS 0x0000000087700000, 0x0000000087700000| Untracked 
|  90|0x0000000087800000, 0x0000000087800000, 0x0000000087900000|  0%| F|  |TAMS 0x0000000087800000, 0x0000000087800000| Untracked 
|  91|0x0000000087900000, 0x0000000087900000, 0x0000000087a00000|  0%| F|  |TAMS 0x0000000087900000, 0x0000000087900000| Untracked 
|  92|0x0000000087a00000, 0x0000000087a00000, 0x0000000087b00000|  0%| F|  |TAMS 0x0000000087a00000, 0x0000000087a00000| Untracked 
|  93|0x0000000087b00000, 0x0000000087b00000, 0x0000000087c00000|  0%| F|  |TAMS 0x0000000087b00000, 0x0000000087b00000| Untracked 
|  94|0x0000000087c00000, 0x0000000087c00000, 0x0000000087d00000|  0%| F|  |TAMS 0x0000000087c00000, 0x0000000087c00000| Untracked 
|  95|0x0000000087d00000, 0x0000000087d00000, 0x0000000087e00000|  0%| F|  |TAMS 0x0000000087d00000, 0x0000000087d00000| Untracked 
|  96|0x0000000087e00000, 0x0000000087e00000, 0x0000000087f00000|  0%| F|  |TAMS 0x0000000087e00000, 0x0000000087e00000| Untracked 
|  97|0x0000000087f00000, 0x0000000087f00000, 0x0000000088000000|  0%| F|  |TAMS 0x0000000087f00000, 0x0000000087f00000| Untracked 
|  98|0x0000000088000000, 0x0000000088000000, 0x0000000088100000|  0%| F|  |TAMS 0x0000000088000000, 0x0000000088000000| Untracked 
|  99|0x0000000088100000, 0x0000000088100000, 0x0000000088200000|  0%| F|  |TAMS 0x0000000088100000, 0x0000000088100000| Untracked 
| 100|0x0000000088200000, 0x0000000088200000, 0x0000000088300000|  0%| F|  |TAMS 0x0000000088200000, 0x0000000088200000| Untracked 
| 101|0x0000000088300000, 0x0000000088300000, 0x0000000088400000|  0%| F|  |TAMS 0x0000000088300000, 0x0000000088300000| Untracked 
| 102|0x0000000088400000, 0x0000000088400000, 0x0000000088500000|  0%| F|  |TAMS 0x0000000088400000, 0x0000000088400000| Untracked 
| 103|0x0000000088500000, 0x0000000088500000, 0x0000000088600000|  0%| F|  |TAMS 0x0000000088500000, 0x0000000088500000| Untracked 
| 104|0x0000000088600000, 0x0000000088600000, 0x0000000088700000|  0%| F|  |TAMS 0x0000000088600000, 0x0000000088600000| Untracked 
| 105|0x0000000088700000, 0x0000000088700000, 0x0000000088800000|  0%| F|  |TAMS 0x0000000088700000, 0x0000000088700000| Untracked 
| 106|0x0000000088800000, 0x0000000088800000, 0x0000000088900000|  0%| F|  |TAMS 0x0000000088800000, 0x0000000088800000| Untracked 
| 107|0x0000000088900000, 0x0000000088900000, 0x0000000088a00000|  0%| F|  |TAMS 0x0000000088900000, 0x0000000088900000| Untracked 
| 108|0x0000000088a00000, 0x0000000088a00000, 0x0000000088b00000|  0%| F|  |TAMS 0x0000000088a00000, 0x0000000088a00000| Untracked 
| 109|0x0000000088b00000, 0x0000000088b00000, 0x0000000088c00000|  0%| F|  |TAMS 0x0000000088b00000, 0x0000000088b00000| Untracked 
| 110|0x0000000088c00000, 0x0000000088c00800, 0x0000000088d00000|  0%| E|  |TAMS 0x0000000088c00000, 0x0000000088c00000| Complete 
| 111|0x0000000088d00000, 0x0000000088d04890, 0x0000000088e00000|  1%| S|CS|TAMS 0x0000000088d00000, 0x0000000088d00000| Complete 
| 127|0x0000000089d00000, 0x0000000089e00000, 0x0000000089e00000|100%| E|CS|TAMS 0x0000000089d00000, 0x0000000089d00000| Complete 

Card table byte_map: [0x000002103a900000,0x000002103ad00000] _byte_map_base: 0x000002103a4f1000

Marking Bits (Prev, Next): (CMBitMap*) 0x0000021027ea7c20, (CMBitMap*) 0x0000021027ea7c60
 Prev Bits: [0x000002103b100000, 0x000002103d088000)
 Next Bits: [0x000002103d090000, 0x000002103f018000)

Polling page: 0x0000021025c60000

Metaspace:

Usage:
  Non-class:     32.72 MB used.
      Class:      4.37 MB used.
       Both:     37.09 MB used.

Virtual space:
  Non-class space:       64.00 MB reserved,      32.88 MB ( 51%) committed,  1 nodes.
      Class space:        1.00 GB reserved,       4.50 MB ( <1%) committed,  1 nodes.
             Both:        1.06 GB reserved,      37.38 MB (  3%) committed. 

Chunk freelists:
   Non-Class:  15.16 MB
       Class:  11.36 MB
        Both:  26.52 MB

MaxMetaspaceSize: unlimited
CompressedClassSpaceSize: 1.00 GB
Initial GC threshold: 21.00 MB
Current GC threshold: 61.25 MB
CDS: off
MetaspaceReclaimPolicy: balanced
 - commit_granule_bytes: 65536.
 - commit_granule_words: 8192.
 - virtual_space_node_default_size: 8388608.
 - enlarge_chunks_in_place: 1.
 - new_chunks_are_fully_committed: 0.
 - uncommit_free_chunks: 1.
 - use_allocation_guard: 0.
 - handle_deallocations: 1.


Internal statistics:

num_allocs_failed_limit: 3.
num_arena_births: 244.
num_arena_deaths: 0.
num_vsnodes_births: 2.
num_vsnodes_deaths: 0.
num_space_committed: 598.
num_space_uncommitted: 0.
num_chunks_returned_to_freelist: 3.
num_chunks_taken_from_freelist: 1123.
num_chunk_merges: 0.
num_chunk_splits: 803.
num_chunks_enlarged: 650.
num_inconsistent_stats: 0.

CodeHeap 'non-profiled nmethods': size=120000Kb used=3562Kb max_used=3562Kb free=116437Kb
 bounds [0x0000021032fd0000, 0x0000021033350000, 0x000002103a500000]
CodeHeap 'profiled nmethods': size=120000Kb used=10439Kb max_used=11525Kb free=109560Kb
 bounds [0x000002102b500000, 0x000002102c060000, 0x0000021032a30000]
CodeHeap 'non-nmethods': size=5760Kb used=1595Kb max_used=1663Kb free=4164Kb
 bounds [0x0000021032a30000, 0x0000021032ca0000, 0x0000021032fd0000]
 total_blobs=6244 nmethods=5234 adapters=921
 compilation: enabled
              stopped_count=0, restarted_count=0
 full_count=0

Compilation events (20 events):
Event: 82.458 Thread 0x0000021041594d30 6025       3       com.sun.javafx.sg.prism.NGShape::geometryChanged (45 bytes)
Event: 82.459 Thread 0x0000021041594d30 nmethod 6025 0x000002102b87a010 code [0x000002102b87a280, 0x000002102b87add8]
Event: 82.972 Thread 0x0000021041592320 6026       4       com.sun.javafx.sg.prism.NGRegion::createStroke (545 bytes)
Event: 82.979 Thread 0x0000021041592320 nmethod 6026 0x000002103333b610 code [0x000002103333b7e0, 0x000002103333bc78]
Event: 83.030 Thread 0x0000021041592320 6027       4       javafx.scene.image.Image$ObjectPropertyImpl::get (10 bytes)
Event: 83.030 Thread 0x0000021041592320 nmethod 6027 0x000002103333c090 code [0x000002103333c200, 0x000002103333c278]
Event: 83.752 Thread 0x0000021041592320 6028   !   4       java.util.concurrent.locks.AbstractQueuedSynchronizer::acquire (407 bytes)
Event: 83.787 Thread 0x0000021041592320 nmethod 6028 0x000002103333c390 code [0x000002103333c580, 0x000002103333d5b0]
Event: 84.443 Thread 0x0000021041592320 6029       4       com.sun.scenario.animation.AbstractPrimaryTimer$MainLoop::updateAnimationRunnable (61 bytes)
Event: 84.444 Thread 0x0000021041592320 nmethod 6029 0x000002103333dd10 code [0x000002103333de80, 0x000002103333df58]
Event: 84.448 Thread 0x0000021041592320 6030   !   4       com.sun.javafx.tk.quantum.QuantumToolkit::pulse (152 bytes)
Event: 85.023 Thread 0x0000021041592320 nmethod 6030 0x000002103333e090 code [0x000002103333e620, 0x00000210333463e0]
Event: 85.024 Thread 0x0000021041592320 6032       4       javafx.scene.Scene$ClickCounter::moved (52 bytes)
Event: 85.029 Thread 0x0000021041592320 nmethod 6032 0x0000021033349810 code [0x0000021033349a00, 0x0000021033349c38]
Event: 85.029 Thread 0x0000021041592320 6031       4       com.sun.javafx.tk.quantum.QuantumToolkit$$Lambda$89/0x00000001000f2a90::run (8 bytes)
Event: 85.032 Thread 0x0000021041592320 nmethod 6031 0x0000021033349e10 code [0x0000021033349fa0, 0x000002103334a0b8]
Event: 85.315 Thread 0x0000021041594d30 6033       3       java.lang.invoke.DirectMethodHandle::makeAllocator (137 bytes)
Event: 85.316 Thread 0x0000021041594d30 nmethod 6033 0x000002102b9cd610 code [0x000002102b9cd820, 0x000002102b9cdc78]
Event: 85.317 Thread 0x0000021041592320 6034       4       java.lang.invoke.MethodType::equals (56 bytes)
Event: 85.329 Thread 0x0000021041592320 nmethod 6034 0x000002103334a210 code [0x000002103334a3a0, 0x000002103334a638]

GC Heap History (20 events):
Event: 83.123 GC heap before
{Heap before GC invocations=250 (full 0):
 garbage-first heap   total 115712K, used 52017K [0x0000000081e00000, 0x0000000100000000)
  region size 1024K, 2 young (2048K), 1 survivors (1024K)
 Metaspace       used 37946K, committed 38208K, reserved 1114112K
  class space    used 4468K, committed 4608K, reserved 1048576K
}
Event: 83.124 GC heap after
{Heap after GC invocations=251 (full 0):
 garbage-first heap   total 115712K, used 41779K [0x0000000081e00000, 0x0000000100000000)
  region size 1024K, 1 young (1024K), 1 survivors (1024K)
 Metaspace       used 37946K, committed 38208K, reserved 1114112K
  class space    used 4468K, committed 4608K, reserved 1048576K
}
Event: 83.351 GC heap before
{Heap before GC invocations=251 (full 0):
 garbage-first heap   total 115712K, used 52019K [0x0000000081e00000, 0x0000000100000000)
  region size 1024K, 2 young (2048K), 1 survivors (1024K)
 Metaspace       used 37946K, committed 38208K, reserved 1114112K
  class space    used 4468K, committed 4608K, reserved 1048576K
}
Event: 83.352 GC heap after
{Heap after GC invocations=252 (full 0):
 garbage-first heap   total 115712K, used 41779K [0x0000000081e00000, 0x0000000100000000)
  region size 1024K, 1 young (1024K), 1 survivors (1024K)
 Metaspace       used 37946K, committed 38208K, reserved 1114112K
  class space    used 4468K, committed 4608K, reserved 1048576K
}
Event: 83.657 GC heap before
{Heap before GC invocations=252 (full 0):
 garbage-first heap   total 115712K, used 52019K [0x0000000081e00000, 0x0000000100000000)
  region size 1024K, 2 young (2048K), 1 survivors (1024K)
 Metaspace       used 37946K, committed 38208K, reserved 1114112K
  class space    used 4468K, committed 4608K, reserved 1048576K
}
Event: 83.659 GC heap after
{Heap after GC invocations=253 (full 0):
 garbage-first heap   total 115712K, used 41779K [0x0000000081e00000, 0x0000000100000000)
  region size 1024K, 1 young (1024K), 1 survivors (1024K)
 Metaspace       used 37946K, committed 38208K, reserved 1114112K
  class space    used 4468K, committed 4608K, reserved 1048576K
}
Event: 83.846 GC heap before
{Heap before GC invocations=253 (full 0):
 garbage-first heap   total 115712K, used 52019K [0x0000000081e00000, 0x0000000100000000)
  region size 1024K, 2 young (2048K), 1 survivors (1024K)
 Metaspace       used 37946K, committed 38208K, reserved 1114112K
  class space    used 4468K, committed 4608K, reserved 1048576K
}
Event: 83.847 GC heap after
{Heap after GC invocations=254 (full 0):
 garbage-first heap   total 115712K, used 41777K [0x0000000081e00000, 0x0000000100000000)
  region size 1024K, 1 young (1024K), 1 survivors (1024K)
 Metaspace       used 37946K, committed 38208K, reserved 1114112K
  class space    used 4468K, committed 4608K, reserved 1048576K
}
Event: 84.150 GC heap before
{Heap before GC invocations=254 (full 0):
 garbage-first heap   total 115712K, used 52017K [0x0000000081e00000, 0x0000000100000000)
  region size 1024K, 2 young (2048K), 1 survivors (1024K)
 Metaspace       used 37946K, committed 38208K, reserved 1114112K
  class space    used 4468K, committed 4608K, reserved 1048576K
}
Event: 84.151 GC heap after
{Heap after GC invocations=255 (full 0):
 garbage-first heap   total 115712K, used 41779K [0x0000000081e00000, 0x0000000100000000)
  region size 1024K, 1 young (1024K), 1 survivors (1024K)
 Metaspace       used 37946K, committed 38208K, reserved 1114112K
  class space    used 4468K, committed 4608K, reserved 1048576K
}
Event: 84.342 GC heap before
{Heap before GC invocations=255 (full 0):
 garbage-first heap   total 115712K, used 52019K [0x0000000081e00000, 0x0000000100000000)
  region size 1024K, 2 young (2048K), 1 survivors (1024K)
 Metaspace       used 37946K, committed 38208K, reserved 1114112K
  class space    used 4468K, committed 4608K, reserved 1048576K
}
Event: 84.344 GC heap after
{Heap after GC invocations=256 (full 0):
 garbage-first heap   total 115712K, used 41779K [0x0000000081e00000, 0x0000000100000000)
  region size 1024K, 1 young (1024K), 1 survivors (1024K)
 Metaspace       used 37946K, committed 38208K, reserved 1114112K
  class space    used 4468K, committed 4608K, reserved 1048576K
}
Event: 84.633 GC heap before
{Heap before GC invocations=256 (full 0):
 garbage-first heap   total 115712K, used 52019K [0x0000000081e00000, 0x0000000100000000)
  region size 1024K, 2 young (2048K), 1 survivors (1024K)
 Metaspace       used 37946K, committed 38208K, reserved 1114112K
  class space    used 4468K, committed 4608K, reserved 1048576K
}
Event: 84.635 GC heap after
{Heap after GC invocations=257 (full 0):
 garbage-first heap   total 115712K, used 41779K [0x0000000081e00000, 0x0000000100000000)
  region size 1024K, 1 young (1024K), 1 survivors (1024K)
 Metaspace       used 37946K, committed 38208K, reserved 1114112K
  class space    used 4468K, committed 4608K, reserved 1048576K
}
Event: 84.841 GC heap before
{Heap before GC invocations=257 (full 0):
 garbage-first heap   total 115712K, used 52019K [0x0000000081e00000, 0x0000000100000000)
  region size 1024K, 2 young (2048K), 1 survivors (1024K)
 Metaspace       used 37946K, committed 38208K, reserved 1114112K
  class space    used 4468K, committed 4608K, reserved 1048576K
}
Event: 84.842 GC heap after
{Heap after GC invocations=258 (full 0):
 garbage-first heap   total 115712K, used 41783K [0x0000000081e00000, 0x0000000100000000)
  region size 1024K, 1 young (1024K), 1 survivors (1024K)
 Metaspace       used 37946K, committed 38208K, reserved 1114112K
  class space    used 4468K, committed 4608K, reserved 1048576K
}
Event: 85.123 GC heap before
{Heap before GC invocations=258 (full 0):
 garbage-first heap   total 115712K, used 52023K [0x0000000081e00000, 0x0000000100000000)
  region size 1024K, 2 young (2048K), 1 survivors (1024K)
 Metaspace       used 37946K, committed 38208K, reserved 1114112K
  class space    used 4468K, committed 4608K, reserved 1048576K
}
Event: 85.124 GC heap after
{Heap after GC invocations=259 (full 0):
 garbage-first heap   total 115712K, used 41785K [0x0000000081e00000, 0x0000000100000000)
  region size 1024K, 1 young (1024K), 1 survivors (1024K)
 Metaspace       used 37946K, committed 38208K, reserved 1114112K
  class space    used 4468K, committed 4608K, reserved 1048576K
}
Event: 85.396 GC heap before
{Heap before GC invocations=259 (full 0):
 garbage-first heap   total 115712K, used 52025K [0x0000000081e00000, 0x0000000100000000)
  region size 1024K, 2 young (2048K), 1 survivors (1024K)
 Metaspace       used 37956K, committed 38208K, reserved 1114112K
  class space    used 4471K, committed 4608K, reserved 1048576K
}
Event: 85.398 GC heap after
{Heap after GC invocations=260 (full 0):
 garbage-first heap   total 115712K, used 43837K [0x0000000081e00000, 0x0000000100000000)
  region size 1024K, 1 young (1024K), 1 survivors (1024K)
 Metaspace       used 37956K, committed 38208K, reserved 1114112K
  class space    used 4471K, committed 4608K, reserved 1048576K
}

Dll operation events (20 events):
Event: 35.528 Loaded shared library C:\Users\Jay\.javacpp\cache\opencv-3.2.0-1.3-windows-x86_64.jar\org\bytedeco\javacpp\windows-x86_64\msvcp120.dll
Event: 35.540 Loaded shared library C:\Users\Jay\.javacpp\cache\opencv-3.2.0-1.3-windows-x86_64.jar\org\bytedeco\javacpp\windows-x86_64\opencv_core320.dll
Event: 35.553 Loaded shared library C:\Users\Jay\.javacpp\cache\opencv-3.2.0-1.3-windows-x86_64.jar\org\bytedeco\javacpp\windows-x86_64\opencv_imgproc320.dll
Event: 35.565 Loaded shared library C:\Users\Jay\.javacpp\cache\opencv-3.2.0-1.3-windows-x86_64.jar\org\bytedeco\javacpp\windows-x86_64\jniopencv_core.dll
Event: 35.914 Loaded shared library C:\Users\Jay\.javacpp\cache\opencv-3.2.0-1.3-windows-x86_64.jar\org\bytedeco\javacpp\windows-x86_64\jniopencv_imgproc.dll
Event: 35.960 Loaded shared library C:\Users\Jay\.javacpp\cache\opencv-3.2.0-1.3-windows-x86_64.jar\org\bytedeco\javacpp\windows-x86_64\opencv_imgcodecs320.dll
Event: 35.967 Loaded shared library C:\Users\Jay\.javacpp\cache\opencv-3.2.0-1.3-windows-x86_64.jar\org\bytedeco\javacpp\windows-x86_64\jniopencv_imgcodecs.dll
Event: 36.103 Loaded shared library C:\Users\Jay\.javacpp\cache\opencv-3.2.0-1.3-windows-x86_64.jar\org\bytedeco\javacpp\windows-x86_64\opencv_videoio320.dll
Event: 36.114 Loaded shared library C:\Users\Jay\.javacpp\cache\opencv-3.2.0-1.3-windows-x86_64.jar\org\bytedeco\javacpp\windows-x86_64\jniopencv_videoio.dll
Event: 36.173 Loaded shared library C:\Users\Jay\.javacpp\cache\opencv-3.2.0-1.3-windows-x86_64.jar\org\bytedeco\javacpp\windows-x86_64\opencv_highgui320.dll
Event: 36.180 Loaded shared library C:\Users\Jay\.javacpp\cache\opencv-3.2.0-1.3-windows-x86_64.jar\org\bytedeco\javacpp\windows-x86_64\jniopencv_highgui.dll
Event: 36.220 Loaded shared library C:\Users\Jay\.javacpp\cache\opencv-3.2.0-1.3-windows-x86_64.jar\org\bytedeco\javacpp\windows-x86_64\opencv_ml320.dll
Event: 36.227 Loaded shared library C:\Users\Jay\.javacpp\cache\opencv-3.2.0-1.3-windows-x86_64.jar\org\bytedeco\javacpp\windows-x86_64\jniopencv_ml.dll
Event: 36.305 Loaded shared library C:\Users\Jay\.javacpp\cache\opencv-3.2.0-1.3-windows-x86_64.jar\org\bytedeco\javacpp\windows-x86_64\opencv_objdetect320.dll
Event: 36.313 Loaded shared library C:\Users\Jay\.javacpp\cache\opencv-3.2.0-1.3-windows-x86_64.jar\org\bytedeco\javacpp\windows-x86_64\jniopencv_objdetect.dll
Event: 36.393 Loaded shared library C:\Users\Jay\.javacpp\cache\opencv-3.2.0-1.3-windows-x86_64.jar\org\bytedeco\javacpp\windows-x86_64\opencv_face320.dll
Event: 36.401 Loaded shared library C:\Users\Jay\.javacpp\cache\opencv-3.2.0-1.3-windows-x86_64.jar\org\bytedeco\javacpp\windows-x86_64\jniopencv_face.dll
Event: 37.922 Loaded shared library C:\Windows\System32\ole32.dll
Event: 37.930 Loaded shared library C:\Windows\System32\oleaut32.dll
Event: 37.962 Loaded shared library C:\Users\Jay\.javacpp\cache\videoinput-0.200-1.3-windows-x86_64.jar\org\bytedeco\javacpp\windows-x86_64\jnivideoInputLib.dll

Deoptimization events (20 events):
Event: 74.641 Thread 0x00000210465e3060 Uncommon trap: trap_request=0xffffffbe fr.pc=0x0000021033332e6c relative=0x000000000000054c
Event: 74.641 Thread 0x00000210465e3060 Uncommon trap: reason=profile_predicate action=maybe_recompile pc=0x0000021033332e6c method=java.util.LinkedList.remove(Ljava/lang/Object;)Z @ 45 c2
Event: 74.641 Thread 0x00000210465e3060 DEOPT PACKING pc=0x0000021033332e6c sp=0x000000e64a3fea40
Event: 74.641 Thread 0x00000210465e3060 DEOPT UNPACKING pc=0x0000021032a869a3 sp=0x000000e64a3fe9e8 mode 2
Event: 74.831 Thread 0x00000210465e3060 Uncommon trap: trap_request=0xffffffbe fr.pc=0x0000021033324488 relative=0x00000000000005e8
Event: 74.831 Thread 0x00000210465e3060 Uncommon trap: reason=profile_predicate action=maybe_recompile pc=0x0000021033324488 method=java.util.LinkedList.remove(Ljava/lang/Object;)Z @ 44 c2
Event: 74.831 Thread 0x00000210465e3060 DEOPT PACKING pc=0x0000021033324488 sp=0x000000e64a3fea30
Event: 74.831 Thread 0x00000210465e3060 DEOPT UNPACKING pc=0x0000021032a869a3 sp=0x000000e64a3fe9f0 mode 2
Event: 82.442 Thread 0x000002104700b330 Uncommon trap: trap_request=0xffffff5c fr.pc=0x0000021033334fe8 relative=0x0000000000000e88
Event: 82.442 Thread 0x000002104700b330 Uncommon trap: reason=speculate_null_check action=make_not_entrant pc=0x0000021033334fe8 method=java.util.concurrent.locks.AbstractQueuedSynchronizer.acquire(Ljava/util/concurrent/locks/AbstractQueuedSynchronizer$Node;IZZZJ)I @ 254 c2
Event: 82.442 Thread 0x000002104700b330 DEOPT PACKING pc=0x0000021033334fe8 sp=0x000000e64a5fca20
Event: 82.442 Thread 0x000002104700b330 DEOPT UNPACKING pc=0x0000021032a869a3 sp=0x000000e64a5fc9c0 mode 2
Event: 85.308 Thread 0x000002104700b330 Uncommon trap: trap_request=0xffffff76 fr.pc=0x0000021033333dc8 relative=0x0000000000000628
Event: 85.308 Thread 0x000002104700b330 Uncommon trap: reason=predicate action=maybe_recompile pc=0x0000021033333dc8 method=java.util.LinkedList.remove(Ljava/lang/Object;)Z @ 45 c2
Event: 85.308 Thread 0x000002104700b330 DEOPT PACKING pc=0x0000021033333dc8 sp=0x000000e64a5fced0
Event: 85.308 Thread 0x000002104700b330 DEOPT UNPACKING pc=0x0000021032a869a3 sp=0x000000e64a5fce88 mode 2
Event: 85.314 Thread 0x000002104700b330 Uncommon trap: trap_request=0xffffff76 fr.pc=0x000002103317ca6c relative=0x000000000000042c
Event: 85.314 Thread 0x000002104700b330 Uncommon trap: reason=predicate action=maybe_recompile pc=0x000002103317ca6c method=java.util.ArrayList.remove(Ljava/lang/Object;)Z @ 42 c2
Event: 85.314 Thread 0x000002104700b330 DEOPT PACKING pc=0x000002103317ca6c sp=0x000000e64a5fcd60
Event: 85.314 Thread 0x000002104700b330 DEOPT UNPACKING pc=0x0000021032a869a3 sp=0x000000e64a5fcd30 mode 2

Classes unloaded (0 events):
No events

Classes redefined (0 events):
No events

Internal exceptions (20 events):
Event: 20.613 Thread 0x0000021046b1f1c0 Exception <a 'java/lang/ClassNotFoundException'{0x0000000089dc5d60}: sun/awt/resources/spi/awtProvider> (0x0000000089dc5d60) 
thrown [s\src\hotspot\share\classfile\systemDictionary.cpp, line 256]
Event: 20.621 Thread 0x0000021046b1f1c0 Exception <a 'java/io/FileNotFoundException'{0x0000000089dc8ed0}> (0x0000000089dc8ed0) 
thrown [s\src\hotspot\share\prims\jni.cpp, line 516]
Event: 20.622 Thread 0x0000021046b1f1c0 Exception <a 'java/io/FileNotFoundException'{0x0000000089dca440}> (0x0000000089dca440) 
thrown [s\src\hotspot\share\prims\jni.cpp, line 516]
Event: 20.650 Thread 0x0000021046b1f1c0 Exception <a 'java/lang/NoSuchMethodError'{0x0000000087d0f0c0}: 'java.lang.Object java.lang.invoke.DirectMethodHandle$Holder.invokeStaticInit(java.lang.Object, int, int, int, int)'> (0x0000000087d0f0c0) 
thrown [s\src\hotspot\share\interpreter\linkResolver.cpp, line 759]
Event: 20.736 Thread 0x0000021046b1f1c0 Exception <a 'java/lang/NoSuchMethodError'{0x0000000087d71260}: 'java.lang.Object java.lang.invoke.DirectMethodHandle$Holder.invokeStaticInit(java.lang.Object, java.lang.Object, int, int, int, int)'> (0x0000000087d71260) 
thrown [s\src\hotspot\share\interpreter\linkResolver.cpp, line 759]
Event: 20.999 Thread 0x00000210465e3060 Implicit null exception at 0x0000021033151600 to 0x0000021033151db1
Event: 35.471 Thread 0x000002104700b330 Exception <a 'java/lang/NoSuchMethodError'{0x0000000087deeb28}: 'int java.lang.invoke.DirectMethodHandle$Holder.invokeStatic(java.lang.Object, java.lang.Object, java.lang.Object, java.lang.Object)'> (0x0000000087deeb28) 
thrown [s\src\hotspot\share\interpreter\linkResolver.cpp, line 759]
Event: 35.471 Thread 0x000002104700b330 Exception <a 'java/lang/NoSuchMethodError'{0x0000000087df2a78}: 'int java.lang.invoke.DirectMethodHandle$Holder.invokeStaticInit(java.lang.Object, java.lang.Object, java.lang.Object, java.lang.Object)'> (0x0000000087df2a78) 
thrown [s\src\hotspot\share\interpreter\linkResolver.cpp, line 759]
Event: 35.472 Thread 0x000002104700b330 Exception <a 'java/lang/NoSuchMethodError'{0x0000000087dfc248}: 'java.lang.Object java.lang.invoke.DirectMethodHandle$Holder.invokeInterface(java.lang.Object, java.lang.Object)'> (0x0000000087dfc248) 
thrown [s\src\hotspot\share\interpreter\linkResolver.cpp, line 759]
Event: 35.473 Thread 0x000002104700b330 Exception <a 'java/lang/IncompatibleClassChangeError'{0x0000000087dffce8}: Found class java.lang.Object, but interface was expected> (0x0000000087dffce8) 
thrown [s\src\hotspot\share\interpreter\linkResolver.cpp, line 826]
Event: 40.674 Thread 0x00000210465e3060 Implicit null exception at 0x0000021033165dac to 0x0000021033165e2c
Event: 57.157 Thread 0x000002104700b330 Implicit null exception at 0x000002103312ee21 to 0x000002103312ee78
Event: 57.158 Thread 0x000002104700b330 Implicit null exception at 0x000002103327530d to 0x0000021033276a6c
Event: 57.159 Thread 0x000002104700b330 Implicit null exception at 0x00000210331dae91 to 0x00000210331dbc94
Event: 58.127 Thread 0x00000210465e3060 Implicit null exception at 0x0000021033165a60 to 0x0000021033165ad4
Event: 58.289 Thread 0x00000210465e3060 Implicit null exception at 0x000002103327a2d0 to 0x000002103327a33c
Event: 61.704 Thread 0x000002104700b330 Exception <a 'java/lang/reflect/InvocationTargetException'{0x0000000089d4af58}> (0x0000000089d4af58) 
thrown [s\src\hotspot\share\runtime\reflection.cpp, line 1121]
Event: 68.411 Thread 0x000002104700b330 Implicit null exception at 0x00000210331ea860 to 0x00000210331eb204
Event: 69.445 Thread 0x000002104700b330 Exception <a 'java/lang/reflect/InvocationTargetException'{0x0000000089d508b0}> (0x0000000089d508b0) 
thrown [s\src\hotspot\share\runtime\reflection.cpp, line 1121]
Event: 70.592 Thread 0x000002104700b330 Exception <a 'java/lang/reflect/InvocationTargetException'{0x0000000089d4e208}> (0x0000000089d4e208) 
thrown [s\src\hotspot\share\runtime\reflection.cpp, line 1121]

VM Operations (20 events):
Event: 83.123 Executing VM operation: G1TryInitiateConcMark
Event: 83.124 Executing VM operation: G1TryInitiateConcMark done
Event: 83.351 Executing VM operation: G1TryInitiateConcMark
Event: 83.352 Executing VM operation: G1TryInitiateConcMark done
Event: 83.657 Executing VM operation: G1TryInitiateConcMark
Event: 83.659 Executing VM operation: G1TryInitiateConcMark done
Event: 83.846 Executing VM operation: G1TryInitiateConcMark
Event: 83.847 Executing VM operation: G1TryInitiateConcMark done
Event: 84.150 Executing VM operation: G1TryInitiateConcMark
Event: 84.151 Executing VM operation: G1TryInitiateConcMark done
Event: 84.342 Executing VM operation: G1TryInitiateConcMark
Event: 84.344 Executing VM operation: G1TryInitiateConcMark done
Event: 84.633 Executing VM operation: G1TryInitiateConcMark
Event: 84.635 Executing VM operation: G1TryInitiateConcMark done
Event: 84.840 Executing VM operation: G1TryInitiateConcMark
Event: 84.842 Executing VM operation: G1TryInitiateConcMark done
Event: 85.123 Executing VM operation: G1TryInitiateConcMark
Event: 85.124 Executing VM operation: G1TryInitiateConcMark done
Event: 85.396 Executing VM operation: G1TryInitiateConcMark
Event: 85.398 Executing VM operation: G1TryInitiateConcMark done

Events (20 events):
Event: 57.933 Thread 0x00000210476e8170 Thread exited: 0x00000210476e8170
Event: 57.960 Thread 0x00000210476e8170 Thread added: 0x00000210476e8170
Event: 57.960 Thread 0x00000210476e8170 Thread exited: 0x00000210476e8170
Event: 58.126 Thread 0x00000210476e2b60 Thread added: 0x00000210476e2b60
Event: 58.129 Thread 0x00000210476e2b60 Thread exited: 0x00000210476e2b60
Event: 58.227 Thread 0x00000210476e8b90 Thread added: 0x00000210476e8b90
Event: 58.228 Thread 0x00000210476e8b90 Thread exited: 0x00000210476e8b90
Event: 58.256 Thread 0x00000210476e3580 Thread added: 0x00000210476e3580
Event: 58.257 Thread 0x00000210476e3580 Thread exited: 0x00000210476e3580
Event: 61.703 loading class java/nio/channels/NonWritableChannelException
Event: 61.703 loading class java/nio/channels/NonWritableChannelException done
Event: 61.704 loading class java/lang/Throwable$WrappedPrintStream
Event: 61.704 loading class java/lang/Throwable$PrintStreamOrWriter
Event: 61.704 loading class java/lang/Throwable$PrintStreamOrWriter done
Event: 61.704 loading class java/lang/Throwable$WrappedPrintStream done
Event: 65.549 Thread 0x000002104cc87890 Thread added: 0x000002104cc87890
Event: 65.806 Thread 0x000002104cc87890 Thread exited: 0x000002104cc87890
Event: 74.254 loading class jdk/internal/access/foreign/MemorySegmentProxy
Event: 74.254 loading class jdk/internal/access/foreign/MemorySegmentProxy done
Event: 80.860 Thread 0x0000021046b1f1c0 Thread exited: 0x0000021046b1f1c0


Dynamic libraries:
0x00007ff642c60000 - 0x00007ff642c6e000 	C:\Users\Jay\.p2\pool\plugins\org.eclipse.justj.openjdk.hotspot.jre.full.win32.x86_64_17.0.8.v20230801-1951\jre\bin\javaw.exe
0x00007ff822e30000 - 0x00007ff823028000 	C:\WINDOWS\SYSTEM32\ntdll.dll
0x00007ff8229e0000 - 0x00007ff822a9d000 	C:\WINDOWS\System32\KERNEL32.DLL
0x00007ff820a30000 - 0x00007ff820cfe000 	C:\WINDOWS\System32\KERNELBASE.dll
0x00007ff820930000 - 0x00007ff820a30000 	C:\WINDOWS\System32\ucrtbase.dll
0x00007ff819b60000 - 0x00007ff819b77000 	C:\Users\Jay\.p2\pool\plugins\org.eclipse.justj.openjdk.hotspot.jre.full.win32.x86_64_17.0.8.v20230801-1951\jre\bin\jli.dll
0x00007ff819b40000 - 0x00007ff819b59000 	C:\Users\Jay\.p2\pool\plugins\org.eclipse.justj.openjdk.hotspot.jre.full.win32.x86_64_17.0.8.v20230801-1951\jre\bin\VCRUNTIME140.dll
0x00007ff8217a0000 - 0x00007ff821940000 	C:\WINDOWS\System32\USER32.dll
0x00007ff80f830000 - 0x00007ff80faca000 	C:\WINDOWS\WinSxS\amd64_microsoft.windows.common-controls_6595b64144ccf1df_6.0.19041.1110_none_60b5254171f9507e\COMCTL32.dll
0x00007ff820f50000 - 0x00007ff820f72000 	C:\WINDOWS\System32\win32u.dll
0x00007ff821c70000 - 0x00007ff821d0e000 	C:\WINDOWS\System32\msvcrt.dll
0x00007ff821a10000 - 0x00007ff821a3a000 	C:\WINDOWS\System32\GDI32.dll
0x00007ff820d30000 - 0x00007ff820e3b000 	C:\WINDOWS\System32\gdi32full.dll
0x00007ff820e40000 - 0x00007ff820edd000 	C:\WINDOWS\System32\msvcp_win.dll
0x00007ff822c90000 - 0x00007ff822cc0000 	C:\WINDOWS\System32\IMM32.DLL
0x00007ff81b600000 - 0x00007ff81b60c000 	C:\Users\Jay\.p2\pool\plugins\org.eclipse.justj.openjdk.hotspot.jre.full.win32.x86_64_17.0.8.v20230801-1951\jre\bin\vcruntime140_1.dll
0x00007fffef300000 - 0x00007fffef391000 	C:\Users\Jay\.p2\pool\plugins\org.eclipse.justj.openjdk.hotspot.jre.full.win32.x86_64_17.0.8.v20230801-1951\jre\bin\msvcp140.dll
0x00007fffe32c0000 - 0x00007fffe3f0c000 	C:\Users\Jay\.p2\pool\plugins\org.eclipse.justj.openjdk.hotspot.jre.full.win32.x86_64_17.0.8.v20230801-1951\jre\bin\server\jvm.dll
0x00007ff822d40000 - 0x00007ff822dee000 	C:\WINDOWS\System32\ADVAPI32.dll
0x00007ff822bf0000 - 0x00007ff822c8c000 	C:\WINDOWS\System32\sechost.dll
0x00007ff821670000 - 0x00007ff821795000 	C:\WINDOWS\System32\RPCRT4.dll
0x00007ff8204b0000 - 0x00007ff8204fb000 	C:\WINDOWS\SYSTEM32\POWRPROF.dll
0x00007ff818d90000 - 0x00007ff818d99000 	C:\WINDOWS\SYSTEM32\WSOCK32.dll
0x00007ff822cc0000 - 0x00007ff822d2b000 	C:\WINDOWS\System32\WS2_32.dll
0x00007ff810280000 - 0x00007ff8102a7000 	C:\WINDOWS\SYSTEM32\WINMM.dll
0x00007ff80d9d0000 - 0x00007ff80d9da000 	C:\WINDOWS\SYSTEM32\VERSION.dll
0x00007ff820490000 - 0x00007ff8204a2000 	C:\WINDOWS\SYSTEM32\UMPDC.dll
0x00007ff81e530000 - 0x00007ff81e542000 	C:\WINDOWS\SYSTEM32\kernel.appcore.dll
0x00007ff815ce0000 - 0x00007ff815cea000 	C:\Users\Jay\.p2\pool\plugins\org.eclipse.justj.openjdk.hotspot.jre.full.win32.x86_64_17.0.8.v20230801-1951\jre\bin\jimage.dll
0x00007ff80cb20000 - 0x00007ff80cd04000 	C:\WINDOWS\SYSTEM32\DBGHELP.DLL
0x00007ff80caf0000 - 0x00007ff80cb1c000 	C:\WINDOWS\SYSTEM32\dbgcore.DLL
0x00007ff8207f0000 - 0x00007ff820872000 	C:\WINDOWS\System32\bcryptPrimitives.dll
0x00007ff8119b0000 - 0x00007ff8119d5000 	C:\Users\Jay\.p2\pool\plugins\org.eclipse.justj.openjdk.hotspot.jre.full.win32.x86_64_17.0.8.v20230801-1951\jre\bin\java.dll
0x00007ff813230000 - 0x00007ff813248000 	C:\Users\Jay\.p2\pool\plugins\org.eclipse.justj.openjdk.hotspot.jre.full.win32.x86_64_17.0.8.v20230801-1951\jre\bin\zip.dll
0x00007ff822180000 - 0x00007ff8228c3000 	C:\WINDOWS\System32\SHELL32.dll
0x00007ff81e730000 - 0x00007ff81eec5000 	C:\WINDOWS\SYSTEM32\windows.storage.dll
0x00007ff821040000 - 0x00007ff821394000 	C:\WINDOWS\System32\combase.dll
0x00007ff81ffd0000 - 0x00007ff820000000 	C:\WINDOWS\SYSTEM32\Wldp.dll
0x00007ff820f90000 - 0x00007ff82103d000 	C:\WINDOWS\System32\SHCORE.dll
0x00007ff822980000 - 0x00007ff8229d5000 	C:\WINDOWS\System32\shlwapi.dll
0x00007ff820580000 - 0x00007ff82059f000 	C:\WINDOWS\SYSTEM32\profapi.dll
0x00007ff811990000 - 0x00007ff8119a9000 	C:\Users\Jay\.p2\pool\plugins\org.eclipse.justj.openjdk.hotspot.jre.full.win32.x86_64_17.0.8.v20230801-1951\jre\bin\net.dll
0x00007ff814980000 - 0x00007ff814a8a000 	C:\WINDOWS\SYSTEM32\WINHTTP.dll
0x00007ff81fd30000 - 0x00007ff81fd9a000 	C:\WINDOWS\system32\mswsock.dll
0x00007ff811970000 - 0x00007ff811985000 	C:\Users\Jay\.p2\pool\plugins\org.eclipse.justj.openjdk.hotspot.jre.full.win32.x86_64_17.0.8.v20230801-1951\jre\bin\nio.dll
0x0000021027db0000 - 0x0000021027db3000 	C:\javafx-sdk-20.0.2\bin\api-ms-win-core-console-l1-1-0.dll
0x0000021027dc0000 - 0x0000021027dc3000 	C:\javafx-sdk-20.0.2\bin\api-ms-win-core-console-l1-2-0.dll
0x0000021027dd0000 - 0x0000021027dd3000 	C:\javafx-sdk-20.0.2\bin\api-ms-win-core-datetime-l1-1-0.dll
0x0000021027de0000 - 0x0000021027de3000 	C:\javafx-sdk-20.0.2\bin\api-ms-win-core-debug-l1-1-0.dll
0x0000021027df0000 - 0x0000021027df3000 	C:\javafx-sdk-20.0.2\bin\api-ms-win-core-errorhandling-l1-1-0.dll
0x0000021041a50000 - 0x0000021041a54000 	C:\javafx-sdk-20.0.2\bin\api-ms-win-core-file-l1-1-0.dll
0x0000021041a60000 - 0x0000021041a63000 	C:\javafx-sdk-20.0.2\bin\api-ms-win-core-file-l1-2-0.dll
0x0000021041a70000 - 0x0000021041a73000 	C:\javafx-sdk-20.0.2\bin\api-ms-win-core-file-l2-1-0.dll
0x0000021041a80000 - 0x0000021041a83000 	C:\javafx-sdk-20.0.2\bin\api-ms-win-core-handle-l1-1-0.dll
0x0000021041a90000 - 0x0000021041a93000 	C:\javafx-sdk-20.0.2\bin\api-ms-win-core-heap-l1-1-0.dll
0x0000021041aa0000 - 0x0000021041aa3000 	C:\javafx-sdk-20.0.2\bin\api-ms-win-core-interlocked-l1-1-0.dll
0x0000021041ab0000 - 0x0000021041ab3000 	C:\javafx-sdk-20.0.2\bin\api-ms-win-core-libraryloader-l1-1-0.dll
0x0000021041ac0000 - 0x0000021041ac3000 	C:\javafx-sdk-20.0.2\bin\api-ms-win-core-localization-l1-2-0.dll
0x0000021041ad0000 - 0x0000021041ad3000 	C:\javafx-sdk-20.0.2\bin\api-ms-win-core-memory-l1-1-0.dll
0x0000021041ae0000 - 0x0000021041ae3000 	C:\javafx-sdk-20.0.2\bin\api-ms-win-core-namedpipe-l1-1-0.dll
0x0000021041af0000 - 0x0000021041af3000 	C:\javafx-sdk-20.0.2\bin\api-ms-win-core-processenvironment-l1-1-0.dll
0x0000021041b00000 - 0x0000021041b03000 	C:\javafx-sdk-20.0.2\bin\api-ms-win-core-processthreads-l1-1-0.dll
0x0000021041e50000 - 0x0000021041e53000 	C:\javafx-sdk-20.0.2\bin\api-ms-win-core-processthreads-l1-1-1.dll
0x0000021041e60000 - 0x0000021041e63000 	C:\javafx-sdk-20.0.2\bin\api-ms-win-core-profile-l1-1-0.dll
0x0000021041e70000 - 0x0000021041e73000 	C:\javafx-sdk-20.0.2\bin\api-ms-win-core-rtlsupport-l1-1-0.dll
0x0000021041e80000 - 0x0000021041e83000 	C:\javafx-sdk-20.0.2\bin\api-ms-win-core-string-l1-1-0.dll
0x0000021041e90000 - 0x0000021041e93000 	C:\javafx-sdk-20.0.2\bin\api-ms-win-core-synch-l1-1-0.dll
0x0000021041ea0000 - 0x0000021041ea3000 	C:\javafx-sdk-20.0.2\bin\api-ms-win-core-synch-l1-2-0.dll
0x0000021041eb0000 - 0x0000021041eb3000 	C:\javafx-sdk-20.0.2\bin\api-ms-win-core-sysinfo-l1-1-0.dll
0x0000021041ec0000 - 0x0000021041ec3000 	C:\javafx-sdk-20.0.2\bin\api-ms-win-core-timezone-l1-1-0.dll
0x0000021041b10000 - 0x0000021041b13000 	C:\javafx-sdk-20.0.2\bin\api-ms-win-core-util-l1-1-0.dll
0x0000021041b20000 - 0x0000021041b23000 	C:\javafx-sdk-20.0.2\bin\api-ms-win-crt-conio-l1-1-0.dll
0x0000021041b30000 - 0x0000021041b34000 	C:\javafx-sdk-20.0.2\bin\api-ms-win-crt-convert-l1-1-0.dll
0x0000021041b40000 - 0x0000021041b43000 	C:\javafx-sdk-20.0.2\bin\api-ms-win-crt-environment-l1-1-0.dll
0x0000021041b50000 - 0x0000021041b53000 	C:\javafx-sdk-20.0.2\bin\api-ms-win-crt-filesystem-l1-1-0.dll
0x0000021041b60000 - 0x0000021041b63000 	C:\javafx-sdk-20.0.2\bin\api-ms-win-crt-heap-l1-1-0.dll
0x0000021041b70000 - 0x0000021041b73000 	C:\javafx-sdk-20.0.2\bin\api-ms-win-crt-locale-l1-1-0.dll
0x0000021041b80000 - 0x0000021041b85000 	C:\javafx-sdk-20.0.2\bin\api-ms-win-crt-math-l1-1-0.dll
0x0000021041b90000 - 0x0000021041b95000 	C:\javafx-sdk-20.0.2\bin\api-ms-win-crt-multibyte-l1-1-0.dll
0x0000021041ba0000 - 0x0000021041bb0000 	C:\javafx-sdk-20.0.2\bin\api-ms-win-crt-private-l1-1-0.dll
0x0000021041bb0000 - 0x0000021041bb3000 	C:\javafx-sdk-20.0.2\bin\api-ms-win-crt-process-l1-1-0.dll
0x0000021041bc0000 - 0x0000021041bc4000 	C:\javafx-sdk-20.0.2\bin\api-ms-win-crt-runtime-l1-1-0.dll
0x0000021041bd0000 - 0x0000021041bd4000 	C:\javafx-sdk-20.0.2\bin\api-ms-win-crt-stdio-l1-1-0.dll
0x0000021041be0000 - 0x0000021041be4000 	C:\javafx-sdk-20.0.2\bin\api-ms-win-crt-string-l1-1-0.dll
0x0000021041bf0000 - 0x0000021041bf3000 	C:\javafx-sdk-20.0.2\bin\api-ms-win-crt-time-l1-1-0.dll
0x0000021041c00000 - 0x0000021041c03000 	C:\javafx-sdk-20.0.2\bin\api-ms-win-crt-utility-l1-1-0.dll
0x00007fffedf10000 - 0x00007fffee00c000 	C:\javafx-sdk-20.0.2\bin\ucrtbase.dll
0x00007ff818c70000 - 0x00007ff818c8b000 	C:\javafx-sdk-20.0.2\bin\vcruntime140.dll
0x00007ff819ae0000 - 0x00007ff819aec000 	C:\javafx-sdk-20.0.2\bin\vcruntime140_1.dll
0x00007fffeed70000 - 0x00007fffeedfe000 	C:\javafx-sdk-20.0.2\bin\msvcp140.dll
0x00007ff8199d0000 - 0x00007ff8199d9000 	C:\javafx-sdk-20.0.2\bin\msvcp140_1.dll
0x00007ffff8df0000 - 0x00007ffff8e20000 	C:\javafx-sdk-20.0.2\bin\msvcp140_2.dll
0x00007ffff8dc0000 - 0x00007ffff8def000 	C:\javafx-sdk-20.0.2\bin\prism_d3d.dll
0x00007fffeeb60000 - 0x00007fffeed2f000 	C:\WINDOWS\system32\d3d9.dll
0x00007ff81e320000 - 0x00007ff81e34f000 	C:\WINDOWS\SYSTEM32\dwmapi.dll
0x00007ff81e050000 - 0x00007ff81e0ee000 	C:\WINDOWS\system32\uxtheme.dll
0x00007ff821940000 - 0x00007ff821a0d000 	C:\WINDOWS\System32\OLEAUT32.dll
0x00007ff822ac0000 - 0x00007ff822bea000 	C:\WINDOWS\System32\ole32.dll
0x00007ff821d10000 - 0x00007ff82217f000 	C:\WINDOWS\System32\SETUPAPI.dll
0x00007ff8207a0000 - 0x00007ff8207ee000 	C:\WINDOWS\System32\cfgmgr32.dll
0x00007ff820d00000 - 0x00007ff820d27000 	C:\WINDOWS\System32\bcrypt.dll
0x00007ffff7250000 - 0x00007ffff7292000 	C:\javafx-sdk-20.0.2\bin\glass.dll
0x00007ff821410000 - 0x00007ff8214ea000 	C:\WINDOWS\System32\COMDLG32.dll
0x00007ff821550000 - 0x00007ff821665000 	C:\WINDOWS\System32\MSCTF.dll
0x00007ff81b5a0000 - 0x00007ff81b5db000 	C:\WINDOWS\SYSTEM32\dxcore.dll
0x00007ff817df0000 - 0x00007ff817e04000 	C:\javafx-sdk-20.0.2\bin\javafx_font.dll
0x00007ffff6a60000 - 0x00007ffff6a8d000 	C:\javafx-sdk-20.0.2\bin\javafx_iio.dll
0x00007ff816d50000 - 0x00007ff816fcf000 	C:\WINDOWS\SYSTEM32\dwrite.dll
0x00007ff8228d0000 - 0x00007ff822979000 	C:\WINDOWS\System32\clbcatq.dll
0x00007ff819160000 - 0x00007ff819314000 	C:\WINDOWS\SYSTEM32\WindowsCodecs.dll
0x00007ff8074a0000 - 0x00007ff8074de000 	C:\WINDOWS\system32\dataexchange.dll
0x00007ff81ca10000 - 0x00007ff81cbf4000 	C:\WINDOWS\system32\dcomp.dll
0x00007ff81c7a0000 - 0x00007ff81ca03000 	C:\WINDOWS\system32\d3d11.dll
0x00007ff81ef30000 - 0x00007ff81f023000 	C:\WINDOWS\system32\dxgi.dll
0x00007ff818de0000 - 0x00007ff818fe0000 	C:\WINDOWS\system32\twinapi.appcore.dll
0x00007ff819840000 - 0x00007ff819939000 	C:\WINDOWS\SYSTEM32\textinputframework.dll
0x00007ff81d1c0000 - 0x00007ff81d51e000 	C:\WINDOWS\System32\CoreUIComponents.dll
0x00007ff81d8a0000 - 0x00007ff81d992000 	C:\WINDOWS\System32\CoreMessaging.dll
0x00007ff81f340000 - 0x00007ff81f373000 	C:\WINDOWS\SYSTEM32\ntmarta.dll
0x00007ff81c640000 - 0x00007ff81c794000 	C:\WINDOWS\SYSTEM32\wintypes.dll
0x00007ff8128c0000 - 0x00007ff812926000 	C:\WINDOWS\system32\Oleacc.dll
0x00007fffe7b90000 - 0x00007fffe7d1e000 	C:\Users\Jay\.p2\pool\plugins\org.eclipse.justj.openjdk.hotspot.jre.full.win32.x86_64_17.0.8.v20230801-1951\jre\bin\awt.dll
0x00007ff81dc50000 - 0x00007ff81dce0000 	C:\WINDOWS\SYSTEM32\apphelp.dll
0x00007ff81ff20000 - 0x00007ff81ff38000 	C:\WINDOWS\SYSTEM32\CRYPTSP.dll
0x00007ff81f6b0000 - 0x00007ff81f6e4000 	C:\WINDOWS\system32\rsaenh.dll
0x00007ff820500000 - 0x00007ff82052e000 	C:\WINDOWS\SYSTEM32\USERENV.dll
0x00007ff81ff40000 - 0x00007ff81ff4c000 	C:\WINDOWS\SYSTEM32\CRYPTBASE.dll
0x00007ff81fa20000 - 0x00007ff81fa5b000 	C:\WINDOWS\SYSTEM32\IPHLPAPI.DLL

dbghelp: loaded successfully - version: 4.0.5 - missing functions: none
symbol engine: initialized successfully - sym options: 0x614 - pdb path: .;C:\Users\Jay\.p2\pool\plugins\org.eclipse.justj.openjdk.hotspot.jre.full.win32.x86_64_17.0.8.v20230801-1951\jre\bin;C:\WINDOWS\SYSTEM32;C:\WINDOWS\WinSxS\amd64_microsoft.windows.common-controls_6595b64144ccf1df_6.0.19041.1110_none_60b5254171f9507e;C:\Users\Jay\.p2\pool\plugins\org.eclipse.justj.openjdk.hotspot.jre.full.win32.x86_64_17.0.8.v20230801-1951\jre\bin\server;C:\javafx-sdk-20.0.2\bin;C:\WINDOWS\System32\DriverStore\FileRepository\igdlh64.inf_amd64_82119d956c80af5a;C:\Program Files\Common Files\Microsoft Shared\Ink;C:\Users\Jay\.javacpp\cache\opencv-3.2.0-1.3-windows-x86_64.jar\org\bytedeco\javacpp\windows-x86_64;C:\Users\Jay\.javacpp\cache\videoinput-0.200-1.3-windows-x86_64.jar\org\bytedeco\javacpp\windows-x86_64;C:\WINDOWS\WinSxS\amd64_microsoft.windows.gdiplus_6595b64144ccf1df_1.1.19041.2006_none_919e9136cc8d4791;C:\Program Files (x86)\DroidCam\lib

VM Arguments:
jvm_args: --module-path=C:\javafx-sdk-20.0.2\lib --add-modules=javafx.controls,javafx.fxml -Dfile.encoding=UTF-8 -XX:+ShowCodeDetailsInExceptionMessages 
java_command: application.Main
java_class_path (initial): C:\Users\Jay\Desktop\facebio\Facebioreg\target\classes;C:\Users\Jay\Desktop\javafx-sdk-20.0.2\lib\javafx-swt.jar;C:\Users\Jay\Desktop\javafx-sdk-20.0.2\lib\javafx.base.jar;C:\Users\Jay\Desktop\javafx-sdk-20.0.2\lib\javafx.controls.jar;C:\Users\Jay\Desktop\javafx-sdk-20.0.2\lib\javafx.fxml.jar;C:\Users\Jay\Desktop\javafx-sdk-20.0.2\lib\javafx.graphics.jar;C:\Users\Jay\Desktop\javafx-sdk-20.0.2\lib\javafx.media.jar;C:\Users\Jay\Desktop\javafx-sdk-20.0.2\lib\javafx.swing.jar;C:\Users\Jay\Desktop\javafx-sdk-20.0.2\lib\javafx.web.jar;C:\Users\Jay\.p2\pool\plugins\org.eclipse.fx.ide.css.jfx8_3.8.0.202204150904.jar;C:\Users\Jay\Desktop\facebio\Facebioreg\opencv-341.jar;C:\Users\Jay\.m2\repository\org\bytedeco\javacv-platform\1.3.2\javacv-platform-1.3.2.jar;C:\Users\Jay\.m2\repository\org\bytedeco\javacv\1.3.2\javacv-1.3.2.jar;C:\Users\Jay\.m2\repository\org\bytedeco\javacpp\1.3.2\javacpp-1.3.2.jar;C:\Users\Jay\.m2\repository\org\bytedeco\javacpp-presets\opencv\3.2.0-1.3\opencv-3.2.0-1.3.jar;C:\Users\Jay\.m2\repository\org\bytedeco\javacpp-presets\ffmpeg\3.2.1-1.3\ffmpeg-3.2.1-1.3.jar;C:\Users\Jay\.m2\repository\org\bytedeco\javacpp-presets\flycapture\2.9.3.43-1.3\flycapture-2.9.3.43-1.3.jar;C:\Users\Jay\.m2\repository\org\bytedeco\javacpp-presets\libdc1394\2.2.4-1.3\libdc1394-2.2.4-1.3.jar;C:\Users\Jay\.m2\repository\org\bytedeco\javacpp-presets\libfreenect\0.5.3-1.3\libfreenect-0.5.3-1.3.jar;C:\Users\Jay\.m2\repository\org\bytedeco\javacpp-presets\libfreenect2\0.2.0-1.3\libfreenect2-0.2.0-1.3.jar;C:\Users\Jay\.m2\repository\org\bytedeco\javacpp-presets\librealsense\1.9.6-1.3\librealsense-1.9.6-1.3.jar;C:\Users\Jay\.m2\repository\org\bytedeco\javacpp-presets\videoinput\0.200-1.3\videoinput-0.200-1.3.jar;C:\Users\Jay\.m2\repository\org\bytedeco\javacpp-presets\artoolkitplus\2.3.1-1.3\artoolkitplus-2.3.1-1.3.jar;C:\Users\Jay\.m2\repository\org\bytedeco\javacpp-presets\flandmark\1.07-1.3\flandmark-1.07-1.3.jar;C:\Users\Jay\.m2\repository\org\byted
Launcher Type: SUN_STANDARD

[Global flags]
     intx CICompilerCount                          = 3                                         {product} {ergonomic}
     uint ConcGCThreads                            = 1                                         {product} {ergonomic}
     uint G1ConcRefinementThreads                  = 4                                         {product} {ergonomic}
   size_t G1HeapRegionSize                         = 1048576                                   {product} {ergonomic}
    uintx GCDrainStackTargetSize                   = 64                                        {product} {ergonomic}
   size_t InitialHeapSize                          = 134217728                                 {product} {ergonomic}
   size_t MarkStackSize                            = 4194304                                   {product} {ergonomic}
   size_t MaxHeapSize                              = 2116026368                                {product} {ergonomic}
   size_t MaxNewSize                               = 1268776960                                {product} {ergonomic}
   size_t MinHeapDeltaBytes                        = 1048576                                   {product} {ergonomic}
   size_t MinHeapSize                              = 8388608                                   {product} {ergonomic}
    uintx NonNMethodCodeHeapSize                   = 5832780                                {pd product} {ergonomic}
    uintx NonProfiledCodeHeapSize                  = 122912730                              {pd product} {ergonomic}
    uintx ProfiledCodeHeapSize                     = 122912730                              {pd product} {ergonomic}
    uintx ReservedCodeCacheSize                    = 251658240                              {pd product} {ergonomic}
     bool SegmentedCodeCache                       = true                                      {product} {ergonomic}
     bool ShowCodeDetailsInExceptionMessages       = true                                   {manageable} {command line}
   size_t SoftMaxHeapSize                          = 2116026368                             {manageable} {ergonomic}
     bool UseCompressedClassPointers               = true                           {product lp64_product} {ergonomic}
     bool UseCompressedOops                        = true                           {product lp64_product} {ergonomic}
     bool UseG1GC                                  = true                                      {product} {ergonomic}
     bool UseLargePagesIndividualAllocation        = false                                  {pd product} {ergonomic}

Logging:
Log output configuration:
 #0: stdout all=warning uptime,level,tags
 #1: stderr all=off uptime,level,tags

Environment Variables:
CLASSPATH=.;.;C:\PROGRA~2\JMF21~1.1E\lib\sound.jar;C:\PROGRA~2\JMF21~1.1E\lib\jmf.jar;C:\PROGRA~2\JMF21~1.1E\lib;
PATH=C:/Users/Jay/.p2/pool/plugins/org.eclipse.justj.openjdk.hotspot.jre.full.win32.x86_64_17.0.8.v20230801-1951/jre/bin/server;C:/Users/Jay/.p2/pool/plugins/org.eclipse.justj.openjdk.hotspot.jre.full.win32.x86_64_17.0.8.v20230801-1951/jre/bin;C:\Program Files\Common Files\Oracle\Java\javapath;C:\WINDOWS\system32;C:\WINDOWS;C:\WINDOWS\System32\Wbem;C:\WINDOWS\System32\WindowsPowerShell\v1.0\;C:\Program Files\nodejs\;C:\Program Files\Git\cmd;C:\xampp\php;C:\composer;C:\WINDOWS\System32\OpenSSH\;C:\Program Files\Microsoft SQL Server\150\Tools\Binn\;C:\Program Files\Microsoft SQL Server\Client SDK\ODBC\170\Tools\Binn\;C:\Program Files\dotnet\;C:\Program Files\PowerShell\7\;C:\Users\Jay\.console-ninja\.bin;C:\Users\Jay\AppData\Roaming\npm;C:\Users\Jay\AppData\Local\Programs\Microsoft VS Code\bin;C:\Users\Jay\AppData\Roaming\Composer\vendor\bin;C:\Users\Jay\AppData\Local\Microsoft\WindowsApps;C:\Users\Jay\.dotnet\tools;C:\Users\Jay\.fly\bin;C:\WINDOWS\system32;
USERNAME=Jay
OS=Windows_NT
PROCESSOR_IDENTIFIER=Intel64 Family 6 Model 78 Stepping 3, GenuineIntel
TMP=C:\Users\Jay\AppData\Local\Temp
TEMP=C:\Users\Jay\AppData\Local\Temp



---------------  S Y S T E M  ---------------

OS:
 Windows 10 , 64 bit Build 19041 (10.0.19041.1889)
OS uptime: 3 days 11:31 hours

CPU: total 4 (initial active 4) (2 cores per cpu, 2 threads per core) family 6 model 78 stepping 3 microcode 0xcc, cx8, cmov, fxsr, ht, mmx, 3dnowpref, sse, sse2, sse3, ssse3, sse4.1, sse4.2, popcnt, lzcnt, tsc, tscinvbit, avx, avx2, aes, erms, clmul, bmi1, bmi2, adx, fma, vzeroupper, clflush, clflushopt
Processor Information for all 4 processors :
  Max Mhz: 2000, Current Mhz: 2000, Mhz Limit: 2000

Memory: 4k page, system-wide physical 8065M (2411M free)
TotalPageFile size 12964M (AvailPageFile size 3162M)
current process WorkingSet (physical memory assigned to process): 330M, peak: 366M
current process commit charge ("private bytes"): 384M, peak: 433M

vm_info: OpenJDK 64-Bit Server VM (17.0.8+7) for windows-amd64 JRE (17.0.8+7), built on Jul 18 2023 21:02:32 by "admin" with MS VC++ 16.7 (VS2019)

END.
