#
# A fatal error has been detected by the Java Runtime Environment:
#
#  EXCEPTION_ACCESS_VIOLATION (0xc0000005) at pc=0x00007ff822e93466, pid=11564, tid=3620
#
# JRE version: OpenJDK Runtime Environment Temurin-17.0.8+7 (17.0.8+7) (build 17.0.8+7)
# Java VM: OpenJDK 64-Bit Server VM Temurin-17.0.8+7 (17.0.8+7, mixed mode, tiered, compressed oops, compressed class ptrs, g1 gc, windows-amd64)
# Problematic frame:
# C  [ntdll.dll+0x63466]
#
# No core dump will be written. Minidumps are not enabled by default on client versions of Windows
#
# If you would like to submit a bug report, please visit:
#   https://github.com/adoptium/adoptium-support/issues
# The crash happened outside the Java Virtual Machine in native code.
# See problematic frame for where to report the bug.
#

---------------  S U M M A R Y ------------

Command Line: --module-path=C:\javafx-sdk-20.0.2\lib --add-modules=javafx.controls,javafx.fxml -Dfile.encoding=UTF-8 -XX:+ShowCodeDetailsInExceptionMessages application.Main

Host: Intel(R) Core(TM) i3-6006U CPU @ 2.00GHz, 4 cores, 7G,  Windows 10 , 64 bit Build 19041 (10.0.19041.1889)
Time: Fri Sep 15 17:53:54 2023 Coordinated Universal Time elapsed time: 37.991681 seconds (0d 0h 0m 37s)

---------------  T H R E A D  ---------------

Current thread (0x0000024b54f9e780):  JavaThread "Thread-12" [_thread_in_native, id=3620, stack(0x000000ff3c400000,0x000000ff3c500000)]

Stack: [0x000000ff3c400000,0x000000ff3c500000],  sp=0x000000ff3c4fee30,  free space=1019k
Native frames: (J=compiled Java code, j=interpreted, Vv=VM code, C=native code)
C  [ntdll.dll+0x63466]
C  [ntdll.dll+0x2fcb4]
C  [ntdll.dll+0x2fae2]
C  0x00007ff805e72be7

Java frames: (J=compiled Java code, j=interpreted, Vv=VM code)
j  org.bytedeco.javacpp.opencv_videoio$VideoCapture.retrieve(Lorg/bytedeco/javacpp/opencv_core$Mat;)Z+0
j  org.bytedeco.javacv.OpenCVFrameGrabber.grab()Lorg/bytedeco/javacv/Frame;+8
j  application.FaceDetector.run()V+988
j  java.lang.Thread.run()V+11 java.base@17.0.8
v  ~StubRoutines::call_stub

siginfo: EXCEPTION_ACCESS_VIOLATION (0xc0000005), writing address 0x0000000000000024


Register to memory mapping:

RIP=0x00007ff822e93466 ntdll.dll
RAX=0x0 is NULL
RBX=0x0000024b49c1fbb8 points into unknown readable memory: 0x0000000000000000 | 00 00 00 00 00 00 00 00
RCX=0x0000024b49c1fbb8 points into unknown readable memory: 0x0000000000000000 | 00 00 00 00 00 00 00 00
RDX=0x00000000fffffffa is an unallocated location in the heap
RSP=0x000000ff3c4fee30 is pointing into the stack for thread: 0x0000024b54f9e780
RBP=0x0 is NULL
RSI=0x0 is NULL
RDI=0x0 is NULL
R8 =0x0 is NULL
R9 =0x0000024b49c1fb00 points into unknown readable memory: 0x7479622f67726f4c | 4c 6f 72 67 2f 62 79 74
R10=0x0 is NULL
R11=0x0000000000000246 is an unknown value
R12=0x0 is NULL
R13=0x000000ff38e1a000 points into unknown readable memory: 0x0000000000000000 | 00 00 00 00 00 00 00 00
R14=0x0000000000000001 is an unknown value
R15=0x0 is NULL


Registers:
RAX=0x0000000000000000, RBX=0x0000024b49c1fbb8, RCX=0x0000024b49c1fbb8, RDX=0x00000000fffffffa
RSP=0x000000ff3c4fee30, RBP=0x0000000000000000, RSI=0x0000000000000000, RDI=0x0000000000000000
R8 =0x0000000000000000, R9 =0x0000024b49c1fb00, R10=0x0000000000000000, R11=0x0000000000000246
R12=0x0000000000000000, R13=0x000000ff38e1a000, R14=0x0000000000000001, R15=0x0000000000000000
RIP=0x00007ff822e93466, EFLAGS=0x0000000000010213

Top of Stack: (sp=0x000000ff3c4fee30)
0x000000ff3c4fee30:   ffffffffffffffff 0000024b49c1fbb8
0x000000ff3c4fee40:   0000024b000003ff 000000000000e102
0x000000ff3c4fee50:   000000008b001d10 000000ff1808e1f1
0x000000ff3c4fee60:   0000024b558daf00 0000024b558daf60
0x000000ff3c4fee70:   0000000000000000 00000000fffffffa
0x000000ff3c4fee80:   000000ff38e1a000 00007ff822e4e3ad
0x000000ff3c4fee90:   0000024b2d9c0000 000000ff3c4feef9
0x000000ff3c4feea0:   0000024b558daf01 0000024b558daf60
0x000000ff3c4feeb0:   0000000000000000 000000008b001d10
0x000000ff3c4feec0:   0000952fb9b7d0af 0000024b4ad6b2ca
0x000000ff3c4feed0:   0000024b54f9e700 0000000000000001
0x000000ff3c4feee0:   0000000000000001 0000000000000001
0x000000ff3c4feef0:   0000000000000000 0000024b49c1fbb8
0x000000ff3c4fef00:   0000000000000000 00007ff822e5fcb4
0x000000ff3c4fef10:   0000024b39fd94ec 0000000000000004
0x000000ff3c4fef20:   00000000fffffffa ffffffffff676980 

Instructions: (pc=0x00007ff822e93466)
0x00007ff822e93366:   20 e9 ed fe ff ff 48 89 41 18 e9 e4 fe ff ff cc
0x00007ff822e93376:   cc cc cc cc cc cc cc cc cc cc 80 3d 81 91 10 00
0x00007ff822e93386:   00 0f 95 c0 c3 cc cc cc cc cc cc cc cc cc cc cc
0x00007ff822e93396:   cc cc cc cc cc cc cc cc cc cc 48 83 ec 38 8b 05
0x00007ff822e933a6:   82 77 10 00 89 44 24 20 e8 41 02 00 00 48 83 c4
0x00007ff822e933b6:   38 c3 cc cc cc cc cc cc cc cc 48 89 5c 24 18 55
0x00007ff822e933c6:   56 57 41 54 41 55 41 56 41 57 48 81 ec a0 00 00
0x00007ff822e933d6:   00 48 8b 05 32 11 12 00 48 33 c4 48 89 84 24 90
0x00007ff822e933e6:   00 00 00 65 4c 8b 2c 25 30 00 00 00 48 8d 05 cf
0x00007ff822e933f6:   31 10 00 40 32 ed 89 54 24 48 33 f6 40 88 6c 24
0x00007ff822e93406:   40 4c 89 6c 24 50 48 8b d9 44 8b e6 48 3b c8 0f
0x00007ff822e93416:   84 39 01 00 00 40 38 35 e6 90 10 00 0f 85 a8 01
0x00007ff822e93426:   00 00 39 35 fa 90 10 00 0f 85 6a 01 00 00 40 38
0x00007ff822e93436:   35 bd 8b 10 00 48 8d 3d be 8b 10 00 48 0f 45 fe
0x00007ff822e93446:   48 39 73 18 0f 84 d2 00 00 00 48 8b 03 48 83 f8
0x00007ff822e93456:   ff 0f 84 d2 00 00 00 44 8b fe 48 83 f8 ff 74 03
0x00007ff822e93466:   ff 40 24 4c 8b 73 18 4c 8d 2d 54 31 10 00 bd 22
0x00007ff822e93476:   17 00 00 e8 d2 13 fc ff 85 c0 0f 85 ee b4 05 00
0x00007ff822e93486:   b9 82 03 fe 7f 80 39 00 0f 85 fc b4 05 00 49 83
0x00007ff822e93496:   fe ff 0f 85 8a b5 05 00 4c 8b cf c7 44 24 20 00
0x00007ff822e934a6:   00 00 00 41 b8 04 00 00 00 48 8d 54 24 48 48 8d
0x00007ff822e934b6:   4b 08 e8 37 01 00 00 3d 02 01 00 00 0f 84 73 b5
0x00007ff822e934c6:   05 00 8b 4b 08 89 4c 24 48 f6 c1 02 75 ca 3d 02
0x00007ff822e934d6:   01 00 00 0f 84 5c b5 05 00 0f b6 6c 24 40 4c 8b
0x00007ff822e934e6:   6c 24 50 85 c0 0f 88 a8 b6 05 00 40 84 ed 75 73
0x00007ff822e934f6:   48 8b 8c 24 90 00 00 00 48 33 cc e8 7a 8d 02 00
0x00007ff822e93506:   48 8b 9c 24 f0 00 00 00 48 81 c4 a0 00 00 00 41
0x00007ff822e93516:   5f 41 5e 41 5d 41 5c 5f 5e 5d c3 cc 48 8b cb e8
0x00007ff822e93526:   56 05 00 00 e9 21 ff ff ff 8b 4b 20 48 c7 c0 ff
0x00007ff822e93536:   ff ff ff 48 0f ba e1 18 0f 82 19 ff ff ff 48 8b
0x00007ff822e93546:   cb e8 f4 e2 fa ff 48 8b 03 e9 09 ff ff ff c6 44
0x00007ff822e93556:   24 40 01 41 c7 85 60 17 00 00 01 00 00 00 e9 b2 


Stack slot to memory mapping:
stack at sp + 0 slots: 0xffffffffffffffff is an unknown value
stack at sp + 1 slots: 0x0000024b49c1fbb8 points into unknown readable memory: 0x0000000000000000 | 00 00 00 00 00 00 00 00
stack at sp + 2 slots: 0x0000024b000003ff is an unknown value
stack at sp + 3 slots: 0x000000000000e102 is an unknown value
stack at sp + 4 slots: 0x000000008b001d10 is an oop: com.sun.prism.Image$ByteAccess 
{0x000000008b001d10} - klass: 'com/sun/prism/Image$ByteAccess'
 - ---- fields (total size 7 words):
 - final synthetic 'this$0' 'Lcom/sun/prism/Image;' @12  a 'com/sun/prism/Image'{0x000000008b001c00} (8b001c00)
 - 'pixelElems' 'I' @16  4
 - 'scanlineElems' 'I' @20  2560 (a00)
 - 'offsetElems' 'I' @24  0
 - 'theFormat' 'Ljavafx/scene/image/PixelFormat;' @28  a 'javafx/scene/image/WritablePixelFormat$ByteBgraPre'{0x0000000082f5a440} (82f5a440)
 - 'theGetter' 'Lcom/sun/javafx/image/PixelGetter;' @32  a 'com/sun/javafx/image/impl/ByteBgraPre$Accessor'{0x0000000083129f40} (83129f40)
 - 'theSetter' 'Lcom/sun/javafx/image/PixelSetter;' @36  a 'com/sun/javafx/image/impl/ByteBgraPre$Accessor'{0x0000000083129f40} (83129f40)
 - 'theBuffer' 'Ljava/nio/Buffer;' @40  a 'java/nio/HeapByteBuffer'{0x000000008b001bc8} (8b001bc8)
 - final synthetic 'this$0' 'Lcom/sun/prism/Image;' @44  a 'com/sun/prism/Image'{0x000000008b001c00} (8b001c00)
 - final synthetic 'this$0' 'Lcom/sun/prism/Image;' @48  a 'com/sun/prism/Image'{0x000000008b001c00} (8b001c00)
stack at sp + 5 slots: 0x000000ff1808e1f1 is an unknown value
stack at sp + 6 slots: 0x0000024b558daf00 points into unknown readable memory: 0x0064002e00620069 | 69 00 62 00 2e 00 64 00
stack at sp + 7 slots: 0x0000024b558daf60 points into unknown readable memory: 0x0000024b4eedc7c0 | c0 c7 ed 4e 4b 02 00 00


---------------  P R O C E S S  ---------------

Threads class SMR info:
_java_thread_list=0x0000024b53948230, length=25, elements={
0x0000024b49283020, 0x0000024b49283be0, 0x0000024b4926d400, 0x0000024b4926ddc0,
0x0000024b4926e780, 0x0000024b492a8910, 0x0000024b492b1520, 0x0000024b492b1e30,
0x0000024b492b3010, 0x0000024b493a74f0, 0x0000024b498734b0, 0x0000024b499d97f0,
0x0000024b49b4f140, 0x0000024b4eb078f0, 0x0000024b4eb073e0, 0x0000024b4eb07e00,
0x0000024b4eb05580, 0x0000024b4eb06ed0, 0x0000024b54f9ce30, 0x0000024b54f98c60,
0x0000024b54f9b9f0, 0x0000024b54f9c410, 0x0000024b54f9e780, 0x0000024b54f9b4e0,
0x0000024b49e92f40
}

Java Threads: ( => current thread )
  0x0000024b49283020 JavaThread "Reference Handler" daemon [_thread_blocked, id=12696, stack(0x000000ff39900000,0x000000ff39a00000)]
  0x0000024b49283be0 JavaThread "Finalizer" daemon [_thread_blocked, id=12712, stack(0x000000ff39a00000,0x000000ff39b00000)]
  0x0000024b4926d400 JavaThread "Signal Dispatcher" daemon [_thread_blocked, id=8804, stack(0x000000ff39c00000,0x000000ff39d00000)]
  0x0000024b4926ddc0 JavaThread "Attach Listener" daemon [_thread_blocked, id=6008, stack(0x000000ff39d00000,0x000000ff39e00000)]
  0x0000024b4926e780 JavaThread "Service Thread" daemon [_thread_blocked, id=7264, stack(0x000000ff39e00000,0x000000ff39f00000)]
  0x0000024b492a8910 JavaThread "Monitor Deflation Thread" daemon [_thread_blocked, id=2720, stack(0x000000ff39f00000,0x000000ff3a000000)]
  0x0000024b492b1520 JavaThread "C2 CompilerThread0" daemon [_thread_blocked, id=10552, stack(0x000000ff3a000000,0x000000ff3a100000)]
  0x0000024b492b1e30 JavaThread "C1 CompilerThread0" daemon [_thread_blocked, id=12488, stack(0x000000ff3a100000,0x000000ff3a200000)]
  0x0000024b492b3010 JavaThread "Sweeper thread" daemon [_thread_blocked, id=10020, stack(0x000000ff3a200000,0x000000ff3a300000)]
  0x0000024b493a74f0 JavaThread "Common-Cleaner" daemon [_thread_blocked, id=7604, stack(0x000000ff3a300000,0x000000ff3a400000)]
  0x0000024b498734b0 JavaThread "Notification Thread" daemon [_thread_blocked, id=12704, stack(0x000000ff3a500000,0x000000ff3a600000)]
  0x0000024b499d97f0 JavaThread "InvokeLaterDispatcher" daemon [_thread_blocked, id=9508, stack(0x000000ff3a800000,0x000000ff3a900000)]
  0x0000024b49b4f140 JavaThread "Thread-2" daemon [_thread_in_native, id=10160, stack(0x000000ff3b000000,0x000000ff3b100000)]
  0x0000024b4eb078f0 JavaThread "ForkJoinPool.commonPool-worker-1" daemon [_thread_blocked, id=9820, stack(0x000000ff3b200000,0x000000ff3b300000)]
  0x0000024b4eb073e0 JavaThread "FileSystemWatchService" daemon [_thread_in_native, id=7212, stack(0x000000ff3b300000,0x000000ff3b400000)]
  0x0000024b4eb07e00 JavaThread "Thread-3" daemon [_thread_blocked, id=5248, stack(0x000000ff3b400000,0x000000ff3b500000)]
  0x0000024b4eb05580 JavaThread "FileSystemWatchService" daemon [_thread_in_native, id=12912, stack(0x000000ff3b500000,0x000000ff3b600000)]
  0x0000024b4eb06ed0 JavaThread "Thread-4" daemon [_thread_blocked, id=364, stack(0x000000ff3b600000,0x000000ff3b700000)]
  0x0000024b54f9ce30 JavaThread "Prism Font Disposer" daemon [_thread_blocked, id=12556, stack(0x000000ff3ba00000,0x000000ff3bb00000)]
  0x0000024b54f98c60 JavaThread "Cleaner-0" daemon [_thread_blocked, id=14208, stack(0x000000ff3c000000,0x000000ff3c100000)]
  0x0000024b54f9b9f0 JavaThread "pool-2-thread-1" [_thread_blocked, id=13612, stack(0x000000ff3c200000,0x000000ff3c300000)]
  0x0000024b54f9c410 JavaThread "JavaCPP Deallocator" daemon [_thread_blocked, id=10448, stack(0x000000ff3a400000,0x000000ff3a500000)]
=>0x0000024b54f9e780 JavaThread "Thread-12" [_thread_in_native, id=3620, stack(0x000000ff3c400000,0x000000ff3c500000)]
  0x0000024b54f9b4e0 JavaThread "Java2D Disposer" daemon [_thread_blocked, id=3664, stack(0x000000ff3c700000,0x000000ff3c800000)]
  0x0000024b49e92f40 JavaThread "DestroyJavaVM" [_thread_blocked, id=12244, stack(0x000000ff39200000,0x000000ff39300000)]

Other Threads:
  0x0000024b49252010 VMThread "VM Thread" [stack: 0x000000ff39800000,0x000000ff39900000] [id=9764]
  0x0000024b2dc628a0 WatcherThread [stack: 0x000000ff3a600000,0x000000ff3a700000] [id=13712]
  0x0000024b2dc45a50 GCTaskThread "GC Thread#0" [stack: 0x000000ff39300000,0x000000ff39400000] [id=4788]
  0x0000024b4e3d2460 GCTaskThread "GC Thread#1" [stack: 0x000000ff3ad00000,0x000000ff3ae00000] [id=10332]
  0x0000024b4e442390 GCTaskThread "GC Thread#2" [stack: 0x000000ff3ae00000,0x000000ff3af00000] [id=680]
  0x0000024b4e4438f0 GCTaskThread "GC Thread#3" [stack: 0x000000ff3af00000,0x000000ff3b000000] [id=2640]
  0x0000024b2dc56d80 ConcurrentGCThread "G1 Main Marker" [stack: 0x000000ff39400000,0x000000ff39500000] [id=11172]
  0x0000024b2dc57790 ConcurrentGCThread "G1 Conc#0" [stack: 0x000000ff39500000,0x000000ff39600000] [id=14264]
  0x0000024b490a60e0 ConcurrentGCThread "G1 Refine#0" [stack: 0x000000ff39600000,0x000000ff39700000] [id=8048]
  0x0000024b490a79c0 ConcurrentGCThread "G1 Service" [stack: 0x000000ff39700000,0x000000ff39800000] [id=8400]

Threads with active compile tasks:

VM state: not at safepoint (normal execution)

VM Mutex/Monitor currently owned by a thread: None

Heap address: 0x0000000081e00000, size: 2018 MB, Compressed Oops mode: 32-bit

CDS archive(s) not mapped
Compressed class space mapped at: 0x0000000100000000-0x0000000140000000, reserved size: 1073741824
Narrow klass base: 0x0000000000000000, Narrow klass shift: 3, Narrow klass range: 0x140000000

GC Precious Log:
 CPUs: 4 total, 4 available
 Memory: 8065M
 Large Page Support: Disabled
 NUMA Support: Disabled
 Compressed Oops: Enabled (32-bit)
 Heap Region Size: 1M
 Heap Min Capacity: 8M
 Heap Initial Capacity: 128M
 Heap Max Capacity: 2018M
 Pre-touch: Disabled
 Parallel Workers: 4
 Concurrent Workers: 1
 Concurrent Refinement Workers: 4
 Periodic GC: Disabled

Heap:
 garbage-first heap   total 122880K, used 53742K [0x0000000081e00000, 0x0000000100000000)
  region size 1024K, 3 young (3072K), 1 survivors (1024K)
 Metaspace       used 37780K, committed 38080K, reserved 1114112K
  class space    used 4480K, committed 4608K, reserved 1048576K

Heap Regions: E=young(eden), S=young(survivor), O=old, HS=humongous(starts), HC=humongous(continues), CS=collection set, F=free, OA=open archive, CA=closed archive, TAMS=top-at-mark-start (previous, next)
|   0|0x0000000081e00000, 0x0000000081f00000, 0x0000000081f00000|100%| O|  |TAMS 0x0000000081f00000, 0x0000000081f00000| Untracked 
|   1|0x0000000081f00000, 0x0000000082000000, 0x0000000082000000|100%| O|  |TAMS 0x0000000082000000, 0x0000000082000000| Untracked 
|   2|0x0000000082000000, 0x0000000082100000, 0x0000000082100000|100%|HS|  |TAMS 0x0000000082100000, 0x0000000082100000| Complete 
|   3|0x0000000082100000, 0x0000000082200000, 0x0000000082200000|100%|HS|  |TAMS 0x0000000082200000, 0x0000000082200000| Complete 
|   4|0x0000000082200000, 0x0000000082300000, 0x0000000082300000|100%|HC|  |TAMS 0x0000000082300000, 0x0000000082300000| Complete 
|   5|0x0000000082300000, 0x0000000082400000, 0x0000000082400000|100%|HC|  |TAMS 0x0000000082400000, 0x0000000082400000| Complete 
|   6|0x0000000082400000, 0x0000000082500000, 0x0000000082500000|100%|HC|  |TAMS 0x0000000082500000, 0x0000000082500000| Complete 
|   7|0x0000000082500000, 0x0000000082600000, 0x0000000082600000|100%|HC|  |TAMS 0x0000000082600000, 0x0000000082600000| Complete 
|   8|0x0000000082600000, 0x0000000082700000, 0x0000000082700000|100%|HS|  |TAMS 0x0000000082600000, 0x0000000082600000| Complete 
|   9|0x0000000082700000, 0x0000000082800000, 0x0000000082800000|100%|HC|  |TAMS 0x0000000082700000, 0x0000000082700000| Complete 
|  10|0x0000000082800000, 0x0000000082900000, 0x0000000082900000|100%|HS|  |TAMS 0x0000000082800000, 0x0000000082800000| Complete 
|  11|0x0000000082900000, 0x0000000082a00000, 0x0000000082a00000|100%|HC|  |TAMS 0x0000000082900000, 0x0000000082900000| Complete 
|  12|0x0000000082a00000, 0x0000000082a00000, 0x0000000082b00000|  0%| F|  |TAMS 0x0000000082a00000, 0x0000000082a00000| Untracked 
|  13|0x0000000082b00000, 0x0000000082c00000, 0x0000000082c00000|100%| O|  |TAMS 0x0000000082c00000, 0x0000000082c00000| Untracked 
|  14|0x0000000082c00000, 0x0000000082d00000, 0x0000000082d00000|100%| O|  |TAMS 0x0000000082d00000, 0x0000000082d00000| Untracked 
|  15|0x0000000082d00000, 0x0000000082e00000, 0x0000000082e00000|100%| O|  |TAMS 0x0000000082e00000, 0x0000000082e00000| Untracked 
|  16|0x0000000082e00000, 0x0000000082f00000, 0x0000000082f00000|100%| O|  |TAMS 0x0000000082f00000, 0x0000000082f00000| Untracked 
|  17|0x0000000082f00000, 0x0000000083000000, 0x0000000083000000|100%| O|  |TAMS 0x0000000083000000, 0x0000000083000000| Untracked 
|  18|0x0000000083000000, 0x0000000083100000, 0x0000000083100000|100%| O|  |TAMS 0x0000000083100000, 0x0000000083100000| Untracked 
|  19|0x0000000083100000, 0x0000000083200000, 0x0000000083200000|100%| O|  |TAMS 0x0000000083200000, 0x0000000083200000| Untracked 
|  20|0x0000000083200000, 0x0000000083300000, 0x0000000083300000|100%| O|  |TAMS 0x0000000083300000, 0x0000000083300000| Untracked 
|  21|0x0000000083300000, 0x0000000083400000, 0x0000000083400000|100%| O|  |TAMS 0x0000000083400000, 0x0000000083400000| Untracked 
|  22|0x0000000083400000, 0x0000000083500000, 0x0000000083500000|100%| O|  |TAMS 0x0000000083500000, 0x0000000083500000| Untracked 
|  23|0x0000000083500000, 0x0000000083600000, 0x0000000083600000|100%| O|  |TAMS 0x0000000083600000, 0x0000000083600000| Untracked 
|  24|0x0000000083600000, 0x0000000083700000, 0x0000000083700000|100%| O|  |TAMS 0x0000000083700000, 0x0000000083700000| Untracked 
|  25|0x0000000083700000, 0x0000000083800000, 0x0000000083800000|100%|HS|  |TAMS 0x0000000083700000, 0x0000000083800000| Complete 
|  26|0x0000000083800000, 0x0000000083900000, 0x0000000083900000|100%|HC|  |TAMS 0x0000000083800000, 0x0000000083900000| Complete 
|  27|0x0000000083900000, 0x0000000083a00000, 0x0000000083a00000|100%|HS|  |TAMS 0x0000000083a00000, 0x0000000083a00000| Complete 
|  28|0x0000000083a00000, 0x0000000083b00000, 0x0000000083b00000|100%|HS|  |TAMS 0x0000000083b00000, 0x0000000083b00000| Complete 
|  29|0x0000000083b00000, 0x0000000083c00000, 0x0000000083c00000|100%|HC|  |TAMS 0x0000000083c00000, 0x0000000083c00000| Complete 
|  30|0x0000000083c00000, 0x0000000083d00000, 0x0000000083d00000|100%|HS|  |TAMS 0x0000000083c00000, 0x0000000083c00000| Complete 
|  31|0x0000000083d00000, 0x0000000083e00000, 0x0000000083e00000|100%|HC|  |TAMS 0x0000000083d00000, 0x0000000083d00000| Complete 
|  32|0x0000000083e00000, 0x0000000083f00000, 0x0000000083f00000|100%|HS|  |TAMS 0x0000000083e00000, 0x0000000083e00000| Complete 
|  33|0x0000000083f00000, 0x0000000084000000, 0x0000000084000000|100%|HC|  |TAMS 0x0000000083f00000, 0x0000000083f00000| Complete 
|  34|0x0000000084000000, 0x0000000084100000, 0x0000000084100000|100%|HS|  |TAMS 0x0000000084000000, 0x0000000084000000| Complete 
|  35|0x0000000084100000, 0x0000000084200000, 0x0000000084200000|100%|HC|  |TAMS 0x0000000084100000, 0x0000000084100000| Complete 
|  36|0x0000000084200000, 0x0000000084300000, 0x0000000084300000|100%|HS|  |TAMS 0x0000000084200000, 0x0000000084300000| Complete 
|  37|0x0000000084300000, 0x0000000084400000, 0x0000000084400000|100%|HC|  |TAMS 0x0000000084300000, 0x0000000084400000| Complete 
|  38|0x0000000084400000, 0x0000000084500000, 0x0000000084500000|100%|HS|  |TAMS 0x0000000084400000, 0x0000000084500000| Complete 
|  39|0x0000000084500000, 0x0000000084600000, 0x0000000084600000|100%|HC|  |TAMS 0x0000000084500000, 0x0000000084600000| Complete 
|  40|0x0000000084600000, 0x0000000084600000, 0x0000000084700000|  0%| F|  |TAMS 0x0000000084600000, 0x0000000084600000| Untracked 
|  41|0x0000000084700000, 0x0000000084800000, 0x0000000084800000|100%| O|  |TAMS 0x0000000084800000, 0x0000000084800000| Untracked 
|  42|0x0000000084800000, 0x0000000084900000, 0x0000000084900000|100%|HS|  |TAMS 0x0000000084900000, 0x0000000084900000| Complete 
|  43|0x0000000084900000, 0x0000000084a00000, 0x0000000084a00000|100%|HC|  |TAMS 0x0000000084a00000, 0x0000000084a00000| Complete 
|  44|0x0000000084a00000, 0x0000000084b00000, 0x0000000084b00000|100%|HS|  |TAMS 0x0000000084a00000, 0x0000000084b00000| Complete 
|  45|0x0000000084b00000, 0x0000000084c00000, 0x0000000084c00000|100%|HC|  |TAMS 0x0000000084b00000, 0x0000000084c00000| Complete 
|  46|0x0000000084c00000, 0x0000000084c00000, 0x0000000084d00000|  0%| F|  |TAMS 0x0000000084c00000, 0x0000000084c00000| Untracked 
|  47|0x0000000084d00000, 0x0000000084d00000, 0x0000000084e00000|  0%| F|  |TAMS 0x0000000084d00000, 0x0000000084d00000| Untracked 
|  48|0x0000000084e00000, 0x0000000084e74800, 0x0000000084f00000| 45%| O|  |TAMS 0x0000000084e6de00, 0x0000000084e74800| Untracked 
|  49|0x0000000084f00000, 0x0000000085000000, 0x0000000085000000|100%|HS|  |TAMS 0x0000000084f00000, 0x0000000085000000| Complete 
|  50|0x0000000085000000, 0x0000000085100000, 0x0000000085100000|100%|HC|  |TAMS 0x0000000085000000, 0x0000000085100000| Complete 
|  51|0x0000000085100000, 0x0000000085100000, 0x0000000085200000|  0%| F|  |TAMS 0x0000000085100000, 0x0000000085100000| Untracked 
|  52|0x0000000085200000, 0x0000000085200000, 0x0000000085300000|  0%| F|  |TAMS 0x0000000085200000, 0x0000000085200000| Untracked 
|  53|0x0000000085300000, 0x0000000085300000, 0x0000000085400000|  0%| F|  |TAMS 0x0000000085300000, 0x0000000085300000| Untracked 
|  54|0x0000000085400000, 0x0000000085400000, 0x0000000085500000|  0%| F|  |TAMS 0x0000000085400000, 0x0000000085400000| Untracked 
|  55|0x0000000085500000, 0x0000000085600000, 0x0000000085600000|100%|HS|  |TAMS 0x0000000085600000, 0x0000000085600000| Complete 
|  56|0x0000000085600000, 0x0000000085700000, 0x0000000085700000|100%|HC|  |TAMS 0x0000000085700000, 0x0000000085700000| Complete 
|  57|0x0000000085700000, 0x0000000085800000, 0x0000000085800000|100%|HC|  |TAMS 0x0000000085800000, 0x0000000085800000| Complete 
|  58|0x0000000085800000, 0x0000000085800000, 0x0000000085900000|  0%| F|  |TAMS 0x0000000085800000, 0x0000000085800000| Untracked 
|  59|0x0000000085900000, 0x0000000085900000, 0x0000000085a00000|  0%| F|  |TAMS 0x0000000085900000, 0x0000000085900000| Untracked 
|  60|0x0000000085a00000, 0x0000000085a00000, 0x0000000085b00000|  0%| F|  |TAMS 0x0000000085a00000, 0x0000000085a00000| Untracked 
|  61|0x0000000085b00000, 0x0000000085b00000, 0x0000000085c00000|  0%| F|  |TAMS 0x0000000085b00000, 0x0000000085b00000| Untracked 
|  62|0x0000000085c00000, 0x0000000085c00000, 0x0000000085d00000|  0%| F|  |TAMS 0x0000000085c00000, 0x0000000085c00000| Untracked 
|  63|0x0000000085d00000, 0x0000000085d00000, 0x0000000085e00000|  0%| F|  |TAMS 0x0000000085d00000, 0x0000000085d00000| Untracked 
|  64|0x0000000085e00000, 0x0000000085e00000, 0x0000000085f00000|  0%| F|  |TAMS 0x0000000085e00000, 0x0000000085e00000| Untracked 
|  65|0x0000000085f00000, 0x0000000085f00000, 0x0000000086000000|  0%| F|  |TAMS 0x0000000085f00000, 0x0000000085f00000| Untracked 
|  66|0x0000000086000000, 0x0000000086000000, 0x0000000086100000|  0%| F|  |TAMS 0x0000000086000000, 0x0000000086000000| Untracked 
|  67|0x0000000086100000, 0x0000000086100000, 0x0000000086200000|  0%| F|  |TAMS 0x0000000086100000, 0x0000000086100000| Untracked 
|  68|0x0000000086200000, 0x0000000086200000, 0x0000000086300000|  0%| F|  |TAMS 0x0000000086200000, 0x0000000086200000| Untracked 
|  69|0x0000000086300000, 0x0000000086300000, 0x0000000086400000|  0%| F|  |TAMS 0x0000000086300000, 0x0000000086300000| Untracked 
|  70|0x0000000086400000, 0x0000000086400000, 0x0000000086500000|  0%| F|  |TAMS 0x0000000086400000, 0x0000000086400000| Untracked 
|  71|0x0000000086500000, 0x0000000086500000, 0x0000000086600000|  0%| F|  |TAMS 0x0000000086500000, 0x0000000086500000| Untracked 
|  72|0x0000000086600000, 0x0000000086600000, 0x0000000086700000|  0%| F|  |TAMS 0x0000000086600000, 0x0000000086600000| Untracked 
|  73|0x0000000086700000, 0x0000000086700000, 0x0000000086800000|  0%| F|  |TAMS 0x0000000086700000, 0x0000000086700000| Untracked 
|  74|0x0000000086800000, 0x0000000086800000, 0x0000000086900000|  0%| F|  |TAMS 0x0000000086800000, 0x0000000086800000| Untracked 
|  75|0x0000000086900000, 0x0000000086900000, 0x0000000086a00000|  0%| F|  |TAMS 0x0000000086900000, 0x0000000086900000| Untracked 
|  76|0x0000000086a00000, 0x0000000086a00000, 0x0000000086b00000|  0%| F|  |TAMS 0x0000000086a00000, 0x0000000086a00000| Untracked 
|  77|0x0000000086b00000, 0x0000000086b00000, 0x0000000086c00000|  0%| F|  |TAMS 0x0000000086b00000, 0x0000000086b00000| Untracked 
|  78|0x0000000086c00000, 0x0000000086c00000, 0x0000000086d00000|  0%| F|  |TAMS 0x0000000086c00000, 0x0000000086c00000| Untracked 
|  79|0x0000000086d00000, 0x0000000086d00000, 0x0000000086e00000|  0%| F|  |TAMS 0x0000000086d00000, 0x0000000086d00000| Untracked 
|  80|0x0000000086e00000, 0x0000000086e00000, 0x0000000086f00000|  0%| F|  |TAMS 0x0000000086e00000, 0x0000000086e00000| Untracked 
|  81|0x0000000086f00000, 0x0000000086f00000, 0x0000000087000000|  0%| F|  |TAMS 0x0000000086f00000, 0x0000000086f00000| Untracked 
|  82|0x0000000087000000, 0x0000000087000000, 0x0000000087100000|  0%| F|  |TAMS 0x0000000087000000, 0x0000000087000000| Untracked 
|  83|0x0000000087100000, 0x0000000087100000, 0x0000000087200000|  0%| F|  |TAMS 0x0000000087100000, 0x0000000087100000| Untracked 
|  84|0x0000000087200000, 0x0000000087200000, 0x0000000087300000|  0%| F|  |TAMS 0x0000000087200000, 0x0000000087200000| Untracked 
|  85|0x0000000087300000, 0x0000000087300000, 0x0000000087400000|  0%| F|  |TAMS 0x0000000087300000, 0x0000000087300000| Untracked 
|  86|0x0000000087400000, 0x0000000087400000, 0x0000000087500000|  0%| F|  |TAMS 0x0000000087400000, 0x0000000087400000| Untracked 
|  87|0x0000000087500000, 0x0000000087500000, 0x0000000087600000|  0%| F|  |TAMS 0x0000000087500000, 0x0000000087500000| Untracked 
|  88|0x0000000087600000, 0x0000000087600000, 0x0000000087700000|  0%| F|  |TAMS 0x0000000087600000, 0x0000000087600000| Untracked 
|  89|0x0000000087700000, 0x0000000087700000, 0x0000000087800000|  0%| F|  |TAMS 0x0000000087700000, 0x0000000087700000| Untracked 
|  90|0x0000000087800000, 0x0000000087800000, 0x0000000087900000|  0%| F|  |TAMS 0x0000000087800000, 0x0000000087800000| Untracked 
|  91|0x0000000087900000, 0x0000000087900000, 0x0000000087a00000|  0%| F|  |TAMS 0x0000000087900000, 0x0000000087900000| Untracked 
|  92|0x0000000087a00000, 0x0000000087a00000, 0x0000000087b00000|  0%| F|  |TAMS 0x0000000087a00000, 0x0000000087a00000| Untracked 
|  93|0x0000000087b00000, 0x0000000087b00000, 0x0000000087c00000|  0%| F|  |TAMS 0x0000000087b00000, 0x0000000087b00000| Untracked 
|  94|0x0000000087c00000, 0x0000000087c00000, 0x0000000087d00000|  0%| F|  |TAMS 0x0000000087c00000, 0x0000000087c00000| Untracked 
|  95|0x0000000087d00000, 0x0000000087d00000, 0x0000000087e00000|  0%| F|  |TAMS 0x0000000087d00000, 0x0000000087d00000| Untracked 
|  96|0x0000000087e00000, 0x0000000087e00000, 0x0000000087f00000|  0%| F|  |TAMS 0x0000000087e00000, 0x0000000087e00000| Untracked 
|  97|0x0000000087f00000, 0x0000000087f00000, 0x0000000088000000|  0%| F|  |TAMS 0x0000000087f00000, 0x0000000087f00000| Untracked 
|  98|0x0000000088000000, 0x0000000088000000, 0x0000000088100000|  0%| F|  |TAMS 0x0000000088000000, 0x0000000088000000| Untracked 
|  99|0x0000000088100000, 0x0000000088100000, 0x0000000088200000|  0%| F|  |TAMS 0x0000000088100000, 0x0000000088100000| Untracked 
| 100|0x0000000088200000, 0x0000000088200000, 0x0000000088300000|  0%| F|  |TAMS 0x0000000088200000, 0x0000000088200000| Untracked 
| 101|0x0000000088300000, 0x0000000088300000, 0x0000000088400000|  0%| F|  |TAMS 0x0000000088300000, 0x0000000088300000| Untracked 
| 102|0x0000000088400000, 0x0000000088400000, 0x0000000088500000|  0%| F|  |TAMS 0x0000000088400000, 0x0000000088400000| Untracked 
| 103|0x0000000088500000, 0x0000000088500000, 0x0000000088600000|  0%| F|  |TAMS 0x0000000088500000, 0x0000000088500000| Untracked 
| 104|0x0000000088600000, 0x0000000088600000, 0x0000000088700000|  0%| F|  |TAMS 0x0000000088600000, 0x0000000088600000| Untracked 
| 105|0x0000000088700000, 0x0000000088700000, 0x0000000088800000|  0%| F|  |TAMS 0x0000000088700000, 0x0000000088700000| Untracked 
| 106|0x0000000088800000, 0x0000000088800000, 0x0000000088900000|  0%| F|  |TAMS 0x0000000088800000, 0x0000000088800000| Untracked 
| 107|0x0000000088900000, 0x0000000088900000, 0x0000000088a00000|  0%| F|  |TAMS 0x0000000088900000, 0x0000000088900000| Untracked 
| 108|0x0000000088a00000, 0x0000000088a00000, 0x0000000088b00000|  0%| F|  |TAMS 0x0000000088a00000, 0x0000000088a00000| Untracked 
| 109|0x0000000088b00000, 0x0000000088b00000, 0x0000000088c00000|  0%| F|  |TAMS 0x0000000088b00000, 0x0000000088b00000| Untracked 
| 110|0x0000000088c00000, 0x0000000088c00000, 0x0000000088d00000|  0%| F|  |TAMS 0x0000000088c00000, 0x0000000088c00000| Untracked 
| 111|0x0000000088d00000, 0x0000000088d00000, 0x0000000088e00000|  0%| F|  |TAMS 0x0000000088d00000, 0x0000000088d00000| Untracked 
| 112|0x0000000088e00000, 0x0000000088e00000, 0x0000000088f00000|  0%| F|  |TAMS 0x0000000088e00000, 0x0000000088e00000| Untracked 
| 113|0x0000000088f00000, 0x0000000088f00000, 0x0000000089000000|  0%| F|  |TAMS 0x0000000088f00000, 0x0000000088f00000| Untracked 
| 114|0x0000000089000000, 0x0000000089100000, 0x0000000089100000|100%| O|  |TAMS 0x0000000089100000, 0x0000000089100000| Untracked 
| 115|0x0000000089100000, 0x0000000089200000, 0x0000000089200000|100%| O|  |TAMS 0x0000000089200000, 0x0000000089200000| Untracked 
| 136|0x000000008a600000, 0x000000008a600000, 0x000000008a700000|  0%| F|  |TAMS 0x000000008a600000, 0x000000008a600000| Untracked 
| 137|0x000000008a700000, 0x000000008a7070e0, 0x000000008a800000|  2%| S|CS|TAMS 0x000000008a700000, 0x000000008a700000| Complete 
| 145|0x000000008af00000, 0x000000008afee108, 0x000000008b000000| 92%| E|  |TAMS 0x000000008af00000, 0x000000008af00000| Complete 
| 146|0x000000008b000000, 0x000000008b100000, 0x000000008b100000|100%| E|CS|TAMS 0x000000008b000000, 0x000000008b000000| Complete 

Card table byte_map: [0x0000024b424c0000,0x0000024b428c0000] _byte_map_base: 0x0000024b420b1000

Marking Bits (Prev, Next): (CMBitMap*) 0x0000024b2dc460b0, (CMBitMap*) 0x0000024b2dc46070
 Prev Bits: [0x0000024b44c50000, 0x0000024b46bd8000)
 Next Bits: [0x0000024b42cc0000, 0x0000024b44c48000)

Polling page: 0x0000024b2dca0000

Metaspace:

Usage:
  Non-class:     32.52 MB used.
      Class:      4.38 MB used.
       Both:     36.89 MB used.

Virtual space:
  Non-class space:       64.00 MB reserved,      32.69 MB ( 51%) committed,  1 nodes.
      Class space:        1.00 GB reserved,       4.50 MB ( <1%) committed,  1 nodes.
             Both:        1.06 GB reserved,      37.19 MB (  3%) committed. 

Chunk freelists:
   Non-Class:  14.61 MB
       Class:  11.42 MB
        Both:  26.03 MB

MaxMetaspaceSize: unlimited
CompressedClassSpaceSize: 1.00 GB
Initial GC threshold: 21.00 MB
Current GC threshold: 61.81 MB
CDS: off
MetaspaceReclaimPolicy: balanced
 - commit_granule_bytes: 65536.
 - commit_granule_words: 8192.
 - virtual_space_node_default_size: 8388608.
 - enlarge_chunks_in_place: 1.
 - new_chunks_are_fully_committed: 0.
 - uncommit_free_chunks: 1.
 - use_allocation_guard: 0.
 - handle_deallocations: 1.


Internal statistics:

num_allocs_failed_limit: 6.
num_arena_births: 252.
num_arena_deaths: 0.
num_vsnodes_births: 2.
num_vsnodes_deaths: 0.
num_space_committed: 595.
num_space_uncommitted: 0.
num_chunks_returned_to_freelist: 6.
num_chunks_taken_from_freelist: 1128.
num_chunk_merges: 6.
num_chunk_splits: 806.
num_chunks_enlarged: 646.
num_inconsistent_stats: 0.

CodeHeap 'non-profiled nmethods': size=120000Kb used=2951Kb max_used=3015Kb free=117048Kb
 bounds [0x0000024b3a570000, 0x0000024b3a870000, 0x0000024b41aa0000]
CodeHeap 'profiled nmethods': size=120000Kb used=10101Kb max_used=11887Kb free=109898Kb
 bounds [0x0000024b32aa0000, 0x0000024b33640000, 0x0000024b39fd0000]
CodeHeap 'non-nmethods': size=5760Kb used=1601Kb max_used=1642Kb free=4158Kb
 bounds [0x0000024b39fd0000, 0x0000024b3a240000, 0x0000024b3a570000]
 total_blobs=6042 nmethods=5026 adapters=928
 compilation: enabled
              stopped_count=0, restarted_count=0
 full_count=0

Compilation events (20 events):
Event: 36.597 Thread 0x0000024b492b1520 5838       4       java.util.concurrent.LinkedBlockingDeque::unlinkFirst (74 bytes)
Event: 36.612 Thread 0x0000024b492b1520 nmethod 5838 0x0000024b3a810b90 code [0x0000024b3a810d20, 0x0000024b3a811678]
Event: 37.089 Thread 0x0000024b492b1e30 5839       3       com.sun.javafx.geom.DirtyRegionContainer::grow (37 bytes)
Event: 37.089 Thread 0x0000024b492b1e30 nmethod 5839 0x0000024b32c07810 code [0x0000024b32c079c0, 0x0000024b32c07ce8]
Event: 37.592 Thread 0x0000024b492b1e30 5840       3       org.bytedeco.javacpp.helper.opencv_core$AbstractCvPoint::<init> (6 bytes)
Event: 37.593 Thread 0x0000024b492b1e30 nmethod 5840 0x0000024b3309e910 code [0x0000024b3309eac0, 0x0000024b3309ec48]
Event: 37.666 Thread 0x0000024b492b1520 5841       4       java.lang.invoke.MethodType$ConcurrentWeakInternSet::expungeStaleElements (27 bytes)
Event: 37.666 Thread 0x0000024b492b1e30 5842       3       java.lang.invoke.MethodType::makeImpl (109 bytes)
Event: 37.667 Thread 0x0000024b492b1e30 nmethod 5842 0x0000024b32f34090 code [0x0000024b32f34340, 0x0000024b32f350d8]
Event: 37.670 Thread 0x0000024b492b1e30 5844       3       java.lang.invoke.DirectMethodHandle::makeAllocator (137 bytes)
Event: 37.671 Thread 0x0000024b492b1e30 nmethod 5844 0x0000024b32c34990 code [0x0000024b32c34ba0, 0x0000024b32c34ff8]
Event: 37.706 Thread 0x0000024b492b1520 nmethod 5841 0x0000024b3a80fa90 code [0x0000024b3a80fc60, 0x0000024b3a810848]
Event: 37.706 Thread 0x0000024b492b1520 5843       4       java.lang.invoke.MethodType$ConcurrentWeakInternSet::get (47 bytes)
Event: 37.720 Thread 0x0000024b492b1520 nmethod 5843 0x0000024b3a71f090 code [0x0000024b3a71f240, 0x0000024b3a71f648]
Event: 37.745 Thread 0x0000024b492b1e30 5846       3       org.bytedeco.javacpp.opencv_core$CvRect::<init> (6 bytes)
Event: 37.745 Thread 0x0000024b492b1e30 nmethod 5846 0x0000024b33202d10 code [0x0000024b33202ec0, 0x0000024b332030c8]
Event: 37.745 Thread 0x0000024b492b1e30 5847   !   3       sun.java2d.SunGraphics2D::drawRect (74 bytes)
Event: 37.746 Thread 0x0000024b492b1e30 nmethod 5847 0x0000024b32b16690 code [0x0000024b32b168a0, 0x0000024b32b16f88]
Event: 37.746 Thread 0x0000024b492b1e30 5848       3       sun.java2d.pipe.PixelToParallelogramConverter::drawRect (107 bytes)
Event: 37.748 Thread 0x0000024b492b1e30 nmethod 5848 0x0000024b33009910 code [0x0000024b33009b20, 0x0000024b3300a498]

GC Heap History (20 events):
Event: 34.801 GC heap before
{Heap before GC invocations=71 (full 0):
 garbage-first heap   total 122880K, used 55774K [0x0000000081e00000, 0x0000000100000000)
  region size 1024K, 3 young (3072K), 1 survivors (1024K)
 Metaspace       used 37686K, committed 37952K, reserved 1114112K
  class space    used 4473K, committed 4608K, reserved 1048576K
}
Event: 34.802 GC heap after
{Heap after GC invocations=72 (full 0):
 garbage-first heap   total 122880K, used 42460K [0x0000000081e00000, 0x0000000100000000)
  region size 1024K, 1 young (1024K), 1 survivors (1024K)
 Metaspace       used 37686K, committed 37952K, reserved 1114112K
  class space    used 4473K, committed 4608K, reserved 1048576K
}
Event: 35.081 GC heap before
{Heap before GC invocations=72 (full 0):
 garbage-first heap   total 122880K, used 55772K [0x0000000081e00000, 0x0000000100000000)
  region size 1024K, 3 young (3072K), 1 survivors (1024K)
 Metaspace       used 37688K, committed 37952K, reserved 1114112K
  class space    used 4473K, committed 4608K, reserved 1048576K
}
Event: 35.083 GC heap after
{Heap after GC invocations=73 (full 0):
 garbage-first heap   total 122880K, used 42464K [0x0000000081e00000, 0x0000000100000000)
  region size 1024K, 1 young (1024K), 1 survivors (1024K)
 Metaspace       used 37688K, committed 37952K, reserved 1114112K
  class space    used 4473K, committed 4608K, reserved 1048576K
}
Event: 35.386 GC heap before
{Heap before GC invocations=73 (full 0):
 garbage-first heap   total 122880K, used 55776K [0x0000000081e00000, 0x0000000100000000)
  region size 1024K, 3 young (3072K), 1 survivors (1024K)
 Metaspace       used 37688K, committed 37952K, reserved 1114112K
  class space    used 4473K, committed 4608K, reserved 1048576K
}
Event: 35.387 GC heap after
{Heap after GC invocations=74 (full 0):
 garbage-first heap   total 122880K, used 42469K [0x0000000081e00000, 0x0000000100000000)
  region size 1024K, 1 young (1024K), 1 survivors (1024K)
 Metaspace       used 37688K, committed 37952K, reserved 1114112K
  class space    used 4473K, committed 4608K, reserved 1048576K
}
Event: 35.692 GC heap before
{Heap before GC invocations=74 (full 0):
 garbage-first heap   total 122880K, used 55781K [0x0000000081e00000, 0x0000000100000000)
  region size 1024K, 3 young (3072K), 1 survivors (1024K)
 Metaspace       used 37690K, committed 37952K, reserved 1114112K
  class space    used 4473K, committed 4608K, reserved 1048576K
}
Event: 35.693 GC heap after
{Heap after GC invocations=75 (full 0):
 garbage-first heap   total 122880K, used 42469K [0x0000000081e00000, 0x0000000100000000)
  region size 1024K, 1 young (1024K), 1 survivors (1024K)
 Metaspace       used 37690K, committed 37952K, reserved 1114112K
  class space    used 4473K, committed 4608K, reserved 1048576K
}
Event: 35.996 GC heap before
{Heap before GC invocations=75 (full 0):
 garbage-first heap   total 122880K, used 55781K [0x0000000081e00000, 0x0000000100000000)
  region size 1024K, 3 young (3072K), 1 survivors (1024K)
 Metaspace       used 37693K, committed 37952K, reserved 1114112K
  class space    used 4473K, committed 4608K, reserved 1048576K
}
Event: 35.997 GC heap after
{Heap after GC invocations=76 (full 0):
 garbage-first heap   total 122880K, used 42471K [0x0000000081e00000, 0x0000000100000000)
  region size 1024K, 1 young (1024K), 1 survivors (1024K)
 Metaspace       used 37693K, committed 37952K, reserved 1114112K
  class space    used 4473K, committed 4608K, reserved 1048576K
}
Event: 36.283 GC heap before
{Heap before GC invocations=76 (full 0):
 garbage-first heap   total 122880K, used 55783K [0x0000000081e00000, 0x0000000100000000)
  region size 1024K, 3 young (3072K), 1 survivors (1024K)
 Metaspace       used 37708K, committed 37952K, reserved 1114112K
  class space    used 4473K, committed 4608K, reserved 1048576K
}
Event: 36.284 GC heap after
{Heap after GC invocations=77 (full 0):
 garbage-first heap   total 122880K, used 42473K [0x0000000081e00000, 0x0000000100000000)
  region size 1024K, 1 young (1024K), 1 survivors (1024K)
 Metaspace       used 37708K, committed 37952K, reserved 1114112K
  class space    used 4473K, committed 4608K, reserved 1048576K
}
Event: 36.585 GC heap before
{Heap before GC invocations=77 (full 0):
 garbage-first heap   total 122880K, used 55785K [0x0000000081e00000, 0x0000000100000000)
  region size 1024K, 3 young (3072K), 1 survivors (1024K)
 Metaspace       used 37738K, committed 37952K, reserved 1114112K
  class space    used 4473K, committed 4608K, reserved 1048576K
}
Event: 36.587 GC heap after
{Heap after GC invocations=78 (full 0):
 garbage-first heap   total 122880K, used 42471K [0x0000000081e00000, 0x0000000100000000)
  region size 1024K, 1 young (1024K), 1 survivors (1024K)
 Metaspace       used 37738K, committed 37952K, reserved 1114112K
  class space    used 4473K, committed 4608K, reserved 1048576K
}
Event: 36.892 GC heap before
{Heap before GC invocations=78 (full 0):
 garbage-first heap   total 122880K, used 55783K [0x0000000081e00000, 0x0000000100000000)
  region size 1024K, 3 young (3072K), 1 survivors (1024K)
 Metaspace       used 37738K, committed 38016K, reserved 1114112K
  class space    used 4473K, committed 4608K, reserved 1048576K
}
Event: 36.893 GC heap after
{Heap after GC invocations=79 (full 0):
 garbage-first heap   total 122880K, used 42473K [0x0000000081e00000, 0x0000000100000000)
  region size 1024K, 1 young (1024K), 1 survivors (1024K)
 Metaspace       used 37738K, committed 38016K, reserved 1114112K
  class space    used 4473K, committed 4608K, reserved 1048576K
}
Event: 37.197 GC heap before
{Heap before GC invocations=79 (full 0):
 garbage-first heap   total 122880K, used 55785K [0x0000000081e00000, 0x0000000100000000)
  region size 1024K, 3 young (3072K), 1 survivors (1024K)
 Metaspace       used 37738K, committed 38016K, reserved 1114112K
  class space    used 4473K, committed 4608K, reserved 1048576K
}
Event: 37.198 GC heap after
{Heap after GC invocations=80 (full 0):
 garbage-first heap   total 122880K, used 42476K [0x0000000081e00000, 0x0000000100000000)
  region size 1024K, 1 young (1024K), 1 survivors (1024K)
 Metaspace       used 37738K, committed 38016K, reserved 1114112K
  class space    used 4473K, committed 4608K, reserved 1048576K
}
Event: 37.482 GC heap before
{Heap before GC invocations=80 (full 0):
 garbage-first heap   total 122880K, used 55788K [0x0000000081e00000, 0x0000000100000000)
  region size 1024K, 3 young (3072K), 1 survivors (1024K)
 Metaspace       used 37738K, committed 38016K, reserved 1114112K
  class space    used 4473K, committed 4608K, reserved 1048576K
}
Event: 37.484 GC heap after
{Heap after GC invocations=81 (full 0):
 garbage-first heap   total 122880K, used 42478K [0x0000000081e00000, 0x0000000100000000)
  region size 1024K, 1 young (1024K), 1 survivors (1024K)
 Metaspace       used 37738K, committed 38016K, reserved 1114112K
  class space    used 4473K, committed 4608K, reserved 1048576K
}

Dll operation events (20 events):
Event: 6.062 Loaded shared library C:\Users\Jay\.javacpp\cache\opencv-3.2.0-1.3-windows-x86_64.jar\org\bytedeco\javacpp\windows-x86_64\jniopencv_core.dll
Event: 6.437 Loaded shared library C:\Users\Jay\.javacpp\cache\opencv-3.2.0-1.3-windows-x86_64.jar\org\bytedeco\javacpp\windows-x86_64\jniopencv_imgproc.dll
Event: 6.492 Loaded shared library C:\Users\Jay\.javacpp\cache\opencv-3.2.0-1.3-windows-x86_64.jar\org\bytedeco\javacpp\windows-x86_64\opencv_imgcodecs320.dll
Event: 6.501 Loaded shared library C:\Users\Jay\.javacpp\cache\opencv-3.2.0-1.3-windows-x86_64.jar\org\bytedeco\javacpp\windows-x86_64\jniopencv_imgcodecs.dll
Event: 6.629 Loaded shared library C:\Users\Jay\.javacpp\cache\opencv-3.2.0-1.3-windows-x86_64.jar\org\bytedeco\javacpp\windows-x86_64\opencv_videoio320.dll
Event: 6.637 Loaded shared library C:\Users\Jay\.javacpp\cache\opencv-3.2.0-1.3-windows-x86_64.jar\org\bytedeco\javacpp\windows-x86_64\jniopencv_videoio.dll
Event: 6.699 Loaded shared library C:\Users\Jay\.javacpp\cache\opencv-3.2.0-1.3-windows-x86_64.jar\org\bytedeco\javacpp\windows-x86_64\opencv_highgui320.dll
Event: 6.709 Loaded shared library C:\Users\Jay\.javacpp\cache\opencv-3.2.0-1.3-windows-x86_64.jar\org\bytedeco\javacpp\windows-x86_64\jniopencv_highgui.dll
Event: 6.753 Loaded shared library C:\Users\Jay\.javacpp\cache\opencv-3.2.0-1.3-windows-x86_64.jar\org\bytedeco\javacpp\windows-x86_64\opencv_ml320.dll
Event: 6.762 Loaded shared library C:\Users\Jay\.javacpp\cache\opencv-3.2.0-1.3-windows-x86_64.jar\org\bytedeco\javacpp\windows-x86_64\jniopencv_ml.dll
Event: 6.863 Loaded shared library C:\Users\Jay\.javacpp\cache\opencv-3.2.0-1.3-windows-x86_64.jar\org\bytedeco\javacpp\windows-x86_64\opencv_objdetect320.dll
Event: 6.876 Loaded shared library C:\Users\Jay\.javacpp\cache\opencv-3.2.0-1.3-windows-x86_64.jar\org\bytedeco\javacpp\windows-x86_64\jniopencv_objdetect.dll
Event: 6.966 Loaded shared library C:\Users\Jay\.javacpp\cache\opencv-3.2.0-1.3-windows-x86_64.jar\org\bytedeco\javacpp\windows-x86_64\opencv_face320.dll
Event: 6.973 Loaded shared library C:\Users\Jay\.javacpp\cache\opencv-3.2.0-1.3-windows-x86_64.jar\org\bytedeco\javacpp\windows-x86_64\jniopencv_face.dll
Event: 8.555 Loaded shared library C:\Windows\System32\ole32.dll
Event: 8.561 Loaded shared library C:\Windows\System32\oleaut32.dll
Event: 8.586 Loaded shared library C:\Users\Jay\.javacpp\cache\videoinput-0.200-1.3-windows-x86_64.jar\org\bytedeco\javacpp\windows-x86_64\jnivideoInputLib.dll
Event: 10.602 Loaded shared library C:\Users\Jay\.p2\pool\plugins\org.eclipse.justj.openjdk.hotspot.jre.full.win32.x86_64_17.0.8.v20230801-1951\jre\bin\awt.dll
Event: 19.272 Loaded shared library C:\Users\Jay\.p2\pool\plugins\org.eclipse.justj.openjdk.hotspot.jre.full.win32.x86_64_17.0.8.v20230801-1951\jre\bin\javajpeg.dll
Event: 19.284 Loaded shared library C:\Users\Jay\.p2\pool\plugins\org.eclipse.justj.openjdk.hotspot.jre.full.win32.x86_64_17.0.8.v20230801-1951\jre\bin\lcms.dll

Deoptimization events (20 events):
Event: 26.912 Thread 0x0000024b499d7990 Uncommon trap: trap_request=0xfffffff4 fr.pc=0x0000024b3a7b2538 relative=0x0000000000000c58
Event: 26.912 Thread 0x0000024b499d7990 Uncommon trap: reason=null_check action=make_not_entrant pc=0x0000024b3a7b2538 method=javafx.scene.Node$MiscProperties.getClip()Ljavafx/scene/Node; @ 20 c2
Event: 26.912 Thread 0x0000024b499d7990 DEOPT PACKING pc=0x0000024b3a7b2538 sp=0x000000ff3a9fd860
Event: 26.912 Thread 0x0000024b499d7990 DEOPT UNPACKING pc=0x0000024b3a0269a3 sp=0x000000ff3a9fd658 mode 2
Event: 30.692 Thread 0x0000024b499d7480 DEOPT PACKING pc=0x0000024b333122a6 sp=0x000000ff3a7fec10
Event: 30.692 Thread 0x0000024b499d7480 DEOPT UNPACKING pc=0x0000024b3a027143 sp=0x000000ff3a7fe0c8 mode 0
Event: 33.775 Thread 0x0000024b499d7990 Uncommon trap: trap_request=0xffffff45 fr.pc=0x0000024b3a666b3c relative=0x0000000000004a9c
Event: 33.775 Thread 0x0000024b499d7990 Uncommon trap: reason=unstable_if action=reinterpret pc=0x0000024b3a666b3c method=java.lang.invoke.MethodType.checkPtypes([Ljava/lang/Class;)I @ 47 c2
Event: 33.775 Thread 0x0000024b499d7990 DEOPT PACKING pc=0x0000024b3a666b3c sp=0x000000ff3a9fdb70
Event: 33.775 Thread 0x0000024b499d7990 DEOPT UNPACKING pc=0x0000024b3a0269a3 sp=0x000000ff3a9fdaf8 mode 2
Event: 33.874 Thread 0x0000024b499d7480 DEOPT PACKING pc=0x0000024b333122a6 sp=0x000000ff3a7fec10
Event: 33.874 Thread 0x0000024b499d7480 DEOPT UNPACKING pc=0x0000024b3a027143 sp=0x000000ff3a7fe0c8 mode 0
Event: 34.663 Thread 0x0000024b499d7990 Uncommon trap: trap_request=0xffffff45 fr.pc=0x0000024b3a5c90b4 relative=0x0000000000001454
Event: 34.663 Thread 0x0000024b499d7990 Uncommon trap: reason=unstable_if action=reinterpret pc=0x0000024b3a5c90b4 method=com.sun.javafx.geom.transform.Translate2D.isIdentity()Z @ 15 c2
Event: 34.663 Thread 0x0000024b499d7990 DEOPT PACKING pc=0x0000024b3a5c90b4 sp=0x000000ff3a9f9fe0
Event: 34.663 Thread 0x0000024b499d7990 DEOPT UNPACKING pc=0x0000024b3a0269a3 sp=0x000000ff3a9f9ec8 mode 2
Event: 37.665 Thread 0x0000024b499d7990 Uncommon trap: trap_request=0xffffff76 fr.pc=0x0000024b3a774788 relative=0x0000000000000448
Event: 37.665 Thread 0x0000024b499d7990 Uncommon trap: reason=predicate action=maybe_recompile pc=0x0000024b3a774788 method=java.util.ArrayList.remove(Ljava/lang/Object;)Z @ 42 c2
Event: 37.665 Thread 0x0000024b499d7990 DEOPT PACKING pc=0x0000024b3a774788 sp=0x000000ff3a9fd080
Event: 37.665 Thread 0x0000024b499d7990 DEOPT UNPACKING pc=0x0000024b3a0269a3 sp=0x000000ff3a9fd050 mode 2

Classes unloaded (0 events):
No events

Classes redefined (0 events):
No events

Internal exceptions (20 events):
Event: 14.313 Thread 0x0000024b4eb078f0 Implicit null exception at 0x0000024b3a6fdb60 to 0x0000024b3a6ffa50
Event: 19.515 Thread 0x0000024b499d7480 Implicit null exception at 0x0000024b3a737500 to 0x0000024b3a737cb1
Event: 20.593 Thread 0x0000024b499d7480 Implicit null exception at 0x0000024b3a814cb5 to 0x0000024b3a8181a8
Event: 21.470 Thread 0x0000024b499d7480 Implicit null exception at 0x0000024b3a75c250 to 0x0000024b3a75c2bc
Event: 23.510 Thread 0x0000024b499d7990 Implicit null exception at 0x0000024b3a7b8b41 to 0x0000024b3a7b8bfc
Event: 23.512 Thread 0x0000024b499d7990 Implicit null exception at 0x0000024b3a82f68a to 0x0000024b3a830d44
Event: 23.512 Thread 0x0000024b499d7990 Implicit null exception at 0x0000024b3a798e46 to 0x0000024b3a7999e0
Event: 26.819 Thread 0x0000024b499d7480 Implicit null exception at 0x0000024b3a7af980 to 0x0000024b3a7b0390
Event: 26.912 Thread 0x0000024b499d7990 Implicit null exception at 0x0000024b3a7b1b60 to 0x0000024b3a7b2500
Event: 27.798 Thread 0x0000024b499d7990 Exception <a 'sun/nio/fs/WindowsException'{0x000000008b07aec0}> (0x000000008b07aec0) 
thrown [s\src\hotspot\share\prims\jni.cpp, line 516]
Event: 27.799 Thread 0x0000024b4eb06ed0 Exception <a 'sun/nio/fs/WindowsException'{0x000000008afa7bd8}> (0x000000008afa7bd8) 
thrown [s\src\hotspot\share\prims\jni.cpp, line 516]
Event: 27.800 Thread 0x0000024b499d7990 Exception <a 'sun/nio/fs/WindowsException'{0x000000008b07b998}> (0x000000008b07b998) 
thrown [s\src\hotspot\share\prims\jni.cpp, line 516]
Event: 27.801 Thread 0x0000024b4eb06ed0 Exception <a 'sun/nio/fs/WindowsException'{0x000000008afa8188}> (0x000000008afa8188) 
thrown [s\src\hotspot\share\prims\jni.cpp, line 516]
Event: 27.801 Thread 0x0000024b499d7990 Exception <a 'sun/nio/fs/WindowsException'{0x000000008b07c230}> (0x000000008b07c230) 
thrown [s\src\hotspot\share\prims\jni.cpp, line 516]
Event: 27.803 Thread 0x0000024b4eb06ed0 Exception <a 'sun/nio/fs/WindowsException'{0x000000008afa8738}> (0x000000008afa8738) 
thrown [s\src\hotspot\share\prims\jni.cpp, line 516]
Event: 27.803 Thread 0x0000024b499d7990 Exception <a 'sun/nio/fs/WindowsException'{0x000000008b07cac8}> (0x000000008b07cac8) 
thrown [s\src\hotspot\share\prims\jni.cpp, line 516]
Event: 27.804 Thread 0x0000024b4eb06ed0 Exception <a 'sun/nio/fs/WindowsException'{0x000000008afa8ce8}> (0x000000008afa8ce8) 
thrown [s\src\hotspot\share\prims\jni.cpp, line 516]
Event: 27.805 Thread 0x0000024b499d7990 Exception <a 'sun/nio/fs/WindowsException'{0x000000008b07d360}> (0x000000008b07d360) 
thrown [s\src\hotspot\share\prims\jni.cpp, line 516]
Event: 27.806 Thread 0x0000024b4eb06ed0 Exception <a 'sun/nio/fs/WindowsException'{0x000000008afa9298}> (0x000000008afa9298) 
thrown [s\src\hotspot\share\prims\jni.cpp, line 516]
Event: 33.777 Thread 0x0000024b499d7990 Exception <a 'java/lang/NoSuchMethodError'{0x000000008b0800b0}: 'java.lang.Object java.lang.invoke.DirectMethodHandle$Holder.newInvokeSpecial(java.lang.Object, java.lang.Object, java.lang.Object, double, double, double, double, int, int, int, int, int, int, int, int, int)'> (0x000000008b0800b0) 
thrown [s\src\hotspot\share\interpreter\linkResolver.cpp, line 759]

VM Operations (20 events):
Event: 34.801 Executing VM operation: G1TryInitiateConcMark
Event: 34.802 Executing VM operation: G1TryInitiateConcMark done
Event: 35.081 Executing VM operation: G1TryInitiateConcMark
Event: 35.083 Executing VM operation: G1TryInitiateConcMark done
Event: 35.386 Executing VM operation: G1TryInitiateConcMark
Event: 35.387 Executing VM operation: G1TryInitiateConcMark done
Event: 35.692 Executing VM operation: G1TryInitiateConcMark
Event: 35.693 Executing VM operation: G1TryInitiateConcMark done
Event: 35.996 Executing VM operation: G1TryInitiateConcMark
Event: 35.997 Executing VM operation: G1TryInitiateConcMark done
Event: 36.283 Executing VM operation: G1TryInitiateConcMark
Event: 36.284 Executing VM operation: G1TryInitiateConcMark done
Event: 36.585 Executing VM operation: G1TryInitiateConcMark
Event: 36.587 Executing VM operation: G1TryInitiateConcMark done
Event: 36.892 Executing VM operation: G1TryInitiateConcMark
Event: 36.893 Executing VM operation: G1TryInitiateConcMark done
Event: 37.197 Executing VM operation: G1TryInitiateConcMark
Event: 37.198 Executing VM operation: G1TryInitiateConcMark done
Event: 37.482 Executing VM operation: G1TryInitiateConcMark
Event: 37.484 Executing VM operation: G1TryInitiateConcMark done

Events (20 events):
Event: 26.740 Thread 0x0000024b492b3010 flushing nmethod 0x0000024b334dd590
Event: 26.740 Thread 0x0000024b492b3010 flushing nmethod 0x0000024b334e2a10
Event: 26.740 Thread 0x0000024b492b3010 flushing nmethod 0x0000024b334e2f10
Event: 26.740 Thread 0x0000024b492b3010 flushing nmethod 0x0000024b334e3890
Event: 26.740 Thread 0x0000024b492b3010 flushing nmethod 0x0000024b334e3d90
Event: 26.740 Thread 0x0000024b492b3010 flushing nmethod 0x0000024b334e4410
Event: 26.740 Thread 0x0000024b492b3010 flushing nmethod 0x0000024b334e5490
Event: 26.740 Thread 0x0000024b492b3010 flushing nmethod 0x0000024b334e5b90
Event: 26.740 Thread 0x0000024b492b3010 flushing nmethod 0x0000024b334e8310
Event: 26.740 Thread 0x0000024b492b3010 flushing nmethod 0x0000024b334eb590
Event: 26.740 Thread 0x0000024b492b3010 flushing nmethod 0x0000024b334eee10
Event: 26.740 Thread 0x0000024b492b3010 flushing nmethod 0x0000024b334f3f90
Event: 26.740 Thread 0x0000024b492b3010 flushing nmethod 0x0000024b33523790
Event: 26.740 Thread 0x0000024b492b3010 flushing nmethod 0x0000024b3352a290
Event: 26.740 Thread 0x0000024b492b3010 flushing nmethod 0x0000024b3352d390
Event: 26.740 Thread 0x0000024b492b3010 flushing nmethod 0x0000024b335a7f90
Event: 27.797 loading class java/nio/file/StandardCopyOption
Event: 27.797 loading class java/nio/file/StandardCopyOption done
Event: 27.797 loading class sun/nio/fs/WindowsFileCopy
Event: 27.798 loading class sun/nio/fs/WindowsFileCopy done


Dynamic libraries:
0x00007ff642c60000 - 0x00007ff642c6e000 	C:\Users\Jay\.p2\pool\plugins\org.eclipse.justj.openjdk.hotspot.jre.full.win32.x86_64_17.0.8.v20230801-1951\jre\bin\javaw.exe
0x00007ff822e30000 - 0x00007ff823028000 	C:\WINDOWS\SYSTEM32\ntdll.dll
0x00007ff8229e0000 - 0x00007ff822a9d000 	C:\WINDOWS\System32\KERNEL32.DLL
0x00007ff820a30000 - 0x00007ff820cfe000 	C:\WINDOWS\System32\KERNELBASE.dll
0x00007ff820930000 - 0x00007ff820a30000 	C:\WINDOWS\System32\ucrtbase.dll
0x00007ff819a50000 - 0x00007ff819a67000 	C:\Users\Jay\.p2\pool\plugins\org.eclipse.justj.openjdk.hotspot.jre.full.win32.x86_64_17.0.8.v20230801-1951\jre\bin\jli.dll
0x00007ff8217a0000 - 0x00007ff821940000 	C:\WINDOWS\System32\USER32.dll
0x00007ff820f50000 - 0x00007ff820f72000 	C:\WINDOWS\System32\win32u.dll
0x00007ff821a10000 - 0x00007ff821a3a000 	C:\WINDOWS\System32\GDI32.dll
0x00007ff820d30000 - 0x00007ff820e3b000 	C:\WINDOWS\System32\gdi32full.dll
0x00007ff820e40000 - 0x00007ff820edd000 	C:\WINDOWS\System32\msvcp_win.dll
0x00007ff819a30000 - 0x00007ff819a49000 	C:\Users\Jay\.p2\pool\plugins\org.eclipse.justj.openjdk.hotspot.jre.full.win32.x86_64_17.0.8.v20230801-1951\jre\bin\VCRUNTIME140.dll
0x00007ff80f830000 - 0x00007ff80faca000 	C:\WINDOWS\WinSxS\amd64_microsoft.windows.common-controls_6595b64144ccf1df_6.0.19041.1110_none_60b5254171f9507e\COMCTL32.dll
0x00007ff821c70000 - 0x00007ff821d0e000 	C:\WINDOWS\System32\msvcrt.dll
0x00007ff822c90000 - 0x00007ff822cc0000 	C:\WINDOWS\System32\IMM32.DLL
0x00007ff81b600000 - 0x00007ff81b60c000 	C:\Users\Jay\.p2\pool\plugins\org.eclipse.justj.openjdk.hotspot.jre.full.win32.x86_64_17.0.8.v20230801-1951\jre\bin\vcruntime140_1.dll
0x00007ffff8e20000 - 0x00007ffff8eb1000 	C:\Users\Jay\.p2\pool\plugins\org.eclipse.justj.openjdk.hotspot.jre.full.win32.x86_64_17.0.8.v20230801-1951\jre\bin\msvcp140.dll
0x00007fffe32c0000 - 0x00007fffe3f0c000 	C:\Users\Jay\.p2\pool\plugins\org.eclipse.justj.openjdk.hotspot.jre.full.win32.x86_64_17.0.8.v20230801-1951\jre\bin\server\jvm.dll
0x00007ff822d40000 - 0x00007ff822dee000 	C:\WINDOWS\System32\ADVAPI32.dll
0x00007ff822bf0000 - 0x00007ff822c8c000 	C:\WINDOWS\System32\sechost.dll
0x00007ff821670000 - 0x00007ff821795000 	C:\WINDOWS\System32\RPCRT4.dll
0x00007ff8204b0000 - 0x00007ff8204fb000 	C:\WINDOWS\SYSTEM32\POWRPROF.dll
0x00007ff818d90000 - 0x00007ff818d99000 	C:\WINDOWS\SYSTEM32\WSOCK32.dll
0x00007ff822cc0000 - 0x00007ff822d2b000 	C:\WINDOWS\System32\WS2_32.dll
0x00007ff810280000 - 0x00007ff8102a7000 	C:\WINDOWS\SYSTEM32\WINMM.dll
0x00007ff80d9d0000 - 0x00007ff80d9da000 	C:\WINDOWS\SYSTEM32\VERSION.dll
0x00007ff820490000 - 0x00007ff8204a2000 	C:\WINDOWS\SYSTEM32\UMPDC.dll
0x00007ff81e530000 - 0x00007ff81e542000 	C:\WINDOWS\SYSTEM32\kernel.appcore.dll
0x00007ff815ce0000 - 0x00007ff815cea000 	C:\Users\Jay\.p2\pool\plugins\org.eclipse.justj.openjdk.hotspot.jre.full.win32.x86_64_17.0.8.v20230801-1951\jre\bin\jimage.dll
0x00007ff80cb20000 - 0x00007ff80cd04000 	C:\WINDOWS\SYSTEM32\DBGHELP.DLL
0x00007ff80caf0000 - 0x00007ff80cb1c000 	C:\WINDOWS\SYSTEM32\dbgcore.DLL
0x00007ff8207f0000 - 0x00007ff820872000 	C:\WINDOWS\System32\bcryptPrimitives.dll
0x00007ff8119b0000 - 0x00007ff8119d5000 	C:\Users\Jay\.p2\pool\plugins\org.eclipse.justj.openjdk.hotspot.jre.full.win32.x86_64_17.0.8.v20230801-1951\jre\bin\java.dll
0x00007ff813230000 - 0x00007ff813248000 	C:\Users\Jay\.p2\pool\plugins\org.eclipse.justj.openjdk.hotspot.jre.full.win32.x86_64_17.0.8.v20230801-1951\jre\bin\zip.dll
0x00007ff822180000 - 0x00007ff8228c3000 	C:\WINDOWS\System32\SHELL32.dll
0x00007ff81e730000 - 0x00007ff81eec5000 	C:\WINDOWS\SYSTEM32\windows.storage.dll
0x00007ff821040000 - 0x00007ff821394000 	C:\WINDOWS\System32\combase.dll
0x00007ff81ffd0000 - 0x00007ff820000000 	C:\WINDOWS\SYSTEM32\Wldp.dll
0x00007ff820f90000 - 0x00007ff82103d000 	C:\WINDOWS\System32\SHCORE.dll
0x00007ff822980000 - 0x00007ff8229d5000 	C:\WINDOWS\System32\shlwapi.dll
0x00007ff820580000 - 0x00007ff82059f000 	C:\WINDOWS\SYSTEM32\profapi.dll
0x00007ff811990000 - 0x00007ff8119a9000 	C:\Users\Jay\.p2\pool\plugins\org.eclipse.justj.openjdk.hotspot.jre.full.win32.x86_64_17.0.8.v20230801-1951\jre\bin\net.dll
0x00007ff814980000 - 0x00007ff814a8a000 	C:\WINDOWS\SYSTEM32\WINHTTP.dll
0x00007ff81fd30000 - 0x00007ff81fd9a000 	C:\WINDOWS\system32\mswsock.dll
0x00007ff811970000 - 0x00007ff811985000 	C:\Users\Jay\.p2\pool\plugins\org.eclipse.justj.openjdk.hotspot.jre.full.win32.x86_64_17.0.8.v20230801-1951\jre\bin\nio.dll
0x0000024b2dce0000 - 0x0000024b2dce3000 	C:\javafx-sdk-20.0.2\bin\api-ms-win-core-console-l1-1-0.dll
0x0000024b49f70000 - 0x0000024b49f73000 	C:\javafx-sdk-20.0.2\bin\api-ms-win-core-console-l1-2-0.dll
0x0000024b49f80000 - 0x0000024b49f83000 	C:\javafx-sdk-20.0.2\bin\api-ms-win-core-datetime-l1-1-0.dll
0x0000024b49f90000 - 0x0000024b49f93000 	C:\javafx-sdk-20.0.2\bin\api-ms-win-core-debug-l1-1-0.dll
0x0000024b49fa0000 - 0x0000024b49fa3000 	C:\javafx-sdk-20.0.2\bin\api-ms-win-core-errorhandling-l1-1-0.dll
0x0000024b49fb0000 - 0x0000024b49fb4000 	C:\javafx-sdk-20.0.2\bin\api-ms-win-core-file-l1-1-0.dll
0x0000024b49fc0000 - 0x0000024b49fc3000 	C:\javafx-sdk-20.0.2\bin\api-ms-win-core-file-l1-2-0.dll
0x0000024b49fd0000 - 0x0000024b49fd3000 	C:\javafx-sdk-20.0.2\bin\api-ms-win-core-file-l2-1-0.dll
0x0000024b49fe0000 - 0x0000024b49fe3000 	C:\javafx-sdk-20.0.2\bin\api-ms-win-core-handle-l1-1-0.dll
0x0000024b49ff0000 - 0x0000024b49ff3000 	C:\javafx-sdk-20.0.2\bin\api-ms-win-core-heap-l1-1-0.dll
0x0000024b4e000000 - 0x0000024b4e003000 	C:\javafx-sdk-20.0.2\bin\api-ms-win-core-interlocked-l1-1-0.dll
0x0000024b4e010000 - 0x0000024b4e013000 	C:\javafx-sdk-20.0.2\bin\api-ms-win-core-libraryloader-l1-1-0.dll
0x0000024b4e020000 - 0x0000024b4e023000 	C:\javafx-sdk-20.0.2\bin\api-ms-win-core-localization-l1-2-0.dll
0x0000024b4e030000 - 0x0000024b4e033000 	C:\javafx-sdk-20.0.2\bin\api-ms-win-core-memory-l1-1-0.dll
0x0000024b4e040000 - 0x0000024b4e043000 	C:\javafx-sdk-20.0.2\bin\api-ms-win-core-namedpipe-l1-1-0.dll
0x0000024b4e050000 - 0x0000024b4e053000 	C:\javafx-sdk-20.0.2\bin\api-ms-win-core-processenvironment-l1-1-0.dll
0x0000024b4e060000 - 0x0000024b4e063000 	C:\javafx-sdk-20.0.2\bin\api-ms-win-core-processthreads-l1-1-0.dll
0x0000024b4e070000 - 0x0000024b4e073000 	C:\javafx-sdk-20.0.2\bin\api-ms-win-core-processthreads-l1-1-1.dll
0x0000024b4e080000 - 0x0000024b4e083000 	C:\javafx-sdk-20.0.2\bin\api-ms-win-core-profile-l1-1-0.dll
0x0000024b4e090000 - 0x0000024b4e093000 	C:\javafx-sdk-20.0.2\bin\api-ms-win-core-rtlsupport-l1-1-0.dll
0x0000024b4e0a0000 - 0x0000024b4e0a3000 	C:\javafx-sdk-20.0.2\bin\api-ms-win-core-string-l1-1-0.dll
0x0000024b4e0b0000 - 0x0000024b4e0b3000 	C:\javafx-sdk-20.0.2\bin\api-ms-win-core-synch-l1-1-0.dll
0x0000024b4e0c0000 - 0x0000024b4e0c3000 	C:\javafx-sdk-20.0.2\bin\api-ms-win-core-synch-l1-2-0.dll
0x0000024b4e0d0000 - 0x0000024b4e0d3000 	C:\javafx-sdk-20.0.2\bin\api-ms-win-core-sysinfo-l1-1-0.dll
0x0000024b4e0e0000 - 0x0000024b4e0e3000 	C:\javafx-sdk-20.0.2\bin\api-ms-win-core-timezone-l1-1-0.dll
0x0000024b4e0f0000 - 0x0000024b4e0f3000 	C:\javafx-sdk-20.0.2\bin\api-ms-win-core-util-l1-1-0.dll
0x0000024b4e100000 - 0x0000024b4e103000 	C:\javafx-sdk-20.0.2\bin\api-ms-win-crt-conio-l1-1-0.dll
0x0000024b4e110000 - 0x0000024b4e114000 	C:\javafx-sdk-20.0.2\bin\api-ms-win-crt-convert-l1-1-0.dll
0x0000024b4e120000 - 0x0000024b4e123000 	C:\javafx-sdk-20.0.2\bin\api-ms-win-crt-environment-l1-1-0.dll
0x0000024b4e130000 - 0x0000024b4e133000 	C:\javafx-sdk-20.0.2\bin\api-ms-win-crt-filesystem-l1-1-0.dll
0x0000024b4e140000 - 0x0000024b4e143000 	C:\javafx-sdk-20.0.2\bin\api-ms-win-crt-heap-l1-1-0.dll
0x0000024b4e150000 - 0x0000024b4e153000 	C:\javafx-sdk-20.0.2\bin\api-ms-win-crt-locale-l1-1-0.dll
0x0000024b4e160000 - 0x0000024b4e165000 	C:\javafx-sdk-20.0.2\bin\api-ms-win-crt-math-l1-1-0.dll
0x0000024b4e170000 - 0x0000024b4e175000 	C:\javafx-sdk-20.0.2\bin\api-ms-win-crt-multibyte-l1-1-0.dll
0x0000024b4e180000 - 0x0000024b4e190000 	C:\javafx-sdk-20.0.2\bin\api-ms-win-crt-private-l1-1-0.dll
0x0000024b4e190000 - 0x0000024b4e193000 	C:\javafx-sdk-20.0.2\bin\api-ms-win-crt-process-l1-1-0.dll
0x0000024b4e1a0000 - 0x0000024b4e1a4000 	C:\javafx-sdk-20.0.2\bin\api-ms-win-crt-runtime-l1-1-0.dll
0x0000024b4e1b0000 - 0x0000024b4e1b4000 	C:\javafx-sdk-20.0.2\bin\api-ms-win-crt-stdio-l1-1-0.dll
0x0000024b4e1c0000 - 0x0000024b4e1c4000 	C:\javafx-sdk-20.0.2\bin\api-ms-win-crt-string-l1-1-0.dll
0x0000024b4e1d0000 - 0x0000024b4e1d3000 	C:\javafx-sdk-20.0.2\bin\api-ms-win-crt-time-l1-1-0.dll
0x0000024b4e1e0000 - 0x0000024b4e1e3000 	C:\javafx-sdk-20.0.2\bin\api-ms-win-crt-utility-l1-1-0.dll
0x00007ffff0a60000 - 0x00007ffff0b5c000 	C:\javafx-sdk-20.0.2\bin\ucrtbase.dll
0x00007ff818c70000 - 0x00007ff818c8b000 	C:\javafx-sdk-20.0.2\bin\vcruntime140.dll
0x00007ff819d30000 - 0x00007ff819d3c000 	C:\javafx-sdk-20.0.2\bin\vcruntime140_1.dll
0x00007ffff7370000 - 0x00007ffff73fe000 	C:\javafx-sdk-20.0.2\bin\msvcp140.dll
0x00007ff8199d0000 - 0x00007ff8199d9000 	C:\javafx-sdk-20.0.2\bin\msvcp140_1.dll
0x00007ff817e40000 - 0x00007ff817e70000 	C:\javafx-sdk-20.0.2\bin\msvcp140_2.dll
0x00007ff8171b0000 - 0x00007ff8171df000 	C:\javafx-sdk-20.0.2\bin\prism_d3d.dll
0x00007fffeeb60000 - 0x00007fffeed2f000 	C:\WINDOWS\system32\d3d9.dll
0x00007ff81e320000 - 0x00007ff81e34f000 	C:\WINDOWS\SYSTEM32\dwmapi.dll
0x00007ff81e050000 - 0x00007ff81e0ee000 	C:\WINDOWS\system32\uxtheme.dll
0x00007ff821940000 - 0x00007ff821a0d000 	C:\WINDOWS\System32\OLEAUT32.dll
0x00007ff822ac0000 - 0x00007ff822bea000 	C:\WINDOWS\System32\ole32.dll
0x00007ff821d10000 - 0x00007ff82217f000 	C:\WINDOWS\System32\SETUPAPI.dll
0x00007ff8207a0000 - 0x00007ff8207ee000 	C:\WINDOWS\System32\cfgmgr32.dll
0x00007ff820d00000 - 0x00007ff820d27000 	C:\WINDOWS\System32\bcrypt.dll
0x00007ff817130000 - 0x00007ff817172000 	C:\javafx-sdk-20.0.2\bin\glass.dll
0x00007ff821410000 - 0x00007ff8214ea000 	C:\WINDOWS\System32\COMDLG32.dll
0x00007ff821550000 - 0x00007ff821665000 	C:\WINDOWS\System32\MSCTF.dll
0x00007ff81b5a0000 - 0x00007ff81b5db000 	C:\WINDOWS\SYSTEM32\dxcore.dll
0x00007ff817e20000 - 0x00007ff817e34000 	C:\javafx-sdk-20.0.2\bin\javafx_font.dll
0x00007ff8120c0000 - 0x00007ff8120ed000 	C:\javafx-sdk-20.0.2\bin\javafx_iio.dll
0x00007ff816d50000 - 0x00007ff816fcf000 	C:\WINDOWS\SYSTEM32\dwrite.dll
0x00007ff8228d0000 - 0x00007ff822979000 	C:\WINDOWS\System32\clbcatq.dll
0x00007ff819160000 - 0x00007ff819314000 	C:\WINDOWS\SYSTEM32\WindowsCodecs.dll
0x00007ff8074a0000 - 0x00007ff8074de000 	C:\WINDOWS\system32\dataexchange.dll
0x00007ff81ca10000 - 0x00007ff81cbf4000 	C:\WINDOWS\system32\dcomp.dll
0x00007ff81c7a0000 - 0x00007ff81ca03000 	C:\WINDOWS\system32\d3d11.dll
0x00007ff81ef30000 - 0x00007ff81f023000 	C:\WINDOWS\system32\dxgi.dll
0x00007ff818de0000 - 0x00007ff818fe0000 	C:\WINDOWS\system32\twinapi.appcore.dll
0x00007ff819840000 - 0x00007ff819939000 	C:\WINDOWS\SYSTEM32\textinputframework.dll
0x00007ff81d1c0000 - 0x00007ff81d51e000 	C:\WINDOWS\System32\CoreUIComponents.dll
0x00007ff81d8a0000 - 0x00007ff81d992000 	C:\WINDOWS\System32\CoreMessaging.dll
0x00007ff81f340000 - 0x00007ff81f373000 	C:\WINDOWS\SYSTEM32\ntmarta.dll
0x00007ff81c640000 - 0x00007ff81c794000 	C:\WINDOWS\SYSTEM32\wintypes.dll
0x00007ff8128c0000 - 0x00007ff812926000 	C:\WINDOWS\system32\Oleacc.dll
0x00007ffff0970000 - 0x00007ffff0a5f000 	C:\Users\Jay\.javacpp\cache\opencv-3.2.0-1.3-windows-x86_64.jar\org\bytedeco\javacpp\windows-x86_64\msvcr120.dll
0x00007ffff0800000 - 0x00007ffff08a6000 	C:\Users\Jay\.javacpp\cache\opencv-3.2.0-1.3-windows-x86_64.jar\org\bytedeco\javacpp\windows-x86_64\msvcp120.dll
0x00007fffed1c0000 - 0x00007fffed448000 	C:\Users\Jay\.javacpp\cache\opencv-3.2.0-1.3-windows-x86_64.jar\org\bytedeco\javacpp\windows-x86_64\opencv_core320.dll
0x00007fffea9e0000 - 0x00007fffead42000 	C:\Users\Jay\.javacpp\cache\opencv-3.2.0-1.3-windows-x86_64.jar\org\bytedeco\javacpp\windows-x86_64\opencv_imgproc320.dll
0x00007fffeccc0000 - 0x00007fffecf0a000 	C:\Users\Jay\.javacpp\cache\opencv-3.2.0-1.3-windows-x86_64.jar\org\bytedeco\javacpp\windows-x86_64\jniopencv_core.dll
0x00007ff820f80000 - 0x00007ff820f88000 	C:\WINDOWS\System32\PSAPI.DLL
0x00007fffeea70000 - 0x00007fffeeb60000 	C:\Users\Jay\.javacpp\cache\opencv-3.2.0-1.3-windows-x86_64.jar\org\bytedeco\javacpp\windows-x86_64\jniopencv_imgproc.dll

dbghelp: loaded successfully - version: 4.0.5 - missing functions: none
symbol engine: initialized successfully - sym options: 0x614 - pdb path: .;C:\Users\Jay\.p2\pool\plugins\org.eclipse.justj.openjdk.hotspot.jre.full.win32.x86_64_17.0.8.v20230801-1951\jre\bin;C:\WINDOWS\SYSTEM32;C:\WINDOWS\WinSxS\amd64_microsoft.windows.common-controls_6595b64144ccf1df_6.0.19041.1110_none_60b5254171f9507e;C:\Users\Jay\.p2\pool\plugins\org.eclipse.justj.openjdk.hotspot.jre.full.win32.x86_64_17.0.8.v20230801-1951\jre\bin\server;C:\javafx-sdk-20.0.2\bin;C:\WINDOWS\System32\DriverStore\FileRepository\igdlh64.inf_amd64_82119d956c80af5a;C:\Program Files\Common Files\Microsoft Shared\Ink;C:\Users\Jay\.javacpp\cache\opencv-3.2.0-1.3-windows-x86_64.jar\org\bytedeco\javacpp\windows-x86_64;C:\Users\Jay\.javacpp\cache\videoinput-0.200-1.3-windows-x86_64.jar\org\bytedeco\javacpp\windows-x86_64;C:\WINDOWS\WinSxS\amd64_microsoft.windows.gdiplus_6595b64144ccf1df_1.1.19041.2006_none_919e9136cc8d4791;C:\Program Files (x86)\DroidCam\lib

VM Arguments:
jvm_args: --module-path=C:\javafx-sdk-20.0.2\lib --add-modules=javafx.controls,javafx.fxml -Dfile.encoding=UTF-8 -XX:+ShowCodeDetailsInExceptionMessages 
java_command: application.Main
java_class_path (initial): C:\Users\Jay\Desktop\facebio\Facebioreg\target\classes;C:\Users\Jay\Desktop\javafx-sdk-20.0.2\lib\javafx-swt.jar;C:\Users\Jay\Desktop\javafx-sdk-20.0.2\lib\javafx.base.jar;C:\Users\Jay\Desktop\javafx-sdk-20.0.2\lib\javafx.controls.jar;C:\Users\Jay\Desktop\javafx-sdk-20.0.2\lib\javafx.fxml.jar;C:\Users\Jay\Desktop\javafx-sdk-20.0.2\lib\javafx.graphics.jar;C:\Users\Jay\Desktop\javafx-sdk-20.0.2\lib\javafx.media.jar;C:\Users\Jay\Desktop\javafx-sdk-20.0.2\lib\javafx.swing.jar;C:\Users\Jay\Desktop\javafx-sdk-20.0.2\lib\javafx.web.jar;C:\Users\Jay\.p2\pool\plugins\org.eclipse.fx.ide.css.jfx8_3.8.0.202204150904.jar;C:\Users\Jay\Desktop\facebio\Facebioreg\opencv-341.jar;C:\Users\Jay\.m2\repository\org\bytedeco\javacv-platform\1.3.2\javacv-platform-1.3.2.jar;C:\Users\Jay\.m2\repository\org\bytedeco\javacv\1.3.2\javacv-1.3.2.jar;C:\Users\Jay\.m2\repository\org\bytedeco\javacpp\1.3.2\javacpp-1.3.2.jar;C:\Users\Jay\.m2\repository\org\bytedeco\javacpp-presets\opencv\3.2.0-1.3\opencv-3.2.0-1.3.jar;C:\Users\Jay\.m2\repository\org\bytedeco\javacpp-presets\ffmpeg\3.2.1-1.3\ffmpeg-3.2.1-1.3.jar;C:\Users\Jay\.m2\repository\org\bytedeco\javacpp-presets\flycapture\2.9.3.43-1.3\flycapture-2.9.3.43-1.3.jar;C:\Users\Jay\.m2\repository\org\bytedeco\javacpp-presets\libdc1394\2.2.4-1.3\libdc1394-2.2.4-1.3.jar;C:\Users\Jay\.m2\repository\org\bytedeco\javacpp-presets\libfreenect\0.5.3-1.3\libfreenect-0.5.3-1.3.jar;C:\Users\Jay\.m2\repository\org\bytedeco\javacpp-presets\libfreenect2\0.2.0-1.3\libfreenect2-0.2.0-1.3.jar;C:\Users\Jay\.m2\repository\org\bytedeco\javacpp-presets\librealsense\1.9.6-1.3\librealsense-1.9.6-1.3.jar;C:\Users\Jay\.m2\repository\org\bytedeco\javacpp-presets\videoinput\0.200-1.3\videoinput-0.200-1.3.jar;C:\Users\Jay\.m2\repository\org\bytedeco\javacpp-presets\artoolkitplus\2.3.1-1.3\artoolkitplus-2.3.1-1.3.jar;C:\Users\Jay\.m2\repository\org\bytedeco\javacpp-presets\flandmark\1.07-1.3\flandmark-1.07-1.3.jar;C:\Users\Jay\.m2\repository\org\byted
Launcher Type: SUN_STANDARD

[Global flags]
     intx CICompilerCount                          = 3                                         {product} {ergonomic}
     uint ConcGCThreads                            = 1                                         {product} {ergonomic}
     uint G1ConcRefinementThreads                  = 4                                         {product} {ergonomic}
   size_t G1HeapRegionSize                         = 1048576                                   {product} {ergonomic}
    uintx GCDrainStackTargetSize                   = 64                                        {product} {ergonomic}
   size_t InitialHeapSize                          = 134217728                                 {product} {ergonomic}
   size_t MarkStackSize                            = 4194304                                   {product} {ergonomic}
   size_t MaxHeapSize                              = 2116026368                                {product} {ergonomic}
   size_t MaxNewSize                               = 1268776960                                {product} {ergonomic}
   size_t MinHeapDeltaBytes                        = 1048576                                   {product} {ergonomic}
   size_t MinHeapSize                              = 8388608                                   {product} {ergonomic}
    uintx NonNMethodCodeHeapSize                   = 5832780                                {pd product} {ergonomic}
    uintx NonProfiledCodeHeapSize                  = 122912730                              {pd product} {ergonomic}
    uintx ProfiledCodeHeapSize                     = 122912730                              {pd product} {ergonomic}
    uintx ReservedCodeCacheSize                    = 251658240                              {pd product} {ergonomic}
     bool SegmentedCodeCache                       = true                                      {product} {ergonomic}
     bool ShowCodeDetailsInExceptionMessages       = true                                   {manageable} {command line}
   size_t SoftMaxHeapSize                          = 2116026368                             {manageable} {ergonomic}
     bool UseCompressedClassPointers               = true                           {product lp64_product} {ergonomic}
     bool UseCompressedOops                        = true                           {product lp64_product} {ergonomic}
     bool UseG1GC                                  = true                                      {product} {ergonomic}
     bool UseLargePagesIndividualAllocation        = false                                  {pd product} {ergonomic}

Logging:
Log output configuration:
 #0: stdout all=warning uptime,level,tags
 #1: stderr all=off uptime,level,tags

Environment Variables:
CLASSPATH=.;.;C:\PROGRA~2\JMF21~1.1E\lib\sound.jar;C:\PROGRA~2\JMF21~1.1E\lib\jmf.jar;C:\PROGRA~2\JMF21~1.1E\lib;
PATH=C:/Users/Jay/.p2/pool/plugins/org.eclipse.justj.openjdk.hotspot.jre.full.win32.x86_64_17.0.8.v20230801-1951/jre/bin/server;C:/Users/Jay/.p2/pool/plugins/org.eclipse.justj.openjdk.hotspot.jre.full.win32.x86_64_17.0.8.v20230801-1951/jre/bin;C:\Program Files\Common Files\Oracle\Java\javapath;C:\WINDOWS\system32;C:\WINDOWS;C:\WINDOWS\System32\Wbem;C:\WINDOWS\System32\WindowsPowerShell\v1.0\;C:\Program Files\nodejs\;C:\Program Files\Git\cmd;C:\xampp\php;C:\composer;C:\WINDOWS\System32\OpenSSH\;C:\Program Files\Microsoft SQL Server\150\Tools\Binn\;C:\Program Files\Microsoft SQL Server\Client SDK\ODBC\170\Tools\Binn\;C:\Program Files\dotnet\;C:\Program Files\PowerShell\7\;C:\Users\Jay\.console-ninja\.bin;C:\Users\Jay\AppData\Roaming\npm;C:\Users\Jay\AppData\Local\Programs\Microsoft VS Code\bin;C:\Users\Jay\AppData\Roaming\Composer\vendor\bin;C:\Users\Jay\AppData\Local\Microsoft\WindowsApps;C:\Users\Jay\.dotnet\tools;C:\Users\Jay\.fly\bin;C:\WINDOWS\system32;
USERNAME=Jay
OS=Windows_NT
PROCESSOR_IDENTIFIER=Intel64 Family 6 Model 78 Stepping 3, GenuineIntel
TMP=C:\Users\Jay\AppData\Local\Temp
TEMP=C:\Users\Jay\AppData\Local\Temp



---------------  S Y S T E M  ---------------

OS:
 Windows 10 , 64 bit Build 19041 (10.0.19041.1889)
OS uptime: 3 days 6:45 hours

CPU: total 4 (initial active 4) (2 cores per cpu, 2 threads per core) family 6 model 78 stepping 3 microcode 0xcc, cx8, cmov, fxsr, ht, mmx, 3dnowpref, sse, sse2, sse3, ssse3, sse4.1, sse4.2, popcnt, lzcnt, tsc, tscinvbit, avx, avx2, aes, erms, clmul, bmi1, bmi2, adx, fma, vzeroupper, clflush, clflushopt
Processor Information for all 4 processors :
  Max Mhz: 2000, Current Mhz: 2000, Mhz Limit: 2000

Memory: 4k page, system-wide physical 8065M (2435M free)
TotalPageFile size 13240M (AvailPageFile size 4441M)
current process WorkingSet (physical memory assigned to process): 341M, peak: 394M
current process commit charge ("private bytes"): 372M, peak: 437M

vm_info: OpenJDK 64-Bit Server VM (17.0.8+7) for windows-amd64 JRE (17.0.8+7), built on Jul 18 2023 21:02:32 by "admin" with MS VC++ 16.7 (VS2019)

END.
