#
# A fatal error has been detected by the Java Runtime Environment:
#
#  EXCEPTION_ACCESS_VIOLATION (0xc0000005) at pc=0x00007ff822e93466, pid=5092, tid=1996
#
# JRE version: OpenJDK Runtime Environment Temurin-17.0.8+7 (17.0.8+7) (build 17.0.8+7)
# Java VM: OpenJDK 64-Bit Server VM Temurin-17.0.8+7 (17.0.8+7, mixed mode, tiered, compressed oops, compressed class ptrs, g1 gc, windows-amd64)
# Problematic frame:
# C  [ntdll.dll+0x63466]
#
# No core dump will be written. Minidumps are not enabled by default on client versions of Windows
#
# If you would like to submit a bug report, please visit:
#   https://github.com/adoptium/adoptium-support/issues
# The crash happened outside the Java Virtual Machine in native code.
# See problematic frame for where to report the bug.
#

---------------  S U M M A R Y ------------

Command Line: --module-path=C:\javafx-sdk-20.0.2\lib --add-modules=javafx.controls,javafx.fxml -Dfile.encoding=UTF-8 -XX:+ShowCodeDetailsInExceptionMessages application.Main

Host: Intel(R) Core(TM) i3-6006U CPU @ 2.00GHz, 4 cores, 7G,  Windows 10 , 64 bit Build 19041 (10.0.19041.1889)
Time: Fri Sep 15 12:36:28 2023 Coordinated Universal Time elapsed time: 36.757184 seconds (0d 0h 0m 36s)

---------------  T H R E A D  ---------------

Current thread (0x00000238de935ff0):  JavaThread "Thread-6" [_thread_in_native, id=1996, stack(0x0000003de3000000,0x0000003de3100000)]

Stack: [0x0000003de3000000,0x0000003de3100000],  sp=0x0000003de30fea50,  free space=1018k
Native frames: (J=compiled Java code, j=interpreted, Vv=VM code, C=native code)
C  [ntdll.dll+0x63466]
C  [ntdll.dll+0x2fcb4]
C  [ntdll.dll+0x2fae2]
C  0x00007ff805e72be7

Java frames: (J=compiled Java code, j=interpreted, Vv=VM code)
j  org.bytedeco.javacpp.opencv_videoio$VideoCapture.retrieve(Lorg/bytedeco/javacpp/opencv_core$Mat;)Z+0
j  org.bytedeco.javacv.OpenCVFrameGrabber.grab()Lorg/bytedeco/javacv/Frame;+8
j  application.FaceDetector.run()V+988
j  java.lang.Thread.run()V+11 java.base@17.0.8
v  ~StubRoutines::call_stub

siginfo: EXCEPTION_ACCESS_VIOLATION (0xc0000005), writing address 0x0000000000000024


Register to memory mapping:

RIP=0x00007ff822e93466 ntdll.dll
RAX=0x0 is NULL
RBX=0x00000238d9bc1a68 points into unknown readable memory: 0x0000000000000000 | 00 00 00 00 00 00 00 00
RCX=0x00000238d9bc1a68 points into unknown readable memory: 0x0000000000000000 | 00 00 00 00 00 00 00 00
RDX=0x00000000fffffffa is an unallocated location in the heap
RSP=0x0000003de30fea50 is pointing into the stack for thread: 0x00000238de935ff0
RBP=0x0 is NULL
RSI=0x0 is NULL
RDI=0x0 is NULL
R8 =0x0 is NULL
R9 =0x00000238d9bc1a00 points into unknown readable memory: 0x0000000000000000 | 00 00 00 00 00 00 00 00
R10=0x0 is NULL
R11=0x0000000000000246 is an unknown value
R12=0x0 is NULL
R13=0x0000003ddfd12000 points into unknown readable memory: 0x0000000000000000 | 00 00 00 00 00 00 00 00
R14=0x0000000000000001 is an unknown value
R15=0x0 is NULL


Registers:
RAX=0x0000000000000000, RBX=0x00000238d9bc1a68, RCX=0x00000238d9bc1a68, RDX=0x00000000fffffffa
RSP=0x0000003de30fea50, RBP=0x0000000000000000, RSI=0x0000000000000000, RDI=0x0000000000000000
R8 =0x0000000000000000, R9 =0x00000238d9bc1a00, R10=0x0000000000000000, R11=0x0000000000000246
R12=0x0000000000000000, R13=0x0000003ddfd12000, R14=0x0000000000000001, R15=0x0000000000000000
RIP=0x00007ff822e93466, EFLAGS=0x0000000000010213

Top of Stack: (sp=0x0000003de30fea50)
0x0000003de30fea50:   ffffffffffffffff 00000238d9bc1a68
0x0000003de30fea60:   00000238e062df00 00000238e062dfc0
0x0000003de30fea70:   0000000000000000 0000000000000000
0x0000003de30fea80:   000000000000e102 00007ff822e4e3ad
0x0000003de30fea90:   00000238b8590000 0000003dfffffffa
0x0000003de30feaa0:   0000003ddfd12000 00000238e062dfc0
0x0000003de30feab0:   0000003de30feb88 00000238c53f94ec
0x0000003de30feac0:   000000008606b100 00000000860253e0
0x0000003de30fead0:   0000003de30feb48 00000238c53f9600
0x0000003de30feae0:   00002433303b5f21 0000000000000000
0x0000003de30feaf0:   00000238de935f00 0000000000000001
0x0000003de30feb00:   0000000000000001 0000000000000001
0x0000003de30feb10:   0000000000000000 00000238d9bc1a68
0x0000003de30feb20:   0000000000000000 00007ff822e5fcb4
0x0000003de30feb30:   0000000000000000 0000000000000001
0x0000003de30feb40:   00000000fffffffa ffffffffff676980 

Instructions: (pc=0x00007ff822e93466)
0x00007ff822e93366:   20 e9 ed fe ff ff 48 89 41 18 e9 e4 fe ff ff cc
0x00007ff822e93376:   cc cc cc cc cc cc cc cc cc cc 80 3d 81 91 10 00
0x00007ff822e93386:   00 0f 95 c0 c3 cc cc cc cc cc cc cc cc cc cc cc
0x00007ff822e93396:   cc cc cc cc cc cc cc cc cc cc 48 83 ec 38 8b 05
0x00007ff822e933a6:   82 77 10 00 89 44 24 20 e8 41 02 00 00 48 83 c4
0x00007ff822e933b6:   38 c3 cc cc cc cc cc cc cc cc 48 89 5c 24 18 55
0x00007ff822e933c6:   56 57 41 54 41 55 41 56 41 57 48 81 ec a0 00 00
0x00007ff822e933d6:   00 48 8b 05 32 11 12 00 48 33 c4 48 89 84 24 90
0x00007ff822e933e6:   00 00 00 65 4c 8b 2c 25 30 00 00 00 48 8d 05 cf
0x00007ff822e933f6:   31 10 00 40 32 ed 89 54 24 48 33 f6 40 88 6c 24
0x00007ff822e93406:   40 4c 89 6c 24 50 48 8b d9 44 8b e6 48 3b c8 0f
0x00007ff822e93416:   84 39 01 00 00 40 38 35 e6 90 10 00 0f 85 a8 01
0x00007ff822e93426:   00 00 39 35 fa 90 10 00 0f 85 6a 01 00 00 40 38
0x00007ff822e93436:   35 bd 8b 10 00 48 8d 3d be 8b 10 00 48 0f 45 fe
0x00007ff822e93446:   48 39 73 18 0f 84 d2 00 00 00 48 8b 03 48 83 f8
0x00007ff822e93456:   ff 0f 84 d2 00 00 00 44 8b fe 48 83 f8 ff 74 03
0x00007ff822e93466:   ff 40 24 4c 8b 73 18 4c 8d 2d 54 31 10 00 bd 22
0x00007ff822e93476:   17 00 00 e8 d2 13 fc ff 85 c0 0f 85 ee b4 05 00
0x00007ff822e93486:   b9 82 03 fe 7f 80 39 00 0f 85 fc b4 05 00 49 83
0x00007ff822e93496:   fe ff 0f 85 8a b5 05 00 4c 8b cf c7 44 24 20 00
0x00007ff822e934a6:   00 00 00 41 b8 04 00 00 00 48 8d 54 24 48 48 8d
0x00007ff822e934b6:   4b 08 e8 37 01 00 00 3d 02 01 00 00 0f 84 73 b5
0x00007ff822e934c6:   05 00 8b 4b 08 89 4c 24 48 f6 c1 02 75 ca 3d 02
0x00007ff822e934d6:   01 00 00 0f 84 5c b5 05 00 0f b6 6c 24 40 4c 8b
0x00007ff822e934e6:   6c 24 50 85 c0 0f 88 a8 b6 05 00 40 84 ed 75 73
0x00007ff822e934f6:   48 8b 8c 24 90 00 00 00 48 33 cc e8 7a 8d 02 00
0x00007ff822e93506:   48 8b 9c 24 f0 00 00 00 48 81 c4 a0 00 00 00 41
0x00007ff822e93516:   5f 41 5e 41 5d 41 5c 5f 5e 5d c3 cc 48 8b cb e8
0x00007ff822e93526:   56 05 00 00 e9 21 ff ff ff 8b 4b 20 48 c7 c0 ff
0x00007ff822e93536:   ff ff ff 48 0f ba e1 18 0f 82 19 ff ff ff 48 8b
0x00007ff822e93546:   cb e8 f4 e2 fa ff 48 8b 03 e9 09 ff ff ff c6 44
0x00007ff822e93556:   24 40 01 41 c7 85 60 17 00 00 01 00 00 00 e9 b2 


Stack slot to memory mapping:
stack at sp + 0 slots: 0xffffffffffffffff is an unknown value
stack at sp + 1 slots: 0x00000238d9bc1a68 points into unknown readable memory: 0x0000000000000000 | 00 00 00 00 00 00 00 00
stack at sp + 2 slots: 0x00000238e062df00 points into unknown readable memory: 0x0000000000000000 | 00 00 00 00 00 00 00 00
stack at sp + 3 slots: 0x00000238e062dfc0 points into unknown readable memory: 0x0000000000000000 | 00 00 00 00 00 00 00 00
stack at sp + 4 slots: 0x0 is NULL
stack at sp + 5 slots: 0x0 is NULL
stack at sp + 6 slots: 0x000000000000e102 is an unknown value
stack at sp + 7 slots: 0x00007ff822e4e3ad ntdll.dll


---------------  P R O C E S S  ---------------

Threads class SMR info:
_java_thread_list=0x00000238df1c1dd0, length=25, elements={
0x00000238d8013620, 0x00000238d80156f0, 0x00000238d3f00a40, 0x00000238d3f01400,
0x00000238d3f01dc0, 0x00000238d3f034c0, 0x00000238d3f047c0, 0x00000238d804eea0,
0x00000238d8060380, 0x00000238d81da610, 0x00000238d8823d20, 0x00000238d8a6c970,
0x00000238d961a6b0, 0x00000238d961f2a0, 0x00000238d9618850, 0x00000238d961b0d0,
0x00000238df5449e0, 0x00000238df545e20, 0x00000238df545400, 0x00000238df546d50,
0x00000238de934bb0, 0x00000238de935ff0, 0x00000238de936a10, 0x00000238de932d50,
0x00000238d9b5b320
}

Java Threads: ( => current thread )
  0x00000238d8013620 JavaThread "Reference Handler" daemon [_thread_blocked, id=120, stack(0x0000003de0800000,0x0000003de0900000)]
  0x00000238d80156f0 JavaThread "Finalizer" daemon [_thread_blocked, id=1340, stack(0x0000003de0900000,0x0000003de0a00000)]
  0x00000238d3f00a40 JavaThread "Signal Dispatcher" daemon [_thread_blocked, id=10120, stack(0x0000003de0a00000,0x0000003de0b00000)]
  0x00000238d3f01400 JavaThread "Attach Listener" daemon [_thread_blocked, id=7964, stack(0x0000003de0b00000,0x0000003de0c00000)]
  0x00000238d3f01dc0 JavaThread "Service Thread" daemon [_thread_blocked, id=4656, stack(0x0000003de0c00000,0x0000003de0d00000)]
  0x00000238d3f034c0 JavaThread "Monitor Deflation Thread" daemon [_thread_blocked, id=10988, stack(0x0000003de0d00000,0x0000003de0e00000)]
  0x00000238d3f047c0 JavaThread "C2 CompilerThread0" daemon [_thread_blocked, id=7144, stack(0x0000003de0e00000,0x0000003de0f00000)]
  0x00000238d804eea0 JavaThread "C1 CompilerThread0" daemon [_thread_blocked, id=2788, stack(0x0000003de0f00000,0x0000003de1000000)]
  0x00000238d8060380 JavaThread "Sweeper thread" daemon [_thread_blocked, id=5328, stack(0x0000003de1000000,0x0000003de1100000)]
  0x00000238d81da610 JavaThread "Common-Cleaner" daemon [_thread_blocked, id=3836, stack(0x0000003de1100000,0x0000003de1200000)]
  0x00000238d8823d20 JavaThread "Notification Thread" daemon [_thread_blocked, id=11224, stack(0x0000003de1300000,0x0000003de1400000)]
  0x00000238d8a6c970 JavaThread "InvokeLaterDispatcher" daemon [_thread_blocked, id=2400, stack(0x0000003de1600000,0x0000003de1700000)]
  0x00000238d961a6b0 JavaThread "Thread-1" daemon [_thread_in_native, id=7156, stack(0x0000003de1e00000,0x0000003de1f00000)]
  0x00000238d961f2a0 JavaThread "ForkJoinPool.commonPool-worker-1" daemon [_thread_blocked, id=5936, stack(0x0000003de2100000,0x0000003de2200000)]
  0x00000238d9618850 JavaThread "FileSystemWatchService" daemon [_thread_in_native, id=5672, stack(0x0000003de2200000,0x0000003de2300000)]
  0x00000238d961b0d0 JavaThread "Thread-3" daemon [_thread_blocked, id=1056, stack(0x0000003de2300000,0x0000003de2400000)]
  0x00000238df5449e0 JavaThread "FileSystemWatchService" daemon [_thread_in_native, id=4868, stack(0x0000003de2400000,0x0000003de2500000)]
  0x00000238df545e20 JavaThread "Thread-4" daemon [_thread_blocked, id=2980, stack(0x0000003de2500000,0x0000003de2600000)]
  0x00000238df545400 JavaThread "Prism Font Disposer" daemon [_thread_blocked, id=6316, stack(0x0000003de2800000,0x0000003de2900000)]
  0x00000238df546d50 JavaThread "Cleaner-0" daemon [_thread_blocked, id=7932, stack(0x0000003de2a00000,0x0000003de2b00000)]
  0x00000238de934bb0 JavaThread "JavaCPP Deallocator" daemon [_thread_blocked, id=7116, stack(0x0000003de1200000,0x0000003de1300000)]
=>0x00000238de935ff0 JavaThread "Thread-6" [_thread_in_native, id=1996, stack(0x0000003de3000000,0x0000003de3100000)]
  0x00000238de936a10 JavaThread "Java2D Disposer" daemon [_thread_blocked, id=8320, stack(0x0000003de3300000,0x0000003de3400000)]
  0x00000238de932d50 JavaThread "pool-2-thread-1" [_thread_blocked, id=4632, stack(0x0000003de3200000,0x0000003de3300000)]
  0x00000238d9b5b320 JavaThread "DestroyJavaVM" [_thread_blocked, id=11084, stack(0x0000003de0100000,0x0000003de0200000)]

Other Threads:
  0x00000238d3eee520 VMThread "VM Thread" [stack: 0x0000003de0700000,0x0000003de0800000] [id=11988]
  0x00000238ba887d40 WatcherThread [stack: 0x0000003de1400000,0x0000003de1500000] [id=2444]
  0x00000238ba866560 GCTaskThread "GC Thread#0" [stack: 0x0000003de0200000,0x0000003de0300000] [id=2428]
  0x00000238d96c97d0 GCTaskThread "GC Thread#1" [stack: 0x0000003de1b00000,0x0000003de1c00000] [id=11260]
  0x00000238d970d670 GCTaskThread "GC Thread#2" [stack: 0x0000003de1c00000,0x0000003de1d00000] [id=4336]
  0x00000238d96c9a90 GCTaskThread "GC Thread#3" [stack: 0x0000003de1d00000,0x0000003de1e00000] [id=5652]
  0x00000238ba877890 ConcurrentGCThread "G1 Main Marker" [stack: 0x0000003de0300000,0x0000003de0400000] [id=10052]
  0x00000238ba8782a0 ConcurrentGCThread "G1 Conc#0" [stack: 0x0000003de0400000,0x0000003de0500000] [id=744]
  0x00000238d3d444d0 ConcurrentGCThread "G1 Refine#0" [stack: 0x0000003de0500000,0x0000003de0600000] [id=4388]
  0x00000238d3d44d10 ConcurrentGCThread "G1 Service" [stack: 0x0000003de0600000,0x0000003de0700000] [id=8724]

Threads with active compile tasks:

VM state: not at safepoint (normal execution)

VM Mutex/Monitor currently owned by a thread: None

Heap address: 0x0000000081e00000, size: 2018 MB, Compressed Oops mode: 32-bit

CDS archive(s) not mapped
Compressed class space mapped at: 0x0000000100000000-0x0000000140000000, reserved size: 1073741824
Narrow klass base: 0x0000000000000000, Narrow klass shift: 3, Narrow klass range: 0x140000000

GC Precious Log:
 CPUs: 4 total, 4 available
 Memory: 8065M
 Large Page Support: Disabled
 NUMA Support: Disabled
 Compressed Oops: Enabled (32-bit)
 Heap Region Size: 1M
 Heap Min Capacity: 8M
 Heap Initial Capacity: 128M
 Heap Max Capacity: 2018M
 Pre-touch: Disabled
 Parallel Workers: 4
 Concurrent Workers: 1
 Concurrent Refinement Workers: 4
 Periodic GC: Disabled

Heap:
 garbage-first heap   total 152576K, used 65252K [0x0000000081e00000, 0x0000000100000000)
  region size 1024K, 3 young (3072K), 1 survivors (1024K)
 Metaspace       used 32589K, committed 32832K, reserved 1114112K
  class space    used 3961K, committed 4096K, reserved 1048576K

Heap Regions: E=young(eden), S=young(survivor), O=old, HS=humongous(starts), HC=humongous(continues), CS=collection set, F=free, OA=open archive, CA=closed archive, TAMS=top-at-mark-start (previous, next)
|   0|0x0000000081e00000, 0x0000000081f00000, 0x0000000081f00000|100%| O|  |TAMS 0x0000000081f00000, 0x0000000081f00000| Untracked 
|   1|0x0000000081f00000, 0x0000000082000000, 0x0000000082000000|100%| O|  |TAMS 0x0000000082000000, 0x0000000082000000| Untracked 
|   2|0x0000000082000000, 0x0000000082100000, 0x0000000082100000|100%|HS|  |TAMS 0x0000000082000000, 0x0000000082100000| Complete 
|   3|0x0000000082100000, 0x0000000082200000, 0x0000000082200000|100%|HS|  |TAMS 0x0000000082200000, 0x0000000082200000| Complete 
|   4|0x0000000082200000, 0x0000000082300000, 0x0000000082300000|100%|HC|  |TAMS 0x0000000082300000, 0x0000000082300000| Complete 
|   5|0x0000000082300000, 0x0000000082400000, 0x0000000082400000|100%|HC|  |TAMS 0x0000000082400000, 0x0000000082400000| Complete 
|   6|0x0000000082400000, 0x0000000082500000, 0x0000000082500000|100%|HC|  |TAMS 0x0000000082500000, 0x0000000082500000| Complete 
|   7|0x0000000082500000, 0x0000000082600000, 0x0000000082600000|100%|HC|  |TAMS 0x0000000082600000, 0x0000000082600000| Complete 
|   8|0x0000000082600000, 0x0000000082700000, 0x0000000082700000|100%|HS|  |TAMS 0x0000000082700000, 0x0000000082700000| Complete 
|   9|0x0000000082700000, 0x0000000082800000, 0x0000000082800000|100%|HC|  |TAMS 0x0000000082800000, 0x0000000082800000| Complete 
|  10|0x0000000082800000, 0x0000000082900000, 0x0000000082900000|100%|HS|  |TAMS 0x0000000082800000, 0x0000000082900000| Complete 
|  11|0x0000000082900000, 0x0000000082a00000, 0x0000000082a00000|100%|HS|  |TAMS 0x0000000082900000, 0x0000000082a00000| Complete 
|  12|0x0000000082a00000, 0x0000000082b00000, 0x0000000082b00000|100%|HC|  |TAMS 0x0000000082a00000, 0x0000000082b00000| Complete 
|  13|0x0000000082b00000, 0x0000000082c00000, 0x0000000082c00000|100%| O|  |TAMS 0x0000000082b00000, 0x0000000082c00000| Untracked 
|  14|0x0000000082c00000, 0x0000000082d00000, 0x0000000082d00000|100%| O|  |TAMS 0x0000000082c00000, 0x0000000082d00000| Untracked 
|  15|0x0000000082d00000, 0x0000000082e00000, 0x0000000082e00000|100%| O|  |TAMS 0x0000000082d00000, 0x0000000082e00000| Untracked 
|  16|0x0000000082e00000, 0x0000000082f00000, 0x0000000082f00000|100%| O|  |TAMS 0x0000000082e00000, 0x0000000082f00000| Untracked 
|  17|0x0000000082f00000, 0x0000000083000000, 0x0000000083000000|100%| O|  |TAMS 0x0000000082f00000, 0x0000000083000000| Untracked 
|  18|0x0000000083000000, 0x0000000083100000, 0x0000000083100000|100%| O|  |TAMS 0x0000000083000000, 0x0000000083100000| Untracked 
|  19|0x0000000083100000, 0x0000000083200000, 0x0000000083200000|100%| O|  |TAMS 0x0000000083100000, 0x0000000083200000| Untracked 
|  20|0x0000000083200000, 0x0000000083300000, 0x0000000083300000|100%| O|  |TAMS 0x0000000083200000, 0x0000000083300000| Untracked 
|  21|0x0000000083300000, 0x0000000083400000, 0x0000000083400000|100%| O|  |TAMS 0x0000000083300000, 0x0000000083400000| Untracked 
|  22|0x0000000083400000, 0x0000000083500000, 0x0000000083500000|100%| O|  |TAMS 0x0000000083400000, 0x0000000083500000| Untracked 
|  23|0x0000000083500000, 0x0000000083600000, 0x0000000083600000|100%| O|  |TAMS 0x0000000083500000, 0x0000000083600000| Untracked 
|  24|0x0000000083600000, 0x0000000083700000, 0x0000000083700000|100%| O|  |TAMS 0x0000000083600000, 0x0000000083700000| Untracked 
|  25|0x0000000083700000, 0x0000000083800000, 0x0000000083800000|100%|HS|  |TAMS 0x0000000083700000, 0x0000000083800000| Complete 
|  26|0x0000000083800000, 0x0000000083900000, 0x0000000083900000|100%|HC|  |TAMS 0x0000000083800000, 0x0000000083900000| Complete 
|  27|0x0000000083900000, 0x0000000083a00000, 0x0000000083a00000|100%|HS|  |TAMS 0x0000000083900000, 0x0000000083900000| Complete 
|  28|0x0000000083a00000, 0x0000000083b00000, 0x0000000083b00000|100%|HC|  |TAMS 0x0000000083a00000, 0x0000000083a00000| Complete 
|  29|0x0000000083b00000, 0x0000000083c00000, 0x0000000083c00000|100%| O|  |TAMS 0x0000000083b00000, 0x0000000083c00000| Untracked 
|  30|0x0000000083c00000, 0x0000000083d00000, 0x0000000083d00000|100%|HS|  |TAMS 0x0000000083c00000, 0x0000000083c00000| Complete 
|  31|0x0000000083d00000, 0x0000000083e00000, 0x0000000083e00000|100%|HC|  |TAMS 0x0000000083d00000, 0x0000000083d00000| Complete 
|  32|0x0000000083e00000, 0x0000000083f00000, 0x0000000083f00000|100%|HS|  |TAMS 0x0000000083e00000, 0x0000000083f00000| Complete 
|  33|0x0000000083f00000, 0x0000000084000000, 0x0000000084000000|100%|HC|  |TAMS 0x0000000083f00000, 0x0000000084000000| Complete 
|  34|0x0000000084000000, 0x0000000084100000, 0x0000000084100000|100%|HS|  |TAMS 0x0000000084000000, 0x0000000084000000| Complete 
|  35|0x0000000084100000, 0x0000000084200000, 0x0000000084200000|100%|HC|  |TAMS 0x0000000084100000, 0x0000000084100000| Complete 
|  36|0x0000000084200000, 0x0000000084300000, 0x0000000084300000|100%|HS|  |TAMS 0x0000000084200000, 0x0000000084200000| Complete 
|  37|0x0000000084300000, 0x0000000084400000, 0x0000000084400000|100%|HC|  |TAMS 0x0000000084300000, 0x0000000084300000| Complete 
|  38|0x0000000084400000, 0x0000000084500000, 0x0000000084500000|100%|HS|  |TAMS 0x0000000084400000, 0x0000000084500000| Complete 
|  39|0x0000000084500000, 0x0000000084600000, 0x0000000084600000|100%|HC|  |TAMS 0x0000000084500000, 0x0000000084600000| Complete 
|  40|0x0000000084600000, 0x0000000084700000, 0x0000000084700000|100%|HS|  |TAMS 0x0000000084600000, 0x0000000084600000| Complete 
|  41|0x0000000084700000, 0x0000000084800000, 0x0000000084800000|100%|HC|  |TAMS 0x0000000084700000, 0x0000000084700000| Complete 
|  42|0x0000000084800000, 0x0000000084900000, 0x0000000084900000|100%|HS|  |TAMS 0x0000000084800000, 0x0000000084800000| Complete 
|  43|0x0000000084900000, 0x0000000084a00000, 0x0000000084a00000|100%|HC|  |TAMS 0x0000000084900000, 0x0000000084900000| Complete 
|  44|0x0000000084a00000, 0x0000000084b00000, 0x0000000084b00000|100%|HS|  |TAMS 0x0000000084a00000, 0x0000000084b00000| Complete 
|  45|0x0000000084b00000, 0x0000000084c00000, 0x0000000084c00000|100%|HC|  |TAMS 0x0000000084b00000, 0x0000000084c00000| Complete 
|  46|0x0000000084c00000, 0x0000000084d00000, 0x0000000084d00000|100%|HS|  |TAMS 0x0000000084c00000, 0x0000000084d00000| Complete 
|  47|0x0000000084d00000, 0x0000000084e00000, 0x0000000084e00000|100%|HC|  |TAMS 0x0000000084d00000, 0x0000000084e00000| Complete 
|  48|0x0000000084e00000, 0x0000000084f00000, 0x0000000084f00000|100%|HS|  |TAMS 0x0000000084e00000, 0x0000000084f00000| Complete 
|  49|0x0000000084f00000, 0x0000000085000000, 0x0000000085000000|100%|HC|  |TAMS 0x0000000084f00000, 0x0000000085000000| Complete 
|  50|0x0000000085000000, 0x0000000085100000, 0x0000000085100000|100%|HS|  |TAMS 0x0000000085000000, 0x0000000085000000| Complete 
|  51|0x0000000085100000, 0x0000000085200000, 0x0000000085200000|100%|HC|  |TAMS 0x0000000085100000, 0x0000000085100000| Complete 
|  52|0x0000000085200000, 0x0000000085200000, 0x0000000085300000|  0%| F|  |TAMS 0x0000000085200000, 0x0000000085200000| Untracked 
|  53|0x0000000085300000, 0x0000000085300000, 0x0000000085400000|  0%| F|  |TAMS 0x0000000085300000, 0x0000000085300000| Untracked 
|  54|0x0000000085400000, 0x0000000085400000, 0x0000000085500000|  0%| F|  |TAMS 0x0000000085400000, 0x0000000085400000| Untracked 
|  55|0x0000000085500000, 0x0000000085500000, 0x0000000085600000|  0%| F|  |TAMS 0x0000000085500000, 0x0000000085500000| Untracked 
|  56|0x0000000085600000, 0x0000000085600000, 0x0000000085700000|  0%| F|  |TAMS 0x0000000085600000, 0x0000000085600000| Untracked 
|  57|0x0000000085700000, 0x0000000085700000, 0x0000000085800000|  0%| F|  |TAMS 0x0000000085700000, 0x0000000085700000| Untracked 
|  58|0x0000000085800000, 0x0000000085800000, 0x0000000085900000|  0%| F|  |TAMS 0x0000000085800000, 0x0000000085800000| Untracked 
|  59|0x0000000085900000, 0x0000000085900000, 0x0000000085a00000|  0%| F|  |TAMS 0x0000000085900000, 0x0000000085900000| Untracked 
|  60|0x0000000085a00000, 0x0000000085b00000, 0x0000000085b00000|100%| O|  |TAMS 0x0000000085a00000, 0x0000000085b00000| Untracked 
|  61|0x0000000085b00000, 0x0000000085c00000, 0x0000000085c00000|100%| O|  |TAMS 0x0000000085b00000, 0x0000000085c00000| Untracked 
|  62|0x0000000085c00000, 0x0000000085d00000, 0x0000000085d00000|100%| O|  |TAMS 0x0000000085c00000, 0x0000000085d00000| Untracked 
|  63|0x0000000085d00000, 0x0000000085e00000, 0x0000000085e00000|100%| O|  |TAMS 0x0000000085d00000, 0x0000000085e00000| Untracked 
|  64|0x0000000085e00000, 0x0000000085eb6200, 0x0000000085f00000| 71%| O|  |TAMS 0x0000000085e00000, 0x0000000085eb6200| Untracked 
|  65|0x0000000085f00000, 0x0000000085f00000, 0x0000000086000000|  0%| F|  |TAMS 0x0000000085f00000, 0x0000000085f00000| Untracked 
|  66|0x0000000086000000, 0x0000000086100000, 0x0000000086100000|100%| O|  |TAMS 0x0000000086000000, 0x0000000086100000| Untracked 
|  67|0x0000000086100000, 0x0000000086200000, 0x0000000086200000|100%|HS|  |TAMS 0x0000000086100000, 0x0000000086200000| Complete 
|  68|0x0000000086200000, 0x0000000086300000, 0x0000000086300000|100%|HC|  |TAMS 0x0000000086200000, 0x0000000086300000| Complete 
|  69|0x0000000086300000, 0x0000000086400000, 0x0000000086400000|100%|HC|  |TAMS 0x0000000086300000, 0x0000000086400000| Complete 
|  70|0x0000000086400000, 0x0000000086500000, 0x0000000086500000|100%|HC|  |TAMS 0x0000000086400000, 0x0000000086500000| Complete 
|  71|0x0000000086500000, 0x0000000086600000, 0x0000000086600000|100%|HC|  |TAMS 0x0000000086500000, 0x0000000086600000| Complete 
|  72|0x0000000086600000, 0x0000000086600000, 0x0000000086700000|  0%| F|  |TAMS 0x0000000086600000, 0x0000000086600000| Untracked 
|  73|0x0000000086700000, 0x0000000086700000, 0x0000000086800000|  0%| F|  |TAMS 0x0000000086700000, 0x0000000086700000| Untracked 
|  74|0x0000000086800000, 0x0000000086800000, 0x0000000086900000|  0%| F|  |TAMS 0x0000000086800000, 0x0000000086800000| Untracked 
|  75|0x0000000086900000, 0x0000000086900000, 0x0000000086a00000|  0%| F|  |TAMS 0x0000000086900000, 0x0000000086900000| Untracked 
|  76|0x0000000086a00000, 0x0000000086a00000, 0x0000000086b00000|  0%| F|  |TAMS 0x0000000086a00000, 0x0000000086a00000| Untracked 
|  77|0x0000000086b00000, 0x0000000086b00000, 0x0000000086c00000|  0%| F|  |TAMS 0x0000000086b00000, 0x0000000086b00000| Untracked 
|  78|0x0000000086c00000, 0x0000000086c00000, 0x0000000086d00000|  0%| F|  |TAMS 0x0000000086c00000, 0x0000000086c00000| Untracked 
|  79|0x0000000086d00000, 0x0000000086d00000, 0x0000000086e00000|  0%| F|  |TAMS 0x0000000086d00000, 0x0000000086d00000| Untracked 
|  80|0x0000000086e00000, 0x0000000086e00000, 0x0000000086f00000|  0%| F|  |TAMS 0x0000000086e00000, 0x0000000086e00000| Untracked 
|  81|0x0000000086f00000, 0x0000000086f00000, 0x0000000087000000|  0%| F|  |TAMS 0x0000000086f00000, 0x0000000086f00000| Untracked 
|  82|0x0000000087000000, 0x0000000087000000, 0x0000000087100000|  0%| F|  |TAMS 0x0000000087000000, 0x0000000087000000| Untracked 
|  83|0x0000000087100000, 0x0000000087100000, 0x0000000087200000|  0%| F|  |TAMS 0x0000000087100000, 0x0000000087100000| Untracked 
|  84|0x0000000087200000, 0x0000000087200000, 0x0000000087300000|  0%| F|  |TAMS 0x0000000087200000, 0x0000000087200000| Untracked 
|  85|0x0000000087300000, 0x0000000087300000, 0x0000000087400000|  0%| F|  |TAMS 0x0000000087300000, 0x0000000087300000| Untracked 
|  86|0x0000000087400000, 0x0000000087400000, 0x0000000087500000|  0%| F|  |TAMS 0x0000000087400000, 0x0000000087400000| Untracked 
|  87|0x0000000087500000, 0x0000000087500000, 0x0000000087600000|  0%| F|  |TAMS 0x0000000087500000, 0x0000000087500000| Untracked 
|  88|0x0000000087600000, 0x0000000087600000, 0x0000000087700000|  0%| F|  |TAMS 0x0000000087600000, 0x0000000087600000| Untracked 
|  89|0x0000000087700000, 0x0000000087700000, 0x0000000087800000|  0%| F|  |TAMS 0x0000000087700000, 0x0000000087700000| Untracked 
|  90|0x0000000087800000, 0x0000000087800000, 0x0000000087900000|  0%| F|  |TAMS 0x0000000087800000, 0x0000000087800000| Untracked 
|  91|0x0000000087900000, 0x0000000087900000, 0x0000000087a00000|  0%| F|  |TAMS 0x0000000087900000, 0x0000000087900000| Untracked 
|  92|0x0000000087a00000, 0x0000000087a00000, 0x0000000087b00000|  0%| F|  |TAMS 0x0000000087a00000, 0x0000000087a00000| Untracked 
|  93|0x0000000087b00000, 0x0000000087b00000, 0x0000000087c00000|  0%| F|  |TAMS 0x0000000087b00000, 0x0000000087b00000| Untracked 
|  94|0x0000000087c00000, 0x0000000087c00000, 0x0000000087d00000|  0%| F|  |TAMS 0x0000000087c00000, 0x0000000087c00000| Untracked 
|  95|0x0000000087d00000, 0x0000000087d00000, 0x0000000087e00000|  0%| F|  |TAMS 0x0000000087d00000, 0x0000000087d00000| Untracked 
|  96|0x0000000087e00000, 0x0000000087e00000, 0x0000000087f00000|  0%| F|  |TAMS 0x0000000087e00000, 0x0000000087e00000| Untracked 
|  97|0x0000000087f00000, 0x0000000087f00000, 0x0000000088000000|  0%| F|  |TAMS 0x0000000087f00000, 0x0000000087f00000| Untracked 
|  98|0x0000000088000000, 0x0000000088000000, 0x0000000088100000|  0%| F|  |TAMS 0x0000000088000000, 0x0000000088000000| Untracked 
|  99|0x0000000088100000, 0x0000000088100000, 0x0000000088200000|  0%| F|  |TAMS 0x0000000088100000, 0x0000000088100000| Untracked 
| 100|0x0000000088200000, 0x0000000088200000, 0x0000000088300000|  0%| F|  |TAMS 0x0000000088200000, 0x0000000088200000| Untracked 
| 101|0x0000000088300000, 0x0000000088300000, 0x0000000088400000|  0%| F|  |TAMS 0x0000000088300000, 0x0000000088300000| Untracked 
| 102|0x0000000088400000, 0x0000000088400000, 0x0000000088500000|  0%| F|  |TAMS 0x0000000088400000, 0x0000000088400000| Untracked 
| 103|0x0000000088500000, 0x0000000088500000, 0x0000000088600000|  0%| F|  |TAMS 0x0000000088500000, 0x0000000088500000| Untracked 
| 104|0x0000000088600000, 0x0000000088600000, 0x0000000088700000|  0%| F|  |TAMS 0x0000000088600000, 0x0000000088600000| Untracked 
| 105|0x0000000088700000, 0x0000000088700000, 0x0000000088800000|  0%| F|  |TAMS 0x0000000088700000, 0x0000000088700000| Untracked 
| 106|0x0000000088800000, 0x0000000088800000, 0x0000000088900000|  0%| F|  |TAMS 0x0000000088800000, 0x0000000088800000| Untracked 
| 107|0x0000000088900000, 0x0000000088900000, 0x0000000088a00000|  0%| F|  |TAMS 0x0000000088900000, 0x0000000088900000| Untracked 
| 108|0x0000000088a00000, 0x0000000088a00000, 0x0000000088b00000|  0%| F|  |TAMS 0x0000000088a00000, 0x0000000088a00000| Untracked 
| 109|0x0000000088b00000, 0x0000000088b00000, 0x0000000088c00000|  0%| F|  |TAMS 0x0000000088b00000, 0x0000000088b00000| Untracked 
| 110|0x0000000088c00000, 0x0000000088c00000, 0x0000000088d00000|  0%| F|  |TAMS 0x0000000088c00000, 0x0000000088c00000| Untracked 
| 111|0x0000000088d00000, 0x0000000088d00000, 0x0000000088e00000|  0%| F|  |TAMS 0x0000000088d00000, 0x0000000088d00000| Untracked 
| 112|0x0000000088e00000, 0x0000000088e00000, 0x0000000088f00000|  0%| F|  |TAMS 0x0000000088e00000, 0x0000000088e00000| Untracked 
| 113|0x0000000088f00000, 0x0000000088f00000, 0x0000000089000000|  0%| F|  |TAMS 0x0000000088f00000, 0x0000000088f00000| Untracked 
| 114|0x0000000089000000, 0x0000000089000000, 0x0000000089100000|  0%| F|  |TAMS 0x0000000089000000, 0x0000000089000000| Untracked 
| 115|0x0000000089100000, 0x0000000089100000, 0x0000000089200000|  0%| F|  |TAMS 0x0000000089100000, 0x0000000089100000| Untracked 
| 116|0x0000000089200000, 0x0000000089200000, 0x0000000089300000|  0%| F|  |TAMS 0x0000000089200000, 0x0000000089200000| Untracked 
| 117|0x0000000089300000, 0x0000000089300000, 0x0000000089400000|  0%| F|  |TAMS 0x0000000089300000, 0x0000000089300000| Untracked 
| 118|0x0000000089400000, 0x0000000089400000, 0x0000000089500000|  0%| F|  |TAMS 0x0000000089400000, 0x0000000089400000| Untracked 
| 119|0x0000000089500000, 0x0000000089500000, 0x0000000089600000|  0%| F|  |TAMS 0x0000000089500000, 0x0000000089500000| Untracked 
| 120|0x0000000089600000, 0x0000000089600000, 0x0000000089700000|  0%| F|  |TAMS 0x0000000089600000, 0x0000000089600000| Untracked 
| 121|0x0000000089700000, 0x0000000089700000, 0x0000000089800000|  0%| F|  |TAMS 0x0000000089700000, 0x0000000089700000| Untracked 
| 122|0x0000000089800000, 0x0000000089800000, 0x0000000089900000|  0%| F|  |TAMS 0x0000000089800000, 0x0000000089800000| Untracked 
| 123|0x0000000089900000, 0x0000000089900000, 0x0000000089a00000|  0%| F|  |TAMS 0x0000000089900000, 0x0000000089900000| Untracked 
| 124|0x0000000089a00000, 0x0000000089a00000, 0x0000000089b00000|  0%| F|  |TAMS 0x0000000089a00000, 0x0000000089a00000| Untracked 
| 125|0x0000000089b00000, 0x0000000089b00000, 0x0000000089c00000|  0%| F|  |TAMS 0x0000000089b00000, 0x0000000089b00000| Untracked 
| 126|0x0000000089c00000, 0x0000000089c00000, 0x0000000089d00000|  0%| F|  |TAMS 0x0000000089c00000, 0x0000000089c00000| Untracked 
| 127|0x0000000089d00000, 0x0000000089d00000, 0x0000000089e00000|  0%| F|  |TAMS 0x0000000089d00000, 0x0000000089d00000| Untracked 
| 128|0x0000000089e00000, 0x0000000089e00000, 0x0000000089f00000|  0%| F|  |TAMS 0x0000000089e00000, 0x0000000089e00000| Untracked 
| 129|0x0000000089f00000, 0x0000000089f00000, 0x000000008a000000|  0%| F|  |TAMS 0x0000000089f00000, 0x0000000089f00000| Untracked 
| 130|0x000000008a000000, 0x000000008a000000, 0x000000008a100000|  0%| F|  |TAMS 0x000000008a000000, 0x000000008a000000| Untracked 
| 131|0x000000008a100000, 0x000000008a100000, 0x000000008a200000|  0%| F|  |TAMS 0x000000008a100000, 0x000000008a100000| Untracked 
| 132|0x000000008a200000, 0x000000008a200000, 0x000000008a300000|  0%| F|  |TAMS 0x000000008a200000, 0x000000008a200000| Untracked 
| 133|0x000000008a300000, 0x000000008a300000, 0x000000008a400000|  0%| F|  |TAMS 0x000000008a300000, 0x000000008a300000| Untracked 
| 134|0x000000008a400000, 0x000000008a400000, 0x000000008a500000|  0%| F|  |TAMS 0x000000008a400000, 0x000000008a400000| Untracked 
| 135|0x000000008a500000, 0x000000008a500000, 0x000000008a600000|  0%| F|  |TAMS 0x000000008a500000, 0x000000008a500000| Untracked 
| 136|0x000000008a600000, 0x000000008a600000, 0x000000008a700000|  0%| F|  |TAMS 0x000000008a600000, 0x000000008a600000| Untracked 
| 137|0x000000008a700000, 0x000000008a700000, 0x000000008a800000|  0%| F|  |TAMS 0x000000008a700000, 0x000000008a700000| Untracked 
| 138|0x000000008a800000, 0x000000008a800000, 0x000000008a900000|  0%| F|  |TAMS 0x000000008a800000, 0x000000008a800000| Untracked 
| 139|0x000000008a900000, 0x000000008a900000, 0x000000008aa00000|  0%| F|  |TAMS 0x000000008a900000, 0x000000008a900000| Untracked 
| 140|0x000000008aa00000, 0x000000008aa00000, 0x000000008ab00000|  0%| F|  |TAMS 0x000000008aa00000, 0x000000008aa00000| Untracked 
| 141|0x000000008ab00000, 0x000000008ab00000, 0x000000008ac00000|  0%| F|  |TAMS 0x000000008ab00000, 0x000000008ab00000| Untracked 
| 142|0x000000008ac00000, 0x000000008ac00000, 0x000000008ad00000|  0%| F|  |TAMS 0x000000008ac00000, 0x000000008ac00000| Untracked 
| 143|0x000000008ad00000, 0x000000008ad00000, 0x000000008ae00000|  0%| F|  |TAMS 0x000000008ad00000, 0x000000008ad00000| Untracked 
| 144|0x000000008ae00000, 0x000000008ae00000, 0x000000008af00000|  0%| F|  |TAMS 0x000000008ae00000, 0x000000008ae00000| Untracked 
| 145|0x000000008af00000, 0x000000008af00000, 0x000000008b000000|  0%| F|  |TAMS 0x000000008af00000, 0x000000008af00000| Untracked 
| 146|0x000000008b000000, 0x000000008b003060, 0x000000008b100000|  1%| S|CS|TAMS 0x000000008b000000, 0x000000008b000000| Complete 
| 147|0x000000008b100000, 0x000000008b200000, 0x000000008b200000|100%| E|  |TAMS 0x000000008b100000, 0x000000008b100000| Complete 
| 148|0x000000008b200000, 0x000000008b300000, 0x000000008b300000|100%| E|CS|TAMS 0x000000008b200000, 0x000000008b200000| Complete 

Card table byte_map: [0x00000238cd2c0000,0x00000238cd6c0000] _byte_map_base: 0x00000238cceb1000

Marking Bits (Prev, Next): (CMBitMap*) 0x00000238ba866bc0, (CMBitMap*) 0x00000238ba866b80
 Prev Bits: [0x00000238cfa50000, 0x00000238d19d8000)
 Next Bits: [0x00000238cdac0000, 0x00000238cfa48000)

Polling page: 0x00000238b87a0000

Metaspace:

Usage:
  Non-class:     27.96 MB used.
      Class:      3.87 MB used.
       Both:     31.83 MB used.

Virtual space:
  Non-class space:       64.00 MB reserved,      28.06 MB ( 44%) committed,  1 nodes.
      Class space:        1.00 GB reserved,       4.00 MB ( <1%) committed,  1 nodes.
             Both:        1.06 GB reserved,      32.06 MB (  3%) committed. 

Chunk freelists:
   Non-Class:  3.94 MB
       Class:  12.05 MB
        Both:  15.98 MB

MaxMetaspaceSize: unlimited
CompressedClassSpaceSize: 1.00 GB
Initial GC threshold: 21.00 MB
Current GC threshold: 35.12 MB
CDS: off
MetaspaceReclaimPolicy: balanced
 - commit_granule_bytes: 65536.
 - commit_granule_words: 8192.
 - virtual_space_node_default_size: 8388608.
 - enlarge_chunks_in_place: 1.
 - new_chunks_are_fully_committed: 0.
 - uncommit_free_chunks: 1.
 - use_allocation_guard: 0.
 - handle_deallocations: 1.


Internal statistics:

num_allocs_failed_limit: 3.
num_arena_births: 244.
num_arena_deaths: 0.
num_vsnodes_births: 2.
num_vsnodes_deaths: 0.
num_space_committed: 513.
num_space_uncommitted: 0.
num_chunks_returned_to_freelist: 3.
num_chunks_taken_from_freelist: 1017.
num_chunk_merges: 3.
num_chunk_splits: 698.
num_chunks_enlarged: 541.
num_inconsistent_stats: 0.

CodeHeap 'non-profiled nmethods': size=120000Kb used=2932Kb max_used=2932Kb free=117067Kb
 bounds [0x00000238c5990000, 0x00000238c5c70000, 0x00000238ccec0000]
CodeHeap 'profiled nmethods': size=120000Kb used=11087Kb max_used=11087Kb free=108912Kb
 bounds [0x00000238bdec0000, 0x00000238be9a0000, 0x00000238c53f0000]
CodeHeap 'non-nmethods': size=5760Kb used=1566Kb max_used=1651Kb free=4193Kb
 bounds [0x00000238c53f0000, 0x00000238c5660000, 0x00000238c5990000]
 total_blobs=6267 nmethods=5297 adapters=882
 compilation: enabled
              stopped_count=0, restarted_count=0
 full_count=0

Compilation events (20 events):
Event: 35.885 Thread 0x00000238d804eea0 5283       3       com.sun.glass.ui.Window::getAlpha (8 bytes)
Event: 35.885 Thread 0x00000238d804eea0 nmethod 5283 0x00000238be98f790 code [0x00000238be98f960, 0x00000238be98fc98]
Event: 35.885 Thread 0x00000238d804eea0 5284       3       com.sun.glass.ui.View::getNativeView (16 bytes)
Event: 35.886 Thread 0x00000238d804eea0 nmethod 5284 0x00000238be98fe10 code [0x00000238be990020, 0x00000238be9904f8]
Event: 35.886 Thread 0x00000238d804eea0 5286       3       com.sun.glass.ui.Window::getNativeWindow (28 bytes)
Event: 35.886 Thread 0x00000238d804eea0 nmethod 5286 0x00000238be990710 code [0x00000238be990900, 0x00000238be990e48]
Event: 35.887 Thread 0x00000238d804eea0 5287       3       com.sun.glass.ui.View::isClosed (18 bytes)
Event: 35.887 Thread 0x00000238d804eea0 nmethod 5287 0x00000238be991010 code [0x00000238be9911e0, 0x00000238be991578]
Event: 35.928 Thread 0x00000238d3f047c0 5288       4       java.util.concurrent.locks.LockSupport::setCurrentBlocker (14 bytes)
Event: 35.930 Thread 0x00000238d3f047c0 nmethod 5288 0x00000238c5c69590 code [0x00000238c5c69700, 0x00000238c5c69838]
Event: 35.979 Thread 0x00000238d3f047c0 5289       4       com.sun.javafx.geom.Shape::accumulate (527 bytes)
Event: 36.000 Thread 0x00000238d3f047c0 nmethod 5289 0x00000238c5c69890 code [0x00000238c5c69a60, 0x00000238c5c6a558]
Event: 36.435 Thread 0x00000238d804eea0 5290       3       com.sun.javafx.css.BitSet::contains (63 bytes)
Event: 36.436 Thread 0x00000238d804eea0 nmethod 5290 0x00000238be991710 code [0x00000238be9918e0, 0x00000238be991dc8]
Event: 36.440 Thread 0x00000238d804eea0 5291       3       com.sun.javafx.tk.quantum.GlassScene::updateSceneState (8 bytes)
Event: 36.440 Thread 0x00000238d804eea0 nmethod 5291 0x00000238be991f90 code [0x00000238be992140, 0x00000238be992288]
Event: 36.440 Thread 0x00000238d804eea0 5292       3       com.sun.javafx.tk.quantum.SceneState::update (80 bytes)
Event: 36.441 Thread 0x00000238d804eea0 nmethod 5292 0x00000238be992390 code [0x00000238be992580, 0x00000238be992ba8]
Event: 36.505 Thread 0x00000238d804eea0 5293       3       org.bytedeco.javacpp.helper.opencv_objdetect::cvHaarDetectObjects (18 bytes)
Event: 36.505 Thread 0x00000238d804eea0 nmethod 5293 0x00000238be992d90 code [0x00000238be992f40, 0x00000238be993068]

GC Heap History (20 events):
Event: 32.171 GC heap before
{Heap before GC invocations=49 (full 0):
 garbage-first heap   total 152576K, used 69336K [0x0000000081e00000, 0x0000000100000000)
  region size 1024K, 3 young (3072K), 1 survivors (1024K)
 Metaspace       used 32530K, committed 32768K, reserved 1114112K
  class space    used 3953K, committed 4032K, reserved 1048576K
}
Event: 32.172 GC heap after
{Heap after GC invocations=50 (full 0):
 garbage-first heap   total 152576K, used 49878K [0x0000000081e00000, 0x0000000100000000)
  region size 1024K, 1 young (1024K), 1 survivors (1024K)
 Metaspace       used 32530K, committed 32768K, reserved 1114112K
  class space    used 3953K, committed 4032K, reserved 1048576K
}
Event: 32.574 GC heap before
{Heap before GC invocations=50 (full 0):
 garbage-first heap   total 152576K, used 69334K [0x0000000081e00000, 0x0000000100000000)
  region size 1024K, 3 young (3072K), 1 survivors (1024K)
 Metaspace       used 32530K, committed 32768K, reserved 1114112K
  class space    used 3953K, committed 4032K, reserved 1048576K
}
Event: 32.575 GC heap after
{Heap after GC invocations=51 (full 0):
 garbage-first heap   total 152576K, used 49880K [0x0000000081e00000, 0x0000000100000000)
  region size 1024K, 1 young (1024K), 1 survivors (1024K)
 Metaspace       used 32530K, committed 32768K, reserved 1114112K
  class space    used 3953K, committed 4032K, reserved 1048576K
}
Event: 33.068 GC heap before
{Heap before GC invocations=51 (full 0):
 garbage-first heap   total 152576K, used 69336K [0x0000000081e00000, 0x0000000100000000)
  region size 1024K, 3 young (3072K), 1 survivors (1024K)
 Metaspace       used 32539K, committed 32768K, reserved 1114112K
  class space    used 3953K, committed 4032K, reserved 1048576K
}
Event: 33.069 GC heap after
{Heap after GC invocations=52 (full 0):
 garbage-first heap   total 152576K, used 49885K [0x0000000081e00000, 0x0000000100000000)
  region size 1024K, 1 young (1024K), 1 survivors (1024K)
 Metaspace       used 32539K, committed 32768K, reserved 1114112K
  class space    used 3953K, committed 4032K, reserved 1048576K
}
Event: 33.467 GC heap before
{Heap before GC invocations=52 (full 0):
 garbage-first heap   total 152576K, used 69341K [0x0000000081e00000, 0x0000000100000000)
  region size 1024K, 3 young (3072K), 1 survivors (1024K)
 Metaspace       used 32539K, committed 32768K, reserved 1114112K
  class space    used 3953K, committed 4032K, reserved 1048576K
}
Event: 33.468 GC heap after
{Heap after GC invocations=53 (full 0):
 garbage-first heap   total 152576K, used 49889K [0x0000000081e00000, 0x0000000100000000)
  region size 1024K, 1 young (1024K), 1 survivors (1024K)
 Metaspace       used 32539K, committed 32768K, reserved 1114112K
  class space    used 3953K, committed 4032K, reserved 1048576K
}
Event: 33.965 GC heap before
{Heap before GC invocations=53 (full 0):
 garbage-first heap   total 152576K, used 69345K [0x0000000081e00000, 0x0000000100000000)
  region size 1024K, 3 young (3072K), 1 survivors (1024K)
 Metaspace       used 32539K, committed 32768K, reserved 1114112K
  class space    used 3953K, committed 4032K, reserved 1048576K
}
Event: 33.967 GC heap after
{Heap after GC invocations=54 (full 0):
 garbage-first heap   total 152576K, used 49889K [0x0000000081e00000, 0x0000000100000000)
  region size 1024K, 1 young (1024K), 1 survivors (1024K)
 Metaspace       used 32539K, committed 32768K, reserved 1114112K
  class space    used 3953K, committed 4032K, reserved 1048576K
}
Event: 34.365 GC heap before
{Heap before GC invocations=54 (full 0):
 garbage-first heap   total 152576K, used 69345K [0x0000000081e00000, 0x0000000100000000)
  region size 1024K, 3 young (3072K), 1 survivors (1024K)
 Metaspace       used 32539K, committed 32768K, reserved 1114112K
  class space    used 3953K, committed 4032K, reserved 1048576K
}
Event: 34.366 GC heap after
{Heap after GC invocations=55 (full 0):
 garbage-first heap   total 152576K, used 49890K [0x0000000081e00000, 0x0000000100000000)
  region size 1024K, 1 young (1024K), 1 survivors (1024K)
 Metaspace       used 32539K, committed 32768K, reserved 1114112K
  class space    used 3953K, committed 4032K, reserved 1048576K
}
Event: 34.859 GC heap before
{Heap before GC invocations=55 (full 0):
 garbage-first heap   total 152576K, used 69346K [0x0000000081e00000, 0x0000000100000000)
  region size 1024K, 3 young (3072K), 1 survivors (1024K)
 Metaspace       used 32541K, committed 32768K, reserved 1114112K
  class space    used 3953K, committed 4032K, reserved 1048576K
}
Event: 34.860 GC heap after
{Heap after GC invocations=56 (full 0):
 garbage-first heap   total 152576K, used 49892K [0x0000000081e00000, 0x0000000100000000)
  region size 1024K, 1 young (1024K), 1 survivors (1024K)
 Metaspace       used 32541K, committed 32768K, reserved 1114112K
  class space    used 3953K, committed 4032K, reserved 1048576K
}
Event: 35.260 GC heap before
{Heap before GC invocations=56 (full 0):
 garbage-first heap   total 152576K, used 69348K [0x0000000081e00000, 0x0000000100000000)
  region size 1024K, 3 young (3072K), 1 survivors (1024K)
 Metaspace       used 32547K, committed 32768K, reserved 1114112K
  class space    used 3953K, committed 4032K, reserved 1048576K
}
Event: 35.261 GC heap after
{Heap after GC invocations=57 (full 0):
 garbage-first heap   total 152576K, used 49892K [0x0000000081e00000, 0x0000000100000000)
  region size 1024K, 1 young (1024K), 1 survivors (1024K)
 Metaspace       used 32547K, committed 32768K, reserved 1114112K
  class space    used 3953K, committed 4032K, reserved 1048576K
}
Event: 35.773 GC heap before
{Heap before GC invocations=57 (full 0):
 garbage-first heap   total 152576K, used 69348K [0x0000000081e00000, 0x0000000100000000)
  region size 1024K, 3 young (3072K), 1 survivors (1024K)
 Metaspace       used 32553K, committed 32768K, reserved 1114112K
  class space    used 3953K, committed 4032K, reserved 1048576K
}
Event: 35.774 GC heap after
{Heap after GC invocations=58 (full 0):
 garbage-first heap   total 152576K, used 49892K [0x0000000081e00000, 0x0000000100000000)
  region size 1024K, 1 young (1024K), 1 survivors (1024K)
 Metaspace       used 32553K, committed 32768K, reserved 1114112K
  class space    used 3953K, committed 4032K, reserved 1048576K
}
Event: 36.195 GC heap before
{Heap before GC invocations=58 (full 0):
 garbage-first heap   total 152576K, used 69348K [0x0000000081e00000, 0x0000000100000000)
  region size 1024K, 3 young (3072K), 1 survivors (1024K)
 Metaspace       used 32559K, committed 32768K, reserved 1114112K
  class space    used 3953K, committed 4032K, reserved 1048576K
}
Event: 36.196 GC heap after
{Heap after GC invocations=59 (full 0):
 garbage-first heap   total 152576K, used 49892K [0x0000000081e00000, 0x0000000100000000)
  region size 1024K, 1 young (1024K), 1 survivors (1024K)
 Metaspace       used 32559K, committed 32768K, reserved 1114112K
  class space    used 3953K, committed 4032K, reserved 1048576K
}

Dll operation events (20 events):
Event: 6.541 Loaded shared library C:\Users\Jay\.javacpp\cache\opencv-3.2.0-1.3-windows-x86_64.jar\org\bytedeco\javacpp\windows-x86_64\opencv_core320.dll
Event: 6.551 Loaded shared library C:\Users\Jay\.javacpp\cache\opencv-3.2.0-1.3-windows-x86_64.jar\org\bytedeco\javacpp\windows-x86_64\opencv_imgproc320.dll
Event: 6.561 Loaded shared library C:\Users\Jay\.javacpp\cache\opencv-3.2.0-1.3-windows-x86_64.jar\org\bytedeco\javacpp\windows-x86_64\jniopencv_core.dll
Event: 6.953 Loaded shared library C:\Users\Jay\.javacpp\cache\opencv-3.2.0-1.3-windows-x86_64.jar\org\bytedeco\javacpp\windows-x86_64\jniopencv_imgproc.dll
Event: 7.005 Loaded shared library C:\Users\Jay\.javacpp\cache\opencv-3.2.0-1.3-windows-x86_64.jar\org\bytedeco\javacpp\windows-x86_64\opencv_imgcodecs320.dll
Event: 7.013 Loaded shared library C:\Users\Jay\.javacpp\cache\opencv-3.2.0-1.3-windows-x86_64.jar\org\bytedeco\javacpp\windows-x86_64\jniopencv_imgcodecs.dll
Event: 7.150 Loaded shared library C:\Users\Jay\.javacpp\cache\opencv-3.2.0-1.3-windows-x86_64.jar\org\bytedeco\javacpp\windows-x86_64\opencv_videoio320.dll
Event: 7.160 Loaded shared library C:\Users\Jay\.javacpp\cache\opencv-3.2.0-1.3-windows-x86_64.jar\org\bytedeco\javacpp\windows-x86_64\jniopencv_videoio.dll
Event: 7.237 Loaded shared library C:\Users\Jay\.javacpp\cache\opencv-3.2.0-1.3-windows-x86_64.jar\org\bytedeco\javacpp\windows-x86_64\opencv_highgui320.dll
Event: 7.245 Loaded shared library C:\Users\Jay\.javacpp\cache\opencv-3.2.0-1.3-windows-x86_64.jar\org\bytedeco\javacpp\windows-x86_64\jniopencv_highgui.dll
Event: 7.288 Loaded shared library C:\Users\Jay\.javacpp\cache\opencv-3.2.0-1.3-windows-x86_64.jar\org\bytedeco\javacpp\windows-x86_64\opencv_ml320.dll
Event: 7.296 Loaded shared library C:\Users\Jay\.javacpp\cache\opencv-3.2.0-1.3-windows-x86_64.jar\org\bytedeco\javacpp\windows-x86_64\jniopencv_ml.dll
Event: 7.393 Loaded shared library C:\Users\Jay\.javacpp\cache\opencv-3.2.0-1.3-windows-x86_64.jar\org\bytedeco\javacpp\windows-x86_64\opencv_objdetect320.dll
Event: 7.402 Loaded shared library C:\Users\Jay\.javacpp\cache\opencv-3.2.0-1.3-windows-x86_64.jar\org\bytedeco\javacpp\windows-x86_64\jniopencv_objdetect.dll
Event: 7.497 Loaded shared library C:\Users\Jay\.javacpp\cache\opencv-3.2.0-1.3-windows-x86_64.jar\org\bytedeco\javacpp\windows-x86_64\opencv_face320.dll
Event: 7.507 Loaded shared library C:\Users\Jay\.javacpp\cache\opencv-3.2.0-1.3-windows-x86_64.jar\org\bytedeco\javacpp\windows-x86_64\jniopencv_face.dll
Event: 9.097 Loaded shared library C:\Windows\System32\ole32.dll
Event: 9.103 Loaded shared library C:\Windows\System32\oleaut32.dll
Event: 9.131 Loaded shared library C:\Users\Jay\.javacpp\cache\videoinput-0.200-1.3-windows-x86_64.jar\org\bytedeco\javacpp\windows-x86_64\jnivideoInputLib.dll
Event: 11.184 Loaded shared library C:\Users\Jay\.p2\pool\plugins\org.eclipse.justj.openjdk.hotspot.jre.full.win32.x86_64_17.0.8.v20230801-1951\jre\bin\awt.dll

Deoptimization events (20 events):
Event: 20.421 Thread 0x00000238d8a6d2d0 DEOPT PACKING pc=0x00000238c5c0a784 sp=0x0000003de17fc370
Event: 20.421 Thread 0x00000238d8a6d2d0 DEOPT UNPACKING pc=0x00000238c54469a3 sp=0x0000003de17fc210 mode 2
Event: 20.422 Thread 0x00000238d8a6d2d0 Uncommon trap: trap_request=0xffffffc6 fr.pc=0x00000238c5c0a784 relative=0x0000000000000544
Event: 20.422 Thread 0x00000238d8a6d2d0 Uncommon trap: reason=bimorphic_or_optimized_type_check action=maybe_recompile pc=0x00000238c5c0a784 method=javafx.beans.property.BooleanPropertyBase.get()Z @ 23 c2
Event: 20.422 Thread 0x00000238d8a6d2d0 DEOPT PACKING pc=0x00000238c5c0a784 sp=0x0000003de17fca10
Event: 20.422 Thread 0x00000238d8a6d2d0 DEOPT UNPACKING pc=0x00000238c54469a3 sp=0x0000003de17fc8b0 mode 2
Event: 20.437 Thread 0x00000238d8a6d2d0 Uncommon trap: trap_request=0xffffffc6 fr.pc=0x00000238c5c0a784 relative=0x0000000000000544
Event: 20.437 Thread 0x00000238d8a6d2d0 Uncommon trap: reason=bimorphic_or_optimized_type_check action=maybe_recompile pc=0x00000238c5c0a784 method=javafx.beans.property.BooleanPropertyBase.get()Z @ 23 c2
Event: 20.437 Thread 0x00000238d8a6d2d0 DEOPT PACKING pc=0x00000238c5c0a784 sp=0x0000003de17fc370
Event: 20.437 Thread 0x00000238d8a6d2d0 DEOPT UNPACKING pc=0x00000238c54469a3 sp=0x0000003de17fc210 mode 2
Event: 20.438 Thread 0x00000238d8a6d2d0 Uncommon trap: trap_request=0xffffffc6 fr.pc=0x00000238c5c0a784 relative=0x0000000000000544
Event: 20.438 Thread 0x00000238d8a6d2d0 Uncommon trap: reason=bimorphic_or_optimized_type_check action=maybe_recompile pc=0x00000238c5c0a784 method=javafx.beans.property.BooleanPropertyBase.get()Z @ 23 c2
Event: 20.438 Thread 0x00000238d8a6d2d0 DEOPT PACKING pc=0x00000238c5c0a784 sp=0x0000003de17fca10
Event: 20.438 Thread 0x00000238d8a6d2d0 DEOPT UNPACKING pc=0x00000238c54469a3 sp=0x0000003de17fc8b0 mode 2
Event: 26.734 Thread 0x00000238d83c6890 DEOPT PACKING pc=0x00000238be739a26 sp=0x0000003de15fefe0
Event: 26.734 Thread 0x00000238d83c6890 DEOPT UNPACKING pc=0x00000238c5447143 sp=0x0000003de15fe498 mode 0
Event: 36.437 Thread 0x00000238d8a6d2d0 Uncommon trap: trap_request=0xffffff76 fr.pc=0x00000238c5ba8618 relative=0x00000000000004d8
Event: 36.437 Thread 0x00000238d8a6d2d0 Uncommon trap: reason=predicate action=maybe_recompile pc=0x00000238c5ba8618 method=java.util.ArrayList.remove(Ljava/lang/Object;)Z @ 42 c2
Event: 36.437 Thread 0x00000238d8a6d2d0 DEOPT PACKING pc=0x00000238c5ba8618 sp=0x0000003de17fc9c0
Event: 36.437 Thread 0x00000238d8a6d2d0 DEOPT UNPACKING pc=0x00000238c54469a3 sp=0x0000003de17fc990 mode 2

Classes unloaded (0 events):
No events

Classes redefined (0 events):
No events

Internal exceptions (20 events):
Event: 11.195 Thread 0x00000238de933770 Exception <a 'java/lang/NoSuchMethodError'{0x0000000084f235f8}: 'java.lang.Object java.lang.invoke.DirectMethodHandle$Holder.newInvokeSpecial(java.lang.Object, java.lang.Object, java.lang.Object, int)'> (0x0000000084f235f8) 
thrown [s\src\hotspot\share\interpreter\linkResolver.cpp, line 759]
Event: 11.195 Thread 0x00000238de933770 Exception <a 'java/lang/NoSuchMethodError'{0x0000000084f27730}: 'java.lang.Object java.lang.invoke.DirectMethodHandle$Holder.invokeSpecial(java.lang.Object, java.lang.Object, java.lang.Object, java.lang.Object, int)'> (0x0000000084f27730) 
thrown [s\src\hotspot\share\interpreter\linkResolver.cpp, line 759]
Event: 11.197 Thread 0x00000238de933770 Exception <a 'java/lang/NoSuchMethodError'{0x0000000084f2b050}: 'java.lang.Object java.lang.invoke.Invokers$Holder.linkToTargetMethod(java.lang.Object, java.lang.Object, int, java.lang.Object)'> (0x0000000084f2b050) 
thrown [s\src\hotspot\share\interpreter\linkResolver.cpp, line 759]
Event: 11.198 Thread 0x00000238de935ff0 Exception <a 'java/io/FileNotFoundException'{0x0000000084f07530}> (0x0000000084f07530) 
thrown [s\src\hotspot\share\prims\jni.cpp, line 516]
Event: 11.199 Thread 0x00000238de935ff0 Exception <a 'java/io/FileNotFoundException'{0x0000000084f08aa0}> (0x0000000084f08aa0) 
thrown [s\src\hotspot\share\prims\jni.cpp, line 516]
Event: 13.517 Thread 0x00000238d8a6d2d0 Implicit null exception at 0x00000238c5b6cc8d to 0x00000238c5b6d828
Event: 19.088 Thread 0x00000238df545e20 Exception <a 'sun/nio/fs/WindowsException'{0x000000008b1b5f88}> (0x000000008b1b5f88) 
thrown [s\src\hotspot\share\prims\jni.cpp, line 516]
Event: 19.090 Thread 0x00000238df545e20 Exception <a 'sun/nio/fs/WindowsException'{0x000000008b1b68c0}> (0x000000008b1b68c0) 
thrown [s\src\hotspot\share\prims\jni.cpp, line 516]
Event: 19.091 Thread 0x00000238df545e20 Exception <a 'sun/nio/fs/WindowsException'{0x000000008b1b71f8}> (0x000000008b1b71f8) 
thrown [s\src\hotspot\share\prims\jni.cpp, line 516]
Event: 19.092 Thread 0x00000238df545e20 Exception <a 'sun/nio/fs/WindowsException'{0x000000008b1b7b30}> (0x000000008b1b7b30) 
thrown [s\src\hotspot\share\prims\jni.cpp, line 516]
Event: 19.093 Thread 0x00000238df545e20 Exception <a 'sun/nio/fs/WindowsException'{0x000000008b1b84b8}> (0x000000008b1b84b8) 
thrown [s\src\hotspot\share\prims\jni.cpp, line 516]
Event: 19.262 Thread 0x00000238d8a6d2d0 Implicit null exception at 0x00000238c5b9af50 to 0x00000238c5b9afb4
Event: 19.307 Thread 0x00000238df545e20 Exception <a 'sun/nio/fs/WindowsException'{0x000000008b14b700}> (0x000000008b14b700) 
thrown [s\src\hotspot\share\prims\jni.cpp, line 516]
Event: 19.307 Thread 0x00000238df545e20 Exception <a 'sun/nio/fs/WindowsException'{0x000000008b14bce0}> (0x000000008b14bce0) 
thrown [s\src\hotspot\share\prims\jni.cpp, line 516]
Event: 19.309 Thread 0x00000238df545e20 Exception <a 'sun/nio/fs/WindowsException'{0x000000008b14c6a8}> (0x000000008b14c6a8) 
thrown [s\src\hotspot\share\prims\jni.cpp, line 516]
Event: 19.312 Thread 0x00000238df545e20 Exception <a 'sun/nio/fs/WindowsException'{0x000000008b14cc90}> (0x000000008b14cc90) 
thrown [s\src\hotspot\share\prims\jni.cpp, line 516]
Event: 19.312 Thread 0x00000238df545e20 Exception <a 'sun/nio/fs/WindowsException'{0x000000008b14d270}> (0x000000008b14d270) 
thrown [s\src\hotspot\share\prims\jni.cpp, line 516]
Event: 19.312 Thread 0x00000238df545e20 Exception <a 'sun/nio/fs/WindowsException'{0x000000008b14d800}> (0x000000008b14d800) 
thrown [s\src\hotspot\share\prims\jni.cpp, line 516]
Event: 19.313 Thread 0x00000238df545e20 Exception <a 'sun/nio/fs/WindowsException'{0x000000008b14dde0}> (0x000000008b14dde0) 
thrown [s\src\hotspot\share\prims\jni.cpp, line 516]
Event: 19.314 Thread 0x00000238df545e20 Exception <a 'sun/nio/fs/WindowsException'{0x000000008b14e7a0}> (0x000000008b14e7a0) 
thrown [s\src\hotspot\share\prims\jni.cpp, line 516]

VM Operations (20 events):
Event: 32.171 Executing VM operation: G1TryInitiateConcMark
Event: 32.172 Executing VM operation: G1TryInitiateConcMark done
Event: 32.574 Executing VM operation: G1TryInitiateConcMark
Event: 32.575 Executing VM operation: G1TryInitiateConcMark done
Event: 33.068 Executing VM operation: G1TryInitiateConcMark
Event: 33.069 Executing VM operation: G1TryInitiateConcMark done
Event: 33.467 Executing VM operation: G1TryInitiateConcMark
Event: 33.468 Executing VM operation: G1TryInitiateConcMark done
Event: 33.965 Executing VM operation: G1TryInitiateConcMark
Event: 33.967 Executing VM operation: G1TryInitiateConcMark done
Event: 34.365 Executing VM operation: G1TryInitiateConcMark
Event: 34.366 Executing VM operation: G1TryInitiateConcMark done
Event: 34.859 Executing VM operation: G1TryInitiateConcMark
Event: 34.860 Executing VM operation: G1TryInitiateConcMark done
Event: 35.259 Executing VM operation: G1TryInitiateConcMark
Event: 35.261 Executing VM operation: G1TryInitiateConcMark done
Event: 35.773 Executing VM operation: G1TryInitiateConcMark
Event: 35.774 Executing VM operation: G1TryInitiateConcMark done
Event: 36.195 Executing VM operation: G1TryInitiateConcMark
Event: 36.196 Executing VM operation: G1TryInitiateConcMark done

Events (20 events):
Event: 19.218 Thread 0x00000238df546330 Thread added: 0x00000238df546330
Event: 19.218 Thread 0x00000238df546330 Thread exited: 0x00000238df546330
Event: 19.247 Thread 0x00000238df546330 Thread added: 0x00000238df546330
Event: 19.287 Thread 0x00000238df546330 Thread exited: 0x00000238df546330
Event: 19.308 Thread 0x00000238df546330 Thread added: 0x00000238df546330
Event: 19.309 Thread 0x00000238df546840 Thread added: 0x00000238df546840
Event: 19.311 Thread 0x00000238d961d950 Thread added: 0x00000238d961d950
Event: 19.313 Thread 0x00000238d9b5ae10 Thread added: 0x00000238d9b5ae10
Event: 19.314 Thread 0x00000238d9b5b320 Thread added: 0x00000238d9b5b320
Event: 19.314 Thread 0x00000238de966eb0 Thread added: 0x00000238de966eb0
Event: 19.418 Thread 0x00000238d9b5dba0 Thread added: 0x00000238d9b5dba0
Event: 19.419 Thread 0x00000238d9b5dba0 Thread exited: 0x00000238d9b5dba0
Event: 19.420 Thread 0x00000238d9b5c760 Thread added: 0x00000238d9b5c760
Event: 19.420 Thread 0x00000238d9b5c760 Thread exited: 0x00000238d9b5c760
Event: 19.891 Thread 0x00000238de966eb0 Thread exited: 0x00000238de966eb0
Event: 24.376 Thread 0x00000238df546330 Thread exited: 0x00000238df546330
Event: 24.376 Thread 0x00000238d961d950 Thread exited: 0x00000238d961d950
Event: 24.376 Thread 0x00000238d9b5b320 Thread exited: 0x00000238d9b5b320
Event: 24.376 Thread 0x00000238df546840 Thread exited: 0x00000238df546840
Event: 24.377 Thread 0x00000238d9b5ae10 Thread exited: 0x00000238d9b5ae10


Dynamic libraries:
0x00007ff642c60000 - 0x00007ff642c6e000 	C:\Users\Jay\.p2\pool\plugins\org.eclipse.justj.openjdk.hotspot.jre.full.win32.x86_64_17.0.8.v20230801-1951\jre\bin\javaw.exe
0x00007ff822e30000 - 0x00007ff823028000 	C:\WINDOWS\SYSTEM32\ntdll.dll
0x00007ff8229e0000 - 0x00007ff822a9d000 	C:\WINDOWS\System32\KERNEL32.DLL
0x00007ff820a30000 - 0x00007ff820cfe000 	C:\WINDOWS\System32\KERNELBASE.dll
0x00007ff820930000 - 0x00007ff820a30000 	C:\WINDOWS\System32\ucrtbase.dll
0x00007ff81b360000 - 0x00007ff81b377000 	C:\Users\Jay\.p2\pool\plugins\org.eclipse.justj.openjdk.hotspot.jre.full.win32.x86_64_17.0.8.v20230801-1951\jre\bin\jli.dll
0x00007ff81b340000 - 0x00007ff81b359000 	C:\Users\Jay\.p2\pool\plugins\org.eclipse.justj.openjdk.hotspot.jre.full.win32.x86_64_17.0.8.v20230801-1951\jre\bin\VCRUNTIME140.dll
0x00007ff8217a0000 - 0x00007ff821940000 	C:\WINDOWS\System32\USER32.dll
0x00007ff80f830000 - 0x00007ff80faca000 	C:\WINDOWS\WinSxS\amd64_microsoft.windows.common-controls_6595b64144ccf1df_6.0.19041.1110_none_60b5254171f9507e\COMCTL32.dll
0x00007ff820f50000 - 0x00007ff820f72000 	C:\WINDOWS\System32\win32u.dll
0x00007ff821c70000 - 0x00007ff821d0e000 	C:\WINDOWS\System32\msvcrt.dll
0x00007ff821a10000 - 0x00007ff821a3a000 	C:\WINDOWS\System32\GDI32.dll
0x00007ff820d30000 - 0x00007ff820e3b000 	C:\WINDOWS\System32\gdi32full.dll
0x00007ff820e40000 - 0x00007ff820edd000 	C:\WINDOWS\System32\msvcp_win.dll
0x00007ff822c90000 - 0x00007ff822cc0000 	C:\WINDOWS\System32\IMM32.DLL
0x00007ff81c0b0000 - 0x00007ff81c0bc000 	C:\Users\Jay\.p2\pool\plugins\org.eclipse.justj.openjdk.hotspot.jre.full.win32.x86_64_17.0.8.v20230801-1951\jre\bin\vcruntime140_1.dll
0x00007ff806000000 - 0x00007ff806091000 	C:\Users\Jay\.p2\pool\plugins\org.eclipse.justj.openjdk.hotspot.jre.full.win32.x86_64_17.0.8.v20230801-1951\jre\bin\msvcp140.dll
0x00007fffe32c0000 - 0x00007fffe3f0c000 	C:\Users\Jay\.p2\pool\plugins\org.eclipse.justj.openjdk.hotspot.jre.full.win32.x86_64_17.0.8.v20230801-1951\jre\bin\server\jvm.dll
0x00007ff822d40000 - 0x00007ff822dee000 	C:\WINDOWS\System32\ADVAPI32.dll
0x00007ff822bf0000 - 0x00007ff822c8c000 	C:\WINDOWS\System32\sechost.dll
0x00007ff821670000 - 0x00007ff821795000 	C:\WINDOWS\System32\RPCRT4.dll
0x00007ff818d90000 - 0x00007ff818d99000 	C:\WINDOWS\SYSTEM32\WSOCK32.dll
0x00007ff8204b0000 - 0x00007ff8204fb000 	C:\WINDOWS\SYSTEM32\POWRPROF.dll
0x00007ff810280000 - 0x00007ff8102a7000 	C:\WINDOWS\SYSTEM32\WINMM.dll
0x00007ff822cc0000 - 0x00007ff822d2b000 	C:\WINDOWS\System32\WS2_32.dll
0x00007ff80d9d0000 - 0x00007ff80d9da000 	C:\WINDOWS\SYSTEM32\VERSION.dll
0x00007ff820490000 - 0x00007ff8204a2000 	C:\WINDOWS\SYSTEM32\UMPDC.dll
0x00007ff81e530000 - 0x00007ff81e542000 	C:\WINDOWS\SYSTEM32\kernel.appcore.dll
0x00007ff815ce0000 - 0x00007ff815cea000 	C:\Users\Jay\.p2\pool\plugins\org.eclipse.justj.openjdk.hotspot.jre.full.win32.x86_64_17.0.8.v20230801-1951\jre\bin\jimage.dll
0x00007ff80cb20000 - 0x00007ff80cd04000 	C:\WINDOWS\SYSTEM32\DBGHELP.DLL
0x00007ff80caf0000 - 0x00007ff80cb1c000 	C:\WINDOWS\SYSTEM32\dbgcore.DLL
0x00007ff8207f0000 - 0x00007ff820872000 	C:\WINDOWS\System32\bcryptPrimitives.dll
0x00007ff8119b0000 - 0x00007ff8119d5000 	C:\Users\Jay\.p2\pool\plugins\org.eclipse.justj.openjdk.hotspot.jre.full.win32.x86_64_17.0.8.v20230801-1951\jre\bin\java.dll
0x00007ff813230000 - 0x00007ff813248000 	C:\Users\Jay\.p2\pool\plugins\org.eclipse.justj.openjdk.hotspot.jre.full.win32.x86_64_17.0.8.v20230801-1951\jre\bin\zip.dll
0x00007ff822180000 - 0x00007ff8228c3000 	C:\WINDOWS\System32\SHELL32.dll
0x00007ff81e730000 - 0x00007ff81eec5000 	C:\WINDOWS\SYSTEM32\windows.storage.dll
0x00007ff821040000 - 0x00007ff821394000 	C:\WINDOWS\System32\combase.dll
0x00007ff81ffd0000 - 0x00007ff820000000 	C:\WINDOWS\SYSTEM32\Wldp.dll
0x00007ff820f90000 - 0x00007ff82103d000 	C:\WINDOWS\System32\SHCORE.dll
0x00007ff822980000 - 0x00007ff8229d5000 	C:\WINDOWS\System32\shlwapi.dll
0x00007ff820580000 - 0x00007ff82059f000 	C:\WINDOWS\SYSTEM32\profapi.dll
0x00007ff811990000 - 0x00007ff8119a9000 	C:\Users\Jay\.p2\pool\plugins\org.eclipse.justj.openjdk.hotspot.jre.full.win32.x86_64_17.0.8.v20230801-1951\jre\bin\net.dll
0x00007ff814980000 - 0x00007ff814a8a000 	C:\WINDOWS\SYSTEM32\WINHTTP.dll
0x00007ff81fd30000 - 0x00007ff81fd9a000 	C:\WINDOWS\system32\mswsock.dll
0x00007ff811970000 - 0x00007ff811985000 	C:\Users\Jay\.p2\pool\plugins\org.eclipse.justj.openjdk.hotspot.jre.full.win32.x86_64_17.0.8.v20230801-1951\jre\bin\nio.dll
0x00000238b87e0000 - 0x00000238b87e3000 	C:\javafx-sdk-20.0.2\bin\api-ms-win-core-console-l1-1-0.dll
0x00000238b87f0000 - 0x00000238b87f3000 	C:\javafx-sdk-20.0.2\bin\api-ms-win-core-console-l1-2-0.dll
0x00000238b8800000 - 0x00000238b8803000 	C:\javafx-sdk-20.0.2\bin\api-ms-win-core-datetime-l1-1-0.dll
0x00000238ba740000 - 0x00000238ba743000 	C:\javafx-sdk-20.0.2\bin\api-ms-win-core-debug-l1-1-0.dll
0x00000238ba750000 - 0x00000238ba753000 	C:\javafx-sdk-20.0.2\bin\api-ms-win-core-errorhandling-l1-1-0.dll
0x00000238ba760000 - 0x00000238ba764000 	C:\javafx-sdk-20.0.2\bin\api-ms-win-core-file-l1-1-0.dll
0x00000238ba770000 - 0x00000238ba773000 	C:\javafx-sdk-20.0.2\bin\api-ms-win-core-file-l1-2-0.dll
0x00000238ba780000 - 0x00000238ba783000 	C:\javafx-sdk-20.0.2\bin\api-ms-win-core-file-l2-1-0.dll
0x00000238ba790000 - 0x00000238ba793000 	C:\javafx-sdk-20.0.2\bin\api-ms-win-core-handle-l1-1-0.dll
0x00000238ba7a0000 - 0x00000238ba7a3000 	C:\javafx-sdk-20.0.2\bin\api-ms-win-core-heap-l1-1-0.dll
0x00000238ba7b0000 - 0x00000238ba7b3000 	C:\javafx-sdk-20.0.2\bin\api-ms-win-core-interlocked-l1-1-0.dll
0x00000238d3f10000 - 0x00000238d3f13000 	C:\javafx-sdk-20.0.2\bin\api-ms-win-core-libraryloader-l1-1-0.dll
0x00000238d3f20000 - 0x00000238d3f23000 	C:\javafx-sdk-20.0.2\bin\api-ms-win-core-localization-l1-2-0.dll
0x00000238d3f30000 - 0x00000238d3f33000 	C:\javafx-sdk-20.0.2\bin\api-ms-win-core-memory-l1-1-0.dll
0x00000238d3f40000 - 0x00000238d3f43000 	C:\javafx-sdk-20.0.2\bin\api-ms-win-core-namedpipe-l1-1-0.dll
0x00000238d3f50000 - 0x00000238d3f53000 	C:\javafx-sdk-20.0.2\bin\api-ms-win-core-processenvironment-l1-1-0.dll
0x00000238d3f60000 - 0x00000238d3f63000 	C:\javafx-sdk-20.0.2\bin\api-ms-win-core-processthreads-l1-1-0.dll
0x00000238d3f70000 - 0x00000238d3f73000 	C:\javafx-sdk-20.0.2\bin\api-ms-win-core-processthreads-l1-1-1.dll
0x00000238d3f80000 - 0x00000238d3f83000 	C:\javafx-sdk-20.0.2\bin\api-ms-win-core-profile-l1-1-0.dll
0x00000238d3f90000 - 0x00000238d3f93000 	C:\javafx-sdk-20.0.2\bin\api-ms-win-core-rtlsupport-l1-1-0.dll
0x00000238d3fa0000 - 0x00000238d3fa3000 	C:\javafx-sdk-20.0.2\bin\api-ms-win-core-string-l1-1-0.dll
0x00000238d3fb0000 - 0x00000238d3fb3000 	C:\javafx-sdk-20.0.2\bin\api-ms-win-core-synch-l1-1-0.dll
0x00000238d3fc0000 - 0x00000238d3fc3000 	C:\javafx-sdk-20.0.2\bin\api-ms-win-core-synch-l1-2-0.dll
0x00000238d3fd0000 - 0x00000238d3fd3000 	C:\javafx-sdk-20.0.2\bin\api-ms-win-core-sysinfo-l1-1-0.dll
0x00000238d3fe0000 - 0x00000238d3fe3000 	C:\javafx-sdk-20.0.2\bin\api-ms-win-core-timezone-l1-1-0.dll
0x00000238d3ff0000 - 0x00000238d3ff3000 	C:\javafx-sdk-20.0.2\bin\api-ms-win-core-util-l1-1-0.dll
0x00000238d9cd0000 - 0x00000238d9cd3000 	C:\javafx-sdk-20.0.2\bin\api-ms-win-crt-conio-l1-1-0.dll
0x00000238d9ce0000 - 0x00000238d9ce4000 	C:\javafx-sdk-20.0.2\bin\api-ms-win-crt-convert-l1-1-0.dll
0x00000238d9e20000 - 0x00000238d9e23000 	C:\javafx-sdk-20.0.2\bin\api-ms-win-crt-environment-l1-1-0.dll
0x00000238d9cf0000 - 0x00000238d9cf3000 	C:\javafx-sdk-20.0.2\bin\api-ms-win-crt-filesystem-l1-1-0.dll
0x00000238d9d00000 - 0x00000238d9d03000 	C:\javafx-sdk-20.0.2\bin\api-ms-win-crt-heap-l1-1-0.dll
0x00000238d9d10000 - 0x00000238d9d13000 	C:\javafx-sdk-20.0.2\bin\api-ms-win-crt-locale-l1-1-0.dll
0x00000238d9d20000 - 0x00000238d9d25000 	C:\javafx-sdk-20.0.2\bin\api-ms-win-crt-math-l1-1-0.dll
0x00000238d9d30000 - 0x00000238d9d35000 	C:\javafx-sdk-20.0.2\bin\api-ms-win-crt-multibyte-l1-1-0.dll
0x00000238d9d40000 - 0x00000238d9d50000 	C:\javafx-sdk-20.0.2\bin\api-ms-win-crt-private-l1-1-0.dll
0x00000238d9d50000 - 0x00000238d9d53000 	C:\javafx-sdk-20.0.2\bin\api-ms-win-crt-process-l1-1-0.dll
0x00000238d9d60000 - 0x00000238d9d64000 	C:\javafx-sdk-20.0.2\bin\api-ms-win-crt-runtime-l1-1-0.dll
0x00000238d9d70000 - 0x00000238d9d74000 	C:\javafx-sdk-20.0.2\bin\api-ms-win-crt-stdio-l1-1-0.dll
0x00000238d9d80000 - 0x00000238d9d84000 	C:\javafx-sdk-20.0.2\bin\api-ms-win-crt-string-l1-1-0.dll
0x00000238d9d90000 - 0x00000238d9d93000 	C:\javafx-sdk-20.0.2\bin\api-ms-win-crt-time-l1-1-0.dll
0x00000238d9da0000 - 0x00000238d9da3000 	C:\javafx-sdk-20.0.2\bin\api-ms-win-crt-utility-l1-1-0.dll
0x00007ffff8dc0000 - 0x00007ffff8ebc000 	C:\javafx-sdk-20.0.2\bin\ucrtbase.dll
0x00007ff81b320000 - 0x00007ff81b33b000 	C:\javafx-sdk-20.0.2\bin\vcruntime140.dll
0x00007ff81b6a0000 - 0x00007ff81b6ac000 	C:\javafx-sdk-20.0.2\bin\vcruntime140_1.dll
0x00007ffff09a0000 - 0x00007ffff0a2e000 	C:\javafx-sdk-20.0.2\bin\msvcp140.dll
0x00007ff81b310000 - 0x00007ff81b319000 	C:\javafx-sdk-20.0.2\bin\msvcp140_1.dll
0x00007ff81b290000 - 0x00007ff81b2c0000 	C:\javafx-sdk-20.0.2\bin\msvcp140_2.dll
0x00007ff819b50000 - 0x00007ff819b7f000 	C:\javafx-sdk-20.0.2\bin\prism_d3d.dll
0x00007fffeeb60000 - 0x00007fffeed2f000 	C:\WINDOWS\system32\d3d9.dll
0x00007ff81e320000 - 0x00007ff81e34f000 	C:\WINDOWS\SYSTEM32\dwmapi.dll
0x00007ff81e050000 - 0x00007ff81e0ee000 	C:\WINDOWS\system32\uxtheme.dll
0x00007ff821940000 - 0x00007ff821a0d000 	C:\WINDOWS\System32\OLEAUT32.dll
0x00007ff822ac0000 - 0x00007ff822bea000 	C:\WINDOWS\System32\ole32.dll
0x00007ff821d10000 - 0x00007ff82217f000 	C:\WINDOWS\System32\SETUPAPI.dll
0x00007ff8207a0000 - 0x00007ff8207ee000 	C:\WINDOWS\System32\cfgmgr32.dll
0x00007ff820d00000 - 0x00007ff820d27000 	C:\WINDOWS\System32\bcrypt.dll
0x00007ff819a40000 - 0x00007ff819a82000 	C:\javafx-sdk-20.0.2\bin\glass.dll
0x00007ff821410000 - 0x00007ff8214ea000 	C:\WINDOWS\System32\COMDLG32.dll
0x00007ff821550000 - 0x00007ff821665000 	C:\WINDOWS\System32\MSCTF.dll
0x00007ff81b5a0000 - 0x00007ff81b5db000 	C:\WINDOWS\SYSTEM32\dxcore.dll
0x00007ff818c70000 - 0x00007ff818c84000 	C:\javafx-sdk-20.0.2\bin\javafx_font.dll
0x00007ff8120c0000 - 0x00007ff8120ed000 	C:\javafx-sdk-20.0.2\bin\javafx_iio.dll
0x00007ff816d50000 - 0x00007ff816fcf000 	C:\WINDOWS\SYSTEM32\dwrite.dll
0x00007ff8228d0000 - 0x00007ff822979000 	C:\WINDOWS\System32\clbcatq.dll
0x00007ff819160000 - 0x00007ff819314000 	C:\WINDOWS\SYSTEM32\WindowsCodecs.dll
0x00007ff8074a0000 - 0x00007ff8074de000 	C:\WINDOWS\system32\dataexchange.dll
0x00007ff81c7a0000 - 0x00007ff81ca03000 	C:\WINDOWS\system32\d3d11.dll
0x00007ff81ca10000 - 0x00007ff81cbf4000 	C:\WINDOWS\system32\dcomp.dll
0x00007ff81ef30000 - 0x00007ff81f023000 	C:\WINDOWS\system32\dxgi.dll
0x00007ff818de0000 - 0x00007ff818fe0000 	C:\WINDOWS\system32\twinapi.appcore.dll
0x00007ff819840000 - 0x00007ff819939000 	C:\WINDOWS\SYSTEM32\textinputframework.dll
0x00007ff81d1c0000 - 0x00007ff81d51e000 	C:\WINDOWS\System32\CoreUIComponents.dll
0x00007ff81d8a0000 - 0x00007ff81d992000 	C:\WINDOWS\System32\CoreMessaging.dll
0x00007ff81f340000 - 0x00007ff81f373000 	C:\WINDOWS\SYSTEM32\ntmarta.dll
0x00007ff81c640000 - 0x00007ff81c794000 	C:\WINDOWS\SYSTEM32\wintypes.dll
0x00007ff8128c0000 - 0x00007ff812926000 	C:\WINDOWS\system32\Oleacc.dll
0x00007ffff07c0000 - 0x00007ffff08af000 	C:\Users\Jay\.javacpp\cache\opencv-3.2.0-1.3-windows-x86_64.jar\org\bytedeco\javacpp\windows-x86_64\msvcr120.dll
0x00007fffefc00000 - 0x00007fffefca6000 	C:\Users\Jay\.javacpp\cache\opencv-3.2.0-1.3-windows-x86_64.jar\org\bytedeco\javacpp\windows-x86_64\msvcp120.dll
0x00007fffee8d0000 - 0x00007fffeeb58000 	C:\Users\Jay\.javacpp\cache\opencv-3.2.0-1.3-windows-x86_64.jar\org\bytedeco\javacpp\windows-x86_64\opencv_core320.dll
0x00007fffed6c0000 - 0x00007fffeda22000 	C:\Users\Jay\.javacpp\cache\opencv-3.2.0-1.3-windows-x86_64.jar\org\bytedeco\javacpp\windows-x86_64\opencv_imgproc320.dll
0x00007fffee680000 - 0x00007fffee8ca000 	C:\Users\Jay\.javacpp\cache\opencv-3.2.0-1.3-windows-x86_64.jar\org\bytedeco\javacpp\windows-x86_64\jniopencv_core.dll
0x00007ff820f80000 - 0x00007ff820f88000 	C:\WINDOWS\System32\PSAPI.DLL
0x00007fffef2b0000 - 0x00007fffef3a0000 	C:\Users\Jay\.javacpp\cache\opencv-3.2.0-1.3-windows-x86_64.jar\org\bytedeco\javacpp\windows-x86_64\jniopencv_imgproc.dll

dbghelp: loaded successfully - version: 4.0.5 - missing functions: none
symbol engine: initialized successfully - sym options: 0x614 - pdb path: .;C:\Users\Jay\.p2\pool\plugins\org.eclipse.justj.openjdk.hotspot.jre.full.win32.x86_64_17.0.8.v20230801-1951\jre\bin;C:\WINDOWS\SYSTEM32;C:\WINDOWS\WinSxS\amd64_microsoft.windows.common-controls_6595b64144ccf1df_6.0.19041.1110_none_60b5254171f9507e;C:\Users\Jay\.p2\pool\plugins\org.eclipse.justj.openjdk.hotspot.jre.full.win32.x86_64_17.0.8.v20230801-1951\jre\bin\server;C:\javafx-sdk-20.0.2\bin;C:\WINDOWS\System32\DriverStore\FileRepository\igdlh64.inf_amd64_82119d956c80af5a;C:\Program Files\Common Files\Microsoft Shared\Ink;C:\Users\Jay\.javacpp\cache\opencv-3.2.0-1.3-windows-x86_64.jar\org\bytedeco\javacpp\windows-x86_64;C:\Users\Jay\.javacpp\cache\videoinput-0.200-1.3-windows-x86_64.jar\org\bytedeco\javacpp\windows-x86_64;C:\WINDOWS\WinSxS\amd64_microsoft.windows.gdiplus_6595b64144ccf1df_1.1.19041.2006_none_919e9136cc8d4791;C:\Program Files (x86)\DroidCam\lib

VM Arguments:
jvm_args: --module-path=C:\javafx-sdk-20.0.2\lib --add-modules=javafx.controls,javafx.fxml -Dfile.encoding=UTF-8 -XX:+ShowCodeDetailsInExceptionMessages 
java_command: application.Main
java_class_path (initial): C:\Users\Jay\Desktop\facebio\Facebioreg\target\classes;C:\Users\Jay\Desktop\javafx-sdk-20.0.2\lib\javafx-swt.jar;C:\Users\Jay\Desktop\javafx-sdk-20.0.2\lib\javafx.base.jar;C:\Users\Jay\Desktop\javafx-sdk-20.0.2\lib\javafx.controls.jar;C:\Users\Jay\Desktop\javafx-sdk-20.0.2\lib\javafx.fxml.jar;C:\Users\Jay\Desktop\javafx-sdk-20.0.2\lib\javafx.graphics.jar;C:\Users\Jay\Desktop\javafx-sdk-20.0.2\lib\javafx.media.jar;C:\Users\Jay\Desktop\javafx-sdk-20.0.2\lib\javafx.swing.jar;C:\Users\Jay\Desktop\javafx-sdk-20.0.2\lib\javafx.web.jar;C:\Users\Jay\.p2\pool\plugins\org.eclipse.fx.ide.css.jfx8_3.8.0.202204150904.jar;C:\Users\Jay\Desktop\facebio\Facebioreg\opencv-341.jar;C:\Users\Jay\.m2\repository\org\bytedeco\javacv-platform\1.3.2\javacv-platform-1.3.2.jar;C:\Users\Jay\.m2\repository\org\bytedeco\javacv\1.3.2\javacv-1.3.2.jar;C:\Users\Jay\.m2\repository\org\bytedeco\javacpp\1.3.2\javacpp-1.3.2.jar;C:\Users\Jay\.m2\repository\org\bytedeco\javacpp-presets\opencv\3.2.0-1.3\opencv-3.2.0-1.3.jar;C:\Users\Jay\.m2\repository\org\bytedeco\javacpp-presets\ffmpeg\3.2.1-1.3\ffmpeg-3.2.1-1.3.jar;C:\Users\Jay\.m2\repository\org\bytedeco\javacpp-presets\flycapture\2.9.3.43-1.3\flycapture-2.9.3.43-1.3.jar;C:\Users\Jay\.m2\repository\org\bytedeco\javacpp-presets\libdc1394\2.2.4-1.3\libdc1394-2.2.4-1.3.jar;C:\Users\Jay\.m2\repository\org\bytedeco\javacpp-presets\libfreenect\0.5.3-1.3\libfreenect-0.5.3-1.3.jar;C:\Users\Jay\.m2\repository\org\bytedeco\javacpp-presets\libfreenect2\0.2.0-1.3\libfreenect2-0.2.0-1.3.jar;C:\Users\Jay\.m2\repository\org\bytedeco\javacpp-presets\librealsense\1.9.6-1.3\librealsense-1.9.6-1.3.jar;C:\Users\Jay\.m2\repository\org\bytedeco\javacpp-presets\videoinput\0.200-1.3\videoinput-0.200-1.3.jar;C:\Users\Jay\.m2\repository\org\bytedeco\javacpp-presets\artoolkitplus\2.3.1-1.3\artoolkitplus-2.3.1-1.3.jar;C:\Users\Jay\.m2\repository\org\bytedeco\javacpp-presets\flandmark\1.07-1.3\flandmark-1.07-1.3.jar;C:\Users\Jay\.m2\repository\org\byted
Launcher Type: SUN_STANDARD

[Global flags]
     intx CICompilerCount                          = 3                                         {product} {ergonomic}
     uint ConcGCThreads                            = 1                                         {product} {ergonomic}
     uint G1ConcRefinementThreads                  = 4                                         {product} {ergonomic}
   size_t G1HeapRegionSize                         = 1048576                                   {product} {ergonomic}
    uintx GCDrainStackTargetSize                   = 64                                        {product} {ergonomic}
   size_t InitialHeapSize                          = 134217728                                 {product} {ergonomic}
   size_t MarkStackSize                            = 4194304                                   {product} {ergonomic}
   size_t MaxHeapSize                              = 2116026368                                {product} {ergonomic}
   size_t MaxNewSize                               = 1268776960                                {product} {ergonomic}
   size_t MinHeapDeltaBytes                        = 1048576                                   {product} {ergonomic}
   size_t MinHeapSize                              = 8388608                                   {product} {ergonomic}
    uintx NonNMethodCodeHeapSize                   = 5832780                                {pd product} {ergonomic}
    uintx NonProfiledCodeHeapSize                  = 122912730                              {pd product} {ergonomic}
    uintx ProfiledCodeHeapSize                     = 122912730                              {pd product} {ergonomic}
    uintx ReservedCodeCacheSize                    = 251658240                              {pd product} {ergonomic}
     bool SegmentedCodeCache                       = true                                      {product} {ergonomic}
     bool ShowCodeDetailsInExceptionMessages       = true                                   {manageable} {command line}
   size_t SoftMaxHeapSize                          = 2116026368                             {manageable} {ergonomic}
     bool UseCompressedClassPointers               = true                           {product lp64_product} {ergonomic}
     bool UseCompressedOops                        = true                           {product lp64_product} {ergonomic}
     bool UseG1GC                                  = true                                      {product} {ergonomic}
     bool UseLargePagesIndividualAllocation        = false                                  {pd product} {ergonomic}

Logging:
Log output configuration:
 #0: stdout all=warning uptime,level,tags
 #1: stderr all=off uptime,level,tags

Environment Variables:
CLASSPATH=.;.;C:\PROGRA~2\JMF21~1.1E\lib\sound.jar;C:\PROGRA~2\JMF21~1.1E\lib\jmf.jar;C:\PROGRA~2\JMF21~1.1E\lib;
PATH=C:/Users/Jay/.p2/pool/plugins/org.eclipse.justj.openjdk.hotspot.jre.full.win32.x86_64_17.0.8.v20230801-1951/jre/bin/server;C:/Users/Jay/.p2/pool/plugins/org.eclipse.justj.openjdk.hotspot.jre.full.win32.x86_64_17.0.8.v20230801-1951/jre/bin;C:\Program Files\Common Files\Oracle\Java\javapath;C:\WINDOWS\system32;C:\WINDOWS;C:\WINDOWS\System32\Wbem;C:\WINDOWS\System32\WindowsPowerShell\v1.0\;C:\Program Files\nodejs\;C:\Program Files\Git\cmd;C:\xampp\php;C:\composer;C:\WINDOWS\System32\OpenSSH\;C:\Program Files\Microsoft SQL Server\150\Tools\Binn\;C:\Program Files\Microsoft SQL Server\Client SDK\ODBC\170\Tools\Binn\;C:\Program Files\dotnet\;C:\Program Files\PowerShell\7\;C:\Users\Jay\.console-ninja\.bin;C:\Users\Jay\AppData\Roaming\npm;C:\Users\Jay\AppData\Local\Programs\Microsoft VS Code\bin;C:\Users\Jay\AppData\Roaming\Composer\vendor\bin;C:\Users\Jay\AppData\Local\Microsoft\WindowsApps;C:\Users\Jay\.dotnet\tools;C:\Users\Jay\.fly\bin;C:\WINDOWS\system32;
USERNAME=Jay
OS=Windows_NT
PROCESSOR_IDENTIFIER=Intel64 Family 6 Model 78 Stepping 3, GenuineIntel
TMP=C:\Users\Jay\AppData\Local\Temp
TEMP=C:\Users\Jay\AppData\Local\Temp



---------------  S Y S T E M  ---------------

OS:
 Windows 10 , 64 bit Build 19041 (10.0.19041.1889)
OS uptime: 3 days 1:28 hours

CPU: total 4 (initial active 4) (2 cores per cpu, 2 threads per core) family 6 model 78 stepping 3 microcode 0xcc, cx8, cmov, fxsr, ht, mmx, 3dnowpref, sse, sse2, sse3, ssse3, sse4.1, sse4.2, popcnt, lzcnt, tsc, tscinvbit, avx, avx2, aes, erms, clmul, bmi1, bmi2, adx, fma, vzeroupper, clflush, clflushopt
Processor Information for all 4 processors :
  Max Mhz: 2000, Current Mhz: 2000, Mhz Limit: 2000

Memory: 4k page, system-wide physical 8065M (2041M free)
TotalPageFile size 12417M (AvailPageFile size 2521M)
current process WorkingSet (physical memory assigned to process): 324M, peak: 370M
current process commit charge ("private bytes"): 392M, peak: 453M

vm_info: OpenJDK 64-Bit Server VM (17.0.8+7) for windows-amd64 JRE (17.0.8+7), built on Jul 18 2023 21:02:32 by "admin" with MS VC++ 16.7 (VS2019)

END.
