#
# A fatal error has been detected by the Java Runtime Environment:
#
#  EXCEPTION_ACCESS_VIOLATION (0xc0000005) at pc=0x00007ff822e93466, pid=1308, tid=4092
#
# JRE version: OpenJDK Runtime Environment Temurin-17.0.8+7 (17.0.8+7) (build 17.0.8+7)
# Java VM: OpenJDK 64-Bit Server VM Temurin-17.0.8+7 (17.0.8+7, mixed mode, tiered, compressed oops, compressed class ptrs, g1 gc, windows-amd64)
# Problematic frame:
# C  [ntdll.dll+0x63466]
#
# No core dump will be written. Minidumps are not enabled by default on client versions of Windows
#
# If you would like to submit a bug report, please visit:
#   https://github.com/adoptium/adoptium-support/issues
# The crash happened outside the Java Virtual Machine in native code.
# See problematic frame for where to report the bug.
#

---------------  S U M M A R Y ------------

Command Line: --module-path=C:\javafx-sdk-20.0.2\lib --add-modules=javafx.controls,javafx.fxml -Dfile.encoding=UTF-8 -XX:+ShowCodeDetailsInExceptionMessages application.Main

Host: Intel(R) Core(TM) i3-6006U CPU @ 2.00GHz, 4 cores, 7G,  Windows 10 , 64 bit Build 19041 (10.0.19041.1889)
Time: Fri Sep 15 15:14:33 2023 Coordinated Universal Time elapsed time: 23.410555 seconds (0d 0h 0m 23s)

---------------  T H R E A D  ---------------

Current thread (0x0000021c75d718f0):  JavaThread "Thread-11" [_thread_in_native, id=4092, stack(0x00000067f1100000,0x00000067f1200000)]

Stack: [0x00000067f1100000,0x00000067f1200000],  sp=0x00000067f11ff1b0,  free space=1020k
Native frames: (J=compiled Java code, j=interpreted, Vv=VM code, C=native code)
C  [ntdll.dll+0x63466]
C  [ntdll.dll+0x2fcb4]
C  [ntdll.dll+0x2fae2]
C  0x00007ff805e72be7

Java frames: (J=compiled Java code, j=interpreted, Vv=VM code)
j  org.bytedeco.javacpp.opencv_videoio$VideoCapture.retrieve(Lorg/bytedeco/javacpp/opencv_core$Mat;)Z+0
j  org.bytedeco.javacv.OpenCVFrameGrabber.grab()Lorg/bytedeco/javacv/Frame;+8
j  application.FaceDetector.run()V+988
j  java.lang.Thread.run()V+11 java.base@17.0.8
v  ~StubRoutines::call_stub

siginfo: EXCEPTION_ACCESS_VIOLATION (0xc0000005), writing address 0x0000000000000024


Register to memory mapping:

RIP=0x00007ff822e93466 ntdll.dll
RAX=0x0 is NULL
RBX=0x0000021c765cba88 points into unknown readable memory: 0x0000000000000000 | 00 00 00 00 00 00 00 00
RCX=0x0000021c765cba88 points into unknown readable memory: 0x0000000000000000 | 00 00 00 00 00 00 00 00
RDX=0x00000000fffffffa is an unallocated location in the heap
RSP=0x00000067f11ff1b0 is pointing into the stack for thread: 0x0000021c75d718f0
RBP=0x0 is NULL
RSI=0x0 is NULL
RDI=0x0 is NULL
R8 =0x0 is NULL
R9 =0x0000021c765cba00 points into unknown readable memory: 0x0000021c75ed6b40 | 40 6b ed 75 1c 02 00 00
R10=0x0 is NULL
R11=0x0000000000000246 is an unknown value
R12=0x0 is NULL
R13=0x00000067edc98000 points into unknown readable memory: 0x0000000000000000 | 00 00 00 00 00 00 00 00
R14=0x0000000000000001 is an unknown value
R15=0x0 is NULL


Registers:
RAX=0x0000000000000000, RBX=0x0000021c765cba88, RCX=0x0000021c765cba88, RDX=0x00000000fffffffa
RSP=0x00000067f11ff1b0, RBP=0x0000000000000000, RSI=0x0000000000000000, RDI=0x0000000000000000
R8 =0x0000000000000000, R9 =0x0000021c765cba00, R10=0x0000000000000000, R11=0x0000000000000246
R12=0x0000000000000000, R13=0x00000067edc98000, R14=0x0000000000000001, R15=0x0000000000000000
RIP=0x00007ff822e93466, EFLAGS=0x0000000000010213

Top of Stack: (sp=0x00000067f11ff1b0)
0x00000067f11ff1b0:   ffffffffffffffff 0000021c765cba88
0x00000067f11ff1c0:   0000021c7d2d2c00 0000021c7d2d2c80
0x00000067f11ff1d0:   0000000000000000 0000000000000000
0x00000067f11ff1e0:   000000000000e102 00007ff822e4e3ad
0x00000067f11ff1f0:   0000021c4ff90000 00000067fffffffa
0x00000067f11ff200:   00000067edc98000 0000021c7d2d2c80
0x00000067f11ff210:   00000067f11ff2e8 0000021c5cc694ec
0x00000067f11ff220:   0000000083866f20 000000008384a100
0x00000067f11ff230:   00000067f11ff2a8 0000021c5cc69600
0x00000067f11ff240:   0000c856870e850b 0000000000000000
0x00000067f11ff250:   0000021c75d71800 0000000000000001
0x00000067f11ff260:   0000000000000001 0000000000000001
0x00000067f11ff270:   0000000000000000 0000021c765cba88
0x00000067f11ff280:   0000000000000000 00007ff822e5fcb4
0x00000067f11ff290:   0000000000000000 0000000000000001
0x00000067f11ff2a0:   00000000fffffffa ffffffffff676980 

Instructions: (pc=0x00007ff822e93466)
0x00007ff822e93366:   20 e9 ed fe ff ff 48 89 41 18 e9 e4 fe ff ff cc
0x00007ff822e93376:   cc cc cc cc cc cc cc cc cc cc 80 3d 81 91 10 00
0x00007ff822e93386:   00 0f 95 c0 c3 cc cc cc cc cc cc cc cc cc cc cc
0x00007ff822e93396:   cc cc cc cc cc cc cc cc cc cc 48 83 ec 38 8b 05
0x00007ff822e933a6:   82 77 10 00 89 44 24 20 e8 41 02 00 00 48 83 c4
0x00007ff822e933b6:   38 c3 cc cc cc cc cc cc cc cc 48 89 5c 24 18 55
0x00007ff822e933c6:   56 57 41 54 41 55 41 56 41 57 48 81 ec a0 00 00
0x00007ff822e933d6:   00 48 8b 05 32 11 12 00 48 33 c4 48 89 84 24 90
0x00007ff822e933e6:   00 00 00 65 4c 8b 2c 25 30 00 00 00 48 8d 05 cf
0x00007ff822e933f6:   31 10 00 40 32 ed 89 54 24 48 33 f6 40 88 6c 24
0x00007ff822e93406:   40 4c 89 6c 24 50 48 8b d9 44 8b e6 48 3b c8 0f
0x00007ff822e93416:   84 39 01 00 00 40 38 35 e6 90 10 00 0f 85 a8 01
0x00007ff822e93426:   00 00 39 35 fa 90 10 00 0f 85 6a 01 00 00 40 38
0x00007ff822e93436:   35 bd 8b 10 00 48 8d 3d be 8b 10 00 48 0f 45 fe
0x00007ff822e93446:   48 39 73 18 0f 84 d2 00 00 00 48 8b 03 48 83 f8
0x00007ff822e93456:   ff 0f 84 d2 00 00 00 44 8b fe 48 83 f8 ff 74 03
0x00007ff822e93466:   ff 40 24 4c 8b 73 18 4c 8d 2d 54 31 10 00 bd 22
0x00007ff822e93476:   17 00 00 e8 d2 13 fc ff 85 c0 0f 85 ee b4 05 00
0x00007ff822e93486:   b9 82 03 fe 7f 80 39 00 0f 85 fc b4 05 00 49 83
0x00007ff822e93496:   fe ff 0f 85 8a b5 05 00 4c 8b cf c7 44 24 20 00
0x00007ff822e934a6:   00 00 00 41 b8 04 00 00 00 48 8d 54 24 48 48 8d
0x00007ff822e934b6:   4b 08 e8 37 01 00 00 3d 02 01 00 00 0f 84 73 b5
0x00007ff822e934c6:   05 00 8b 4b 08 89 4c 24 48 f6 c1 02 75 ca 3d 02
0x00007ff822e934d6:   01 00 00 0f 84 5c b5 05 00 0f b6 6c 24 40 4c 8b
0x00007ff822e934e6:   6c 24 50 85 c0 0f 88 a8 b6 05 00 40 84 ed 75 73
0x00007ff822e934f6:   48 8b 8c 24 90 00 00 00 48 33 cc e8 7a 8d 02 00
0x00007ff822e93506:   48 8b 9c 24 f0 00 00 00 48 81 c4 a0 00 00 00 41
0x00007ff822e93516:   5f 41 5e 41 5d 41 5c 5f 5e 5d c3 cc 48 8b cb e8
0x00007ff822e93526:   56 05 00 00 e9 21 ff ff ff 8b 4b 20 48 c7 c0 ff
0x00007ff822e93536:   ff ff ff 48 0f ba e1 18 0f 82 19 ff ff ff 48 8b
0x00007ff822e93546:   cb e8 f4 e2 fa ff 48 8b 03 e9 09 ff ff ff c6 44
0x00007ff822e93556:   24 40 01 41 c7 85 60 17 00 00 01 00 00 00 e9 b2 


Stack slot to memory mapping:
stack at sp + 0 slots: 0xffffffffffffffff is an unknown value
stack at sp + 1 slots: 0x0000021c765cba88 points into unknown readable memory: 0x0000000000000000 | 00 00 00 00 00 00 00 00
stack at sp + 2 slots: 0x0000021c7d2d2c00 points into unknown readable memory: 0x0000021c766c8970 | 70 89 6c 76 1c 02 00 00
stack at sp + 3 slots: 0x0000021c7d2d2c80 points into unknown readable memory: 0x0000000000000000 | 00 00 00 00 00 00 00 00
stack at sp + 4 slots: 0x0 is NULL
stack at sp + 5 slots: 0x0 is NULL
stack at sp + 6 slots: 0x000000000000e102 is an unknown value
stack at sp + 7 slots: 0x00007ff822e4e3ad ntdll.dll


---------------  P R O C E S S  ---------------

Threads class SMR info:
_java_thread_list=0x0000021c7d7d9ae0, length=25, elements={
0x0000021c6b794150, 0x0000021c6b795250, 0x0000021c6b77b9c0, 0x0000021c6b77c290,
0x0000021c6b7b1fe0, 0x0000021c6b7b37f0, 0x0000021c6b7b8390, 0x0000021c6b7bb950,
0x0000021c6b7bcee0, 0x0000021c6b8c4b90, 0x0000021c70090920, 0x0000021c7027eff0,
0x0000021c702c44c0, 0x0000021c702c49d0, 0x0000021c702c53f0, 0x0000021c702bf8d0,
0x0000021c76839bc0, 0x0000021c7683aaf0, 0x0000021c76837340, 0x0000021c76837850,
0x0000021c7683a0d0, 0x0000021c75d72310, 0x0000021c75d718f0, 0x0000021c7683b510,
0x0000021c7689caa0
}

Java Threads: ( => current thread )
  0x0000021c6b794150 JavaThread "Reference Handler" daemon [_thread_blocked, id=12800, stack(0x00000067ee800000,0x00000067ee900000)]
  0x0000021c6b795250 JavaThread "Finalizer" daemon [_thread_blocked, id=9852, stack(0x00000067ee900000,0x00000067eea00000)]
  0x0000021c6b77b9c0 JavaThread "Signal Dispatcher" daemon [_thread_blocked, id=12056, stack(0x00000067eea00000,0x00000067eeb00000)]
  0x0000021c6b77c290 JavaThread "Attach Listener" daemon [_thread_blocked, id=12044, stack(0x00000067eeb00000,0x00000067eec00000)]
  0x0000021c6b7b1fe0 JavaThread "Service Thread" daemon [_thread_blocked, id=11996, stack(0x00000067eec00000,0x00000067eed00000)]
  0x0000021c6b7b37f0 JavaThread "Monitor Deflation Thread" daemon [_thread_blocked, id=3008, stack(0x00000067eed00000,0x00000067eee00000)]
  0x0000021c6b7b8390 JavaThread "C2 CompilerThread0" daemon [_thread_blocked, id=2640, stack(0x00000067eee00000,0x00000067eef00000)]
  0x0000021c6b7bb950 JavaThread "C1 CompilerThread0" daemon [_thread_blocked, id=11356, stack(0x00000067eef00000,0x00000067ef000000)]
  0x0000021c6b7bcee0 JavaThread "Sweeper thread" daemon [_thread_blocked, id=12952, stack(0x00000067ef000000,0x00000067ef100000)]
  0x0000021c6b8c4b90 JavaThread "Common-Cleaner" daemon [_thread_blocked, id=8052, stack(0x00000067ef100000,0x00000067ef200000)]
  0x0000021c70090920 JavaThread "Notification Thread" daemon [_thread_blocked, id=12432, stack(0x00000067ef300000,0x00000067ef400000)]
  0x0000021c7027eff0 JavaThread "InvokeLaterDispatcher" daemon [_thread_blocked, id=8268, stack(0x00000067ef600000,0x00000067ef700000)]
  0x0000021c702c44c0 JavaThread "Thread-2" daemon [_thread_in_native, id=1332, stack(0x00000067efe00000,0x00000067eff00000)]
  0x0000021c702c49d0 JavaThread "ForkJoinPool.commonPool-worker-1" daemon [_thread_blocked, id=9388, stack(0x00000067f0100000,0x00000067f0200000)]
  0x0000021c702c53f0 JavaThread "FileSystemWatchService" daemon [_thread_in_native, id=10108, stack(0x00000067f0200000,0x00000067f0300000)]
  0x0000021c702bf8d0 JavaThread "Thread-3" daemon [_thread_blocked, id=6076, stack(0x00000067f0300000,0x00000067f0400000)]
  0x0000021c76839bc0 JavaThread "FileSystemWatchService" daemon [_thread_in_native, id=12872, stack(0x00000067f0400000,0x00000067f0500000)]
  0x0000021c7683aaf0 JavaThread "Thread-4" daemon [_thread_blocked, id=12856, stack(0x00000067f0500000,0x00000067f0600000)]
  0x0000021c76837340 JavaThread "Prism Font Disposer" daemon [_thread_blocked, id=10308, stack(0x00000067f0900000,0x00000067f0a00000)]
  0x0000021c76837850 JavaThread "Cleaner-0" daemon [_thread_blocked, id=13128, stack(0x00000067f0f00000,0x00000067f1000000)]
  0x0000021c7683a0d0 JavaThread "JavaCPP Deallocator" daemon [_thread_blocked, id=5544, stack(0x00000067ef200000,0x00000067ef300000)]
  0x0000021c75d72310 JavaThread "pool-2-thread-1" [_thread_blocked, id=6968, stack(0x00000067f1500000,0x00000067f1600000)]
=>0x0000021c75d718f0 JavaThread "Thread-11" [_thread_in_native, id=4092, stack(0x00000067f1100000,0x00000067f1200000)]
  0x0000021c7683b510 JavaThread "Java2D Disposer" daemon [_thread_blocked, id=4276, stack(0x00000067f1400000,0x00000067f1500000)]
  0x0000021c7689caa0 JavaThread "DestroyJavaVM" [_thread_blocked, id=11444, stack(0x00000067ee100000,0x00000067ee200000)]

Other Threads:
  0x0000021c6b75c050 VMThread "VM Thread" [stack: 0x00000067ee700000,0x00000067ee800000] [id=12460]
  0x0000021c520f2ab0 WatcherThread [stack: 0x00000067ef400000,0x00000067ef500000] [id=7352]
  0x0000021c520d7750 GCTaskThread "GC Thread#0" [stack: 0x00000067ee200000,0x00000067ee300000] [id=13308]
  0x0000021c703e0bd0 GCTaskThread "GC Thread#1" [stack: 0x00000067efb00000,0x00000067efc00000] [id=10912]
  0x0000021c703e2490 GCTaskThread "GC Thread#2" [stack: 0x00000067efc00000,0x00000067efd00000] [id=4284]
  0x0000021c703e1c50 GCTaskThread "GC Thread#3" [stack: 0x00000067efd00000,0x00000067efe00000] [id=12380]
  0x0000021c520e8a80 ConcurrentGCThread "G1 Main Marker" [stack: 0x00000067ee300000,0x00000067ee400000] [id=7288]
  0x0000021c520e9490 ConcurrentGCThread "G1 Conc#0" [stack: 0x00000067ee400000,0x00000067ee500000] [id=4636]
  0x0000021c5212ddd0 ConcurrentGCThread "G1 Refine#0" [stack: 0x00000067ee500000,0x00000067ee600000] [id=12908]
  0x0000021c6bb24840 ConcurrentGCThread "G1 Refine#1" [stack: 0x00000067f0000000,0x00000067f0100000] [id=4576]
  0x0000021c5212e800 ConcurrentGCThread "G1 Service" [stack: 0x00000067ee600000,0x00000067ee700000] [id=12928]

Threads with active compile tasks:

VM state: not at safepoint (normal execution)

VM Mutex/Monitor currently owned by a thread: None

Heap address: 0x0000000081e00000, size: 2018 MB, Compressed Oops mode: 32-bit

CDS archive(s) not mapped
Compressed class space mapped at: 0x0000000100000000-0x0000000140000000, reserved size: 1073741824
Narrow klass base: 0x0000000000000000, Narrow klass shift: 3, Narrow klass range: 0x140000000

GC Precious Log:
 CPUs: 4 total, 4 available
 Memory: 8065M
 Large Page Support: Disabled
 NUMA Support: Disabled
 Compressed Oops: Enabled (32-bit)
 Heap Region Size: 1M
 Heap Min Capacity: 8M
 Heap Initial Capacity: 128M
 Heap Max Capacity: 2018M
 Pre-touch: Disabled
 Parallel Workers: 4
 Concurrent Workers: 1
 Concurrent Refinement Workers: 4
 Periodic GC: Disabled

Heap:
 garbage-first heap   total 175104K, used 68742K [0x0000000081e00000, 0x0000000100000000)
  region size 1024K, 6 young (6144K), 2 survivors (2048K)
 Metaspace       used 32632K, committed 32896K, reserved 1114112K
  class space    used 3965K, committed 4096K, reserved 1048576K

Heap Regions: E=young(eden), S=young(survivor), O=old, HS=humongous(starts), HC=humongous(continues), CS=collection set, F=free, OA=open archive, CA=closed archive, TAMS=top-at-mark-start (previous, next)
|   0|0x0000000081e00000, 0x0000000081f00000, 0x0000000081f00000|100%| O|  |TAMS 0x0000000081f00000, 0x0000000081f00000| Untracked 
|   1|0x0000000081f00000, 0x0000000082000000, 0x0000000082000000|100%| O|  |TAMS 0x0000000082000000, 0x0000000082000000| Untracked 
|   2|0x0000000082000000, 0x0000000082100000, 0x0000000082100000|100%| O|  |TAMS 0x0000000082100000, 0x0000000082100000| Untracked 
|   3|0x0000000082100000, 0x0000000082200000, 0x0000000082200000|100%|HS|  |TAMS 0x0000000082200000, 0x0000000082200000| Complete 
|   4|0x0000000082200000, 0x0000000082300000, 0x0000000082300000|100%|HC|  |TAMS 0x0000000082300000, 0x0000000082300000| Complete 
|   5|0x0000000082300000, 0x0000000082400000, 0x0000000082400000|100%|HC|  |TAMS 0x0000000082400000, 0x0000000082400000| Complete 
|   6|0x0000000082400000, 0x0000000082500000, 0x0000000082500000|100%|HC|  |TAMS 0x0000000082500000, 0x0000000082500000| Complete 
|   7|0x0000000082500000, 0x0000000082600000, 0x0000000082600000|100%|HC|  |TAMS 0x0000000082600000, 0x0000000082600000| Complete 
|   8|0x0000000082600000, 0x0000000082700000, 0x0000000082700000|100%|HS|  |TAMS 0x0000000082600000, 0x0000000082700000| Complete 
|   9|0x0000000082700000, 0x0000000082800000, 0x0000000082800000|100%|HC|  |TAMS 0x0000000082700000, 0x0000000082800000| Complete 
|  10|0x0000000082800000, 0x0000000082900000, 0x0000000082900000|100%| O|  |TAMS 0x0000000082900000, 0x0000000082900000| Untracked 
|  11|0x0000000082900000, 0x000000008296c200, 0x0000000082a00000| 42%| O|  |TAMS 0x000000008296c200, 0x000000008296c200| Untracked 
|  12|0x0000000082a00000, 0x0000000082b00000, 0x0000000082b00000|100%|HS|  |TAMS 0x0000000082b00000, 0x0000000082b00000| Complete 
|  13|0x0000000082b00000, 0x0000000082c00000, 0x0000000082c00000|100%|HS|  |TAMS 0x0000000082c00000, 0x0000000082c00000| Complete 
|  14|0x0000000082c00000, 0x0000000082d00000, 0x0000000082d00000|100%|HC|  |TAMS 0x0000000082d00000, 0x0000000082d00000| Complete 
|  15|0x0000000082d00000, 0x0000000082e00000, 0x0000000082e00000|100%| O|  |TAMS 0x0000000082e00000, 0x0000000082e00000| Untracked 
|  16|0x0000000082e00000, 0x0000000082f00000, 0x0000000082f00000|100%| O|  |TAMS 0x0000000082f00000, 0x0000000082f00000| Untracked 
|  17|0x0000000082f00000, 0x0000000083000000, 0x0000000083000000|100%| O|  |TAMS 0x0000000083000000, 0x0000000083000000| Untracked 
|  18|0x0000000083000000, 0x0000000083100000, 0x0000000083100000|100%| O|  |TAMS 0x0000000083100000, 0x0000000083100000| Untracked 
|  19|0x0000000083100000, 0x0000000083200000, 0x0000000083200000|100%| O|  |TAMS 0x0000000083200000, 0x0000000083200000| Untracked 
|  20|0x0000000083200000, 0x0000000083300000, 0x0000000083300000|100%| O|  |TAMS 0x0000000083300000, 0x0000000083300000| Untracked 
|  21|0x0000000083300000, 0x0000000083400000, 0x0000000083400000|100%| O|  |TAMS 0x0000000083400000, 0x0000000083400000| Untracked 
|  22|0x0000000083400000, 0x0000000083500000, 0x0000000083500000|100%| O|  |TAMS 0x0000000083500000, 0x0000000083500000| Untracked 
|  23|0x0000000083500000, 0x0000000083600000, 0x0000000083600000|100%| O|  |TAMS 0x0000000083600000, 0x0000000083600000| Untracked 
|  24|0x0000000083600000, 0x0000000083700000, 0x0000000083700000|100%| O|  |TAMS 0x0000000083700000, 0x0000000083700000| Untracked 
|  25|0x0000000083700000, 0x0000000083800000, 0x0000000083800000|100%| O|  |TAMS 0x0000000083800000, 0x0000000083800000| Untracked 
|  26|0x0000000083800000, 0x0000000083900000, 0x0000000083900000|100%| O|  |TAMS 0x000000008381ee00, 0x0000000083900000| Untracked 
|  27|0x0000000083900000, 0x0000000083a00000, 0x0000000083a00000|100%|HS|  |TAMS 0x0000000083a00000, 0x0000000083a00000| Complete 
|  28|0x0000000083a00000, 0x0000000083b00000, 0x0000000083b00000|100%|HS|  |TAMS 0x0000000083a00000, 0x0000000083a00000| Complete 
|  29|0x0000000083b00000, 0x0000000083c00000, 0x0000000083c00000|100%|HC|  |TAMS 0x0000000083b00000, 0x0000000083b00000| Complete 
|  30|0x0000000083c00000, 0x0000000083d00000, 0x0000000083d00000|100%|HS|  |TAMS 0x0000000083c00000, 0x0000000083c00000| Complete 
|  31|0x0000000083d00000, 0x0000000083e00000, 0x0000000083e00000|100%|HC|  |TAMS 0x0000000083d00000, 0x0000000083d00000| Complete 
|  32|0x0000000083e00000, 0x0000000083f00000, 0x0000000083f00000|100%|HS|  |TAMS 0x0000000083e00000, 0x0000000083f00000| Complete 
|  33|0x0000000083f00000, 0x0000000084000000, 0x0000000084000000|100%|HC|  |TAMS 0x0000000083f00000, 0x0000000084000000| Complete 
|  34|0x0000000084000000, 0x0000000084100000, 0x0000000084100000|100%|HS|  |TAMS 0x0000000084000000, 0x0000000084000000| Complete 
|  35|0x0000000084100000, 0x0000000084200000, 0x0000000084200000|100%|HC|  |TAMS 0x0000000084100000, 0x0000000084100000| Complete 
|  36|0x0000000084200000, 0x0000000084300000, 0x0000000084300000|100%|HS|  |TAMS 0x0000000084200000, 0x0000000084200000| Complete 
|  37|0x0000000084300000, 0x0000000084400000, 0x0000000084400000|100%|HC|  |TAMS 0x0000000084300000, 0x0000000084300000| Complete 
|  38|0x0000000084400000, 0x0000000084500000, 0x0000000084500000|100%|HS|  |TAMS 0x0000000084400000, 0x0000000084500000| Complete 
|  39|0x0000000084500000, 0x0000000084600000, 0x0000000084600000|100%|HC|  |TAMS 0x0000000084500000, 0x0000000084600000| Complete 
|  40|0x0000000084600000, 0x0000000084700000, 0x0000000084700000|100%|HS|  |TAMS 0x0000000084600000, 0x0000000084600000| Complete 
|  41|0x0000000084700000, 0x0000000084800000, 0x0000000084800000|100%|HC|  |TAMS 0x0000000084700000, 0x0000000084700000| Complete 
|  42|0x0000000084800000, 0x0000000084900000, 0x0000000084900000|100%|HS|  |TAMS 0x0000000084800000, 0x0000000084800000| Complete 
|  43|0x0000000084900000, 0x0000000084a00000, 0x0000000084a00000|100%|HC|  |TAMS 0x0000000084900000, 0x0000000084900000| Complete 
|  44|0x0000000084a00000, 0x0000000084b00000, 0x0000000084b00000|100%|HS|  |TAMS 0x0000000084a00000, 0x0000000084b00000| Complete 
|  45|0x0000000084b00000, 0x0000000084c00000, 0x0000000084c00000|100%|HC|  |TAMS 0x0000000084b00000, 0x0000000084c00000| Complete 
|  46|0x0000000084c00000, 0x0000000084d00000, 0x0000000084d00000|100%|HS|  |TAMS 0x0000000084c00000, 0x0000000084d00000| Complete 
|  47|0x0000000084d00000, 0x0000000084e00000, 0x0000000084e00000|100%|HC|  |TAMS 0x0000000084d00000, 0x0000000084e00000| Complete 
|  48|0x0000000084e00000, 0x0000000084f00000, 0x0000000084f00000|100%|HS|  |TAMS 0x0000000084e00000, 0x0000000084e00000| Complete 
|  49|0x0000000084f00000, 0x0000000085000000, 0x0000000085000000|100%|HC|  |TAMS 0x0000000084f00000, 0x0000000084f00000| Complete 
|  50|0x0000000085000000, 0x0000000085000000, 0x0000000085100000|  0%| F|  |TAMS 0x0000000085000000, 0x0000000085000000| Untracked 
|  51|0x0000000085100000, 0x0000000085100000, 0x0000000085200000|  0%| F|  |TAMS 0x0000000085100000, 0x0000000085100000| Untracked 
|  52|0x0000000085200000, 0x0000000085300000, 0x0000000085300000|100%|HS|  |TAMS 0x0000000085200000, 0x0000000085300000| Complete 
|  53|0x0000000085300000, 0x0000000085400000, 0x0000000085400000|100%|HC|  |TAMS 0x0000000085300000, 0x0000000085400000| Complete 
|  54|0x0000000085400000, 0x0000000085400000, 0x0000000085500000|  0%| F|  |TAMS 0x0000000085400000, 0x0000000085400000| Untracked 
|  55|0x0000000085500000, 0x0000000085500000, 0x0000000085600000|  0%| F|  |TAMS 0x0000000085500000, 0x0000000085500000| Untracked 
|  56|0x0000000085600000, 0x0000000085600000, 0x0000000085700000|  0%| F|  |TAMS 0x0000000085600000, 0x0000000085600000| Untracked 
|  57|0x0000000085700000, 0x0000000085700000, 0x0000000085800000|  0%| F|  |TAMS 0x0000000085700000, 0x0000000085700000| Untracked 
|  58|0x0000000085800000, 0x0000000085900000, 0x0000000085900000|100%|HS|  |TAMS 0x0000000085800000, 0x0000000085900000| Complete 
|  59|0x0000000085900000, 0x0000000085a00000, 0x0000000085a00000|100%|HC|  |TAMS 0x0000000085900000, 0x0000000085a00000| Complete 
|  60|0x0000000085a00000, 0x0000000085b00000, 0x0000000085b00000|100%| O|  |TAMS 0x0000000085a00000, 0x0000000085b00000| Untracked 
|  61|0x0000000085b00000, 0x0000000085c00000, 0x0000000085c00000|100%| O|  |TAMS 0x0000000085b00000, 0x0000000085c00000| Untracked 
|  62|0x0000000085c00000, 0x0000000085d00000, 0x0000000085d00000|100%|HS|  |TAMS 0x0000000085c00000, 0x0000000085d00000| Complete 
|  63|0x0000000085d00000, 0x0000000085e00000, 0x0000000085e00000|100%|HC|  |TAMS 0x0000000085d00000, 0x0000000085e00000| Complete 
|  64|0x0000000085e00000, 0x0000000085f00000, 0x0000000085f00000|100%|HS|  |TAMS 0x0000000085e00000, 0x0000000085f00000| Complete 
|  65|0x0000000085f00000, 0x0000000086000000, 0x0000000086000000|100%|HC|  |TAMS 0x0000000085f00000, 0x0000000086000000| Complete 
|  66|0x0000000086000000, 0x0000000086000000, 0x0000000086100000|  0%| F|  |TAMS 0x0000000086000000, 0x0000000086000000| Untracked 
|  67|0x0000000086100000, 0x0000000086100000, 0x0000000086200000|  0%| F|  |TAMS 0x0000000086100000, 0x0000000086100000| Untracked 
|  68|0x0000000086200000, 0x0000000086200000, 0x0000000086300000|  0%| F|  |TAMS 0x0000000086200000, 0x0000000086200000| Untracked 
|  69|0x0000000086300000, 0x0000000086300000, 0x0000000086400000|  0%| F|  |TAMS 0x0000000086300000, 0x0000000086300000| Untracked 
|  70|0x0000000086400000, 0x0000000086400000, 0x0000000086500000|  0%| F|  |TAMS 0x0000000086400000, 0x0000000086400000| Untracked 
|  71|0x0000000086500000, 0x0000000086500000, 0x0000000086600000|  0%| F|  |TAMS 0x0000000086500000, 0x0000000086500000| Untracked 
|  72|0x0000000086600000, 0x0000000086600000, 0x0000000086700000|  0%| F|  |TAMS 0x0000000086600000, 0x0000000086600000| Untracked 
|  73|0x0000000086700000, 0x0000000086700000, 0x0000000086800000|  0%| F|  |TAMS 0x0000000086700000, 0x0000000086700000| Untracked 
|  74|0x0000000086800000, 0x0000000086800000, 0x0000000086900000|  0%| F|  |TAMS 0x0000000086800000, 0x0000000086800000| Untracked 
|  75|0x0000000086900000, 0x0000000086900000, 0x0000000086a00000|  0%| F|  |TAMS 0x0000000086900000, 0x0000000086900000| Untracked 
|  76|0x0000000086a00000, 0x0000000086a00000, 0x0000000086b00000|  0%| F|  |TAMS 0x0000000086a00000, 0x0000000086a00000| Untracked 
|  77|0x0000000086b00000, 0x0000000086b00000, 0x0000000086c00000|  0%| F|  |TAMS 0x0000000086b00000, 0x0000000086b00000| Untracked 
|  78|0x0000000086c00000, 0x0000000086d00000, 0x0000000086d00000|100%| O|  |TAMS 0x0000000086c00000, 0x0000000086d00000| Untracked 
|  79|0x0000000086d00000, 0x0000000086e00000, 0x0000000086e00000|100%| O|  |TAMS 0x0000000086d00000, 0x0000000086e00000| Untracked 
|  80|0x0000000086e00000, 0x0000000086f00000, 0x0000000086f00000|100%| O|  |TAMS 0x0000000086e00000, 0x0000000086f00000| Untracked 
|  81|0x0000000086f00000, 0x0000000086fb2c00, 0x0000000087000000| 69%| O|  |TAMS 0x0000000086f00000, 0x0000000086fb2c00| Untracked 
|  82|0x0000000087000000, 0x0000000087000000, 0x0000000087100000|  0%| F|  |TAMS 0x0000000087000000, 0x0000000087000000| Untracked 
|  83|0x0000000087100000, 0x0000000087100000, 0x0000000087200000|  0%| F|  |TAMS 0x0000000087100000, 0x0000000087100000| Untracked 
|  84|0x0000000087200000, 0x0000000087200000, 0x0000000087300000|  0%| F|  |TAMS 0x0000000087200000, 0x0000000087200000| Untracked 
|  85|0x0000000087300000, 0x0000000087300000, 0x0000000087400000|  0%| F|  |TAMS 0x0000000087300000, 0x0000000087300000| Untracked 
|  86|0x0000000087400000, 0x0000000087400000, 0x0000000087500000|  0%| F|  |TAMS 0x0000000087400000, 0x0000000087400000| Untracked 
|  87|0x0000000087500000, 0x0000000087500000, 0x0000000087600000|  0%| F|  |TAMS 0x0000000087500000, 0x0000000087500000| Untracked 
|  88|0x0000000087600000, 0x0000000087600000, 0x0000000087700000|  0%| F|  |TAMS 0x0000000087600000, 0x0000000087600000| Untracked 
|  89|0x0000000087700000, 0x0000000087700000, 0x0000000087800000|  0%| F|  |TAMS 0x0000000087700000, 0x0000000087700000| Untracked 
|  90|0x0000000087800000, 0x0000000087800000, 0x0000000087900000|  0%| F|  |TAMS 0x0000000087800000, 0x0000000087800000| Untracked 
|  91|0x0000000087900000, 0x0000000087900000, 0x0000000087a00000|  0%| F|  |TAMS 0x0000000087900000, 0x0000000087900000| Untracked 
|  92|0x0000000087a00000, 0x0000000087a00000, 0x0000000087b00000|  0%| F|  |TAMS 0x0000000087a00000, 0x0000000087a00000| Untracked 
|  93|0x0000000087b00000, 0x0000000087b00000, 0x0000000087c00000|  0%| F|  |TAMS 0x0000000087b00000, 0x0000000087b00000| Untracked 
|  94|0x0000000087c00000, 0x0000000087c00000, 0x0000000087d00000|  0%| F|  |TAMS 0x0000000087c00000, 0x0000000087c00000| Untracked 
|  95|0x0000000087d00000, 0x0000000087d00000, 0x0000000087e00000|  0%| F|  |TAMS 0x0000000087d00000, 0x0000000087d00000| Untracked 
|  96|0x0000000087e00000, 0x0000000087e00000, 0x0000000087f00000|  0%| F|  |TAMS 0x0000000087e00000, 0x0000000087e00000| Untracked 
|  97|0x0000000087f00000, 0x0000000087f00000, 0x0000000088000000|  0%| F|  |TAMS 0x0000000087f00000, 0x0000000087f00000| Untracked 
|  98|0x0000000088000000, 0x0000000088000000, 0x0000000088100000|  0%| F|  |TAMS 0x0000000088000000, 0x0000000088000000| Untracked 
|  99|0x0000000088100000, 0x0000000088100000, 0x0000000088200000|  0%| F|  |TAMS 0x0000000088100000, 0x0000000088100000| Untracked 
| 100|0x0000000088200000, 0x0000000088200000, 0x0000000088300000|  0%| F|  |TAMS 0x0000000088200000, 0x0000000088200000| Untracked 
| 101|0x0000000088300000, 0x0000000088300000, 0x0000000088400000|  0%| F|  |TAMS 0x0000000088300000, 0x0000000088300000| Untracked 
| 102|0x0000000088400000, 0x0000000088400000, 0x0000000088500000|  0%| F|  |TAMS 0x0000000088400000, 0x0000000088400000| Untracked 
| 103|0x0000000088500000, 0x0000000088500000, 0x0000000088600000|  0%| F|  |TAMS 0x0000000088500000, 0x0000000088500000| Untracked 
| 104|0x0000000088600000, 0x0000000088600000, 0x0000000088700000|  0%| F|  |TAMS 0x0000000088600000, 0x0000000088600000| Untracked 
| 105|0x0000000088700000, 0x0000000088700000, 0x0000000088800000|  0%| F|  |TAMS 0x0000000088700000, 0x0000000088700000| Untracked 
| 106|0x0000000088800000, 0x0000000088800000, 0x0000000088900000|  0%| F|  |TAMS 0x0000000088800000, 0x0000000088800000| Untracked 
| 107|0x0000000088900000, 0x0000000088900000, 0x0000000088a00000|  0%| F|  |TAMS 0x0000000088900000, 0x0000000088900000| Untracked 
| 108|0x0000000088a00000, 0x0000000088a00000, 0x0000000088b00000|  0%| F|  |TAMS 0x0000000088a00000, 0x0000000088a00000| Untracked 
| 109|0x0000000088b00000, 0x0000000088b00000, 0x0000000088c00000|  0%| F|  |TAMS 0x0000000088b00000, 0x0000000088b00000| Untracked 
| 110|0x0000000088c00000, 0x0000000088c00000, 0x0000000088d00000|  0%| F|  |TAMS 0x0000000088c00000, 0x0000000088c00000| Untracked 
| 111|0x0000000088d00000, 0x0000000088d00000, 0x0000000088e00000|  0%| F|  |TAMS 0x0000000088d00000, 0x0000000088d00000| Untracked 
| 112|0x0000000088e00000, 0x0000000088e00000, 0x0000000088f00000|  0%| F|  |TAMS 0x0000000088e00000, 0x0000000088e00000| Untracked 
| 113|0x0000000088f00000, 0x0000000088f00000, 0x0000000089000000|  0%| F|  |TAMS 0x0000000088f00000, 0x0000000088f00000| Untracked 
| 114|0x0000000089000000, 0x0000000089000000, 0x0000000089100000|  0%| F|  |TAMS 0x0000000089000000, 0x0000000089000000| Untracked 
| 115|0x0000000089100000, 0x0000000089100000, 0x0000000089200000|  0%| F|  |TAMS 0x0000000089100000, 0x0000000089100000| Untracked 
| 116|0x0000000089200000, 0x0000000089200000, 0x0000000089300000|  0%| F|  |TAMS 0x0000000089200000, 0x0000000089200000| Untracked 
| 117|0x0000000089300000, 0x0000000089300000, 0x0000000089400000|  0%| F|  |TAMS 0x0000000089300000, 0x0000000089300000| Untracked 
| 118|0x0000000089400000, 0x0000000089400000, 0x0000000089500000|  0%| F|  |TAMS 0x0000000089400000, 0x0000000089400000| Untracked 
| 119|0x0000000089500000, 0x0000000089500000, 0x0000000089600000|  0%| F|  |TAMS 0x0000000089500000, 0x0000000089500000| Untracked 
| 120|0x0000000089600000, 0x0000000089600000, 0x0000000089700000|  0%| F|  |TAMS 0x0000000089600000, 0x0000000089600000| Untracked 
| 121|0x0000000089700000, 0x0000000089700000, 0x0000000089800000|  0%| F|  |TAMS 0x0000000089700000, 0x0000000089700000| Untracked 
| 122|0x0000000089800000, 0x0000000089800000, 0x0000000089900000|  0%| F|  |TAMS 0x0000000089800000, 0x0000000089800000| Untracked 
| 123|0x0000000089900000, 0x0000000089900000, 0x0000000089a00000|  0%| F|  |TAMS 0x0000000089900000, 0x0000000089900000| Untracked 
| 124|0x0000000089a00000, 0x0000000089a00000, 0x0000000089b00000|  0%| F|  |TAMS 0x0000000089a00000, 0x0000000089a00000| Untracked 
| 125|0x0000000089b00000, 0x0000000089b00000, 0x0000000089c00000|  0%| F|  |TAMS 0x0000000089b00000, 0x0000000089b00000| Untracked 
| 126|0x0000000089c00000, 0x0000000089c00000, 0x0000000089d00000|  0%| F|  |TAMS 0x0000000089c00000, 0x0000000089c00000| Untracked 
| 127|0x0000000089d00000, 0x0000000089d00000, 0x0000000089e00000|  0%| F|  |TAMS 0x0000000089d00000, 0x0000000089d00000| Untracked 
| 128|0x0000000089e00000, 0x0000000089e00000, 0x0000000089f00000|  0%| F|  |TAMS 0x0000000089e00000, 0x0000000089e00000| Untracked 
| 129|0x0000000089f00000, 0x0000000089f00000, 0x000000008a000000|  0%| F|  |TAMS 0x0000000089f00000, 0x0000000089f00000| Untracked 
| 130|0x000000008a000000, 0x000000008a000000, 0x000000008a100000|  0%| F|  |TAMS 0x000000008a000000, 0x000000008a000000| Untracked 
| 131|0x000000008a100000, 0x000000008a100000, 0x000000008a200000|  0%| F|  |TAMS 0x000000008a100000, 0x000000008a100000| Untracked 
| 132|0x000000008a200000, 0x000000008a200000, 0x000000008a300000|  0%| F|  |TAMS 0x000000008a200000, 0x000000008a200000| Untracked 
| 133|0x000000008a300000, 0x000000008a300000, 0x000000008a400000|  0%| F|  |TAMS 0x000000008a300000, 0x000000008a300000| Untracked 
| 134|0x000000008a400000, 0x000000008a400000, 0x000000008a500000|  0%| F|  |TAMS 0x000000008a400000, 0x000000008a400000| Untracked 
| 135|0x000000008a500000, 0x000000008a500000, 0x000000008a600000|  0%| F|  |TAMS 0x000000008a500000, 0x000000008a500000| Untracked 
| 136|0x000000008a600000, 0x000000008a600000, 0x000000008a700000|  0%| F|  |TAMS 0x000000008a600000, 0x000000008a600000| Untracked 
| 137|0x000000008a700000, 0x000000008a700000, 0x000000008a800000|  0%| F|  |TAMS 0x000000008a700000, 0x000000008a700000| Untracked 
| 138|0x000000008a800000, 0x000000008a800000, 0x000000008a900000|  0%| F|  |TAMS 0x000000008a800000, 0x000000008a800000| Untracked 
| 139|0x000000008a900000, 0x000000008a900000, 0x000000008aa00000|  0%| F|  |TAMS 0x000000008a900000, 0x000000008a900000| Untracked 
| 140|0x000000008aa00000, 0x000000008aa00000, 0x000000008ab00000|  0%| F|  |TAMS 0x000000008aa00000, 0x000000008aa00000| Untracked 
| 141|0x000000008ab00000, 0x000000008ab00000, 0x000000008ac00000|  0%| F|  |TAMS 0x000000008ab00000, 0x000000008ab00000| Untracked 
| 142|0x000000008ac00000, 0x000000008ac00000, 0x000000008ad00000|  0%| F|  |TAMS 0x000000008ac00000, 0x000000008ac00000| Untracked 
| 143|0x000000008ad00000, 0x000000008ad00000, 0x000000008ae00000|  0%| F|  |TAMS 0x000000008ad00000, 0x000000008ad00000| Untracked 
| 144|0x000000008ae00000, 0x000000008ae00000, 0x000000008af00000|  0%| F|  |TAMS 0x000000008ae00000, 0x000000008ae00000| Untracked 
| 145|0x000000008af00000, 0x000000008af00000, 0x000000008b000000|  0%| F|  |TAMS 0x000000008af00000, 0x000000008af00000| Untracked 
| 146|0x000000008b000000, 0x000000008b000000, 0x000000008b100000|  0%| F|  |TAMS 0x000000008b000000, 0x000000008b000000| Untracked 
| 147|0x000000008b100000, 0x000000008b100000, 0x000000008b200000|  0%| F|  |TAMS 0x000000008b100000, 0x000000008b100000| Untracked 
| 148|0x000000008b200000, 0x000000008b200000, 0x000000008b300000|  0%| F|  |TAMS 0x000000008b200000, 0x000000008b200000| Untracked 
| 149|0x000000008b300000, 0x000000008b300000, 0x000000008b400000|  0%| F|  |TAMS 0x000000008b300000, 0x000000008b300000| Untracked 
| 150|0x000000008b400000, 0x000000008b400000, 0x000000008b500000|  0%| F|  |TAMS 0x000000008b400000, 0x000000008b400000| Untracked 
| 151|0x000000008b500000, 0x000000008b500000, 0x000000008b600000|  0%| F|  |TAMS 0x000000008b500000, 0x000000008b500000| Untracked 
| 152|0x000000008b600000, 0x000000008b600000, 0x000000008b700000|  0%| F|  |TAMS 0x000000008b600000, 0x000000008b600000| Untracked 
| 153|0x000000008b700000, 0x000000008b700000, 0x000000008b800000|  0%| F|  |TAMS 0x000000008b700000, 0x000000008b700000| Untracked 
| 154|0x000000008b800000, 0x000000008b800000, 0x000000008b900000|  0%| F|  |TAMS 0x000000008b800000, 0x000000008b800000| Untracked 
| 155|0x000000008b900000, 0x000000008b900000, 0x000000008ba00000|  0%| F|  |TAMS 0x000000008b900000, 0x000000008b900000| Untracked 
| 156|0x000000008ba00000, 0x000000008ba00000, 0x000000008bb00000|  0%| F|  |TAMS 0x000000008ba00000, 0x000000008ba00000| Untracked 
| 157|0x000000008bb00000, 0x000000008bb00000, 0x000000008bc00000|  0%| F|  |TAMS 0x000000008bb00000, 0x000000008bb00000| Untracked 
| 158|0x000000008bc00000, 0x000000008bc00000, 0x000000008bd00000|  0%| F|  |TAMS 0x000000008bc00000, 0x000000008bc00000| Untracked 
| 159|0x000000008bd00000, 0x000000008bd00000, 0x000000008be00000|  0%| F|  |TAMS 0x000000008bd00000, 0x000000008bd00000| Untracked 
| 160|0x000000008be00000, 0x000000008be00000, 0x000000008bf00000|  0%| F|  |TAMS 0x000000008be00000, 0x000000008be00000| Untracked 
| 161|0x000000008bf00000, 0x000000008bf00000, 0x000000008c000000|  0%| F|  |TAMS 0x000000008bf00000, 0x000000008bf00000| Untracked 
| 162|0x000000008c000000, 0x000000008c000000, 0x000000008c100000|  0%| F|  |TAMS 0x000000008c000000, 0x000000008c000000| Untracked 
| 163|0x000000008c100000, 0x000000008c100000, 0x000000008c200000|  0%| F|  |TAMS 0x000000008c100000, 0x000000008c100000| Untracked 
| 164|0x000000008c200000, 0x000000008c200000, 0x000000008c300000|  0%| F|  |TAMS 0x000000008c200000, 0x000000008c200000| Untracked 
| 165|0x000000008c300000, 0x000000008c300800, 0x000000008c400000|  0%| E|  |TAMS 0x000000008c300000, 0x000000008c300000| Complete 
| 166|0x000000008c400000, 0x000000008c500000, 0x000000008c500000|100%| E|CS|TAMS 0x000000008c400000, 0x000000008c400000| Complete 
| 167|0x000000008c500000, 0x000000008c502bc8, 0x000000008c600000|  1%| S|CS|TAMS 0x000000008c500000, 0x000000008c500000| Complete 
| 168|0x000000008c600000, 0x000000008c700000, 0x000000008c700000|100%| S|CS|TAMS 0x000000008c600000, 0x000000008c600000| Complete 
| 169|0x000000008c700000, 0x000000008c800000, 0x000000008c800000|100%| E|CS|TAMS 0x000000008c700000, 0x000000008c700000| Complete 
| 170|0x000000008c800000, 0x000000008c900000, 0x000000008c900000|100%| E|CS|TAMS 0x000000008c800000, 0x000000008c800000| Complete 

Card table byte_map: [0x0000021c64b30000,0x0000021c64f30000] _byte_map_base: 0x0000021c64721000

Marking Bits (Prev, Next): (CMBitMap*) 0x0000021c520d7d70, (CMBitMap*) 0x0000021c520d7db0
 Prev Bits: [0x0000021c65330000, 0x0000021c672b8000)
 Next Bits: [0x0000021c672c0000, 0x0000021c69248000)

Polling page: 0x0000021c4ff60000

Metaspace:

Usage:
  Non-class:     28.00 MB used.
      Class:      3.87 MB used.
       Both:     31.87 MB used.

Virtual space:
  Non-class space:       64.00 MB reserved,      28.12 MB ( 44%) committed,  1 nodes.
      Class space:        1.00 GB reserved,       4.00 MB ( <1%) committed,  1 nodes.
             Both:        1.06 GB reserved,      32.12 MB (  3%) committed. 

Chunk freelists:
   Non-Class:  3.69 MB
       Class:  12.05 MB
        Both:  15.73 MB

MaxMetaspaceSize: unlimited
CompressedClassSpaceSize: 1.00 GB
Initial GC threshold: 21.00 MB
Current GC threshold: 52.12 MB
CDS: off
MetaspaceReclaimPolicy: balanced
 - commit_granule_bytes: 65536.
 - commit_granule_words: 8192.
 - virtual_space_node_default_size: 8388608.
 - enlarge_chunks_in_place: 1.
 - new_chunks_are_fully_committed: 0.
 - uncommit_free_chunks: 1.
 - use_allocation_guard: 0.
 - handle_deallocations: 1.


Internal statistics:

num_allocs_failed_limit: 3.
num_arena_births: 268.
num_arena_deaths: 24.
num_vsnodes_births: 2.
num_vsnodes_deaths: 0.
num_space_committed: 514.
num_space_uncommitted: 0.
num_chunks_returned_to_freelist: 36.
num_chunks_taken_from_freelist: 1077.
num_chunk_merges: 10.
num_chunk_splits: 713.
num_chunks_enlarged: 538.
num_inconsistent_stats: 0.

CodeHeap 'non-profiled nmethods': size=120000Kb used=2939Kb max_used=2939Kb free=117060Kb
 bounds [0x0000021c5d200000, 0x0000021c5d4e0000, 0x0000021c64730000]
CodeHeap 'profiled nmethods': size=120000Kb used=11229Kb max_used=11229Kb free=108770Kb
 bounds [0x0000021c55730000, 0x0000021c56230000, 0x0000021c5cc60000]
CodeHeap 'non-nmethods': size=5760Kb used=1567Kb max_used=1639Kb free=4192Kb
 bounds [0x0000021c5cc60000, 0x0000021c5ced0000, 0x0000021c5d200000]
 total_blobs=6274 nmethods=5302 adapters=882
 compilation: enabled
              stopped_count=0, restarted_count=0
 full_count=0

Compilation events (20 events):
Event: 22.840 Thread 0x0000021c6b7bb950 5289       1       sun.awt.image.IntegerInterleavedRaster::getDataStorage (5 bytes)
Event: 22.841 Thread 0x0000021c6b7bb950 nmethod 5289 0x0000021c5d4dcc90 code [0x0000021c5d4dce20, 0x0000021c5d4dcef8]
Event: 22.841 Thread 0x0000021c6b7bb950 5290       1       sun.awt.image.IntegerInterleavedRaster::getPixelStride (5 bytes)
Event: 22.841 Thread 0x0000021c6b7bb950 nmethod 5290 0x0000021c5d4dcf90 code [0x0000021c5d4dd120, 0x0000021c5d4dd1f8]
Event: 22.841 Thread 0x0000021c6b7bb950 5291       1       sun.awt.image.IntegerInterleavedRaster::getScanlineStride (5 bytes)
Event: 22.842 Thread 0x0000021c6b7bb950 nmethod 5291 0x0000021c5d4dd290 code [0x0000021c5d4dd420, 0x0000021c5d4dd4f8]
Event: 22.842 Thread 0x0000021c6b7bb950 5292       1       java.awt.Image::getAccelerationPriority (5 bytes)
Event: 22.842 Thread 0x0000021c6b7bb950 nmethod 5292 0x0000021c5d4dd590 code [0x0000021c5d4dd720, 0x0000021c5d4dd7f8]
Event: 22.842 Thread 0x0000021c6b7bb950 5293       1       sun.java2d.SurfaceData::getColorModel (5 bytes)
Event: 22.842 Thread 0x0000021c6b7bb950 nmethod 5293 0x0000021c5d4dd890 code [0x0000021c5d4dda20, 0x0000021c5d4ddaf8]
Event: 22.842 Thread 0x0000021c6b7bb950 5294       1       java.awt.image.ColorModel::getTransparency (5 bytes)
Event: 22.842 Thread 0x0000021c6b7bb950 nmethod 5294 0x0000021c5d4ddb90 code [0x0000021c5d4ddd20, 0x0000021c5d4dddf8]
Event: 22.842 Thread 0x0000021c6b7bb950 5295       1       java.awt.image.ColorModel::isAlphaPremultiplied (5 bytes)
Event: 22.842 Thread 0x0000021c6b7bb950 nmethod 5295 0x0000021c5d4dde90 code [0x0000021c5d4de020, 0x0000021c5d4de0f8]
Event: 22.842 Thread 0x0000021c6b7bb950 5296       1       com.sun.prism.Image$BaseAccessor::getBuffer (5 bytes)
Event: 22.842 Thread 0x0000021c6b7bb950 nmethod 5296 0x0000021c5d4de190 code [0x0000021c5d4de320, 0x0000021c5d4de3f8]
Event: 22.947 Thread 0x0000021c6b7bb950 5297       1       sun.java2d.loops.RenderCache$Entry::getValue (5 bytes)
Event: 22.948 Thread 0x0000021c6b7bb950 nmethod 5297 0x0000021c5d4de490 code [0x0000021c5d4de620, 0x0000021c5d4de6f8]
Event: 23.125 Thread 0x0000021c6b7b8390 5298       4       jdk.internal.org.objectweb.asm.MethodWriter::visitCode (1 bytes)
Event: 23.126 Thread 0x0000021c6b7b8390 nmethod 5298 0x0000021c5d4de790 code [0x0000021c5d4de900, 0x0000021c5d4de978]

GC Heap History (20 events):
Event: 16.822 GC heap before
{Heap before GC invocations=20 (full 0):
 garbage-first heap   total 175104K, used 78683K [0x0000000081e00000, 0x0000000100000000)
  region size 1024K, 4 young (4096K), 2 survivors (2048K)
 Metaspace       used 32317K, committed 32512K, reserved 1114112K
  class space    used 3949K, committed 4032K, reserved 1048576K
}
Event: 16.824 GC heap after
{Heap after GC invocations=21 (full 0):
 garbage-first heap   total 175104K, used 46884K [0x0000000081e00000, 0x0000000100000000)
  region size 1024K, 2 young (2048K), 2 survivors (2048K)
 Metaspace       used 32317K, committed 32512K, reserved 1114112K
  class space    used 3949K, committed 4032K, reserved 1048576K
}
Event: 17.519 GC heap before
{Heap before GC invocations=21 (full 0):
 garbage-first heap   total 175104K, used 78628K [0x0000000081e00000, 0x0000000100000000)
  region size 1024K, 4 young (4096K), 2 survivors (2048K)
 Metaspace       used 32336K, committed 32576K, reserved 1114112K
  class space    used 3949K, committed 4032K, reserved 1048576K
}
Event: 17.521 GC heap after
{Heap after GC invocations=22 (full 0):
 garbage-first heap   total 175104K, used 46961K [0x0000000081e00000, 0x0000000100000000)
  region size 1024K, 2 young (2048K), 2 survivors (2048K)
 Metaspace       used 32336K, committed 32576K, reserved 1114112K
  class space    used 3949K, committed 4032K, reserved 1048576K
}
Event: 18.240 GC heap before
{Heap before GC invocations=22 (full 0):
 garbage-first heap   total 175104K, used 96113K [0x0000000081e00000, 0x0000000100000000)
  region size 1024K, 24 young (24576K), 2 survivors (2048K)
 Metaspace       used 32416K, committed 32640K, reserved 1114112K
  class space    used 3954K, committed 4032K, reserved 1048576K
}
Event: 18.245 GC heap after
{Heap after GC invocations=23 (full 0):
 garbage-first heap   total 175104K, used 53267K [0x0000000081e00000, 0x0000000100000000)
  region size 1024K, 8 young (8192K), 8 survivors (8192K)
 Metaspace       used 32416K, committed 32640K, reserved 1114112K
  class space    used 3954K, committed 4032K, reserved 1048576K
}
Event: 18.857 GC heap before
{Heap before GC invocations=23 (full 0):
 garbage-first heap   total 175104K, used 95251K [0x0000000081e00000, 0x0000000100000000)
  region size 1024K, 20 young (20480K), 8 survivors (8192K)
 Metaspace       used 32527K, committed 32704K, reserved 1114112K
  class space    used 3957K, committed 4032K, reserved 1048576K
}
Event: 18.860 GC heap after
{Heap after GC invocations=24 (full 0):
 garbage-first heap   total 175104K, used 49174K [0x0000000081e00000, 0x0000000100000000)
  region size 1024K, 7 young (7168K), 7 survivors (7168K)
 Metaspace       used 32527K, committed 32704K, reserved 1114112K
  class space    used 3957K, committed 4032K, reserved 1048576K
}
Event: 19.641 GC heap before
{Heap before GC invocations=24 (full 0):
 garbage-first heap   total 175104K, used 86038K [0x0000000081e00000, 0x0000000100000000)
  region size 1024K, 10 young (10240K), 7 survivors (7168K)
 Metaspace       used 32558K, committed 32768K, reserved 1114112K
  class space    used 3957K, committed 4032K, reserved 1048576K
}
Event: 19.645 GC heap after
{Heap after GC invocations=25 (full 0):
 garbage-first heap   total 175104K, used 55535K [0x0000000081e00000, 0x0000000100000000)
  region size 1024K, 2 young (2048K), 2 survivors (2048K)
 Metaspace       used 32558K, committed 32768K, reserved 1114112K
  class space    used 3957K, committed 4032K, reserved 1048576K
}
Event: 20.235 GC heap before
{Heap before GC invocations=25 (full 0):
 garbage-first heap   total 175104K, used 79087K [0x0000000081e00000, 0x0000000100000000)
  region size 1024K, 4 young (4096K), 2 survivors (2048K)
 Metaspace       used 32558K, committed 32768K, reserved 1114112K
  class space    used 3957K, committed 4032K, reserved 1048576K
}
Event: 20.237 GC heap after
{Heap after GC invocations=26 (full 0):
 garbage-first heap   total 175104K, used 49391K [0x0000000081e00000, 0x0000000100000000)
  region size 1024K, 2 young (2048K), 2 survivors (2048K)
 Metaspace       used 32558K, committed 32768K, reserved 1114112K
  class space    used 3957K, committed 4032K, reserved 1048576K
}
Event: 20.938 GC heap before
{Heap before GC invocations=26 (full 0):
 garbage-first heap   total 175104K, used 80111K [0x0000000081e00000, 0x0000000100000000)
  region size 1024K, 5 young (5120K), 2 survivors (2048K)
 Metaspace       used 32562K, committed 32768K, reserved 1114112K
  class space    used 3957K, committed 4032K, reserved 1048576K
}
Event: 20.939 GC heap after
{Heap after GC invocations=27 (full 0):
 garbage-first heap   total 175104K, used 51317K [0x0000000081e00000, 0x0000000100000000)
  region size 1024K, 1 young (1024K), 1 survivors (1024K)
 Metaspace       used 32562K, committed 32768K, reserved 1114112K
  class space    used 3957K, committed 4032K, reserved 1048576K
}
Event: 21.542 GC heap before
{Heap before GC invocations=27 (full 0):
 garbage-first heap   total 175104K, used 79989K [0x0000000081e00000, 0x0000000100000000)
  region size 1024K, 4 young (4096K), 1 survivors (1024K)
 Metaspace       used 32581K, committed 32768K, reserved 1114112K
  class space    used 3957K, committed 4032K, reserved 1048576K
}
Event: 21.544 GC heap after
{Heap after GC invocations=28 (full 0):
 garbage-first heap   total 175104K, used 51333K [0x0000000081e00000, 0x0000000100000000)
  region size 1024K, 2 young (2048K), 2 survivors (2048K)
 Metaspace       used 32581K, committed 32768K, reserved 1114112K
  class space    used 3957K, committed 4032K, reserved 1048576K
}
Event: 22.244 GC heap before
{Heap before GC invocations=28 (full 0):
 garbage-first heap   total 175104K, used 80005K [0x0000000081e00000, 0x0000000100000000)
  region size 1024K, 5 young (5120K), 2 survivors (2048K)
 Metaspace       used 32583K, committed 32832K, reserved 1114112K
  class space    used 3957K, committed 4032K, reserved 1048576K
}
Event: 22.246 GC heap after
{Heap after GC invocations=29 (full 0):
 garbage-first heap   total 175104K, used 51323K [0x0000000081e00000, 0x0000000100000000)
  region size 1024K, 1 young (1024K), 1 survivors (1024K)
 Metaspace       used 32583K, committed 32832K, reserved 1114112K
  class space    used 3957K, committed 4032K, reserved 1048576K
}
Event: 22.840 GC heap before
{Heap before GC invocations=29 (full 0):
 garbage-first heap   total 175104K, used 78971K [0x0000000081e00000, 0x0000000100000000)
  region size 1024K, 3 young (3072K), 1 survivors (1024K)
 Metaspace       used 32603K, committed 32832K, reserved 1114112K
  class space    used 3957K, committed 4032K, reserved 1048576K
}
Event: 22.841 GC heap after
{Heap after GC invocations=30 (full 0):
 garbage-first heap   total 175104K, used 51334K [0x0000000081e00000, 0x0000000100000000)
  region size 1024K, 2 young (2048K), 2 survivors (2048K)
 Metaspace       used 32603K, committed 32832K, reserved 1114112K
  class space    used 3957K, committed 4032K, reserved 1048576K
}

Dll operation events (20 events):
Event: 5.112 Loaded shared library C:\Users\Jay\.javacpp\cache\opencv-3.2.0-1.3-windows-x86_64.jar\org\bytedeco\javacpp\windows-x86_64\opencv_core320.dll
Event: 5.124 Loaded shared library C:\Users\Jay\.javacpp\cache\opencv-3.2.0-1.3-windows-x86_64.jar\org\bytedeco\javacpp\windows-x86_64\opencv_imgproc320.dll
Event: 5.134 Loaded shared library C:\Users\Jay\.javacpp\cache\opencv-3.2.0-1.3-windows-x86_64.jar\org\bytedeco\javacpp\windows-x86_64\jniopencv_core.dll
Event: 5.538 Loaded shared library C:\Users\Jay\.javacpp\cache\opencv-3.2.0-1.3-windows-x86_64.jar\org\bytedeco\javacpp\windows-x86_64\jniopencv_imgproc.dll
Event: 5.596 Loaded shared library C:\Users\Jay\.javacpp\cache\opencv-3.2.0-1.3-windows-x86_64.jar\org\bytedeco\javacpp\windows-x86_64\opencv_imgcodecs320.dll
Event: 5.607 Loaded shared library C:\Users\Jay\.javacpp\cache\opencv-3.2.0-1.3-windows-x86_64.jar\org\bytedeco\javacpp\windows-x86_64\jniopencv_imgcodecs.dll
Event: 5.780 Loaded shared library C:\Users\Jay\.javacpp\cache\opencv-3.2.0-1.3-windows-x86_64.jar\org\bytedeco\javacpp\windows-x86_64\opencv_videoio320.dll
Event: 5.790 Loaded shared library C:\Users\Jay\.javacpp\cache\opencv-3.2.0-1.3-windows-x86_64.jar\org\bytedeco\javacpp\windows-x86_64\jniopencv_videoio.dll
Event: 5.864 Loaded shared library C:\Users\Jay\.javacpp\cache\opencv-3.2.0-1.3-windows-x86_64.jar\org\bytedeco\javacpp\windows-x86_64\opencv_highgui320.dll
Event: 5.872 Loaded shared library C:\Users\Jay\.javacpp\cache\opencv-3.2.0-1.3-windows-x86_64.jar\org\bytedeco\javacpp\windows-x86_64\jniopencv_highgui.dll
Event: 5.918 Loaded shared library C:\Users\Jay\.javacpp\cache\opencv-3.2.0-1.3-windows-x86_64.jar\org\bytedeco\javacpp\windows-x86_64\opencv_ml320.dll
Event: 5.926 Loaded shared library C:\Users\Jay\.javacpp\cache\opencv-3.2.0-1.3-windows-x86_64.jar\org\bytedeco\javacpp\windows-x86_64\jniopencv_ml.dll
Event: 6.025 Loaded shared library C:\Users\Jay\.javacpp\cache\opencv-3.2.0-1.3-windows-x86_64.jar\org\bytedeco\javacpp\windows-x86_64\opencv_objdetect320.dll
Event: 6.033 Loaded shared library C:\Users\Jay\.javacpp\cache\opencv-3.2.0-1.3-windows-x86_64.jar\org\bytedeco\javacpp\windows-x86_64\jniopencv_objdetect.dll
Event: 6.124 Loaded shared library C:\Users\Jay\.javacpp\cache\opencv-3.2.0-1.3-windows-x86_64.jar\org\bytedeco\javacpp\windows-x86_64\opencv_face320.dll
Event: 6.132 Loaded shared library C:\Users\Jay\.javacpp\cache\opencv-3.2.0-1.3-windows-x86_64.jar\org\bytedeco\javacpp\windows-x86_64\jniopencv_face.dll
Event: 7.746 Loaded shared library C:\Windows\System32\ole32.dll
Event: 7.753 Loaded shared library C:\Windows\System32\oleaut32.dll
Event: 7.780 Loaded shared library C:\Users\Jay\.javacpp\cache\videoinput-0.200-1.3-windows-x86_64.jar\org\bytedeco\javacpp\windows-x86_64\jnivideoInputLib.dll
Event: 9.872 Loaded shared library C:\Users\Jay\.p2\pool\plugins\org.eclipse.justj.openjdk.hotspot.jre.full.win32.x86_64_17.0.8.v20230801-1951\jre\bin\awt.dll

Deoptimization events (20 events):
Event: 18.334 Thread 0x0000021c7011f150 Uncommon trap: trap_request=0xffffffbe fr.pc=0x0000021c5d458ae8 relative=0x0000000000000248
Event: 18.334 Thread 0x0000021c7011f150 Uncommon trap: reason=profile_predicate action=maybe_recompile pc=0x0000021c5d458ae8 method=java.util.Arrays.binarySearch0([Ljava/lang/Object;IILjava/lang/Object;Ljava/util/Comparator;)I @ 25 c2
Event: 18.334 Thread 0x0000021c7011f150 DEOPT PACKING pc=0x0000021c5d458ae8 sp=0x00000067ef5fd380
Event: 18.334 Thread 0x0000021c7011f150 DEOPT UNPACKING pc=0x0000021c5ccb69a3 sp=0x00000067ef5fd310 mode 2
Event: 18.334 Thread 0x0000021c7011f150 Uncommon trap: trap_request=0xffffffbe fr.pc=0x0000021c5d458ae8 relative=0x0000000000000248
Event: 18.334 Thread 0x0000021c7011f150 Uncommon trap: reason=profile_predicate action=maybe_recompile pc=0x0000021c5d458ae8 method=java.util.Arrays.binarySearch0([Ljava/lang/Object;IILjava/lang/Object;Ljava/util/Comparator;)I @ 25 c2
Event: 18.334 Thread 0x0000021c7011f150 DEOPT PACKING pc=0x0000021c5d458ae8 sp=0x00000067ef5fd380
Event: 18.334 Thread 0x0000021c7011f150 DEOPT UNPACKING pc=0x0000021c5ccb69a3 sp=0x00000067ef5fd310 mode 2
Event: 18.335 Thread 0x0000021c7011f150 Uncommon trap: trap_request=0xffffffbe fr.pc=0x0000021c5d458ae8 relative=0x0000000000000248
Event: 18.335 Thread 0x0000021c7011f150 Uncommon trap: reason=profile_predicate action=maybe_recompile pc=0x0000021c5d458ae8 method=java.util.Arrays.binarySearch0([Ljava/lang/Object;IILjava/lang/Object;Ljava/util/Comparator;)I @ 25 c2
Event: 18.335 Thread 0x0000021c7011f150 DEOPT PACKING pc=0x0000021c5d458ae8 sp=0x00000067ef5fd310
Event: 18.335 Thread 0x0000021c7011f150 DEOPT UNPACKING pc=0x0000021c5ccb69a3 sp=0x00000067ef5fd2a0 mode 2
Event: 18.530 Thread 0x0000021c7011f150 Uncommon trap: trap_request=0xffffffbe fr.pc=0x0000021c5d458ae8 relative=0x0000000000000248
Event: 18.530 Thread 0x0000021c7011f150 Uncommon trap: reason=profile_predicate action=maybe_recompile pc=0x0000021c5d458ae8 method=java.util.Arrays.binarySearch0([Ljava/lang/Object;IILjava/lang/Object;Ljava/util/Comparator;)I @ 25 c2
Event: 18.530 Thread 0x0000021c7011f150 DEOPT PACKING pc=0x0000021c5d458ae8 sp=0x00000067ef5fdd90
Event: 18.530 Thread 0x0000021c7011f150 DEOPT UNPACKING pc=0x0000021c5ccb69a3 sp=0x00000067ef5fdd20 mode 2
Event: 23.100 Thread 0x0000021c7025d200 Uncommon trap: trap_request=0xffffff76 fr.pc=0x0000021c5d417398 relative=0x00000000000004d8
Event: 23.100 Thread 0x0000021c7025d200 Uncommon trap: reason=predicate action=maybe_recompile pc=0x0000021c5d417398 method=java.util.ArrayList.remove(Ljava/lang/Object;)Z @ 42 c2
Event: 23.100 Thread 0x0000021c7025d200 DEOPT PACKING pc=0x0000021c5d417398 sp=0x00000067ef7fd0d0
Event: 23.100 Thread 0x0000021c7025d200 DEOPT UNPACKING pc=0x0000021c5ccb69a3 sp=0x00000067ef7fd0a0 mode 2

Classes unloaded (12 events):
Event: 10.367 Thread 0x0000021c6b75c050 Unloading class 0x0000000100379000 'java/lang/invoke/LambdaForm$MH+0x0000000100379000'
Event: 10.367 Thread 0x0000021c6b75c050 Unloading class 0x0000000100378c00 'java/lang/invoke/LambdaForm$MH+0x0000000100378c00'
Event: 10.367 Thread 0x0000021c6b75c050 Unloading class 0x0000000100378800 'java/lang/invoke/LambdaForm$MH+0x0000000100378800'
Event: 10.367 Thread 0x0000021c6b75c050 Unloading class 0x0000000100378400 'java/lang/invoke/LambdaForm$MH+0x0000000100378400'
Event: 10.367 Thread 0x0000021c6b75c050 Unloading class 0x0000000100373800 'java/lang/invoke/LambdaForm$DMH+0x0000000100373800'
Event: 10.367 Thread 0x0000021c6b75c050 Unloading class 0x0000000100373c00 'java/lang/invoke/LambdaForm$DMH+0x0000000100373c00'
Event: 10.367 Thread 0x0000021c6b75c050 Unloading class 0x0000000100373400 'java/lang/invoke/LambdaForm$DMH+0x0000000100373400'
Event: 10.367 Thread 0x0000021c6b75c050 Unloading class 0x0000000100372c00 'java/lang/invoke/LambdaForm$DMH+0x0000000100372c00'
Event: 10.367 Thread 0x0000021c6b75c050 Unloading class 0x0000000100372800 'java/lang/invoke/LambdaForm$DMH+0x0000000100372800'
Event: 10.367 Thread 0x0000021c6b75c050 Unloading class 0x0000000100372000 'java/lang/invoke/LambdaForm$DMH+0x0000000100372000'
Event: 10.367 Thread 0x0000021c6b75c050 Unloading class 0x0000000100371c00 'java/lang/invoke/LambdaForm$DMH+0x0000000100371c00'
Event: 10.367 Thread 0x0000021c6b75c050 Unloading class 0x0000000100371800 'java/lang/invoke/LambdaForm$DMH+0x0000000100371800'

Classes redefined (0 events):
No events

Internal exceptions (20 events):
Event: 5.035 Thread 0x0000021c7025d200 Exception <a 'java/lang/NoSuchMethodError'{0x00000000845ee7b0}: 'java.lang.Object java.lang.invoke.DirectMethodHandle$Holder.invokeInterface(java.lang.Object, java.lang.Object)'> (0x00000000845ee7b0) 
thrown [s\src\hotspot\share\interpreter\linkResolver.cpp, line 759]
Event: 5.036 Thread 0x0000021c7025d200 Exception <a 'java/lang/IncompatibleClassChangeError'{0x00000000845f2250}: Found class java.lang.Object, but interface was expected> (0x00000000845f2250) 
thrown [s\src\hotspot\share\interpreter\linkResolver.cpp, line 826]
Event: 6.700 Thread 0x0000021c7025d200 Exception <a 'java/lang/NoSuchMethodError'{0x0000000085397e60}: 'java.lang.Object java.lang.invoke.DirectMethodHandle$Holder.invokeStaticInit(java.lang.Object, int, int, int, int)'> (0x0000000085397e60) 
thrown [s\src\hotspot\share\interpreter\linkResolver.cpp, line 759]
Event: 6.778 Thread 0x0000021c7025d200 Exception <a 'java/lang/NoSuchMethodError'{0x00000000852062a8}: 'java.lang.Object java.lang.invoke.DirectMethodHandle$Holder.invokeStaticInit(java.lang.Object, java.lang.Object, int, int, int, int)'> (0x00000000852062a8) 
thrown [s\src\hotspot\share\interpreter\linkResolver.cpp, line 759]
Event: 9.890 Thread 0x0000021c75d718f0 Exception <a 'java/lang/ClassNotFoundException'{0x00000000851cb2f0}: sun/awt/resources/spi/awtProvider> (0x00000000851cb2f0) 
thrown [s\src\hotspot\share\classfile\systemDictionary.cpp, line 256]
Event: 9.897 Thread 0x0000021c75d718f0 Exception <a 'java/io/FileNotFoundException'{0x00000000851ce100}> (0x00000000851ce100) 
thrown [s\src\hotspot\share\prims\jni.cpp, line 516]
Event: 9.898 Thread 0x0000021c75d718f0 Exception <a 'java/io/FileNotFoundException'{0x00000000851cf670}> (0x00000000851cf670) 
thrown [s\src\hotspot\share\prims\jni.cpp, line 516]
Event: 10.467 Thread 0x0000021c7011f150 Implicit null exception at 0x0000021c5d3fc160 to 0x0000021c5d3fc1d4
Event: 10.467 Thread 0x0000021c7011f150 Implicit null exception at 0x0000021c5d3fcaac to 0x0000021c5d3fcb2c
Event: 12.964 Thread 0x0000021c7025d200 Implicit null exception at 0x0000021c5d36710d to 0x0000021c5d367cb0
Event: 12.964 Thread 0x0000021c7025d200 Implicit null exception at 0x0000021c5d42b04d to 0x0000021c5d42baec
Event: 12.975 Thread 0x0000021c7011f150 Implicit null exception at 0x0000021c5d423360 to 0x0000021c5d4253f8
Event: 12.979 Thread 0x0000021c7011f150 Implicit null exception at 0x0000021c5d401321 to 0x0000021c5d401ab1
Event: 13.722 Thread 0x0000021c7011f150 Implicit null exception at 0x0000021c5d446c54 to 0x0000021c5d446cc8
Event: 13.786 Thread 0x0000021c7011f150 Implicit null exception at 0x0000021c5d3faa50 to 0x0000021c5d3faabc
Event: 17.853 Thread 0x0000021c7683aaf0 Exception <a 'sun/nio/fs/WindowsException'{0x000000008c78b280}> (0x000000008c78b280) 
thrown [s\src\hotspot\share\prims\jni.cpp, line 516]
Event: 17.854 Thread 0x0000021c7683aaf0 Exception <a 'sun/nio/fs/WindowsException'{0x000000008c78bf90}> (0x000000008c78bf90) 
thrown [s\src\hotspot\share\prims\jni.cpp, line 516]
Event: 17.855 Thread 0x0000021c7683aaf0 Exception <a 'sun/nio/fs/WindowsException'{0x000000008c78cca0}> (0x000000008c78cca0) 
thrown [s\src\hotspot\share\prims\jni.cpp, line 516]
Event: 17.856 Thread 0x0000021c7683aaf0 Exception <a 'sun/nio/fs/WindowsException'{0x000000008c78d9b8}> (0x000000008c78d9b8) 
thrown [s\src\hotspot\share\prims\jni.cpp, line 516]
Event: 17.857 Thread 0x0000021c7683aaf0 Exception <a 'sun/nio/fs/WindowsException'{0x000000008c78e6c8}> (0x000000008c78e6c8) 
thrown [s\src\hotspot\share\prims\jni.cpp, line 516]

VM Operations (20 events):
Event: 16.822 Executing VM operation: G1TryInitiateConcMark
Event: 16.824 Executing VM operation: G1TryInitiateConcMark done
Event: 17.519 Executing VM operation: G1TryInitiateConcMark
Event: 17.521 Executing VM operation: G1TryInitiateConcMark done
Event: 18.239 Executing VM operation: G1TryInitiateConcMark
Event: 18.245 Executing VM operation: G1TryInitiateConcMark done
Event: 18.857 Executing VM operation: G1TryInitiateConcMark
Event: 18.861 Executing VM operation: G1TryInitiateConcMark done
Event: 19.641 Executing VM operation: G1TryInitiateConcMark
Event: 19.645 Executing VM operation: G1TryInitiateConcMark done
Event: 20.235 Executing VM operation: G1TryInitiateConcMark
Event: 20.237 Executing VM operation: G1TryInitiateConcMark done
Event: 20.938 Executing VM operation: G1TryInitiateConcMark
Event: 20.939 Executing VM operation: G1TryInitiateConcMark done
Event: 21.542 Executing VM operation: G1TryInitiateConcMark
Event: 21.544 Executing VM operation: G1TryInitiateConcMark done
Event: 22.244 Executing VM operation: G1TryInitiateConcMark
Event: 22.246 Executing VM operation: G1TryInitiateConcMark done
Event: 22.840 Executing VM operation: G1TryInitiateConcMark
Event: 22.841 Executing VM operation: G1TryInitiateConcMark done

Events (20 events):
Event: 18.192 Thread 0x0000021c76838c90 Thread added: 0x0000021c76838c90
Event: 18.193 Thread 0x0000021c7683b000 Thread added: 0x0000021c7683b000
Event: 18.194 Thread 0x0000021c702c2150 Thread added: 0x0000021c702c2150
Event: 18.195 Thread 0x0000021c7689f830 Thread added: 0x0000021c7689f830
Event: 18.196 Thread 0x0000021c76899800 Thread added: 0x0000021c76899800
Event: 18.308 Thread 0x0000021c7689b150 Thread added: 0x0000021c7689b150
Event: 18.316 Thread 0x0000021c7689b150 Thread exited: 0x0000021c7689b150
Event: 18.368 Thread 0x0000021c7689bb70 Thread added: 0x0000021c7689bb70
Event: 18.368 Thread 0x0000021c7689bb70 Thread exited: 0x0000021c7689bb70
Event: 18.401 Thread 0x0000021c7689e3f0 Thread added: 0x0000021c7689e3f0
Event: 18.401 Thread 0x0000021c7689e3f0 Thread exited: 0x0000021c7689e3f0
Event: 18.432 Thread 0x0000021c7689bb70 Thread added: 0x0000021c7689bb70
Event: 18.432 Thread 0x0000021c7689bb70 Thread exited: 0x0000021c7689bb70
Event: 18.458 Thread 0x0000021c7689e3f0 Thread added: 0x0000021c7689e3f0
Event: 18.458 Thread 0x0000021c7689e3f0 Thread exited: 0x0000021c7689e3f0
Event: 23.238 Thread 0x0000021c76838c90 Thread exited: 0x0000021c76838c90
Event: 23.240 Thread 0x0000021c702c2150 Thread exited: 0x0000021c702c2150
Event: 23.242 Thread 0x0000021c7689f830 Thread exited: 0x0000021c7689f830
Event: 23.244 Thread 0x0000021c7683b000 Thread exited: 0x0000021c7683b000
Event: 23.244 Thread 0x0000021c76899800 Thread exited: 0x0000021c76899800


Dynamic libraries:
0x00007ff642c60000 - 0x00007ff642c6e000 	C:\Users\Jay\.p2\pool\plugins\org.eclipse.justj.openjdk.hotspot.jre.full.win32.x86_64_17.0.8.v20230801-1951\jre\bin\javaw.exe
0x00007ff822e30000 - 0x00007ff823028000 	C:\WINDOWS\SYSTEM32\ntdll.dll
0x00007ff8229e0000 - 0x00007ff822a9d000 	C:\WINDOWS\System32\KERNEL32.DLL
0x00007ff820a30000 - 0x00007ff820cfe000 	C:\WINDOWS\System32\KERNELBASE.dll
0x00007ff820930000 - 0x00007ff820a30000 	C:\WINDOWS\System32\ucrtbase.dll
0x00007ff819d50000 - 0x00007ff819d67000 	C:\Users\Jay\.p2\pool\plugins\org.eclipse.justj.openjdk.hotspot.jre.full.win32.x86_64_17.0.8.v20230801-1951\jre\bin\jli.dll
0x00007ff819b60000 - 0x00007ff819b79000 	C:\Users\Jay\.p2\pool\plugins\org.eclipse.justj.openjdk.hotspot.jre.full.win32.x86_64_17.0.8.v20230801-1951\jre\bin\VCRUNTIME140.dll
0x00007ff8217a0000 - 0x00007ff821940000 	C:\WINDOWS\System32\USER32.dll
0x00007ff820f50000 - 0x00007ff820f72000 	C:\WINDOWS\System32\win32u.dll
0x00007ff821a10000 - 0x00007ff821a3a000 	C:\WINDOWS\System32\GDI32.dll
0x00007ff820d30000 - 0x00007ff820e3b000 	C:\WINDOWS\System32\gdi32full.dll
0x00007ff80f830000 - 0x00007ff80faca000 	C:\WINDOWS\WinSxS\amd64_microsoft.windows.common-controls_6595b64144ccf1df_6.0.19041.1110_none_60b5254171f9507e\COMCTL32.dll
0x00007ff820e40000 - 0x00007ff820edd000 	C:\WINDOWS\System32\msvcp_win.dll
0x00007ff821c70000 - 0x00007ff821d0e000 	C:\WINDOWS\System32\msvcrt.dll
0x00007ff822c90000 - 0x00007ff822cc0000 	C:\WINDOWS\System32\IMM32.DLL
0x00007ff81c0b0000 - 0x00007ff81c0bc000 	C:\Users\Jay\.p2\pool\plugins\org.eclipse.justj.openjdk.hotspot.jre.full.win32.x86_64_17.0.8.v20230801-1951\jre\bin\vcruntime140_1.dll
0x00007ff806000000 - 0x00007ff806091000 	C:\Users\Jay\.p2\pool\plugins\org.eclipse.justj.openjdk.hotspot.jre.full.win32.x86_64_17.0.8.v20230801-1951\jre\bin\msvcp140.dll
0x00007fffe32c0000 - 0x00007fffe3f0c000 	C:\Users\Jay\.p2\pool\plugins\org.eclipse.justj.openjdk.hotspot.jre.full.win32.x86_64_17.0.8.v20230801-1951\jre\bin\server\jvm.dll
0x00007ff822d40000 - 0x00007ff822dee000 	C:\WINDOWS\System32\ADVAPI32.dll
0x00007ff822bf0000 - 0x00007ff822c8c000 	C:\WINDOWS\System32\sechost.dll
0x00007ff821670000 - 0x00007ff821795000 	C:\WINDOWS\System32\RPCRT4.dll
0x00007ff8204b0000 - 0x00007ff8204fb000 	C:\WINDOWS\SYSTEM32\POWRPROF.dll
0x00007ff818d90000 - 0x00007ff818d99000 	C:\WINDOWS\SYSTEM32\WSOCK32.dll
0x00007ff822cc0000 - 0x00007ff822d2b000 	C:\WINDOWS\System32\WS2_32.dll
0x00007ff810280000 - 0x00007ff8102a7000 	C:\WINDOWS\SYSTEM32\WINMM.dll
0x00007ff80d9d0000 - 0x00007ff80d9da000 	C:\WINDOWS\SYSTEM32\VERSION.dll
0x00007ff820490000 - 0x00007ff8204a2000 	C:\WINDOWS\SYSTEM32\UMPDC.dll
0x00007ff81e530000 - 0x00007ff81e542000 	C:\WINDOWS\SYSTEM32\kernel.appcore.dll
0x00007ff815ce0000 - 0x00007ff815cea000 	C:\Users\Jay\.p2\pool\plugins\org.eclipse.justj.openjdk.hotspot.jre.full.win32.x86_64_17.0.8.v20230801-1951\jre\bin\jimage.dll
0x00007ff80cb20000 - 0x00007ff80cd04000 	C:\WINDOWS\SYSTEM32\DBGHELP.DLL
0x00007ff80caf0000 - 0x00007ff80cb1c000 	C:\WINDOWS\SYSTEM32\dbgcore.DLL
0x00007ff8207f0000 - 0x00007ff820872000 	C:\WINDOWS\System32\bcryptPrimitives.dll
0x00007ff8119b0000 - 0x00007ff8119d5000 	C:\Users\Jay\.p2\pool\plugins\org.eclipse.justj.openjdk.hotspot.jre.full.win32.x86_64_17.0.8.v20230801-1951\jre\bin\java.dll
0x00007ff813230000 - 0x00007ff813248000 	C:\Users\Jay\.p2\pool\plugins\org.eclipse.justj.openjdk.hotspot.jre.full.win32.x86_64_17.0.8.v20230801-1951\jre\bin\zip.dll
0x00007ff822180000 - 0x00007ff8228c3000 	C:\WINDOWS\System32\SHELL32.dll
0x00007ff81e730000 - 0x00007ff81eec5000 	C:\WINDOWS\SYSTEM32\windows.storage.dll
0x00007ff821040000 - 0x00007ff821394000 	C:\WINDOWS\System32\combase.dll
0x00007ff81ffd0000 - 0x00007ff820000000 	C:\WINDOWS\SYSTEM32\Wldp.dll
0x00007ff820f90000 - 0x00007ff82103d000 	C:\WINDOWS\System32\SHCORE.dll
0x00007ff822980000 - 0x00007ff8229d5000 	C:\WINDOWS\System32\shlwapi.dll
0x00007ff820580000 - 0x00007ff82059f000 	C:\WINDOWS\SYSTEM32\profapi.dll
0x00007ff811990000 - 0x00007ff8119a9000 	C:\Users\Jay\.p2\pool\plugins\org.eclipse.justj.openjdk.hotspot.jre.full.win32.x86_64_17.0.8.v20230801-1951\jre\bin\net.dll
0x00007ff814980000 - 0x00007ff814a8a000 	C:\WINDOWS\SYSTEM32\WINHTTP.dll
0x00007ff81fd30000 - 0x00007ff81fd9a000 	C:\WINDOWS\system32\mswsock.dll
0x00007ff811970000 - 0x00007ff811985000 	C:\Users\Jay\.p2\pool\plugins\org.eclipse.justj.openjdk.hotspot.jre.full.win32.x86_64_17.0.8.v20230801-1951\jre\bin\nio.dll
0x0000021c51fc0000 - 0x0000021c51fc3000 	C:\javafx-sdk-20.0.2\bin\api-ms-win-core-console-l1-1-0.dll
0x0000021c51fd0000 - 0x0000021c51fd3000 	C:\javafx-sdk-20.0.2\bin\api-ms-win-core-console-l1-2-0.dll
0x0000021c51fe0000 - 0x0000021c51fe3000 	C:\javafx-sdk-20.0.2\bin\api-ms-win-core-datetime-l1-1-0.dll
0x0000021c51ff0000 - 0x0000021c51ff3000 	C:\javafx-sdk-20.0.2\bin\api-ms-win-core-debug-l1-1-0.dll
0x0000021c52000000 - 0x0000021c52003000 	C:\javafx-sdk-20.0.2\bin\api-ms-win-core-errorhandling-l1-1-0.dll
0x0000021c52010000 - 0x0000021c52014000 	C:\javafx-sdk-20.0.2\bin\api-ms-win-core-file-l1-1-0.dll
0x0000021c52020000 - 0x0000021c52023000 	C:\javafx-sdk-20.0.2\bin\api-ms-win-core-file-l1-2-0.dll
0x0000021c6bc80000 - 0x0000021c6bc83000 	C:\javafx-sdk-20.0.2\bin\api-ms-win-core-file-l2-1-0.dll
0x0000021c6bc90000 - 0x0000021c6bc93000 	C:\javafx-sdk-20.0.2\bin\api-ms-win-core-handle-l1-1-0.dll
0x0000021c6bca0000 - 0x0000021c6bca3000 	C:\javafx-sdk-20.0.2\bin\api-ms-win-core-heap-l1-1-0.dll
0x0000021c6bcb0000 - 0x0000021c6bcb3000 	C:\javafx-sdk-20.0.2\bin\api-ms-win-core-interlocked-l1-1-0.dll
0x0000021c6bcc0000 - 0x0000021c6bcc3000 	C:\javafx-sdk-20.0.2\bin\api-ms-win-core-libraryloader-l1-1-0.dll
0x0000021c6bcd0000 - 0x0000021c6bcd3000 	C:\javafx-sdk-20.0.2\bin\api-ms-win-core-localization-l1-2-0.dll
0x0000021c6bce0000 - 0x0000021c6bce3000 	C:\javafx-sdk-20.0.2\bin\api-ms-win-core-memory-l1-1-0.dll
0x0000021c6bcf0000 - 0x0000021c6bcf3000 	C:\javafx-sdk-20.0.2\bin\api-ms-win-core-namedpipe-l1-1-0.dll
0x0000021c6bd00000 - 0x0000021c6bd03000 	C:\javafx-sdk-20.0.2\bin\api-ms-win-core-processenvironment-l1-1-0.dll
0x0000021c6bd10000 - 0x0000021c6bd13000 	C:\javafx-sdk-20.0.2\bin\api-ms-win-core-processthreads-l1-1-0.dll
0x0000021c6bd20000 - 0x0000021c6bd23000 	C:\javafx-sdk-20.0.2\bin\api-ms-win-core-processthreads-l1-1-1.dll
0x0000021c6bd30000 - 0x0000021c6bd33000 	C:\javafx-sdk-20.0.2\bin\api-ms-win-core-profile-l1-1-0.dll
0x0000021c6bd40000 - 0x0000021c6bd43000 	C:\javafx-sdk-20.0.2\bin\api-ms-win-core-rtlsupport-l1-1-0.dll
0x0000021c6bd50000 - 0x0000021c6bd53000 	C:\javafx-sdk-20.0.2\bin\api-ms-win-core-string-l1-1-0.dll
0x0000021c6bd60000 - 0x0000021c6bd63000 	C:\javafx-sdk-20.0.2\bin\api-ms-win-core-synch-l1-1-0.dll
0x0000021c6bd70000 - 0x0000021c6bd73000 	C:\javafx-sdk-20.0.2\bin\api-ms-win-core-synch-l1-2-0.dll
0x0000021c6bd80000 - 0x0000021c6bd83000 	C:\javafx-sdk-20.0.2\bin\api-ms-win-core-sysinfo-l1-1-0.dll
0x0000021c6bd90000 - 0x0000021c6bd93000 	C:\javafx-sdk-20.0.2\bin\api-ms-win-core-timezone-l1-1-0.dll
0x0000021c6bda0000 - 0x0000021c6bda3000 	C:\javafx-sdk-20.0.2\bin\api-ms-win-core-util-l1-1-0.dll
0x0000021c6bdb0000 - 0x0000021c6bdb3000 	C:\javafx-sdk-20.0.2\bin\api-ms-win-crt-conio-l1-1-0.dll
0x0000021c6bdc0000 - 0x0000021c6bdc4000 	C:\javafx-sdk-20.0.2\bin\api-ms-win-crt-convert-l1-1-0.dll
0x0000021c6bdd0000 - 0x0000021c6bdd3000 	C:\javafx-sdk-20.0.2\bin\api-ms-win-crt-environment-l1-1-0.dll
0x0000021c6bde0000 - 0x0000021c6bde3000 	C:\javafx-sdk-20.0.2\bin\api-ms-win-crt-filesystem-l1-1-0.dll
0x0000021c6bdf0000 - 0x0000021c6bdf3000 	C:\javafx-sdk-20.0.2\bin\api-ms-win-crt-heap-l1-1-0.dll
0x0000021c6be00000 - 0x0000021c6be03000 	C:\javafx-sdk-20.0.2\bin\api-ms-win-crt-locale-l1-1-0.dll
0x0000021c6be10000 - 0x0000021c6be15000 	C:\javafx-sdk-20.0.2\bin\api-ms-win-crt-math-l1-1-0.dll
0x0000021c6be20000 - 0x0000021c6be25000 	C:\javafx-sdk-20.0.2\bin\api-ms-win-crt-multibyte-l1-1-0.dll
0x0000021c6be30000 - 0x0000021c6be40000 	C:\javafx-sdk-20.0.2\bin\api-ms-win-crt-private-l1-1-0.dll
0x0000021c6be40000 - 0x0000021c6be43000 	C:\javafx-sdk-20.0.2\bin\api-ms-win-crt-process-l1-1-0.dll
0x0000021c6be50000 - 0x0000021c6be54000 	C:\javafx-sdk-20.0.2\bin\api-ms-win-crt-runtime-l1-1-0.dll
0x0000021c6be60000 - 0x0000021c6be64000 	C:\javafx-sdk-20.0.2\bin\api-ms-win-crt-stdio-l1-1-0.dll
0x0000021c6be70000 - 0x0000021c6be74000 	C:\javafx-sdk-20.0.2\bin\api-ms-win-crt-string-l1-1-0.dll
0x0000021c6be80000 - 0x0000021c6be83000 	C:\javafx-sdk-20.0.2\bin\api-ms-win-crt-time-l1-1-0.dll
0x0000021c6be90000 - 0x0000021c6be93000 	C:\javafx-sdk-20.0.2\bin\api-ms-win-crt-utility-l1-1-0.dll
0x00007ffff8dc0000 - 0x00007ffff8ebc000 	C:\javafx-sdk-20.0.2\bin\ucrtbase.dll
0x00007ff819b40000 - 0x00007ff819b5b000 	C:\javafx-sdk-20.0.2\bin\vcruntime140.dll
0x00007ff81b6a0000 - 0x00007ff81b6ac000 	C:\javafx-sdk-20.0.2\bin\vcruntime140_1.dll
0x00007ff819a40000 - 0x00007ff819ace000 	C:\javafx-sdk-20.0.2\bin\msvcp140.dll
0x00007ff81b310000 - 0x00007ff81b319000 	C:\javafx-sdk-20.0.2\bin\msvcp140_1.dll
0x00007ff819480000 - 0x00007ff8194b0000 	C:\javafx-sdk-20.0.2\bin\msvcp140_2.dll
0x00007ff817130000 - 0x00007ff81715f000 	C:\javafx-sdk-20.0.2\bin\prism_d3d.dll
0x00007fffeeb60000 - 0x00007fffeed2f000 	C:\WINDOWS\system32\d3d9.dll
0x00007ff81e320000 - 0x00007ff81e34f000 	C:\WINDOWS\SYSTEM32\dwmapi.dll
0x00007ff81e050000 - 0x00007ff81e0ee000 	C:\WINDOWS\system32\uxtheme.dll
0x00007ff821940000 - 0x00007ff821a0d000 	C:\WINDOWS\System32\OLEAUT32.dll
0x00007ff822ac0000 - 0x00007ff822bea000 	C:\WINDOWS\System32\ole32.dll
0x00007ff821d10000 - 0x00007ff82217f000 	C:\WINDOWS\System32\SETUPAPI.dll
0x00007ff8207a0000 - 0x00007ff8207ee000 	C:\WINDOWS\System32\cfgmgr32.dll
0x00007ff820d00000 - 0x00007ff820d27000 	C:\WINDOWS\System32\bcrypt.dll
0x00007ff80aaa0000 - 0x00007ff80aae2000 	C:\javafx-sdk-20.0.2\bin\glass.dll
0x00007ff821410000 - 0x00007ff8214ea000 	C:\WINDOWS\System32\COMDLG32.dll
0x00007ff821550000 - 0x00007ff821665000 	C:\WINDOWS\System32\MSCTF.dll
0x00007ff81b5a0000 - 0x00007ff81b5db000 	C:\WINDOWS\SYSTEM32\dxcore.dll
0x00007ff819460000 - 0x00007ff819474000 	C:\javafx-sdk-20.0.2\bin\javafx_font.dll
0x00007ff8120c0000 - 0x00007ff8120ed000 	C:\javafx-sdk-20.0.2\bin\javafx_iio.dll
0x00007ff816d50000 - 0x00007ff816fcf000 	C:\WINDOWS\SYSTEM32\dwrite.dll
0x00007ff8228d0000 - 0x00007ff822979000 	C:\WINDOWS\System32\clbcatq.dll
0x00007ff819160000 - 0x00007ff819314000 	C:\WINDOWS\SYSTEM32\WindowsCodecs.dll
0x00007ff8074a0000 - 0x00007ff8074de000 	C:\WINDOWS\system32\dataexchange.dll
0x00007ff81c7a0000 - 0x00007ff81ca03000 	C:\WINDOWS\system32\d3d11.dll
0x00007ff81ca10000 - 0x00007ff81cbf4000 	C:\WINDOWS\system32\dcomp.dll
0x00007ff81ef30000 - 0x00007ff81f023000 	C:\WINDOWS\system32\dxgi.dll
0x00007ff818de0000 - 0x00007ff818fe0000 	C:\WINDOWS\system32\twinapi.appcore.dll
0x00007ff819840000 - 0x00007ff819939000 	C:\WINDOWS\SYSTEM32\textinputframework.dll
0x00007ff81d1c0000 - 0x00007ff81d51e000 	C:\WINDOWS\System32\CoreUIComponents.dll
0x00007ff81d8a0000 - 0x00007ff81d992000 	C:\WINDOWS\System32\CoreMessaging.dll
0x00007ff81f340000 - 0x00007ff81f373000 	C:\WINDOWS\SYSTEM32\ntmarta.dll
0x00007ff81c640000 - 0x00007ff81c794000 	C:\WINDOWS\SYSTEM32\wintypes.dll
0x00007ff8128c0000 - 0x00007ff812926000 	C:\WINDOWS\system32\Oleacc.dll
0x00007ffff0970000 - 0x00007ffff0a5f000 	C:\Users\Jay\.javacpp\cache\opencv-3.2.0-1.3-windows-x86_64.jar\org\bytedeco\javacpp\windows-x86_64\msvcr120.dll
0x00007ffff0800000 - 0x00007ffff08a6000 	C:\Users\Jay\.javacpp\cache\opencv-3.2.0-1.3-windows-x86_64.jar\org\bytedeco\javacpp\windows-x86_64\msvcp120.dll
0x00007fffee8d0000 - 0x00007fffeeb58000 	C:\Users\Jay\.javacpp\cache\opencv-3.2.0-1.3-windows-x86_64.jar\org\bytedeco\javacpp\windows-x86_64\opencv_core320.dll
0x00007fffee230000 - 0x00007fffee592000 	C:\Users\Jay\.javacpp\cache\opencv-3.2.0-1.3-windows-x86_64.jar\org\bytedeco\javacpp\windows-x86_64\opencv_imgproc320.dll
0x00007fffee680000 - 0x00007fffee8ca000 	C:\Users\Jay\.javacpp\cache\opencv-3.2.0-1.3-windows-x86_64.jar\org\bytedeco\javacpp\windows-x86_64\jniopencv_core.dll
0x00007ff820f80000 - 0x00007ff820f88000 	C:\WINDOWS\System32\PSAPI.DLL
0x00007fffefbc0000 - 0x00007fffefcb0000 	C:\Users\Jay\.javacpp\cache\opencv-3.2.0-1.3-windows-x86_64.jar\org\bytedeco\javacpp\windows-x86_64\jniopencv_imgproc.dll

dbghelp: loaded successfully - version: 4.0.5 - missing functions: none
symbol engine: initialized successfully - sym options: 0x614 - pdb path: .;C:\Users\Jay\.p2\pool\plugins\org.eclipse.justj.openjdk.hotspot.jre.full.win32.x86_64_17.0.8.v20230801-1951\jre\bin;C:\WINDOWS\SYSTEM32;C:\WINDOWS\WinSxS\amd64_microsoft.windows.common-controls_6595b64144ccf1df_6.0.19041.1110_none_60b5254171f9507e;C:\Users\Jay\.p2\pool\plugins\org.eclipse.justj.openjdk.hotspot.jre.full.win32.x86_64_17.0.8.v20230801-1951\jre\bin\server;C:\javafx-sdk-20.0.2\bin;C:\WINDOWS\System32\DriverStore\FileRepository\igdlh64.inf_amd64_82119d956c80af5a;C:\Program Files\Common Files\Microsoft Shared\Ink;C:\Users\Jay\.javacpp\cache\opencv-3.2.0-1.3-windows-x86_64.jar\org\bytedeco\javacpp\windows-x86_64;C:\Users\Jay\.javacpp\cache\videoinput-0.200-1.3-windows-x86_64.jar\org\bytedeco\javacpp\windows-x86_64;C:\WINDOWS\WinSxS\amd64_microsoft.windows.gdiplus_6595b64144ccf1df_1.1.19041.2006_none_919e9136cc8d4791;C:\Program Files (x86)\DroidCam\lib

VM Arguments:
jvm_args: --module-path=C:\javafx-sdk-20.0.2\lib --add-modules=javafx.controls,javafx.fxml -Dfile.encoding=UTF-8 -XX:+ShowCodeDetailsInExceptionMessages 
java_command: application.Main
java_class_path (initial): C:\Users\Jay\Desktop\facebio\Facebioreg\target\classes;C:\Users\Jay\Desktop\javafx-sdk-20.0.2\lib\javafx-swt.jar;C:\Users\Jay\Desktop\javafx-sdk-20.0.2\lib\javafx.base.jar;C:\Users\Jay\Desktop\javafx-sdk-20.0.2\lib\javafx.controls.jar;C:\Users\Jay\Desktop\javafx-sdk-20.0.2\lib\javafx.fxml.jar;C:\Users\Jay\Desktop\javafx-sdk-20.0.2\lib\javafx.graphics.jar;C:\Users\Jay\Desktop\javafx-sdk-20.0.2\lib\javafx.media.jar;C:\Users\Jay\Desktop\javafx-sdk-20.0.2\lib\javafx.swing.jar;C:\Users\Jay\Desktop\javafx-sdk-20.0.2\lib\javafx.web.jar;C:\Users\Jay\.p2\pool\plugins\org.eclipse.fx.ide.css.jfx8_3.8.0.202204150904.jar;C:\Users\Jay\Desktop\facebio\Facebioreg\opencv-341.jar;C:\Users\Jay\.m2\repository\org\bytedeco\javacv-platform\1.3.2\javacv-platform-1.3.2.jar;C:\Users\Jay\.m2\repository\org\bytedeco\javacv\1.3.2\javacv-1.3.2.jar;C:\Users\Jay\.m2\repository\org\bytedeco\javacpp\1.3.2\javacpp-1.3.2.jar;C:\Users\Jay\.m2\repository\org\bytedeco\javacpp-presets\opencv\3.2.0-1.3\opencv-3.2.0-1.3.jar;C:\Users\Jay\.m2\repository\org\bytedeco\javacpp-presets\ffmpeg\3.2.1-1.3\ffmpeg-3.2.1-1.3.jar;C:\Users\Jay\.m2\repository\org\bytedeco\javacpp-presets\flycapture\2.9.3.43-1.3\flycapture-2.9.3.43-1.3.jar;C:\Users\Jay\.m2\repository\org\bytedeco\javacpp-presets\libdc1394\2.2.4-1.3\libdc1394-2.2.4-1.3.jar;C:\Users\Jay\.m2\repository\org\bytedeco\javacpp-presets\libfreenect\0.5.3-1.3\libfreenect-0.5.3-1.3.jar;C:\Users\Jay\.m2\repository\org\bytedeco\javacpp-presets\libfreenect2\0.2.0-1.3\libfreenect2-0.2.0-1.3.jar;C:\Users\Jay\.m2\repository\org\bytedeco\javacpp-presets\librealsense\1.9.6-1.3\librealsense-1.9.6-1.3.jar;C:\Users\Jay\.m2\repository\org\bytedeco\javacpp-presets\videoinput\0.200-1.3\videoinput-0.200-1.3.jar;C:\Users\Jay\.m2\repository\org\bytedeco\javacpp-presets\artoolkitplus\2.3.1-1.3\artoolkitplus-2.3.1-1.3.jar;C:\Users\Jay\.m2\repository\org\bytedeco\javacpp-presets\flandmark\1.07-1.3\flandmark-1.07-1.3.jar;C:\Users\Jay\.m2\repository\org\byted
Launcher Type: SUN_STANDARD

[Global flags]
     intx CICompilerCount                          = 3                                         {product} {ergonomic}
     uint ConcGCThreads                            = 1                                         {product} {ergonomic}
     uint G1ConcRefinementThreads                  = 4                                         {product} {ergonomic}
   size_t G1HeapRegionSize                         = 1048576                                   {product} {ergonomic}
    uintx GCDrainStackTargetSize                   = 64                                        {product} {ergonomic}
   size_t InitialHeapSize                          = 134217728                                 {product} {ergonomic}
   size_t MarkStackSize                            = 4194304                                   {product} {ergonomic}
   size_t MaxHeapSize                              = 2116026368                                {product} {ergonomic}
   size_t MaxNewSize                               = 1268776960                                {product} {ergonomic}
   size_t MinHeapDeltaBytes                        = 1048576                                   {product} {ergonomic}
   size_t MinHeapSize                              = 8388608                                   {product} {ergonomic}
    uintx NonNMethodCodeHeapSize                   = 5832780                                {pd product} {ergonomic}
    uintx NonProfiledCodeHeapSize                  = 122912730                              {pd product} {ergonomic}
    uintx ProfiledCodeHeapSize                     = 122912730                              {pd product} {ergonomic}
    uintx ReservedCodeCacheSize                    = 251658240                              {pd product} {ergonomic}
     bool SegmentedCodeCache                       = true                                      {product} {ergonomic}
     bool ShowCodeDetailsInExceptionMessages       = true                                   {manageable} {command line}
   size_t SoftMaxHeapSize                          = 2116026368                             {manageable} {ergonomic}
     bool UseCompressedClassPointers               = true                           {product lp64_product} {ergonomic}
     bool UseCompressedOops                        = true                           {product lp64_product} {ergonomic}
     bool UseG1GC                                  = true                                      {product} {ergonomic}
     bool UseLargePagesIndividualAllocation        = false                                  {pd product} {ergonomic}

Logging:
Log output configuration:
 #0: stdout all=warning uptime,level,tags
 #1: stderr all=off uptime,level,tags

Environment Variables:
CLASSPATH=.;.;C:\PROGRA~2\JMF21~1.1E\lib\sound.jar;C:\PROGRA~2\JMF21~1.1E\lib\jmf.jar;C:\PROGRA~2\JMF21~1.1E\lib;
PATH=C:/Users/Jay/.p2/pool/plugins/org.eclipse.justj.openjdk.hotspot.jre.full.win32.x86_64_17.0.8.v20230801-1951/jre/bin/server;C:/Users/Jay/.p2/pool/plugins/org.eclipse.justj.openjdk.hotspot.jre.full.win32.x86_64_17.0.8.v20230801-1951/jre/bin;C:\Program Files\Common Files\Oracle\Java\javapath;C:\WINDOWS\system32;C:\WINDOWS;C:\WINDOWS\System32\Wbem;C:\WINDOWS\System32\WindowsPowerShell\v1.0\;C:\Program Files\nodejs\;C:\Program Files\Git\cmd;C:\xampp\php;C:\composer;C:\WINDOWS\System32\OpenSSH\;C:\Program Files\Microsoft SQL Server\150\Tools\Binn\;C:\Program Files\Microsoft SQL Server\Client SDK\ODBC\170\Tools\Binn\;C:\Program Files\dotnet\;C:\Program Files\PowerShell\7\;C:\Users\Jay\.console-ninja\.bin;C:\Users\Jay\AppData\Roaming\npm;C:\Users\Jay\AppData\Local\Programs\Microsoft VS Code\bin;C:\Users\Jay\AppData\Roaming\Composer\vendor\bin;C:\Users\Jay\AppData\Local\Microsoft\WindowsApps;C:\Users\Jay\.dotnet\tools;C:\Users\Jay\.fly\bin;C:\WINDOWS\system32;
USERNAME=Jay
OS=Windows_NT
PROCESSOR_IDENTIFIER=Intel64 Family 6 Model 78 Stepping 3, GenuineIntel
TMP=C:\Users\Jay\AppData\Local\Temp
TEMP=C:\Users\Jay\AppData\Local\Temp



---------------  S Y S T E M  ---------------

OS:
 Windows 10 , 64 bit Build 19041 (10.0.19041.1889)
OS uptime: 3 days 4:06 hours

CPU: total 4 (initial active 4) (2 cores per cpu, 2 threads per core) family 6 model 78 stepping 3 microcode 0xcc, cx8, cmov, fxsr, ht, mmx, 3dnowpref, sse, sse2, sse3, ssse3, sse4.1, sse4.2, popcnt, lzcnt, tsc, tscinvbit, avx, avx2, aes, erms, clmul, bmi1, bmi2, adx, fma, vzeroupper, clflush, clflushopt
Processor Information for all 4 processors :
  Max Mhz: 2000, Current Mhz: 2000, Mhz Limit: 2000

Memory: 4k page, system-wide physical 8065M (2043M free)
TotalPageFile size 13462M (AvailPageFile size 2087M)
current process WorkingSet (physical memory assigned to process): 351M, peak: 401M
current process commit charge ("private bytes"): 428M, peak: 493M

vm_info: OpenJDK 64-Bit Server VM (17.0.8+7) for windows-amd64 JRE (17.0.8+7), built on Jul 18 2023 21:02:32 by "admin" with MS VC++ 16.7 (VS2019)

END.
