#
# A fatal error has been detected by the Java Runtime Environment:
#
#  EXCEPTION_ACCESS_VIOLATION (0xc0000005) at pc=0x00007ff822e93466, pid=12740, tid=4512
#
# JRE version: OpenJDK Runtime Environment Temurin-17.0.8+7 (17.0.8+7) (build 17.0.8+7)
# Java VM: OpenJDK 64-Bit Server VM Temurin-17.0.8+7 (17.0.8+7, mixed mode, tiered, compressed oops, compressed class ptrs, g1 gc, windows-amd64)
# Problematic frame:
# C  [ntdll.dll+0x63466]
#
# No core dump will be written. Minidumps are not enabled by default on client versions of Windows
#
# If you would like to submit a bug report, please visit:
#   https://github.com/adoptium/adoptium-support/issues
# The crash happened outside the Java Virtual Machine in native code.
# See problematic frame for where to report the bug.
#

---------------  S U M M A R Y ------------

Command Line: --module-path=C:\javafx-sdk-20.0.2\lib --add-modules=javafx.controls,javafx.fxml -Dfile.encoding=UTF-8 -XX:+ShowCodeDetailsInExceptionMessages application.Main

Host: Intel(R) Core(TM) i3-6006U CPU @ 2.00GHz, 4 cores, 7G,  Windows 10 , 64 bit Build 19041 (10.0.19041.1889)
Time: Fri Sep 15 15:17:26 2023 Coordinated Universal Time elapsed time: 68.071832 seconds (0d 0h 1m 8s)

---------------  T H R E A D  ---------------

Current thread (0x0000028994463bf0):  JavaThread "Thread-11" [_thread_in_native, id=4512, stack(0x000000e38aa00000,0x000000e38ab00000)]

Stack: [0x000000e38aa00000,0x000000e38ab00000],  sp=0x000000e38aaff040,  free space=1020k
Native frames: (J=compiled Java code, j=interpreted, Vv=VM code, C=native code)
C  [ntdll.dll+0x63466]
C  [ntdll.dll+0x2fcb4]
C  [ntdll.dll+0x2fae2]
C  0x00007ff805e72be7

Java frames: (J=compiled Java code, j=interpreted, Vv=VM code)
J 5680  org.bytedeco.javacpp.opencv_videoio$VideoCapture.retrieve(Lorg/bytedeco/javacpp/opencv_core$Mat;)Z (0 bytes) @ 0x0000028987e0286f [0x0000028987e02820+0x000000000000004f]
J 5679 c1 org.bytedeco.javacv.OpenCVFrameGrabber.grab()Lorg/bytedeco/javacv/Frame; (255 bytes) @ 0x0000028980bb83a4 [0x0000028980bb8300+0x00000000000000a4]
j  application.FaceDetector.run()V+988
j  java.lang.Thread.run()V+11 java.base@17.0.8
v  ~StubRoutines::call_stub

siginfo: EXCEPTION_ACCESS_VIOLATION (0xc0000005), writing address 0x0000000000000024


Register to memory mapping:

RIP=0x00007ff822e93466 ntdll.dll
RAX=0x0 is NULL
RBX=0x0000028994d1b0a8 points into unknown readable memory: 0x0000000000000000 | 00 00 00 00 00 00 00 00
RCX=0x0000028994d1b0a8 points into unknown readable memory: 0x0000000000000000 | 00 00 00 00 00 00 00 00
RDX=0x00000000fffffffa is an unallocated location in the heap
RSP=0x000000e38aaff040 is pointing into the stack for thread: 0x0000028994463bf0
RBP=0x0 is NULL
RSI=0x0 is NULL
RDI=0x0 is NULL
R8 =0x0 is NULL
R9 =0x0000028994d1b000 points into unknown readable memory: 0x646e4974726f6853 | 53 68 6f 72 74 49 6e 64
R10=0x0 is NULL
R11=0x0000000000000246 is an unknown value
R12=0x0 is NULL
R13=0x000000e3872a1000 points into unknown readable memory: 0x0000000000000000 | 00 00 00 00 00 00 00 00
R14=0x0000000000000001 is an unknown value
R15=0x0 is NULL


Registers:
RAX=0x0000000000000000, RBX=0x0000028994d1b0a8, RCX=0x0000028994d1b0a8, RDX=0x00000000fffffffa
RSP=0x000000e38aaff040, RBP=0x0000000000000000, RSI=0x0000000000000000, RDI=0x0000000000000000
R8 =0x0000000000000000, R9 =0x0000028994d1b000, R10=0x0000000000000000, R11=0x0000000000000246
R12=0x0000000000000000, R13=0x000000e3872a1000, R14=0x0000000000000001, R15=0x0000000000000000
RIP=0x00007ff822e93466, EFLAGS=0x0000000000010213

Top of Stack: (sp=0x000000e38aaff040)
0x000000e38aaff040:   ffffffffffffffff 0000028994d1b0a8
0x000000e38aaff050:   00000289ee131400 00000289fca35838
0x000000e38aaff060:   00000289ee120000 00007ff822e50941
0x000000e38aaff070:   00000289943defb0 000000e38aaff0b0
0x000000e38aaff080:   00000289ee120000 00007ff8fffffffa
0x000000e38aaff090:   000000e3872a1000 000002899b570000
0x000000e38aaff0a0:   00000289ee120000 00000289fcb0e4c7
0x000000e38aaff0b0:   000002899b856d00 00000289ee120000
0x000000e38aaff0c0:   00000289ee120150 00007ff822e4f35e
0x000000e38aaff0d0:   0000cc9a76e83ca9 0000028993e12000
0x000000e38aaff0e0:   0000028994463b00 0000000000000001
0x000000e38aaff0f0:   0000000000000001 0000000000000001
0x000000e38aaff100:   0000000000000000 0000028994d1b0a8
0x000000e38aaff110:   0000000000000000 00007ff822e5fcb4
0x000000e38aaff120:   000000e38aaff198 0000028987539600
0x000000e38aaff130:   00000000fffffffa ffffffffff676980 

Instructions: (pc=0x00007ff822e93466)
0x00007ff822e93366:   20 e9 ed fe ff ff 48 89 41 18 e9 e4 fe ff ff cc
0x00007ff822e93376:   cc cc cc cc cc cc cc cc cc cc 80 3d 81 91 10 00
0x00007ff822e93386:   00 0f 95 c0 c3 cc cc cc cc cc cc cc cc cc cc cc
0x00007ff822e93396:   cc cc cc cc cc cc cc cc cc cc 48 83 ec 38 8b 05
0x00007ff822e933a6:   82 77 10 00 89 44 24 20 e8 41 02 00 00 48 83 c4
0x00007ff822e933b6:   38 c3 cc cc cc cc cc cc cc cc 48 89 5c 24 18 55
0x00007ff822e933c6:   56 57 41 54 41 55 41 56 41 57 48 81 ec a0 00 00
0x00007ff822e933d6:   00 48 8b 05 32 11 12 00 48 33 c4 48 89 84 24 90
0x00007ff822e933e6:   00 00 00 65 4c 8b 2c 25 30 00 00 00 48 8d 05 cf
0x00007ff822e933f6:   31 10 00 40 32 ed 89 54 24 48 33 f6 40 88 6c 24
0x00007ff822e93406:   40 4c 89 6c 24 50 48 8b d9 44 8b e6 48 3b c8 0f
0x00007ff822e93416:   84 39 01 00 00 40 38 35 e6 90 10 00 0f 85 a8 01
0x00007ff822e93426:   00 00 39 35 fa 90 10 00 0f 85 6a 01 00 00 40 38
0x00007ff822e93436:   35 bd 8b 10 00 48 8d 3d be 8b 10 00 48 0f 45 fe
0x00007ff822e93446:   48 39 73 18 0f 84 d2 00 00 00 48 8b 03 48 83 f8
0x00007ff822e93456:   ff 0f 84 d2 00 00 00 44 8b fe 48 83 f8 ff 74 03
0x00007ff822e93466:   ff 40 24 4c 8b 73 18 4c 8d 2d 54 31 10 00 bd 22
0x00007ff822e93476:   17 00 00 e8 d2 13 fc ff 85 c0 0f 85 ee b4 05 00
0x00007ff822e93486:   b9 82 03 fe 7f 80 39 00 0f 85 fc b4 05 00 49 83
0x00007ff822e93496:   fe ff 0f 85 8a b5 05 00 4c 8b cf c7 44 24 20 00
0x00007ff822e934a6:   00 00 00 41 b8 04 00 00 00 48 8d 54 24 48 48 8d
0x00007ff822e934b6:   4b 08 e8 37 01 00 00 3d 02 01 00 00 0f 84 73 b5
0x00007ff822e934c6:   05 00 8b 4b 08 89 4c 24 48 f6 c1 02 75 ca 3d 02
0x00007ff822e934d6:   01 00 00 0f 84 5c b5 05 00 0f b6 6c 24 40 4c 8b
0x00007ff822e934e6:   6c 24 50 85 c0 0f 88 a8 b6 05 00 40 84 ed 75 73
0x00007ff822e934f6:   48 8b 8c 24 90 00 00 00 48 33 cc e8 7a 8d 02 00
0x00007ff822e93506:   48 8b 9c 24 f0 00 00 00 48 81 c4 a0 00 00 00 41
0x00007ff822e93516:   5f 41 5e 41 5d 41 5c 5f 5e 5d c3 cc 48 8b cb e8
0x00007ff822e93526:   56 05 00 00 e9 21 ff ff ff 8b 4b 20 48 c7 c0 ff
0x00007ff822e93536:   ff ff ff 48 0f ba e1 18 0f 82 19 ff ff ff 48 8b
0x00007ff822e93546:   cb e8 f4 e2 fa ff 48 8b 03 e9 09 ff ff ff c6 44
0x00007ff822e93556:   24 40 01 41 c7 85 60 17 00 00 01 00 00 00 e9 b2 


Stack slot to memory mapping:
stack at sp + 0 slots: 0xffffffffffffffff is an unknown value
stack at sp + 1 slots: 0x0000028994d1b0a8 points into unknown readable memory: 0x0000000000000000 | 00 00 00 00 00 00 00 00
stack at sp + 2 slots: 0x00000289ee131400 points into unknown readable memory: 0x0000000000000000 | 00 00 00 00 00 00 00 00
stack at sp + 3 slots: {method} {0x00000289fca35840} 'blitSurfaceData' '(Lsun/java2d/SunGraphics2D;Lsun/java2d/pipe/Region;Lsun/java2d/SurfaceData;Lsun/java2d/SurfaceData;IIIIIILjava/awt/Color;)V' in 'sun/java2d/pipe/DrawImage'
stack at sp + 4 slots: 0x00000289ee120000 points into unknown readable memory: 0x0000000000000000 | 00 00 00 00 00 00 00 00
stack at sp + 5 slots: 0x00007ff822e50941 ntdll.dll
stack at sp + 6 slots: 0x00000289943defb0 points into unknown readable memory: 0x0000000000000000 | 00 00 00 00 00 00 00 00
stack at sp + 7 slots: 0x000000e38aaff0b0 is pointing into the stack for thread: 0x0000028994463bf0


---------------  P R O C E S S  ---------------

Threads class SMR info:
_java_thread_list=0x0000028993bd9920, length=24, elements={
0x00000289fa963260, 0x00000289fa9650b0, 0x00000289fa93ef40, 0x00000289fa93ffb0,
0x00000289fa98c9a0, 0x00000289fa98bf80, 0x00000289fa993af0, 0x00000289fa9944b0,
0x00000289fa98dde0, 0x00000289fa98ceb0, 0x00000289fa98d3c0, 0x00000289fa98d8d0,
0x00000289ff42a8e0, 0x00000289ff42d670, 0x00000289ff42cc50, 0x00000289ff42bd20,
0x00000289ff42efc0, 0x00000289ff42d160, 0x000002899568f6e0, 0x0000028995691030,
0x0000028994461d90, 0x0000028994463bf0, 0x0000028994464610, 0x000002899568fbf0
}

Java Threads: ( => current thread )
  0x00000289fa963260 JavaThread "Reference Handler" daemon [_thread_blocked, id=12784, stack(0x000000e387f00000,0x000000e388000000)]
  0x00000289fa9650b0 JavaThread "Finalizer" daemon [_thread_blocked, id=12752, stack(0x000000e388000000,0x000000e388100000)]
  0x00000289fa93ef40 JavaThread "Signal Dispatcher" daemon [_thread_blocked, id=7128, stack(0x000000e388100000,0x000000e388200000)]
  0x00000289fa93ffb0 JavaThread "Attach Listener" daemon [_thread_blocked, id=13200, stack(0x000000e388200000,0x000000e388300000)]
  0x00000289fa98c9a0 JavaThread "Service Thread" daemon [_thread_blocked, id=10468, stack(0x000000e388300000,0x000000e388400000)]
  0x00000289fa98bf80 JavaThread "Monitor Deflation Thread" daemon [_thread_blocked, id=8412, stack(0x000000e388400000,0x000000e388500000)]
  0x00000289fa993af0 JavaThread "C2 CompilerThread0" daemon [_thread_blocked, id=5456, stack(0x000000e388500000,0x000000e388600000)]
  0x00000289fa9944b0 JavaThread "C1 CompilerThread0" daemon [_thread_blocked, id=8636, stack(0x000000e388600000,0x000000e388700000)]
  0x00000289fa98dde0 JavaThread "Sweeper thread" daemon [_thread_blocked, id=11108, stack(0x000000e388700000,0x000000e388800000)]
  0x00000289fa98ceb0 JavaThread "Common-Cleaner" daemon [_thread_blocked, id=9072, stack(0x000000e388800000,0x000000e388900000)]
  0x00000289fa98d3c0 JavaThread "Notification Thread" daemon [_thread_blocked, id=3836, stack(0x000000e388a00000,0x000000e388b00000)]
  0x00000289fa98d8d0 JavaThread "InvokeLaterDispatcher" daemon [_thread_blocked, id=3704, stack(0x000000e388d00000,0x000000e388e00000)]
  0x00000289ff42a8e0 JavaThread "Thread-2" daemon [_thread_in_native, id=12928, stack(0x000000e389500000,0x000000e389600000)]
  0x00000289ff42d670 JavaThread "FileSystemWatchService" daemon [_thread_in_native, id=12044, stack(0x000000e389900000,0x000000e389a00000)]
  0x00000289ff42cc50 JavaThread "Thread-3" daemon [_thread_blocked, id=11996, stack(0x000000e389a00000,0x000000e389b00000)]
  0x00000289ff42bd20 JavaThread "FileSystemWatchService" daemon [_thread_in_native, id=3008, stack(0x000000e389b00000,0x000000e389c00000)]
  0x00000289ff42efc0 JavaThread "Thread-4" daemon [_thread_blocked, id=2640, stack(0x000000e389c00000,0x000000e389d00000)]
  0x00000289ff42d160 JavaThread "Prism Font Disposer" daemon [_thread_blocked, id=12432, stack(0x000000e38a000000,0x000000e38a100000)]
  0x000002899568f6e0 JavaThread "Cleaner-0" daemon [_thread_blocked, id=12856, stack(0x000000e38a600000,0x000000e38a700000)]
  0x0000028995691030 JavaThread "JavaCPP Deallocator" daemon [_thread_blocked, id=2220, stack(0x000000e388900000,0x000000e388a00000)]
  0x0000028994461d90 JavaThread "pool-2-thread-1" [_thread_blocked, id=5544, stack(0x000000e38a800000,0x000000e38a900000)]
=>0x0000028994463bf0 JavaThread "Thread-11" [_thread_in_native, id=4512, stack(0x000000e38aa00000,0x000000e38ab00000)]
  0x0000028994464610 JavaThread "Java2D Disposer" daemon [_thread_blocked, id=11512, stack(0x000000e38ad00000,0x000000e38ae00000)]
  0x000002899568fbf0 JavaThread "DestroyJavaVM" [_thread_blocked, id=9684, stack(0x000000e387800000,0x000000e387900000)]

Other Threads:
  0x00000289fa92bff0 VMThread "VM Thread" [stack: 0x000000e387e00000,0x000000e387f00000] [id=8264]
  0x00000289f02c1920 WatcherThread [stack: 0x000000e388b00000,0x000000e388c00000] [id=8540]
  0x00000289f02a5410 GCTaskThread "GC Thread#0" [stack: 0x000000e387900000,0x000000e387a00000] [id=7272]
  0x00000289ff41aa40 GCTaskThread "GC Thread#1" [stack: 0x000000e389200000,0x000000e389300000] [id=7288]
  0x00000289ff41ad00 GCTaskThread "GC Thread#2" [stack: 0x000000e389300000,0x000000e389400000] [id=4636]
  0x00000289ff3f4d10 GCTaskThread "GC Thread#3" [stack: 0x000000e389400000,0x000000e389500000] [id=12908]
  0x00000289f02b65e0 ConcurrentGCThread "G1 Main Marker" [stack: 0x000000e387a00000,0x000000e387b00000] [id=7728]
  0x00000289f02b6e90 ConcurrentGCThread "G1 Conc#0" [stack: 0x000000e387b00000,0x000000e387c00000] [id=256]
  0x00000289fa7860e0 ConcurrentGCThread "G1 Refine#0" [stack: 0x000000e387c00000,0x000000e387d00000] [id=12772]
  0x00000289934fcc70 ConcurrentGCThread "G1 Refine#1" [stack: 0x000000e389700000,0x000000e389800000] [id=12800]
  0x00000289fa7867c0 ConcurrentGCThread "G1 Service" [stack: 0x000000e387d00000,0x000000e387e00000] [id=11724]

Threads with active compile tasks:

VM state: not at safepoint (normal execution)

VM Mutex/Monitor currently owned by a thread: None

Heap address: 0x0000000081e00000, size: 2018 MB, Compressed Oops mode: 32-bit

CDS archive(s) not mapped
Compressed class space mapped at: 0x0000000100000000-0x0000000140000000, reserved size: 1073741824
Narrow klass base: 0x0000000000000000, Narrow klass shift: 3, Narrow klass range: 0x140000000

GC Precious Log:
 CPUs: 4 total, 4 available
 Memory: 8065M
 Large Page Support: Disabled
 NUMA Support: Disabled
 Compressed Oops: Enabled (32-bit)
 Heap Region Size: 1M
 Heap Min Capacity: 8M
 Heap Initial Capacity: 128M
 Heap Max Capacity: 2018M
 Pre-touch: Disabled
 Parallel Workers: 4
 Concurrent Workers: 1
 Concurrent Refinement Workers: 4
 Periodic GC: Disabled

Heap:
 garbage-first heap   total 166912K, used 54137K [0x0000000081e00000, 0x0000000100000000)
  region size 1024K, 3 young (3072K), 1 survivors (1024K)
 Metaspace       used 33434K, committed 33728K, reserved 1114112K
  class space    used 3997K, committed 4160K, reserved 1048576K

Heap Regions: E=young(eden), S=young(survivor), O=old, HS=humongous(starts), HC=humongous(continues), CS=collection set, F=free, OA=open archive, CA=closed archive, TAMS=top-at-mark-start (previous, next)
|   0|0x0000000081e00000, 0x0000000081f00000, 0x0000000081f00000|100%| O|  |TAMS 0x0000000081f00000, 0x0000000081f00000| Untracked 
|   1|0x0000000081f00000, 0x0000000082000000, 0x0000000082000000|100%| O|  |TAMS 0x0000000082000000, 0x0000000082000000| Untracked 
|   2|0x0000000082000000, 0x0000000082100000, 0x0000000082100000|100%| O|  |TAMS 0x0000000082100000, 0x0000000082100000| Untracked 
|   3|0x0000000082100000, 0x0000000082200000, 0x0000000082200000|100%|HS|  |TAMS 0x0000000082200000, 0x0000000082200000| Complete 
|   4|0x0000000082200000, 0x0000000082300000, 0x0000000082300000|100%|HC|  |TAMS 0x0000000082300000, 0x0000000082300000| Complete 
|   5|0x0000000082300000, 0x0000000082400000, 0x0000000082400000|100%|HC|  |TAMS 0x0000000082400000, 0x0000000082400000| Complete 
|   6|0x0000000082400000, 0x0000000082500000, 0x0000000082500000|100%|HC|  |TAMS 0x0000000082500000, 0x0000000082500000| Complete 
|   7|0x0000000082500000, 0x0000000082600000, 0x0000000082600000|100%|HC|  |TAMS 0x0000000082600000, 0x0000000082600000| Complete 
|   8|0x0000000082600000, 0x0000000082700000, 0x0000000082700000|100%|HS|  |TAMS 0x0000000082600000, 0x0000000082700000| Complete 
|   9|0x0000000082700000, 0x0000000082800000, 0x0000000082800000|100%|HC|  |TAMS 0x0000000082700000, 0x0000000082800000| Complete 
|  10|0x0000000082800000, 0x0000000082900000, 0x0000000082900000|100%| O|  |TAMS 0x0000000082900000, 0x0000000082900000| Untracked 
|  11|0x0000000082900000, 0x0000000082a00000, 0x0000000082a00000|100%| O|  |TAMS 0x0000000082a00000, 0x0000000082a00000| Untracked 
|  12|0x0000000082a00000, 0x0000000082b00000, 0x0000000082b00000|100%|HS|  |TAMS 0x0000000082a00000, 0x0000000082a00000| Complete 
|  13|0x0000000082b00000, 0x0000000082c00000, 0x0000000082c00000|100%|HC|  |TAMS 0x0000000082b00000, 0x0000000082b00000| Complete 
|  14|0x0000000082c00000, 0x0000000082d00000, 0x0000000082d00000|100%| O|  |TAMS 0x0000000082d00000, 0x0000000082d00000| Untracked 
|  15|0x0000000082d00000, 0x0000000082e00000, 0x0000000082e00000|100%| O|  |TAMS 0x0000000082e00000, 0x0000000082e00000| Untracked 
|  16|0x0000000082e00000, 0x0000000082f00000, 0x0000000082f00000|100%| O|  |TAMS 0x0000000082f00000, 0x0000000082f00000| Untracked 
|  17|0x0000000082f00000, 0x0000000083000000, 0x0000000083000000|100%| O|  |TAMS 0x0000000083000000, 0x0000000083000000| Untracked 
|  18|0x0000000083000000, 0x0000000083100000, 0x0000000083100000|100%| O|  |TAMS 0x0000000083100000, 0x0000000083100000| Untracked 
|  19|0x0000000083100000, 0x0000000083200000, 0x0000000083200000|100%| O|  |TAMS 0x0000000083200000, 0x0000000083200000| Untracked 
|  20|0x0000000083200000, 0x0000000083300000, 0x0000000083300000|100%| O|  |TAMS 0x0000000083300000, 0x0000000083300000| Untracked 
|  21|0x0000000083300000, 0x0000000083400000, 0x0000000083400000|100%| O|  |TAMS 0x0000000083400000, 0x0000000083400000| Untracked 
|  22|0x0000000083400000, 0x0000000083500000, 0x0000000083500000|100%| O|  |TAMS 0x0000000083500000, 0x0000000083500000| Untracked 
|  23|0x0000000083500000, 0x0000000083600000, 0x0000000083600000|100%| O|  |TAMS 0x0000000083600000, 0x0000000083600000| Untracked 
|  24|0x0000000083600000, 0x0000000083700000, 0x0000000083700000|100%| O|  |TAMS 0x0000000083700000, 0x0000000083700000| Untracked 
|  25|0x0000000083700000, 0x000000008376de00, 0x0000000083800000| 42%| O|  |TAMS 0x0000000083700000, 0x0000000083768c00| Untracked 
|  26|0x0000000083800000, 0x0000000083900000, 0x0000000083900000|100%|HS|  |TAMS 0x0000000083900000, 0x0000000083900000| Complete 
|  27|0x0000000083900000, 0x0000000083900000, 0x0000000083a00000|  0%| F|  |TAMS 0x0000000083900000, 0x0000000083900000| Untracked 
|  28|0x0000000083a00000, 0x0000000083a00000, 0x0000000083b00000|  0%| F|  |TAMS 0x0000000083a00000, 0x0000000083a00000| Untracked 
|  29|0x0000000083b00000, 0x0000000083c00000, 0x0000000083c00000|100%|HS|  |TAMS 0x0000000083b00000, 0x0000000083c00000| Complete 
|  30|0x0000000083c00000, 0x0000000083d00000, 0x0000000083d00000|100%|HC|  |TAMS 0x0000000083c00000, 0x0000000083d00000| Complete 
|  31|0x0000000083d00000, 0x0000000083d00000, 0x0000000083e00000|  0%| F|  |TAMS 0x0000000083d00000, 0x0000000083d00000| Untracked 
|  32|0x0000000083e00000, 0x0000000083e00000, 0x0000000083f00000|  0%| F|  |TAMS 0x0000000083e00000, 0x0000000083e00000| Untracked 
|  33|0x0000000083f00000, 0x0000000083f00000, 0x0000000084000000|  0%| F|  |TAMS 0x0000000083f00000, 0x0000000083f00000| Untracked 
|  34|0x0000000084000000, 0x0000000084000000, 0x0000000084100000|  0%| F|  |TAMS 0x0000000084000000, 0x0000000084000000| Untracked 
|  35|0x0000000084100000, 0x0000000084200000, 0x0000000084200000|100%|HS|  |TAMS 0x0000000084100000, 0x0000000084200000| Complete 
|  36|0x0000000084200000, 0x0000000084300000, 0x0000000084300000|100%|HC|  |TAMS 0x0000000084200000, 0x0000000084300000| Complete 
|  37|0x0000000084300000, 0x0000000084300000, 0x0000000084400000|  0%| F|  |TAMS 0x0000000084300000, 0x0000000084300000| Untracked 
|  38|0x0000000084400000, 0x0000000084400000, 0x0000000084500000|  0%| F|  |TAMS 0x0000000084400000, 0x0000000084400000| Untracked 
|  39|0x0000000084500000, 0x0000000084600000, 0x0000000084600000|100%|HS|  |TAMS 0x0000000084500000, 0x0000000084600000| Complete 
|  40|0x0000000084600000, 0x0000000084700000, 0x0000000084700000|100%|HC|  |TAMS 0x0000000084600000, 0x0000000084700000| Complete 
|  41|0x0000000084700000, 0x0000000084800000, 0x0000000084800000|100%|HC|  |TAMS 0x0000000084700000, 0x0000000084800000| Complete 
|  42|0x0000000084800000, 0x0000000084900000, 0x0000000084900000|100%|HC|  |TAMS 0x0000000084800000, 0x0000000084900000| Complete 
|  43|0x0000000084900000, 0x0000000084a00000, 0x0000000084a00000|100%|HC|  |TAMS 0x0000000084900000, 0x0000000084a00000| Complete 
|  44|0x0000000084a00000, 0x0000000084a00000, 0x0000000084b00000|  0%| F|  |TAMS 0x0000000084a00000, 0x0000000084a00000| Untracked 
|  45|0x0000000084b00000, 0x0000000084b00000, 0x0000000084c00000|  0%| F|  |TAMS 0x0000000084b00000, 0x0000000084b00000| Untracked 
|  46|0x0000000084c00000, 0x0000000084d00000, 0x0000000084d00000|100%|HS|  |TAMS 0x0000000084c00000, 0x0000000084d00000| Complete 
|  47|0x0000000084d00000, 0x0000000084e00000, 0x0000000084e00000|100%|HC|  |TAMS 0x0000000084d00000, 0x0000000084e00000| Complete 
|  48|0x0000000084e00000, 0x0000000084f00000, 0x0000000084f00000|100%|HS|  |TAMS 0x0000000084e00000, 0x0000000084f00000| Complete 
|  49|0x0000000084f00000, 0x0000000085000000, 0x0000000085000000|100%|HC|  |TAMS 0x0000000084f00000, 0x0000000085000000| Complete 
|  50|0x0000000085000000, 0x0000000085000000, 0x0000000085100000|  0%| F|  |TAMS 0x0000000085000000, 0x0000000085000000| Untracked 
|  51|0x0000000085100000, 0x0000000085100000, 0x0000000085200000|  0%| F|  |TAMS 0x0000000085100000, 0x0000000085100000| Untracked 
|  52|0x0000000085200000, 0x0000000085300000, 0x0000000085300000|100%|HS|  |TAMS 0x0000000085200000, 0x0000000085300000| Complete 
|  53|0x0000000085300000, 0x0000000085400000, 0x0000000085400000|100%|HC|  |TAMS 0x0000000085300000, 0x0000000085400000| Complete 
|  54|0x0000000085400000, 0x0000000085400000, 0x0000000085500000|  0%| F|  |TAMS 0x0000000085400000, 0x0000000085400000| Untracked 
|  55|0x0000000085500000, 0x0000000085500000, 0x0000000085600000|  0%| F|  |TAMS 0x0000000085500000, 0x0000000085500000| Untracked 
|  56|0x0000000085600000, 0x0000000085600000, 0x0000000085700000|  0%| F|  |TAMS 0x0000000085600000, 0x0000000085600000| Untracked 
|  57|0x0000000085700000, 0x0000000085800000, 0x0000000085800000|100%|HS|  |TAMS 0x0000000085800000, 0x0000000085800000| Complete 
|  58|0x0000000085800000, 0x0000000085900000, 0x0000000085900000|100%|HS|  |TAMS 0x0000000085900000, 0x0000000085900000| Complete 
|  59|0x0000000085900000, 0x0000000085a00000, 0x0000000085a00000|100%|HC|  |TAMS 0x0000000085a00000, 0x0000000085a00000| Complete 
|  60|0x0000000085a00000, 0x0000000085a00000, 0x0000000085b00000|  0%| F|  |TAMS 0x0000000085a00000, 0x0000000085a00000| Untracked 
|  61|0x0000000085b00000, 0x0000000085b00000, 0x0000000085c00000|  0%| F|  |TAMS 0x0000000085b00000, 0x0000000085b00000| Untracked 
|  62|0x0000000085c00000, 0x0000000085d00000, 0x0000000085d00000|100%|HS|  |TAMS 0x0000000085c00000, 0x0000000085d00000| Complete 
|  63|0x0000000085d00000, 0x0000000085e00000, 0x0000000085e00000|100%|HC|  |TAMS 0x0000000085d00000, 0x0000000085e00000| Complete 
|  64|0x0000000085e00000, 0x0000000085f00000, 0x0000000085f00000|100%|HS|  |TAMS 0x0000000085e00000, 0x0000000085f00000| Complete 
|  65|0x0000000085f00000, 0x0000000086000000, 0x0000000086000000|100%|HC|  |TAMS 0x0000000085f00000, 0x0000000086000000| Complete 
|  66|0x0000000086000000, 0x0000000086100000, 0x0000000086100000|100%|HS|  |TAMS 0x0000000086000000, 0x0000000086100000| Complete 
|  67|0x0000000086100000, 0x0000000086200000, 0x0000000086200000|100%|HC|  |TAMS 0x0000000086100000, 0x0000000086200000| Complete 
|  68|0x0000000086200000, 0x0000000086200000, 0x0000000086300000|  0%| F|  |TAMS 0x0000000086200000, 0x0000000086200000| Untracked 
|  69|0x0000000086300000, 0x0000000086300000, 0x0000000086400000|  0%| F|  |TAMS 0x0000000086300000, 0x0000000086300000| Untracked 
|  70|0x0000000086400000, 0x0000000086400000, 0x0000000086500000|  0%| F|  |TAMS 0x0000000086400000, 0x0000000086400000| Untracked 
|  71|0x0000000086500000, 0x0000000086500000, 0x0000000086600000|  0%| F|  |TAMS 0x0000000086500000, 0x0000000086500000| Untracked 
|  72|0x0000000086600000, 0x0000000086700000, 0x0000000086700000|100%| O|  |TAMS 0x00000000866f7a00, 0x0000000086700000| Untracked 
|  73|0x0000000086700000, 0x0000000086700000, 0x0000000086800000|  0%| F|  |TAMS 0x0000000086700000, 0x0000000086700000| Untracked 
|  74|0x0000000086800000, 0x0000000086800000, 0x0000000086900000|  0%| F|  |TAMS 0x0000000086800000, 0x0000000086800000| Untracked 
|  75|0x0000000086900000, 0x0000000086900000, 0x0000000086a00000|  0%| F|  |TAMS 0x0000000086900000, 0x0000000086900000| Untracked 
|  76|0x0000000086a00000, 0x0000000086a00000, 0x0000000086b00000|  0%| F|  |TAMS 0x0000000086a00000, 0x0000000086a00000| Untracked 
|  77|0x0000000086b00000, 0x0000000086b00000, 0x0000000086c00000|  0%| F|  |TAMS 0x0000000086b00000, 0x0000000086b00000| Untracked 
|  78|0x0000000086c00000, 0x0000000086c00000, 0x0000000086d00000|  0%| F|  |TAMS 0x0000000086c00000, 0x0000000086c00000| Untracked 
|  79|0x0000000086d00000, 0x0000000086d00000, 0x0000000086e00000|  0%| F|  |TAMS 0x0000000086d00000, 0x0000000086d00000| Untracked 
|  80|0x0000000086e00000, 0x0000000086e00000, 0x0000000086f00000|  0%| F|  |TAMS 0x0000000086e00000, 0x0000000086e00000| Untracked 
|  81|0x0000000086f00000, 0x0000000086f00000, 0x0000000087000000|  0%| F|  |TAMS 0x0000000086f00000, 0x0000000086f00000| Untracked 
|  82|0x0000000087000000, 0x0000000087000000, 0x0000000087100000|  0%| F|  |TAMS 0x0000000087000000, 0x0000000087000000| Untracked 
|  83|0x0000000087100000, 0x0000000087100000, 0x0000000087200000|  0%| F|  |TAMS 0x0000000087100000, 0x0000000087100000| Untracked 
|  84|0x0000000087200000, 0x0000000087200000, 0x0000000087300000|  0%| F|  |TAMS 0x0000000087200000, 0x0000000087200000| Untracked 
|  85|0x0000000087300000, 0x0000000087300000, 0x0000000087400000|  0%| F|  |TAMS 0x0000000087300000, 0x0000000087300000| Untracked 
|  86|0x0000000087400000, 0x0000000087400000, 0x0000000087500000|  0%| F|  |TAMS 0x0000000087400000, 0x0000000087400000| Untracked 
|  87|0x0000000087500000, 0x0000000087500000, 0x0000000087600000|  0%| F|  |TAMS 0x0000000087500000, 0x0000000087500000| Untracked 
|  88|0x0000000087600000, 0x0000000087600000, 0x0000000087700000|  0%| F|  |TAMS 0x0000000087600000, 0x0000000087600000| Untracked 
|  89|0x0000000087700000, 0x0000000087700000, 0x0000000087800000|  0%| F|  |TAMS 0x0000000087700000, 0x0000000087700000| Untracked 
|  90|0x0000000087800000, 0x0000000087800000, 0x0000000087900000|  0%| F|  |TAMS 0x0000000087800000, 0x0000000087800000| Untracked 
|  91|0x0000000087900000, 0x0000000087900000, 0x0000000087a00000|  0%| F|  |TAMS 0x0000000087900000, 0x0000000087900000| Untracked 
|  92|0x0000000087a00000, 0x0000000087a00000, 0x0000000087b00000|  0%| F|  |TAMS 0x0000000087a00000, 0x0000000087a00000| Untracked 
|  93|0x0000000087b00000, 0x0000000087b00000, 0x0000000087c00000|  0%| F|  |TAMS 0x0000000087b00000, 0x0000000087b00000| Untracked 
|  94|0x0000000087c00000, 0x0000000087c00000, 0x0000000087d00000|  0%| F|  |TAMS 0x0000000087c00000, 0x0000000087c00000| Untracked 
|  95|0x0000000087d00000, 0x0000000087d00000, 0x0000000087e00000|  0%| F|  |TAMS 0x0000000087d00000, 0x0000000087d00000| Untracked 
|  96|0x0000000087e00000, 0x0000000087e00000, 0x0000000087f00000|  0%| F|  |TAMS 0x0000000087e00000, 0x0000000087e00000| Untracked 
|  97|0x0000000087f00000, 0x0000000087f00000, 0x0000000088000000|  0%| F|  |TAMS 0x0000000087f00000, 0x0000000087f00000| Untracked 
|  98|0x0000000088000000, 0x0000000088000000, 0x0000000088100000|  0%| F|  |TAMS 0x0000000088000000, 0x0000000088000000| Untracked 
|  99|0x0000000088100000, 0x0000000088100000, 0x0000000088200000|  0%| F|  |TAMS 0x0000000088100000, 0x0000000088100000| Untracked 
| 100|0x0000000088200000, 0x0000000088200000, 0x0000000088300000|  0%| F|  |TAMS 0x0000000088200000, 0x0000000088200000| Untracked 
| 101|0x0000000088300000, 0x0000000088300000, 0x0000000088400000|  0%| F|  |TAMS 0x0000000088300000, 0x0000000088300000| Untracked 
| 102|0x0000000088400000, 0x0000000088400000, 0x0000000088500000|  0%| F|  |TAMS 0x0000000088400000, 0x0000000088400000| Untracked 
| 103|0x0000000088500000, 0x0000000088500000, 0x0000000088600000|  0%| F|  |TAMS 0x0000000088500000, 0x0000000088500000| Untracked 
| 104|0x0000000088600000, 0x0000000088600000, 0x0000000088700000|  0%| F|  |TAMS 0x0000000088600000, 0x0000000088600000| Untracked 
| 105|0x0000000088700000, 0x0000000088700000, 0x0000000088800000|  0%| F|  |TAMS 0x0000000088700000, 0x0000000088700000| Untracked 
| 106|0x0000000088800000, 0x0000000088800000, 0x0000000088900000|  0%| F|  |TAMS 0x0000000088800000, 0x0000000088800000| Untracked 
| 107|0x0000000088900000, 0x0000000088900000, 0x0000000088a00000|  0%| F|  |TAMS 0x0000000088900000, 0x0000000088900000| Untracked 
| 108|0x0000000088a00000, 0x0000000088a00000, 0x0000000088b00000|  0%| F|  |TAMS 0x0000000088a00000, 0x0000000088a00000| Untracked 
| 109|0x0000000088b00000, 0x0000000088b00000, 0x0000000088c00000|  0%| F|  |TAMS 0x0000000088b00000, 0x0000000088b00000| Untracked 
| 110|0x0000000088c00000, 0x0000000088c00000, 0x0000000088d00000|  0%| F|  |TAMS 0x0000000088c00000, 0x0000000088c00000| Untracked 
| 111|0x0000000088d00000, 0x0000000088d00000, 0x0000000088e00000|  0%| F|  |TAMS 0x0000000088d00000, 0x0000000088d00000| Untracked 
| 112|0x0000000088e00000, 0x0000000088e00000, 0x0000000088f00000|  0%| F|  |TAMS 0x0000000088e00000, 0x0000000088e00000| Untracked 
| 113|0x0000000088f00000, 0x0000000088f00000, 0x0000000089000000|  0%| F|  |TAMS 0x0000000088f00000, 0x0000000088f00000| Untracked 
| 114|0x0000000089000000, 0x0000000089000000, 0x0000000089100000|  0%| F|  |TAMS 0x0000000089000000, 0x0000000089000000| Untracked 
| 115|0x0000000089100000, 0x0000000089100000, 0x0000000089200000|  0%| F|  |TAMS 0x0000000089100000, 0x0000000089100000| Untracked 
| 116|0x0000000089200000, 0x0000000089200000, 0x0000000089300000|  0%| F|  |TAMS 0x0000000089200000, 0x0000000089200000| Untracked 
| 117|0x0000000089300000, 0x0000000089300000, 0x0000000089400000|  0%| F|  |TAMS 0x0000000089300000, 0x0000000089300000| Untracked 
| 118|0x0000000089400000, 0x0000000089400000, 0x0000000089500000|  0%| F|  |TAMS 0x0000000089400000, 0x0000000089400000| Untracked 
| 119|0x0000000089500000, 0x0000000089500000, 0x0000000089600000|  0%| F|  |TAMS 0x0000000089500000, 0x0000000089500000| Untracked 
| 120|0x0000000089600000, 0x0000000089600000, 0x0000000089700000|  0%| F|  |TAMS 0x0000000089600000, 0x0000000089600000| Untracked 
| 121|0x0000000089700000, 0x0000000089700000, 0x0000000089800000|  0%| F|  |TAMS 0x0000000089700000, 0x0000000089700000| Untracked 
| 122|0x0000000089800000, 0x0000000089800000, 0x0000000089900000|  0%| F|  |TAMS 0x0000000089800000, 0x0000000089800000| Untracked 
| 123|0x0000000089900000, 0x0000000089900000, 0x0000000089a00000|  0%| F|  |TAMS 0x0000000089900000, 0x0000000089900000| Untracked 
| 124|0x0000000089a00000, 0x0000000089a00000, 0x0000000089b00000|  0%| F|  |TAMS 0x0000000089a00000, 0x0000000089a00000| Untracked 
| 125|0x0000000089b00000, 0x0000000089b00000, 0x0000000089c00000|  0%| F|  |TAMS 0x0000000089b00000, 0x0000000089b00000| Untracked 
| 126|0x0000000089c00000, 0x0000000089c00000, 0x0000000089d00000|  0%| F|  |TAMS 0x0000000089c00000, 0x0000000089c00000| Untracked 
| 127|0x0000000089d00000, 0x0000000089d00000, 0x0000000089e00000|  0%| F|  |TAMS 0x0000000089d00000, 0x0000000089d00000| Untracked 
| 128|0x0000000089e00000, 0x0000000089e00000, 0x0000000089f00000|  0%| F|  |TAMS 0x0000000089e00000, 0x0000000089e00000| Untracked 
| 129|0x0000000089f00000, 0x0000000089f00000, 0x000000008a000000|  0%| F|  |TAMS 0x0000000089f00000, 0x0000000089f00000| Untracked 
| 130|0x000000008a000000, 0x000000008a000000, 0x000000008a100000|  0%| F|  |TAMS 0x000000008a000000, 0x000000008a000000| Untracked 
| 131|0x000000008a100000, 0x000000008a100000, 0x000000008a200000|  0%| F|  |TAMS 0x000000008a100000, 0x000000008a100000| Untracked 
| 132|0x000000008a200000, 0x000000008a200000, 0x000000008a300000|  0%| F|  |TAMS 0x000000008a200000, 0x000000008a200000| Untracked 
| 133|0x000000008a300000, 0x000000008a300000, 0x000000008a400000|  0%| F|  |TAMS 0x000000008a300000, 0x000000008a300000| Untracked 
| 134|0x000000008a400000, 0x000000008a400000, 0x000000008a500000|  0%| F|  |TAMS 0x000000008a400000, 0x000000008a400000| Untracked 
| 135|0x000000008a500000, 0x000000008a500000, 0x000000008a600000|  0%| F|  |TAMS 0x000000008a500000, 0x000000008a500000| Untracked 
| 136|0x000000008a600000, 0x000000008a600000, 0x000000008a700000|  0%| F|  |TAMS 0x000000008a600000, 0x000000008a600000| Untracked 
| 137|0x000000008a700000, 0x000000008a700000, 0x000000008a800000|  0%| F|  |TAMS 0x000000008a700000, 0x000000008a700000| Untracked 
| 138|0x000000008a800000, 0x000000008a800000, 0x000000008a900000|  0%| F|  |TAMS 0x000000008a800000, 0x000000008a800000| Untracked 
| 139|0x000000008a900000, 0x000000008a900000, 0x000000008aa00000|  0%| F|  |TAMS 0x000000008a900000, 0x000000008a900000| Untracked 
| 140|0x000000008aa00000, 0x000000008aa00000, 0x000000008ab00000|  0%| F|  |TAMS 0x000000008aa00000, 0x000000008aa00000| Untracked 
| 141|0x000000008ab00000, 0x000000008ab00000, 0x000000008ac00000|  0%| F|  |TAMS 0x000000008ab00000, 0x000000008ab00000| Untracked 
| 142|0x000000008ac00000, 0x000000008ac00000, 0x000000008ad00000|  0%| F|  |TAMS 0x000000008ac00000, 0x000000008ac00000| Untracked 
| 143|0x000000008ad00000, 0x000000008ad00000, 0x000000008ae00000|  0%| F|  |TAMS 0x000000008ad00000, 0x000000008ad00000| Untracked 
| 144|0x000000008ae00000, 0x000000008ae00000, 0x000000008af00000|  0%| F|  |TAMS 0x000000008ae00000, 0x000000008ae00000| Untracked 
| 145|0x000000008af00000, 0x000000008af00000, 0x000000008b000000|  0%| F|  |TAMS 0x000000008af00000, 0x000000008af00000| Untracked 
| 146|0x000000008b000000, 0x000000008b000000, 0x000000008b100000|  0%| F|  |TAMS 0x000000008b000000, 0x000000008b000000| Untracked 
| 147|0x000000008b100000, 0x000000008b100000, 0x000000008b200000|  0%| F|  |TAMS 0x000000008b100000, 0x000000008b100000| Untracked 
| 148|0x000000008b200000, 0x000000008b200000, 0x000000008b300000|  0%| F|  |TAMS 0x000000008b200000, 0x000000008b200000| Untracked 
| 149|0x000000008b300000, 0x000000008b300000, 0x000000008b400000|  0%| F|  |TAMS 0x000000008b300000, 0x000000008b300000| Untracked 
| 150|0x000000008b400000, 0x000000008b400000, 0x000000008b500000|  0%| F|  |TAMS 0x000000008b400000, 0x000000008b400000| Untracked 
| 151|0x000000008b500000, 0x000000008b500000, 0x000000008b600000|  0%| F|  |TAMS 0x000000008b500000, 0x000000008b500000| Untracked 
| 152|0x000000008b600000, 0x000000008b600000, 0x000000008b700000|  0%| F|  |TAMS 0x000000008b600000, 0x000000008b600000| Untracked 
| 153|0x000000008b700000, 0x000000008b700000, 0x000000008b800000|  0%| F|  |TAMS 0x000000008b700000, 0x000000008b700000| Untracked 
| 154|0x000000008b800000, 0x000000008b800000, 0x000000008b900000|  0%| F|  |TAMS 0x000000008b800000, 0x000000008b800000| Untracked 
| 155|0x000000008b900000, 0x000000008b900000, 0x000000008ba00000|  0%| F|  |TAMS 0x000000008b900000, 0x000000008b900000| Untracked 
| 156|0x000000008ba00000, 0x000000008ba00000, 0x000000008bb00000|  0%| F|  |TAMS 0x000000008ba00000, 0x000000008ba00000| Untracked 
| 157|0x000000008bb00000, 0x000000008bb00000, 0x000000008bc00000|  0%| F|  |TAMS 0x000000008bb00000, 0x000000008bb00000| Untracked 
| 158|0x000000008bc00000, 0x000000008bc00000, 0x000000008bd00000|  0%| F|  |TAMS 0x000000008bc00000, 0x000000008bc00000| Untracked 
| 159|0x000000008bd00000, 0x000000008bd00000, 0x000000008be00000|  0%| F|  |TAMS 0x000000008bd00000, 0x000000008bd00000| Untracked 
| 160|0x000000008be00000, 0x000000008be708f0, 0x000000008bf00000| 43%| S|CS|TAMS 0x000000008be00000, 0x000000008be00000| Complete 
| 161|0x000000008bf00000, 0x000000008bfaa2f8, 0x000000008c000000| 66%| E|  |TAMS 0x000000008bf00000, 0x000000008bf00000| Complete 
| 162|0x000000008c000000, 0x000000008c100000, 0x000000008c100000|100%| E|CS|TAMS 0x000000008c000000, 0x000000008c000000| Complete 

Card table byte_map: [0x00000289f3d00000,0x00000289f4100000] _byte_map_base: 0x00000289f38f1000

Marking Bits (Prev, Next): (CMBitMap*) 0x00000289f02a58d0, (CMBitMap*) 0x00000289f02a5910
 Prev Bits: [0x00000289f4500000, 0x00000289f6488000)
 Next Bits: [0x00000289f6490000, 0x00000289f8418000)

Polling page: 0x00000289efa00000

Metaspace:

Usage:
  Non-class:     28.75 MB used.
      Class:      3.90 MB used.
       Both:     32.65 MB used.

Virtual space:
  Non-class space:       64.00 MB reserved,      28.88 MB ( 45%) committed,  1 nodes.
      Class space:        1.00 GB reserved,       4.06 MB ( <1%) committed,  1 nodes.
             Both:        1.06 GB reserved,      32.94 MB (  3%) committed. 

Chunk freelists:
   Non-Class:  2.34 MB
       Class:  11.98 MB
        Both:  14.32 MB

MaxMetaspaceSize: unlimited
CompressedClassSpaceSize: 1.00 GB
Initial GC threshold: 21.00 MB
Current GC threshold: 54.38 MB
CDS: off
MetaspaceReclaimPolicy: balanced
 - commit_granule_bytes: 65536.
 - commit_granule_words: 8192.
 - virtual_space_node_default_size: 8388608.
 - enlarge_chunks_in_place: 1.
 - new_chunks_are_fully_committed: 0.
 - uncommit_free_chunks: 1.
 - use_allocation_guard: 0.
 - handle_deallocations: 1.


Internal statistics:

num_allocs_failed_limit: 3.
num_arena_births: 252.
num_arena_deaths: 0.
num_vsnodes_births: 2.
num_vsnodes_deaths: 0.
num_space_committed: 527.
num_space_uncommitted: 0.
num_chunks_returned_to_freelist: 3.
num_chunks_taken_from_freelist: 1025.
num_chunk_merges: 0.
num_chunk_splits: 705.
num_chunks_enlarged: 556.
num_inconsistent_stats: 0.

CodeHeap 'non-profiled nmethods': size=120000Kb used=3428Kb max_used=3428Kb free=116571Kb
 bounds [0x0000028987ad0000, 0x0000028987e30000, 0x000002898f000000]
CodeHeap 'profiled nmethods': size=120000Kb used=10442Kb max_used=12117Kb free=109557Kb
 bounds [0x0000028980000000, 0x0000028980be0000, 0x0000028987530000]
CodeHeap 'non-nmethods': size=5760Kb used=1575Kb max_used=1610Kb free=4184Kb
 bounds [0x0000028987530000, 0x00000289877a0000, 0x0000028987ad0000]
 total_blobs=6316 nmethods=5337 adapters=890
 compilation: enabled
              stopped_count=0, restarted_count=0
 full_count=0

Compilation events (20 events):
Event: 66.393 Thread 0x00000289fa993af0 6145       4       java.lang.StringConcatHelper::prepend (22 bytes)
Event: 66.398 Thread 0x00000289fa993af0 nmethod 6145 0x0000028987e26790 code [0x0000028987e26920, 0x0000028987e26bb8]
Event: 66.398 Thread 0x00000289fa993af0 6146       4       com.sun.prism.d3d.D3DShader::setConstant (22 bytes)
Event: 66.428 Thread 0x00000289fa993af0 nmethod 6146 0x0000028987e26e90 code [0x0000028987e27060, 0x0000028987e27a08]
Event: 66.563 Thread 0x00000289fa9944b0 6147       3       com.sun.javafx.scene.control.skin.Utils::computeTextWidth (47 bytes)
Event: 66.563 Thread 0x00000289fa9944b0 nmethod 6147 0x0000028980ad9c90 code [0x0000028980ad9ea0, 0x0000028980ada3d8]
Event: 66.564 Thread 0x00000289fa9944b0 6148       3       javafx.scene.layout.AnchorPane::layoutChildren (346 bytes)
Event: 66.570 Thread 0x00000289fa9944b0 nmethod 6148 0x0000028980603f10 code [0x0000028980604660, 0x0000028980609a98]
Event: 66.570 Thread 0x00000289fa9944b0 6149       3       com.sun.javafx.scene.layout.RegionHelper::computeLayoutBoundsImpl (10 bytes)
Event: 66.571 Thread 0x00000289fa9944b0 nmethod 6149 0x0000028980167d90 code [0x0000028980167f40, 0x0000028980168228]
Event: 66.571 Thread 0x00000289fa9944b0 6150       3       com.sun.javafx.geom.transform.Affine2D::deriveWithTranslation (8 bytes)
Event: 66.571 Thread 0x00000289fa9944b0 nmethod 6150 0x0000028980549f90 code [0x000002898054a120, 0x000002898054a2e8]
Event: 66.575 Thread 0x00000289fa9944b0 6151       3       javafx.scene.control.SkinBase::snappedRightInset (8 bytes)
Event: 66.576 Thread 0x00000289fa9944b0 nmethod 6151 0x000002898055f110 code [0x000002898055f360, 0x000002898055fc58]
Event: 67.293 Thread 0x00000289fa993af0 6152       4       com.sun.javafx.tk.quantum.QuantumToolkit::postPulse (133 bytes)
Event: 67.297 Thread 0x00000289fa993af0 nmethod 6152 0x0000028987e28290 code [0x0000028987e28440, 0x0000028987e286a8]
Event: 67.552 Thread 0x00000289fa993af0 6153       4       java.util.concurrent.atomic.AtomicInteger::incrementAndGet (14 bytes)
Event: 67.553 Thread 0x00000289fa993af0 nmethod 6153 0x0000028987e28a10 code [0x0000028987e28b80, 0x0000028987e28c18]
Event: 67.755 Thread 0x00000289fa993af0 6154       4       jdk.internal.org.objectweb.asm.MethodWriter::visitCode (1 bytes)
Event: 67.755 Thread 0x00000289fa993af0 nmethod 6154 0x0000028987e28d10 code [0x0000028987e28e80, 0x0000028987e28ef8]

GC Heap History (20 events):
Event: 61.949 GC heap before
{Heap before GC invocations=79 (full 0):
 garbage-first heap   total 166912K, used 76608K [0x0000000081e00000, 0x0000000100000000)
  region size 1024K, 3 young (3072K), 1 survivors (1024K)
 Metaspace       used 33352K, committed 33600K, reserved 1114112K
  class space    used 3984K, committed 4096K, reserved 1048576K
}
Event: 61.951 GC heap after
{Heap after GC invocations=80 (full 0):
 garbage-first heap   total 166912K, used 48974K [0x0000000081e00000, 0x0000000100000000)
  region size 1024K, 1 young (1024K), 1 survivors (1024K)
 Metaspace       used 33352K, committed 33600K, reserved 1114112K
  class space    used 3984K, committed 4096K, reserved 1048576K
}
Event: 62.544 GC heap before
{Heap before GC invocations=80 (full 0):
 garbage-first heap   total 166912K, used 76622K [0x0000000081e00000, 0x0000000100000000)
  region size 1024K, 3 young (3072K), 1 survivors (1024K)
 Metaspace       used 33378K, committed 33664K, reserved 1114112K
  class space    used 3989K, committed 4160K, reserved 1048576K
}
Event: 62.546 GC heap after
{Heap after GC invocations=81 (full 0):
 garbage-first heap   total 166912K, used 48999K [0x0000000081e00000, 0x0000000100000000)
  region size 1024K, 1 young (1024K), 1 survivors (1024K)
 Metaspace       used 33378K, committed 33664K, reserved 1114112K
  class space    used 3989K, committed 4160K, reserved 1048576K
}
Event: 63.250 GC heap before
{Heap before GC invocations=81 (full 0):
 garbage-first heap   total 166912K, used 76647K [0x0000000081e00000, 0x0000000100000000)
  region size 1024K, 3 young (3072K), 1 survivors (1024K)
 Metaspace       used 33385K, committed 33664K, reserved 1114112K
  class space    used 3989K, committed 4160K, reserved 1048576K
}
Event: 63.251 GC heap after
{Heap after GC invocations=82 (full 0):
 garbage-first heap   total 166912K, used 49001K [0x0000000081e00000, 0x0000000100000000)
  region size 1024K, 1 young (1024K), 1 survivors (1024K)
 Metaspace       used 33385K, committed 33664K, reserved 1114112K
  class space    used 3989K, committed 4160K, reserved 1048576K
}
Event: 63.857 GC heap before
{Heap before GC invocations=82 (full 0):
 garbage-first heap   total 166912K, used 76649K [0x0000000081e00000, 0x0000000100000000)
  region size 1024K, 3 young (3072K), 1 survivors (1024K)
 Metaspace       used 33385K, committed 33664K, reserved 1114112K
  class space    used 3989K, committed 4160K, reserved 1048576K
}
Event: 63.859 GC heap after
{Heap after GC invocations=83 (full 0):
 garbage-first heap   total 166912K, used 49003K [0x0000000081e00000, 0x0000000100000000)
  region size 1024K, 1 young (1024K), 1 survivors (1024K)
 Metaspace       used 33385K, committed 33664K, reserved 1114112K
  class space    used 3989K, committed 4160K, reserved 1048576K
}
Event: 64.543 GC heap before
{Heap before GC invocations=83 (full 0):
 garbage-first heap   total 166912K, used 76651K [0x0000000081e00000, 0x0000000100000000)
  region size 1024K, 3 young (3072K), 1 survivors (1024K)
 Metaspace       used 33385K, committed 33664K, reserved 1114112K
  class space    used 3989K, committed 4160K, reserved 1048576K
}
Event: 64.545 GC heap after
{Heap after GC invocations=84 (full 0):
 garbage-first heap   total 166912K, used 48999K [0x0000000081e00000, 0x0000000100000000)
  region size 1024K, 1 young (1024K), 1 survivors (1024K)
 Metaspace       used 33385K, committed 33664K, reserved 1114112K
  class space    used 3989K, committed 4160K, reserved 1048576K
}
Event: 65.153 GC heap before
{Heap before GC invocations=84 (full 0):
 garbage-first heap   total 166912K, used 76647K [0x0000000081e00000, 0x0000000100000000)
  region size 1024K, 3 young (3072K), 1 survivors (1024K)
 Metaspace       used 33385K, committed 33664K, reserved 1114112K
  class space    used 3989K, committed 4160K, reserved 1048576K
}
Event: 65.154 GC heap after
{Heap after GC invocations=85 (full 0):
 garbage-first heap   total 166912K, used 49011K [0x0000000081e00000, 0x0000000100000000)
  region size 1024K, 1 young (1024K), 1 survivors (1024K)
 Metaspace       used 33385K, committed 33664K, reserved 1114112K
  class space    used 3989K, committed 4160K, reserved 1048576K
}
Event: 65.852 GC heap before
{Heap before GC invocations=85 (full 0):
 garbage-first heap   total 166912K, used 76659K [0x0000000081e00000, 0x0000000100000000)
  region size 1024K, 3 young (3072K), 1 survivors (1024K)
 Metaspace       used 33387K, committed 33664K, reserved 1114112K
  class space    used 3989K, committed 4160K, reserved 1048576K
}
Event: 65.854 GC heap after
{Heap after GC invocations=86 (full 0):
 garbage-first heap   total 166912K, used 49017K [0x0000000081e00000, 0x0000000100000000)
  region size 1024K, 1 young (1024K), 1 survivors (1024K)
 Metaspace       used 33387K, committed 33664K, reserved 1114112K
  class space    used 3989K, committed 4160K, reserved 1048576K
}
Event: 66.449 GC heap before
{Heap before GC invocations=86 (full 0):
 garbage-first heap   total 166912K, used 76665K [0x0000000081e00000, 0x0000000100000000)
  region size 1024K, 3 young (3072K), 1 survivors (1024K)
 Metaspace       used 33398K, committed 33728K, reserved 1114112K
  class space    used 3989K, committed 4160K, reserved 1048576K
}
Event: 66.451 GC heap after
{Heap after GC invocations=87 (full 0):
 garbage-first heap   total 166912K, used 49020K [0x0000000081e00000, 0x0000000100000000)
  region size 1024K, 1 young (1024K), 1 survivors (1024K)
 Metaspace       used 33398K, committed 33728K, reserved 1114112K
  class space    used 3989K, committed 4160K, reserved 1048576K
}
Event: 67.152 GC heap before
{Heap before GC invocations=87 (full 0):
 garbage-first heap   total 166912K, used 76668K [0x0000000081e00000, 0x0000000100000000)
  region size 1024K, 3 young (3072K), 1 survivors (1024K)
 Metaspace       used 33404K, committed 33728K, reserved 1114112K
  class space    used 3989K, committed 4160K, reserved 1048576K
}
Event: 67.154 GC heap after
{Heap after GC invocations=88 (full 0):
 garbage-first heap   total 166912K, used 49028K [0x0000000081e00000, 0x0000000100000000)
  region size 1024K, 1 young (1024K), 1 survivors (1024K)
 Metaspace       used 33404K, committed 33728K, reserved 1114112K
  class space    used 3989K, committed 4160K, reserved 1048576K
}
Event: 67.801 GC heap before
{Heap before GC invocations=88 (full 0):
 garbage-first heap   total 166912K, used 76676K [0x0000000081e00000, 0x0000000100000000)
  region size 1024K, 3 young (3072K), 1 survivors (1024K)
 Metaspace       used 33414K, committed 33728K, reserved 1114112K
  class space    used 3992K, committed 4160K, reserved 1048576K
}
Event: 67.803 GC heap after
{Heap after GC invocations=89 (full 0):
 garbage-first heap   total 166912K, used 51065K [0x0000000081e00000, 0x0000000100000000)
  region size 1024K, 1 young (1024K), 1 survivors (1024K)
 Metaspace       used 33414K, committed 33728K, reserved 1114112K
  class space    used 3992K, committed 4160K, reserved 1048576K
}

Dll operation events (20 events):
Event: 4.940 Loaded shared library C:\Users\Jay\.javacpp\cache\opencv-3.2.0-1.3-windows-x86_64.jar\org\bytedeco\javacpp\windows-x86_64\opencv_core320.dll
Event: 4.951 Loaded shared library C:\Users\Jay\.javacpp\cache\opencv-3.2.0-1.3-windows-x86_64.jar\org\bytedeco\javacpp\windows-x86_64\opencv_imgproc320.dll
Event: 4.961 Loaded shared library C:\Users\Jay\.javacpp\cache\opencv-3.2.0-1.3-windows-x86_64.jar\org\bytedeco\javacpp\windows-x86_64\jniopencv_core.dll
Event: 5.289 Loaded shared library C:\Users\Jay\.javacpp\cache\opencv-3.2.0-1.3-windows-x86_64.jar\org\bytedeco\javacpp\windows-x86_64\jniopencv_imgproc.dll
Event: 5.348 Loaded shared library C:\Users\Jay\.javacpp\cache\opencv-3.2.0-1.3-windows-x86_64.jar\org\bytedeco\javacpp\windows-x86_64\opencv_imgcodecs320.dll
Event: 5.357 Loaded shared library C:\Users\Jay\.javacpp\cache\opencv-3.2.0-1.3-windows-x86_64.jar\org\bytedeco\javacpp\windows-x86_64\jniopencv_imgcodecs.dll
Event: 5.512 Loaded shared library C:\Users\Jay\.javacpp\cache\opencv-3.2.0-1.3-windows-x86_64.jar\org\bytedeco\javacpp\windows-x86_64\opencv_videoio320.dll
Event: 5.523 Loaded shared library C:\Users\Jay\.javacpp\cache\opencv-3.2.0-1.3-windows-x86_64.jar\org\bytedeco\javacpp\windows-x86_64\jniopencv_videoio.dll
Event: 5.605 Loaded shared library C:\Users\Jay\.javacpp\cache\opencv-3.2.0-1.3-windows-x86_64.jar\org\bytedeco\javacpp\windows-x86_64\opencv_highgui320.dll
Event: 5.614 Loaded shared library C:\Users\Jay\.javacpp\cache\opencv-3.2.0-1.3-windows-x86_64.jar\org\bytedeco\javacpp\windows-x86_64\jniopencv_highgui.dll
Event: 5.658 Loaded shared library C:\Users\Jay\.javacpp\cache\opencv-3.2.0-1.3-windows-x86_64.jar\org\bytedeco\javacpp\windows-x86_64\opencv_ml320.dll
Event: 5.667 Loaded shared library C:\Users\Jay\.javacpp\cache\opencv-3.2.0-1.3-windows-x86_64.jar\org\bytedeco\javacpp\windows-x86_64\jniopencv_ml.dll
Event: 5.777 Loaded shared library C:\Users\Jay\.javacpp\cache\opencv-3.2.0-1.3-windows-x86_64.jar\org\bytedeco\javacpp\windows-x86_64\opencv_objdetect320.dll
Event: 5.786 Loaded shared library C:\Users\Jay\.javacpp\cache\opencv-3.2.0-1.3-windows-x86_64.jar\org\bytedeco\javacpp\windows-x86_64\jniopencv_objdetect.dll
Event: 5.878 Loaded shared library C:\Users\Jay\.javacpp\cache\opencv-3.2.0-1.3-windows-x86_64.jar\org\bytedeco\javacpp\windows-x86_64\opencv_face320.dll
Event: 5.886 Loaded shared library C:\Users\Jay\.javacpp\cache\opencv-3.2.0-1.3-windows-x86_64.jar\org\bytedeco\javacpp\windows-x86_64\jniopencv_face.dll
Event: 7.449 Loaded shared library C:\Windows\System32\ole32.dll
Event: 7.455 Loaded shared library C:\Windows\System32\oleaut32.dll
Event: 7.480 Loaded shared library C:\Users\Jay\.javacpp\cache\videoinput-0.200-1.3-windows-x86_64.jar\org\bytedeco\javacpp\windows-x86_64\jnivideoInputLib.dll
Event: 9.553 Loaded shared library C:\Users\Jay\.p2\pool\plugins\org.eclipse.justj.openjdk.hotspot.jre.full.win32.x86_64_17.0.8.v20230801-1951\jre\bin\awt.dll

Deoptimization events (20 events):
Event: 65.448 Thread 0x00000289fa98ba70 Uncommon trap: trap_request=0xffffff45 fr.pc=0x0000028987e1f4e4 relative=0x0000000000001304
Event: 65.448 Thread 0x00000289fa98ba70 Uncommon trap: reason=unstable_if action=reinterpret pc=0x0000028987e1f4e4 method=javafx.scene.Node.updateBounds()V @ 37 c2
Event: 65.448 Thread 0x00000289fa98ba70 DEOPT PACKING pc=0x0000028987e1f4e4 sp=0x000000e388efc3a0
Event: 65.448 Thread 0x00000289fa98ba70 DEOPT UNPACKING pc=0x00000289875869a3 sp=0x000000e388efc370 mode 2
Event: 66.563 Thread 0x00000289fa98ba70 Uncommon trap: trap_request=0xffffff45 fr.pc=0x0000028987c2b7ec relative=0x00000000000000ac
Event: 66.563 Thread 0x00000289fa98ba70 Uncommon trap: reason=unstable_if action=reinterpret pc=0x0000028987c2b7ec method=com.sun.javafx.geom.transform.Translate2D.isIdentity()Z @ 15 c2
Event: 66.563 Thread 0x00000289fa98ba70 DEOPT PACKING pc=0x0000028987c2b7ec sp=0x000000e388efbfe0
Event: 66.563 Thread 0x00000289fa98ba70 DEOPT UNPACKING pc=0x00000289875869a3 sp=0x000000e388efbf70 mode 2
Event: 67.743 Thread 0x00000289fa98ba70 Uncommon trap: trap_request=0xffffffc6 fr.pc=0x0000028987de72d0 relative=0x0000000000000630
Event: 67.743 Thread 0x00000289fa98ba70 Uncommon trap: reason=bimorphic_or_optimized_type_check action=maybe_recompile pc=0x0000028987de72d0 method=java.util.LinkedList.remove(Ljava/lang/Object;)Z @ 53 c2
Event: 67.743 Thread 0x00000289fa98ba70 DEOPT PACKING pc=0x0000028987de72d0 sp=0x000000e388efcc00
Event: 67.743 Thread 0x00000289fa98ba70 DEOPT UNPACKING pc=0x00000289875869a3 sp=0x000000e388efcbc0 mode 2
Event: 67.751 Thread 0x00000289fa98ba70 Uncommon trap: trap_request=0xffffffc6 fr.pc=0x0000028987de72d0 relative=0x0000000000000630
Event: 67.751 Thread 0x00000289fa98ba70 Uncommon trap: reason=bimorphic_or_optimized_type_check action=maybe_recompile pc=0x0000028987de72d0 method=java.util.LinkedList.remove(Ljava/lang/Object;)Z @ 53 c2
Event: 67.751 Thread 0x00000289fa98ba70 DEOPT PACKING pc=0x0000028987de72d0 sp=0x000000e388efca60
Event: 67.751 Thread 0x00000289fa98ba70 DEOPT UNPACKING pc=0x00000289875869a3 sp=0x000000e388efca20 mode 2
Event: 67.751 Thread 0x00000289fa98ba70 Uncommon trap: trap_request=0xffffff76 fr.pc=0x0000028987ce5818 relative=0x00000000000004d8
Event: 67.751 Thread 0x00000289fa98ba70 Uncommon trap: reason=predicate action=maybe_recompile pc=0x0000028987ce5818 method=java.util.ArrayList.remove(Ljava/lang/Object;)Z @ 42 c2
Event: 67.751 Thread 0x00000289fa98ba70 DEOPT PACKING pc=0x0000028987ce5818 sp=0x000000e388efcaa0
Event: 67.751 Thread 0x00000289fa98ba70 DEOPT UNPACKING pc=0x00000289875869a3 sp=0x000000e388efca70 mode 2

Classes unloaded (0 events):
No events

Classes redefined (0 events):
No events

Internal exceptions (20 events):
Event: 42.155 Thread 0x00000289fa98ba70 Exception <a 'sun/nio/fs/WindowsException'{0x000000008c0c7b68}> (0x000000008c0c7b68) 
thrown [s\src\hotspot\share\prims\jni.cpp, line 516]
Event: 46.030 Thread 0x00000289fa98ba70 Exception <a 'sun/nio/fs/WindowsException'{0x000000008c0e2120}> (0x000000008c0e2120) 
thrown [s\src\hotspot\share\prims\jni.cpp, line 516]
Event: 52.607 Thread 0x00000289fa98ba70 Exception <a 'sun/nio/fs/WindowsException'{0x000000008c0c54f8}> (0x000000008c0c54f8) 
thrown [s\src\hotspot\share\prims\jni.cpp, line 516]
Event: 59.972 Thread 0x00000289ff42efc0 Exception <a 'sun/nio/fs/WindowsException'{0x000000008bf6f568}> (0x000000008bf6f568) 
thrown [s\src\hotspot\share\prims\jni.cpp, line 516]
Event: 59.974 Thread 0x00000289ff42efc0 Exception <a 'sun/nio/fs/WindowsException'{0x000000008bf6fed0}> (0x000000008bf6fed0) 
thrown [s\src\hotspot\share\prims\jni.cpp, line 516]
Event: 59.975 Thread 0x00000289ff42efc0 Exception <a 'sun/nio/fs/WindowsException'{0x000000008bf70838}> (0x000000008bf70838) 
thrown [s\src\hotspot\share\prims\jni.cpp, line 516]
Event: 59.976 Thread 0x00000289ff42efc0 Exception <a 'sun/nio/fs/WindowsException'{0x000000008bf711a0}> (0x000000008bf711a0) 
thrown [s\src\hotspot\share\prims\jni.cpp, line 516]
Event: 59.978 Thread 0x00000289ff42efc0 Exception <a 'sun/nio/fs/WindowsException'{0x000000008bf71b08}> (0x000000008bf71b08) 
thrown [s\src\hotspot\share\prims\jni.cpp, line 516]
Event: 59.993 Thread 0x00000289fa98ba70 Exception <a 'sun/nio/fs/WindowsException'{0x000000008c0bad58}> (0x000000008c0bad58) 
thrown [s\src\hotspot\share\prims\jni.cpp, line 516]
Event: 59.995 Thread 0x00000289ff42efc0 Exception <a 'sun/nio/fs/WindowsException'{0x000000008bf72468}> (0x000000008bf72468) 
thrown [s\src\hotspot\share\prims\jni.cpp, line 516]
Event: 59.995 Thread 0x00000289fa98ba70 Exception <a 'sun/nio/fs/WindowsException'{0x000000008c0bb638}> (0x000000008c0bb638) 
thrown [s\src\hotspot\share\prims\jni.cpp, line 516]
Event: 59.996 Thread 0x00000289ff42efc0 Exception <a 'sun/nio/fs/WindowsException'{0x000000008bf72a48}> (0x000000008bf72a48) 
thrown [s\src\hotspot\share\prims\jni.cpp, line 516]
Event: 59.996 Thread 0x00000289fa98ba70 Exception <a 'sun/nio/fs/WindowsException'{0x000000008c0bbe80}> (0x000000008c0bbe80) 
thrown [s\src\hotspot\share\prims\jni.cpp, line 516]
Event: 59.998 Thread 0x00000289ff42efc0 Exception <a 'sun/nio/fs/WindowsException'{0x000000008bf73028}> (0x000000008bf73028) 
thrown [s\src\hotspot\share\prims\jni.cpp, line 516]
Event: 59.998 Thread 0x00000289fa98ba70 Exception <a 'sun/nio/fs/WindowsException'{0x000000008c0bc6c8}> (0x000000008c0bc6c8) 
thrown [s\src\hotspot\share\prims\jni.cpp, line 516]
Event: 59.999 Thread 0x00000289ff42efc0 Exception <a 'sun/nio/fs/WindowsException'{0x000000008bf73608}> (0x000000008bf73608) 
thrown [s\src\hotspot\share\prims\jni.cpp, line 516]
Event: 59.999 Thread 0x00000289fa98ba70 Exception <a 'sun/nio/fs/WindowsException'{0x000000008c0bcf10}> (0x000000008c0bcf10) 
thrown [s\src\hotspot\share\prims\jni.cpp, line 516]
Event: 60.001 Thread 0x00000289ff42efc0 Exception <a 'sun/nio/fs/WindowsException'{0x000000008bf73be8}> (0x000000008bf73be8) 
thrown [s\src\hotspot\share\prims\jni.cpp, line 516]
Event: 60.061 Thread 0x00000289fa98ba70 Implicit null exception at 0x0000028987d84f50 to 0x0000028987d8500c
Event: 62.307 Thread 0x00000289fa98ba70 Exception <a 'java/lang/NoSuchMethodError'{0x000000008c049600}: 'java.lang.Object java.lang.invoke.DirectMethodHandle$Holder.newInvokeSpecial(java.lang.Object, java.lang.Object, java.lang.Object, double, double, double, double, int, int, int, int, int, int, int, int, int)'> (0x000000008c049600) 
thrown [s\src\hotspot\share\interpreter\linkResolver.cpp, line 759]

VM Operations (20 events):
Event: 61.949 Executing VM operation: G1TryInitiateConcMark
Event: 61.951 Executing VM operation: G1TryInitiateConcMark done
Event: 62.544 Executing VM operation: G1TryInitiateConcMark
Event: 62.546 Executing VM operation: G1TryInitiateConcMark done
Event: 63.249 Executing VM operation: G1TryInitiateConcMark
Event: 63.251 Executing VM operation: G1TryInitiateConcMark done
Event: 63.857 Executing VM operation: G1TryInitiateConcMark
Event: 63.859 Executing VM operation: G1TryInitiateConcMark done
Event: 64.543 Executing VM operation: G1TryInitiateConcMark
Event: 64.545 Executing VM operation: G1TryInitiateConcMark done
Event: 65.152 Executing VM operation: G1TryInitiateConcMark
Event: 65.154 Executing VM operation: G1TryInitiateConcMark done
Event: 65.852 Executing VM operation: G1TryInitiateConcMark
Event: 65.854 Executing VM operation: G1TryInitiateConcMark done
Event: 66.449 Executing VM operation: G1TryInitiateConcMark
Event: 66.451 Executing VM operation: G1TryInitiateConcMark done
Event: 67.152 Executing VM operation: G1TryInitiateConcMark
Event: 67.154 Executing VM operation: G1TryInitiateConcMark done
Event: 67.801 Executing VM operation: G1TryInitiateConcMark
Event: 67.803 Executing VM operation: G1TryInitiateConcMark done

Events (20 events):
Event: 43.159 Thread 0x0000028995690b20 Thread exited: 0x0000028995690b20
Event: 46.031 Thread 0x000002899568fbf0 Thread added: 0x000002899568fbf0
Event: 47.033 Thread 0x000002899568fbf0 Thread exited: 0x000002899568fbf0
Event: 52.607 Thread 0x0000028995691f60 Thread added: 0x0000028995691f60
Event: 53.546 loading class java/text/StringCharacterIterator
Event: 53.546 loading class java/text/StringCharacterIterator done
Event: 53.608 Thread 0x0000028995691f60 Thread exited: 0x0000028995691f60
Event: 60.002 Thread 0x0000028995691f60 Thread added: 0x0000028995691f60
Event: 60.003 Thread 0x0000028995690b20 Thread added: 0x0000028995690b20
Event: 60.003 Thread 0x0000028995691f60 Thread exited: 0x0000028995691f60
Event: 60.004 Thread 0x000002899568ecc0 Thread added: 0x000002899568ecc0
Event: 60.004 Thread 0x0000028995690b20 Thread exited: 0x0000028995690b20
Event: 60.004 Thread 0x000002899568e7b0 Thread added: 0x000002899568e7b0
Event: 60.005 Thread 0x000002899568fbf0 Thread added: 0x000002899568fbf0
Event: 60.016 Thread 0x000002899568ecc0 Thread exited: 0x000002899568ecc0
Event: 60.017 Thread 0x000002899568e7b0 Thread exited: 0x000002899568e7b0
Event: 60.017 Thread 0x000002899568fbf0 Thread exited: 0x000002899568fbf0
Event: 60.030 Thread 0x000002899568ecc0 Thread added: 0x000002899568ecc0
Event: 60.082 Thread 0x000002899568ecc0 Thread exited: 0x000002899568ecc0
Event: 62.073 Thread 0x00000289ff42db80 Thread exited: 0x00000289ff42db80


Dynamic libraries:
0x00007ff642c60000 - 0x00007ff642c6e000 	C:\Users\Jay\.p2\pool\plugins\org.eclipse.justj.openjdk.hotspot.jre.full.win32.x86_64_17.0.8.v20230801-1951\jre\bin\javaw.exe
0x00007ff822e30000 - 0x00007ff823028000 	C:\WINDOWS\SYSTEM32\ntdll.dll
0x00007ff8229e0000 - 0x00007ff822a9d000 	C:\WINDOWS\System32\KERNEL32.DLL
0x00007ff820a30000 - 0x00007ff820cfe000 	C:\WINDOWS\System32\KERNELBASE.dll
0x00007ff820930000 - 0x00007ff820a30000 	C:\WINDOWS\System32\ucrtbase.dll
0x00007ff819d50000 - 0x00007ff819d67000 	C:\Users\Jay\.p2\pool\plugins\org.eclipse.justj.openjdk.hotspot.jre.full.win32.x86_64_17.0.8.v20230801-1951\jre\bin\jli.dll
0x00007ff819b60000 - 0x00007ff819b79000 	C:\Users\Jay\.p2\pool\plugins\org.eclipse.justj.openjdk.hotspot.jre.full.win32.x86_64_17.0.8.v20230801-1951\jre\bin\VCRUNTIME140.dll
0x00007ff8217a0000 - 0x00007ff821940000 	C:\WINDOWS\System32\USER32.dll
0x00007ff80f830000 - 0x00007ff80faca000 	C:\WINDOWS\WinSxS\amd64_microsoft.windows.common-controls_6595b64144ccf1df_6.0.19041.1110_none_60b5254171f9507e\COMCTL32.dll
0x00007ff820f50000 - 0x00007ff820f72000 	C:\WINDOWS\System32\win32u.dll
0x00007ff821c70000 - 0x00007ff821d0e000 	C:\WINDOWS\System32\msvcrt.dll
0x00007ff821a10000 - 0x00007ff821a3a000 	C:\WINDOWS\System32\GDI32.dll
0x00007ff820d30000 - 0x00007ff820e3b000 	C:\WINDOWS\System32\gdi32full.dll
0x00007ff820e40000 - 0x00007ff820edd000 	C:\WINDOWS\System32\msvcp_win.dll
0x00007ff822c90000 - 0x00007ff822cc0000 	C:\WINDOWS\System32\IMM32.DLL
0x00007ff81c0b0000 - 0x00007ff81c0bc000 	C:\Users\Jay\.p2\pool\plugins\org.eclipse.justj.openjdk.hotspot.jre.full.win32.x86_64_17.0.8.v20230801-1951\jre\bin\vcruntime140_1.dll
0x00007ff806000000 - 0x00007ff806091000 	C:\Users\Jay\.p2\pool\plugins\org.eclipse.justj.openjdk.hotspot.jre.full.win32.x86_64_17.0.8.v20230801-1951\jre\bin\msvcp140.dll
0x00007fffe32c0000 - 0x00007fffe3f0c000 	C:\Users\Jay\.p2\pool\plugins\org.eclipse.justj.openjdk.hotspot.jre.full.win32.x86_64_17.0.8.v20230801-1951\jre\bin\server\jvm.dll
0x00007ff822d40000 - 0x00007ff822dee000 	C:\WINDOWS\System32\ADVAPI32.dll
0x00007ff822bf0000 - 0x00007ff822c8c000 	C:\WINDOWS\System32\sechost.dll
0x00007ff821670000 - 0x00007ff821795000 	C:\WINDOWS\System32\RPCRT4.dll
0x00007ff8204b0000 - 0x00007ff8204fb000 	C:\WINDOWS\SYSTEM32\POWRPROF.dll
0x00007ff818d90000 - 0x00007ff818d99000 	C:\WINDOWS\SYSTEM32\WSOCK32.dll
0x00007ff822cc0000 - 0x00007ff822d2b000 	C:\WINDOWS\System32\WS2_32.dll
0x00007ff810280000 - 0x00007ff8102a7000 	C:\WINDOWS\SYSTEM32\WINMM.dll
0x00007ff80d9d0000 - 0x00007ff80d9da000 	C:\WINDOWS\SYSTEM32\VERSION.dll
0x00007ff820490000 - 0x00007ff8204a2000 	C:\WINDOWS\SYSTEM32\UMPDC.dll
0x00007ff81e530000 - 0x00007ff81e542000 	C:\WINDOWS\SYSTEM32\kernel.appcore.dll
0x00007ff815ce0000 - 0x00007ff815cea000 	C:\Users\Jay\.p2\pool\plugins\org.eclipse.justj.openjdk.hotspot.jre.full.win32.x86_64_17.0.8.v20230801-1951\jre\bin\jimage.dll
0x00007ff80cb20000 - 0x00007ff80cd04000 	C:\WINDOWS\SYSTEM32\DBGHELP.DLL
0x00007ff80caf0000 - 0x00007ff80cb1c000 	C:\WINDOWS\SYSTEM32\dbgcore.DLL
0x00007ff8207f0000 - 0x00007ff820872000 	C:\WINDOWS\System32\bcryptPrimitives.dll
0x00007ff8119b0000 - 0x00007ff8119d5000 	C:\Users\Jay\.p2\pool\plugins\org.eclipse.justj.openjdk.hotspot.jre.full.win32.x86_64_17.0.8.v20230801-1951\jre\bin\java.dll
0x00007ff813230000 - 0x00007ff813248000 	C:\Users\Jay\.p2\pool\plugins\org.eclipse.justj.openjdk.hotspot.jre.full.win32.x86_64_17.0.8.v20230801-1951\jre\bin\zip.dll
0x00007ff822180000 - 0x00007ff8228c3000 	C:\WINDOWS\System32\SHELL32.dll
0x00007ff81e730000 - 0x00007ff81eec5000 	C:\WINDOWS\SYSTEM32\windows.storage.dll
0x00007ff821040000 - 0x00007ff821394000 	C:\WINDOWS\System32\combase.dll
0x00007ff81ffd0000 - 0x00007ff820000000 	C:\WINDOWS\SYSTEM32\Wldp.dll
0x00007ff820f90000 - 0x00007ff82103d000 	C:\WINDOWS\System32\SHCORE.dll
0x00007ff822980000 - 0x00007ff8229d5000 	C:\WINDOWS\System32\shlwapi.dll
0x00007ff820580000 - 0x00007ff82059f000 	C:\WINDOWS\SYSTEM32\profapi.dll
0x00007ff811990000 - 0x00007ff8119a9000 	C:\Users\Jay\.p2\pool\plugins\org.eclipse.justj.openjdk.hotspot.jre.full.win32.x86_64_17.0.8.v20230801-1951\jre\bin\net.dll
0x00007ff814980000 - 0x00007ff814a8a000 	C:\WINDOWS\SYSTEM32\WINHTTP.dll
0x00007ff81fd30000 - 0x00007ff81fd9a000 	C:\WINDOWS\system32\mswsock.dll
0x00007ff811970000 - 0x00007ff811985000 	C:\Users\Jay\.p2\pool\plugins\org.eclipse.justj.openjdk.hotspot.jre.full.win32.x86_64_17.0.8.v20230801-1951\jre\bin\nio.dll
0x00000289f01c0000 - 0x00000289f01c3000 	C:\javafx-sdk-20.0.2\bin\api-ms-win-core-console-l1-1-0.dll
0x00000289f01d0000 - 0x00000289f01d3000 	C:\javafx-sdk-20.0.2\bin\api-ms-win-core-console-l1-2-0.dll
0x00000289f01e0000 - 0x00000289f01e3000 	C:\javafx-sdk-20.0.2\bin\api-ms-win-core-datetime-l1-1-0.dll
0x00000289f01f0000 - 0x00000289f01f3000 	C:\javafx-sdk-20.0.2\bin\api-ms-win-core-debug-l1-1-0.dll
0x00000289fae50000 - 0x00000289fae53000 	C:\javafx-sdk-20.0.2\bin\api-ms-win-core-errorhandling-l1-1-0.dll
0x00000289fae60000 - 0x00000289fae64000 	C:\javafx-sdk-20.0.2\bin\api-ms-win-core-file-l1-1-0.dll
0x00000289fae70000 - 0x00000289fae73000 	C:\javafx-sdk-20.0.2\bin\api-ms-win-core-file-l1-2-0.dll
0x00000289fae80000 - 0x00000289fae83000 	C:\javafx-sdk-20.0.2\bin\api-ms-win-core-file-l2-1-0.dll
0x00000289fae90000 - 0x00000289fae93000 	C:\javafx-sdk-20.0.2\bin\api-ms-win-core-handle-l1-1-0.dll
0x00000289faea0000 - 0x00000289faea3000 	C:\javafx-sdk-20.0.2\bin\api-ms-win-core-heap-l1-1-0.dll
0x00000289faeb0000 - 0x00000289faeb3000 	C:\javafx-sdk-20.0.2\bin\api-ms-win-core-interlocked-l1-1-0.dll
0x00000289faec0000 - 0x00000289faec3000 	C:\javafx-sdk-20.0.2\bin\api-ms-win-core-libraryloader-l1-1-0.dll
0x00000289faed0000 - 0x00000289faed3000 	C:\javafx-sdk-20.0.2\bin\api-ms-win-core-localization-l1-2-0.dll
0x00000289faee0000 - 0x00000289faee3000 	C:\javafx-sdk-20.0.2\bin\api-ms-win-core-memory-l1-1-0.dll
0x00000289faef0000 - 0x00000289faef3000 	C:\javafx-sdk-20.0.2\bin\api-ms-win-core-namedpipe-l1-1-0.dll
0x00000289faf00000 - 0x00000289faf03000 	C:\javafx-sdk-20.0.2\bin\api-ms-win-core-processenvironment-l1-1-0.dll
0x00000289faf10000 - 0x00000289faf13000 	C:\javafx-sdk-20.0.2\bin\api-ms-win-core-processthreads-l1-1-0.dll
0x00000289faf20000 - 0x00000289faf23000 	C:\javafx-sdk-20.0.2\bin\api-ms-win-core-processthreads-l1-1-1.dll
0x00000289faf30000 - 0x00000289faf33000 	C:\javafx-sdk-20.0.2\bin\api-ms-win-core-profile-l1-1-0.dll
0x00000289faf40000 - 0x00000289faf43000 	C:\javafx-sdk-20.0.2\bin\api-ms-win-core-rtlsupport-l1-1-0.dll
0x00000289faf50000 - 0x00000289faf53000 	C:\javafx-sdk-20.0.2\bin\api-ms-win-core-string-l1-1-0.dll
0x00000289faf60000 - 0x00000289faf63000 	C:\javafx-sdk-20.0.2\bin\api-ms-win-core-synch-l1-1-0.dll
0x00000289faf70000 - 0x00000289faf73000 	C:\javafx-sdk-20.0.2\bin\api-ms-win-core-synch-l1-2-0.dll
0x00000289faf80000 - 0x00000289faf83000 	C:\javafx-sdk-20.0.2\bin\api-ms-win-core-sysinfo-l1-1-0.dll
0x00000289faf90000 - 0x00000289faf93000 	C:\javafx-sdk-20.0.2\bin\api-ms-win-core-timezone-l1-1-0.dll
0x00000289fafa0000 - 0x00000289fafa3000 	C:\javafx-sdk-20.0.2\bin\api-ms-win-core-util-l1-1-0.dll
0x00000289fafb0000 - 0x00000289fafb3000 	C:\javafx-sdk-20.0.2\bin\api-ms-win-crt-conio-l1-1-0.dll
0x00000289fafc0000 - 0x00000289fafc4000 	C:\javafx-sdk-20.0.2\bin\api-ms-win-crt-convert-l1-1-0.dll
0x00000289fafd0000 - 0x00000289fafd3000 	C:\javafx-sdk-20.0.2\bin\api-ms-win-crt-environment-l1-1-0.dll
0x00000289fafe0000 - 0x00000289fafe3000 	C:\javafx-sdk-20.0.2\bin\api-ms-win-crt-filesystem-l1-1-0.dll
0x00000289faff0000 - 0x00000289faff3000 	C:\javafx-sdk-20.0.2\bin\api-ms-win-crt-heap-l1-1-0.dll
0x00000289ff800000 - 0x00000289ff803000 	C:\javafx-sdk-20.0.2\bin\api-ms-win-crt-locale-l1-1-0.dll
0x00000289ff810000 - 0x00000289ff815000 	C:\javafx-sdk-20.0.2\bin\api-ms-win-crt-math-l1-1-0.dll
0x00000289ff820000 - 0x00000289ff825000 	C:\javafx-sdk-20.0.2\bin\api-ms-win-crt-multibyte-l1-1-0.dll
0x00000289ff830000 - 0x00000289ff840000 	C:\javafx-sdk-20.0.2\bin\api-ms-win-crt-private-l1-1-0.dll
0x00000289ff840000 - 0x00000289ff843000 	C:\javafx-sdk-20.0.2\bin\api-ms-win-crt-process-l1-1-0.dll
0x00000289ff850000 - 0x00000289ff854000 	C:\javafx-sdk-20.0.2\bin\api-ms-win-crt-runtime-l1-1-0.dll
0x00000289ff860000 - 0x00000289ff864000 	C:\javafx-sdk-20.0.2\bin\api-ms-win-crt-stdio-l1-1-0.dll
0x00000289ff870000 - 0x00000289ff874000 	C:\javafx-sdk-20.0.2\bin\api-ms-win-crt-string-l1-1-0.dll
0x00000289ff880000 - 0x00000289ff883000 	C:\javafx-sdk-20.0.2\bin\api-ms-win-crt-time-l1-1-0.dll
0x00000289ff890000 - 0x00000289ff893000 	C:\javafx-sdk-20.0.2\bin\api-ms-win-crt-utility-l1-1-0.dll
0x00007ffff8dc0000 - 0x00007ffff8ebc000 	C:\javafx-sdk-20.0.2\bin\ucrtbase.dll
0x00007ff819b40000 - 0x00007ff819b5b000 	C:\javafx-sdk-20.0.2\bin\vcruntime140.dll
0x00007ff81b6a0000 - 0x00007ff81b6ac000 	C:\javafx-sdk-20.0.2\bin\vcruntime140_1.dll
0x00007ff819a40000 - 0x00007ff819ace000 	C:\javafx-sdk-20.0.2\bin\msvcp140.dll
0x00007ff81b310000 - 0x00007ff81b319000 	C:\javafx-sdk-20.0.2\bin\msvcp140_1.dll
0x00007ff819480000 - 0x00007ff8194b0000 	C:\javafx-sdk-20.0.2\bin\msvcp140_2.dll
0x00007ff817130000 - 0x00007ff81715f000 	C:\javafx-sdk-20.0.2\bin\prism_d3d.dll
0x00007fffeeb60000 - 0x00007fffeed2f000 	C:\WINDOWS\system32\d3d9.dll
0x00007ff81e320000 - 0x00007ff81e34f000 	C:\WINDOWS\SYSTEM32\dwmapi.dll
0x00007ff81e050000 - 0x00007ff81e0ee000 	C:\WINDOWS\system32\uxtheme.dll
0x00007ff821940000 - 0x00007ff821a0d000 	C:\WINDOWS\System32\OLEAUT32.dll
0x00007ff822ac0000 - 0x00007ff822bea000 	C:\WINDOWS\System32\ole32.dll
0x00007ff821d10000 - 0x00007ff82217f000 	C:\WINDOWS\System32\SETUPAPI.dll
0x00007ff8207a0000 - 0x00007ff8207ee000 	C:\WINDOWS\System32\cfgmgr32.dll
0x00007ff820d00000 - 0x00007ff820d27000 	C:\WINDOWS\System32\bcrypt.dll
0x00007ff80aaa0000 - 0x00007ff80aae2000 	C:\javafx-sdk-20.0.2\bin\glass.dll
0x00007ff821410000 - 0x00007ff8214ea000 	C:\WINDOWS\System32\COMDLG32.dll
0x00007ff821550000 - 0x00007ff821665000 	C:\WINDOWS\System32\MSCTF.dll
0x00007ff81b5a0000 - 0x00007ff81b5db000 	C:\WINDOWS\SYSTEM32\dxcore.dll
0x00007ff819460000 - 0x00007ff819474000 	C:\javafx-sdk-20.0.2\bin\javafx_font.dll
0x00007ff8120c0000 - 0x00007ff8120ed000 	C:\javafx-sdk-20.0.2\bin\javafx_iio.dll
0x00007ff816d50000 - 0x00007ff816fcf000 	C:\WINDOWS\SYSTEM32\dwrite.dll
0x00007ff8228d0000 - 0x00007ff822979000 	C:\WINDOWS\System32\clbcatq.dll
0x00007ff819160000 - 0x00007ff819314000 	C:\WINDOWS\SYSTEM32\WindowsCodecs.dll
0x00007ff8074a0000 - 0x00007ff8074de000 	C:\WINDOWS\system32\dataexchange.dll
0x00007ff81ca10000 - 0x00007ff81cbf4000 	C:\WINDOWS\system32\dcomp.dll
0x00007ff81c7a0000 - 0x00007ff81ca03000 	C:\WINDOWS\system32\d3d11.dll
0x00007ff81ef30000 - 0x00007ff81f023000 	C:\WINDOWS\system32\dxgi.dll
0x00007ff818de0000 - 0x00007ff818fe0000 	C:\WINDOWS\system32\twinapi.appcore.dll
0x00007ff819840000 - 0x00007ff819939000 	C:\WINDOWS\SYSTEM32\textinputframework.dll
0x00007ff81d1c0000 - 0x00007ff81d51e000 	C:\WINDOWS\System32\CoreUIComponents.dll
0x00007ff81d8a0000 - 0x00007ff81d992000 	C:\WINDOWS\System32\CoreMessaging.dll
0x00007ff81f340000 - 0x00007ff81f373000 	C:\WINDOWS\SYSTEM32\ntmarta.dll
0x00007ff81c640000 - 0x00007ff81c794000 	C:\WINDOWS\SYSTEM32\wintypes.dll
0x00007ff8128c0000 - 0x00007ff812926000 	C:\WINDOWS\system32\Oleacc.dll
0x00007ffff0970000 - 0x00007ffff0a5f000 	C:\Users\Jay\.javacpp\cache\opencv-3.2.0-1.3-windows-x86_64.jar\org\bytedeco\javacpp\windows-x86_64\msvcr120.dll
0x00007ffff0800000 - 0x00007ffff08a6000 	C:\Users\Jay\.javacpp\cache\opencv-3.2.0-1.3-windows-x86_64.jar\org\bytedeco\javacpp\windows-x86_64\msvcp120.dll
0x00007fffee8d0000 - 0x00007fffeeb58000 	C:\Users\Jay\.javacpp\cache\opencv-3.2.0-1.3-windows-x86_64.jar\org\bytedeco\javacpp\windows-x86_64\opencv_core320.dll
0x00007fffee230000 - 0x00007fffee592000 	C:\Users\Jay\.javacpp\cache\opencv-3.2.0-1.3-windows-x86_64.jar\org\bytedeco\javacpp\windows-x86_64\opencv_imgproc320.dll
0x00007fffee680000 - 0x00007fffee8ca000 	C:\Users\Jay\.javacpp\cache\opencv-3.2.0-1.3-windows-x86_64.jar\org\bytedeco\javacpp\windows-x86_64\jniopencv_core.dll
0x00007ff820f80000 - 0x00007ff820f88000 	C:\WINDOWS\System32\PSAPI.DLL
0x00007fffefbc0000 - 0x00007fffefcb0000 	C:\Users\Jay\.javacpp\cache\opencv-3.2.0-1.3-windows-x86_64.jar\org\bytedeco\javacpp\windows-x86_64\jniopencv_imgproc.dll

dbghelp: loaded successfully - version: 4.0.5 - missing functions: none
symbol engine: initialized successfully - sym options: 0x614 - pdb path: .;C:\Users\Jay\.p2\pool\plugins\org.eclipse.justj.openjdk.hotspot.jre.full.win32.x86_64_17.0.8.v20230801-1951\jre\bin;C:\WINDOWS\SYSTEM32;C:\WINDOWS\WinSxS\amd64_microsoft.windows.common-controls_6595b64144ccf1df_6.0.19041.1110_none_60b5254171f9507e;C:\Users\Jay\.p2\pool\plugins\org.eclipse.justj.openjdk.hotspot.jre.full.win32.x86_64_17.0.8.v20230801-1951\jre\bin\server;C:\javafx-sdk-20.0.2\bin;C:\WINDOWS\System32\DriverStore\FileRepository\igdlh64.inf_amd64_82119d956c80af5a;C:\Program Files\Common Files\Microsoft Shared\Ink;C:\Users\Jay\.javacpp\cache\opencv-3.2.0-1.3-windows-x86_64.jar\org\bytedeco\javacpp\windows-x86_64;C:\Users\Jay\.javacpp\cache\videoinput-0.200-1.3-windows-x86_64.jar\org\bytedeco\javacpp\windows-x86_64;C:\WINDOWS\WinSxS\amd64_microsoft.windows.gdiplus_6595b64144ccf1df_1.1.19041.2006_none_919e9136cc8d4791;C:\Program Files (x86)\DroidCam\lib

VM Arguments:
jvm_args: --module-path=C:\javafx-sdk-20.0.2\lib --add-modules=javafx.controls,javafx.fxml -Dfile.encoding=UTF-8 -XX:+ShowCodeDetailsInExceptionMessages 
java_command: application.Main
java_class_path (initial): C:\Users\Jay\Desktop\facebio\Facebioreg\target\classes;C:\Users\Jay\Desktop\javafx-sdk-20.0.2\lib\javafx-swt.jar;C:\Users\Jay\Desktop\javafx-sdk-20.0.2\lib\javafx.base.jar;C:\Users\Jay\Desktop\javafx-sdk-20.0.2\lib\javafx.controls.jar;C:\Users\Jay\Desktop\javafx-sdk-20.0.2\lib\javafx.fxml.jar;C:\Users\Jay\Desktop\javafx-sdk-20.0.2\lib\javafx.graphics.jar;C:\Users\Jay\Desktop\javafx-sdk-20.0.2\lib\javafx.media.jar;C:\Users\Jay\Desktop\javafx-sdk-20.0.2\lib\javafx.swing.jar;C:\Users\Jay\Desktop\javafx-sdk-20.0.2\lib\javafx.web.jar;C:\Users\Jay\.p2\pool\plugins\org.eclipse.fx.ide.css.jfx8_3.8.0.202204150904.jar;C:\Users\Jay\Desktop\facebio\Facebioreg\opencv-341.jar;C:\Users\Jay\.m2\repository\org\bytedeco\javacv-platform\1.3.2\javacv-platform-1.3.2.jar;C:\Users\Jay\.m2\repository\org\bytedeco\javacv\1.3.2\javacv-1.3.2.jar;C:\Users\Jay\.m2\repository\org\bytedeco\javacpp\1.3.2\javacpp-1.3.2.jar;C:\Users\Jay\.m2\repository\org\bytedeco\javacpp-presets\opencv\3.2.0-1.3\opencv-3.2.0-1.3.jar;C:\Users\Jay\.m2\repository\org\bytedeco\javacpp-presets\ffmpeg\3.2.1-1.3\ffmpeg-3.2.1-1.3.jar;C:\Users\Jay\.m2\repository\org\bytedeco\javacpp-presets\flycapture\2.9.3.43-1.3\flycapture-2.9.3.43-1.3.jar;C:\Users\Jay\.m2\repository\org\bytedeco\javacpp-presets\libdc1394\2.2.4-1.3\libdc1394-2.2.4-1.3.jar;C:\Users\Jay\.m2\repository\org\bytedeco\javacpp-presets\libfreenect\0.5.3-1.3\libfreenect-0.5.3-1.3.jar;C:\Users\Jay\.m2\repository\org\bytedeco\javacpp-presets\libfreenect2\0.2.0-1.3\libfreenect2-0.2.0-1.3.jar;C:\Users\Jay\.m2\repository\org\bytedeco\javacpp-presets\librealsense\1.9.6-1.3\librealsense-1.9.6-1.3.jar;C:\Users\Jay\.m2\repository\org\bytedeco\javacpp-presets\videoinput\0.200-1.3\videoinput-0.200-1.3.jar;C:\Users\Jay\.m2\repository\org\bytedeco\javacpp-presets\artoolkitplus\2.3.1-1.3\artoolkitplus-2.3.1-1.3.jar;C:\Users\Jay\.m2\repository\org\bytedeco\javacpp-presets\flandmark\1.07-1.3\flandmark-1.07-1.3.jar;C:\Users\Jay\.m2\repository\org\byted
Launcher Type: SUN_STANDARD

[Global flags]
     intx CICompilerCount                          = 3                                         {product} {ergonomic}
     uint ConcGCThreads                            = 1                                         {product} {ergonomic}
     uint G1ConcRefinementThreads                  = 4                                         {product} {ergonomic}
   size_t G1HeapRegionSize                         = 1048576                                   {product} {ergonomic}
    uintx GCDrainStackTargetSize                   = 64                                        {product} {ergonomic}
   size_t InitialHeapSize                          = 134217728                                 {product} {ergonomic}
   size_t MarkStackSize                            = 4194304                                   {product} {ergonomic}
   size_t MaxHeapSize                              = 2116026368                                {product} {ergonomic}
   size_t MaxNewSize                               = 1268776960                                {product} {ergonomic}
   size_t MinHeapDeltaBytes                        = 1048576                                   {product} {ergonomic}
   size_t MinHeapSize                              = 8388608                                   {product} {ergonomic}
    uintx NonNMethodCodeHeapSize                   = 5832780                                {pd product} {ergonomic}
    uintx NonProfiledCodeHeapSize                  = 122912730                              {pd product} {ergonomic}
    uintx ProfiledCodeHeapSize                     = 122912730                              {pd product} {ergonomic}
    uintx ReservedCodeCacheSize                    = 251658240                              {pd product} {ergonomic}
     bool SegmentedCodeCache                       = true                                      {product} {ergonomic}
     bool ShowCodeDetailsInExceptionMessages       = true                                   {manageable} {command line}
   size_t SoftMaxHeapSize                          = 2116026368                             {manageable} {ergonomic}
     bool UseCompressedClassPointers               = true                           {product lp64_product} {ergonomic}
     bool UseCompressedOops                        = true                           {product lp64_product} {ergonomic}
     bool UseG1GC                                  = true                                      {product} {ergonomic}
     bool UseLargePagesIndividualAllocation        = false                                  {pd product} {ergonomic}

Logging:
Log output configuration:
 #0: stdout all=warning uptime,level,tags
 #1: stderr all=off uptime,level,tags

Environment Variables:
CLASSPATH=.;.;C:\PROGRA~2\JMF21~1.1E\lib\sound.jar;C:\PROGRA~2\JMF21~1.1E\lib\jmf.jar;C:\PROGRA~2\JMF21~1.1E\lib;
PATH=C:/Users/Jay/.p2/pool/plugins/org.eclipse.justj.openjdk.hotspot.jre.full.win32.x86_64_17.0.8.v20230801-1951/jre/bin/server;C:/Users/Jay/.p2/pool/plugins/org.eclipse.justj.openjdk.hotspot.jre.full.win32.x86_64_17.0.8.v20230801-1951/jre/bin;C:\Program Files\Common Files\Oracle\Java\javapath;C:\WINDOWS\system32;C:\WINDOWS;C:\WINDOWS\System32\Wbem;C:\WINDOWS\System32\WindowsPowerShell\v1.0\;C:\Program Files\nodejs\;C:\Program Files\Git\cmd;C:\xampp\php;C:\composer;C:\WINDOWS\System32\OpenSSH\;C:\Program Files\Microsoft SQL Server\150\Tools\Binn\;C:\Program Files\Microsoft SQL Server\Client SDK\ODBC\170\Tools\Binn\;C:\Program Files\dotnet\;C:\Program Files\PowerShell\7\;C:\Users\Jay\.console-ninja\.bin;C:\Users\Jay\AppData\Roaming\npm;C:\Users\Jay\AppData\Local\Programs\Microsoft VS Code\bin;C:\Users\Jay\AppData\Roaming\Composer\vendor\bin;C:\Users\Jay\AppData\Local\Microsoft\WindowsApps;C:\Users\Jay\.dotnet\tools;C:\Users\Jay\.fly\bin;C:\WINDOWS\system32;
USERNAME=Jay
OS=Windows_NT
PROCESSOR_IDENTIFIER=Intel64 Family 6 Model 78 Stepping 3, GenuineIntel
TMP=C:\Users\Jay\AppData\Local\Temp
TEMP=C:\Users\Jay\AppData\Local\Temp



---------------  S Y S T E M  ---------------

OS:
 Windows 10 , 64 bit Build 19041 (10.0.19041.1889)
OS uptime: 3 days 4:09 hours

CPU: total 4 (initial active 4) (2 cores per cpu, 2 threads per core) family 6 model 78 stepping 3 microcode 0xcc, cx8, cmov, fxsr, ht, mmx, 3dnowpref, sse, sse2, sse3, ssse3, sse4.1, sse4.2, popcnt, lzcnt, tsc, tscinvbit, avx, avx2, aes, erms, clmul, bmi1, bmi2, adx, fma, vzeroupper, clflush, clflushopt
Processor Information for all 4 processors :
  Max Mhz: 2000, Current Mhz: 2000, Mhz Limit: 2000

Memory: 4k page, system-wide physical 8065M (2064M free)
TotalPageFile size 13462M (AvailPageFile size 2104M)
current process WorkingSet (physical memory assigned to process): 373M, peak: 435M
current process commit charge ("private bytes"): 411M, peak: 490M

vm_info: OpenJDK 64-Bit Server VM (17.0.8+7) for windows-amd64 JRE (17.0.8+7), built on Jul 18 2023 21:02:32 by "admin" with MS VC++ 16.7 (VS2019)

END.
