#
# A fatal error has been detected by the Java Runtime Environment:
#
#  EXCEPTION_ACCESS_VIOLATION (0xc0000005) at pc=0x00007ff822e93466, pid=9708, tid=9284
#
# JRE version: OpenJDK Runtime Environment Temurin-17.0.8+7 (17.0.8+7) (build 17.0.8+7)
# Java VM: OpenJDK 64-Bit Server VM Temurin-17.0.8+7 (17.0.8+7, mixed mode, tiered, compressed oops, compressed class ptrs, g1 gc, windows-amd64)
# Problematic frame:
# C  [ntdll.dll+0x63466]
#
# No core dump will be written. Minidumps are not enabled by default on client versions of Windows
#
# If you would like to submit a bug report, please visit:
#   https://github.com/adoptium/adoptium-support/issues
# The crash happened outside the Java Virtual Machine in native code.
# See problematic frame for where to report the bug.
#

---------------  S U M M A R Y ------------

Command Line: --module-path=C:\javafx-sdk-20.0.2\lib --add-modules=javafx.controls,javafx.fxml -Dfile.encoding=UTF-8 -XX:+ShowCodeDetailsInExceptionMessages application.Main

Host: Intel(R) Core(TM) i3-6006U CPU @ 2.00GHz, 4 cores, 7G,  Windows 10 , 64 bit Build 19041 (10.0.19041.1889)
Time: Fri Sep 15 16:56:50 2023 Coordinated Universal Time elapsed time: 30.774473 seconds (0d 0h 0m 30s)

---------------  T H R E A D  ---------------

Current thread (0x0000023d797b88f0):  JavaThread "Thread-7" [_thread_in_native, id=9284, stack(0x000000d178400000,0x000000d178500000)]

Stack: [0x000000d178400000,0x000000d178500000],  sp=0x000000d1784fef30,  free space=1019k
Native frames: (J=compiled Java code, j=interpreted, Vv=VM code, C=native code)
C  [ntdll.dll+0x63466]
C  [ntdll.dll+0x2fcb4]
C  [ntdll.dll+0x2fae2]
C  0x00007ff80aab2be7

Java frames: (J=compiled Java code, j=interpreted, Vv=VM code)
j  org.bytedeco.javacpp.opencv_videoio$VideoCapture.retrieve(Lorg/bytedeco/javacpp/opencv_core$Mat;)Z+0
j  org.bytedeco.javacv.OpenCVFrameGrabber.grab()Lorg/bytedeco/javacv/Frame;+8
j  application.FaceDetector.run()V+988
j  java.lang.Thread.run()V+11 java.base@17.0.8
v  ~StubRoutines::call_stub

siginfo: EXCEPTION_ACCESS_VIOLATION (0xc0000005), writing address 0x0000000000000024


Register to memory mapping:

RIP=0x00007ff822e93466 ntdll.dll
RAX=0x0 is NULL
RBX=0x0000023d790b79c8 points into unknown readable memory: 0x0000000000000000 | 00 00 00 00 00 00 00 00
RCX=0x0000023d790b79c8 points into unknown readable memory: 0x0000000000000000 | 00 00 00 00 00 00 00 00
RDX=0x00000000fffffffa is an unallocated location in the heap
RSP=0x000000d1784fef30 is pointing into the stack for thread: 0x0000023d797b88f0
RBP=0x0 is NULL
RSI=0x0 is NULL
RDI=0x0 is NULL
R8 =0x0 is NULL
R9 =0x0000023d790b7900 points into unknown readable memory: 0x0000000000000000 | 00 00 00 00 00 00 00 00
R10=0x0 is NULL
R11=0x0000000000000246 is an unknown value
R12=0x0 is NULL
R13=0x000000d175046000 points into unknown readable memory: 0x0000000000000000 | 00 00 00 00 00 00 00 00
R14=0x0000000000000001 is an unknown value
R15=0x0 is NULL


Registers:
RAX=0x0000000000000000, RBX=0x0000023d790b79c8, RCX=0x0000023d790b79c8, RDX=0x00000000fffffffa
RSP=0x000000d1784fef30, RBP=0x0000000000000000, RSI=0x0000000000000000, RDI=0x0000000000000000
R8 =0x0000000000000000, R9 =0x0000023d790b7900, R10=0x0000000000000000, R11=0x0000000000000246
R12=0x0000000000000000, R13=0x000000d175046000, R14=0x0000000000000001, R15=0x0000000000000000
RIP=0x00007ff822e93466, EFLAGS=0x0000000000010213

Top of Stack: (sp=0x000000d1784fef30)
0x000000d1784fef30:   ffffffffffffffff 0000023d790b79c8
0x000000d1784fef40:   0000023d7acab000 0000023d7acab060
0x000000d1784fef50:   0000000000000000 0000000000000000
0x000000d1784fef60:   000000000000e102 00007ff822e4e3ad
0x000000d1784fef70:   0000023d52b40000 000000d1fffffffa
0x000000d1784fef80:   000000d175046000 0000023d7acab060
0x000000d1784fef90:   000000d1784ff068 0000023d5f1594ec
0x000000d1784fefa0:   000000008641fd50 0000000083be5848
0x000000d1784fefb0:   000000d1784ff028 0000023d5f159600
0x000000d1784fefc0:   00003487b7120c1c 0000000000000000
0x000000d1784fefd0:   0000023d797b8800 0000000000000001
0x000000d1784fefe0:   0000000000000001 0000000000000001
0x000000d1784feff0:   0000000000000000 0000023d790b79c8
0x000000d1784ff000:   0000000000000000 00007ff822e5fcb4
0x000000d1784ff010:   0000000000000000 0000000000000001
0x000000d1784ff020:   00000000fffffffa ffffffffff676980 

Instructions: (pc=0x00007ff822e93466)
0x00007ff822e93366:   20 e9 ed fe ff ff 48 89 41 18 e9 e4 fe ff ff cc
0x00007ff822e93376:   cc cc cc cc cc cc cc cc cc cc 80 3d 81 91 10 00
0x00007ff822e93386:   00 0f 95 c0 c3 cc cc cc cc cc cc cc cc cc cc cc
0x00007ff822e93396:   cc cc cc cc cc cc cc cc cc cc 48 83 ec 38 8b 05
0x00007ff822e933a6:   82 77 10 00 89 44 24 20 e8 41 02 00 00 48 83 c4
0x00007ff822e933b6:   38 c3 cc cc cc cc cc cc cc cc 48 89 5c 24 18 55
0x00007ff822e933c6:   56 57 41 54 41 55 41 56 41 57 48 81 ec a0 00 00
0x00007ff822e933d6:   00 48 8b 05 32 11 12 00 48 33 c4 48 89 84 24 90
0x00007ff822e933e6:   00 00 00 65 4c 8b 2c 25 30 00 00 00 48 8d 05 cf
0x00007ff822e933f6:   31 10 00 40 32 ed 89 54 24 48 33 f6 40 88 6c 24
0x00007ff822e93406:   40 4c 89 6c 24 50 48 8b d9 44 8b e6 48 3b c8 0f
0x00007ff822e93416:   84 39 01 00 00 40 38 35 e6 90 10 00 0f 85 a8 01
0x00007ff822e93426:   00 00 39 35 fa 90 10 00 0f 85 6a 01 00 00 40 38
0x00007ff822e93436:   35 bd 8b 10 00 48 8d 3d be 8b 10 00 48 0f 45 fe
0x00007ff822e93446:   48 39 73 18 0f 84 d2 00 00 00 48 8b 03 48 83 f8
0x00007ff822e93456:   ff 0f 84 d2 00 00 00 44 8b fe 48 83 f8 ff 74 03
0x00007ff822e93466:   ff 40 24 4c 8b 73 18 4c 8d 2d 54 31 10 00 bd 22
0x00007ff822e93476:   17 00 00 e8 d2 13 fc ff 85 c0 0f 85 ee b4 05 00
0x00007ff822e93486:   b9 82 03 fe 7f 80 39 00 0f 85 fc b4 05 00 49 83
0x00007ff822e93496:   fe ff 0f 85 8a b5 05 00 4c 8b cf c7 44 24 20 00
0x00007ff822e934a6:   00 00 00 41 b8 04 00 00 00 48 8d 54 24 48 48 8d
0x00007ff822e934b6:   4b 08 e8 37 01 00 00 3d 02 01 00 00 0f 84 73 b5
0x00007ff822e934c6:   05 00 8b 4b 08 89 4c 24 48 f6 c1 02 75 ca 3d 02
0x00007ff822e934d6:   01 00 00 0f 84 5c b5 05 00 0f b6 6c 24 40 4c 8b
0x00007ff822e934e6:   6c 24 50 85 c0 0f 88 a8 b6 05 00 40 84 ed 75 73
0x00007ff822e934f6:   48 8b 8c 24 90 00 00 00 48 33 cc e8 7a 8d 02 00
0x00007ff822e93506:   48 8b 9c 24 f0 00 00 00 48 81 c4 a0 00 00 00 41
0x00007ff822e93516:   5f 41 5e 41 5d 41 5c 5f 5e 5d c3 cc 48 8b cb e8
0x00007ff822e93526:   56 05 00 00 e9 21 ff ff ff 8b 4b 20 48 c7 c0 ff
0x00007ff822e93536:   ff ff ff 48 0f ba e1 18 0f 82 19 ff ff ff 48 8b
0x00007ff822e93546:   cb e8 f4 e2 fa ff 48 8b 03 e9 09 ff ff ff c6 44
0x00007ff822e93556:   24 40 01 41 c7 85 60 17 00 00 01 00 00 00 e9 b2 


Stack slot to memory mapping:
stack at sp + 0 slots: 0xffffffffffffffff is an unknown value
stack at sp + 1 slots: 0x0000023d790b79c8 points into unknown readable memory: 0x0000000000000000 | 00 00 00 00 00 00 00 00
stack at sp + 2 slots: 0x0000023d7acab000 points into unknown readable memory: 0x0e62011a0e4d0119 | 19 01 4d 0e 1a 01 62 0e
stack at sp + 3 slots: 0x0000023d7acab060 points into unknown readable memory: 0x0e4d02370e410236 | 36 02 41 0e 37 02 4d 0e
stack at sp + 4 slots: 0x0 is NULL
stack at sp + 5 slots: 0x0 is NULL
stack at sp + 6 slots: 0x000000000000e102 is an unknown value
stack at sp + 7 slots: 0x00007ff822e4e3ad ntdll.dll


---------------  P R O C E S S  ---------------

Threads class SMR info:
_java_thread_list=0x0000023d78ff96a0, length=25, elements={
0x0000023d6e3fe7f0, 0x0000023d6e4010f0, 0x0000023d6e429290, 0x0000023d6e429b60,
0x0000023d6e42c380, 0x0000023d6e42cc50, 0x0000023d6e4379e0, 0x0000023d6e43bf20,
0x0000023d6e43d380, 0x0000023d6e528f60, 0x0000023d73116aa0, 0x0000023d732c3670,
0x0000023d7371f990, 0x0000023d7371db30, 0x0000023d7371e550, 0x0000023d7371ada0,
0x0000023d73722720, 0x0000023d797b4210, 0x0000023d797b74b0, 0x0000023d797ba240,
0x0000023d797b5140, 0x0000023d797b88f0, 0x0000023d797bac60, 0x0000023d7913c980,
0x0000023d7913c470
}

Java Threads: ( => current thread )
  0x0000023d6e3fe7f0 JavaThread "Reference Handler" daemon [_thread_blocked, id=932, stack(0x000000d175b00000,0x000000d175c00000)]
  0x0000023d6e4010f0 JavaThread "Finalizer" daemon [_thread_blocked, id=8968, stack(0x000000d175c00000,0x000000d175d00000)]
  0x0000023d6e429290 JavaThread "Signal Dispatcher" daemon [_thread_blocked, id=2444, stack(0x000000d175e00000,0x000000d175f00000)]
  0x0000023d6e429b60 JavaThread "Attach Listener" daemon [_thread_blocked, id=9504, stack(0x000000d175f00000,0x000000d176000000)]
  0x0000023d6e42c380 JavaThread "Service Thread" daemon [_thread_blocked, id=5712, stack(0x000000d176000000,0x000000d176100000)]
  0x0000023d6e42cc50 JavaThread "Monitor Deflation Thread" daemon [_thread_blocked, id=6092, stack(0x000000d176100000,0x000000d176200000)]
  0x0000023d6e4379e0 JavaThread "C2 CompilerThread0" daemon [_thread_blocked, id=6784, stack(0x000000d176200000,0x000000d176300000)]
  0x0000023d6e43bf20 JavaThread "C1 CompilerThread0" daemon [_thread_blocked, id=12516, stack(0x000000d176300000,0x000000d176400000)]
  0x0000023d6e43d380 JavaThread "Sweeper thread" daemon [_thread_blocked, id=14028, stack(0x000000d176400000,0x000000d176500000)]
  0x0000023d6e528f60 JavaThread "Common-Cleaner" daemon [_thread_blocked, id=8780, stack(0x000000d176500000,0x000000d176600000)]
  0x0000023d73116aa0 JavaThread "Notification Thread" daemon [_thread_blocked, id=11024, stack(0x000000d176700000,0x000000d176800000)]
  0x0000023d732c3670 JavaThread "InvokeLaterDispatcher" daemon [_thread_blocked, id=5252, stack(0x000000d176a00000,0x000000d176b00000)]
  0x0000023d7371f990 JavaThread "Thread-2" daemon [_thread_in_native, id=8152, stack(0x000000d177200000,0x000000d177300000)]
  0x0000023d7371db30 JavaThread "ForkJoinPool.commonPool-worker-1" daemon [_thread_blocked, id=7232, stack(0x000000d177400000,0x000000d177500000)]
  0x0000023d7371e550 JavaThread "FileSystemWatchService" daemon [_thread_in_native, id=13840, stack(0x000000d177500000,0x000000d177600000)]
  0x0000023d7371ada0 JavaThread "Thread-3" daemon [_thread_blocked, id=2932, stack(0x000000d177600000,0x000000d177700000)]
  0x0000023d73722720 JavaThread "FileSystemWatchService" daemon [_thread_in_native, id=1768, stack(0x000000d177700000,0x000000d177800000)]
  0x0000023d797b4210 JavaThread "Thread-4" daemon [_thread_blocked, id=3488, stack(0x000000d177800000,0x000000d177900000)]
  0x0000023d797b74b0 JavaThread "Prism Font Disposer" daemon [_thread_blocked, id=13952, stack(0x000000d177c00000,0x000000d177d00000)]
  0x0000023d797ba240 JavaThread "Cleaner-0" daemon [_thread_blocked, id=5832, stack(0x000000d177d00000,0x000000d177e00000)]
  0x0000023d797b5140 JavaThread "JavaCPP Deallocator" daemon [_thread_blocked, id=12376, stack(0x000000d176600000,0x000000d176700000)]
=>0x0000023d797b88f0 JavaThread "Thread-7" [_thread_in_native, id=9284, stack(0x000000d178400000,0x000000d178500000)]
  0x0000023d797bac60 JavaThread "pool-2-thread-1" [_thread_blocked, id=11872, stack(0x000000d178700000,0x000000d178800000)]
  0x0000023d7913c980 JavaThread "Java2D Disposer" daemon [_thread_blocked, id=12716, stack(0x000000d178800000,0x000000d178900000)]
  0x0000023d7913c470 JavaThread "DestroyJavaVM" [_thread_blocked, id=8580, stack(0x000000d175400000,0x000000d175500000)]

Other Threads:
  0x0000023d6e3d8000 VMThread "VM Thread" [stack: 0x000000d175a00000,0x000000d175b00000] [id=1468]
  0x0000023d6e76bab0 WatcherThread [stack: 0x000000d176800000,0x000000d176900000] [id=12560]
  0x0000023d52df65d0 GCTaskThread "GC Thread#0" [stack: 0x000000d175500000,0x000000d175600000] [id=14000]
  0x0000023d7362b460 GCTaskThread "GC Thread#1" [stack: 0x000000d176f00000,0x000000d177000000] [id=5584]
  0x0000023d73620a00 GCTaskThread "GC Thread#2" [stack: 0x000000d177000000,0x000000d177100000] [id=6616]
  0x0000023d73620cc0 GCTaskThread "GC Thread#3" [stack: 0x000000d177100000,0x000000d177200000] [id=10364]
  0x0000023d52e07900 ConcurrentGCThread "G1 Main Marker" [stack: 0x000000d175600000,0x000000d175700000] [id=8512]
  0x0000023d52e08320 ConcurrentGCThread "G1 Conc#0" [stack: 0x000000d175700000,0x000000d175800000] [id=12112]
  0x0000023d6e2320c0 ConcurrentGCThread "G1 Refine#0" [stack: 0x000000d175800000,0x000000d175900000] [id=3976]
  0x0000023d6e233a10 ConcurrentGCThread "G1 Service" [stack: 0x000000d175900000,0x000000d175a00000] [id=6488]

Threads with active compile tasks:

VM state: not at safepoint (normal execution)

VM Mutex/Monitor currently owned by a thread: None

Heap address: 0x0000000081e00000, size: 2018 MB, Compressed Oops mode: 32-bit

CDS archive(s) not mapped
Compressed class space mapped at: 0x0000000100000000-0x0000000140000000, reserved size: 1073741824
Narrow klass base: 0x0000000000000000, Narrow klass shift: 3, Narrow klass range: 0x140000000

GC Precious Log:
 CPUs: 4 total, 4 available
 Memory: 8065M
 Large Page Support: Disabled
 NUMA Support: Disabled
 Compressed Oops: Enabled (32-bit)
 Heap Region Size: 1M
 Heap Min Capacity: 8M
 Heap Initial Capacity: 128M
 Heap Max Capacity: 2018M
 Pre-touch: Disabled
 Parallel Workers: 4
 Concurrent Workers: 1
 Concurrent Refinement Workers: 4
 Periodic GC: Disabled

Heap:
 garbage-first heap   total 159744K, used 50548K [0x0000000081e00000, 0x0000000100000000)
  region size 1024K, 3 young (3072K), 1 survivors (1024K)
 Metaspace       used 32229K, committed 32384K, reserved 1114112K
  class space    used 3956K, committed 4032K, reserved 1048576K

Heap Regions: E=young(eden), S=young(survivor), O=old, HS=humongous(starts), HC=humongous(continues), CS=collection set, F=free, OA=open archive, CA=closed archive, TAMS=top-at-mark-start (previous, next)
|   0|0x0000000081e00000, 0x0000000081f00000, 0x0000000081f00000|100%| O|  |TAMS 0x0000000081f00000, 0x0000000081f00000| Untracked 
|   1|0x0000000081f00000, 0x0000000082000000, 0x0000000082000000|100%| O|  |TAMS 0x0000000082000000, 0x0000000082000000| Untracked 
|   2|0x0000000082000000, 0x0000000082100000, 0x0000000082100000|100%|HS|  |TAMS 0x0000000082000000, 0x0000000082100000| Complete 
|   3|0x0000000082100000, 0x0000000082200000, 0x0000000082200000|100%|HS|  |TAMS 0x0000000082200000, 0x0000000082200000| Complete 
|   4|0x0000000082200000, 0x0000000082300000, 0x0000000082300000|100%|HC|  |TAMS 0x0000000082300000, 0x0000000082300000| Complete 
|   5|0x0000000082300000, 0x0000000082400000, 0x0000000082400000|100%|HC|  |TAMS 0x0000000082400000, 0x0000000082400000| Complete 
|   6|0x0000000082400000, 0x0000000082500000, 0x0000000082500000|100%|HC|  |TAMS 0x0000000082500000, 0x0000000082500000| Complete 
|   7|0x0000000082500000, 0x0000000082600000, 0x0000000082600000|100%|HC|  |TAMS 0x0000000082600000, 0x0000000082600000| Complete 
|   8|0x0000000082600000, 0x0000000082700000, 0x0000000082700000|100%|HS|  |TAMS 0x0000000082700000, 0x0000000082700000| Complete 
|   9|0x0000000082700000, 0x0000000082800000, 0x0000000082800000|100%|HC|  |TAMS 0x0000000082800000, 0x0000000082800000| Complete 
|  10|0x0000000082800000, 0x0000000082900000, 0x0000000082900000|100%|HS|  |TAMS 0x0000000082800000, 0x0000000082900000| Complete 
|  11|0x0000000082900000, 0x0000000082a00000, 0x0000000082a00000|100%|HS|  |TAMS 0x0000000082900000, 0x0000000082a00000| Complete 
|  12|0x0000000082a00000, 0x0000000082b00000, 0x0000000082b00000|100%|HC|  |TAMS 0x0000000082a00000, 0x0000000082b00000| Complete 
|  13|0x0000000082b00000, 0x0000000082c00000, 0x0000000082c00000|100%| O|  |TAMS 0x0000000082b00000, 0x0000000082c00000| Untracked 
|  14|0x0000000082c00000, 0x0000000082d00000, 0x0000000082d00000|100%| O|  |TAMS 0x0000000082c00000, 0x0000000082d00000| Untracked 
|  15|0x0000000082d00000, 0x0000000082e00000, 0x0000000082e00000|100%| O|  |TAMS 0x0000000082d00000, 0x0000000082e00000| Untracked 
|  16|0x0000000082e00000, 0x0000000082f00000, 0x0000000082f00000|100%| O|  |TAMS 0x0000000082e00000, 0x0000000082f00000| Untracked 
|  17|0x0000000082f00000, 0x0000000083000000, 0x0000000083000000|100%| O|  |TAMS 0x0000000082f00000, 0x0000000083000000| Untracked 
|  18|0x0000000083000000, 0x0000000083100000, 0x0000000083100000|100%| O|  |TAMS 0x0000000083000000, 0x0000000083100000| Untracked 
|  19|0x0000000083100000, 0x0000000083200000, 0x0000000083200000|100%| O|  |TAMS 0x0000000083100000, 0x0000000083200000| Untracked 
|  20|0x0000000083200000, 0x0000000083300000, 0x0000000083300000|100%| O|  |TAMS 0x0000000083200000, 0x0000000083300000| Untracked 
|  21|0x0000000083300000, 0x0000000083400000, 0x0000000083400000|100%| O|  |TAMS 0x0000000083300000, 0x0000000083400000| Untracked 
|  22|0x0000000083400000, 0x0000000083500000, 0x0000000083500000|100%| O|  |TAMS 0x0000000083400000, 0x0000000083500000| Untracked 
|  23|0x0000000083500000, 0x0000000083600000, 0x0000000083600000|100%| O|  |TAMS 0x0000000083500000, 0x0000000083600000| Untracked 
|  24|0x0000000083600000, 0x0000000083700000, 0x0000000083700000|100%| O|  |TAMS 0x0000000083600000, 0x0000000083700000| Untracked 
|  25|0x0000000083700000, 0x0000000083800000, 0x0000000083800000|100%|HS|  |TAMS 0x0000000083700000, 0x0000000083800000| Complete 
|  26|0x0000000083800000, 0x0000000083900000, 0x0000000083900000|100%|HC|  |TAMS 0x0000000083800000, 0x0000000083900000| Complete 
|  27|0x0000000083900000, 0x0000000083a00000, 0x0000000083a00000|100%|HS|  |TAMS 0x0000000083900000, 0x0000000083900000| Complete 
|  28|0x0000000083a00000, 0x0000000083b00000, 0x0000000083b00000|100%|HC|  |TAMS 0x0000000083a00000, 0x0000000083a00000| Complete 
|  29|0x0000000083b00000, 0x0000000083c00000, 0x0000000083c00000|100%| O|  |TAMS 0x0000000083b00000, 0x0000000083c00000| Untracked 
|  30|0x0000000083c00000, 0x0000000083d00000, 0x0000000083d00000|100%|HS|  |TAMS 0x0000000083c00000, 0x0000000083c00000| Complete 
|  31|0x0000000083d00000, 0x0000000083e00000, 0x0000000083e00000|100%|HC|  |TAMS 0x0000000083d00000, 0x0000000083d00000| Complete 
|  32|0x0000000083e00000, 0x0000000083f00000, 0x0000000083f00000|100%|HS|  |TAMS 0x0000000083e00000, 0x0000000083f00000| Complete 
|  33|0x0000000083f00000, 0x0000000084000000, 0x0000000084000000|100%|HC|  |TAMS 0x0000000083f00000, 0x0000000084000000| Complete 
|  34|0x0000000084000000, 0x0000000084000000, 0x0000000084100000|  0%| F|  |TAMS 0x0000000084000000, 0x0000000084000000| Untracked 
|  35|0x0000000084100000, 0x0000000084100000, 0x0000000084200000|  0%| F|  |TAMS 0x0000000084100000, 0x0000000084100000| Untracked 
|  36|0x0000000084200000, 0x0000000084200000, 0x0000000084300000|  0%| F|  |TAMS 0x0000000084200000, 0x0000000084200000| Untracked 
|  37|0x0000000084300000, 0x0000000084300000, 0x0000000084400000|  0%| F|  |TAMS 0x0000000084300000, 0x0000000084300000| Untracked 
|  38|0x0000000084400000, 0x0000000084500000, 0x0000000084500000|100%|HS|  |TAMS 0x0000000084400000, 0x0000000084500000| Complete 
|  39|0x0000000084500000, 0x0000000084600000, 0x0000000084600000|100%|HC|  |TAMS 0x0000000084500000, 0x0000000084600000| Complete 
|  40|0x0000000084600000, 0x0000000084600000, 0x0000000084700000|  0%| F|  |TAMS 0x0000000084600000, 0x0000000084600000| Untracked 
|  41|0x0000000084700000, 0x0000000084700000, 0x0000000084800000|  0%| F|  |TAMS 0x0000000084700000, 0x0000000084700000| Untracked 
|  42|0x0000000084800000, 0x0000000084800000, 0x0000000084900000|  0%| F|  |TAMS 0x0000000084800000, 0x0000000084800000| Untracked 
|  43|0x0000000084900000, 0x0000000084900000, 0x0000000084a00000|  0%| F|  |TAMS 0x0000000084900000, 0x0000000084900000| Untracked 
|  44|0x0000000084a00000, 0x0000000084b00000, 0x0000000084b00000|100%|HS|  |TAMS 0x0000000084a00000, 0x0000000084b00000| Complete 
|  45|0x0000000084b00000, 0x0000000084c00000, 0x0000000084c00000|100%|HC|  |TAMS 0x0000000084b00000, 0x0000000084c00000| Complete 
|  46|0x0000000084c00000, 0x0000000084c00000, 0x0000000084d00000|  0%| F|  |TAMS 0x0000000084c00000, 0x0000000084c00000| Untracked 
|  47|0x0000000084d00000, 0x0000000084d00000, 0x0000000084e00000|  0%| F|  |TAMS 0x0000000084d00000, 0x0000000084d00000| Untracked 
|  48|0x0000000084e00000, 0x0000000084e00000, 0x0000000084f00000|  0%| F|  |TAMS 0x0000000084e00000, 0x0000000084e00000| Untracked 
|  49|0x0000000084f00000, 0x0000000084f00000, 0x0000000085000000|  0%| F|  |TAMS 0x0000000084f00000, 0x0000000084f00000| Untracked 
|  50|0x0000000085000000, 0x0000000085100000, 0x0000000085100000|100%|HS|  |TAMS 0x0000000085000000, 0x0000000085100000| Complete 
|  51|0x0000000085100000, 0x0000000085200000, 0x0000000085200000|100%|HC|  |TAMS 0x0000000085100000, 0x0000000085200000| Complete 
|  52|0x0000000085200000, 0x0000000085200000, 0x0000000085300000|  0%| F|  |TAMS 0x0000000085200000, 0x0000000085200000| Untracked 
|  53|0x0000000085300000, 0x0000000085300000, 0x0000000085400000|  0%| F|  |TAMS 0x0000000085300000, 0x0000000085300000| Untracked 
|  54|0x0000000085400000, 0x0000000085500000, 0x0000000085500000|100%|HS|  |TAMS 0x0000000085400000, 0x0000000085500000| Complete 
|  55|0x0000000085500000, 0x0000000085600000, 0x0000000085600000|100%|HC|  |TAMS 0x0000000085500000, 0x0000000085600000| Complete 
|  56|0x0000000085600000, 0x0000000085700000, 0x0000000085700000|100%|HS|  |TAMS 0x0000000085600000, 0x0000000085700000| Complete 
|  57|0x0000000085700000, 0x0000000085800000, 0x0000000085800000|100%|HC|  |TAMS 0x0000000085700000, 0x0000000085800000| Complete 
|  58|0x0000000085800000, 0x0000000085800000, 0x0000000085900000|  0%| F|  |TAMS 0x0000000085800000, 0x0000000085800000| Untracked 
|  59|0x0000000085900000, 0x0000000085900000, 0x0000000085a00000|  0%| F|  |TAMS 0x0000000085900000, 0x0000000085900000| Untracked 
|  60|0x0000000085a00000, 0x0000000085a00000, 0x0000000085b00000|  0%| F|  |TAMS 0x0000000085a00000, 0x0000000085a00000| Untracked 
|  61|0x0000000085b00000, 0x0000000085b00000, 0x0000000085c00000|  0%| F|  |TAMS 0x0000000085b00000, 0x0000000085b00000| Untracked 
|  62|0x0000000085c00000, 0x0000000085c00000, 0x0000000085d00000|  0%| F|  |TAMS 0x0000000085c00000, 0x0000000085c00000| Untracked 
|  63|0x0000000085d00000, 0x0000000085d00000, 0x0000000085e00000|  0%| F|  |TAMS 0x0000000085d00000, 0x0000000085d00000| Untracked 
|  64|0x0000000085e00000, 0x0000000085f00000, 0x0000000085f00000|100%|HS|  |TAMS 0x0000000085e00000, 0x0000000085f00000| Complete 
|  65|0x0000000085f00000, 0x0000000086000000, 0x0000000086000000|100%|HC|  |TAMS 0x0000000085f00000, 0x0000000086000000| Complete 
|  66|0x0000000086000000, 0x0000000086000000, 0x0000000086100000|  0%| F|  |TAMS 0x0000000086000000, 0x0000000086000000| Untracked 
|  67|0x0000000086100000, 0x0000000086100000, 0x0000000086200000|  0%| F|  |TAMS 0x0000000086100000, 0x0000000086100000| Untracked 
|  68|0x0000000086200000, 0x0000000086300000, 0x0000000086300000|100%|HS|  |TAMS 0x0000000086200000, 0x0000000086300000| Complete 
|  69|0x0000000086300000, 0x0000000086400000, 0x0000000086400000|100%|HC|  |TAMS 0x0000000086300000, 0x0000000086400000| Complete 
|  70|0x0000000086400000, 0x0000000086450000, 0x0000000086500000| 31%| O|  |TAMS 0x0000000086400000, 0x000000008644ee00| Untracked 
|  71|0x0000000086500000, 0x0000000086500000, 0x0000000086600000|  0%| F|  |TAMS 0x0000000086500000, 0x0000000086500000| Untracked 
|  72|0x0000000086600000, 0x0000000086600000, 0x0000000086700000|  0%| F|  |TAMS 0x0000000086600000, 0x0000000086600000| Untracked 
|  73|0x0000000086700000, 0x0000000086700000, 0x0000000086800000|  0%| F|  |TAMS 0x0000000086700000, 0x0000000086700000| Untracked 
|  74|0x0000000086800000, 0x0000000086800000, 0x0000000086900000|  0%| F|  |TAMS 0x0000000086800000, 0x0000000086800000| Untracked 
|  75|0x0000000086900000, 0x0000000086900000, 0x0000000086a00000|  0%| F|  |TAMS 0x0000000086900000, 0x0000000086900000| Untracked 
|  76|0x0000000086a00000, 0x0000000086a00000, 0x0000000086b00000|  0%| F|  |TAMS 0x0000000086a00000, 0x0000000086a00000| Untracked 
|  77|0x0000000086b00000, 0x0000000086b00000, 0x0000000086c00000|  0%| F|  |TAMS 0x0000000086b00000, 0x0000000086b00000| Untracked 
|  78|0x0000000086c00000, 0x0000000086c00000, 0x0000000086d00000|  0%| F|  |TAMS 0x0000000086c00000, 0x0000000086c00000| Untracked 
|  79|0x0000000086d00000, 0x0000000086d00000, 0x0000000086e00000|  0%| F|  |TAMS 0x0000000086d00000, 0x0000000086d00000| Untracked 
|  80|0x0000000086e00000, 0x0000000086e00000, 0x0000000086f00000|  0%| F|  |TAMS 0x0000000086e00000, 0x0000000086e00000| Untracked 
|  81|0x0000000086f00000, 0x0000000086f00000, 0x0000000087000000|  0%| F|  |TAMS 0x0000000086f00000, 0x0000000086f00000| Untracked 
|  82|0x0000000087000000, 0x0000000087000000, 0x0000000087100000|  0%| F|  |TAMS 0x0000000087000000, 0x0000000087000000| Untracked 
|  83|0x0000000087100000, 0x0000000087100000, 0x0000000087200000|  0%| F|  |TAMS 0x0000000087100000, 0x0000000087100000| Untracked 
|  84|0x0000000087200000, 0x0000000087200000, 0x0000000087300000|  0%| F|  |TAMS 0x0000000087200000, 0x0000000087200000| Untracked 
|  85|0x0000000087300000, 0x0000000087300000, 0x0000000087400000|  0%| F|  |TAMS 0x0000000087300000, 0x0000000087300000| Untracked 
|  86|0x0000000087400000, 0x0000000087400000, 0x0000000087500000|  0%| F|  |TAMS 0x0000000087400000, 0x0000000087400000| Untracked 
|  87|0x0000000087500000, 0x0000000087500000, 0x0000000087600000|  0%| F|  |TAMS 0x0000000087500000, 0x0000000087500000| Untracked 
|  88|0x0000000087600000, 0x0000000087600000, 0x0000000087700000|  0%| F|  |TAMS 0x0000000087600000, 0x0000000087600000| Untracked 
|  89|0x0000000087700000, 0x0000000087700000, 0x0000000087800000|  0%| F|  |TAMS 0x0000000087700000, 0x0000000087700000| Untracked 
|  90|0x0000000087800000, 0x0000000087800000, 0x0000000087900000|  0%| F|  |TAMS 0x0000000087800000, 0x0000000087800000| Untracked 
|  91|0x0000000087900000, 0x0000000087900000, 0x0000000087a00000|  0%| F|  |TAMS 0x0000000087900000, 0x0000000087900000| Untracked 
|  92|0x0000000087a00000, 0x0000000087a00000, 0x0000000087b00000|  0%| F|  |TAMS 0x0000000087a00000, 0x0000000087a00000| Untracked 
|  93|0x0000000087b00000, 0x0000000087b00000, 0x0000000087c00000|  0%| F|  |TAMS 0x0000000087b00000, 0x0000000087b00000| Untracked 
|  94|0x0000000087c00000, 0x0000000087c00000, 0x0000000087d00000|  0%| F|  |TAMS 0x0000000087c00000, 0x0000000087c00000| Untracked 
|  95|0x0000000087d00000, 0x0000000087d00000, 0x0000000087e00000|  0%| F|  |TAMS 0x0000000087d00000, 0x0000000087d00000| Untracked 
|  96|0x0000000087e00000, 0x0000000087e00000, 0x0000000087f00000|  0%| F|  |TAMS 0x0000000087e00000, 0x0000000087e00000| Untracked 
|  97|0x0000000087f00000, 0x0000000087f00000, 0x0000000088000000|  0%| F|  |TAMS 0x0000000087f00000, 0x0000000087f00000| Untracked 
|  98|0x0000000088000000, 0x0000000088000000, 0x0000000088100000|  0%| F|  |TAMS 0x0000000088000000, 0x0000000088000000| Untracked 
|  99|0x0000000088100000, 0x0000000088100000, 0x0000000088200000|  0%| F|  |TAMS 0x0000000088100000, 0x0000000088100000| Untracked 
| 100|0x0000000088200000, 0x0000000088200000, 0x0000000088300000|  0%| F|  |TAMS 0x0000000088200000, 0x0000000088200000| Untracked 
| 101|0x0000000088300000, 0x0000000088300000, 0x0000000088400000|  0%| F|  |TAMS 0x0000000088300000, 0x0000000088300000| Untracked 
| 102|0x0000000088400000, 0x0000000088400000, 0x0000000088500000|  0%| F|  |TAMS 0x0000000088400000, 0x0000000088400000| Untracked 
| 103|0x0000000088500000, 0x0000000088500000, 0x0000000088600000|  0%| F|  |TAMS 0x0000000088500000, 0x0000000088500000| Untracked 
| 104|0x0000000088600000, 0x0000000088600000, 0x0000000088700000|  0%| F|  |TAMS 0x0000000088600000, 0x0000000088600000| Untracked 
| 105|0x0000000088700000, 0x0000000088700000, 0x0000000088800000|  0%| F|  |TAMS 0x0000000088700000, 0x0000000088700000| Untracked 
| 106|0x0000000088800000, 0x0000000088800000, 0x0000000088900000|  0%| F|  |TAMS 0x0000000088800000, 0x0000000088800000| Untracked 
| 107|0x0000000088900000, 0x0000000088900000, 0x0000000088a00000|  0%| F|  |TAMS 0x0000000088900000, 0x0000000088900000| Untracked 
| 108|0x0000000088a00000, 0x0000000088a00000, 0x0000000088b00000|  0%| F|  |TAMS 0x0000000088a00000, 0x0000000088a00000| Untracked 
| 109|0x0000000088b00000, 0x0000000088b00000, 0x0000000088c00000|  0%| F|  |TAMS 0x0000000088b00000, 0x0000000088b00000| Untracked 
| 110|0x0000000088c00000, 0x0000000088c00000, 0x0000000088d00000|  0%| F|  |TAMS 0x0000000088c00000, 0x0000000088c00000| Untracked 
| 111|0x0000000088d00000, 0x0000000088d00000, 0x0000000088e00000|  0%| F|  |TAMS 0x0000000088d00000, 0x0000000088d00000| Untracked 
| 112|0x0000000088e00000, 0x0000000088e00000, 0x0000000088f00000|  0%| F|  |TAMS 0x0000000088e00000, 0x0000000088e00000| Untracked 
| 113|0x0000000088f00000, 0x0000000088f00000, 0x0000000089000000|  0%| F|  |TAMS 0x0000000088f00000, 0x0000000088f00000| Untracked 
| 114|0x0000000089000000, 0x0000000089000000, 0x0000000089100000|  0%| F|  |TAMS 0x0000000089000000, 0x0000000089000000| Untracked 
| 115|0x0000000089100000, 0x0000000089100000, 0x0000000089200000|  0%| F|  |TAMS 0x0000000089100000, 0x0000000089100000| Untracked 
| 116|0x0000000089200000, 0x0000000089200000, 0x0000000089300000|  0%| F|  |TAMS 0x0000000089200000, 0x0000000089200000| Untracked 
| 117|0x0000000089300000, 0x0000000089300000, 0x0000000089400000|  0%| F|  |TAMS 0x0000000089300000, 0x0000000089300000| Untracked 
| 118|0x0000000089400000, 0x0000000089400000, 0x0000000089500000|  0%| F|  |TAMS 0x0000000089400000, 0x0000000089400000| Untracked 
| 119|0x0000000089500000, 0x0000000089500000, 0x0000000089600000|  0%| F|  |TAMS 0x0000000089500000, 0x0000000089500000| Untracked 
| 120|0x0000000089600000, 0x0000000089600000, 0x0000000089700000|  0%| F|  |TAMS 0x0000000089600000, 0x0000000089600000| Untracked 
| 121|0x0000000089700000, 0x0000000089700000, 0x0000000089800000|  0%| F|  |TAMS 0x0000000089700000, 0x0000000089700000| Untracked 
| 122|0x0000000089800000, 0x0000000089800000, 0x0000000089900000|  0%| F|  |TAMS 0x0000000089800000, 0x0000000089800000| Untracked 
| 123|0x0000000089900000, 0x0000000089900000, 0x0000000089a00000|  0%| F|  |TAMS 0x0000000089900000, 0x0000000089900000| Untracked 
| 124|0x0000000089a00000, 0x0000000089a00000, 0x0000000089b00000|  0%| F|  |TAMS 0x0000000089a00000, 0x0000000089a00000| Untracked 
| 125|0x0000000089b00000, 0x0000000089b00000, 0x0000000089c00000|  0%| F|  |TAMS 0x0000000089b00000, 0x0000000089b00000| Untracked 
| 126|0x0000000089c00000, 0x0000000089c00000, 0x0000000089d00000|  0%| F|  |TAMS 0x0000000089c00000, 0x0000000089c00000| Untracked 
| 127|0x0000000089d00000, 0x0000000089d00000, 0x0000000089e00000|  0%| F|  |TAMS 0x0000000089d00000, 0x0000000089d00000| Untracked 
| 128|0x0000000089e00000, 0x0000000089e00000, 0x0000000089f00000|  0%| F|  |TAMS 0x0000000089e00000, 0x0000000089e00000| Untracked 
| 129|0x0000000089f00000, 0x0000000089f00000, 0x000000008a000000|  0%| F|  |TAMS 0x0000000089f00000, 0x0000000089f00000| Untracked 
| 130|0x000000008a000000, 0x000000008a000000, 0x000000008a100000|  0%| F|  |TAMS 0x000000008a000000, 0x000000008a000000| Untracked 
| 131|0x000000008a100000, 0x000000008a100000, 0x000000008a200000|  0%| F|  |TAMS 0x000000008a100000, 0x000000008a100000| Untracked 
| 132|0x000000008a200000, 0x000000008a200000, 0x000000008a300000|  0%| F|  |TAMS 0x000000008a200000, 0x000000008a200000| Untracked 
| 133|0x000000008a300000, 0x000000008a300000, 0x000000008a400000|  0%| F|  |TAMS 0x000000008a300000, 0x000000008a300000| Untracked 
| 134|0x000000008a400000, 0x000000008a400000, 0x000000008a500000|  0%| F|  |TAMS 0x000000008a400000, 0x000000008a400000| Untracked 
| 135|0x000000008a500000, 0x000000008a500000, 0x000000008a600000|  0%| F|  |TAMS 0x000000008a500000, 0x000000008a500000| Untracked 
| 136|0x000000008a600000, 0x000000008a600000, 0x000000008a700000|  0%| F|  |TAMS 0x000000008a600000, 0x000000008a600000| Untracked 
| 137|0x000000008a700000, 0x000000008a700000, 0x000000008a800000|  0%| F|  |TAMS 0x000000008a700000, 0x000000008a700000| Untracked 
| 138|0x000000008a800000, 0x000000008a800000, 0x000000008a900000|  0%| F|  |TAMS 0x000000008a800000, 0x000000008a800000| Untracked 
| 139|0x000000008a900000, 0x000000008a900000, 0x000000008aa00000|  0%| F|  |TAMS 0x000000008a900000, 0x000000008a900000| Untracked 
| 140|0x000000008aa00000, 0x000000008aa00000, 0x000000008ab00000|  0%| F|  |TAMS 0x000000008aa00000, 0x000000008aa00000| Untracked 
| 141|0x000000008ab00000, 0x000000008ab00000, 0x000000008ac00000|  0%| F|  |TAMS 0x000000008ab00000, 0x000000008ab00000| Untracked 
| 142|0x000000008ac00000, 0x000000008ac00000, 0x000000008ad00000|  0%| F|  |TAMS 0x000000008ac00000, 0x000000008ac00000| Untracked 
| 143|0x000000008ad00000, 0x000000008ad00000, 0x000000008ae00000|  0%| F|  |TAMS 0x000000008ad00000, 0x000000008ad00000| Untracked 
| 144|0x000000008ae00000, 0x000000008ae00000, 0x000000008af00000|  0%| F|  |TAMS 0x000000008ae00000, 0x000000008ae00000| Untracked 
| 145|0x000000008af00000, 0x000000008af00000, 0x000000008b000000|  0%| F|  |TAMS 0x000000008af00000, 0x000000008af00000| Untracked 
| 146|0x000000008b000000, 0x000000008b000000, 0x000000008b100000|  0%| F|  |TAMS 0x000000008b000000, 0x000000008b000000| Untracked 
| 147|0x000000008b100000, 0x000000008b100000, 0x000000008b200000|  0%| F|  |TAMS 0x000000008b100000, 0x000000008b100000| Untracked 
| 148|0x000000008b200000, 0x000000008b200000, 0x000000008b300000|  0%| F|  |TAMS 0x000000008b200000, 0x000000008b200000| Untracked 
| 149|0x000000008b300000, 0x000000008b300000, 0x000000008b400000|  0%| F|  |TAMS 0x000000008b300000, 0x000000008b300000| Untracked 
| 150|0x000000008b400000, 0x000000008b400000, 0x000000008b500000|  0%| F|  |TAMS 0x000000008b400000, 0x000000008b400000| Untracked 
| 151|0x000000008b500000, 0x000000008b500000, 0x000000008b600000|  0%| F|  |TAMS 0x000000008b500000, 0x000000008b500000| Untracked 
| 152|0x000000008b600000, 0x000000008b60d0c8, 0x000000008b700000|  5%| S|CS|TAMS 0x000000008b600000, 0x000000008b600000| Complete 
| 153|0x000000008b700000, 0x000000008b700000, 0x000000008b800000|  0%| F|  |TAMS 0x000000008b700000, 0x000000008b700000| Untracked 
| 154|0x000000008b800000, 0x000000008b8b08a8, 0x000000008b900000| 68%| E|  |TAMS 0x000000008b800000, 0x000000008b800000| Complete 
| 155|0x000000008b900000, 0x000000008ba00000, 0x000000008ba00000|100%| E|CS|TAMS 0x000000008b900000, 0x000000008b900000| Complete 

Card table byte_map: [0x0000023d67650000,0x0000023d67a50000] _byte_map_base: 0x0000023d67241000

Marking Bits (Prev, Next): (CMBitMap*) 0x0000023d52df6c30, (CMBitMap*) 0x0000023d52df6bf0
 Prev Bits: [0x0000023d69de0000, 0x0000023d6bd68000)
 Next Bits: [0x0000023d67e50000, 0x0000023d69dd8000)

Polling page: 0x0000023d57c00000

Metaspace:

Usage:
  Non-class:     27.61 MB used.
      Class:      3.86 MB used.
       Both:     31.47 MB used.

Virtual space:
  Non-class space:       64.00 MB reserved,      27.69 MB ( 43%) committed,  1 nodes.
      Class space:        1.00 GB reserved,       3.94 MB ( <1%) committed,  1 nodes.
             Both:        1.06 GB reserved,      31.62 MB (  3%) committed. 

Chunk freelists:
   Non-Class:  4.12 MB
       Class:  12.06 MB
        Both:  16.19 MB

MaxMetaspaceSize: unlimited
CompressedClassSpaceSize: 1.00 GB
Initial GC threshold: 21.00 MB
Current GC threshold: 35.12 MB
CDS: off
MetaspaceReclaimPolicy: balanced
 - commit_granule_bytes: 65536.
 - commit_granule_words: 8192.
 - virtual_space_node_default_size: 8388608.
 - enlarge_chunks_in_place: 1.
 - new_chunks_are_fully_committed: 0.
 - uncommit_free_chunks: 1.
 - use_allocation_guard: 0.
 - handle_deallocations: 1.


Internal statistics:

num_allocs_failed_limit: 3.
num_arena_births: 252.
num_arena_deaths: 0.
num_vsnodes_births: 2.
num_vsnodes_deaths: 0.
num_space_committed: 506.
num_space_uncommitted: 0.
num_chunks_returned_to_freelist: 3.
num_chunks_taken_from_freelist: 1018.
num_chunk_merges: 3.
num_chunk_splits: 694.
num_chunks_enlarged: 534.
num_inconsistent_stats: 0.

CodeHeap 'non-profiled nmethods': size=120000Kb used=2554Kb max_used=2554Kb free=117445Kb
 bounds [0x0000023d5f6f0000, 0x0000023d5f970000, 0x0000023d66c20000]
CodeHeap 'profiled nmethods': size=120000Kb used=9840Kb max_used=9840Kb free=110159Kb
 bounds [0x0000023d57c20000, 0x0000023d585c0000, 0x0000023d5f150000]
CodeHeap 'non-nmethods': size=5760Kb used=1568Kb max_used=1622Kb free=4191Kb
 bounds [0x0000023d5f150000, 0x0000023d5f3c0000, 0x0000023d5f6f0000]
 total_blobs=5761 nmethods=4786 adapters=887
 compilation: enabled
              stopped_count=0, restarted_count=0
 full_count=0

Compilation events (20 events):
Event: 29.987 Thread 0x0000023d6e43bf20 4775       3       sun.java2d.SurfaceData::canRenderParallelograms (137 bytes)
Event: 29.988 Thread 0x0000023d6e43bf20 nmethod 4775 0x0000023d585b7990 code [0x0000023d585b7ba0, 0x0000023d585b8398]
Event: 29.988 Thread 0x0000023d6e43bf20 4776       3       sun.java2d.SurfaceData::getTextPipe (120 bytes)
Event: 29.988 Thread 0x0000023d6e43bf20 nmethod 4776 0x0000023d585b8510 code [0x0000023d585b8720, 0x0000023d585b8c08]
Event: 29.988 Thread 0x0000023d6e43bf20 4777       3       sun.awt.image.BufImgSurfaceData::getRenderLoops (26 bytes)
Event: 29.988 Thread 0x0000023d6e43bf20 nmethod 4777 0x0000023d585b8d10 code [0x0000023d585b8ec0, 0x0000023d585b90a8]
Event: 30.110 Thread 0x0000023d6e4379e0 4779       4       com.sun.javafx.sg.prism.NGNode::needsBlending (22 bytes)
Event: 30.111 Thread 0x0000023d6e4379e0 nmethod 4779 0x0000023d5f96d790 code [0x0000023d5f96d900, 0x0000023d5f96d998]
Event: 30.204 Thread 0x0000023d6e43bf20 4781       3       com.sun.javafx.sg.prism.NGNode::applyTransform (50 bytes)
Event: 30.205 Thread 0x0000023d6e43bf20 nmethod 4781 0x0000023d585b9190 code [0x0000023d585b93a0, 0x0000023d585b9ab8]
Event: 30.205 Thread 0x0000023d6e43bf20 4780       3       com.sun.javafx.sg.prism.NGNode::applyEffect (50 bytes)
Event: 30.205 Thread 0x0000023d6e43bf20 nmethod 4780 0x0000023d585b9d90 code [0x0000023d585b9fa0, 0x0000023d585ba708]
Event: 30.480 Thread 0x0000023d6e4379e0 4782       4       java.lang.invoke.MethodType::equals (56 bytes)
Event: 30.493 Thread 0x0000023d6e4379e0 nmethod 4782 0x0000023d5f96da90 code [0x0000023d5f96dc20, 0x0000023d5f96deb8]
Event: 30.493 Thread 0x0000023d6e4379e0 4783       4       jdk.internal.org.objectweb.asm.ByteVector::put122 (93 bytes)
Event: 30.504 Thread 0x0000023d6e4379e0 nmethod 4783 0x0000023d5f96e110 code [0x0000023d5f96e2a0, 0x0000023d5f96e838]
Event: 30.511 Thread 0x0000023d6e43bf20 4784       3       java.util.concurrent.locks.LockSupport::setBlocker (12 bytes)
Event: 30.511 Thread 0x0000023d6e43bf20 nmethod 4784 0x0000023d585baa10 code [0x0000023d585babc0, 0x0000023d585badc8]
Event: 30.555 Thread 0x0000023d6e43bf20 4785       3       java.nio.Bits::unreserveMemory (64 bytes)
Event: 30.556 Thread 0x0000023d6e43bf20 nmethod 4785 0x0000023d585bae90 code [0x0000023d585bb060, 0x0000023d585bb228]

GC Heap History (20 events):
Event: 24.191 GC heap before
{Heap before GC invocations=30 (full 0):
 garbage-first heap   total 159744K, used 73026K [0x0000000081e00000, 0x0000000100000000)
  region size 1024K, 3 young (3072K), 1 survivors (1024K)
 Metaspace       used 32151K, committed 32384K, reserved 1114112K
  class space    used 3948K, committed 4032K, reserved 1048576K
}
Event: 24.192 GC heap after
{Heap after GC invocations=31 (full 0):
 garbage-first heap   total 159744K, used 43333K [0x0000000081e00000, 0x0000000100000000)
  region size 1024K, 1 young (1024K), 1 survivors (1024K)
 Metaspace       used 32151K, committed 32384K, reserved 1114112K
  class space    used 3948K, committed 4032K, reserved 1048576K
}
Event: 24.880 GC heap before
{Heap before GC invocations=31 (full 0):
 garbage-first heap   total 159744K, used 73029K [0x0000000081e00000, 0x0000000100000000)
  region size 1024K, 3 young (3072K), 1 survivors (1024K)
 Metaspace       used 32159K, committed 32384K, reserved 1114112K
  class space    used 3948K, committed 4032K, reserved 1048576K
}
Event: 24.881 GC heap after
{Heap after GC invocations=32 (full 0):
 garbage-first heap   total 159744K, used 43338K [0x0000000081e00000, 0x0000000100000000)
  region size 1024K, 1 young (1024K), 1 survivors (1024K)
 Metaspace       used 32159K, committed 32384K, reserved 1114112K
  class space    used 3948K, committed 4032K, reserved 1048576K
}
Event: 25.581 GC heap before
{Heap before GC invocations=32 (full 0):
 garbage-first heap   total 159744K, used 73034K [0x0000000081e00000, 0x0000000100000000)
  region size 1024K, 3 young (3072K), 1 survivors (1024K)
 Metaspace       used 32159K, committed 32384K, reserved 1114112K
  class space    used 3948K, committed 4032K, reserved 1048576K
}
Event: 25.582 GC heap after
{Heap after GC invocations=33 (full 0):
 garbage-first heap   total 159744K, used 43343K [0x0000000081e00000, 0x0000000100000000)
  region size 1024K, 1 young (1024K), 1 survivors (1024K)
 Metaspace       used 32159K, committed 32384K, reserved 1114112K
  class space    used 3948K, committed 4032K, reserved 1048576K
}
Event: 26.285 GC heap before
{Heap before GC invocations=33 (full 0):
 garbage-first heap   total 159744K, used 73039K [0x0000000081e00000, 0x0000000100000000)
  region size 1024K, 3 young (3072K), 1 survivors (1024K)
 Metaspace       used 32161K, committed 32384K, reserved 1114112K
  class space    used 3948K, committed 4032K, reserved 1048576K
}
Event: 26.286 GC heap after
{Heap after GC invocations=34 (full 0):
 garbage-first heap   total 159744K, used 43347K [0x0000000081e00000, 0x0000000100000000)
  region size 1024K, 1 young (1024K), 1 survivors (1024K)
 Metaspace       used 32161K, committed 32384K, reserved 1114112K
  class space    used 3948K, committed 4032K, reserved 1048576K
}
Event: 26.988 GC heap before
{Heap before GC invocations=34 (full 0):
 garbage-first heap   total 159744K, used 73043K [0x0000000081e00000, 0x0000000100000000)
  region size 1024K, 3 young (3072K), 1 survivors (1024K)
 Metaspace       used 32168K, committed 32384K, reserved 1114112K
  class space    used 3948K, committed 4032K, reserved 1048576K
}
Event: 26.989 GC heap after
{Heap after GC invocations=35 (full 0):
 garbage-first heap   total 159744K, used 43354K [0x0000000081e00000, 0x0000000100000000)
  region size 1024K, 1 young (1024K), 1 survivors (1024K)
 Metaspace       used 32168K, committed 32384K, reserved 1114112K
  class space    used 3948K, committed 4032K, reserved 1048576K
}
Event: 27.716 GC heap before
{Heap before GC invocations=35 (full 0):
 garbage-first heap   total 159744K, used 73050K [0x0000000081e00000, 0x0000000100000000)
  region size 1024K, 3 young (3072K), 1 survivors (1024K)
 Metaspace       used 32169K, committed 32384K, reserved 1114112K
  class space    used 3948K, committed 4032K, reserved 1048576K
}
Event: 27.717 GC heap after
{Heap after GC invocations=36 (full 0):
 garbage-first heap   total 159744K, used 43356K [0x0000000081e00000, 0x0000000100000000)
  region size 1024K, 1 young (1024K), 1 survivors (1024K)
 Metaspace       used 32169K, committed 32384K, reserved 1114112K
  class space    used 3948K, committed 4032K, reserved 1048576K
}
Event: 28.404 GC heap before
{Heap before GC invocations=36 (full 0):
 garbage-first heap   total 159744K, used 73052K [0x0000000081e00000, 0x0000000100000000)
  region size 1024K, 3 young (3072K), 1 survivors (1024K)
 Metaspace       used 32174K, committed 32384K, reserved 1114112K
  class space    used 3948K, committed 4032K, reserved 1048576K
}
Event: 28.405 GC heap after
{Heap after GC invocations=37 (full 0):
 garbage-first heap   total 159744K, used 43361K [0x0000000081e00000, 0x0000000100000000)
  region size 1024K, 1 young (1024K), 1 survivors (1024K)
 Metaspace       used 32174K, committed 32384K, reserved 1114112K
  class space    used 3948K, committed 4032K, reserved 1048576K
}
Event: 29.089 GC heap before
{Heap before GC invocations=37 (full 0):
 garbage-first heap   total 159744K, used 73057K [0x0000000081e00000, 0x0000000100000000)
  region size 1024K, 3 young (3072K), 1 survivors (1024K)
 Metaspace       used 32186K, committed 32384K, reserved 1114112K
  class space    used 3948K, committed 4032K, reserved 1048576K
}
Event: 29.090 GC heap after
{Heap after GC invocations=38 (full 0):
 garbage-first heap   total 159744K, used 43365K [0x0000000081e00000, 0x0000000100000000)
  region size 1024K, 1 young (1024K), 1 survivors (1024K)
 Metaspace       used 32186K, committed 32384K, reserved 1114112K
  class space    used 3948K, committed 4032K, reserved 1048576K
}
Event: 29.792 GC heap before
{Heap before GC invocations=38 (full 0):
 garbage-first heap   total 159744K, used 73061K [0x0000000081e00000, 0x0000000100000000)
  region size 1024K, 3 young (3072K), 1 survivors (1024K)
 Metaspace       used 32189K, committed 32384K, reserved 1114112K
  class space    used 3948K, committed 4032K, reserved 1048576K
}
Event: 29.793 GC heap after
{Heap after GC invocations=39 (full 0):
 garbage-first heap   total 159744K, used 43369K [0x0000000081e00000, 0x0000000100000000)
  region size 1024K, 1 young (1024K), 1 survivors (1024K)
 Metaspace       used 32189K, committed 32384K, reserved 1114112K
  class space    used 3948K, committed 4032K, reserved 1048576K
}
Event: 30.554 GC heap before
{Heap before GC invocations=39 (full 0):
 garbage-first heap   total 159744K, used 73065K [0x0000000081e00000, 0x0000000100000000)
  region size 1024K, 3 young (3072K), 1 survivors (1024K)
 Metaspace       used 32209K, committed 32384K, reserved 1114112K
  class space    used 3951K, committed 4032K, reserved 1048576K
}
Event: 30.555 GC heap after
{Heap after GC invocations=40 (full 0):
 garbage-first heap   total 159744K, used 45428K [0x0000000081e00000, 0x0000000100000000)
  region size 1024K, 1 young (1024K), 1 survivors (1024K)
 Metaspace       used 32209K, committed 32384K, reserved 1114112K
  class space    used 3951K, committed 4032K, reserved 1048576K
}

Dll operation events (20 events):
Event: 4.812 Loaded shared library C:\Users\Jay\.javacpp\cache\opencv-3.2.0-1.3-windows-x86_64.jar\org\bytedeco\javacpp\windows-x86_64\opencv_core320.dll
Event: 4.823 Loaded shared library C:\Users\Jay\.javacpp\cache\opencv-3.2.0-1.3-windows-x86_64.jar\org\bytedeco\javacpp\windows-x86_64\opencv_imgproc320.dll
Event: 4.832 Loaded shared library C:\Users\Jay\.javacpp\cache\opencv-3.2.0-1.3-windows-x86_64.jar\org\bytedeco\javacpp\windows-x86_64\jniopencv_core.dll
Event: 5.199 Loaded shared library C:\Users\Jay\.javacpp\cache\opencv-3.2.0-1.3-windows-x86_64.jar\org\bytedeco\javacpp\windows-x86_64\jniopencv_imgproc.dll
Event: 5.262 Loaded shared library C:\Users\Jay\.javacpp\cache\opencv-3.2.0-1.3-windows-x86_64.jar\org\bytedeco\javacpp\windows-x86_64\opencv_imgcodecs320.dll
Event: 5.271 Loaded shared library C:\Users\Jay\.javacpp\cache\opencv-3.2.0-1.3-windows-x86_64.jar\org\bytedeco\javacpp\windows-x86_64\jniopencv_imgcodecs.dll
Event: 5.428 Loaded shared library C:\Users\Jay\.javacpp\cache\opencv-3.2.0-1.3-windows-x86_64.jar\org\bytedeco\javacpp\windows-x86_64\opencv_videoio320.dll
Event: 5.437 Loaded shared library C:\Users\Jay\.javacpp\cache\opencv-3.2.0-1.3-windows-x86_64.jar\org\bytedeco\javacpp\windows-x86_64\jniopencv_videoio.dll
Event: 5.506 Loaded shared library C:\Users\Jay\.javacpp\cache\opencv-3.2.0-1.3-windows-x86_64.jar\org\bytedeco\javacpp\windows-x86_64\opencv_highgui320.dll
Event: 5.514 Loaded shared library C:\Users\Jay\.javacpp\cache\opencv-3.2.0-1.3-windows-x86_64.jar\org\bytedeco\javacpp\windows-x86_64\jniopencv_highgui.dll
Event: 5.568 Loaded shared library C:\Users\Jay\.javacpp\cache\opencv-3.2.0-1.3-windows-x86_64.jar\org\bytedeco\javacpp\windows-x86_64\opencv_ml320.dll
Event: 5.577 Loaded shared library C:\Users\Jay\.javacpp\cache\opencv-3.2.0-1.3-windows-x86_64.jar\org\bytedeco\javacpp\windows-x86_64\jniopencv_ml.dll
Event: 5.662 Loaded shared library C:\Users\Jay\.javacpp\cache\opencv-3.2.0-1.3-windows-x86_64.jar\org\bytedeco\javacpp\windows-x86_64\opencv_objdetect320.dll
Event: 5.672 Loaded shared library C:\Users\Jay\.javacpp\cache\opencv-3.2.0-1.3-windows-x86_64.jar\org\bytedeco\javacpp\windows-x86_64\jniopencv_objdetect.dll
Event: 5.770 Loaded shared library C:\Users\Jay\.javacpp\cache\opencv-3.2.0-1.3-windows-x86_64.jar\org\bytedeco\javacpp\windows-x86_64\opencv_face320.dll
Event: 5.780 Loaded shared library C:\Users\Jay\.javacpp\cache\opencv-3.2.0-1.3-windows-x86_64.jar\org\bytedeco\javacpp\windows-x86_64\jniopencv_face.dll
Event: 7.439 Loaded shared library C:\Windows\System32\ole32.dll
Event: 7.445 Loaded shared library C:\Windows\System32\oleaut32.dll
Event: 7.471 Loaded shared library C:\Users\Jay\.javacpp\cache\videoinput-0.200-1.3-windows-x86_64.jar\org\bytedeco\javacpp\windows-x86_64\jnivideoInputLib.dll
Event: 9.512 Loaded shared library C:\Users\Jay\.p2\pool\plugins\org.eclipse.justj.openjdk.hotspot.jre.full.win32.x86_64_17.0.8.v20230801-1951\jre\bin\awt.dll

Deoptimization events (20 events):
Event: 19.371 Thread 0x0000023d733f6210 Uncommon trap: trap_request=0xffffffbe fr.pc=0x0000023d5f91760c relative=0x0000000000000e0c
Event: 19.371 Thread 0x0000023d733f6210 Uncommon trap: reason=profile_predicate action=maybe_recompile pc=0x0000023d5f91760c method=com.sun.prism.impl.ps.PaintHelper.setMultiGradient(Lcom/sun/prism/ps/Shader;Lcom/sun/prism/paint/Gradient;)V @ 24 c2
Event: 19.371 Thread 0x0000023d733f6210 DEOPT PACKING pc=0x0000023d5f91760c sp=0x000000d1769fd930
Event: 19.371 Thread 0x0000023d733f6210 DEOPT UNPACKING pc=0x0000023d5f1a69a3 sp=0x000000d1769fd900 mode 2
Event: 20.673 Thread 0x0000023d737bd770 Uncommon trap: trap_request=0xffffff45 fr.pc=0x0000023d5f8c4300 relative=0x0000000000000980
Event: 20.673 Thread 0x0000023d737bd770 Uncommon trap: reason=unstable_if action=reinterpret pc=0x0000023d5f8c4300 method=javafx.scene.Node.updateBounds()V @ 27 c2
Event: 20.673 Thread 0x0000023d737bd770 DEOPT PACKING pc=0x0000023d5f8c4300 sp=0x000000d176bfe320
Event: 20.673 Thread 0x0000023d737bd770 DEOPT UNPACKING pc=0x0000023d5f1a69a3 sp=0x000000d176bfe2e0 mode 2
Event: 20.684 Thread 0x0000023d733f6210 Uncommon trap: trap_request=0xffffffbe fr.pc=0x0000023d5f8e37f0 relative=0x0000000000000250
Event: 20.684 Thread 0x0000023d733f6210 Uncommon trap: reason=profile_predicate action=maybe_recompile pc=0x0000023d5f8e37f0 method=java.util.Arrays.binarySearch0([Ljava/lang/Object;IILjava/lang/Object;Ljava/util/Comparator;)I @ 25 c2
Event: 20.684 Thread 0x0000023d733f6210 DEOPT PACKING pc=0x0000023d5f8e37f0 sp=0x000000d1769fe190
Event: 20.684 Thread 0x0000023d733f6210 DEOPT UNPACKING pc=0x0000023d5f1a69a3 sp=0x000000d1769fe120 mode 2
Event: 24.894 Thread 0x0000023d733f6210 Uncommon trap: trap_request=0xffffff45 fr.pc=0x0000023d5f8f17d8 relative=0x0000000000000bf8
Event: 24.894 Thread 0x0000023d733f6210 Uncommon trap: reason=unstable_if action=reinterpret pc=0x0000023d5f8f17d8 method=java.util.WeakHashMap.expungeStaleEntries()V @ 66 c2
Event: 24.894 Thread 0x0000023d733f6210 DEOPT PACKING pc=0x0000023d5f8f17d8 sp=0x000000d1769fdb90
Event: 24.894 Thread 0x0000023d733f6210 DEOPT UNPACKING pc=0x0000023d5f1a69a3 sp=0x000000d1769fdb10 mode 2
Event: 30.477 Thread 0x0000023d737bd770 Uncommon trap: trap_request=0xffffff76 fr.pc=0x0000023d5f904108 relative=0x0000000000000448
Event: 30.477 Thread 0x0000023d737bd770 Uncommon trap: reason=predicate action=maybe_recompile pc=0x0000023d5f904108 method=java.util.ArrayList.remove(Ljava/lang/Object;)Z @ 42 c2
Event: 30.477 Thread 0x0000023d737bd770 DEOPT PACKING pc=0x0000023d5f904108 sp=0x000000d176bfcda0
Event: 30.477 Thread 0x0000023d737bd770 DEOPT UNPACKING pc=0x0000023d5f1a69a3 sp=0x000000d176bfcd70 mode 2

Classes unloaded (0 events):
No events

Classes redefined (0 events):
No events

Internal exceptions (20 events):
Event: 2.848 Thread 0x0000023d737bd770 Exception <a 'java/lang/NoSuchMethodError'{0x0000000085026668}: 'java.lang.Object java.lang.invoke.Invokers$Holder.linkToTargetMethod(java.lang.Object, long, java.lang.Object)'> (0x0000000085026668) 
thrown [s\src\hotspot\share\interpreter\linkResolver.cpp, line 759]
Event: 2.898 Thread 0x0000023d737bd770 Exception <a 'java/lang/ClassNotFoundException'{0x0000000084f24fe8}: com/sun/javafx/scene/control/skin/resources/controls> (0x0000000084f24fe8) 
thrown [s\src\hotspot\share\prims\jni.cpp, line 535]
Event: 2.900 Thread 0x0000023d737bd770 Exception <a 'java/lang/ClassNotFoundException'{0x0000000084f32f70}: com/sun/javafx/scene/control/skin/resources/controls_en> (0x0000000084f32f70) 
thrown [s\src\hotspot\share\prims\jni.cpp, line 535]
Event: 2.902 Thread 0x0000023d737bd770 Exception <a 'java/lang/ClassNotFoundException'{0x0000000084f3aa70}: com/sun/javafx/scene/control/skin/resources/controls_en_US> (0x0000000084f3aa70) 
thrown [s\src\hotspot\share\prims\jni.cpp, line 535]
Event: 2.979 Thread 0x0000023d737bd770 Exception <a 'java/lang/NoSuchMethodError'{0x0000000084d307c0}: 'void java.lang.invoke.DirectMethodHandle$Holder.invokeSpecial(java.lang.Object, java.lang.Object, java.lang.Object, java.lang.Object, java.lang.Object, java.lang.Object)'> (0x0000000084d307c0) 
thrown [s\src\hotspot\share\interpreter\linkResolver.cpp, line 759]
Event: 3.109 Thread 0x0000023d733f6210 Exception <a 'java/lang/NoSuchMethodError'{0x0000000084a9c010}: 'int java.lang.invoke.DirectMethodHandle$Holder.invokeStaticInit(java.lang.Object, java.lang.Object)'> (0x0000000084a9c010) 
thrown [s\src\hotspot\share\interpreter\linkResolver.cpp, line 759]
Event: 3.135 Thread 0x0000023d733f6210 Exception <a 'java/lang/NoSuchMethodError'{0x0000000084936280}: 'java.lang.Object java.lang.invoke.DirectMethodHandle$Holder.invokeStaticInit(java.lang.Object, int)'> (0x0000000084936280) 
thrown [s\src\hotspot\share\interpreter\linkResolver.cpp, line 759]
Event: 4.729 Thread 0x0000023d737bd770 Exception <a 'java/lang/NoSuchMethodError'{0x00000000842110d0}: 'int java.lang.invoke.DirectMethodHandle$Holder.invokeStaticInit(java.lang.Object, java.lang.Object, java.lang.Object, java.lang.Object)'> (0x00000000842110d0) 
thrown [s\src\hotspot\share\interpreter\linkResolver.cpp, line 759]
Event: 4.730 Thread 0x0000023d737bd770 Exception <a 'java/lang/NoSuchMethodError'{0x000000008421a820}: 'java.lang.Object java.lang.invoke.DirectMethodHandle$Holder.invokeInterface(java.lang.Object, java.lang.Object)'> (0x000000008421a820) 
thrown [s\src\hotspot\share\interpreter\linkResolver.cpp, line 759]
Event: 4.730 Thread 0x0000023d737bd770 Exception <a 'java/lang/IncompatibleClassChangeError'{0x000000008421e2c0}: Found class java.lang.Object, but interface was expected> (0x000000008421e2c0) 
thrown [s\src\hotspot\share\interpreter\linkResolver.cpp, line 826]
Event: 6.390 Thread 0x0000023d737bd770 Exception <a 'java/lang/NoSuchMethodError'{0x00000000853afb88}: 'java.lang.Object java.lang.invoke.DirectMethodHandle$Holder.invokeStaticInit(java.lang.Object, int, int, int, int)'> (0x00000000853afb88) 
thrown [s\src\hotspot\share\interpreter\linkResolver.cpp, line 759]
Event: 6.468 Thread 0x0000023d737bd770 Exception <a 'java/lang/NoSuchMethodError'{0x000000008521dde0}: 'java.lang.Object java.lang.invoke.DirectMethodHandle$Holder.invokeStaticInit(java.lang.Object, java.lang.Object, int, int, int, int)'> (0x000000008521dde0) 
thrown [s\src\hotspot\share\interpreter\linkResolver.cpp, line 759]
Event: 9.520 Thread 0x0000023d737bd770 Exception <a 'java/lang/NoSuchMethodError'{0x000000008519f580}: 'void java.lang.invoke.DirectMethodHandle$Holder.invokeSpecial(java.lang.Object, java.lang.Object, int)'> (0x000000008519f580) 
thrown [s\src\hotspot\share\interpreter\linkResolver.cpp, line 759]
Event: 9.522 Thread 0x0000023d797b9d30 Exception <a 'java/lang/NoSuchMethodError'{0x00000000851e6518}: 'java.lang.Object java.lang.invoke.DirectMethodHandle$Holder.newInvokeSpecial(java.lang.Object, java.lang.Object, java.lang.Object, int)'> (0x00000000851e6518) 
thrown [s\src\hotspot\share\interpreter\linkResolver.cpp, line 759]
Event: 9.523 Thread 0x0000023d797b9d30 Exception <a 'java/lang/NoSuchMethodError'{0x00000000851ea650}: 'java.lang.Object java.lang.invoke.DirectMethodHandle$Holder.invokeSpecial(java.lang.Object, java.lang.Object, java.lang.Object, java.lang.Object, int)'> (0x00000000851ea650) 
thrown [s\src\hotspot\share\interpreter\linkResolver.cpp, line 759]
Event: 9.523 Thread 0x0000023d797b88f0 Exception <a 'java/lang/ClassNotFoundException'{0x00000000851c7c50}: sun/awt/resources/spi/awtProvider> (0x00000000851c7c50) 
thrown [s\src\hotspot\share\classfile\systemDictionary.cpp, line 256]
Event: 9.523 Thread 0x0000023d797b9d30 Exception <a 'java/lang/NoSuchMethodError'{0x00000000851edf70}: 'java.lang.Object java.lang.invoke.Invokers$Holder.linkToTargetMethod(java.lang.Object, java.lang.Object, int, java.lang.Object)'> (0x00000000851edf70) 
thrown [s\src\hotspot\share\interpreter\linkResolver.cpp, line 759]
Event: 9.526 Thread 0x0000023d797b88f0 Exception <a 'java/io/FileNotFoundException'{0x00000000851caa60}> (0x00000000851caa60) 
thrown [s\src\hotspot\share\prims\jni.cpp, line 516]
Event: 9.526 Thread 0x0000023d797b88f0 Exception <a 'java/io/FileNotFoundException'{0x00000000851cbfd0}> (0x00000000851cbfd0) 
thrown [s\src\hotspot\share\prims\jni.cpp, line 516]
Event: 11.049 Thread 0x0000023d737bd770 Exception <a 'java/lang/NoSuchMethodError'{0x000000008b9f3ca8}: 'java.lang.Object java.lang.invoke.DirectMethodHandle$Holder.newInvokeSpecial(java.lang.Object, java.lang.Object, java.lang.Object, double, double, double, double, int, int, int, int, int, int, int, int, int)'> (0x000000008b9f3ca8) 
thrown [s\src\hotspot\share\interpreter\linkResolver.cpp, line 759]

VM Operations (20 events):
Event: 24.191 Executing VM operation: G1TryInitiateConcMark
Event: 24.192 Executing VM operation: G1TryInitiateConcMark done
Event: 24.880 Executing VM operation: G1TryInitiateConcMark
Event: 24.881 Executing VM operation: G1TryInitiateConcMark done
Event: 25.580 Executing VM operation: G1TryInitiateConcMark
Event: 25.582 Executing VM operation: G1TryInitiateConcMark done
Event: 26.285 Executing VM operation: G1TryInitiateConcMark
Event: 26.286 Executing VM operation: G1TryInitiateConcMark done
Event: 26.988 Executing VM operation: G1TryInitiateConcMark
Event: 26.989 Executing VM operation: G1TryInitiateConcMark done
Event: 27.716 Executing VM operation: G1TryInitiateConcMark
Event: 27.717 Executing VM operation: G1TryInitiateConcMark done
Event: 28.404 Executing VM operation: G1TryInitiateConcMark
Event: 28.405 Executing VM operation: G1TryInitiateConcMark done
Event: 29.089 Executing VM operation: G1TryInitiateConcMark
Event: 29.090 Executing VM operation: G1TryInitiateConcMark done
Event: 29.792 Executing VM operation: G1TryInitiateConcMark
Event: 29.793 Executing VM operation: G1TryInitiateConcMark done
Event: 30.554 Executing VM operation: G1TryInitiateConcMark
Event: 30.555 Executing VM operation: G1TryInitiateConcMark done

Events (20 events):
Event: 19.807 Thread 0x0000023d7913b540 Thread added: 0x0000023d7913b540
Event: 19.808 Thread 0x0000023d7913b540 Thread exited: 0x0000023d7913b540
Event: 19.902 Thread 0x0000023d79141570 Thread added: 0x0000023d79141570
Event: 19.902 Thread 0x0000023d79141570 Thread exited: 0x0000023d79141570
Event: 20.006 Thread 0x0000023d7913ab20 Thread added: 0x0000023d7913ab20
Event: 20.008 Thread 0x0000023d7913ab20 Thread exited: 0x0000023d7913ab20
Event: 20.103 Thread 0x0000023d7913ba50 Thread added: 0x0000023d7913ba50
Event: 20.103 Thread 0x0000023d7913ba50 Thread exited: 0x0000023d7913ba50
Event: 20.212 Thread 0x0000023d79141f90 Thread added: 0x0000023d79141f90
Event: 20.212 Thread 0x0000023d79141f90 Thread exited: 0x0000023d79141f90
Event: 20.305 Thread 0x0000023d79141f90 Thread added: 0x0000023d79141f90
Event: 20.306 Thread 0x0000023d79141f90 Thread exited: 0x0000023d79141f90
Event: 20.401 Thread 0x0000023d79141f90 Thread added: 0x0000023d79141f90
Event: 20.401 Thread 0x0000023d79141f90 Thread exited: 0x0000023d79141f90
Event: 20.496 Thread 0x0000023d7913f200 Thread added: 0x0000023d7913f200
Event: 20.497 Thread 0x0000023d7913f200 Thread exited: 0x0000023d7913f200
Event: 20.602 Thread 0x0000023d7913ab20 Thread added: 0x0000023d7913ab20
Event: 20.603 Thread 0x0000023d7913ab20 Thread exited: 0x0000023d7913ab20
Event: 20.665 Thread 0x0000023d7913f200 Thread added: 0x0000023d7913f200
Event: 21.666 Thread 0x0000023d7913f200 Thread exited: 0x0000023d7913f200


Dynamic libraries:
0x00007ff642c60000 - 0x00007ff642c6e000 	C:\Users\Jay\.p2\pool\plugins\org.eclipse.justj.openjdk.hotspot.jre.full.win32.x86_64_17.0.8.v20230801-1951\jre\bin\javaw.exe
0x00007ff822e30000 - 0x00007ff823028000 	C:\WINDOWS\SYSTEM32\ntdll.dll
0x00007ff8229e0000 - 0x00007ff822a9d000 	C:\WINDOWS\System32\KERNEL32.DLL
0x00007ff820a30000 - 0x00007ff820cfe000 	C:\WINDOWS\System32\KERNELBASE.dll
0x00007ff820930000 - 0x00007ff820a30000 	C:\WINDOWS\System32\ucrtbase.dll
0x00007ff81b330000 - 0x00007ff81b347000 	C:\Users\Jay\.p2\pool\plugins\org.eclipse.justj.openjdk.hotspot.jre.full.win32.x86_64_17.0.8.v20230801-1951\jre\bin\jli.dll
0x00007ff81b310000 - 0x00007ff81b329000 	C:\Users\Jay\.p2\pool\plugins\org.eclipse.justj.openjdk.hotspot.jre.full.win32.x86_64_17.0.8.v20230801-1951\jre\bin\VCRUNTIME140.dll
0x00007ff8217a0000 - 0x00007ff821940000 	C:\WINDOWS\System32\USER32.dll
0x00007ff820f50000 - 0x00007ff820f72000 	C:\WINDOWS\System32\win32u.dll
0x00007ff80f830000 - 0x00007ff80faca000 	C:\WINDOWS\WinSxS\amd64_microsoft.windows.common-controls_6595b64144ccf1df_6.0.19041.1110_none_60b5254171f9507e\COMCTL32.dll
0x00007ff821a10000 - 0x00007ff821a3a000 	C:\WINDOWS\System32\GDI32.dll
0x00007ff821c70000 - 0x00007ff821d0e000 	C:\WINDOWS\System32\msvcrt.dll
0x00007ff820d30000 - 0x00007ff820e3b000 	C:\WINDOWS\System32\gdi32full.dll
0x00007ff820e40000 - 0x00007ff820edd000 	C:\WINDOWS\System32\msvcp_win.dll
0x00007ff822c90000 - 0x00007ff822cc0000 	C:\WINDOWS\System32\IMM32.DLL
0x00007ff81c0b0000 - 0x00007ff81c0bc000 	C:\Users\Jay\.p2\pool\plugins\org.eclipse.justj.openjdk.hotspot.jre.full.win32.x86_64_17.0.8.v20230801-1951\jre\bin\vcruntime140_1.dll
0x00007ff819a30000 - 0x00007ff819ac1000 	C:\Users\Jay\.p2\pool\plugins\org.eclipse.justj.openjdk.hotspot.jre.full.win32.x86_64_17.0.8.v20230801-1951\jre\bin\msvcp140.dll
0x00007fffe32c0000 - 0x00007fffe3f0c000 	C:\Users\Jay\.p2\pool\plugins\org.eclipse.justj.openjdk.hotspot.jre.full.win32.x86_64_17.0.8.v20230801-1951\jre\bin\server\jvm.dll
0x00007ff822d40000 - 0x00007ff822dee000 	C:\WINDOWS\System32\ADVAPI32.dll
0x00007ff822bf0000 - 0x00007ff822c8c000 	C:\WINDOWS\System32\sechost.dll
0x00007ff821670000 - 0x00007ff821795000 	C:\WINDOWS\System32\RPCRT4.dll
0x00007ff8204b0000 - 0x00007ff8204fb000 	C:\WINDOWS\SYSTEM32\POWRPROF.dll
0x00007ff818d90000 - 0x00007ff818d99000 	C:\WINDOWS\SYSTEM32\WSOCK32.dll
0x00007ff822cc0000 - 0x00007ff822d2b000 	C:\WINDOWS\System32\WS2_32.dll
0x00007ff810280000 - 0x00007ff8102a7000 	C:\WINDOWS\SYSTEM32\WINMM.dll
0x00007ff80d9d0000 - 0x00007ff80d9da000 	C:\WINDOWS\SYSTEM32\VERSION.dll
0x00007ff820490000 - 0x00007ff8204a2000 	C:\WINDOWS\SYSTEM32\UMPDC.dll
0x00007ff81e530000 - 0x00007ff81e542000 	C:\WINDOWS\SYSTEM32\kernel.appcore.dll
0x00007ff815ce0000 - 0x00007ff815cea000 	C:\Users\Jay\.p2\pool\plugins\org.eclipse.justj.openjdk.hotspot.jre.full.win32.x86_64_17.0.8.v20230801-1951\jre\bin\jimage.dll
0x00007ff80cb20000 - 0x00007ff80cd04000 	C:\WINDOWS\SYSTEM32\DBGHELP.DLL
0x00007ff80caf0000 - 0x00007ff80cb1c000 	C:\WINDOWS\SYSTEM32\dbgcore.DLL
0x00007ff8207f0000 - 0x00007ff820872000 	C:\WINDOWS\System32\bcryptPrimitives.dll
0x00007ff8119b0000 - 0x00007ff8119d5000 	C:\Users\Jay\.p2\pool\plugins\org.eclipse.justj.openjdk.hotspot.jre.full.win32.x86_64_17.0.8.v20230801-1951\jre\bin\java.dll
0x00007ff813230000 - 0x00007ff813248000 	C:\Users\Jay\.p2\pool\plugins\org.eclipse.justj.openjdk.hotspot.jre.full.win32.x86_64_17.0.8.v20230801-1951\jre\bin\zip.dll
0x00007ff822180000 - 0x00007ff8228c3000 	C:\WINDOWS\System32\SHELL32.dll
0x00007ff81e730000 - 0x00007ff81eec5000 	C:\WINDOWS\SYSTEM32\windows.storage.dll
0x00007ff821040000 - 0x00007ff821394000 	C:\WINDOWS\System32\combase.dll
0x00007ff81ffd0000 - 0x00007ff820000000 	C:\WINDOWS\SYSTEM32\Wldp.dll
0x00007ff820f90000 - 0x00007ff82103d000 	C:\WINDOWS\System32\SHCORE.dll
0x00007ff822980000 - 0x00007ff8229d5000 	C:\WINDOWS\System32\shlwapi.dll
0x00007ff820580000 - 0x00007ff82059f000 	C:\WINDOWS\SYSTEM32\profapi.dll
0x00007ff811990000 - 0x00007ff8119a9000 	C:\Users\Jay\.p2\pool\plugins\org.eclipse.justj.openjdk.hotspot.jre.full.win32.x86_64_17.0.8.v20230801-1951\jre\bin\net.dll
0x00007ff814980000 - 0x00007ff814a8a000 	C:\WINDOWS\SYSTEM32\WINHTTP.dll
0x00007ff81fd30000 - 0x00007ff81fd9a000 	C:\WINDOWS\system32\mswsock.dll
0x00007ff811970000 - 0x00007ff811985000 	C:\Users\Jay\.p2\pool\plugins\org.eclipse.justj.openjdk.hotspot.jre.full.win32.x86_64_17.0.8.v20230801-1951\jre\bin\nio.dll
0x0000023d6e910000 - 0x0000023d6e913000 	C:\javafx-sdk-20.0.2\bin\api-ms-win-core-console-l1-1-0.dll
0x0000023d6e920000 - 0x0000023d6e923000 	C:\javafx-sdk-20.0.2\bin\api-ms-win-core-console-l1-2-0.dll
0x0000023d6e930000 - 0x0000023d6e933000 	C:\javafx-sdk-20.0.2\bin\api-ms-win-core-datetime-l1-1-0.dll
0x0000023d6e940000 - 0x0000023d6e943000 	C:\javafx-sdk-20.0.2\bin\api-ms-win-core-debug-l1-1-0.dll
0x0000023d6e950000 - 0x0000023d6e953000 	C:\javafx-sdk-20.0.2\bin\api-ms-win-core-errorhandling-l1-1-0.dll
0x0000023d6e960000 - 0x0000023d6e964000 	C:\javafx-sdk-20.0.2\bin\api-ms-win-core-file-l1-1-0.dll
0x0000023d6e970000 - 0x0000023d6e973000 	C:\javafx-sdk-20.0.2\bin\api-ms-win-core-file-l1-2-0.dll
0x0000023d6e980000 - 0x0000023d6e983000 	C:\javafx-sdk-20.0.2\bin\api-ms-win-core-file-l2-1-0.dll
0x0000023d6e990000 - 0x0000023d6e993000 	C:\javafx-sdk-20.0.2\bin\api-ms-win-core-handle-l1-1-0.dll
0x0000023d6e9a0000 - 0x0000023d6e9a3000 	C:\javafx-sdk-20.0.2\bin\api-ms-win-core-heap-l1-1-0.dll
0x0000023d6e9b0000 - 0x0000023d6e9b3000 	C:\javafx-sdk-20.0.2\bin\api-ms-win-core-interlocked-l1-1-0.dll
0x0000023d6e9c0000 - 0x0000023d6e9c3000 	C:\javafx-sdk-20.0.2\bin\api-ms-win-core-libraryloader-l1-1-0.dll
0x0000023d6e9d0000 - 0x0000023d6e9d3000 	C:\javafx-sdk-20.0.2\bin\api-ms-win-core-localization-l1-2-0.dll
0x0000023d6e9e0000 - 0x0000023d6e9e3000 	C:\javafx-sdk-20.0.2\bin\api-ms-win-core-memory-l1-1-0.dll
0x0000023d6e9f0000 - 0x0000023d6e9f3000 	C:\javafx-sdk-20.0.2\bin\api-ms-win-core-namedpipe-l1-1-0.dll
0x0000023d6ea00000 - 0x0000023d6ea03000 	C:\javafx-sdk-20.0.2\bin\api-ms-win-core-processenvironment-l1-1-0.dll
0x0000023d6ea10000 - 0x0000023d6ea13000 	C:\javafx-sdk-20.0.2\bin\api-ms-win-core-processthreads-l1-1-0.dll
0x0000023d6ea20000 - 0x0000023d6ea23000 	C:\javafx-sdk-20.0.2\bin\api-ms-win-core-processthreads-l1-1-1.dll
0x0000023d6ea30000 - 0x0000023d6ea33000 	C:\javafx-sdk-20.0.2\bin\api-ms-win-core-profile-l1-1-0.dll
0x0000023d6ea40000 - 0x0000023d6ea43000 	C:\javafx-sdk-20.0.2\bin\api-ms-win-core-rtlsupport-l1-1-0.dll
0x0000023d6ea50000 - 0x0000023d6ea53000 	C:\javafx-sdk-20.0.2\bin\api-ms-win-core-string-l1-1-0.dll
0x0000023d6ea60000 - 0x0000023d6ea63000 	C:\javafx-sdk-20.0.2\bin\api-ms-win-core-synch-l1-1-0.dll
0x0000023d6ea70000 - 0x0000023d6ea73000 	C:\javafx-sdk-20.0.2\bin\api-ms-win-core-synch-l1-2-0.dll
0x0000023d6ea80000 - 0x0000023d6ea83000 	C:\javafx-sdk-20.0.2\bin\api-ms-win-core-sysinfo-l1-1-0.dll
0x0000023d6ea90000 - 0x0000023d6ea93000 	C:\javafx-sdk-20.0.2\bin\api-ms-win-core-timezone-l1-1-0.dll
0x0000023d6eaa0000 - 0x0000023d6eaa3000 	C:\javafx-sdk-20.0.2\bin\api-ms-win-core-util-l1-1-0.dll
0x0000023d6eab0000 - 0x0000023d6eab3000 	C:\javafx-sdk-20.0.2\bin\api-ms-win-crt-conio-l1-1-0.dll
0x0000023d6eac0000 - 0x0000023d6eac4000 	C:\javafx-sdk-20.0.2\bin\api-ms-win-crt-convert-l1-1-0.dll
0x0000023d6ead0000 - 0x0000023d6ead3000 	C:\javafx-sdk-20.0.2\bin\api-ms-win-crt-environment-l1-1-0.dll
0x0000023d6eae0000 - 0x0000023d6eae3000 	C:\javafx-sdk-20.0.2\bin\api-ms-win-crt-filesystem-l1-1-0.dll
0x0000023d6eaf0000 - 0x0000023d6eaf3000 	C:\javafx-sdk-20.0.2\bin\api-ms-win-crt-heap-l1-1-0.dll
0x0000023d6eb00000 - 0x0000023d6eb03000 	C:\javafx-sdk-20.0.2\bin\api-ms-win-crt-locale-l1-1-0.dll
0x0000023d6eb10000 - 0x0000023d6eb15000 	C:\javafx-sdk-20.0.2\bin\api-ms-win-crt-math-l1-1-0.dll
0x0000023d6eb20000 - 0x0000023d6eb25000 	C:\javafx-sdk-20.0.2\bin\api-ms-win-crt-multibyte-l1-1-0.dll
0x0000023d6eb30000 - 0x0000023d6eb40000 	C:\javafx-sdk-20.0.2\bin\api-ms-win-crt-private-l1-1-0.dll
0x0000023d6eb40000 - 0x0000023d6eb43000 	C:\javafx-sdk-20.0.2\bin\api-ms-win-crt-process-l1-1-0.dll
0x0000023d6eb50000 - 0x0000023d6eb54000 	C:\javafx-sdk-20.0.2\bin\api-ms-win-crt-runtime-l1-1-0.dll
0x0000023d6eb60000 - 0x0000023d6eb64000 	C:\javafx-sdk-20.0.2\bin\api-ms-win-crt-stdio-l1-1-0.dll
0x0000023d6eb70000 - 0x0000023d6eb74000 	C:\javafx-sdk-20.0.2\bin\api-ms-win-crt-string-l1-1-0.dll
0x0000023d6eb80000 - 0x0000023d6eb83000 	C:\javafx-sdk-20.0.2\bin\api-ms-win-crt-time-l1-1-0.dll
0x0000023d6eb90000 - 0x0000023d6eb93000 	C:\javafx-sdk-20.0.2\bin\api-ms-win-crt-utility-l1-1-0.dll
0x00007ffff8dc0000 - 0x00007ffff8ebc000 	C:\javafx-sdk-20.0.2\bin\ucrtbase.dll
0x00007ff819d50000 - 0x00007ff819d6b000 	C:\javafx-sdk-20.0.2\bin\vcruntime140.dll
0x00007ff81b6a0000 - 0x00007ff81b6ac000 	C:\javafx-sdk-20.0.2\bin\vcruntime140_1.dll
0x00007ff806010000 - 0x00007ff80609e000 	C:\javafx-sdk-20.0.2\bin\msvcp140.dll
0x00007ff819d30000 - 0x00007ff819d39000 	C:\javafx-sdk-20.0.2\bin\msvcp140_1.dll
0x00007ff819b50000 - 0x00007ff819b80000 	C:\javafx-sdk-20.0.2\bin\msvcp140_2.dll
0x00007ff819480000 - 0x00007ff8194af000 	C:\javafx-sdk-20.0.2\bin\prism_d3d.dll
0x00007fffeeb60000 - 0x00007fffeed2f000 	C:\WINDOWS\system32\d3d9.dll
0x00007ff81e320000 - 0x00007ff81e34f000 	C:\WINDOWS\SYSTEM32\dwmapi.dll
0x00007ff81e050000 - 0x00007ff81e0ee000 	C:\WINDOWS\system32\uxtheme.dll
0x00007ff821940000 - 0x00007ff821a0d000 	C:\WINDOWS\System32\OLEAUT32.dll
0x00007ff822ac0000 - 0x00007ff822bea000 	C:\WINDOWS\System32\ole32.dll
0x00007ff821d10000 - 0x00007ff82217f000 	C:\WINDOWS\System32\SETUPAPI.dll
0x00007ff8207a0000 - 0x00007ff8207ee000 	C:\WINDOWS\System32\cfgmgr32.dll
0x00007ff820d00000 - 0x00007ff820d27000 	C:\WINDOWS\System32\bcrypt.dll
0x00007ff817120000 - 0x00007ff817162000 	C:\javafx-sdk-20.0.2\bin\glass.dll
0x00007ff821410000 - 0x00007ff8214ea000 	C:\WINDOWS\System32\COMDLG32.dll
0x00007ff821550000 - 0x00007ff821665000 	C:\WINDOWS\System32\MSCTF.dll
0x00007ff81b5a0000 - 0x00007ff81b5db000 	C:\WINDOWS\SYSTEM32\dxcore.dll
0x00007ff819460000 - 0x00007ff819474000 	C:\javafx-sdk-20.0.2\bin\javafx_font.dll
0x00007ff817d80000 - 0x00007ff817dad000 	C:\javafx-sdk-20.0.2\bin\javafx_iio.dll
0x00007ff816d50000 - 0x00007ff816fcf000 	C:\WINDOWS\SYSTEM32\dwrite.dll
0x00007ff8228d0000 - 0x00007ff822979000 	C:\WINDOWS\System32\clbcatq.dll
0x00007ff819160000 - 0x00007ff819314000 	C:\WINDOWS\SYSTEM32\WindowsCodecs.dll
0x00007ff8074a0000 - 0x00007ff8074de000 	C:\WINDOWS\system32\dataexchange.dll
0x00007ff81c7a0000 - 0x00007ff81ca03000 	C:\WINDOWS\system32\d3d11.dll
0x00007ff81ca10000 - 0x00007ff81cbf4000 	C:\WINDOWS\system32\dcomp.dll
0x00007ff81ef30000 - 0x00007ff81f023000 	C:\WINDOWS\system32\dxgi.dll
0x00007ff818de0000 - 0x00007ff818fe0000 	C:\WINDOWS\system32\twinapi.appcore.dll
0x00007ff819840000 - 0x00007ff819939000 	C:\WINDOWS\SYSTEM32\textinputframework.dll
0x00007ff81d1c0000 - 0x00007ff81d51e000 	C:\WINDOWS\System32\CoreUIComponents.dll
0x00007ff81d8a0000 - 0x00007ff81d992000 	C:\WINDOWS\System32\CoreMessaging.dll
0x00007ff81f340000 - 0x00007ff81f373000 	C:\WINDOWS\SYSTEM32\ntmarta.dll
0x00007ff81c640000 - 0x00007ff81c794000 	C:\WINDOWS\SYSTEM32\wintypes.dll
0x00007ff8128c0000 - 0x00007ff812926000 	C:\WINDOWS\system32\Oleacc.dll
0x00007ffff0a70000 - 0x00007ffff0b5f000 	C:\Users\Jay\.javacpp\cache\opencv-3.2.0-1.3-windows-x86_64.jar\org\bytedeco\javacpp\windows-x86_64\msvcr120.dll
0x00007ffff09c0000 - 0x00007ffff0a66000 	C:\Users\Jay\.javacpp\cache\opencv-3.2.0-1.3-windows-x86_64.jar\org\bytedeco\javacpp\windows-x86_64\msvcp120.dll
0x00007fffee8d0000 - 0x00007fffeeb58000 	C:\Users\Jay\.javacpp\cache\opencv-3.2.0-1.3-windows-x86_64.jar\org\bytedeco\javacpp\windows-x86_64\opencv_core320.dll
0x00007fffee230000 - 0x00007fffee592000 	C:\Users\Jay\.javacpp\cache\opencv-3.2.0-1.3-windows-x86_64.jar\org\bytedeco\javacpp\windows-x86_64\opencv_imgproc320.dll
0x00007fffee680000 - 0x00007fffee8ca000 	C:\Users\Jay\.javacpp\cache\opencv-3.2.0-1.3-windows-x86_64.jar\org\bytedeco\javacpp\windows-x86_64\jniopencv_core.dll
0x00007ff820f80000 - 0x00007ff820f88000 	C:\WINDOWS\System32\PSAPI.DLL
0x00007ffff07c0000 - 0x00007ffff08b0000 	C:\Users\Jay\.javacpp\cache\opencv-3.2.0-1.3-windows-x86_64.jar\org\bytedeco\javacpp\windows-x86_64\jniopencv_imgproc.dll

dbghelp: loaded successfully - version: 4.0.5 - missing functions: none
symbol engine: initialized successfully - sym options: 0x614 - pdb path: .;C:\Users\Jay\.p2\pool\plugins\org.eclipse.justj.openjdk.hotspot.jre.full.win32.x86_64_17.0.8.v20230801-1951\jre\bin;C:\WINDOWS\SYSTEM32;C:\WINDOWS\WinSxS\amd64_microsoft.windows.common-controls_6595b64144ccf1df_6.0.19041.1110_none_60b5254171f9507e;C:\Users\Jay\.p2\pool\plugins\org.eclipse.justj.openjdk.hotspot.jre.full.win32.x86_64_17.0.8.v20230801-1951\jre\bin\server;C:\javafx-sdk-20.0.2\bin;C:\WINDOWS\System32\DriverStore\FileRepository\igdlh64.inf_amd64_82119d956c80af5a;C:\Program Files\Common Files\Microsoft Shared\Ink;C:\Users\Jay\.javacpp\cache\opencv-3.2.0-1.3-windows-x86_64.jar\org\bytedeco\javacpp\windows-x86_64;C:\Users\Jay\.javacpp\cache\videoinput-0.200-1.3-windows-x86_64.jar\org\bytedeco\javacpp\windows-x86_64;C:\WINDOWS\WinSxS\amd64_microsoft.windows.gdiplus_6595b64144ccf1df_1.1.19041.2006_none_919e9136cc8d4791;C:\Program Files (x86)\DroidCam\lib

VM Arguments:
jvm_args: --module-path=C:\javafx-sdk-20.0.2\lib --add-modules=javafx.controls,javafx.fxml -Dfile.encoding=UTF-8 -XX:+ShowCodeDetailsInExceptionMessages 
java_command: application.Main
java_class_path (initial): C:\Users\Jay\Desktop\facebio\Facebioreg\target\classes;C:\Users\Jay\Desktop\javafx-sdk-20.0.2\lib\javafx-swt.jar;C:\Users\Jay\Desktop\javafx-sdk-20.0.2\lib\javafx.base.jar;C:\Users\Jay\Desktop\javafx-sdk-20.0.2\lib\javafx.controls.jar;C:\Users\Jay\Desktop\javafx-sdk-20.0.2\lib\javafx.fxml.jar;C:\Users\Jay\Desktop\javafx-sdk-20.0.2\lib\javafx.graphics.jar;C:\Users\Jay\Desktop\javafx-sdk-20.0.2\lib\javafx.media.jar;C:\Users\Jay\Desktop\javafx-sdk-20.0.2\lib\javafx.swing.jar;C:\Users\Jay\Desktop\javafx-sdk-20.0.2\lib\javafx.web.jar;C:\Users\Jay\.p2\pool\plugins\org.eclipse.fx.ide.css.jfx8_3.8.0.202204150904.jar;C:\Users\Jay\Desktop\facebio\Facebioreg\opencv-341.jar;C:\Users\Jay\.m2\repository\org\bytedeco\javacv-platform\1.3.2\javacv-platform-1.3.2.jar;C:\Users\Jay\.m2\repository\org\bytedeco\javacv\1.3.2\javacv-1.3.2.jar;C:\Users\Jay\.m2\repository\org\bytedeco\javacpp\1.3.2\javacpp-1.3.2.jar;C:\Users\Jay\.m2\repository\org\bytedeco\javacpp-presets\opencv\3.2.0-1.3\opencv-3.2.0-1.3.jar;C:\Users\Jay\.m2\repository\org\bytedeco\javacpp-presets\ffmpeg\3.2.1-1.3\ffmpeg-3.2.1-1.3.jar;C:\Users\Jay\.m2\repository\org\bytedeco\javacpp-presets\flycapture\2.9.3.43-1.3\flycapture-2.9.3.43-1.3.jar;C:\Users\Jay\.m2\repository\org\bytedeco\javacpp-presets\libdc1394\2.2.4-1.3\libdc1394-2.2.4-1.3.jar;C:\Users\Jay\.m2\repository\org\bytedeco\javacpp-presets\libfreenect\0.5.3-1.3\libfreenect-0.5.3-1.3.jar;C:\Users\Jay\.m2\repository\org\bytedeco\javacpp-presets\libfreenect2\0.2.0-1.3\libfreenect2-0.2.0-1.3.jar;C:\Users\Jay\.m2\repository\org\bytedeco\javacpp-presets\librealsense\1.9.6-1.3\librealsense-1.9.6-1.3.jar;C:\Users\Jay\.m2\repository\org\bytedeco\javacpp-presets\videoinput\0.200-1.3\videoinput-0.200-1.3.jar;C:\Users\Jay\.m2\repository\org\bytedeco\javacpp-presets\artoolkitplus\2.3.1-1.3\artoolkitplus-2.3.1-1.3.jar;C:\Users\Jay\.m2\repository\org\bytedeco\javacpp-presets\flandmark\1.07-1.3\flandmark-1.07-1.3.jar;C:\Users\Jay\.m2\repository\org\byted
Launcher Type: SUN_STANDARD

[Global flags]
     intx CICompilerCount                          = 3                                         {product} {ergonomic}
     uint ConcGCThreads                            = 1                                         {product} {ergonomic}
     uint G1ConcRefinementThreads                  = 4                                         {product} {ergonomic}
   size_t G1HeapRegionSize                         = 1048576                                   {product} {ergonomic}
    uintx GCDrainStackTargetSize                   = 64                                        {product} {ergonomic}
   size_t InitialHeapSize                          = 134217728                                 {product} {ergonomic}
   size_t MarkStackSize                            = 4194304                                   {product} {ergonomic}
   size_t MaxHeapSize                              = 2116026368                                {product} {ergonomic}
   size_t MaxNewSize                               = 1268776960                                {product} {ergonomic}
   size_t MinHeapDeltaBytes                        = 1048576                                   {product} {ergonomic}
   size_t MinHeapSize                              = 8388608                                   {product} {ergonomic}
    uintx NonNMethodCodeHeapSize                   = 5832780                                {pd product} {ergonomic}
    uintx NonProfiledCodeHeapSize                  = 122912730                              {pd product} {ergonomic}
    uintx ProfiledCodeHeapSize                     = 122912730                              {pd product} {ergonomic}
    uintx ReservedCodeCacheSize                    = 251658240                              {pd product} {ergonomic}
     bool SegmentedCodeCache                       = true                                      {product} {ergonomic}
     bool ShowCodeDetailsInExceptionMessages       = true                                   {manageable} {command line}
   size_t SoftMaxHeapSize                          = 2116026368                             {manageable} {ergonomic}
     bool UseCompressedClassPointers               = true                           {product lp64_product} {ergonomic}
     bool UseCompressedOops                        = true                           {product lp64_product} {ergonomic}
     bool UseG1GC                                  = true                                      {product} {ergonomic}
     bool UseLargePagesIndividualAllocation        = false                                  {pd product} {ergonomic}

Logging:
Log output configuration:
 #0: stdout all=warning uptime,level,tags
 #1: stderr all=off uptime,level,tags

Environment Variables:
CLASSPATH=.;.;C:\PROGRA~2\JMF21~1.1E\lib\sound.jar;C:\PROGRA~2\JMF21~1.1E\lib\jmf.jar;C:\PROGRA~2\JMF21~1.1E\lib;
PATH=C:/Users/Jay/.p2/pool/plugins/org.eclipse.justj.openjdk.hotspot.jre.full.win32.x86_64_17.0.8.v20230801-1951/jre/bin/server;C:/Users/Jay/.p2/pool/plugins/org.eclipse.justj.openjdk.hotspot.jre.full.win32.x86_64_17.0.8.v20230801-1951/jre/bin;C:\Program Files\Common Files\Oracle\Java\javapath;C:\WINDOWS\system32;C:\WINDOWS;C:\WINDOWS\System32\Wbem;C:\WINDOWS\System32\WindowsPowerShell\v1.0\;C:\Program Files\nodejs\;C:\Program Files\Git\cmd;C:\xampp\php;C:\composer;C:\WINDOWS\System32\OpenSSH\;C:\Program Files\Microsoft SQL Server\150\Tools\Binn\;C:\Program Files\Microsoft SQL Server\Client SDK\ODBC\170\Tools\Binn\;C:\Program Files\dotnet\;C:\Program Files\PowerShell\7\;C:\Users\Jay\.console-ninja\.bin;C:\Users\Jay\AppData\Roaming\npm;C:\Users\Jay\AppData\Local\Programs\Microsoft VS Code\bin;C:\Users\Jay\AppData\Roaming\Composer\vendor\bin;C:\Users\Jay\AppData\Local\Microsoft\WindowsApps;C:\Users\Jay\.dotnet\tools;C:\Users\Jay\.fly\bin;C:\WINDOWS\system32;
USERNAME=Jay
OS=Windows_NT
PROCESSOR_IDENTIFIER=Intel64 Family 6 Model 78 Stepping 3, GenuineIntel
TMP=C:\Users\Jay\AppData\Local\Temp
TEMP=C:\Users\Jay\AppData\Local\Temp



---------------  S Y S T E M  ---------------

OS:
 Windows 10 , 64 bit Build 19041 (10.0.19041.1889)
OS uptime: 3 days 5:48 hours

CPU: total 4 (initial active 4) (2 cores per cpu, 2 threads per core) family 6 model 78 stepping 3 microcode 0xcc, cx8, cmov, fxsr, ht, mmx, 3dnowpref, sse, sse2, sse3, ssse3, sse4.1, sse4.2, popcnt, lzcnt, tsc, tscinvbit, avx, avx2, aes, erms, clmul, bmi1, bmi2, adx, fma, vzeroupper, clflush, clflushopt
Processor Information for all 4 processors :
  Max Mhz: 2000, Current Mhz: 2000, Mhz Limit: 2000

Memory: 4k page, system-wide physical 8065M (1601M free)
TotalPageFile size 13387M (AvailPageFile size 2171M)
current process WorkingSet (physical memory assigned to process): 288M, peak: 327M
current process commit charge ("private bytes"): 382M, peak: 435M

vm_info: OpenJDK 64-Bit Server VM (17.0.8+7) for windows-amd64 JRE (17.0.8+7), built on Jul 18 2023 21:02:32 by "admin" with MS VC++ 16.7 (VS2019)

END.
