#
# A fatal error has been detected by the Java Runtime Environment:
#
#  EXCEPTION_ACCESS_VIOLATION (0xc0000005) at pc=0x00007ff822e93466, pid=6104, tid=3240
#
# JRE version: OpenJDK Runtime Environment Temurin-17.0.8+7 (17.0.8+7) (build 17.0.8+7)
# Java VM: OpenJDK 64-Bit Server VM Temurin-17.0.8+7 (17.0.8+7, mixed mode, tiered, compressed oops, compressed class ptrs, g1 gc, windows-amd64)
# Problematic frame:
# C  [ntdll.dll+0x63466]
#
# No core dump will be written. Minidumps are not enabled by default on client versions of Windows
#
# If you would like to submit a bug report, please visit:
#   https://github.com/adoptium/adoptium-support/issues
# The crash happened outside the Java Virtual Machine in native code.
# See problematic frame for where to report the bug.
#

---------------  S U M M A R Y ------------

Command Line: --module-path=C:\javafx-sdk-20.0.2\lib --add-modules=javafx.controls,javafx.fxml -Dfile.encoding=UTF-8 -XX:+ShowCodeDetailsInExceptionMessages application.Main

Host: Intel(R) Core(TM) i3-6006U CPU @ 2.00GHz, 4 cores, 7G,  Windows 10 , 64 bit Build 19041 (10.0.19041.1889)
Time: Fri Sep 15 10:08:05 2023 Coordinated Universal Time elapsed time: 77.043477 seconds (0d 0h 1m 17s)

---------------  T H R E A D  ---------------

Current thread (0x00000280152957f0):  JavaThread "Thread-11" [_thread_in_native, id=3240, stack(0x000000b211500000,0x000000b211600000)]

Stack: [0x000000b211500000,0x000000b211600000],  sp=0x000000b2115fec60,  free space=1019k
Native frames: (J=compiled Java code, j=interpreted, Vv=VM code, C=native code)
C  [ntdll.dll+0x63466]
C  [ntdll.dll+0x2fcb4]
C  [ntdll.dll+0x2fae2]
C  0x00007ff805e72be7

Java frames: (J=compiled Java code, j=interpreted, Vv=VM code)
J 4972  org.bytedeco.javacpp.opencv_videoio$VideoCapture.retrieve(Lorg/bytedeco/javacpp/opencv_core$Mat;)Z (0 bytes) @ 0x0000028007d8bfef [0x0000028007d8bfa0+0x000000000000004f]
J 4971 c1 org.bytedeco.javacv.OpenCVFrameGrabber.grab()Lorg/bytedeco/javacv/Frame; (255 bytes) @ 0x0000028000a095a4 [0x0000028000a09500+0x00000000000000a4]
j  application.FaceDetector.run()V+988
j  java.lang.Thread.run()V+11 java.base@17.0.8
v  ~StubRoutines::call_stub

siginfo: EXCEPTION_ACCESS_VIOLATION (0xc0000005), writing address 0x0000000000000024


Register to memory mapping:

RIP=0x00007ff822e93466 ntdll.dll
RAX=0x0 is NULL
RBX=0x000002801a0df368 points into unknown readable memory: 0x0000000000000000 | 00 00 00 00 00 00 00 00
RCX=0x000002801a0df368 points into unknown readable memory: 0x0000000000000000 | 00 00 00 00 00 00 00 00
RDX=0x00000000fffffffa is an unallocated location in the heap
RSP=0x000000b2115fec60 is pointing into the stack for thread: 0x00000280152957f0
RBP=0x0 is NULL
RSI=0x0 is NULL
RDI=0x0 is NULL
R8 =0x0 is NULL
R9 =0x000002801a0df300 points into unknown readable memory: 0x0000000000000000 | 00 00 00 00 00 00 00 00
R10=0x0 is NULL
R11=0x0000000000000246 is an unknown value
R12=0x0 is NULL
R13=0x000000b20de34000 points into unknown readable memory: 0x0000000000000000 | 00 00 00 00 00 00 00 00
R14=0x0000000000000001 is an unknown value
R15=0x0 is NULL


Registers:
RAX=0x0000000000000000, RBX=0x000002801a0df368, RCX=0x000002801a0df368, RDX=0x00000000fffffffa
RSP=0x000000b2115fec60, RBP=0x0000000000000000, RSI=0x0000000000000000, RDI=0x0000000000000000
R8 =0x0000000000000000, R9 =0x000002801a0df300, R10=0x0000000000000000, R11=0x0000000000000246
R12=0x0000000000000000, R13=0x000000b20de34000, R14=0x0000000000000001, R15=0x0000000000000000
RIP=0x00007ff822e93466, EFLAGS=0x0000000000010213

Top of Stack: (sp=0x000000b2115fec60)
0x000000b2115fec60:   ffffffffffffffff 000002801a0df368
0x000000b2115fec70:   0000028074d32640 00000000000000ff
0x000000b2115fec80:   0000000000000001 00000000000000f9
0x000000b2115fec90:   00000000000000f9 000002801cd79040
0x000000b2115feca0:   0000000000000000 00007ff8fffffffa
0x000000b2115fecb0:   000000b20de34000 000002801c010000
0x000000b2115fecc0:   0000028074d20000 000000008af02798
0x000000b2115fecd0:   00000280000000f9 00000000000000f9
0x000000b2115fece0:   000002801cd79fc0 00007ff813000112
0x000000b2115fecf0:   0000e590570c4759 000002801cd79030
0x000000b2115fed00:   0000028015295700 0000000000000001
0x000000b2115fed10:   0000000000000001 0000000000000001
0x000000b2115fed20:   0000000000000000 000002801a0df368
0x000000b2115fed30:   0000000000000000 00007ff822e5fcb4
0x000000b2115fed40:   000002801cd79030 000000b2115fed98
0x000000b2115fed50:   00000000fffffffa ffffffffff676980 

Instructions: (pc=0x00007ff822e93466)
0x00007ff822e93366:   20 e9 ed fe ff ff 48 89 41 18 e9 e4 fe ff ff cc
0x00007ff822e93376:   cc cc cc cc cc cc cc cc cc cc 80 3d 81 91 10 00
0x00007ff822e93386:   00 0f 95 c0 c3 cc cc cc cc cc cc cc cc cc cc cc
0x00007ff822e93396:   cc cc cc cc cc cc cc cc cc cc 48 83 ec 38 8b 05
0x00007ff822e933a6:   82 77 10 00 89 44 24 20 e8 41 02 00 00 48 83 c4
0x00007ff822e933b6:   38 c3 cc cc cc cc cc cc cc cc 48 89 5c 24 18 55
0x00007ff822e933c6:   56 57 41 54 41 55 41 56 41 57 48 81 ec a0 00 00
0x00007ff822e933d6:   00 48 8b 05 32 11 12 00 48 33 c4 48 89 84 24 90
0x00007ff822e933e6:   00 00 00 65 4c 8b 2c 25 30 00 00 00 48 8d 05 cf
0x00007ff822e933f6:   31 10 00 40 32 ed 89 54 24 48 33 f6 40 88 6c 24
0x00007ff822e93406:   40 4c 89 6c 24 50 48 8b d9 44 8b e6 48 3b c8 0f
0x00007ff822e93416:   84 39 01 00 00 40 38 35 e6 90 10 00 0f 85 a8 01
0x00007ff822e93426:   00 00 39 35 fa 90 10 00 0f 85 6a 01 00 00 40 38
0x00007ff822e93436:   35 bd 8b 10 00 48 8d 3d be 8b 10 00 48 0f 45 fe
0x00007ff822e93446:   48 39 73 18 0f 84 d2 00 00 00 48 8b 03 48 83 f8
0x00007ff822e93456:   ff 0f 84 d2 00 00 00 44 8b fe 48 83 f8 ff 74 03
0x00007ff822e93466:   ff 40 24 4c 8b 73 18 4c 8d 2d 54 31 10 00 bd 22
0x00007ff822e93476:   17 00 00 e8 d2 13 fc ff 85 c0 0f 85 ee b4 05 00
0x00007ff822e93486:   b9 82 03 fe 7f 80 39 00 0f 85 fc b4 05 00 49 83
0x00007ff822e93496:   fe ff 0f 85 8a b5 05 00 4c 8b cf c7 44 24 20 00
0x00007ff822e934a6:   00 00 00 41 b8 04 00 00 00 48 8d 54 24 48 48 8d
0x00007ff822e934b6:   4b 08 e8 37 01 00 00 3d 02 01 00 00 0f 84 73 b5
0x00007ff822e934c6:   05 00 8b 4b 08 89 4c 24 48 f6 c1 02 75 ca 3d 02
0x00007ff822e934d6:   01 00 00 0f 84 5c b5 05 00 0f b6 6c 24 40 4c 8b
0x00007ff822e934e6:   6c 24 50 85 c0 0f 88 a8 b6 05 00 40 84 ed 75 73
0x00007ff822e934f6:   48 8b 8c 24 90 00 00 00 48 33 cc e8 7a 8d 02 00
0x00007ff822e93506:   48 8b 9c 24 f0 00 00 00 48 81 c4 a0 00 00 00 41
0x00007ff822e93516:   5f 41 5e 41 5d 41 5c 5f 5e 5d c3 cc 48 8b cb e8
0x00007ff822e93526:   56 05 00 00 e9 21 ff ff ff 8b 4b 20 48 c7 c0 ff
0x00007ff822e93536:   ff ff ff 48 0f ba e1 18 0f 82 19 ff ff ff 48 8b
0x00007ff822e93546:   cb e8 f4 e2 fa ff 48 8b 03 e9 09 ff ff ff c6 44
0x00007ff822e93556:   24 40 01 41 c7 85 60 17 00 00 01 00 00 00 e9 b2 


Stack slot to memory mapping:
stack at sp + 0 slots: 0xffffffffffffffff is an unknown value
stack at sp + 1 slots: 0x000002801a0df368 points into unknown readable memory: 0x0000000000000000 | 00 00 00 00 00 00 00 00
stack at sp + 2 slots: 0x0000028074d32640 points into unknown readable memory: 0x0000000000000000 | 00 00 00 00 00 00 00 00
stack at sp + 3 slots: 0x00000000000000ff is an unknown value
stack at sp + 4 slots: 0x0000000000000001 is an unknown value
stack at sp + 5 slots: 0x00000000000000f9 is an unknown value
stack at sp + 6 slots: 0x00000000000000f9 is an unknown value
stack at sp + 7 slots: 0x000002801cd79040 points into unknown readable memory: 0x0000028015176260 | 60 62 17 15 80 02 00 00


---------------  P R O C E S S  ---------------

Threads class SMR info:
_java_thread_list=0x000002801b59fc90, length=25, elements={
0x000002807f5f3620, 0x000002807f5f58c0, 0x000002807f5d23c0, 0x000002807f5d2c90,
0x000002807f5d3560, 0x000002807f61d7c0, 0x000002807f625fe0, 0x000002807f628900,
0x000002807f629210, 0x000002807f77c730, 0x00000280150c0270, 0x0000028015005480,
0x00000280153afca0, 0x00000280153b61e0, 0x00000280153b7110, 0x00000280153b01b0,
0x000002801b807e90, 0x000002801b8041d0, 0x000002801b809cf0, 0x000002801b8032a0,
0x000002801b8088b0, 0x00000280152957f0, 0x0000028015292040, 0x0000028015296c30,
0x000002801a4db470
}

Java Threads: ( => current thread )
  0x000002807f5f3620 JavaThread "Reference Handler" daemon [_thread_blocked, id=7684, stack(0x000000b20ea00000,0x000000b20eb00000)]
  0x000002807f5f58c0 JavaThread "Finalizer" daemon [_thread_blocked, id=10568, stack(0x000000b20eb00000,0x000000b20ec00000)]
  0x000002807f5d23c0 JavaThread "Signal Dispatcher" daemon [_thread_blocked, id=4768, stack(0x000000b20ec00000,0x000000b20ed00000)]
  0x000002807f5d2c90 JavaThread "Attach Listener" daemon [_thread_blocked, id=176, stack(0x000000b20ed00000,0x000000b20ee00000)]
  0x000002807f5d3560 JavaThread "Service Thread" daemon [_thread_blocked, id=6972, stack(0x000000b20ee00000,0x000000b20ef00000)]
  0x000002807f61d7c0 JavaThread "Monitor Deflation Thread" daemon [_thread_blocked, id=10312, stack(0x000000b20ef00000,0x000000b20f000000)]
  0x000002807f625fe0 JavaThread "C2 CompilerThread0" daemon [_thread_in_native, id=12240, stack(0x000000b20f000000,0x000000b20f100000)]
  0x000002807f628900 JavaThread "C1 CompilerThread0" daemon [_thread_blocked, id=9340, stack(0x000000b20f100000,0x000000b20f200000)]
  0x000002807f629210 JavaThread "Sweeper thread" daemon [_thread_blocked, id=1328, stack(0x000000b20f200000,0x000000b20f300000)]
  0x000002807f77c730 JavaThread "Common-Cleaner" daemon [_thread_blocked, id=1528, stack(0x000000b20f300000,0x000000b20f400000)]
  0x00000280150c0270 JavaThread "Notification Thread" daemon [_thread_blocked, id=10120, stack(0x000000b20f500000,0x000000b20f600000)]
  0x0000028015005480 JavaThread "InvokeLaterDispatcher" daemon [_thread_blocked, id=5760, stack(0x000000b20f800000,0x000000b20f900000)]
  0x00000280153afca0 JavaThread "Thread-2" daemon [_thread_in_native, id=3576, stack(0x000000b210000000,0x000000b210100000)]
  0x00000280153b61e0 JavaThread "FileSystemWatchService" daemon [_thread_in_native, id=10064, stack(0x000000b210300000,0x000000b210400000)]
  0x00000280153b7110 JavaThread "Thread-3" daemon [_thread_blocked, id=8436, stack(0x000000b210400000,0x000000b210500000)]
  0x00000280153b01b0 JavaThread "FileSystemWatchService" daemon [_thread_in_native, id=8804, stack(0x000000b210500000,0x000000b210600000)]
  0x000002801b807e90 JavaThread "Thread-4" daemon [_thread_blocked, id=10616, stack(0x000000b210600000,0x000000b210700000)]
  0x000002801b8041d0 JavaThread "Prism Font Disposer" daemon [_thread_blocked, id=8056, stack(0x000000b210a00000,0x000000b210b00000)]
  0x000002801b809cf0 JavaThread "Cleaner-0" daemon [_thread_blocked, id=1040, stack(0x000000b211100000,0x000000b211200000)]
  0x000002801b8032a0 JavaThread "pool-2-thread-1" [_thread_blocked, id=10828, stack(0x000000b20f400000,0x000000b20f500000)]
  0x000002801b8088b0 JavaThread "JavaCPP Deallocator" daemon [_thread_blocked, id=8468, stack(0x000000b210c00000,0x000000b210d00000)]
=>0x00000280152957f0 JavaThread "Thread-11" [_thread_in_native, id=3240, stack(0x000000b211500000,0x000000b211600000)]
  0x0000028015292040 JavaThread "Java2D Disposer" daemon [_thread_blocked, id=3516, stack(0x000000b211800000,0x000000b211900000)]
  0x0000028015296c30 JavaThread "DestroyJavaVM" [_thread_blocked, id=11408, stack(0x000000b20e300000,0x000000b20e400000)]
  0x000002801a4db470 JavaThread "C2 CompilerThread1" daemon [_thread_blocked, id=9224, stack(0x000000b20e000000,0x000000b20e100000)]

Other Threads:
  0x000002807f5bde20 VMThread "VM Thread" [stack: 0x000000b20e900000,0x000000b20ea00000] [id=256]
  0x00000280150c0750 WatcherThread [stack: 0x000000b20f600000,0x000000b20f700000] [id=540]
  0x0000028076f366d0 GCTaskThread "GC Thread#0" [stack: 0x000000b20e400000,0x000000b20e500000] [id=11168]
  0x0000028015488080 GCTaskThread "GC Thread#1" [stack: 0x000000b20fd00000,0x000000b20fe00000] [id=4900]
  0x0000028015488b30 GCTaskThread "GC Thread#2" [stack: 0x000000b20fe00000,0x000000b20ff00000] [id=5764]
  0x000002801548c280 GCTaskThread "GC Thread#3" [stack: 0x000000b20ff00000,0x000000b210000000] [id=5008]
  0x0000028076f47a00 ConcurrentGCThread "G1 Main Marker" [stack: 0x000000b20e500000,0x000000b20e600000] [id=9164]
  0x0000028076f48410 ConcurrentGCThread "G1 Conc#0" [stack: 0x000000b20e600000,0x000000b20e700000] [id=5464]
  0x0000028076f8d4f0 ConcurrentGCThread "G1 Refine#0" [stack: 0x000000b20e700000,0x000000b20e800000] [id=10340]
  0x000002801a7dc840 ConcurrentGCThread "G1 Refine#1" [stack: 0x000000b210b00000,0x000000b210c00000] [id=11644]
  0x000002807f4144d0 ConcurrentGCThread "G1 Service" [stack: 0x000000b20e800000,0x000000b20e900000] [id=4868]

Threads with active compile tasks:
C2 CompilerThread0    77585 5871   !   4       javafx.css.CssLexer::getToken (1356 bytes)

VM state: not at safepoint (normal execution)

VM Mutex/Monitor currently owned by a thread: None

Heap address: 0x0000000081e00000, size: 2018 MB, Compressed Oops mode: 32-bit

CDS archive(s) not mapped
Compressed class space mapped at: 0x0000000100000000-0x0000000140000000, reserved size: 1073741824
Narrow klass base: 0x0000000000000000, Narrow klass shift: 3, Narrow klass range: 0x140000000

GC Precious Log:
 CPUs: 4 total, 4 available
 Memory: 8065M
 Large Page Support: Disabled
 NUMA Support: Disabled
 Compressed Oops: Enabled (32-bit)
 Heap Region Size: 1M
 Heap Min Capacity: 8M
 Heap Initial Capacity: 128M
 Heap Max Capacity: 2018M
 Pre-touch: Disabled
 Parallel Workers: 4
 Concurrent Workers: 1
 Concurrent Refinement Workers: 4
 Periodic GC: Disabled

Heap:
 garbage-first heap   total 149504K, used 64409K [0x0000000081e00000, 0x0000000100000000)
  region size 1024K, 4 young (4096K), 1 survivors (1024K)
 Metaspace       used 33260K, committed 33472K, reserved 1114112K
  class space    used 3984K, committed 4096K, reserved 1048576K

Heap Regions: E=young(eden), S=young(survivor), O=old, HS=humongous(starts), HC=humongous(continues), CS=collection set, F=free, OA=open archive, CA=closed archive, TAMS=top-at-mark-start (previous, next)
|   0|0x0000000081e00000, 0x0000000081f00000, 0x0000000081f00000|100%| O|  |TAMS 0x0000000081f00000, 0x0000000081f00000| Untracked 
|   1|0x0000000081f00000, 0x0000000082000000, 0x0000000082000000|100%| O|  |TAMS 0x0000000082000000, 0x0000000082000000| Untracked 
|   2|0x0000000082000000, 0x0000000082100000, 0x0000000082100000|100%| O|  |TAMS 0x0000000082100000, 0x0000000082100000| Untracked 
|   3|0x0000000082100000, 0x0000000082200000, 0x0000000082200000|100%|HS|  |TAMS 0x0000000082200000, 0x0000000082200000| Complete 
|   4|0x0000000082200000, 0x0000000082300000, 0x0000000082300000|100%|HC|  |TAMS 0x0000000082300000, 0x0000000082300000| Complete 
|   5|0x0000000082300000, 0x0000000082400000, 0x0000000082400000|100%|HC|  |TAMS 0x0000000082400000, 0x0000000082400000| Complete 
|   6|0x0000000082400000, 0x0000000082500000, 0x0000000082500000|100%|HC|  |TAMS 0x0000000082500000, 0x0000000082500000| Complete 
|   7|0x0000000082500000, 0x0000000082600000, 0x0000000082600000|100%|HC|  |TAMS 0x0000000082600000, 0x0000000082600000| Complete 
|   8|0x0000000082600000, 0x0000000082700000, 0x0000000082700000|100%|HS|  |TAMS 0x0000000082600000, 0x0000000082600000| Complete 
|   9|0x0000000082700000, 0x0000000082800000, 0x0000000082800000|100%|HC|  |TAMS 0x0000000082700000, 0x0000000082700000| Complete 
|  10|0x0000000082800000, 0x0000000082900000, 0x0000000082900000|100%| O|  |TAMS 0x0000000082900000, 0x0000000082900000| Untracked 
|  11|0x0000000082900000, 0x0000000082a00000, 0x0000000082a00000|100%|HS|  |TAMS 0x0000000082a00000, 0x0000000082a00000| Complete 
|  12|0x0000000082a00000, 0x0000000082b00000, 0x0000000082b00000|100%| O|  |TAMS 0x0000000082b00000, 0x0000000082b00000| Untracked 
|  13|0x0000000082b00000, 0x0000000082c00000, 0x0000000082c00000|100%| O|  |TAMS 0x0000000082c00000, 0x0000000082c00000| Untracked 
|  14|0x0000000082c00000, 0x0000000082d00000, 0x0000000082d00000|100%| O|  |TAMS 0x0000000082d00000, 0x0000000082d00000| Untracked 
|  15|0x0000000082d00000, 0x0000000082e00000, 0x0000000082e00000|100%|HS|  |TAMS 0x0000000082e00000, 0x0000000082e00000| Complete 
|  16|0x0000000082e00000, 0x0000000082f00000, 0x0000000082f00000|100%|HS|  |TAMS 0x0000000082f00000, 0x0000000082f00000| Complete 
|  17|0x0000000082f00000, 0x0000000083000000, 0x0000000083000000|100%|HC|  |TAMS 0x0000000083000000, 0x0000000083000000| Complete 
|  18|0x0000000083000000, 0x0000000083100000, 0x0000000083100000|100%| O|  |TAMS 0x0000000083100000, 0x0000000083100000| Untracked 
|  19|0x0000000083100000, 0x0000000083200000, 0x0000000083200000|100%| O|  |TAMS 0x0000000083200000, 0x0000000083200000| Untracked 
|  20|0x0000000083200000, 0x0000000083300000, 0x0000000083300000|100%| O|  |TAMS 0x0000000083300000, 0x0000000083300000| Untracked 
|  21|0x0000000083300000, 0x0000000083400000, 0x0000000083400000|100%| O|  |TAMS 0x0000000083400000, 0x0000000083400000| Untracked 
|  22|0x0000000083400000, 0x0000000083500000, 0x0000000083500000|100%| O|  |TAMS 0x0000000083500000, 0x0000000083500000| Untracked 
|  23|0x0000000083500000, 0x0000000083600000, 0x0000000083600000|100%| O|  |TAMS 0x0000000083600000, 0x0000000083600000| Untracked 
|  24|0x0000000083600000, 0x0000000083700000, 0x0000000083700000|100%| O|  |TAMS 0x0000000083700000, 0x0000000083700000| Untracked 
|  25|0x0000000083700000, 0x0000000083800000, 0x0000000083800000|100%| O|  |TAMS 0x0000000083800000, 0x0000000083800000| Untracked 
|  26|0x0000000083800000, 0x0000000083900000, 0x0000000083900000|100%| O|  |TAMS 0x0000000083900000, 0x0000000083900000| Untracked 
|  27|0x0000000083900000, 0x0000000083a00000, 0x0000000083a00000|100%|HS|  |TAMS 0x0000000083900000, 0x0000000083900000| Complete 
|  28|0x0000000083a00000, 0x0000000083b00000, 0x0000000083b00000|100%|HC|  |TAMS 0x0000000083a00000, 0x0000000083a00000| Complete 
|  29|0x0000000083b00000, 0x0000000083c00000, 0x0000000083c00000|100%|HS|  |TAMS 0x0000000083b00000, 0x0000000083c00000| Complete 
|  30|0x0000000083c00000, 0x0000000083d00000, 0x0000000083d00000|100%|HC|  |TAMS 0x0000000083c00000, 0x0000000083d00000| Complete 
|  31|0x0000000083d00000, 0x0000000083e00000, 0x0000000083e00000|100%|HS|  |TAMS 0x0000000083d00000, 0x0000000083d00000| Complete 
|  32|0x0000000083e00000, 0x0000000083f00000, 0x0000000083f00000|100%|HC|  |TAMS 0x0000000083e00000, 0x0000000083e00000| Complete 
|  33|0x0000000083f00000, 0x0000000084000000, 0x0000000084000000|100%|HS|  |TAMS 0x0000000083f00000, 0x0000000083f00000| Complete 
|  34|0x0000000084000000, 0x0000000084100000, 0x0000000084100000|100%|HC|  |TAMS 0x0000000084000000, 0x0000000084000000| Complete 
|  35|0x0000000084100000, 0x0000000084200000, 0x0000000084200000|100%|HS|  |TAMS 0x0000000084100000, 0x0000000084200000| Complete 
|  36|0x0000000084200000, 0x0000000084300000, 0x0000000084300000|100%|HC|  |TAMS 0x0000000084200000, 0x0000000084300000| Complete 
|  37|0x0000000084300000, 0x0000000084400000, 0x0000000084400000|100%|HS|  |TAMS 0x0000000084300000, 0x0000000084300000| Complete 
|  38|0x0000000084400000, 0x0000000084500000, 0x0000000084500000|100%|HC|  |TAMS 0x0000000084400000, 0x0000000084400000| Complete 
|  39|0x0000000084500000, 0x0000000084600000, 0x0000000084600000|100%|HS|  |TAMS 0x0000000084500000, 0x0000000084500000| Complete 
|  40|0x0000000084600000, 0x0000000084700000, 0x0000000084700000|100%|HC|  |TAMS 0x0000000084600000, 0x0000000084600000| Complete 
|  41|0x0000000084700000, 0x0000000084800000, 0x0000000084800000|100%|HS|  |TAMS 0x0000000084700000, 0x0000000084800000| Complete 
|  42|0x0000000084800000, 0x0000000084900000, 0x0000000084900000|100%|HC|  |TAMS 0x0000000084800000, 0x0000000084900000| Complete 
|  43|0x0000000084900000, 0x0000000084a00000, 0x0000000084a00000|100%|HS|  |TAMS 0x0000000084900000, 0x0000000084a00000| Complete 
|  44|0x0000000084a00000, 0x0000000084b00000, 0x0000000084b00000|100%|HC|  |TAMS 0x0000000084a00000, 0x0000000084b00000| Complete 
|  45|0x0000000084b00000, 0x0000000084c00000, 0x0000000084c00000|100%|HS|  |TAMS 0x0000000084b00000, 0x0000000084b00000| Complete 
|  46|0x0000000084c00000, 0x0000000084d00000, 0x0000000084d00000|100%|HC|  |TAMS 0x0000000084c00000, 0x0000000084c00000| Complete 
|  47|0x0000000084d00000, 0x0000000084e00000, 0x0000000084e00000|100%|HS|  |TAMS 0x0000000084d00000, 0x0000000084e00000| Complete 
|  48|0x0000000084e00000, 0x0000000084f00000, 0x0000000084f00000|100%|HC|  |TAMS 0x0000000084e00000, 0x0000000084f00000| Complete 
|  49|0x0000000084f00000, 0x0000000085000000, 0x0000000085000000|100%|HS|  |TAMS 0x0000000084f00000, 0x0000000085000000| Complete 
|  50|0x0000000085000000, 0x0000000085100000, 0x0000000085100000|100%|HC|  |TAMS 0x0000000085000000, 0x0000000085100000| Complete 
|  51|0x0000000085100000, 0x0000000085100000, 0x0000000085200000|  0%| F|  |TAMS 0x0000000085100000, 0x0000000085100000| Untracked 
|  52|0x0000000085200000, 0x0000000085200000, 0x0000000085300000|  0%| F|  |TAMS 0x0000000085200000, 0x0000000085200000| Untracked 
|  53|0x0000000085300000, 0x0000000085400000, 0x0000000085400000|100%|HS|  |TAMS 0x0000000085300000, 0x0000000085400000| Complete 
|  54|0x0000000085400000, 0x0000000085500000, 0x0000000085500000|100%|HC|  |TAMS 0x0000000085400000, 0x0000000085500000| Complete 
|  55|0x0000000085500000, 0x0000000085500000, 0x0000000085600000|  0%| F|  |TAMS 0x0000000085500000, 0x0000000085500000| Untracked 
|  56|0x0000000085600000, 0x0000000085600000, 0x0000000085700000|  0%| F|  |TAMS 0x0000000085600000, 0x0000000085600000| Untracked 
|  57|0x0000000085700000, 0x0000000085800000, 0x0000000085800000|100%|HS|  |TAMS 0x0000000085700000, 0x0000000085800000| Complete 
|  58|0x0000000085800000, 0x0000000085900000, 0x0000000085900000|100%|HC|  |TAMS 0x0000000085800000, 0x0000000085900000| Complete 
|  59|0x0000000085900000, 0x0000000085900000, 0x0000000085a00000|  0%| F|  |TAMS 0x0000000085900000, 0x0000000085900000| Untracked 
|  60|0x0000000085a00000, 0x0000000085a00000, 0x0000000085b00000|  0%| F|  |TAMS 0x0000000085a00000, 0x0000000085a00000| Untracked 
|  61|0x0000000085b00000, 0x0000000085b00000, 0x0000000085c00000|  0%| F|  |TAMS 0x0000000085b00000, 0x0000000085b00000| Untracked 
|  62|0x0000000085c00000, 0x0000000085c00000, 0x0000000085d00000|  0%| F|  |TAMS 0x0000000085c00000, 0x0000000085c00000| Untracked 
|  63|0x0000000085d00000, 0x0000000085d00000, 0x0000000085e00000|  0%| F|  |TAMS 0x0000000085d00000, 0x0000000085d00000| Untracked 
|  64|0x0000000085e00000, 0x0000000085e00000, 0x0000000085f00000|  0%| F|  |TAMS 0x0000000085e00000, 0x0000000085e00000| Untracked 
|  65|0x0000000085f00000, 0x0000000085fe1400, 0x0000000086000000| 87%| O|  |TAMS 0x0000000085f53c00, 0x0000000085fe0200| Untracked 
|  66|0x0000000086000000, 0x0000000086100000, 0x0000000086100000|100%|HS|  |TAMS 0x0000000086000000, 0x0000000086100000| Complete 
|  67|0x0000000086100000, 0x0000000086200000, 0x0000000086200000|100%|HC|  |TAMS 0x0000000086100000, 0x0000000086200000| Complete 
|  68|0x0000000086200000, 0x0000000086300000, 0x0000000086300000|100%|HC|  |TAMS 0x0000000086200000, 0x0000000086300000| Complete 
|  69|0x0000000086300000, 0x0000000086400000, 0x0000000086400000|100%|HC|  |TAMS 0x0000000086300000, 0x0000000086400000| Complete 
|  70|0x0000000086400000, 0x0000000086500000, 0x0000000086500000|100%|HC|  |TAMS 0x0000000086400000, 0x0000000086500000| Complete 
|  71|0x0000000086500000, 0x0000000086500000, 0x0000000086600000|  0%| F|  |TAMS 0x0000000086500000, 0x0000000086500000| Untracked 
|  72|0x0000000086600000, 0x0000000086600000, 0x0000000086700000|  0%| F|  |TAMS 0x0000000086600000, 0x0000000086600000| Untracked 
|  73|0x0000000086700000, 0x0000000086700000, 0x0000000086800000|  0%| F|  |TAMS 0x0000000086700000, 0x0000000086700000| Untracked 
|  74|0x0000000086800000, 0x0000000086800000, 0x0000000086900000|  0%| F|  |TAMS 0x0000000086800000, 0x0000000086800000| Untracked 
|  75|0x0000000086900000, 0x0000000086900000, 0x0000000086a00000|  0%| F|  |TAMS 0x0000000086900000, 0x0000000086900000| Untracked 
|  76|0x0000000086a00000, 0x0000000086a00000, 0x0000000086b00000|  0%| F|  |TAMS 0x0000000086a00000, 0x0000000086a00000| Untracked 
|  77|0x0000000086b00000, 0x0000000086b00000, 0x0000000086c00000|  0%| F|  |TAMS 0x0000000086b00000, 0x0000000086b00000| Untracked 
|  78|0x0000000086c00000, 0x0000000086c00000, 0x0000000086d00000|  0%| F|  |TAMS 0x0000000086c00000, 0x0000000086c00000| Untracked 
|  79|0x0000000086d00000, 0x0000000086d00000, 0x0000000086e00000|  0%| F|  |TAMS 0x0000000086d00000, 0x0000000086d00000| Untracked 
|  80|0x0000000086e00000, 0x0000000086e00000, 0x0000000086f00000|  0%| F|  |TAMS 0x0000000086e00000, 0x0000000086e00000| Untracked 
|  81|0x0000000086f00000, 0x0000000086f00000, 0x0000000087000000|  0%| F|  |TAMS 0x0000000086f00000, 0x0000000086f00000| Untracked 
|  82|0x0000000087000000, 0x0000000087000000, 0x0000000087100000|  0%| F|  |TAMS 0x0000000087000000, 0x0000000087000000| Untracked 
|  83|0x0000000087100000, 0x0000000087100000, 0x0000000087200000|  0%| F|  |TAMS 0x0000000087100000, 0x0000000087100000| Untracked 
|  84|0x0000000087200000, 0x0000000087200000, 0x0000000087300000|  0%| F|  |TAMS 0x0000000087200000, 0x0000000087200000| Untracked 
|  85|0x0000000087300000, 0x0000000087300000, 0x0000000087400000|  0%| F|  |TAMS 0x0000000087300000, 0x0000000087300000| Untracked 
|  86|0x0000000087400000, 0x0000000087400000, 0x0000000087500000|  0%| F|  |TAMS 0x0000000087400000, 0x0000000087400000| Untracked 
|  87|0x0000000087500000, 0x0000000087500000, 0x0000000087600000|  0%| F|  |TAMS 0x0000000087500000, 0x0000000087500000| Untracked 
|  88|0x0000000087600000, 0x0000000087600000, 0x0000000087700000|  0%| F|  |TAMS 0x0000000087600000, 0x0000000087600000| Untracked 
|  89|0x0000000087700000, 0x0000000087700000, 0x0000000087800000|  0%| F|  |TAMS 0x0000000087700000, 0x0000000087700000| Untracked 
|  90|0x0000000087800000, 0x0000000087800000, 0x0000000087900000|  0%| F|  |TAMS 0x0000000087800000, 0x0000000087800000| Untracked 
|  91|0x0000000087900000, 0x0000000087900000, 0x0000000087a00000|  0%| F|  |TAMS 0x0000000087900000, 0x0000000087900000| Untracked 
|  92|0x0000000087a00000, 0x0000000087a00000, 0x0000000087b00000|  0%| F|  |TAMS 0x0000000087a00000, 0x0000000087a00000| Untracked 
|  93|0x0000000087b00000, 0x0000000087b00000, 0x0000000087c00000|  0%| F|  |TAMS 0x0000000087b00000, 0x0000000087b00000| Untracked 
|  94|0x0000000087c00000, 0x0000000087c00000, 0x0000000087d00000|  0%| F|  |TAMS 0x0000000087c00000, 0x0000000087c00000| Untracked 
|  95|0x0000000087d00000, 0x0000000087d00000, 0x0000000087e00000|  0%| F|  |TAMS 0x0000000087d00000, 0x0000000087d00000| Untracked 
|  96|0x0000000087e00000, 0x0000000087e00000, 0x0000000087f00000|  0%| F|  |TAMS 0x0000000087e00000, 0x0000000087e00000| Untracked 
|  97|0x0000000087f00000, 0x0000000087f00000, 0x0000000088000000|  0%| F|  |TAMS 0x0000000087f00000, 0x0000000087f00000| Untracked 
|  98|0x0000000088000000, 0x0000000088000000, 0x0000000088100000|  0%| F|  |TAMS 0x0000000088000000, 0x0000000088000000| Untracked 
|  99|0x0000000088100000, 0x0000000088100000, 0x0000000088200000|  0%| F|  |TAMS 0x0000000088100000, 0x0000000088100000| Untracked 
| 100|0x0000000088200000, 0x0000000088200000, 0x0000000088300000|  0%| F|  |TAMS 0x0000000088200000, 0x0000000088200000| Untracked 
| 101|0x0000000088300000, 0x0000000088300000, 0x0000000088400000|  0%| F|  |TAMS 0x0000000088300000, 0x0000000088300000| Untracked 
| 102|0x0000000088400000, 0x0000000088400000, 0x0000000088500000|  0%| F|  |TAMS 0x0000000088400000, 0x0000000088400000| Untracked 
| 103|0x0000000088500000, 0x0000000088500000, 0x0000000088600000|  0%| F|  |TAMS 0x0000000088500000, 0x0000000088500000| Untracked 
| 104|0x0000000088600000, 0x0000000088600000, 0x0000000088700000|  0%| F|  |TAMS 0x0000000088600000, 0x0000000088600000| Untracked 
| 105|0x0000000088700000, 0x0000000088700000, 0x0000000088800000|  0%| F|  |TAMS 0x0000000088700000, 0x0000000088700000| Untracked 
| 106|0x0000000088800000, 0x0000000088800000, 0x0000000088900000|  0%| F|  |TAMS 0x0000000088800000, 0x0000000088800000| Untracked 
| 107|0x0000000088900000, 0x0000000088900000, 0x0000000088a00000|  0%| F|  |TAMS 0x0000000088900000, 0x0000000088900000| Untracked 
| 108|0x0000000088a00000, 0x0000000088a00000, 0x0000000088b00000|  0%| F|  |TAMS 0x0000000088a00000, 0x0000000088a00000| Untracked 
| 109|0x0000000088b00000, 0x0000000088b00000, 0x0000000088c00000|  0%| F|  |TAMS 0x0000000088b00000, 0x0000000088b00000| Untracked 
| 110|0x0000000088c00000, 0x0000000088c00000, 0x0000000088d00000|  0%| F|  |TAMS 0x0000000088c00000, 0x0000000088c00000| Untracked 
| 111|0x0000000088d00000, 0x0000000088d00000, 0x0000000088e00000|  0%| F|  |TAMS 0x0000000088d00000, 0x0000000088d00000| Untracked 
| 112|0x0000000088e00000, 0x0000000088e00000, 0x0000000088f00000|  0%| F|  |TAMS 0x0000000088e00000, 0x0000000088e00000| Untracked 
| 113|0x0000000088f00000, 0x0000000088f00000, 0x0000000089000000|  0%| F|  |TAMS 0x0000000088f00000, 0x0000000088f00000| Untracked 
| 114|0x0000000089000000, 0x0000000089000000, 0x0000000089100000|  0%| F|  |TAMS 0x0000000089000000, 0x0000000089000000| Untracked 
| 115|0x0000000089100000, 0x0000000089100000, 0x0000000089200000|  0%| F|  |TAMS 0x0000000089100000, 0x0000000089100000| Untracked 
| 116|0x0000000089200000, 0x0000000089200000, 0x0000000089300000|  0%| F|  |TAMS 0x0000000089200000, 0x0000000089200000| Untracked 
| 117|0x0000000089300000, 0x0000000089300000, 0x0000000089400000|  0%| F|  |TAMS 0x0000000089300000, 0x0000000089300000| Untracked 
| 118|0x0000000089400000, 0x0000000089400000, 0x0000000089500000|  0%| F|  |TAMS 0x0000000089400000, 0x0000000089400000| Untracked 
| 119|0x0000000089500000, 0x0000000089500000, 0x0000000089600000|  0%| F|  |TAMS 0x0000000089500000, 0x0000000089500000| Untracked 
| 120|0x0000000089600000, 0x0000000089600000, 0x0000000089700000|  0%| F|  |TAMS 0x0000000089600000, 0x0000000089600000| Untracked 
| 121|0x0000000089700000, 0x0000000089700000, 0x0000000089800000|  0%| F|  |TAMS 0x0000000089700000, 0x0000000089700000| Untracked 
| 122|0x0000000089800000, 0x0000000089800000, 0x0000000089900000|  0%| F|  |TAMS 0x0000000089800000, 0x0000000089800000| Untracked 
| 123|0x0000000089900000, 0x0000000089900000, 0x0000000089a00000|  0%| F|  |TAMS 0x0000000089900000, 0x0000000089900000| Untracked 
| 124|0x0000000089a00000, 0x0000000089a00000, 0x0000000089b00000|  0%| F|  |TAMS 0x0000000089a00000, 0x0000000089a00000| Untracked 
| 125|0x0000000089b00000, 0x0000000089b00000, 0x0000000089c00000|  0%| F|  |TAMS 0x0000000089b00000, 0x0000000089b00000| Untracked 
| 126|0x0000000089c00000, 0x0000000089c00000, 0x0000000089d00000|  0%| F|  |TAMS 0x0000000089c00000, 0x0000000089c00000| Untracked 
| 127|0x0000000089d00000, 0x0000000089d00000, 0x0000000089e00000|  0%| F|  |TAMS 0x0000000089d00000, 0x0000000089d00000| Untracked 
| 128|0x0000000089e00000, 0x0000000089e00000, 0x0000000089f00000|  0%| F|  |TAMS 0x0000000089e00000, 0x0000000089e00000| Untracked 
| 129|0x0000000089f00000, 0x0000000089f00000, 0x000000008a000000|  0%| F|  |TAMS 0x0000000089f00000, 0x0000000089f00000| Untracked 
| 130|0x000000008a000000, 0x000000008a000000, 0x000000008a100000|  0%| F|  |TAMS 0x000000008a000000, 0x000000008a000000| Untracked 
| 131|0x000000008a100000, 0x000000008a100000, 0x000000008a200000|  0%| F|  |TAMS 0x000000008a100000, 0x000000008a100000| Untracked 
| 132|0x000000008a200000, 0x000000008a200000, 0x000000008a300000|  0%| F|  |TAMS 0x000000008a200000, 0x000000008a200000| Untracked 
| 133|0x000000008a300000, 0x000000008a300000, 0x000000008a400000|  0%| F|  |TAMS 0x000000008a300000, 0x000000008a300000| Untracked 
| 134|0x000000008a400000, 0x000000008a400000, 0x000000008a500000|  0%| F|  |TAMS 0x000000008a400000, 0x000000008a400000| Untracked 
| 135|0x000000008a500000, 0x000000008a500000, 0x000000008a600000|  0%| F|  |TAMS 0x000000008a500000, 0x000000008a500000| Untracked 
| 136|0x000000008a600000, 0x000000008a600000, 0x000000008a700000|  0%| F|  |TAMS 0x000000008a600000, 0x000000008a600000| Untracked 
| 137|0x000000008a700000, 0x000000008a700000, 0x000000008a800000|  0%| F|  |TAMS 0x000000008a700000, 0x000000008a700000| Untracked 
| 138|0x000000008a800000, 0x000000008a800000, 0x000000008a900000|  0%| F|  |TAMS 0x000000008a800000, 0x000000008a800000| Untracked 
| 139|0x000000008a900000, 0x000000008a900000, 0x000000008aa00000|  0%| F|  |TAMS 0x000000008a900000, 0x000000008a900000| Untracked 
| 140|0x000000008aa00000, 0x000000008aa00000, 0x000000008ab00000|  0%| F|  |TAMS 0x000000008aa00000, 0x000000008aa00000| Untracked 
| 141|0x000000008ab00000, 0x000000008ab00000, 0x000000008ac00000|  0%| F|  |TAMS 0x000000008ab00000, 0x000000008ab00000| Untracked 
| 142|0x000000008ac00000, 0x000000008ad00000, 0x000000008ad00000|100%| E|  |TAMS 0x000000008ac00000, 0x000000008ac00000| Complete 
| 143|0x000000008ad00000, 0x000000008ad05360, 0x000000008ae00000|  2%| S|CS|TAMS 0x000000008ad00000, 0x000000008ad00000| Complete 
| 144|0x000000008ae00000, 0x000000008af00000, 0x000000008af00000|100%| E|CS|TAMS 0x000000008ae00000, 0x000000008ae00000| Complete 
| 145|0x000000008af00000, 0x000000008b000000, 0x000000008b000000|100%| E|CS|TAMS 0x000000008af00000, 0x000000008af00000| Complete 

Card table byte_map: [0x000002807a990000,0x000002807ad90000] _byte_map_base: 0x000002807a581000

Marking Bits (Prev, Next): (CMBitMap*) 0x0000028076f36cf0, (CMBitMap*) 0x0000028076f36d30
 Prev Bits: [0x000002807b190000, 0x000002807d118000)
 Next Bits: [0x000002807d120000, 0x000002807f0a8000)

Polling page: 0x0000028074d10000

Metaspace:

Usage:
  Non-class:     28.59 MB used.
      Class:      3.89 MB used.
       Both:     32.48 MB used.

Virtual space:
  Non-class space:       64.00 MB reserved,      28.69 MB ( 45%) committed,  1 nodes.
      Class space:        1.00 GB reserved,       4.00 MB ( <1%) committed,  1 nodes.
             Both:        1.06 GB reserved,      32.69 MB (  3%) committed. 

Chunk freelists:
   Non-Class:  2.62 MB
       Class:  12.00 MB
        Both:  14.62 MB

MaxMetaspaceSize: unlimited
CompressedClassSpaceSize: 1.00 GB
Initial GC threshold: 21.00 MB
Current GC threshold: 54.31 MB
CDS: off
MetaspaceReclaimPolicy: balanced
 - commit_granule_bytes: 65536.
 - commit_granule_words: 8192.
 - virtual_space_node_default_size: 8388608.
 - enlarge_chunks_in_place: 1.
 - new_chunks_are_fully_committed: 0.
 - uncommit_free_chunks: 1.
 - use_allocation_guard: 0.
 - handle_deallocations: 1.


Internal statistics:

num_allocs_failed_limit: 3.
num_arena_births: 244.
num_arena_deaths: 0.
num_vsnodes_births: 2.
num_vsnodes_deaths: 0.
num_space_committed: 523.
num_space_uncommitted: 0.
num_chunks_returned_to_freelist: 3.
num_chunks_taken_from_freelist: 1018.
num_chunk_merges: 3.
num_chunk_splits: 703.
num_chunks_enlarged: 550.
num_inconsistent_stats: 0.

CodeHeap 'non-profiled nmethods': size=120000Kb used=3463Kb max_used=3463Kb free=116537Kb
 bounds [0x0000028007ad0000, 0x0000028007e40000, 0x000002800f000000]
CodeHeap 'profiled nmethods': size=120000Kb used=10001Kb max_used=11311Kb free=109998Kb
 bounds [0x0000028000000000, 0x0000028000b10000, 0x0000028007530000]
CodeHeap 'non-nmethods': size=5760Kb used=1567Kb max_used=1619Kb free=4193Kb
 bounds [0x0000028007530000, 0x00000280077a0000, 0x0000028007ad0000]
 total_blobs=6089 nmethods=5118 adapters=883
 compilation: enabled
              stopped_count=0, restarted_count=0
 full_count=0

Compilation events (20 events):
Event: 75.366 Thread 0x000002807f625fe0 5842       4       java.awt.image.SinglePixelPackedSampleModel::<init> (243 bytes)
Event: 75.383 Thread 0x000002807f625fe0 nmethod 5842 0x0000028007e29f90 code [0x0000028007e2a140, 0x0000028007e2aa78]
Event: 75.615 Thread 0x000002807f625fe0 5843       4       com.sun.marlin.TransformingPathConsumer2D$PathClipFilter::_closePath (88 bytes)
Event: 75.641 Thread 0x000002807f625fe0 nmethod 5843 0x0000028007e2af10 code [0x0000028007e2b160, 0x0000028007e2bec0]
Event: 75.677 Thread 0x000002807f625fe0 5844       4       org.bytedeco.javacpp.Pointer::access$000 (4 bytes)
Event: 75.678 Thread 0x000002807f625fe0 nmethod 5844 0x0000028007e2c810 code [0x0000028007e2c980, 0x0000028007e2c9d8]
Event: 75.725 Thread 0x000002807f628900 5845       1       javafx.scene.shape.Shape$StyleableProperties$4::isSettable (2 bytes)
Event: 75.725 Thread 0x000002807f628900 nmethod 5845 0x0000028007e2cb10 code [0x0000028007e2cca0, 0x0000028007e2cd78]
Event: 75.919 Thread 0x000002807f625fe0 5846       4       com.sun.marlin.TransformingPathConsumer2D$CurveClipSplitter::emitCurrent (98 bytes)
Event: 75.921 Thread 0x000002807f625fe0 nmethod 5846 0x0000028007e2ce10 code [0x0000028007e2cfa0, 0x0000028007e2d108]
Event: 76.031 Thread 0x000002807f625fe0 5847       4       com.sun.javafx.geom.Rectangle::<init> (21 bytes)
Event: 76.032 Thread 0x000002807f625fe0 nmethod 5847 0x0000028007e2d310 code [0x0000028007e2d480, 0x0000028007e2d538]
Event: 76.076 Thread 0x000002807f625fe0 5848       4       java.lang.Object::wait (6 bytes)
Event: 76.077 Thread 0x000002807f625fe0 nmethod 5848 0x0000028007e2d610 code [0x0000028007e2d7a0, 0x0000028007e2d848]
Event: 76.157 Thread 0x000002807f625fe0 5849       4       java.util.concurrent.LinkedBlockingQueue::dequeue (32 bytes)
Event: 76.162 Thread 0x000002807f625fe0 nmethod 5849 0x0000028007e2d910 code [0x0000028007e2da80, 0x0000028007e2dcb8]
Event: 76.162 Thread 0x000002807f625fe0 5850       4       java.util.concurrent.atomic.AtomicInteger::getAndDecrement (12 bytes)
Event: 76.163 Thread 0x000002807f625fe0 nmethod 5850 0x0000028007e2dd90 code [0x0000028007e2df00, 0x0000028007e2df78]
Event: 76.733 Thread 0x000002807f625fe0 5851       4       jdk.internal.org.objectweb.asm.ByteVector::put122 (93 bytes)
Event: 76.746 Thread 0x000002807f625fe0 nmethod 5851 0x0000028007e2e090 code [0x0000028007e2e220, 0x0000028007e2e7b8]

GC Heap History (20 events):
Event: 73.874 GC heap before
{Heap before GC invocations=128 (full 0):
 garbage-first heap   total 149504K, used 67458K [0x0000000081e00000, 0x0000000100000000)
  region size 1024K, 3 young (3072K), 1 survivors (1024K)
 Metaspace       used 33199K, committed 33472K, reserved 1114112K
  class space    used 3976K, committed 4096K, reserved 1048576K
}
Event: 73.876 GC heap after
{Heap after GC invocations=129 (full 0):
 garbage-first heap   total 149504K, used 45956K [0x0000000081e00000, 0x0000000100000000)
  region size 1024K, 1 young (1024K), 1 survivors (1024K)
 Metaspace       used 33199K, committed 33472K, reserved 1114112K
  class space    used 3976K, committed 4096K, reserved 1048576K
}
Event: 74.183 GC heap before
{Heap before GC invocations=129 (full 0):
 garbage-first heap   total 149504K, used 67460K [0x0000000081e00000, 0x0000000100000000)
  region size 1024K, 3 young (3072K), 1 survivors (1024K)
 Metaspace       used 33199K, committed 33472K, reserved 1114112K
  class space    used 3976K, committed 4096K, reserved 1048576K
}
Event: 74.184 GC heap after
{Heap after GC invocations=130 (full 0):
 garbage-first heap   total 149504K, used 45956K [0x0000000081e00000, 0x0000000100000000)
  region size 1024K, 1 young (1024K), 1 survivors (1024K)
 Metaspace       used 33199K, committed 33472K, reserved 1114112K
  class space    used 3976K, committed 4096K, reserved 1048576K
}
Event: 74.471 GC heap before
{Heap before GC invocations=130 (full 0):
 garbage-first heap   total 149504K, used 68484K [0x0000000081e00000, 0x0000000100000000)
  region size 1024K, 4 young (4096K), 1 survivors (1024K)
 Metaspace       used 33199K, committed 33472K, reserved 1114112K
  class space    used 3976K, committed 4096K, reserved 1048576K
}
Event: 74.472 GC heap after
{Heap after GC invocations=131 (full 0):
 garbage-first heap   total 149504K, used 45957K [0x0000000081e00000, 0x0000000100000000)
  region size 1024K, 1 young (1024K), 1 survivors (1024K)
 Metaspace       used 33199K, committed 33472K, reserved 1114112K
  class space    used 3976K, committed 4096K, reserved 1048576K
}
Event: 74.774 GC heap before
{Heap before GC invocations=131 (full 0):
 garbage-first heap   total 149504K, used 67461K [0x0000000081e00000, 0x0000000100000000)
  region size 1024K, 3 young (3072K), 1 survivors (1024K)
 Metaspace       used 33199K, committed 33472K, reserved 1114112K
  class space    used 3976K, committed 4096K, reserved 1048576K
}
Event: 74.775 GC heap after
{Heap after GC invocations=132 (full 0):
 garbage-first heap   total 149504K, used 45961K [0x0000000081e00000, 0x0000000100000000)
  region size 1024K, 1 young (1024K), 1 survivors (1024K)
 Metaspace       used 33199K, committed 33472K, reserved 1114112K
  class space    used 3976K, committed 4096K, reserved 1048576K
}
Event: 75.063 GC heap before
{Heap before GC invocations=132 (full 0):
 garbage-first heap   total 149504K, used 67465K [0x0000000081e00000, 0x0000000100000000)
  region size 1024K, 3 young (3072K), 1 survivors (1024K)
 Metaspace       used 33199K, committed 33472K, reserved 1114112K
  class space    used 3976K, committed 4096K, reserved 1048576K
}
Event: 75.064 GC heap after
{Heap after GC invocations=133 (full 0):
 garbage-first heap   total 149504K, used 45963K [0x0000000081e00000, 0x0000000100000000)
  region size 1024K, 1 young (1024K), 1 survivors (1024K)
 Metaspace       used 33199K, committed 33472K, reserved 1114112K
  class space    used 3976K, committed 4096K, reserved 1048576K
}
Event: 75.367 GC heap before
{Heap before GC invocations=133 (full 0):
 garbage-first heap   total 149504K, used 67467K [0x0000000081e00000, 0x0000000100000000)
  region size 1024K, 3 young (3072K), 1 survivors (1024K)
 Metaspace       used 33199K, committed 33472K, reserved 1114112K
  class space    used 3976K, committed 4096K, reserved 1048576K
}
Event: 75.368 GC heap after
{Heap after GC invocations=134 (full 0):
 garbage-first heap   total 149504K, used 45964K [0x0000000081e00000, 0x0000000100000000)
  region size 1024K, 1 young (1024K), 1 survivors (1024K)
 Metaspace       used 33199K, committed 33472K, reserved 1114112K
  class space    used 3976K, committed 4096K, reserved 1048576K
}
Event: 75.676 GC heap before
{Heap before GC invocations=134 (full 0):
 garbage-first heap   total 149504K, used 67468K [0x0000000081e00000, 0x0000000100000000)
  region size 1024K, 3 young (3072K), 1 survivors (1024K)
 Metaspace       used 33199K, committed 33472K, reserved 1114112K
  class space    used 3976K, committed 4096K, reserved 1048576K
}
Event: 75.677 GC heap after
{Heap after GC invocations=135 (full 0):
 garbage-first heap   total 149504K, used 45968K [0x0000000081e00000, 0x0000000100000000)
  region size 1024K, 1 young (1024K), 1 survivors (1024K)
 Metaspace       used 33199K, committed 33472K, reserved 1114112K
  class space    used 3976K, committed 4096K, reserved 1048576K
}
Event: 75.975 GC heap before
{Heap before GC invocations=135 (full 0):
 garbage-first heap   total 149504K, used 67472K [0x0000000081e00000, 0x0000000100000000)
  region size 1024K, 3 young (3072K), 1 survivors (1024K)
 Metaspace       used 33199K, committed 33472K, reserved 1114112K
  class space    used 3976K, committed 4096K, reserved 1048576K
}
Event: 75.976 GC heap after
{Heap after GC invocations=136 (full 0):
 garbage-first heap   total 149504K, used 45972K [0x0000000081e00000, 0x0000000100000000)
  region size 1024K, 1 young (1024K), 1 survivors (1024K)
 Metaspace       used 33199K, committed 33472K, reserved 1114112K
  class space    used 3976K, committed 4096K, reserved 1048576K
}
Event: 76.266 GC heap before
{Heap before GC invocations=136 (full 0):
 garbage-first heap   total 149504K, used 67476K [0x0000000081e00000, 0x0000000100000000)
  region size 1024K, 3 young (3072K), 1 survivors (1024K)
 Metaspace       used 33199K, committed 33472K, reserved 1114112K
  class space    used 3976K, committed 4096K, reserved 1048576K
}
Event: 76.267 GC heap after
{Heap after GC invocations=137 (full 0):
 garbage-first heap   total 149504K, used 45974K [0x0000000081e00000, 0x0000000100000000)
  region size 1024K, 1 young (1024K), 1 survivors (1024K)
 Metaspace       used 33199K, committed 33472K, reserved 1114112K
  class space    used 3976K, committed 4096K, reserved 1048576K
}
Event: 76.566 GC heap before
{Heap before GC invocations=137 (full 0):
 garbage-first heap   total 149504K, used 67478K [0x0000000081e00000, 0x0000000100000000)
  region size 1024K, 3 young (3072K), 1 survivors (1024K)
 Metaspace       used 33199K, committed 33472K, reserved 1114112K
  class space    used 3976K, committed 4096K, reserved 1048576K
}
Event: 76.567 GC heap after
{Heap after GC invocations=138 (full 0):
 garbage-first heap   total 149504K, used 48025K [0x0000000081e00000, 0x0000000100000000)
  region size 1024K, 1 young (1024K), 1 survivors (1024K)
 Metaspace       used 33199K, committed 33472K, reserved 1114112K
  class space    used 3976K, committed 4096K, reserved 1048576K
}

Dll operation events (20 events):
Event: 9.471 Loaded shared library C:\Users\Jay\.javacpp\cache\opencv-3.2.0-1.3-windows-x86_64.jar\org\bytedeco\javacpp\windows-x86_64\opencv_core320.dll
Event: 9.481 Loaded shared library C:\Users\Jay\.javacpp\cache\opencv-3.2.0-1.3-windows-x86_64.jar\org\bytedeco\javacpp\windows-x86_64\opencv_imgproc320.dll
Event: 9.490 Loaded shared library C:\Users\Jay\.javacpp\cache\opencv-3.2.0-1.3-windows-x86_64.jar\org\bytedeco\javacpp\windows-x86_64\jniopencv_core.dll
Event: 9.835 Loaded shared library C:\Users\Jay\.javacpp\cache\opencv-3.2.0-1.3-windows-x86_64.jar\org\bytedeco\javacpp\windows-x86_64\jniopencv_imgproc.dll
Event: 9.890 Loaded shared library C:\Users\Jay\.javacpp\cache\opencv-3.2.0-1.3-windows-x86_64.jar\org\bytedeco\javacpp\windows-x86_64\opencv_imgcodecs320.dll
Event: 9.902 Loaded shared library C:\Users\Jay\.javacpp\cache\opencv-3.2.0-1.3-windows-x86_64.jar\org\bytedeco\javacpp\windows-x86_64\jniopencv_imgcodecs.dll
Event: 10.037 Loaded shared library C:\Users\Jay\.javacpp\cache\opencv-3.2.0-1.3-windows-x86_64.jar\org\bytedeco\javacpp\windows-x86_64\opencv_videoio320.dll
Event: 10.047 Loaded shared library C:\Users\Jay\.javacpp\cache\opencv-3.2.0-1.3-windows-x86_64.jar\org\bytedeco\javacpp\windows-x86_64\jniopencv_videoio.dll
Event: 10.129 Loaded shared library C:\Users\Jay\.javacpp\cache\opencv-3.2.0-1.3-windows-x86_64.jar\org\bytedeco\javacpp\windows-x86_64\opencv_highgui320.dll
Event: 10.137 Loaded shared library C:\Users\Jay\.javacpp\cache\opencv-3.2.0-1.3-windows-x86_64.jar\org\bytedeco\javacpp\windows-x86_64\jniopencv_highgui.dll
Event: 10.179 Loaded shared library C:\Users\Jay\.javacpp\cache\opencv-3.2.0-1.3-windows-x86_64.jar\org\bytedeco\javacpp\windows-x86_64\opencv_ml320.dll
Event: 10.188 Loaded shared library C:\Users\Jay\.javacpp\cache\opencv-3.2.0-1.3-windows-x86_64.jar\org\bytedeco\javacpp\windows-x86_64\jniopencv_ml.dll
Event: 10.275 Loaded shared library C:\Users\Jay\.javacpp\cache\opencv-3.2.0-1.3-windows-x86_64.jar\org\bytedeco\javacpp\windows-x86_64\opencv_objdetect320.dll
Event: 10.283 Loaded shared library C:\Users\Jay\.javacpp\cache\opencv-3.2.0-1.3-windows-x86_64.jar\org\bytedeco\javacpp\windows-x86_64\jniopencv_objdetect.dll
Event: 10.377 Loaded shared library C:\Users\Jay\.javacpp\cache\opencv-3.2.0-1.3-windows-x86_64.jar\org\bytedeco\javacpp\windows-x86_64\opencv_face320.dll
Event: 10.385 Loaded shared library C:\Users\Jay\.javacpp\cache\opencv-3.2.0-1.3-windows-x86_64.jar\org\bytedeco\javacpp\windows-x86_64\jniopencv_face.dll
Event: 11.876 Loaded shared library C:\Windows\System32\ole32.dll
Event: 11.882 Loaded shared library C:\Windows\System32\oleaut32.dll
Event: 11.908 Loaded shared library C:\Users\Jay\.javacpp\cache\videoinput-0.200-1.3-windows-x86_64.jar\org\bytedeco\javacpp\windows-x86_64\jnivideoInputLib.dll
Event: 13.807 Loaded shared library C:\Users\Jay\.p2\pool\plugins\org.eclipse.justj.openjdk.hotspot.jre.full.win32.x86_64_17.0.8.v20230801-1951\jre\bin\awt.dll

Deoptimization events (20 events):
Event: 76.710 Thread 0x0000028015340340 Uncommon trap: trap_request=0xffffffc6 fr.pc=0x0000028007b7f874 relative=0x0000000000000cd4
Event: 76.710 Thread 0x0000028015340340 Uncommon trap: reason=bimorphic_or_optimized_type_check action=maybe_recompile pc=0x0000028007b7f874 method=com.sun.javafx.event.EventHandlerManager.dispatchCapturingEvent(Ljavafx/event/Event;)Ljavafx/event/Event; @ 1 c2
Event: 76.710 Thread 0x0000028015340340 DEOPT PACKING pc=0x0000028007b7f874 sp=0x000000b20f9fcfc0
Event: 76.710 Thread 0x0000028015340340 DEOPT UNPACKING pc=0x00000280075869a3 sp=0x000000b20f9fcf98 mode 2
Event: 76.710 Thread 0x0000028015340340 Uncommon trap: trap_request=0xffffff76 fr.pc=0x0000028007cb71c8 relative=0x0000000000000628
Event: 76.710 Thread 0x0000028015340340 Uncommon trap: reason=predicate action=maybe_recompile pc=0x0000028007cb71c8 method=java.util.LinkedList.remove(Ljava/lang/Object;)Z @ 45 c2
Event: 76.710 Thread 0x0000028015340340 DEOPT PACKING pc=0x0000028007cb71c8 sp=0x000000b20f9fd1e0
Event: 76.710 Thread 0x0000028015340340 DEOPT UNPACKING pc=0x00000280075869a3 sp=0x000000b20f9fd198 mode 2
Event: 76.716 Thread 0x0000028015340340 Uncommon trap: trap_request=0xffffff76 fr.pc=0x0000028007ce0398 relative=0x00000000000004d8
Event: 76.716 Thread 0x0000028015340340 Uncommon trap: reason=predicate action=maybe_recompile pc=0x0000028007ce0398 method=java.util.ArrayList.remove(Ljava/lang/Object;)Z @ 42 c2
Event: 76.716 Thread 0x0000028015340340 DEOPT PACKING pc=0x0000028007ce0398 sp=0x000000b20f9fd070
Event: 76.716 Thread 0x0000028015340340 DEOPT UNPACKING pc=0x00000280075869a3 sp=0x000000b20f9fd040 mode 2
Event: 76.716 Thread 0x0000028015340340 Uncommon trap: trap_request=0xffffffc6 fr.pc=0x0000028007b7f874 relative=0x0000000000000cd4
Event: 76.716 Thread 0x0000028015340340 Uncommon trap: reason=bimorphic_or_optimized_type_check action=maybe_recompile pc=0x0000028007b7f874 method=com.sun.javafx.event.EventHandlerManager.dispatchCapturingEvent(Ljavafx/event/Event;)Ljavafx/event/Event; @ 1 c2
Event: 76.716 Thread 0x0000028015340340 DEOPT PACKING pc=0x0000028007b7f874 sp=0x000000b20f9fcfc0
Event: 76.716 Thread 0x0000028015340340 DEOPT UNPACKING pc=0x00000280075869a3 sp=0x000000b20f9fcf98 mode 2
Event: 76.728 Thread 0x00000280152801e0 Uncommon trap: trap_request=0xfffffff4 fr.pc=0x0000028007cdf8e0 relative=0x00000000000000c0
Event: 76.728 Thread 0x00000280152801e0 Uncommon trap: reason=null_check action=make_not_entrant pc=0x0000028007cdf8e0 method=com.sun.prism.impl.BaseResourcePool$WeakLinkedList.getResource()Lcom/sun/prism/impl/ManagedResource; @ 7 c2
Event: 76.728 Thread 0x00000280152801e0 DEOPT PACKING pc=0x0000028007cdf8e0 sp=0x000000b20f7fef20
Event: 76.728 Thread 0x00000280152801e0 DEOPT UNPACKING pc=0x00000280075869a3 sp=0x000000b20f7feed0 mode 2

Classes unloaded (0 events):
No events

Classes redefined (0 events):
No events

Internal exceptions (20 events):
Event: 13.827 Thread 0x00000280152957f0 Exception <a 'java/io/FileNotFoundException'{0x0000000089dd5c10}> (0x0000000089dd5c10) 
thrown [s\src\hotspot\share\prims\jni.cpp, line 516]
Event: 13.828 Thread 0x00000280152957f0 Exception <a 'java/io/FileNotFoundException'{0x0000000089dd7180}> (0x0000000089dd7180) 
thrown [s\src\hotspot\share\prims\jni.cpp, line 516]
Event: 14.947 Thread 0x00000280152801e0 Implicit null exception at 0x0000028007c6302c to 0x0000028007c630ac
Event: 43.784 Thread 0x00000280152801e0 Implicit null exception at 0x0000028007d1e121 to 0x0000028007d1e8b1
Event: 52.497 Thread 0x0000028015340340 Implicit null exception at 0x0000028007de0bad to 0x0000028007de1760
Event: 52.497 Thread 0x0000028015340340 Implicit null exception at 0x0000028007d95d66 to 0x0000028007d968a4
Event: 52.511 Thread 0x00000280152801e0 Implicit null exception at 0x0000028007cf20d2 to 0x0000028007cf4334
Event: 53.880 Thread 0x000002801b807e90 Exception <a 'sun/nio/fs/WindowsException'{0x000000008aef4be8}> (0x000000008aef4be8) 
thrown [s\src\hotspot\share\prims\jni.cpp, line 516]
Event: 53.880 Thread 0x000002801b807e90 Exception <a 'sun/nio/fs/WindowsException'{0x000000008aef5190}> (0x000000008aef5190) 
thrown [s\src\hotspot\share\prims\jni.cpp, line 516]
Event: 62.208 Thread 0x0000028015340340 Exception <a 'java/lang/ClassNotFoundException'{0x000000008afc4a48}: sun/util/logging/resources/spi/loggingProvider> (0x000000008afc4a48) 
thrown [s\src\hotspot\share\classfile\systemDictionary.cpp, line 256]
Event: 63.761 Thread 0x00000280152801e0 Implicit null exception at 0x0000028007ce34d0 to 0x0000028007ce353c
Event: 69.232 Thread 0x0000028015340340 Implicit null exception at 0x0000028007d9a880 to 0x0000028007d9b234
Event: 70.330 Thread 0x000002801b807e90 Exception <a 'sun/nio/fs/WindowsException'{0x000000008ad00288}> (0x000000008ad00288) 
thrown [s\src\hotspot\share\prims\jni.cpp, line 516]
Event: 70.331 Thread 0x000002801b807e90 Exception <a 'sun/nio/fs/WindowsException'{0x000000008ad00a70}> (0x000000008ad00a70) 
thrown [s\src\hotspot\share\prims\jni.cpp, line 516]
Event: 70.332 Thread 0x000002801b807e90 Exception <a 'sun/nio/fs/WindowsException'{0x000000008ad013c8}> (0x000000008ad013c8) 
thrown [s\src\hotspot\share\prims\jni.cpp, line 516]
Event: 70.332 Thread 0x000002801b807e90 Exception <a 'sun/nio/fs/WindowsException'{0x000000008ad01d20}> (0x000000008ad01d20) 
thrown [s\src\hotspot\share\prims\jni.cpp, line 516]
Event: 70.333 Thread 0x000002801b807e90 Exception <a 'sun/nio/fs/WindowsException'{0x000000008ad02678}> (0x000000008ad02678) 
thrown [s\src\hotspot\share\prims\jni.cpp, line 516]
Event: 70.334 Thread 0x000002801b807e90 Exception <a 'sun/nio/fs/WindowsException'{0x000000008ad02c28}> (0x000000008ad02c28) 
thrown [s\src\hotspot\share\prims\jni.cpp, line 516]
Event: 70.334 Thread 0x000002801b807e90 Exception <a 'sun/nio/fs/WindowsException'{0x000000008ad031d0}> (0x000000008ad031d0) 
thrown [s\src\hotspot\share\prims\jni.cpp, line 516]
Event: 76.728 Thread 0x00000280152801e0 Implicit null exception at 0x0000028007cdf860 to 0x0000028007cdf8d4

VM Operations (20 events):
Event: 73.874 Executing VM operation: G1TryInitiateConcMark
Event: 73.876 Executing VM operation: G1TryInitiateConcMark done
Event: 74.183 Executing VM operation: G1TryInitiateConcMark
Event: 74.184 Executing VM operation: G1TryInitiateConcMark done
Event: 74.471 Executing VM operation: G1TryInitiateConcMark
Event: 74.472 Executing VM operation: G1TryInitiateConcMark done
Event: 74.774 Executing VM operation: G1TryInitiateConcMark
Event: 74.775 Executing VM operation: G1TryInitiateConcMark done
Event: 75.063 Executing VM operation: G1TryInitiateConcMark
Event: 75.064 Executing VM operation: G1TryInitiateConcMark done
Event: 75.367 Executing VM operation: G1TryInitiateConcMark
Event: 75.368 Executing VM operation: G1TryInitiateConcMark done
Event: 75.676 Executing VM operation: G1TryInitiateConcMark
Event: 75.677 Executing VM operation: G1TryInitiateConcMark done
Event: 75.975 Executing VM operation: G1TryInitiateConcMark
Event: 75.976 Executing VM operation: G1TryInitiateConcMark done
Event: 76.265 Executing VM operation: G1TryInitiateConcMark
Event: 76.267 Executing VM operation: G1TryInitiateConcMark done
Event: 76.566 Executing VM operation: G1TryInitiateConcMark
Event: 76.568 Executing VM operation: G1TryInitiateConcMark done

Events (20 events):
Event: 64.310 Thread 0x00000280152952e0 Thread added: 0x00000280152952e0
Event: 64.311 Thread 0x00000280152952e0 Thread exited: 0x00000280152952e0
Event: 70.329 Thread 0x0000028015292a60 Thread added: 0x0000028015292a60
Event: 70.329 Thread 0x0000028015292a60 Thread exited: 0x0000028015292a60
Event: 70.331 Thread 0x0000028015292a60 Thread added: 0x0000028015292a60
Event: 70.332 Thread 0x0000028015291620 Thread added: 0x0000028015291620
Event: 70.332 Thread 0x0000028015293480 Thread added: 0x0000028015293480
Event: 70.333 Thread 0x0000028015293ea0 Thread added: 0x0000028015293ea0
Event: 70.334 Thread 0x00000280152952e0 Thread added: 0x00000280152952e0
Event: 70.362 Thread 0x0000028015297650 Thread added: 0x0000028015297650
Event: 70.363 Thread 0x0000028015297650 Thread exited: 0x0000028015297650
Event: 70.364 Thread 0x0000028015296c30 Thread added: 0x0000028015296c30
Event: 70.365 Thread 0x0000028015296c30 Thread exited: 0x0000028015296c30
Event: 70.371 Thread 0x0000028015296c30 Thread added: 0x0000028015296c30
Event: 70.372 Thread 0x0000028015296c30 Thread exited: 0x0000028015296c30
Event: 72.334 Thread 0x0000028015292a60 Thread exited: 0x0000028015292a60
Event: 73.334 Thread 0x0000028015293480 Thread exited: 0x0000028015293480
Event: 74.338 Thread 0x0000028015293ea0 Thread exited: 0x0000028015293ea0
Event: 75.338 Thread 0x00000280152952e0 Thread exited: 0x00000280152952e0
Event: 75.342 Thread 0x0000028015291620 Thread exited: 0x0000028015291620


Dynamic libraries:
0x00007ff642c60000 - 0x00007ff642c6e000 	C:\Users\Jay\.p2\pool\plugins\org.eclipse.justj.openjdk.hotspot.jre.full.win32.x86_64_17.0.8.v20230801-1951\jre\bin\javaw.exe
0x00007ff822e30000 - 0x00007ff823028000 	C:\WINDOWS\SYSTEM32\ntdll.dll
0x00007ff8229e0000 - 0x00007ff822a9d000 	C:\WINDOWS\System32\KERNEL32.DLL
0x00007ff820a30000 - 0x00007ff820cfe000 	C:\WINDOWS\System32\KERNELBASE.dll
0x00007ff820930000 - 0x00007ff820a30000 	C:\WINDOWS\System32\ucrtbase.dll
0x00007ff81b340000 - 0x00007ff81b359000 	C:\Users\Jay\.p2\pool\plugins\org.eclipse.justj.openjdk.hotspot.jre.full.win32.x86_64_17.0.8.v20230801-1951\jre\bin\VCRUNTIME140.dll
0x00007ff81b360000 - 0x00007ff81b377000 	C:\Users\Jay\.p2\pool\plugins\org.eclipse.justj.openjdk.hotspot.jre.full.win32.x86_64_17.0.8.v20230801-1951\jre\bin\jli.dll
0x00007ff8217a0000 - 0x00007ff821940000 	C:\WINDOWS\System32\USER32.dll
0x00007ff80f830000 - 0x00007ff80faca000 	C:\WINDOWS\WinSxS\amd64_microsoft.windows.common-controls_6595b64144ccf1df_6.0.19041.1110_none_60b5254171f9507e\COMCTL32.dll
0x00007ff820f50000 - 0x00007ff820f72000 	C:\WINDOWS\System32\win32u.dll
0x00007ff821c70000 - 0x00007ff821d0e000 	C:\WINDOWS\System32\msvcrt.dll
0x00007ff821a10000 - 0x00007ff821a3a000 	C:\WINDOWS\System32\GDI32.dll
0x00007ff820d30000 - 0x00007ff820e3b000 	C:\WINDOWS\System32\gdi32full.dll
0x00007ff820e40000 - 0x00007ff820edd000 	C:\WINDOWS\System32\msvcp_win.dll
0x00007ff822c90000 - 0x00007ff822cc0000 	C:\WINDOWS\System32\IMM32.DLL
0x00007ff81c0b0000 - 0x00007ff81c0bc000 	C:\Users\Jay\.p2\pool\plugins\org.eclipse.justj.openjdk.hotspot.jre.full.win32.x86_64_17.0.8.v20230801-1951\jre\bin\vcruntime140_1.dll
0x00007ff806000000 - 0x00007ff806091000 	C:\Users\Jay\.p2\pool\plugins\org.eclipse.justj.openjdk.hotspot.jre.full.win32.x86_64_17.0.8.v20230801-1951\jre\bin\msvcp140.dll
0x00007fffe32c0000 - 0x00007fffe3f0c000 	C:\Users\Jay\.p2\pool\plugins\org.eclipse.justj.openjdk.hotspot.jre.full.win32.x86_64_17.0.8.v20230801-1951\jre\bin\server\jvm.dll
0x00007ff822d40000 - 0x00007ff822dee000 	C:\WINDOWS\System32\ADVAPI32.dll
0x00007ff822bf0000 - 0x00007ff822c8c000 	C:\WINDOWS\System32\sechost.dll
0x00007ff821670000 - 0x00007ff821795000 	C:\WINDOWS\System32\RPCRT4.dll
0x00007ff8204b0000 - 0x00007ff8204fb000 	C:\WINDOWS\SYSTEM32\POWRPROF.dll
0x00007ff818d90000 - 0x00007ff818d99000 	C:\WINDOWS\SYSTEM32\WSOCK32.dll
0x00007ff822cc0000 - 0x00007ff822d2b000 	C:\WINDOWS\System32\WS2_32.dll
0x00007ff810280000 - 0x00007ff8102a7000 	C:\WINDOWS\SYSTEM32\WINMM.dll
0x00007ff80d9d0000 - 0x00007ff80d9da000 	C:\WINDOWS\SYSTEM32\VERSION.dll
0x00007ff820490000 - 0x00007ff8204a2000 	C:\WINDOWS\SYSTEM32\UMPDC.dll
0x00007ff81e530000 - 0x00007ff81e542000 	C:\WINDOWS\SYSTEM32\kernel.appcore.dll
0x00007ff815ce0000 - 0x00007ff815cea000 	C:\Users\Jay\.p2\pool\plugins\org.eclipse.justj.openjdk.hotspot.jre.full.win32.x86_64_17.0.8.v20230801-1951\jre\bin\jimage.dll
0x00007ff80cb20000 - 0x00007ff80cd04000 	C:\WINDOWS\SYSTEM32\DBGHELP.DLL
0x00007ff80caf0000 - 0x00007ff80cb1c000 	C:\WINDOWS\SYSTEM32\dbgcore.DLL
0x00007ff8207f0000 - 0x00007ff820872000 	C:\WINDOWS\System32\bcryptPrimitives.dll
0x00007ff8119b0000 - 0x00007ff8119d5000 	C:\Users\Jay\.p2\pool\plugins\org.eclipse.justj.openjdk.hotspot.jre.full.win32.x86_64_17.0.8.v20230801-1951\jre\bin\java.dll
0x00007ff813230000 - 0x00007ff813248000 	C:\Users\Jay\.p2\pool\plugins\org.eclipse.justj.openjdk.hotspot.jre.full.win32.x86_64_17.0.8.v20230801-1951\jre\bin\zip.dll
0x00007ff822180000 - 0x00007ff8228c3000 	C:\WINDOWS\System32\SHELL32.dll
0x00007ff81e730000 - 0x00007ff81eec5000 	C:\WINDOWS\SYSTEM32\windows.storage.dll
0x00007ff821040000 - 0x00007ff821394000 	C:\WINDOWS\System32\combase.dll
0x00007ff81ffd0000 - 0x00007ff820000000 	C:\WINDOWS\SYSTEM32\Wldp.dll
0x00007ff820f90000 - 0x00007ff82103d000 	C:\WINDOWS\System32\SHCORE.dll
0x00007ff822980000 - 0x00007ff8229d5000 	C:\WINDOWS\System32\shlwapi.dll
0x00007ff820580000 - 0x00007ff82059f000 	C:\WINDOWS\SYSTEM32\profapi.dll
0x00007ff811990000 - 0x00007ff8119a9000 	C:\Users\Jay\.p2\pool\plugins\org.eclipse.justj.openjdk.hotspot.jre.full.win32.x86_64_17.0.8.v20230801-1951\jre\bin\net.dll
0x00007ff814980000 - 0x00007ff814a8a000 	C:\WINDOWS\SYSTEM32\WINHTTP.dll
0x00007ff81fd30000 - 0x00007ff81fd9a000 	C:\WINDOWS\system32\mswsock.dll
0x00007ff811970000 - 0x00007ff811985000 	C:\Users\Jay\.p2\pool\plugins\org.eclipse.justj.openjdk.hotspot.jre.full.win32.x86_64_17.0.8.v20230801-1951\jre\bin\nio.dll
0x0000028074ea0000 - 0x0000028074ea3000 	C:\javafx-sdk-20.0.2\bin\api-ms-win-core-console-l1-1-0.dll
0x0000028074eb0000 - 0x0000028074eb3000 	C:\javafx-sdk-20.0.2\bin\api-ms-win-core-console-l1-2-0.dll
0x0000028074ec0000 - 0x0000028074ec3000 	C:\javafx-sdk-20.0.2\bin\api-ms-win-core-datetime-l1-1-0.dll
0x0000028074ed0000 - 0x0000028074ed3000 	C:\javafx-sdk-20.0.2\bin\api-ms-win-core-debug-l1-1-0.dll
0x0000028076dc0000 - 0x0000028076dc3000 	C:\javafx-sdk-20.0.2\bin\api-ms-win-core-errorhandling-l1-1-0.dll
0x0000028076dd0000 - 0x0000028076dd4000 	C:\javafx-sdk-20.0.2\bin\api-ms-win-core-file-l1-1-0.dll
0x0000028076de0000 - 0x0000028076de3000 	C:\javafx-sdk-20.0.2\bin\api-ms-win-core-file-l1-2-0.dll
0x0000028076df0000 - 0x0000028076df3000 	C:\javafx-sdk-20.0.2\bin\api-ms-win-core-file-l2-1-0.dll
0x0000028076e00000 - 0x0000028076e03000 	C:\javafx-sdk-20.0.2\bin\api-ms-win-core-handle-l1-1-0.dll
0x0000028076e10000 - 0x0000028076e13000 	C:\javafx-sdk-20.0.2\bin\api-ms-win-core-heap-l1-1-0.dll
0x0000028076e20000 - 0x0000028076e23000 	C:\javafx-sdk-20.0.2\bin\api-ms-win-core-interlocked-l1-1-0.dll
0x0000028076e30000 - 0x0000028076e33000 	C:\javafx-sdk-20.0.2\bin\api-ms-win-core-libraryloader-l1-1-0.dll
0x0000028076e40000 - 0x0000028076e43000 	C:\javafx-sdk-20.0.2\bin\api-ms-win-core-localization-l1-2-0.dll
0x0000028076e50000 - 0x0000028076e53000 	C:\javafx-sdk-20.0.2\bin\api-ms-win-core-memory-l1-1-0.dll
0x0000028076e60000 - 0x0000028076e63000 	C:\javafx-sdk-20.0.2\bin\api-ms-win-core-namedpipe-l1-1-0.dll
0x0000028076e70000 - 0x0000028076e73000 	C:\javafx-sdk-20.0.2\bin\api-ms-win-core-processenvironment-l1-1-0.dll
0x0000028076e80000 - 0x0000028076e83000 	C:\javafx-sdk-20.0.2\bin\api-ms-win-core-processthreads-l1-1-0.dll
0x000002807fae0000 - 0x000002807fae3000 	C:\javafx-sdk-20.0.2\bin\api-ms-win-core-processthreads-l1-1-1.dll
0x000002807faf0000 - 0x000002807faf3000 	C:\javafx-sdk-20.0.2\bin\api-ms-win-core-profile-l1-1-0.dll
0x000002807fb00000 - 0x000002807fb03000 	C:\javafx-sdk-20.0.2\bin\api-ms-win-core-rtlsupport-l1-1-0.dll
0x000002807fb10000 - 0x000002807fb13000 	C:\javafx-sdk-20.0.2\bin\api-ms-win-core-string-l1-1-0.dll
0x000002807fb20000 - 0x000002807fb23000 	C:\javafx-sdk-20.0.2\bin\api-ms-win-core-synch-l1-1-0.dll
0x000002807fb30000 - 0x000002807fb33000 	C:\javafx-sdk-20.0.2\bin\api-ms-win-core-synch-l1-2-0.dll
0x000002807fb40000 - 0x000002807fb43000 	C:\javafx-sdk-20.0.2\bin\api-ms-win-core-sysinfo-l1-1-0.dll
0x000002807fb50000 - 0x000002807fb53000 	C:\javafx-sdk-20.0.2\bin\api-ms-win-core-timezone-l1-1-0.dll
0x000002807fb60000 - 0x000002807fb63000 	C:\javafx-sdk-20.0.2\bin\api-ms-win-core-util-l1-1-0.dll
0x000002807fb70000 - 0x000002807fb73000 	C:\javafx-sdk-20.0.2\bin\api-ms-win-crt-conio-l1-1-0.dll
0x000002807fb80000 - 0x000002807fb84000 	C:\javafx-sdk-20.0.2\bin\api-ms-win-crt-convert-l1-1-0.dll
0x000002807fb90000 - 0x000002807fb93000 	C:\javafx-sdk-20.0.2\bin\api-ms-win-crt-environment-l1-1-0.dll
0x000002807fba0000 - 0x000002807fba3000 	C:\javafx-sdk-20.0.2\bin\api-ms-win-crt-filesystem-l1-1-0.dll
0x000002807fbb0000 - 0x000002807fbb3000 	C:\javafx-sdk-20.0.2\bin\api-ms-win-crt-heap-l1-1-0.dll
0x000002807fbc0000 - 0x000002807fbc3000 	C:\javafx-sdk-20.0.2\bin\api-ms-win-crt-locale-l1-1-0.dll
0x000002807fbd0000 - 0x000002807fbd5000 	C:\javafx-sdk-20.0.2\bin\api-ms-win-crt-math-l1-1-0.dll
0x000002807fbe0000 - 0x000002807fbe5000 	C:\javafx-sdk-20.0.2\bin\api-ms-win-crt-multibyte-l1-1-0.dll
0x000002807fbf0000 - 0x000002807fc00000 	C:\javafx-sdk-20.0.2\bin\api-ms-win-crt-private-l1-1-0.dll
0x000002807fc00000 - 0x000002807fc03000 	C:\javafx-sdk-20.0.2\bin\api-ms-win-crt-process-l1-1-0.dll
0x000002807fc10000 - 0x000002807fc14000 	C:\javafx-sdk-20.0.2\bin\api-ms-win-crt-runtime-l1-1-0.dll
0x000002807fc20000 - 0x000002807fc24000 	C:\javafx-sdk-20.0.2\bin\api-ms-win-crt-stdio-l1-1-0.dll
0x000002807fc30000 - 0x000002807fc34000 	C:\javafx-sdk-20.0.2\bin\api-ms-win-crt-string-l1-1-0.dll
0x000002807fc40000 - 0x000002807fc43000 	C:\javafx-sdk-20.0.2\bin\api-ms-win-crt-time-l1-1-0.dll
0x000002807fc50000 - 0x000002807fc53000 	C:\javafx-sdk-20.0.2\bin\api-ms-win-crt-utility-l1-1-0.dll
0x00007ffff8dc0000 - 0x00007ffff8ebc000 	C:\javafx-sdk-20.0.2\bin\ucrtbase.dll
0x00007ff81b320000 - 0x00007ff81b33b000 	C:\javafx-sdk-20.0.2\bin\vcruntime140.dll
0x00007ff81b6a0000 - 0x00007ff81b6ac000 	C:\javafx-sdk-20.0.2\bin\vcruntime140_1.dll
0x00007ffff09a0000 - 0x00007ffff0a2e000 	C:\javafx-sdk-20.0.2\bin\msvcp140.dll
0x00007ff81b310000 - 0x00007ff81b319000 	C:\javafx-sdk-20.0.2\bin\msvcp140_1.dll
0x00007ff81b290000 - 0x00007ff81b2c0000 	C:\javafx-sdk-20.0.2\bin\msvcp140_2.dll
0x00007ff819b50000 - 0x00007ff819b7f000 	C:\javafx-sdk-20.0.2\bin\prism_d3d.dll
0x00007fffeeb60000 - 0x00007fffeed2f000 	C:\WINDOWS\system32\d3d9.dll
0x00007ff81e320000 - 0x00007ff81e34f000 	C:\WINDOWS\SYSTEM32\dwmapi.dll
0x00007ff81e050000 - 0x00007ff81e0ee000 	C:\WINDOWS\system32\uxtheme.dll
0x00007ff821940000 - 0x00007ff821a0d000 	C:\WINDOWS\System32\OLEAUT32.dll
0x00007ff822ac0000 - 0x00007ff822bea000 	C:\WINDOWS\System32\ole32.dll
0x00007ff821d10000 - 0x00007ff82217f000 	C:\WINDOWS\System32\SETUPAPI.dll
0x00007ff8207a0000 - 0x00007ff8207ee000 	C:\WINDOWS\System32\cfgmgr32.dll
0x00007ff820d00000 - 0x00007ff820d27000 	C:\WINDOWS\System32\bcrypt.dll
0x00007ff819a40000 - 0x00007ff819a82000 	C:\javafx-sdk-20.0.2\bin\glass.dll
0x00007ff821410000 - 0x00007ff8214ea000 	C:\WINDOWS\System32\COMDLG32.dll
0x00007ff821550000 - 0x00007ff821665000 	C:\WINDOWS\System32\MSCTF.dll
0x00007ff81b5a0000 - 0x00007ff81b5db000 	C:\WINDOWS\SYSTEM32\dxcore.dll
0x00007ff818c70000 - 0x00007ff818c84000 	C:\javafx-sdk-20.0.2\bin\javafx_font.dll
0x00007ff8120c0000 - 0x00007ff8120ed000 	C:\javafx-sdk-20.0.2\bin\javafx_iio.dll
0x00007ff816d50000 - 0x00007ff816fcf000 	C:\WINDOWS\SYSTEM32\dwrite.dll
0x00007ff8228d0000 - 0x00007ff822979000 	C:\WINDOWS\System32\clbcatq.dll
0x00007ff819160000 - 0x00007ff819314000 	C:\WINDOWS\SYSTEM32\WindowsCodecs.dll
0x00007ff8074a0000 - 0x00007ff8074de000 	C:\WINDOWS\system32\dataexchange.dll
0x00007ff81c7a0000 - 0x00007ff81ca03000 	C:\WINDOWS\system32\d3d11.dll
0x00007ff81ca10000 - 0x00007ff81cbf4000 	C:\WINDOWS\system32\dcomp.dll
0x00007ff81ef30000 - 0x00007ff81f023000 	C:\WINDOWS\system32\dxgi.dll
0x00007ff818de0000 - 0x00007ff818fe0000 	C:\WINDOWS\system32\twinapi.appcore.dll
0x00007ff819840000 - 0x00007ff819939000 	C:\WINDOWS\SYSTEM32\textinputframework.dll
0x00007ff81d1c0000 - 0x00007ff81d51e000 	C:\WINDOWS\System32\CoreUIComponents.dll
0x00007ff81d8a0000 - 0x00007ff81d992000 	C:\WINDOWS\System32\CoreMessaging.dll
0x00007ff81f340000 - 0x00007ff81f373000 	C:\WINDOWS\SYSTEM32\ntmarta.dll
0x00007ff81c640000 - 0x00007ff81c794000 	C:\WINDOWS\SYSTEM32\wintypes.dll
0x00007ff8128c0000 - 0x00007ff812926000 	C:\WINDOWS\system32\Oleacc.dll
0x00007ffff07c0000 - 0x00007ffff08af000 	C:\Users\Jay\.javacpp\cache\opencv-3.2.0-1.3-windows-x86_64.jar\org\bytedeco\javacpp\windows-x86_64\msvcr120.dll
0x00007fffefc00000 - 0x00007fffefca6000 	C:\Users\Jay\.javacpp\cache\opencv-3.2.0-1.3-windows-x86_64.jar\org\bytedeco\javacpp\windows-x86_64\msvcp120.dll
0x00007fffee8d0000 - 0x00007fffeeb58000 	C:\Users\Jay\.javacpp\cache\opencv-3.2.0-1.3-windows-x86_64.jar\org\bytedeco\javacpp\windows-x86_64\opencv_core320.dll
0x00007fffed6c0000 - 0x00007fffeda22000 	C:\Users\Jay\.javacpp\cache\opencv-3.2.0-1.3-windows-x86_64.jar\org\bytedeco\javacpp\windows-x86_64\opencv_imgproc320.dll
0x00007fffee680000 - 0x00007fffee8ca000 	C:\Users\Jay\.javacpp\cache\opencv-3.2.0-1.3-windows-x86_64.jar\org\bytedeco\javacpp\windows-x86_64\jniopencv_core.dll
0x00007ff820f80000 - 0x00007ff820f88000 	C:\WINDOWS\System32\PSAPI.DLL
0x00007fffef2b0000 - 0x00007fffef3a0000 	C:\Users\Jay\.javacpp\cache\opencv-3.2.0-1.3-windows-x86_64.jar\org\bytedeco\javacpp\windows-x86_64\jniopencv_imgproc.dll

dbghelp: loaded successfully - version: 4.0.5 - missing functions: none
symbol engine: initialized successfully - sym options: 0x614 - pdb path: .;C:\Users\Jay\.p2\pool\plugins\org.eclipse.justj.openjdk.hotspot.jre.full.win32.x86_64_17.0.8.v20230801-1951\jre\bin;C:\WINDOWS\SYSTEM32;C:\WINDOWS\WinSxS\amd64_microsoft.windows.common-controls_6595b64144ccf1df_6.0.19041.1110_none_60b5254171f9507e;C:\Users\Jay\.p2\pool\plugins\org.eclipse.justj.openjdk.hotspot.jre.full.win32.x86_64_17.0.8.v20230801-1951\jre\bin\server;C:\javafx-sdk-20.0.2\bin;C:\WINDOWS\System32\DriverStore\FileRepository\igdlh64.inf_amd64_82119d956c80af5a;C:\Program Files\Common Files\Microsoft Shared\Ink;C:\Users\Jay\.javacpp\cache\opencv-3.2.0-1.3-windows-x86_64.jar\org\bytedeco\javacpp\windows-x86_64;C:\Users\Jay\.javacpp\cache\videoinput-0.200-1.3-windows-x86_64.jar\org\bytedeco\javacpp\windows-x86_64;C:\WINDOWS\WinSxS\amd64_microsoft.windows.gdiplus_6595b64144ccf1df_1.1.19041.2006_none_919e9136cc8d4791;C:\Program Files (x86)\DroidCam\lib

VM Arguments:
jvm_args: --module-path=C:\javafx-sdk-20.0.2\lib --add-modules=javafx.controls,javafx.fxml -Dfile.encoding=UTF-8 -XX:+ShowCodeDetailsInExceptionMessages 
java_command: application.Main
java_class_path (initial): C:\Users\Jay\Desktop\facebio\Facebioreg\target\classes;C:\Users\Jay\Desktop\javafx-sdk-20.0.2\lib\javafx-swt.jar;C:\Users\Jay\Desktop\javafx-sdk-20.0.2\lib\javafx.base.jar;C:\Users\Jay\Desktop\javafx-sdk-20.0.2\lib\javafx.controls.jar;C:\Users\Jay\Desktop\javafx-sdk-20.0.2\lib\javafx.fxml.jar;C:\Users\Jay\Desktop\javafx-sdk-20.0.2\lib\javafx.graphics.jar;C:\Users\Jay\Desktop\javafx-sdk-20.0.2\lib\javafx.media.jar;C:\Users\Jay\Desktop\javafx-sdk-20.0.2\lib\javafx.swing.jar;C:\Users\Jay\Desktop\javafx-sdk-20.0.2\lib\javafx.web.jar;C:\Users\Jay\.p2\pool\plugins\org.eclipse.fx.ide.css.jfx8_3.8.0.202204150904.jar;C:\Users\Jay\Desktop\facebio\Facebioreg\opencv-341.jar;C:\Users\Jay\.m2\repository\org\bytedeco\javacv-platform\1.3.2\javacv-platform-1.3.2.jar;C:\Users\Jay\.m2\repository\org\bytedeco\javacv\1.3.2\javacv-1.3.2.jar;C:\Users\Jay\.m2\repository\org\bytedeco\javacpp\1.3.2\javacpp-1.3.2.jar;C:\Users\Jay\.m2\repository\org\bytedeco\javacpp-presets\opencv\3.2.0-1.3\opencv-3.2.0-1.3.jar;C:\Users\Jay\.m2\repository\org\bytedeco\javacpp-presets\ffmpeg\3.2.1-1.3\ffmpeg-3.2.1-1.3.jar;C:\Users\Jay\.m2\repository\org\bytedeco\javacpp-presets\flycapture\2.9.3.43-1.3\flycapture-2.9.3.43-1.3.jar;C:\Users\Jay\.m2\repository\org\bytedeco\javacpp-presets\libdc1394\2.2.4-1.3\libdc1394-2.2.4-1.3.jar;C:\Users\Jay\.m2\repository\org\bytedeco\javacpp-presets\libfreenect\0.5.3-1.3\libfreenect-0.5.3-1.3.jar;C:\Users\Jay\.m2\repository\org\bytedeco\javacpp-presets\libfreenect2\0.2.0-1.3\libfreenect2-0.2.0-1.3.jar;C:\Users\Jay\.m2\repository\org\bytedeco\javacpp-presets\librealsense\1.9.6-1.3\librealsense-1.9.6-1.3.jar;C:\Users\Jay\.m2\repository\org\bytedeco\javacpp-presets\videoinput\0.200-1.3\videoinput-0.200-1.3.jar;C:\Users\Jay\.m2\repository\org\bytedeco\javacpp-presets\artoolkitplus\2.3.1-1.3\artoolkitplus-2.3.1-1.3.jar;C:\Users\Jay\.m2\repository\org\bytedeco\javacpp-presets\flandmark\1.07-1.3\flandmark-1.07-1.3.jar;C:\Users\Jay\.m2\repository\org\byted
Launcher Type: SUN_STANDARD

[Global flags]
     intx CICompilerCount                          = 3                                         {product} {ergonomic}
     uint ConcGCThreads                            = 1                                         {product} {ergonomic}
     uint G1ConcRefinementThreads                  = 4                                         {product} {ergonomic}
   size_t G1HeapRegionSize                         = 1048576                                   {product} {ergonomic}
    uintx GCDrainStackTargetSize                   = 64                                        {product} {ergonomic}
   size_t InitialHeapSize                          = 134217728                                 {product} {ergonomic}
   size_t MarkStackSize                            = 4194304                                   {product} {ergonomic}
   size_t MaxHeapSize                              = 2116026368                                {product} {ergonomic}
   size_t MaxNewSize                               = 1268776960                                {product} {ergonomic}
   size_t MinHeapDeltaBytes                        = 1048576                                   {product} {ergonomic}
   size_t MinHeapSize                              = 8388608                                   {product} {ergonomic}
    uintx NonNMethodCodeHeapSize                   = 5832780                                {pd product} {ergonomic}
    uintx NonProfiledCodeHeapSize                  = 122912730                              {pd product} {ergonomic}
    uintx ProfiledCodeHeapSize                     = 122912730                              {pd product} {ergonomic}
    uintx ReservedCodeCacheSize                    = 251658240                              {pd product} {ergonomic}
     bool SegmentedCodeCache                       = true                                      {product} {ergonomic}
     bool ShowCodeDetailsInExceptionMessages       = true                                   {manageable} {command line}
   size_t SoftMaxHeapSize                          = 2116026368                             {manageable} {ergonomic}
     bool UseCompressedClassPointers               = true                           {product lp64_product} {ergonomic}
     bool UseCompressedOops                        = true                           {product lp64_product} {ergonomic}
     bool UseG1GC                                  = true                                      {product} {ergonomic}
     bool UseLargePagesIndividualAllocation        = false                                  {pd product} {ergonomic}

Logging:
Log output configuration:
 #0: stdout all=warning uptime,level,tags
 #1: stderr all=off uptime,level,tags

Environment Variables:
CLASSPATH=.;.;C:\PROGRA~2\JMF21~1.1E\lib\sound.jar;C:\PROGRA~2\JMF21~1.1E\lib\jmf.jar;C:\PROGRA~2\JMF21~1.1E\lib;
PATH=C:/Users/Jay/.p2/pool/plugins/org.eclipse.justj.openjdk.hotspot.jre.full.win32.x86_64_17.0.8.v20230801-1951/jre/bin/server;C:/Users/Jay/.p2/pool/plugins/org.eclipse.justj.openjdk.hotspot.jre.full.win32.x86_64_17.0.8.v20230801-1951/jre/bin;C:\Program Files\Common Files\Oracle\Java\javapath;C:\WINDOWS\system32;C:\WINDOWS;C:\WINDOWS\System32\Wbem;C:\WINDOWS\System32\WindowsPowerShell\v1.0\;C:\Program Files\nodejs\;C:\Program Files\Git\cmd;C:\xampp\php;C:\composer;C:\WINDOWS\System32\OpenSSH\;C:\Program Files\Microsoft SQL Server\150\Tools\Binn\;C:\Program Files\Microsoft SQL Server\Client SDK\ODBC\170\Tools\Binn\;C:\Program Files\dotnet\;C:\Program Files\PowerShell\7\;C:\Users\Jay\.console-ninja\.bin;C:\Users\Jay\AppData\Roaming\npm;C:\Users\Jay\AppData\Local\Programs\Microsoft VS Code\bin;C:\Users\Jay\AppData\Roaming\Composer\vendor\bin;C:\Users\Jay\AppData\Local\Microsoft\WindowsApps;C:\Users\Jay\.dotnet\tools;C:\Users\Jay\.fly\bin;C:\WINDOWS\system32;
USERNAME=Jay
OS=Windows_NT
PROCESSOR_IDENTIFIER=Intel64 Family 6 Model 78 Stepping 3, GenuineIntel
TMP=C:\Users\Jay\AppData\Local\Temp
TEMP=C:\Users\Jay\AppData\Local\Temp



---------------  S Y S T E M  ---------------

OS:
 Windows 10 , 64 bit Build 19041 (10.0.19041.1889)
OS uptime: 2 days 22:59 hours

CPU: total 4 (initial active 4) (2 cores per cpu, 2 threads per core) family 6 model 78 stepping 3 microcode 0xcc, cx8, cmov, fxsr, ht, mmx, 3dnowpref, sse, sse2, sse3, ssse3, sse4.1, sse4.2, popcnt, lzcnt, tsc, tscinvbit, avx, avx2, aes, erms, clmul, bmi1, bmi2, adx, fma, vzeroupper, clflush, clflushopt
Processor Information for all 4 processors :
  Max Mhz: 2000, Current Mhz: 2000, Mhz Limit: 2000

Memory: 4k page, system-wide physical 8065M (1459M free)
TotalPageFile size 12417M (AvailPageFile size 3309M)
current process WorkingSet (physical memory assigned to process): 341M, peak: 365M
current process commit charge ("private bytes"): 418M, peak: 454M

vm_info: OpenJDK 64-Bit Server VM (17.0.8+7) for windows-amd64 JRE (17.0.8+7), built on Jul 18 2023 21:02:32 by "admin" with MS VC++ 16.7 (VS2019)

END.
