#
# A fatal error has been detected by the Java Runtime Environment:
#
#  EXCEPTION_ACCESS_VIOLATION (0xc0000005) at pc=0x00007ff822e93466, pid=9776, tid=13020
#
# JRE version: OpenJDK Runtime Environment Temurin-17.0.8+7 (17.0.8+7) (build 17.0.8+7)
# Java VM: OpenJDK 64-Bit Server VM Temurin-17.0.8+7 (17.0.8+7, mixed mode, tiered, compressed oops, compressed class ptrs, g1 gc, windows-amd64)
# Problematic frame:
# C  [ntdll.dll+0x63466]
#
# No core dump will be written. Minidumps are not enabled by default on client versions of Windows
#
# If you would like to submit a bug report, please visit:
#   https://github.com/adoptium/adoptium-support/issues
# The crash happened outside the Java Virtual Machine in native code.
# See problematic frame for where to report the bug.
#

---------------  S U M M A R Y ------------

Command Line: --module-path=C:\javafx-sdk-20.0.2\lib --add-modules=javafx.controls,javafx.fxml -Dfile.encoding=UTF-8 -XX:+ShowCodeDetailsInExceptionMessages application.Main

Host: Intel(R) Core(TM) i3-6006U CPU @ 2.00GHz, 4 cores, 7G,  Windows 10 , 64 bit Build 19041 (10.0.19041.1889)
Time: Fri Sep 15 16:46:41 2023 Coordinated Universal Time elapsed time: 21.700427 seconds (0d 0h 0m 21s)

---------------  T H R E A D  ---------------

Current thread (0x000001e2a43da660):  JavaThread "Thread-7" [_thread_in_native, id=13020, stack(0x000000806e800000,0x000000806e900000)]

Stack: [0x000000806e800000,0x000000806e900000],  sp=0x000000806e8fedb0,  free space=1019k
Native frames: (J=compiled Java code, j=interpreted, Vv=VM code, C=native code)
C  [ntdll.dll+0x63466]
C  [ntdll.dll+0x2fcb4]
C  [ntdll.dll+0x2fae2]
C  0x00007ff80aab2be7

Java frames: (J=compiled Java code, j=interpreted, Vv=VM code)
j  org.bytedeco.javacpp.opencv_videoio$VideoCapture.retrieve(Lorg/bytedeco/javacpp/opencv_core$Mat;)Z+0
j  org.bytedeco.javacv.OpenCVFrameGrabber.grab()Lorg/bytedeco/javacv/Frame;+8
j  application.FaceDetector.run()V+988
j  java.lang.Thread.run()V+11 java.base@17.0.8
v  ~StubRoutines::call_stub

siginfo: EXCEPTION_ACCESS_VIOLATION (0xc0000005), writing address 0x0000000000000024


Register to memory mapping:

RIP=0x00007ff822e93466 ntdll.dll
RAX=0x0 is NULL
RBX=0x000001e2a5e1c5d8 points into unknown readable memory: 0x0000000000000000 | 00 00 00 00 00 00 00 00
RCX=0x000001e2a5e1c5d8 points into unknown readable memory: 0x0000000000000000 | 00 00 00 00 00 00 00 00
RDX=0x00000000fffffffa is an unallocated location in the heap
RSP=0x000000806e8fedb0 is pointing into the stack for thread: 0x000001e2a43da660
RBP=0x0 is NULL
RSI=0x0 is NULL
RDI=0x0 is NULL
R8 =0x0 is NULL
R9 =0x000001e2a5e1c500 points into unknown readable memory: 0x0000000000000000 | 00 00 00 00 00 00 00 00
R10=0x0 is NULL
R11=0x0000000000000246 is an unknown value
R12=0x0 is NULL
R13=0x000000806b136000 points into unknown readable memory: 0x0000000000000000 | 00 00 00 00 00 00 00 00
R14=0x0000000000000001 is an unknown value
R15=0x0 is NULL


Registers:
RAX=0x0000000000000000, RBX=0x000001e2a5e1c5d8, RCX=0x000001e2a5e1c5d8, RDX=0x00000000fffffffa
RSP=0x000000806e8fedb0, RBP=0x0000000000000000, RSI=0x0000000000000000, RDI=0x0000000000000000
R8 =0x0000000000000000, R9 =0x000001e2a5e1c500, R10=0x0000000000000000, R11=0x0000000000000246
R12=0x0000000000000000, R13=0x000000806b136000, R14=0x0000000000000001, R15=0x0000000000000000
RIP=0x00007ff822e93466, EFLAGS=0x0000000000010213

Top of Stack: (sp=0x000000806e8fedb0)
0x000000806e8fedb0:   ffffffffffffffff 000001e2a5e1c5d8
0x000000806e8fedc0:   000001e2a66fff00 000001e2a66fffc0
0x000000806e8fedd0:   0000000000000000 0000000000000000
0x000000806e8fede0:   000000000000e102 00007ff822e4e3ad
0x000000806e8fedf0:   000001e2fe3e0000 00000080fffffffa
0x000000806e8fee00:   000000806b136000 000001e2a66fffc0
0x000000806e8fee10:   000000806e8feee8 000001e28ab394ec
0x000000806e8fee20:   000000008be01388 000001e29a654768
0x000000806e8fee30:   000000806e8feea8 000001e28ab39600
0x000000806e8fee40:   00007ea64f76acf8 0000000000000000
0x000000806e8fee50:   000001e2a43da600 0000000000000001
0x000000806e8fee60:   0000000000000001 0000000000000001
0x000000806e8fee70:   0000000000000000 000001e2a5e1c5d8
0x000000806e8fee80:   0000000000000000 00007ff822e5fcb4
0x000000806e8fee90:   0000000000000000 0000000000000001
0x000000806e8feea0:   00000000fffffffa ffffffffff676980 

Instructions: (pc=0x00007ff822e93466)
0x00007ff822e93366:   20 e9 ed fe ff ff 48 89 41 18 e9 e4 fe ff ff cc
0x00007ff822e93376:   cc cc cc cc cc cc cc cc cc cc 80 3d 81 91 10 00
0x00007ff822e93386:   00 0f 95 c0 c3 cc cc cc cc cc cc cc cc cc cc cc
0x00007ff822e93396:   cc cc cc cc cc cc cc cc cc cc 48 83 ec 38 8b 05
0x00007ff822e933a6:   82 77 10 00 89 44 24 20 e8 41 02 00 00 48 83 c4
0x00007ff822e933b6:   38 c3 cc cc cc cc cc cc cc cc 48 89 5c 24 18 55
0x00007ff822e933c6:   56 57 41 54 41 55 41 56 41 57 48 81 ec a0 00 00
0x00007ff822e933d6:   00 48 8b 05 32 11 12 00 48 33 c4 48 89 84 24 90
0x00007ff822e933e6:   00 00 00 65 4c 8b 2c 25 30 00 00 00 48 8d 05 cf
0x00007ff822e933f6:   31 10 00 40 32 ed 89 54 24 48 33 f6 40 88 6c 24
0x00007ff822e93406:   40 4c 89 6c 24 50 48 8b d9 44 8b e6 48 3b c8 0f
0x00007ff822e93416:   84 39 01 00 00 40 38 35 e6 90 10 00 0f 85 a8 01
0x00007ff822e93426:   00 00 39 35 fa 90 10 00 0f 85 6a 01 00 00 40 38
0x00007ff822e93436:   35 bd 8b 10 00 48 8d 3d be 8b 10 00 48 0f 45 fe
0x00007ff822e93446:   48 39 73 18 0f 84 d2 00 00 00 48 8b 03 48 83 f8
0x00007ff822e93456:   ff 0f 84 d2 00 00 00 44 8b fe 48 83 f8 ff 74 03
0x00007ff822e93466:   ff 40 24 4c 8b 73 18 4c 8d 2d 54 31 10 00 bd 22
0x00007ff822e93476:   17 00 00 e8 d2 13 fc ff 85 c0 0f 85 ee b4 05 00
0x00007ff822e93486:   b9 82 03 fe 7f 80 39 00 0f 85 fc b4 05 00 49 83
0x00007ff822e93496:   fe ff 0f 85 8a b5 05 00 4c 8b cf c7 44 24 20 00
0x00007ff822e934a6:   00 00 00 41 b8 04 00 00 00 48 8d 54 24 48 48 8d
0x00007ff822e934b6:   4b 08 e8 37 01 00 00 3d 02 01 00 00 0f 84 73 b5
0x00007ff822e934c6:   05 00 8b 4b 08 89 4c 24 48 f6 c1 02 75 ca 3d 02
0x00007ff822e934d6:   01 00 00 0f 84 5c b5 05 00 0f b6 6c 24 40 4c 8b
0x00007ff822e934e6:   6c 24 50 85 c0 0f 88 a8 b6 05 00 40 84 ed 75 73
0x00007ff822e934f6:   48 8b 8c 24 90 00 00 00 48 33 cc e8 7a 8d 02 00
0x00007ff822e93506:   48 8b 9c 24 f0 00 00 00 48 81 c4 a0 00 00 00 41
0x00007ff822e93516:   5f 41 5e 41 5d 41 5c 5f 5e 5d c3 cc 48 8b cb e8
0x00007ff822e93526:   56 05 00 00 e9 21 ff ff ff 8b 4b 20 48 c7 c0 ff
0x00007ff822e93536:   ff ff ff 48 0f ba e1 18 0f 82 19 ff ff ff 48 8b
0x00007ff822e93546:   cb e8 f4 e2 fa ff 48 8b 03 e9 09 ff ff ff c6 44
0x00007ff822e93556:   24 40 01 41 c7 85 60 17 00 00 01 00 00 00 e9 b2 


Stack slot to memory mapping:
stack at sp + 0 slots: 0xffffffffffffffff is an unknown value
stack at sp + 1 slots: 0x000001e2a5e1c5d8 points into unknown readable memory: 0x0000000000000000 | 00 00 00 00 00 00 00 00
stack at sp + 2 slots: 0x000001e2a66fff00 points into unknown readable memory: 0x0000000000000000 | 00 00 00 00 00 00 00 00
stack at sp + 3 slots: 0x000001e2a66fffc0 points into unknown readable memory: 0x0000000000000000 | 00 00 00 00 00 00 00 00
stack at sp + 4 slots: 0x0 is NULL
stack at sp + 5 slots: 0x0 is NULL
stack at sp + 6 slots: 0x000000000000e102 is an unknown value
stack at sp + 7 slots: 0x00007ff822e4e3ad ntdll.dll


---------------  P R O C E S S  ---------------

Threads class SMR info:
_java_thread_list=0x000001e2a4189090, length=25, elements={
0x000001e299d8e3d0, 0x000001e29e0013f0, 0x000001e29e020550, 0x000001e29e02f720,
0x000001e29e032060, 0x000001e29e0348b0, 0x000001e29e03a050, 0x000001e29e03bd70,
0x000001e29e041a40, 0x000001e29e1c3820, 0x000001e29e5a5810, 0x000001e29e3db3a0,
0x000001e29eaa74c0, 0x000001e29eaac0b0, 0x000001e29eaacad0, 0x000001e29eaada00,
0x000001e2a4abb1c0, 0x000001e2a4abbbe0, 0x000001e2a4abacb0, 0x000001e2a4abb6d0,
0x000001e2a43dc9d0, 0x000001e2a43da660, 0x000001e2abd15c60, 0x000001e2abd15240,
0x000001e2abd138f0
}

Java Threads: ( => current thread )
  0x000001e299d8e3d0 JavaThread "Reference Handler" daemon [_thread_blocked, id=8580, stack(0x000000806bd00000,0x000000806be00000)]
  0x000001e29e0013f0 JavaThread "Finalizer" daemon [_thread_blocked, id=4916, stack(0x000000806be00000,0x000000806bf00000)]
  0x000001e29e020550 JavaThread "Signal Dispatcher" daemon [_thread_blocked, id=13024, stack(0x000000806bf00000,0x000000806c000000)]
  0x000001e29e02f720 JavaThread "Attach Listener" daemon [_thread_blocked, id=3620, stack(0x000000806c000000,0x000000806c100000)]
  0x000001e29e032060 JavaThread "Service Thread" daemon [_thread_blocked, id=14052, stack(0x000000806c100000,0x000000806c200000)]
  0x000001e29e0348b0 JavaThread "Monitor Deflation Thread" daemon [_thread_blocked, id=11408, stack(0x000000806c200000,0x000000806c300000)]
  0x000001e29e03a050 JavaThread "C2 CompilerThread0" daemon [_thread_blocked, id=14000, stack(0x000000806c300000,0x000000806c400000)]
  0x000001e29e03bd70 JavaThread "C1 CompilerThread0" daemon [_thread_blocked, id=14180, stack(0x000000806c400000,0x000000806c500000)]
  0x000001e29e041a40 JavaThread "Sweeper thread" daemon [_thread_blocked, id=14252, stack(0x000000806c500000,0x000000806c600000)]
  0x000001e29e1c3820 JavaThread "Common-Cleaner" daemon [_thread_blocked, id=4876, stack(0x000000806c600000,0x000000806c700000)]
  0x000001e29e5a5810 JavaThread "Notification Thread" daemon [_thread_blocked, id=10064, stack(0x000000806c800000,0x000000806c900000)]
  0x000001e29e3db3a0 JavaThread "InvokeLaterDispatcher" daemon [_thread_blocked, id=2812, stack(0x000000806cb00000,0x000000806cc00000)]
  0x000001e29eaa74c0 JavaThread "Thread-2" daemon [_thread_in_native, id=9200, stack(0x000000806d300000,0x000000806d400000)]
  0x000001e29eaac0b0 JavaThread "ForkJoinPool.commonPool-worker-1" daemon [_thread_blocked, id=120, stack(0x000000806d600000,0x000000806d700000)]
  0x000001e29eaacad0 JavaThread "FileSystemWatchService" daemon [_thread_in_native, id=11176, stack(0x000000806d700000,0x000000806d800000)]
  0x000001e29eaada00 JavaThread "Thread-3" daemon [_thread_blocked, id=2792, stack(0x000000806d800000,0x000000806d900000)]
  0x000001e2a4abb1c0 JavaThread "FileSystemWatchService" daemon [_thread_in_native, id=13876, stack(0x000000806d900000,0x000000806da00000)]
  0x000001e2a4abbbe0 JavaThread "Thread-4" daemon [_thread_blocked, id=13044, stack(0x000000806da00000,0x000000806db00000)]
  0x000001e2a4abacb0 JavaThread "Prism Font Disposer" daemon [_thread_blocked, id=7572, stack(0x000000806de00000,0x000000806df00000)]
  0x000001e2a4abb6d0 JavaThread "Cleaner-0" daemon [_thread_blocked, id=3836, stack(0x000000806e000000,0x000000806e100000)]
  0x000001e2a43dc9d0 JavaThread "JavaCPP Deallocator" daemon [_thread_blocked, id=6916, stack(0x000000806c700000,0x000000806c800000)]
=>0x000001e2a43da660 JavaThread "Thread-7" [_thread_in_native, id=13020, stack(0x000000806e800000,0x000000806e900000)]
  0x000001e2abd15c60 JavaThread "pool-2-thread-1" [_thread_blocked, id=5940, stack(0x000000806eb00000,0x000000806ec00000)]
  0x000001e2abd15240 JavaThread "Java2D Disposer" daemon [_thread_blocked, id=8408, stack(0x000000806ec00000,0x000000806ed00000)]
  0x000001e2abd138f0 JavaThread "DestroyJavaVM" [_thread_blocked, id=14144, stack(0x000000806b600000,0x000000806b700000)]

Other Threads:
  0x000001e299d6b2e0 VMThread "VM Thread" [stack: 0x000000806bc00000,0x000000806bd00000] [id=3664]
  0x000001e2fff5df40 WatcherThread [stack: 0x000000806c900000,0x000000806ca00000] [id=12972]
  0x000001e2fff44e80 GCTaskThread "GC Thread#0" [stack: 0x000000806b700000,0x000000806b800000] [id=13544]
  0x000001e29ebe8f80 GCTaskThread "GC Thread#1" [stack: 0x000000806d000000,0x000000806d100000] [id=8512]
  0x000001e29ebec260 GCTaskThread "GC Thread#2" [stack: 0x000000806d100000,0x000000806d200000] [id=2112]
  0x000001e29ebec990 GCTaskThread "GC Thread#3" [stack: 0x000000806d200000,0x000000806d300000] [id=13028]
  0x000001e2fff561b0 ConcurrentGCThread "G1 Main Marker" [stack: 0x000000806b800000,0x000000806b900000] [id=10556]
  0x000001e2fff56bc0 ConcurrentGCThread "G1 Conc#0" [stack: 0x000000806b900000,0x000000806ba00000] [id=5008]
  0x000001e2fff9e820 ConcurrentGCThread "G1 Refine#0" [stack: 0x000000806ba00000,0x000000806bb00000] [id=11108]
  0x000001e2a3941790 ConcurrentGCThread "G1 Refine#1" [stack: 0x000000806d500000,0x000000806d600000] [id=4260]
  0x000001e2a4450890 ConcurrentGCThread "G1 Refine#2" [stack: 0x000000806df00000,0x000000806e000000] [id=10216]
  0x000001e299bc2810 ConcurrentGCThread "G1 Service" [stack: 0x000000806bb00000,0x000000806bc00000] [id=14164]

Threads with active compile tasks:

VM state: not at safepoint (normal execution)

VM Mutex/Monitor currently owned by a thread: None

Heap address: 0x0000000081e00000, size: 2018 MB, Compressed Oops mode: 32-bit

CDS archive(s) not mapped
Compressed class space mapped at: 0x0000000100000000-0x0000000140000000, reserved size: 1073741824
Narrow klass base: 0x0000000000000000, Narrow klass shift: 3, Narrow klass range: 0x140000000

GC Precious Log:
 CPUs: 4 total, 4 available
 Memory: 8065M
 Large Page Support: Disabled
 NUMA Support: Disabled
 Compressed Oops: Enabled (32-bit)
 Heap Region Size: 1M
 Heap Min Capacity: 8M
 Heap Initial Capacity: 128M
 Heap Max Capacity: 2018M
 Pre-touch: Disabled
 Parallel Workers: 4
 Concurrent Workers: 1
 Concurrent Refinement Workers: 4
 Periodic GC: Disabled

Heap:
 garbage-first heap   total 164864K, used 52974K [0x0000000081e00000, 0x0000000100000000)
  region size 1024K, 3 young (3072K), 1 survivors (1024K)
 Metaspace       used 31906K, committed 32128K, reserved 1114112K
  class space    used 3951K, committed 4032K, reserved 1048576K

Heap Regions: E=young(eden), S=young(survivor), O=old, HS=humongous(starts), HC=humongous(continues), CS=collection set, F=free, OA=open archive, CA=closed archive, TAMS=top-at-mark-start (previous, next)
|   0|0x0000000081e00000, 0x0000000081f00000, 0x0000000081f00000|100%| O|  |TAMS 0x0000000081f00000, 0x0000000081f00000| Untracked 
|   1|0x0000000081f00000, 0x0000000082000000, 0x0000000082000000|100%| O|  |TAMS 0x0000000082000000, 0x0000000082000000| Untracked 
|   2|0x0000000082000000, 0x0000000082100000, 0x0000000082100000|100%| O|  |TAMS 0x0000000082100000, 0x0000000082100000| Untracked 
|   3|0x0000000082100000, 0x0000000082200000, 0x0000000082200000|100%|HS|  |TAMS 0x0000000082200000, 0x0000000082200000| Complete 
|   4|0x0000000082200000, 0x0000000082300000, 0x0000000082300000|100%|HC|  |TAMS 0x0000000082300000, 0x0000000082300000| Complete 
|   5|0x0000000082300000, 0x0000000082400000, 0x0000000082400000|100%|HC|  |TAMS 0x0000000082400000, 0x0000000082400000| Complete 
|   6|0x0000000082400000, 0x0000000082500000, 0x0000000082500000|100%|HC|  |TAMS 0x0000000082500000, 0x0000000082500000| Complete 
|   7|0x0000000082500000, 0x0000000082600000, 0x0000000082600000|100%|HC|  |TAMS 0x0000000082600000, 0x0000000082600000| Complete 
|   8|0x0000000082600000, 0x0000000082700000, 0x0000000082700000|100%|HS|  |TAMS 0x0000000082600000, 0x0000000082600000| Complete 
|   9|0x0000000082700000, 0x0000000082800000, 0x0000000082800000|100%|HC|  |TAMS 0x0000000082700000, 0x0000000082700000| Complete 
|  10|0x0000000082800000, 0x0000000082900000, 0x0000000082900000|100%| O|  |TAMS 0x0000000082900000, 0x0000000082900000| Untracked 
|  11|0x0000000082900000, 0x0000000082a00000, 0x0000000082a00000|100%| O|  |TAMS 0x0000000082a00000, 0x0000000082a00000| Untracked 
|  12|0x0000000082a00000, 0x0000000082b00000, 0x0000000082b00000|100%|HS|  |TAMS 0x0000000082b00000, 0x0000000082b00000| Complete 
|  13|0x0000000082b00000, 0x0000000082c00000, 0x0000000082c00000|100%|HS|  |TAMS 0x0000000082c00000, 0x0000000082c00000| Complete 
|  14|0x0000000082c00000, 0x0000000082d00000, 0x0000000082d00000|100%|HC|  |TAMS 0x0000000082d00000, 0x0000000082d00000| Complete 
|  15|0x0000000082d00000, 0x0000000082d00000, 0x0000000082e00000|  0%| F|  |TAMS 0x0000000082d00000, 0x0000000082d00000| Untracked 
|  16|0x0000000082e00000, 0x0000000082f00000, 0x0000000082f00000|100%| O|  |TAMS 0x0000000082f00000, 0x0000000082f00000| Untracked 
|  17|0x0000000082f00000, 0x0000000083000000, 0x0000000083000000|100%| O|  |TAMS 0x0000000083000000, 0x0000000083000000| Untracked 
|  18|0x0000000083000000, 0x0000000083100000, 0x0000000083100000|100%| O|  |TAMS 0x0000000083100000, 0x0000000083100000| Untracked 
|  19|0x0000000083100000, 0x0000000083200000, 0x0000000083200000|100%| O|  |TAMS 0x0000000083200000, 0x0000000083200000| Untracked 
|  20|0x0000000083200000, 0x0000000083300000, 0x0000000083300000|100%| O|  |TAMS 0x0000000083300000, 0x0000000083300000| Untracked 
|  21|0x0000000083300000, 0x0000000083400000, 0x0000000083400000|100%| O|  |TAMS 0x0000000083400000, 0x0000000083400000| Untracked 
|  22|0x0000000083400000, 0x0000000083500000, 0x0000000083500000|100%| O|  |TAMS 0x0000000083500000, 0x0000000083500000| Untracked 
|  23|0x0000000083500000, 0x0000000083600000, 0x0000000083600000|100%| O|  |TAMS 0x0000000083600000, 0x0000000083600000| Untracked 
|  24|0x0000000083600000, 0x0000000083700000, 0x0000000083700000|100%| O|  |TAMS 0x0000000083700000, 0x0000000083700000| Untracked 
|  25|0x0000000083700000, 0x0000000083800000, 0x0000000083800000|100%| O|  |TAMS 0x0000000083775200, 0x0000000083800000| Untracked 
|  26|0x0000000083800000, 0x0000000083900000, 0x0000000083900000|100%|HS|  |TAMS 0x0000000083900000, 0x0000000083900000| Complete 
|  27|0x0000000083900000, 0x0000000083a00000, 0x0000000083a00000|100%|HS|  |TAMS 0x0000000083900000, 0x0000000083900000| Complete 
|  28|0x0000000083a00000, 0x0000000083b00000, 0x0000000083b00000|100%|HC|  |TAMS 0x0000000083a00000, 0x0000000083a00000| Complete 
|  29|0x0000000083b00000, 0x0000000083c00000, 0x0000000083c00000|100%|HS|  |TAMS 0x0000000083b00000, 0x0000000083c00000| Complete 
|  30|0x0000000083c00000, 0x0000000083d00000, 0x0000000083d00000|100%|HC|  |TAMS 0x0000000083c00000, 0x0000000083d00000| Complete 
|  31|0x0000000083d00000, 0x0000000083e00000, 0x0000000083e00000|100%|HS|  |TAMS 0x0000000083d00000, 0x0000000083d00000| Complete 
|  32|0x0000000083e00000, 0x0000000083f00000, 0x0000000083f00000|100%|HC|  |TAMS 0x0000000083e00000, 0x0000000083e00000| Complete 
|  33|0x0000000083f00000, 0x0000000084000000, 0x0000000084000000|100%|HS|  |TAMS 0x0000000083f00000, 0x0000000083f00000| Complete 
|  34|0x0000000084000000, 0x0000000084100000, 0x0000000084100000|100%|HC|  |TAMS 0x0000000084000000, 0x0000000084000000| Complete 
|  35|0x0000000084100000, 0x0000000084200000, 0x0000000084200000|100%|HS|  |TAMS 0x0000000084100000, 0x0000000084200000| Complete 
|  36|0x0000000084200000, 0x0000000084300000, 0x0000000084300000|100%|HC|  |TAMS 0x0000000084200000, 0x0000000084300000| Complete 
|  37|0x0000000084300000, 0x0000000084300000, 0x0000000084400000|  0%| F|  |TAMS 0x0000000084300000, 0x0000000084300000| Untracked 
|  38|0x0000000084400000, 0x0000000084400000, 0x0000000084500000|  0%| F|  |TAMS 0x0000000084400000, 0x0000000084400000| Untracked 
|  39|0x0000000084500000, 0x0000000084500000, 0x0000000084600000|  0%| F|  |TAMS 0x0000000084500000, 0x0000000084500000| Untracked 
|  40|0x0000000084600000, 0x0000000084600000, 0x0000000084700000|  0%| F|  |TAMS 0x0000000084600000, 0x0000000084600000| Untracked 
|  41|0x0000000084700000, 0x0000000084800000, 0x0000000084800000|100%|HS|  |TAMS 0x0000000084700000, 0x0000000084800000| Complete 
|  42|0x0000000084800000, 0x0000000084900000, 0x0000000084900000|100%|HC|  |TAMS 0x0000000084800000, 0x0000000084900000| Complete 
|  43|0x0000000084900000, 0x0000000084900000, 0x0000000084a00000|  0%| F|  |TAMS 0x0000000084900000, 0x0000000084900000| Untracked 
|  44|0x0000000084a00000, 0x0000000084a00000, 0x0000000084b00000|  0%| F|  |TAMS 0x0000000084a00000, 0x0000000084a00000| Untracked 
|  45|0x0000000084b00000, 0x0000000084b00000, 0x0000000084c00000|  0%| F|  |TAMS 0x0000000084b00000, 0x0000000084b00000| Untracked 
|  46|0x0000000084c00000, 0x0000000084c00000, 0x0000000084d00000|  0%| F|  |TAMS 0x0000000084c00000, 0x0000000084c00000| Untracked 
|  47|0x0000000084d00000, 0x0000000084e00000, 0x0000000084e00000|100%|HS|  |TAMS 0x0000000084d00000, 0x0000000084e00000| Complete 
|  48|0x0000000084e00000, 0x0000000084f00000, 0x0000000084f00000|100%|HC|  |TAMS 0x0000000084e00000, 0x0000000084f00000| Complete 
|  49|0x0000000084f00000, 0x0000000084f00000, 0x0000000085000000|  0%| F|  |TAMS 0x0000000084f00000, 0x0000000084f00000| Untracked 
|  50|0x0000000085000000, 0x0000000085000000, 0x0000000085100000|  0%| F|  |TAMS 0x0000000085000000, 0x0000000085000000| Untracked 
|  51|0x0000000085100000, 0x0000000085100000, 0x0000000085200000|  0%| F|  |TAMS 0x0000000085100000, 0x0000000085100000| Untracked 
|  52|0x0000000085200000, 0x0000000085200000, 0x0000000085300000|  0%| F|  |TAMS 0x0000000085200000, 0x0000000085200000| Untracked 
|  53|0x0000000085300000, 0x0000000085400000, 0x0000000085400000|100%|HS|  |TAMS 0x0000000085300000, 0x0000000085400000| Complete 
|  54|0x0000000085400000, 0x0000000085500000, 0x0000000085500000|100%|HC|  |TAMS 0x0000000085400000, 0x0000000085500000| Complete 
|  55|0x0000000085500000, 0x0000000085500000, 0x0000000085600000|  0%| F|  |TAMS 0x0000000085500000, 0x0000000085500000| Untracked 
|  56|0x0000000085600000, 0x0000000085600000, 0x0000000085700000|  0%| F|  |TAMS 0x0000000085600000, 0x0000000085600000| Untracked 
|  57|0x0000000085700000, 0x0000000085700000, 0x0000000085800000|  0%| F|  |TAMS 0x0000000085700000, 0x0000000085700000| Untracked 
|  58|0x0000000085800000, 0x0000000085800000, 0x0000000085900000|  0%| F|  |TAMS 0x0000000085800000, 0x0000000085800000| Untracked 
|  59|0x0000000085900000, 0x0000000085a00000, 0x0000000085a00000|100%|HS|  |TAMS 0x0000000085900000, 0x0000000085a00000| Complete 
|  60|0x0000000085a00000, 0x0000000085b00000, 0x0000000085b00000|100%|HC|  |TAMS 0x0000000085a00000, 0x0000000085b00000| Complete 
|  61|0x0000000085b00000, 0x0000000085b00000, 0x0000000085c00000|  0%| F|  |TAMS 0x0000000085b00000, 0x0000000085b00000| Untracked 
|  62|0x0000000085c00000, 0x0000000085c00000, 0x0000000085d00000|  0%| F|  |TAMS 0x0000000085c00000, 0x0000000085c00000| Untracked 
|  63|0x0000000085d00000, 0x0000000085d00000, 0x0000000085e00000|  0%| F|  |TAMS 0x0000000085d00000, 0x0000000085d00000| Untracked 
|  64|0x0000000085e00000, 0x0000000085e00000, 0x0000000085f00000|  0%| F|  |TAMS 0x0000000085e00000, 0x0000000085e00000| Untracked 
|  65|0x0000000085f00000, 0x0000000086000000, 0x0000000086000000|100%|HS|  |TAMS 0x0000000085f00000, 0x0000000086000000| Complete 
|  66|0x0000000086000000, 0x0000000086100000, 0x0000000086100000|100%|HC|  |TAMS 0x0000000086000000, 0x0000000086100000| Complete 
|  67|0x0000000086100000, 0x0000000086100000, 0x0000000086200000|  0%| F|  |TAMS 0x0000000086100000, 0x0000000086100000| Untracked 
|  68|0x0000000086200000, 0x0000000086200000, 0x0000000086300000|  0%| F|  |TAMS 0x0000000086200000, 0x0000000086200000| Untracked 
|  69|0x0000000086300000, 0x0000000086400000, 0x0000000086400000|100%|HS|  |TAMS 0x0000000086300000, 0x0000000086400000| Complete 
|  70|0x0000000086400000, 0x0000000086500000, 0x0000000086500000|100%|HC|  |TAMS 0x0000000086400000, 0x0000000086500000| Complete 
|  71|0x0000000086500000, 0x0000000086600000, 0x0000000086600000|100%|HS|  |TAMS 0x0000000086500000, 0x0000000086600000| Complete 
|  72|0x0000000086600000, 0x0000000086700000, 0x0000000086700000|100%|HC|  |TAMS 0x0000000086600000, 0x0000000086700000| Complete 
|  73|0x0000000086700000, 0x0000000086700000, 0x0000000086800000|  0%| F|  |TAMS 0x0000000086700000, 0x0000000086700000| Untracked 
|  74|0x0000000086800000, 0x0000000086800000, 0x0000000086900000|  0%| F|  |TAMS 0x0000000086800000, 0x0000000086800000| Untracked 
|  75|0x0000000086900000, 0x0000000086900000, 0x0000000086a00000|  0%| F|  |TAMS 0x0000000086900000, 0x0000000086900000| Untracked 
|  76|0x0000000086a00000, 0x0000000086a00000, 0x0000000086b00000|  0%| F|  |TAMS 0x0000000086a00000, 0x0000000086a00000| Untracked 
|  77|0x0000000086b00000, 0x0000000086b00000, 0x0000000086c00000|  0%| F|  |TAMS 0x0000000086b00000, 0x0000000086b00000| Untracked 
|  78|0x0000000086c00000, 0x0000000086c00000, 0x0000000086d00000|  0%| F|  |TAMS 0x0000000086c00000, 0x0000000086c00000| Untracked 
|  79|0x0000000086d00000, 0x0000000086d00000, 0x0000000086e00000|  0%| F|  |TAMS 0x0000000086d00000, 0x0000000086d00000| Untracked 
|  80|0x0000000086e00000, 0x0000000086e00000, 0x0000000086f00000|  0%| F|  |TAMS 0x0000000086e00000, 0x0000000086e00000| Untracked 
|  81|0x0000000086f00000, 0x0000000086f00000, 0x0000000087000000|  0%| F|  |TAMS 0x0000000086f00000, 0x0000000086f00000| Untracked 
|  82|0x0000000087000000, 0x0000000087000000, 0x0000000087100000|  0%| F|  |TAMS 0x0000000087000000, 0x0000000087000000| Untracked 
|  83|0x0000000087100000, 0x0000000087100000, 0x0000000087200000|  0%| F|  |TAMS 0x0000000087100000, 0x0000000087100000| Untracked 
|  84|0x0000000087200000, 0x0000000087200000, 0x0000000087300000|  0%| F|  |TAMS 0x0000000087200000, 0x0000000087200000| Untracked 
|  85|0x0000000087300000, 0x0000000087300000, 0x0000000087400000|  0%| F|  |TAMS 0x0000000087300000, 0x0000000087300000| Untracked 
|  86|0x0000000087400000, 0x0000000087400000, 0x0000000087500000|  0%| F|  |TAMS 0x0000000087400000, 0x0000000087400000| Untracked 
|  87|0x0000000087500000, 0x0000000087500000, 0x0000000087600000|  0%| F|  |TAMS 0x0000000087500000, 0x0000000087500000| Untracked 
|  88|0x0000000087600000, 0x0000000087600000, 0x0000000087700000|  0%| F|  |TAMS 0x0000000087600000, 0x0000000087600000| Untracked 
|  89|0x0000000087700000, 0x0000000087700000, 0x0000000087800000|  0%| F|  |TAMS 0x0000000087700000, 0x0000000087700000| Untracked 
|  90|0x0000000087800000, 0x0000000087800000, 0x0000000087900000|  0%| F|  |TAMS 0x0000000087800000, 0x0000000087800000| Untracked 
|  91|0x0000000087900000, 0x0000000087900000, 0x0000000087a00000|  0%| F|  |TAMS 0x0000000087900000, 0x0000000087900000| Untracked 
|  92|0x0000000087a00000, 0x0000000087a00000, 0x0000000087b00000|  0%| F|  |TAMS 0x0000000087a00000, 0x0000000087a00000| Untracked 
|  93|0x0000000087b00000, 0x0000000087bb3800, 0x0000000087c00000| 70%| O|  |TAMS 0x0000000087b00000, 0x0000000087bb1e00| Untracked 
|  94|0x0000000087c00000, 0x0000000087c00000, 0x0000000087d00000|  0%| F|  |TAMS 0x0000000087c00000, 0x0000000087c00000| Untracked 
|  95|0x0000000087d00000, 0x0000000087d00000, 0x0000000087e00000|  0%| F|  |TAMS 0x0000000087d00000, 0x0000000087d00000| Untracked 
|  96|0x0000000087e00000, 0x0000000087e00000, 0x0000000087f00000|  0%| F|  |TAMS 0x0000000087e00000, 0x0000000087e00000| Untracked 
|  97|0x0000000087f00000, 0x0000000087f00000, 0x0000000088000000|  0%| F|  |TAMS 0x0000000087f00000, 0x0000000087f00000| Untracked 
|  98|0x0000000088000000, 0x0000000088000000, 0x0000000088100000|  0%| F|  |TAMS 0x0000000088000000, 0x0000000088000000| Untracked 
|  99|0x0000000088100000, 0x0000000088100000, 0x0000000088200000|  0%| F|  |TAMS 0x0000000088100000, 0x0000000088100000| Untracked 
| 100|0x0000000088200000, 0x0000000088200000, 0x0000000088300000|  0%| F|  |TAMS 0x0000000088200000, 0x0000000088200000| Untracked 
| 101|0x0000000088300000, 0x0000000088300000, 0x0000000088400000|  0%| F|  |TAMS 0x0000000088300000, 0x0000000088300000| Untracked 
| 102|0x0000000088400000, 0x0000000088400000, 0x0000000088500000|  0%| F|  |TAMS 0x0000000088400000, 0x0000000088400000| Untracked 
| 103|0x0000000088500000, 0x0000000088500000, 0x0000000088600000|  0%| F|  |TAMS 0x0000000088500000, 0x0000000088500000| Untracked 
| 104|0x0000000088600000, 0x0000000088600000, 0x0000000088700000|  0%| F|  |TAMS 0x0000000088600000, 0x0000000088600000| Untracked 
| 105|0x0000000088700000, 0x0000000088700000, 0x0000000088800000|  0%| F|  |TAMS 0x0000000088700000, 0x0000000088700000| Untracked 
| 106|0x0000000088800000, 0x0000000088800000, 0x0000000088900000|  0%| F|  |TAMS 0x0000000088800000, 0x0000000088800000| Untracked 
| 107|0x0000000088900000, 0x0000000088900000, 0x0000000088a00000|  0%| F|  |TAMS 0x0000000088900000, 0x0000000088900000| Untracked 
| 108|0x0000000088a00000, 0x0000000088a00000, 0x0000000088b00000|  0%| F|  |TAMS 0x0000000088a00000, 0x0000000088a00000| Untracked 
| 109|0x0000000088b00000, 0x0000000088b00000, 0x0000000088c00000|  0%| F|  |TAMS 0x0000000088b00000, 0x0000000088b00000| Untracked 
| 110|0x0000000088c00000, 0x0000000088c00000, 0x0000000088d00000|  0%| F|  |TAMS 0x0000000088c00000, 0x0000000088c00000| Untracked 
| 111|0x0000000088d00000, 0x0000000088d00000, 0x0000000088e00000|  0%| F|  |TAMS 0x0000000088d00000, 0x0000000088d00000| Untracked 
| 112|0x0000000088e00000, 0x0000000088e00000, 0x0000000088f00000|  0%| F|  |TAMS 0x0000000088e00000, 0x0000000088e00000| Untracked 
| 113|0x0000000088f00000, 0x0000000088f00000, 0x0000000089000000|  0%| F|  |TAMS 0x0000000088f00000, 0x0000000088f00000| Untracked 
| 114|0x0000000089000000, 0x0000000089000000, 0x0000000089100000|  0%| F|  |TAMS 0x0000000089000000, 0x0000000089000000| Untracked 
| 115|0x0000000089100000, 0x0000000089100000, 0x0000000089200000|  0%| F|  |TAMS 0x0000000089100000, 0x0000000089100000| Untracked 
| 116|0x0000000089200000, 0x0000000089200000, 0x0000000089300000|  0%| F|  |TAMS 0x0000000089200000, 0x0000000089200000| Untracked 
| 117|0x0000000089300000, 0x0000000089300000, 0x0000000089400000|  0%| F|  |TAMS 0x0000000089300000, 0x0000000089300000| Untracked 
| 118|0x0000000089400000, 0x0000000089400000, 0x0000000089500000|  0%| F|  |TAMS 0x0000000089400000, 0x0000000089400000| Untracked 
| 119|0x0000000089500000, 0x0000000089500000, 0x0000000089600000|  0%| F|  |TAMS 0x0000000089500000, 0x0000000089500000| Untracked 
| 120|0x0000000089600000, 0x0000000089600000, 0x0000000089700000|  0%| F|  |TAMS 0x0000000089600000, 0x0000000089600000| Untracked 
| 121|0x0000000089700000, 0x0000000089700000, 0x0000000089800000|  0%| F|  |TAMS 0x0000000089700000, 0x0000000089700000| Untracked 
| 122|0x0000000089800000, 0x0000000089800000, 0x0000000089900000|  0%| F|  |TAMS 0x0000000089800000, 0x0000000089800000| Untracked 
| 123|0x0000000089900000, 0x0000000089900000, 0x0000000089a00000|  0%| F|  |TAMS 0x0000000089900000, 0x0000000089900000| Untracked 
| 124|0x0000000089a00000, 0x0000000089a00000, 0x0000000089b00000|  0%| F|  |TAMS 0x0000000089a00000, 0x0000000089a00000| Untracked 
| 125|0x0000000089b00000, 0x0000000089b00000, 0x0000000089c00000|  0%| F|  |TAMS 0x0000000089b00000, 0x0000000089b00000| Untracked 
| 126|0x0000000089c00000, 0x0000000089c00000, 0x0000000089d00000|  0%| F|  |TAMS 0x0000000089c00000, 0x0000000089c00000| Untracked 
| 127|0x0000000089d00000, 0x0000000089d00000, 0x0000000089e00000|  0%| F|  |TAMS 0x0000000089d00000, 0x0000000089d00000| Untracked 
| 128|0x0000000089e00000, 0x0000000089e00000, 0x0000000089f00000|  0%| F|  |TAMS 0x0000000089e00000, 0x0000000089e00000| Untracked 
| 129|0x0000000089f00000, 0x0000000089f00000, 0x000000008a000000|  0%| F|  |TAMS 0x0000000089f00000, 0x0000000089f00000| Untracked 
| 130|0x000000008a000000, 0x000000008a000000, 0x000000008a100000|  0%| F|  |TAMS 0x000000008a000000, 0x000000008a000000| Untracked 
| 131|0x000000008a100000, 0x000000008a100000, 0x000000008a200000|  0%| F|  |TAMS 0x000000008a100000, 0x000000008a100000| Untracked 
| 132|0x000000008a200000, 0x000000008a200000, 0x000000008a300000|  0%| F|  |TAMS 0x000000008a200000, 0x000000008a200000| Untracked 
| 133|0x000000008a300000, 0x000000008a300000, 0x000000008a400000|  0%| F|  |TAMS 0x000000008a300000, 0x000000008a300000| Untracked 
| 134|0x000000008a400000, 0x000000008a400000, 0x000000008a500000|  0%| F|  |TAMS 0x000000008a400000, 0x000000008a400000| Untracked 
| 135|0x000000008a500000, 0x000000008a500000, 0x000000008a600000|  0%| F|  |TAMS 0x000000008a500000, 0x000000008a500000| Untracked 
| 136|0x000000008a600000, 0x000000008a600000, 0x000000008a700000|  0%| F|  |TAMS 0x000000008a600000, 0x000000008a600000| Untracked 
| 137|0x000000008a700000, 0x000000008a700000, 0x000000008a800000|  0%| F|  |TAMS 0x000000008a700000, 0x000000008a700000| Untracked 
| 138|0x000000008a800000, 0x000000008a800000, 0x000000008a900000|  0%| F|  |TAMS 0x000000008a800000, 0x000000008a800000| Untracked 
| 139|0x000000008a900000, 0x000000008a900000, 0x000000008aa00000|  0%| F|  |TAMS 0x000000008a900000, 0x000000008a900000| Untracked 
| 140|0x000000008aa00000, 0x000000008aa00000, 0x000000008ab00000|  0%| F|  |TAMS 0x000000008aa00000, 0x000000008aa00000| Untracked 
| 141|0x000000008ab00000, 0x000000008ab00000, 0x000000008ac00000|  0%| F|  |TAMS 0x000000008ab00000, 0x000000008ab00000| Untracked 
| 142|0x000000008ac00000, 0x000000008ac00000, 0x000000008ad00000|  0%| F|  |TAMS 0x000000008ac00000, 0x000000008ac00000| Untracked 
| 143|0x000000008ad00000, 0x000000008ad00000, 0x000000008ae00000|  0%| F|  |TAMS 0x000000008ad00000, 0x000000008ad00000| Untracked 
| 144|0x000000008ae00000, 0x000000008ae00000, 0x000000008af00000|  0%| F|  |TAMS 0x000000008ae00000, 0x000000008ae00000| Untracked 
| 145|0x000000008af00000, 0x000000008af00000, 0x000000008b000000|  0%| F|  |TAMS 0x000000008af00000, 0x000000008af00000| Untracked 
| 146|0x000000008b000000, 0x000000008b000000, 0x000000008b100000|  0%| F|  |TAMS 0x000000008b000000, 0x000000008b000000| Untracked 
| 147|0x000000008b100000, 0x000000008b100000, 0x000000008b200000|  0%| F|  |TAMS 0x000000008b100000, 0x000000008b100000| Untracked 
| 148|0x000000008b200000, 0x000000008b200000, 0x000000008b300000|  0%| F|  |TAMS 0x000000008b200000, 0x000000008b200000| Untracked 
| 149|0x000000008b300000, 0x000000008b300000, 0x000000008b400000|  0%| F|  |TAMS 0x000000008b300000, 0x000000008b300000| Untracked 
| 150|0x000000008b400000, 0x000000008b400000, 0x000000008b500000|  0%| F|  |TAMS 0x000000008b400000, 0x000000008b400000| Untracked 
| 151|0x000000008b500000, 0x000000008b500000, 0x000000008b600000|  0%| F|  |TAMS 0x000000008b500000, 0x000000008b500000| Untracked 
| 152|0x000000008b600000, 0x000000008b600000, 0x000000008b700000|  0%| F|  |TAMS 0x000000008b600000, 0x000000008b600000| Untracked 
| 153|0x000000008b700000, 0x000000008b700000, 0x000000008b800000|  0%| F|  |TAMS 0x000000008b700000, 0x000000008b700000| Untracked 
| 154|0x000000008b800000, 0x000000008b800000, 0x000000008b900000|  0%| F|  |TAMS 0x000000008b800000, 0x000000008b800000| Untracked 
| 155|0x000000008b900000, 0x000000008b900000, 0x000000008ba00000|  0%| F|  |TAMS 0x000000008b900000, 0x000000008b900000| Untracked 
| 156|0x000000008ba00000, 0x000000008ba00000, 0x000000008bb00000|  0%| F|  |TAMS 0x000000008ba00000, 0x000000008ba00000| Untracked 
| 157|0x000000008bb00000, 0x000000008bb00000, 0x000000008bc00000|  0%| F|  |TAMS 0x000000008bb00000, 0x000000008bb00000| Untracked 
| 158|0x000000008bc00000, 0x000000008bc08100, 0x000000008bd00000|  3%| S|CS|TAMS 0x000000008bc00000, 0x000000008bc00000| Complete 
| 159|0x000000008bd00000, 0x000000008be00000, 0x000000008be00000|100%| E|  |TAMS 0x000000008bd00000, 0x000000008bd00000| Complete 
| 160|0x000000008be00000, 0x000000008bf00000, 0x000000008bf00000|100%| E|CS|TAMS 0x000000008be00000, 0x000000008be00000| Complete 

Card table byte_map: [0x000001e293030000,0x000001e293430000] _byte_map_base: 0x000001e292c21000

Marking Bits (Prev, Next): (CMBitMap*) 0x000001e2fff454a0, (CMBitMap*) 0x000001e2fff454e0
 Prev Bits: [0x000001e293830000, 0x000001e2957b8000)
 Next Bits: [0x000001e2957c0000, 0x000001e297748000)

Polling page: 0x000001e2fe620000

Metaspace:

Usage:
  Non-class:     27.30 MB used.
      Class:      3.86 MB used.
       Both:     31.16 MB used.

Virtual space:
  Non-class space:       64.00 MB reserved,      27.44 MB ( 43%) committed,  1 nodes.
      Class space:        1.00 GB reserved,       3.94 MB ( <1%) committed,  1 nodes.
             Both:        1.06 GB reserved,      31.38 MB (  3%) committed. 

Chunk freelists:
   Non-Class:  4.41 MB
       Class:  12.07 MB
        Both:  16.48 MB

MaxMetaspaceSize: unlimited
CompressedClassSpaceSize: 1.00 GB
Initial GC threshold: 21.00 MB
Current GC threshold: 51.56 MB
CDS: off
MetaspaceReclaimPolicy: balanced
 - commit_granule_bytes: 65536.
 - commit_granule_words: 8192.
 - virtual_space_node_default_size: 8388608.
 - enlarge_chunks_in_place: 1.
 - new_chunks_are_fully_committed: 0.
 - uncommit_free_chunks: 1.
 - use_allocation_guard: 0.
 - handle_deallocations: 1.


Internal statistics:

num_allocs_failed_limit: 3.
num_arena_births: 252.
num_arena_deaths: 0.
num_vsnodes_births: 2.
num_vsnodes_deaths: 0.
num_space_committed: 502.
num_space_uncommitted: 0.
num_chunks_returned_to_freelist: 3.
num_chunks_taken_from_freelist: 998.
num_chunk_merges: 3.
num_chunk_splits: 685.
num_chunks_enlarged: 529.
num_inconsistent_stats: 0.

CodeHeap 'non-profiled nmethods': size=120000Kb used=2222Kb max_used=2222Kb free=117777Kb
 bounds [0x000001e28b0d0000, 0x000001e28b340000, 0x000001e292600000]
CodeHeap 'profiled nmethods': size=120000Kb used=8909Kb max_used=8909Kb free=111090Kb
 bounds [0x000001e283600000, 0x000001e283ec0000, 0x000001e28ab30000]
CodeHeap 'non-nmethods': size=5760Kb used=1568Kb max_used=1622Kb free=4191Kb
 bounds [0x000001e28ab30000, 0x000001e28ada0000, 0x000001e28b0d0000]
 total_blobs=5331 nmethods=4357 adapters=886
 compilation: enabled
              stopped_count=0, restarted_count=0
 full_count=0

Compilation events (20 events):
Event: 20.395 Thread 0x000001e29e03bd70 4345       3       java.security.AccessController::getContext (23 bytes)
Event: 20.395 Thread 0x000001e29e03bd70 nmethod 4345 0x000001e283ea9110 code [0x000001e283ea92e0, 0x000001e283ea95b8]
Event: 20.403 Thread 0x000001e29e03bd70 4347       3       com.sun.prism.impl.BaseResourceFactory::getCachedTexture (537 bytes)
Event: 20.406 Thread 0x000001e29e03bd70 nmethod 4347 0x000001e283ea9710 code [0x000001e283ea9bc0, 0x000001e283eac708]
Event: 20.500 Thread 0x000001e29e03bd70 4348       1       com.sun.prism.impl.BaseTexture::setLastImageSerial (6 bytes)
Event: 20.500 Thread 0x000001e29e03bd70 nmethod 4348 0x000001e28b2f5390 code [0x000001e28b2f5520, 0x000001e28b2f55f8]
Event: 20.685 Thread 0x000001e29e03bd70 4349       3       org.bytedeco.javacpp.Pointer$NativeDeallocator::deallocate (41 bytes)
Event: 20.685 Thread 0x000001e29e03bd70 nmethod 4349 0x000001e283ead290 code [0x000001e283ead440, 0x000001e283ead648]
Event: 20.796 Thread 0x000001e29e03bd70 4351       3       java.awt.image.SinglePixelPackedSampleModel::<init> (243 bytes)
Event: 20.798 Thread 0x000001e29e03bd70 nmethod 4351 0x000001e283ead710 code [0x000001e283ead9a0, 0x000001e283eae7d8]
Event: 20.899 Thread 0x000001e29e03a050 4352       4       com.sun.prism.impl.ps.BaseShaderContext::validatePaintOp (321 bytes)
Event: 20.963 Thread 0x000001e29e03a050 nmethod 4352 0x000001e28b2f5a90 code [0x000001e28b2f5e40, 0x000001e28b2f8640]
Event: 21.082 Thread 0x000001e29e03bd70 4353       3       javafx.beans.property.DoublePropertyBase::<init> (25 bytes)
Event: 21.082 Thread 0x000001e29e03bd70 nmethod 4353 0x000001e283eaed90 code [0x000001e283eaef40, 0x000001e283eaf2b8]
Event: 21.202 Thread 0x000001e29e03bd70 4354       3       com.sun.javafx.geom.transform.TransformHelper::general3dBoundsTransform (937 bytes)
Event: 21.203 Thread 0x000001e29e03a050 4355       4       com.sun.prism.impl.BaseGraphics::transform (13 bytes)
Event: 21.205 Thread 0x000001e29e03a050 nmethod 4355 0x000001e28b2fa910 code [0x000001e28b2faaa0, 0x000001e28b2fabe8]
Event: 21.205 Thread 0x000001e29e03a050 4356       4       com.sun.prism.impl.BaseTexture::isSurfaceLost (16 bytes)
Event: 21.207 Thread 0x000001e29e03bd70 nmethod 4354 0x000001e283eaf410 code [0x000001e283eaf760, 0x000001e283eb1d88]
Event: 21.207 Thread 0x000001e29e03a050 nmethod 4356 0x000001e28b2fad90 code [0x000001e28b2faf20, 0x000001e28b2fb018]

GC Heap History (20 events):
Event: 14.685 GC heap before
{Heap before GC invocations=17 (full 0):
 garbage-first heap   total 164864K, used 75460K [0x0000000081e00000, 0x0000000100000000)
  region size 1024K, 3 young (3072K), 1 survivors (1024K)
 Metaspace       used 31760K, committed 32000K, reserved 1114112K
  class space    used 3943K, committed 4032K, reserved 1048576K
}
Event: 14.687 GC heap after
{Heap after GC invocations=18 (full 0):
 garbage-first heap   total 164864K, used 43724K [0x0000000081e00000, 0x0000000100000000)
  region size 1024K, 1 young (1024K), 1 survivors (1024K)
 Metaspace       used 31760K, committed 32000K, reserved 1114112K
  class space    used 3943K, committed 4032K, reserved 1048576K
}
Event: 15.479 GC heap before
{Heap before GC invocations=18 (full 0):
 garbage-first heap   total 164864K, used 75468K [0x0000000081e00000, 0x0000000100000000)
  region size 1024K, 3 young (3072K), 1 survivors (1024K)
 Metaspace       used 31770K, committed 32000K, reserved 1114112K
  class space    used 3943K, committed 4032K, reserved 1048576K
}
Event: 15.481 GC heap after
{Heap after GC invocations=19 (full 0):
 garbage-first heap   total 164864K, used 43704K [0x0000000081e00000, 0x0000000100000000)
  region size 1024K, 1 young (1024K), 1 survivors (1024K)
 Metaspace       used 31770K, committed 32000K, reserved 1114112K
  class space    used 3943K, committed 4032K, reserved 1048576K
}
Event: 16.186 GC heap before
{Heap before GC invocations=19 (full 0):
 garbage-first heap   total 164864K, used 75448K [0x0000000081e00000, 0x0000000100000000)
  region size 1024K, 3 young (3072K), 1 survivors (1024K)
 Metaspace       used 31821K, committed 32064K, reserved 1114112K
  class space    used 3943K, committed 4032K, reserved 1048576K
}
Event: 16.188 GC heap after
{Heap after GC invocations=20 (full 0):
 garbage-first heap   total 164864K, used 43728K [0x0000000081e00000, 0x0000000100000000)
  region size 1024K, 1 young (1024K), 1 survivors (1024K)
 Metaspace       used 31821K, committed 32064K, reserved 1114112K
  class space    used 3943K, committed 4032K, reserved 1048576K
}
Event: 16.986 GC heap before
{Heap before GC invocations=20 (full 0):
 garbage-first heap   total 164864K, used 75472K [0x0000000081e00000, 0x0000000100000000)
  region size 1024K, 3 young (3072K), 1 survivors (1024K)
 Metaspace       used 31835K, committed 32064K, reserved 1114112K
  class space    used 3943K, committed 4032K, reserved 1048576K
}
Event: 16.988 GC heap after
{Heap after GC invocations=21 (full 0):
 garbage-first heap   total 164864K, used 43731K [0x0000000081e00000, 0x0000000100000000)
  region size 1024K, 1 young (1024K), 1 survivors (1024K)
 Metaspace       used 31835K, committed 32064K, reserved 1114112K
  class space    used 3943K, committed 4032K, reserved 1048576K
}
Event: 17.695 GC heap before
{Heap before GC invocations=21 (full 0):
 garbage-first heap   total 164864K, used 75475K [0x0000000081e00000, 0x0000000100000000)
  region size 1024K, 3 young (3072K), 1 survivors (1024K)
 Metaspace       used 31839K, committed 32064K, reserved 1114112K
  class space    used 3943K, committed 4032K, reserved 1048576K
}
Event: 17.697 GC heap after
{Heap after GC invocations=22 (full 0):
 garbage-first heap   total 164864K, used 43736K [0x0000000081e00000, 0x0000000100000000)
  region size 1024K, 1 young (1024K), 1 survivors (1024K)
 Metaspace       used 31839K, committed 32064K, reserved 1114112K
  class space    used 3943K, committed 4032K, reserved 1048576K
}
Event: 18.490 GC heap before
{Heap before GC invocations=22 (full 0):
 garbage-first heap   total 164864K, used 75480K [0x0000000081e00000, 0x0000000100000000)
  region size 1024K, 3 young (3072K), 1 survivors (1024K)
 Metaspace       used 31864K, committed 32128K, reserved 1114112K
  class space    used 3943K, committed 4032K, reserved 1048576K
}
Event: 18.492 GC heap after
{Heap after GC invocations=23 (full 0):
 garbage-first heap   total 164864K, used 43741K [0x0000000081e00000, 0x0000000100000000)
  region size 1024K, 1 young (1024K), 1 survivors (1024K)
 Metaspace       used 31864K, committed 32128K, reserved 1114112K
  class space    used 3943K, committed 4032K, reserved 1048576K
}
Event: 19.196 GC heap before
{Heap before GC invocations=23 (full 0):
 garbage-first heap   total 164864K, used 75485K [0x0000000081e00000, 0x0000000100000000)
  region size 1024K, 3 young (3072K), 1 survivors (1024K)
 Metaspace       used 31868K, committed 32128K, reserved 1114112K
  class space    used 3943K, committed 4032K, reserved 1048576K
}
Event: 19.198 GC heap after
{Heap after GC invocations=24 (full 0):
 garbage-first heap   total 164864K, used 43754K [0x0000000081e00000, 0x0000000100000000)
  region size 1024K, 1 young (1024K), 1 survivors (1024K)
 Metaspace       used 31868K, committed 32128K, reserved 1114112K
  class space    used 3943K, committed 4032K, reserved 1048576K
}
Event: 19.993 GC heap before
{Heap before GC invocations=24 (full 0):
 garbage-first heap   total 164864K, used 75498K [0x0000000081e00000, 0x0000000100000000)
  region size 1024K, 3 young (3072K), 1 survivors (1024K)
 Metaspace       used 31870K, committed 32128K, reserved 1114112K
  class space    used 3943K, committed 4032K, reserved 1048576K
}
Event: 19.994 GC heap after
{Heap after GC invocations=25 (full 0):
 garbage-first heap   total 164864K, used 43750K [0x0000000081e00000, 0x0000000100000000)
  region size 1024K, 1 young (1024K), 1 survivors (1024K)
 Metaspace       used 31870K, committed 32128K, reserved 1114112K
  class space    used 3943K, committed 4032K, reserved 1048576K
}
Event: 20.683 GC heap before
{Heap before GC invocations=25 (full 0):
 garbage-first heap   total 164864K, used 75494K [0x0000000081e00000, 0x0000000100000000)
  region size 1024K, 3 young (3072K), 1 survivors (1024K)
 Metaspace       used 31875K, committed 32128K, reserved 1114112K
  class space    used 3943K, committed 4032K, reserved 1048576K
}
Event: 20.685 GC heap after
{Heap after GC invocations=26 (full 0):
 garbage-first heap   total 164864K, used 43751K [0x0000000081e00000, 0x0000000100000000)
  region size 1024K, 1 young (1024K), 1 survivors (1024K)
 Metaspace       used 31875K, committed 32128K, reserved 1114112K
  class space    used 3943K, committed 4032K, reserved 1048576K
}
Event: 21.481 GC heap before
{Heap before GC invocations=26 (full 0):
 garbage-first heap   total 164864K, used 75495K [0x0000000081e00000, 0x0000000100000000)
  region size 1024K, 3 young (3072K), 1 survivors (1024K)
 Metaspace       used 31878K, committed 32128K, reserved 1114112K
  class space    used 3943K, committed 4032K, reserved 1048576K
}
Event: 21.482 GC heap after
{Heap after GC invocations=27 (full 0):
 garbage-first heap   total 164864K, used 43758K [0x0000000081e00000, 0x0000000100000000)
  region size 1024K, 1 young (1024K), 1 survivors (1024K)
 Metaspace       used 31878K, committed 32128K, reserved 1114112K
  class space    used 3943K, committed 4032K, reserved 1048576K
}

Dll operation events (20 events):
Event: 5.028 Loaded shared library C:\Users\Jay\.javacpp\cache\opencv-3.2.0-1.3-windows-x86_64.jar\org\bytedeco\javacpp\windows-x86_64\opencv_core320.dll
Event: 5.038 Loaded shared library C:\Users\Jay\.javacpp\cache\opencv-3.2.0-1.3-windows-x86_64.jar\org\bytedeco\javacpp\windows-x86_64\opencv_imgproc320.dll
Event: 5.048 Loaded shared library C:\Users\Jay\.javacpp\cache\opencv-3.2.0-1.3-windows-x86_64.jar\org\bytedeco\javacpp\windows-x86_64\jniopencv_core.dll
Event: 5.432 Loaded shared library C:\Users\Jay\.javacpp\cache\opencv-3.2.0-1.3-windows-x86_64.jar\org\bytedeco\javacpp\windows-x86_64\jniopencv_imgproc.dll
Event: 5.489 Loaded shared library C:\Users\Jay\.javacpp\cache\opencv-3.2.0-1.3-windows-x86_64.jar\org\bytedeco\javacpp\windows-x86_64\opencv_imgcodecs320.dll
Event: 5.503 Loaded shared library C:\Users\Jay\.javacpp\cache\opencv-3.2.0-1.3-windows-x86_64.jar\org\bytedeco\javacpp\windows-x86_64\jniopencv_imgcodecs.dll
Event: 5.674 Loaded shared library C:\Users\Jay\.javacpp\cache\opencv-3.2.0-1.3-windows-x86_64.jar\org\bytedeco\javacpp\windows-x86_64\opencv_videoio320.dll
Event: 5.685 Loaded shared library C:\Users\Jay\.javacpp\cache\opencv-3.2.0-1.3-windows-x86_64.jar\org\bytedeco\javacpp\windows-x86_64\jniopencv_videoio.dll
Event: 5.767 Loaded shared library C:\Users\Jay\.javacpp\cache\opencv-3.2.0-1.3-windows-x86_64.jar\org\bytedeco\javacpp\windows-x86_64\opencv_highgui320.dll
Event: 5.779 Loaded shared library C:\Users\Jay\.javacpp\cache\opencv-3.2.0-1.3-windows-x86_64.jar\org\bytedeco\javacpp\windows-x86_64\jniopencv_highgui.dll
Event: 5.835 Loaded shared library C:\Users\Jay\.javacpp\cache\opencv-3.2.0-1.3-windows-x86_64.jar\org\bytedeco\javacpp\windows-x86_64\opencv_ml320.dll
Event: 5.847 Loaded shared library C:\Users\Jay\.javacpp\cache\opencv-3.2.0-1.3-windows-x86_64.jar\org\bytedeco\javacpp\windows-x86_64\jniopencv_ml.dll
Event: 5.955 Loaded shared library C:\Users\Jay\.javacpp\cache\opencv-3.2.0-1.3-windows-x86_64.jar\org\bytedeco\javacpp\windows-x86_64\opencv_objdetect320.dll
Event: 5.964 Loaded shared library C:\Users\Jay\.javacpp\cache\opencv-3.2.0-1.3-windows-x86_64.jar\org\bytedeco\javacpp\windows-x86_64\jniopencv_objdetect.dll
Event: 6.051 Loaded shared library C:\Users\Jay\.javacpp\cache\opencv-3.2.0-1.3-windows-x86_64.jar\org\bytedeco\javacpp\windows-x86_64\opencv_face320.dll
Event: 6.058 Loaded shared library C:\Users\Jay\.javacpp\cache\opencv-3.2.0-1.3-windows-x86_64.jar\org\bytedeco\javacpp\windows-x86_64\jniopencv_face.dll
Event: 7.649 Loaded shared library C:\Windows\System32\ole32.dll
Event: 7.655 Loaded shared library C:\Windows\System32\oleaut32.dll
Event: 7.680 Loaded shared library C:\Users\Jay\.javacpp\cache\videoinput-0.200-1.3-windows-x86_64.jar\org\bytedeco\javacpp\windows-x86_64\jnivideoInputLib.dll
Event: 9.701 Loaded shared library C:\Users\Jay\.p2\pool\plugins\org.eclipse.justj.openjdk.hotspot.jre.full.win32.x86_64_17.0.8.v20230801-1951\jre\bin\awt.dll

Deoptimization events (20 events):
Event: 10.321 Thread 0x000001e2a43da660 DEOPT PACKING pc=0x000001e283d54289 sp=0x000000806e8fef20
Event: 10.321 Thread 0x000001e2a43da660 DEOPT UNPACKING pc=0x000001e28ab87143 sp=0x000000806e8fe3c8 mode 0
Event: 10.322 Thread 0x000001e2a43da660 Uncommon trap: trap_request=0xffffff45 fr.pc=0x000001e28b299800 relative=0x00000000000012e0
Event: 10.322 Thread 0x000001e2a43da660 Uncommon trap: reason=unstable_if action=reinterpret pc=0x000001e28b299800 method=com.sun.javafx.image.impl.IntTo4ByteSameConverter.doConvert([III[BIIII)V @ 29 c2
Event: 10.322 Thread 0x000001e2a43da660 DEOPT PACKING pc=0x000001e28b299800 sp=0x000000806e8fed60
Event: 10.322 Thread 0x000001e2a43da660 DEOPT UNPACKING pc=0x000001e28ab869a3 sp=0x000000806e8feec8 mode 2
Event: 10.340 Thread 0x000001e29e4c46b0 Uncommon trap: trap_request=0xffffff45 fr.pc=0x000001e28b2183c4 relative=0x0000000000000404
Event: 10.340 Thread 0x000001e29e4c46b0 Uncommon trap: reason=unstable_if action=reinterpret pc=0x000001e28b2183c4 method=java.util.WeakHashMap.expungeStaleEntries()V @ 9 c2
Event: 10.340 Thread 0x000001e29e4c46b0 DEOPT PACKING pc=0x000001e28b2183c4 sp=0x000000806cafc180
Event: 10.341 Thread 0x000001e29e4c46b0 DEOPT UNPACKING pc=0x000001e28ab869a3 sp=0x000000806cafc058 mode 2
Event: 10.900 Thread 0x000001e29e4c46b0 Uncommon trap: trap_request=0xffffff45 fr.pc=0x000001e28b18e864 relative=0x00000000000002c4
Event: 10.900 Thread 0x000001e29e4c46b0 Uncommon trap: reason=unstable_if action=reinterpret pc=0x000001e28b18e864 method=java.util.WeakHashMap.expungeStaleEntries()V @ 9 c2
Event: 10.900 Thread 0x000001e29e4c46b0 DEOPT PACKING pc=0x000001e28b18e864 sp=0x000000806cafc030
Event: 10.900 Thread 0x000001e29e4c46b0 DEOPT UNPACKING pc=0x000001e28ab869a3 sp=0x000000806cafbfc8 mode 2
Event: 11.590 Thread 0x000001e29e4c46b0 DEOPT PACKING pc=0x000001e283cfad0d sp=0x000000806cafdd70
Event: 11.590 Thread 0x000001e29e4c46b0 DEOPT UNPACKING pc=0x000001e28ab87143 sp=0x000000806cafd210 mode 0
Event: 21.663 Thread 0x000001e29e685640 Uncommon trap: trap_request=0xffffff76 fr.pc=0x000001e28b2f4598 relative=0x00000000000004d8
Event: 21.663 Thread 0x000001e29e685640 Uncommon trap: reason=predicate action=maybe_recompile pc=0x000001e28b2f4598 method=java.util.ArrayList.remove(Ljava/lang/Object;)Z @ 42 c2
Event: 21.663 Thread 0x000001e29e685640 DEOPT PACKING pc=0x000001e28b2f4598 sp=0x000000806ccfd020
Event: 21.663 Thread 0x000001e29e685640 DEOPT UNPACKING pc=0x000001e28ab869a3 sp=0x000000806ccfcff0 mode 2

Classes unloaded (0 events):
No events

Classes redefined (0 events):
No events

Internal exceptions (20 events):
Event: 3.070 Thread 0x000001e29e685640 Exception <a 'java/lang/NoSuchMethodError'{0x0000000084fcad30}: 'java.lang.Object java.lang.invoke.DirectMethodHandle$Holder.newInvokeSpecial(java.lang.Object, java.lang.Object, int)'> (0x0000000084fcad30) 
thrown [s\src\hotspot\share\interpreter\linkResolver.cpp, line 759]
Event: 3.147 Thread 0x000001e29e685640 Exception <a 'java/lang/NoSuchMethodError'{0x0000000084ef36f8}: 'long java.lang.invoke.DirectMethodHandle$Holder.invokeStatic(java.lang.Object, java.lang.Object, java.lang.Object)'> (0x0000000084ef36f8) 
thrown [s\src\hotspot\share\interpreter\linkResolver.cpp, line 759]
Event: 3.149 Thread 0x000001e29e685640 Exception <a 'java/lang/NoSuchMethodError'{0x0000000084ef6ea0}: 'long java.lang.invoke.DirectMethodHandle$Holder.invokeStaticInit(java.lang.Object, java.lang.Object, java.lang.Object)'> (0x0000000084ef6ea0) 
thrown [s\src\hotspot\share\interpreter\linkResolver.cpp, line 759]
Event: 3.156 Thread 0x000001e29e685640 Exception <a 'java/lang/NoSuchMethodError'{0x0000000084d0f030}: 'java.lang.Object java.lang.invoke.DirectMethodHandle$Holder.newInvokeSpecial(java.lang.Object, java.lang.Object, long)'> (0x0000000084d0f030) 
thrown [s\src\hotspot\share\interpreter\linkResolver.cpp, line 759]
Event: 3.157 Thread 0x000001e29e685640 Exception <a 'java/lang/NoSuchMethodError'{0x0000000084d12ba0}: 'java.lang.Object java.lang.invoke.Invokers$Holder.linkToTargetMethod(java.lang.Object, long, java.lang.Object)'> (0x0000000084d12ba0) 
thrown [s\src\hotspot\share\interpreter\linkResolver.cpp, line 759]
Event: 3.235 Thread 0x000001e29e685640 Exception <a 'java/lang/NoSuchMethodError'{0x0000000084dd9a68}: 'java.lang.Object java.lang.invoke.DirectMethodHandle$Holder.newInvokeSpecial(java.lang.Object, java.lang.Object, java.lang.Object, double, double, double, double, int, int, int, int, int, int, int, int, int)'> (0x0000000084dd9a68) 
thrown [s\src\hotspot\share\interpreter\linkResolver.cpp, line 759]
Event: 3.241 Thread 0x000001e29e4c46b0 Exception <a 'java/lang/NoSuchMethodError'{0x0000000084c36b20}: 'int java.lang.invoke.DirectMethodHandle$Holder.invokeStaticInit(java.lang.Object, java.lang.Object)'> (0x0000000084c36b20) 
thrown [s\src\hotspot\share\interpreter\linkResolver.cpp, line 759]
Event: 3.279 Thread 0x000001e29e4c46b0 Exception <a 'java/lang/NoSuchMethodError'{0x0000000084b3b0a8}: 'java.lang.Object java.lang.invoke.DirectMethodHandle$Holder.invokeStaticInit(java.lang.Object, int)'> (0x0000000084b3b0a8) 
thrown [s\src\hotspot\share\interpreter\linkResolver.cpp, line 759]
Event: 4.943 Thread 0x000001e29e685640 Exception <a 'java/lang/NoSuchMethodError'{0x00000000845ffa60}: 'int java.lang.invoke.DirectMethodHandle$Holder.invokeStaticInit(java.lang.Object, java.lang.Object, java.lang.Object, java.lang.Object)'> (0x00000000845ffa60) 
thrown [s\src\hotspot\share\interpreter\linkResolver.cpp, line 759]
Event: 4.944 Thread 0x000001e29e685640 Exception <a 'java/lang/NoSuchMethodError'{0x0000000084409658}: 'java.lang.Object java.lang.invoke.DirectMethodHandle$Holder.invokeInterface(java.lang.Object, java.lang.Object)'> (0x0000000084409658) 
thrown [s\src\hotspot\share\interpreter\linkResolver.cpp, line 759]
Event: 4.944 Thread 0x000001e29e685640 Exception <a 'java/lang/IncompatibleClassChangeError'{0x000000008440d0f8}: Found class java.lang.Object, but interface was expected> (0x000000008440d0f8) 
thrown [s\src\hotspot\share\interpreter\linkResolver.cpp, line 826]
Event: 6.636 Thread 0x000001e29e685640 Exception <a 'java/lang/NoSuchMethodError'{0x000000008539f6b8}: 'java.lang.Object java.lang.invoke.DirectMethodHandle$Holder.invokeStaticInit(java.lang.Object, int, int, int, int)'> (0x000000008539f6b8) 
thrown [s\src\hotspot\share\interpreter\linkResolver.cpp, line 759]
Event: 6.712 Thread 0x000001e29e685640 Exception <a 'java/lang/NoSuchMethodError'{0x000000008520dc08}: 'java.lang.Object java.lang.invoke.DirectMethodHandle$Holder.invokeStaticInit(java.lang.Object, java.lang.Object, int, int, int, int)'> (0x000000008520dc08) 
thrown [s\src\hotspot\share\interpreter\linkResolver.cpp, line 759]
Event: 9.708 Thread 0x000001e29e685640 Exception <a 'java/lang/NoSuchMethodError'{0x000000008508dcf8}: 'void java.lang.invoke.DirectMethodHandle$Holder.invokeSpecial(java.lang.Object, java.lang.Object, int)'> (0x000000008508dcf8) 
thrown [s\src\hotspot\share\interpreter\linkResolver.cpp, line 759]
Event: 9.710 Thread 0x000001e2abd11070 Exception <a 'java/lang/NoSuchMethodError'{0x00000000850d5218}: 'java.lang.Object java.lang.invoke.DirectMethodHandle$Holder.newInvokeSpecial(java.lang.Object, java.lang.Object, java.lang.Object, int)'> (0x00000000850d5218) 
thrown [s\src\hotspot\share\interpreter\linkResolver.cpp, line 759]
Event: 9.711 Thread 0x000001e2abd11070 Exception <a 'java/lang/NoSuchMethodError'{0x00000000850d9350}: 'java.lang.Object java.lang.invoke.DirectMethodHandle$Holder.invokeSpecial(java.lang.Object, java.lang.Object, java.lang.Object, java.lang.Object, int)'> (0x00000000850d9350) 
thrown [s\src\hotspot\share\interpreter\linkResolver.cpp, line 759]
Event: 9.711 Thread 0x000001e2abd11070 Exception <a 'java/lang/NoSuchMethodError'{0x00000000850dcc70}: 'java.lang.Object java.lang.invoke.Invokers$Holder.linkToTargetMethod(java.lang.Object, java.lang.Object, int, java.lang.Object)'> (0x00000000850dcc70) 
thrown [s\src\hotspot\share\interpreter\linkResolver.cpp, line 759]
Event: 9.712 Thread 0x000001e2a43da660 Exception <a 'java/lang/ClassNotFoundException'{0x00000000850bd3c8}: sun/awt/resources/spi/awtProvider> (0x00000000850bd3c8) 
thrown [s\src\hotspot\share\classfile\systemDictionary.cpp, line 256]
Event: 9.715 Thread 0x000001e2a43da660 Exception <a 'java/io/FileNotFoundException'{0x00000000850c01d8}> (0x00000000850c01d8) 
thrown [s\src\hotspot\share\prims\jni.cpp, line 516]
Event: 9.716 Thread 0x000001e2a43da660 Exception <a 'java/io/FileNotFoundException'{0x00000000850c1748}> (0x00000000850c1748) 
thrown [s\src\hotspot\share\prims\jni.cpp, line 516]

VM Operations (20 events):
Event: 14.685 Executing VM operation: G1TryInitiateConcMark
Event: 14.687 Executing VM operation: G1TryInitiateConcMark done
Event: 15.479 Executing VM operation: G1TryInitiateConcMark
Event: 15.481 Executing VM operation: G1TryInitiateConcMark done
Event: 16.186 Executing VM operation: G1TryInitiateConcMark
Event: 16.188 Executing VM operation: G1TryInitiateConcMark done
Event: 16.986 Executing VM operation: G1TryInitiateConcMark
Event: 16.988 Executing VM operation: G1TryInitiateConcMark done
Event: 17.694 Executing VM operation: G1TryInitiateConcMark
Event: 17.697 Executing VM operation: G1TryInitiateConcMark done
Event: 18.490 Executing VM operation: G1TryInitiateConcMark
Event: 18.492 Executing VM operation: G1TryInitiateConcMark done
Event: 19.196 Executing VM operation: G1TryInitiateConcMark
Event: 19.198 Executing VM operation: G1TryInitiateConcMark done
Event: 19.993 Executing VM operation: G1TryInitiateConcMark
Event: 19.994 Executing VM operation: G1TryInitiateConcMark done
Event: 20.683 Executing VM operation: G1TryInitiateConcMark
Event: 20.685 Executing VM operation: G1TryInitiateConcMark done
Event: 21.481 Executing VM operation: G1TryInitiateConcMark
Event: 21.482 Executing VM operation: G1TryInitiateConcMark done

Events (20 events):
Event: 9.881 loading class java/awt/GraphicsConfiguration done
Event: 9.881 loading class sun/awt/image/BufferedImageGraphicsConfig done
Event: 9.882 loading class sun/awt/image/BufferedImageDevice
Event: 9.882 loading class java/awt/GraphicsDevice
Event: 9.882 loading class java/awt/GraphicsDevice done
Event: 9.882 loading class sun/awt/image/BufferedImageDevice done
Event: 10.133 loading class java/awt/image/DataBufferInt
Event: 10.133 loading class java/awt/image/DataBufferInt done
Event: 10.134 loading class java/awt/image/SinglePixelPackedSampleModel
Event: 10.134 loading class java/awt/image/SinglePixelPackedSampleModel done
Event: 10.134 loading class sun/awt/image/IntegerInterleavedRaster
Event: 10.134 loading class sun/awt/image/IntegerComponentRaster
Event: 10.135 loading class sun/awt/image/IntegerComponentRaster done
Event: 10.135 loading class sun/awt/image/IntegerInterleavedRaster done
Event: 10.136 loading class java/awt/image/MultiResolutionImage
Event: 10.136 loading class java/awt/image/MultiResolutionImage done
Event: 10.136 loading class sun/awt/image/ToolkitImage
Event: 10.137 loading class sun/awt/image/ToolkitImage done
Event: 10.587 Thread 0x000001e29e7d25e0 Thread exited: 0x000001e29e7d25e0
Event: 10.713 Thread 0x000001e2abd11070 Thread exited: 0x000001e2abd11070


Dynamic libraries:
0x00007ff642c60000 - 0x00007ff642c6e000 	C:\Users\Jay\.p2\pool\plugins\org.eclipse.justj.openjdk.hotspot.jre.full.win32.x86_64_17.0.8.v20230801-1951\jre\bin\javaw.exe
0x00007ff822e30000 - 0x00007ff823028000 	C:\WINDOWS\SYSTEM32\ntdll.dll
0x00007ff8229e0000 - 0x00007ff822a9d000 	C:\WINDOWS\System32\KERNEL32.DLL
0x00007ff820a30000 - 0x00007ff820cfe000 	C:\WINDOWS\System32\KERNELBASE.dll
0x00007ff820930000 - 0x00007ff820a30000 	C:\WINDOWS\System32\ucrtbase.dll
0x00007ff81b330000 - 0x00007ff81b347000 	C:\Users\Jay\.p2\pool\plugins\org.eclipse.justj.openjdk.hotspot.jre.full.win32.x86_64_17.0.8.v20230801-1951\jre\bin\jli.dll
0x00007ff81b310000 - 0x00007ff81b329000 	C:\Users\Jay\.p2\pool\plugins\org.eclipse.justj.openjdk.hotspot.jre.full.win32.x86_64_17.0.8.v20230801-1951\jre\bin\VCRUNTIME140.dll
0x00007ff8217a0000 - 0x00007ff821940000 	C:\WINDOWS\System32\USER32.dll
0x00007ff820f50000 - 0x00007ff820f72000 	C:\WINDOWS\System32\win32u.dll
0x00007ff80f830000 - 0x00007ff80faca000 	C:\WINDOWS\WinSxS\amd64_microsoft.windows.common-controls_6595b64144ccf1df_6.0.19041.1110_none_60b5254171f9507e\COMCTL32.dll
0x00007ff821a10000 - 0x00007ff821a3a000 	C:\WINDOWS\System32\GDI32.dll
0x00007ff821c70000 - 0x00007ff821d0e000 	C:\WINDOWS\System32\msvcrt.dll
0x00007ff820d30000 - 0x00007ff820e3b000 	C:\WINDOWS\System32\gdi32full.dll
0x00007ff820e40000 - 0x00007ff820edd000 	C:\WINDOWS\System32\msvcp_win.dll
0x00007ff822c90000 - 0x00007ff822cc0000 	C:\WINDOWS\System32\IMM32.DLL
0x00007ff81c0b0000 - 0x00007ff81c0bc000 	C:\Users\Jay\.p2\pool\plugins\org.eclipse.justj.openjdk.hotspot.jre.full.win32.x86_64_17.0.8.v20230801-1951\jre\bin\vcruntime140_1.dll
0x00007ff819a30000 - 0x00007ff819ac1000 	C:\Users\Jay\.p2\pool\plugins\org.eclipse.justj.openjdk.hotspot.jre.full.win32.x86_64_17.0.8.v20230801-1951\jre\bin\msvcp140.dll
0x00007fffe32c0000 - 0x00007fffe3f0c000 	C:\Users\Jay\.p2\pool\plugins\org.eclipse.justj.openjdk.hotspot.jre.full.win32.x86_64_17.0.8.v20230801-1951\jre\bin\server\jvm.dll
0x00007ff822d40000 - 0x00007ff822dee000 	C:\WINDOWS\System32\ADVAPI32.dll
0x00007ff822bf0000 - 0x00007ff822c8c000 	C:\WINDOWS\System32\sechost.dll
0x00007ff821670000 - 0x00007ff821795000 	C:\WINDOWS\System32\RPCRT4.dll
0x00007ff8204b0000 - 0x00007ff8204fb000 	C:\WINDOWS\SYSTEM32\POWRPROF.dll
0x00007ff818d90000 - 0x00007ff818d99000 	C:\WINDOWS\SYSTEM32\WSOCK32.dll
0x00007ff822cc0000 - 0x00007ff822d2b000 	C:\WINDOWS\System32\WS2_32.dll
0x00007ff810280000 - 0x00007ff8102a7000 	C:\WINDOWS\SYSTEM32\WINMM.dll
0x00007ff80d9d0000 - 0x00007ff80d9da000 	C:\WINDOWS\SYSTEM32\VERSION.dll
0x00007ff820490000 - 0x00007ff8204a2000 	C:\WINDOWS\SYSTEM32\UMPDC.dll
0x00007ff81e530000 - 0x00007ff81e542000 	C:\WINDOWS\SYSTEM32\kernel.appcore.dll
0x00007ff815ce0000 - 0x00007ff815cea000 	C:\Users\Jay\.p2\pool\plugins\org.eclipse.justj.openjdk.hotspot.jre.full.win32.x86_64_17.0.8.v20230801-1951\jre\bin\jimage.dll
0x00007ff80cb20000 - 0x00007ff80cd04000 	C:\WINDOWS\SYSTEM32\DBGHELP.DLL
0x00007ff80caf0000 - 0x00007ff80cb1c000 	C:\WINDOWS\SYSTEM32\dbgcore.DLL
0x00007ff8207f0000 - 0x00007ff820872000 	C:\WINDOWS\System32\bcryptPrimitives.dll
0x00007ff8119b0000 - 0x00007ff8119d5000 	C:\Users\Jay\.p2\pool\plugins\org.eclipse.justj.openjdk.hotspot.jre.full.win32.x86_64_17.0.8.v20230801-1951\jre\bin\java.dll
0x00007ff813230000 - 0x00007ff813248000 	C:\Users\Jay\.p2\pool\plugins\org.eclipse.justj.openjdk.hotspot.jre.full.win32.x86_64_17.0.8.v20230801-1951\jre\bin\zip.dll
0x00007ff822180000 - 0x00007ff8228c3000 	C:\WINDOWS\System32\SHELL32.dll
0x00007ff81e730000 - 0x00007ff81eec5000 	C:\WINDOWS\SYSTEM32\windows.storage.dll
0x00007ff821040000 - 0x00007ff821394000 	C:\WINDOWS\System32\combase.dll
0x00007ff81ffd0000 - 0x00007ff820000000 	C:\WINDOWS\SYSTEM32\Wldp.dll
0x00007ff820f90000 - 0x00007ff82103d000 	C:\WINDOWS\System32\SHCORE.dll
0x00007ff822980000 - 0x00007ff8229d5000 	C:\WINDOWS\System32\shlwapi.dll
0x00007ff820580000 - 0x00007ff82059f000 	C:\WINDOWS\SYSTEM32\profapi.dll
0x00007ff811990000 - 0x00007ff8119a9000 	C:\Users\Jay\.p2\pool\plugins\org.eclipse.justj.openjdk.hotspot.jre.full.win32.x86_64_17.0.8.v20230801-1951\jre\bin\net.dll
0x00007ff814980000 - 0x00007ff814a8a000 	C:\WINDOWS\SYSTEM32\WINHTTP.dll
0x00007ff81fd30000 - 0x00007ff81fd9a000 	C:\WINDOWS\system32\mswsock.dll
0x00007ff811970000 - 0x00007ff811985000 	C:\Users\Jay\.p2\pool\plugins\org.eclipse.justj.openjdk.hotspot.jre.full.win32.x86_64_17.0.8.v20230801-1951\jre\bin\nio.dll
0x000001e299ea0000 - 0x000001e299ea3000 	C:\javafx-sdk-20.0.2\bin\api-ms-win-core-console-l1-1-0.dll
0x000001e299eb0000 - 0x000001e299eb3000 	C:\javafx-sdk-20.0.2\bin\api-ms-win-core-console-l1-2-0.dll
0x000001e299ec0000 - 0x000001e299ec3000 	C:\javafx-sdk-20.0.2\bin\api-ms-win-core-datetime-l1-1-0.dll
0x000001e299ed0000 - 0x000001e299ed3000 	C:\javafx-sdk-20.0.2\bin\api-ms-win-core-debug-l1-1-0.dll
0x000001e299ee0000 - 0x000001e299ee3000 	C:\javafx-sdk-20.0.2\bin\api-ms-win-core-errorhandling-l1-1-0.dll
0x000001e299ef0000 - 0x000001e299ef4000 	C:\javafx-sdk-20.0.2\bin\api-ms-win-core-file-l1-1-0.dll
0x000001e299f00000 - 0x000001e299f03000 	C:\javafx-sdk-20.0.2\bin\api-ms-win-core-file-l1-2-0.dll
0x000001e299f10000 - 0x000001e299f13000 	C:\javafx-sdk-20.0.2\bin\api-ms-win-core-file-l2-1-0.dll
0x000001e299f20000 - 0x000001e299f23000 	C:\javafx-sdk-20.0.2\bin\api-ms-win-core-handle-l1-1-0.dll
0x000001e299f30000 - 0x000001e299f33000 	C:\javafx-sdk-20.0.2\bin\api-ms-win-core-heap-l1-1-0.dll
0x000001e299f40000 - 0x000001e299f43000 	C:\javafx-sdk-20.0.2\bin\api-ms-win-core-interlocked-l1-1-0.dll
0x000001e299f50000 - 0x000001e299f53000 	C:\javafx-sdk-20.0.2\bin\api-ms-win-core-libraryloader-l1-1-0.dll
0x000001e299f60000 - 0x000001e299f63000 	C:\javafx-sdk-20.0.2\bin\api-ms-win-core-localization-l1-2-0.dll
0x000001e299f70000 - 0x000001e299f73000 	C:\javafx-sdk-20.0.2\bin\api-ms-win-core-memory-l1-1-0.dll
0x000001e299f80000 - 0x000001e299f83000 	C:\javafx-sdk-20.0.2\bin\api-ms-win-core-namedpipe-l1-1-0.dll
0x000001e299f90000 - 0x000001e299f93000 	C:\javafx-sdk-20.0.2\bin\api-ms-win-core-processenvironment-l1-1-0.dll
0x000001e299fa0000 - 0x000001e299fa3000 	C:\javafx-sdk-20.0.2\bin\api-ms-win-core-processthreads-l1-1-0.dll
0x000001e299fb0000 - 0x000001e299fb3000 	C:\javafx-sdk-20.0.2\bin\api-ms-win-core-processthreads-l1-1-1.dll
0x000001e299fc0000 - 0x000001e299fc3000 	C:\javafx-sdk-20.0.2\bin\api-ms-win-core-profile-l1-1-0.dll
0x000001e299fd0000 - 0x000001e299fd3000 	C:\javafx-sdk-20.0.2\bin\api-ms-win-core-rtlsupport-l1-1-0.dll
0x000001e299fe0000 - 0x000001e299fe3000 	C:\javafx-sdk-20.0.2\bin\api-ms-win-core-string-l1-1-0.dll
0x000001e299ff0000 - 0x000001e299ff3000 	C:\javafx-sdk-20.0.2\bin\api-ms-win-core-synch-l1-1-0.dll
0x000001e29ec00000 - 0x000001e29ec03000 	C:\javafx-sdk-20.0.2\bin\api-ms-win-core-synch-l1-2-0.dll
0x000001e29ec10000 - 0x000001e29ec13000 	C:\javafx-sdk-20.0.2\bin\api-ms-win-core-sysinfo-l1-1-0.dll
0x000001e29ec20000 - 0x000001e29ec23000 	C:\javafx-sdk-20.0.2\bin\api-ms-win-core-timezone-l1-1-0.dll
0x000001e29ec30000 - 0x000001e29ec33000 	C:\javafx-sdk-20.0.2\bin\api-ms-win-core-util-l1-1-0.dll
0x000001e29ec40000 - 0x000001e29ec43000 	C:\javafx-sdk-20.0.2\bin\api-ms-win-crt-conio-l1-1-0.dll
0x000001e29ec50000 - 0x000001e29ec54000 	C:\javafx-sdk-20.0.2\bin\api-ms-win-crt-convert-l1-1-0.dll
0x000001e29ec60000 - 0x000001e29ec63000 	C:\javafx-sdk-20.0.2\bin\api-ms-win-crt-environment-l1-1-0.dll
0x000001e29ec70000 - 0x000001e29ec73000 	C:\javafx-sdk-20.0.2\bin\api-ms-win-crt-filesystem-l1-1-0.dll
0x000001e29ec80000 - 0x000001e29ec83000 	C:\javafx-sdk-20.0.2\bin\api-ms-win-crt-heap-l1-1-0.dll
0x000001e29ec90000 - 0x000001e29ec93000 	C:\javafx-sdk-20.0.2\bin\api-ms-win-crt-locale-l1-1-0.dll
0x000001e29eca0000 - 0x000001e29eca5000 	C:\javafx-sdk-20.0.2\bin\api-ms-win-crt-math-l1-1-0.dll
0x000001e29ecb0000 - 0x000001e29ecb5000 	C:\javafx-sdk-20.0.2\bin\api-ms-win-crt-multibyte-l1-1-0.dll
0x000001e29ecc0000 - 0x000001e29ecd0000 	C:\javafx-sdk-20.0.2\bin\api-ms-win-crt-private-l1-1-0.dll
0x000001e29ecd0000 - 0x000001e29ecd3000 	C:\javafx-sdk-20.0.2\bin\api-ms-win-crt-process-l1-1-0.dll
0x000001e29ece0000 - 0x000001e29ece4000 	C:\javafx-sdk-20.0.2\bin\api-ms-win-crt-runtime-l1-1-0.dll
0x000001e29ecf0000 - 0x000001e29ecf4000 	C:\javafx-sdk-20.0.2\bin\api-ms-win-crt-stdio-l1-1-0.dll
0x000001e29ed00000 - 0x000001e29ed04000 	C:\javafx-sdk-20.0.2\bin\api-ms-win-crt-string-l1-1-0.dll
0x000001e29ed10000 - 0x000001e29ed13000 	C:\javafx-sdk-20.0.2\bin\api-ms-win-crt-time-l1-1-0.dll
0x000001e29ed20000 - 0x000001e29ed23000 	C:\javafx-sdk-20.0.2\bin\api-ms-win-crt-utility-l1-1-0.dll
0x00007ffff8dc0000 - 0x00007ffff8ebc000 	C:\javafx-sdk-20.0.2\bin\ucrtbase.dll
0x00007ff819d50000 - 0x00007ff819d6b000 	C:\javafx-sdk-20.0.2\bin\vcruntime140.dll
0x00007ff81b6a0000 - 0x00007ff81b6ac000 	C:\javafx-sdk-20.0.2\bin\vcruntime140_1.dll
0x00007ff806010000 - 0x00007ff80609e000 	C:\javafx-sdk-20.0.2\bin\msvcp140.dll
0x00007ff819d30000 - 0x00007ff819d39000 	C:\javafx-sdk-20.0.2\bin\msvcp140_1.dll
0x00007ff819b50000 - 0x00007ff819b80000 	C:\javafx-sdk-20.0.2\bin\msvcp140_2.dll
0x00007ff819480000 - 0x00007ff8194af000 	C:\javafx-sdk-20.0.2\bin\prism_d3d.dll
0x00007fffeeb60000 - 0x00007fffeed2f000 	C:\WINDOWS\system32\d3d9.dll
0x00007ff81e320000 - 0x00007ff81e34f000 	C:\WINDOWS\SYSTEM32\dwmapi.dll
0x00007ff81e050000 - 0x00007ff81e0ee000 	C:\WINDOWS\system32\uxtheme.dll
0x00007ff821940000 - 0x00007ff821a0d000 	C:\WINDOWS\System32\OLEAUT32.dll
0x00007ff822ac0000 - 0x00007ff822bea000 	C:\WINDOWS\System32\ole32.dll
0x00007ff821d10000 - 0x00007ff82217f000 	C:\WINDOWS\System32\SETUPAPI.dll
0x00007ff8207a0000 - 0x00007ff8207ee000 	C:\WINDOWS\System32\cfgmgr32.dll
0x00007ff820d00000 - 0x00007ff820d27000 	C:\WINDOWS\System32\bcrypt.dll
0x00007ff817120000 - 0x00007ff817162000 	C:\javafx-sdk-20.0.2\bin\glass.dll
0x00007ff821410000 - 0x00007ff8214ea000 	C:\WINDOWS\System32\COMDLG32.dll
0x00007ff821550000 - 0x00007ff821665000 	C:\WINDOWS\System32\MSCTF.dll
0x00007ff81b5a0000 - 0x00007ff81b5db000 	C:\WINDOWS\SYSTEM32\dxcore.dll
0x00007ff819460000 - 0x00007ff819474000 	C:\javafx-sdk-20.0.2\bin\javafx_font.dll
0x00007ff817d80000 - 0x00007ff817dad000 	C:\javafx-sdk-20.0.2\bin\javafx_iio.dll
0x00007ff816d50000 - 0x00007ff816fcf000 	C:\WINDOWS\SYSTEM32\dwrite.dll
0x00007ff8228d0000 - 0x00007ff822979000 	C:\WINDOWS\System32\clbcatq.dll
0x00007ff819160000 - 0x00007ff819314000 	C:\WINDOWS\SYSTEM32\WindowsCodecs.dll
0x00007ff8074a0000 - 0x00007ff8074de000 	C:\WINDOWS\system32\dataexchange.dll
0x00007ff81ca10000 - 0x00007ff81cbf4000 	C:\WINDOWS\system32\dcomp.dll
0x00007ff81c7a0000 - 0x00007ff81ca03000 	C:\WINDOWS\system32\d3d11.dll
0x00007ff81ef30000 - 0x00007ff81f023000 	C:\WINDOWS\system32\dxgi.dll
0x00007ff818de0000 - 0x00007ff818fe0000 	C:\WINDOWS\system32\twinapi.appcore.dll
0x00007ff819840000 - 0x00007ff819939000 	C:\WINDOWS\SYSTEM32\textinputframework.dll
0x00007ff81d1c0000 - 0x00007ff81d51e000 	C:\WINDOWS\System32\CoreUIComponents.dll
0x00007ff81d8a0000 - 0x00007ff81d992000 	C:\WINDOWS\System32\CoreMessaging.dll
0x00007ff81f340000 - 0x00007ff81f373000 	C:\WINDOWS\SYSTEM32\ntmarta.dll
0x00007ff81c640000 - 0x00007ff81c794000 	C:\WINDOWS\SYSTEM32\wintypes.dll
0x00007ff8128c0000 - 0x00007ff812926000 	C:\WINDOWS\system32\Oleacc.dll
0x00007ffff0a70000 - 0x00007ffff0b5f000 	C:\Users\Jay\.javacpp\cache\opencv-3.2.0-1.3-windows-x86_64.jar\org\bytedeco\javacpp\windows-x86_64\msvcr120.dll
0x00007ffff09c0000 - 0x00007ffff0a66000 	C:\Users\Jay\.javacpp\cache\opencv-3.2.0-1.3-windows-x86_64.jar\org\bytedeco\javacpp\windows-x86_64\msvcp120.dll
0x00007fffee8d0000 - 0x00007fffeeb58000 	C:\Users\Jay\.javacpp\cache\opencv-3.2.0-1.3-windows-x86_64.jar\org\bytedeco\javacpp\windows-x86_64\opencv_core320.dll
0x00007fffee230000 - 0x00007fffee592000 	C:\Users\Jay\.javacpp\cache\opencv-3.2.0-1.3-windows-x86_64.jar\org\bytedeco\javacpp\windows-x86_64\opencv_imgproc320.dll
0x00007fffee680000 - 0x00007fffee8ca000 	C:\Users\Jay\.javacpp\cache\opencv-3.2.0-1.3-windows-x86_64.jar\org\bytedeco\javacpp\windows-x86_64\jniopencv_core.dll
0x00007ff820f80000 - 0x00007ff820f88000 	C:\WINDOWS\System32\PSAPI.DLL
0x00007ffff07c0000 - 0x00007ffff08b0000 	C:\Users\Jay\.javacpp\cache\opencv-3.2.0-1.3-windows-x86_64.jar\org\bytedeco\javacpp\windows-x86_64\jniopencv_imgproc.dll

dbghelp: loaded successfully - version: 4.0.5 - missing functions: none
symbol engine: initialized successfully - sym options: 0x614 - pdb path: .;C:\Users\Jay\.p2\pool\plugins\org.eclipse.justj.openjdk.hotspot.jre.full.win32.x86_64_17.0.8.v20230801-1951\jre\bin;C:\WINDOWS\SYSTEM32;C:\WINDOWS\WinSxS\amd64_microsoft.windows.common-controls_6595b64144ccf1df_6.0.19041.1110_none_60b5254171f9507e;C:\Users\Jay\.p2\pool\plugins\org.eclipse.justj.openjdk.hotspot.jre.full.win32.x86_64_17.0.8.v20230801-1951\jre\bin\server;C:\javafx-sdk-20.0.2\bin;C:\WINDOWS\System32\DriverStore\FileRepository\igdlh64.inf_amd64_82119d956c80af5a;C:\Program Files\Common Files\Microsoft Shared\Ink;C:\Users\Jay\.javacpp\cache\opencv-3.2.0-1.3-windows-x86_64.jar\org\bytedeco\javacpp\windows-x86_64;C:\Users\Jay\.javacpp\cache\videoinput-0.200-1.3-windows-x86_64.jar\org\bytedeco\javacpp\windows-x86_64;C:\WINDOWS\WinSxS\amd64_microsoft.windows.gdiplus_6595b64144ccf1df_1.1.19041.2006_none_919e9136cc8d4791;C:\Program Files (x86)\DroidCam\lib

VM Arguments:
jvm_args: --module-path=C:\javafx-sdk-20.0.2\lib --add-modules=javafx.controls,javafx.fxml -Dfile.encoding=UTF-8 -XX:+ShowCodeDetailsInExceptionMessages 
java_command: application.Main
java_class_path (initial): C:\Users\Jay\Desktop\facebio\Facebioreg\target\classes;C:\Users\Jay\Desktop\javafx-sdk-20.0.2\lib\javafx-swt.jar;C:\Users\Jay\Desktop\javafx-sdk-20.0.2\lib\javafx.base.jar;C:\Users\Jay\Desktop\javafx-sdk-20.0.2\lib\javafx.controls.jar;C:\Users\Jay\Desktop\javafx-sdk-20.0.2\lib\javafx.fxml.jar;C:\Users\Jay\Desktop\javafx-sdk-20.0.2\lib\javafx.graphics.jar;C:\Users\Jay\Desktop\javafx-sdk-20.0.2\lib\javafx.media.jar;C:\Users\Jay\Desktop\javafx-sdk-20.0.2\lib\javafx.swing.jar;C:\Users\Jay\Desktop\javafx-sdk-20.0.2\lib\javafx.web.jar;C:\Users\Jay\.p2\pool\plugins\org.eclipse.fx.ide.css.jfx8_3.8.0.202204150904.jar;C:\Users\Jay\Desktop\facebio\Facebioreg\opencv-341.jar;C:\Users\Jay\.m2\repository\org\bytedeco\javacv-platform\1.3.2\javacv-platform-1.3.2.jar;C:\Users\Jay\.m2\repository\org\bytedeco\javacv\1.3.2\javacv-1.3.2.jar;C:\Users\Jay\.m2\repository\org\bytedeco\javacpp\1.3.2\javacpp-1.3.2.jar;C:\Users\Jay\.m2\repository\org\bytedeco\javacpp-presets\opencv\3.2.0-1.3\opencv-3.2.0-1.3.jar;C:\Users\Jay\.m2\repository\org\bytedeco\javacpp-presets\ffmpeg\3.2.1-1.3\ffmpeg-3.2.1-1.3.jar;C:\Users\Jay\.m2\repository\org\bytedeco\javacpp-presets\flycapture\2.9.3.43-1.3\flycapture-2.9.3.43-1.3.jar;C:\Users\Jay\.m2\repository\org\bytedeco\javacpp-presets\libdc1394\2.2.4-1.3\libdc1394-2.2.4-1.3.jar;C:\Users\Jay\.m2\repository\org\bytedeco\javacpp-presets\libfreenect\0.5.3-1.3\libfreenect-0.5.3-1.3.jar;C:\Users\Jay\.m2\repository\org\bytedeco\javacpp-presets\libfreenect2\0.2.0-1.3\libfreenect2-0.2.0-1.3.jar;C:\Users\Jay\.m2\repository\org\bytedeco\javacpp-presets\librealsense\1.9.6-1.3\librealsense-1.9.6-1.3.jar;C:\Users\Jay\.m2\repository\org\bytedeco\javacpp-presets\videoinput\0.200-1.3\videoinput-0.200-1.3.jar;C:\Users\Jay\.m2\repository\org\bytedeco\javacpp-presets\artoolkitplus\2.3.1-1.3\artoolkitplus-2.3.1-1.3.jar;C:\Users\Jay\.m2\repository\org\bytedeco\javacpp-presets\flandmark\1.07-1.3\flandmark-1.07-1.3.jar;C:\Users\Jay\.m2\repository\org\byted
Launcher Type: SUN_STANDARD

[Global flags]
     intx CICompilerCount                          = 3                                         {product} {ergonomic}
     uint ConcGCThreads                            = 1                                         {product} {ergonomic}
     uint G1ConcRefinementThreads                  = 4                                         {product} {ergonomic}
   size_t G1HeapRegionSize                         = 1048576                                   {product} {ergonomic}
    uintx GCDrainStackTargetSize                   = 64                                        {product} {ergonomic}
   size_t InitialHeapSize                          = 134217728                                 {product} {ergonomic}
   size_t MarkStackSize                            = 4194304                                   {product} {ergonomic}
   size_t MaxHeapSize                              = 2116026368                                {product} {ergonomic}
   size_t MaxNewSize                               = 1268776960                                {product} {ergonomic}
   size_t MinHeapDeltaBytes                        = 1048576                                   {product} {ergonomic}
   size_t MinHeapSize                              = 8388608                                   {product} {ergonomic}
    uintx NonNMethodCodeHeapSize                   = 5832780                                {pd product} {ergonomic}
    uintx NonProfiledCodeHeapSize                  = 122912730                              {pd product} {ergonomic}
    uintx ProfiledCodeHeapSize                     = 122912730                              {pd product} {ergonomic}
    uintx ReservedCodeCacheSize                    = 251658240                              {pd product} {ergonomic}
     bool SegmentedCodeCache                       = true                                      {product} {ergonomic}
     bool ShowCodeDetailsInExceptionMessages       = true                                   {manageable} {command line}
   size_t SoftMaxHeapSize                          = 2116026368                             {manageable} {ergonomic}
     bool UseCompressedClassPointers               = true                           {product lp64_product} {ergonomic}
     bool UseCompressedOops                        = true                           {product lp64_product} {ergonomic}
     bool UseG1GC                                  = true                                      {product} {ergonomic}
     bool UseLargePagesIndividualAllocation        = false                                  {pd product} {ergonomic}

Logging:
Log output configuration:
 #0: stdout all=warning uptime,level,tags
 #1: stderr all=off uptime,level,tags

Environment Variables:
CLASSPATH=.;.;C:\PROGRA~2\JMF21~1.1E\lib\sound.jar;C:\PROGRA~2\JMF21~1.1E\lib\jmf.jar;C:\PROGRA~2\JMF21~1.1E\lib;
PATH=C:/Users/Jay/.p2/pool/plugins/org.eclipse.justj.openjdk.hotspot.jre.full.win32.x86_64_17.0.8.v20230801-1951/jre/bin/server;C:/Users/Jay/.p2/pool/plugins/org.eclipse.justj.openjdk.hotspot.jre.full.win32.x86_64_17.0.8.v20230801-1951/jre/bin;C:\Program Files\Common Files\Oracle\Java\javapath;C:\WINDOWS\system32;C:\WINDOWS;C:\WINDOWS\System32\Wbem;C:\WINDOWS\System32\WindowsPowerShell\v1.0\;C:\Program Files\nodejs\;C:\Program Files\Git\cmd;C:\xampp\php;C:\composer;C:\WINDOWS\System32\OpenSSH\;C:\Program Files\Microsoft SQL Server\150\Tools\Binn\;C:\Program Files\Microsoft SQL Server\Client SDK\ODBC\170\Tools\Binn\;C:\Program Files\dotnet\;C:\Program Files\PowerShell\7\;C:\Users\Jay\.console-ninja\.bin;C:\Users\Jay\AppData\Roaming\npm;C:\Users\Jay\AppData\Local\Programs\Microsoft VS Code\bin;C:\Users\Jay\AppData\Roaming\Composer\vendor\bin;C:\Users\Jay\AppData\Local\Microsoft\WindowsApps;C:\Users\Jay\.dotnet\tools;C:\Users\Jay\.fly\bin;C:\WINDOWS\system32;
USERNAME=Jay
OS=Windows_NT
PROCESSOR_IDENTIFIER=Intel64 Family 6 Model 78 Stepping 3, GenuineIntel
TMP=C:\Users\Jay\AppData\Local\Temp
TEMP=C:\Users\Jay\AppData\Local\Temp



---------------  S Y S T E M  ---------------

OS:
 Windows 10 , 64 bit Build 19041 (10.0.19041.1889)
OS uptime: 3 days 5:38 hours

CPU: total 4 (initial active 4) (2 cores per cpu, 2 threads per core) family 6 model 78 stepping 3 microcode 0xcc, cx8, cmov, fxsr, ht, mmx, 3dnowpref, sse, sse2, sse3, ssse3, sse4.1, sse4.2, popcnt, lzcnt, tsc, tscinvbit, avx, avx2, aes, erms, clmul, bmi1, bmi2, adx, fma, vzeroupper, clflush, clflushopt
Processor Information for all 4 processors :
  Max Mhz: 2000, Current Mhz: 2000, Mhz Limit: 2000

Memory: 4k page, system-wide physical 8065M (2005M free)
TotalPageFile size 13387M (AvailPageFile size 3277M)
current process WorkingSet (physical memory assigned to process): 296M, peak: 333M
current process commit charge ("private bytes"): 397M, peak: 447M

vm_info: OpenJDK 64-Bit Server VM (17.0.8+7) for windows-amd64 JRE (17.0.8+7), built on Jul 18 2023 21:02:32 by "admin" with MS VC++ 16.7 (VS2019)

END.
