#
# A fatal error has been detected by the Java Runtime Environment:
#
#  EXCEPTION_ACCESS_VIOLATION (0xc0000005) at pc=0x00007ff822e93466, pid=13544, tid=1720
#
# JRE version: OpenJDK Runtime Environment Temurin-17.0.8+7 (17.0.8+7) (build 17.0.8+7)
# Java VM: OpenJDK 64-Bit Server VM Temurin-17.0.8+7 (17.0.8+7, mixed mode, tiered, compressed oops, compressed class ptrs, g1 gc, windows-amd64)
# Problematic frame:
# C  [ntdll.dll+0x63466]
#
# No core dump will be written. Minidumps are not enabled by default on client versions of Windows
#
# If you would like to submit a bug report, please visit:
#   https://github.com/adoptium/adoptium-support/issues
# The crash happened outside the Java Virtual Machine in native code.
# See problematic frame for where to report the bug.
#

---------------  S U M M A R Y ------------

Command Line: --module-path=C:\javafx-sdk-20.0.2\lib --add-modules=javafx.controls,javafx.fxml -Dfile.encoding=UTF-8 -XX:+ShowCodeDetailsInExceptionMessages application.Main

Host: Intel(R) Core(TM) i3-6006U CPU @ 2.00GHz, 4 cores, 7G,  Windows 10 , 64 bit Build 19041 (10.0.19041.1889)
Time: Fri Sep 15 16:22:17 2023 Coordinated Universal Time elapsed time: 31.131044 seconds (0d 0h 0m 31s)

---------------  T H R E A D  ---------------

Current thread (0x000002a047780f90):  JavaThread "Thread-12" [_thread_in_native, id=1720, stack(0x000000f859e00000,0x000000f859f00000)]

Stack: [0x000000f859e00000,0x000000f859f00000],  sp=0x000000f859eff0b0,  free space=1020k
Native frames: (J=compiled Java code, j=interpreted, Vv=VM code, C=native code)
C  [ntdll.dll+0x63466]
C  [ntdll.dll+0x2fcb4]
C  [ntdll.dll+0x2fae2]
C  0x00007ff80aab2be7

Java frames: (J=compiled Java code, j=interpreted, Vv=VM code)
J 5436  org.bytedeco.javacpp.opencv_videoio$VideoCapture.retrieve(Lorg/bytedeco/javacpp/opencv_core$Mat;)Z (0 bytes) @ 0x000002a02e2fb46f [0x000002a02e2fb420+0x000000000000004f]
J 5435 c1 org.bytedeco.javacv.OpenCVFrameGrabber.grab()Lorg/bytedeco/javacv/Frame; (255 bytes) @ 0x000002a0270648a4 [0x000002a027064800+0x00000000000000a4]
j  application.FaceDetector.run()V+988
j  java.lang.Thread.run()V+11 java.base@17.0.8
v  ~StubRoutines::call_stub

siginfo: EXCEPTION_ACCESS_VIOLATION (0xc0000005), writing address 0x0000000000000024


Register to memory mapping:

RIP=0x00007ff822e93466 ntdll.dll
RAX=0x0 is NULL
RBX=0x000002a0478532b8 points into unknown readable memory: 0x0000000000000000 | 00 00 00 00 00 00 00 00
RCX=0x000002a0478532b8 points into unknown readable memory: 0x0000000000000000 | 00 00 00 00 00 00 00 00
RDX=0x00000000fffffffa is an unallocated location in the heap
RSP=0x000000f859eff0b0 is pointing into the stack for thread: 0x000002a047780f90
RBP=0x0 is NULL
RSI=0x0 is NULL
RDI=0x0 is NULL
R8 =0x0 is NULL
R9 =0x000002a047853200 points into unknown readable memory: 0x0000000600000004 | 04 00 00 00 06 00 00 00
R10=0x0 is NULL
R11=0x0000000000000246 is an unknown value
R12=0x0 is NULL
R13=0x000000f856854000 points into unknown readable memory: 0x0000000000000000 | 00 00 00 00 00 00 00 00
R14=0x0000000000000001 is an unknown value
R15=0x0 is NULL


Registers:
RAX=0x0000000000000000, RBX=0x000002a0478532b8, RCX=0x000002a0478532b8, RDX=0x00000000fffffffa
RSP=0x000000f859eff0b0, RBP=0x0000000000000000, RSI=0x0000000000000000, RDI=0x0000000000000000
R8 =0x0000000000000000, R9 =0x000002a047853200, R10=0x0000000000000000, R11=0x0000000000000246
R12=0x0000000000000000, R13=0x000000f856854000, R14=0x0000000000000001, R15=0x0000000000000000
RIP=0x00007ff822e93466, EFLAGS=0x0000000000010213

Top of Stack: (sp=0x000000f859eff0b0)
0x000000f859eff0b0:   ffffffffffffffff 000002a0478532b8
0x000000f859eff0c0:   000002a020c63610 0000000000000000
0x000000f859eff0d0:   000002a020c50000 00007ff822e50941
0x000000f859eff0e0:   000002a0415460f0 000000f859eff120
0x000000f859eff0f0:   000002a020c50000 00007ff8fffffffa
0x000000f859eff100:   000000f856854000 000002a048010000
0x000000f859eff110:   000002a020c50000 0000000000000000
0x000000f859eff120:   000002a048e87c00 000002a020c50000
0x000000f859eff130:   000002a020c50150 00007ff822e4f35e
0x000000f859eff140:   00003af1fec363e3 000002a047aa5000
0x000000f859eff150:   000002a047780f00 0000000000000001
0x000000f859eff160:   0000000000000001 0000000000000001
0x000000f859eff170:   0000000000000000 000002a0478532b8
0x000000f859eff180:   0000000000000000 00007ff822e5fcb4
0x000000f859eff190:   000000f859eff190 000002a03ea366bf
0x000000f859eff1a0:   00000000fffffffa ffffffffff676980 

Instructions: (pc=0x00007ff822e93466)
0x00007ff822e93366:   20 e9 ed fe ff ff 48 89 41 18 e9 e4 fe ff ff cc
0x00007ff822e93376:   cc cc cc cc cc cc cc cc cc cc 80 3d 81 91 10 00
0x00007ff822e93386:   00 0f 95 c0 c3 cc cc cc cc cc cc cc cc cc cc cc
0x00007ff822e93396:   cc cc cc cc cc cc cc cc cc cc 48 83 ec 38 8b 05
0x00007ff822e933a6:   82 77 10 00 89 44 24 20 e8 41 02 00 00 48 83 c4
0x00007ff822e933b6:   38 c3 cc cc cc cc cc cc cc cc 48 89 5c 24 18 55
0x00007ff822e933c6:   56 57 41 54 41 55 41 56 41 57 48 81 ec a0 00 00
0x00007ff822e933d6:   00 48 8b 05 32 11 12 00 48 33 c4 48 89 84 24 90
0x00007ff822e933e6:   00 00 00 65 4c 8b 2c 25 30 00 00 00 48 8d 05 cf
0x00007ff822e933f6:   31 10 00 40 32 ed 89 54 24 48 33 f6 40 88 6c 24
0x00007ff822e93406:   40 4c 89 6c 24 50 48 8b d9 44 8b e6 48 3b c8 0f
0x00007ff822e93416:   84 39 01 00 00 40 38 35 e6 90 10 00 0f 85 a8 01
0x00007ff822e93426:   00 00 39 35 fa 90 10 00 0f 85 6a 01 00 00 40 38
0x00007ff822e93436:   35 bd 8b 10 00 48 8d 3d be 8b 10 00 48 0f 45 fe
0x00007ff822e93446:   48 39 73 18 0f 84 d2 00 00 00 48 8b 03 48 83 f8
0x00007ff822e93456:   ff 0f 84 d2 00 00 00 44 8b fe 48 83 f8 ff 74 03
0x00007ff822e93466:   ff 40 24 4c 8b 73 18 4c 8d 2d 54 31 10 00 bd 22
0x00007ff822e93476:   17 00 00 e8 d2 13 fc ff 85 c0 0f 85 ee b4 05 00
0x00007ff822e93486:   b9 82 03 fe 7f 80 39 00 0f 85 fc b4 05 00 49 83
0x00007ff822e93496:   fe ff 0f 85 8a b5 05 00 4c 8b cf c7 44 24 20 00
0x00007ff822e934a6:   00 00 00 41 b8 04 00 00 00 48 8d 54 24 48 48 8d
0x00007ff822e934b6:   4b 08 e8 37 01 00 00 3d 02 01 00 00 0f 84 73 b5
0x00007ff822e934c6:   05 00 8b 4b 08 89 4c 24 48 f6 c1 02 75 ca 3d 02
0x00007ff822e934d6:   01 00 00 0f 84 5c b5 05 00 0f b6 6c 24 40 4c 8b
0x00007ff822e934e6:   6c 24 50 85 c0 0f 88 a8 b6 05 00 40 84 ed 75 73
0x00007ff822e934f6:   48 8b 8c 24 90 00 00 00 48 33 cc e8 7a 8d 02 00
0x00007ff822e93506:   48 8b 9c 24 f0 00 00 00 48 81 c4 a0 00 00 00 41
0x00007ff822e93516:   5f 41 5e 41 5d 41 5c 5f 5e 5d c3 cc 48 8b cb e8
0x00007ff822e93526:   56 05 00 00 e9 21 ff ff ff 8b 4b 20 48 c7 c0 ff
0x00007ff822e93536:   ff ff ff 48 0f ba e1 18 0f 82 19 ff ff ff 48 8b
0x00007ff822e93546:   cb e8 f4 e2 fa ff 48 8b 03 e9 09 ff ff ff c6 44
0x00007ff822e93556:   24 40 01 41 c7 85 60 17 00 00 01 00 00 00 e9 b2 


Stack slot to memory mapping:
stack at sp + 0 slots: 0xffffffffffffffff is an unknown value
stack at sp + 1 slots: 0x000002a0478532b8 points into unknown readable memory: 0x0000000000000000 | 00 00 00 00 00 00 00 00
stack at sp + 2 slots: 0x000002a020c63610 points into unknown readable memory: 0x0000000000000000 | 00 00 00 00 00 00 00 00
stack at sp + 3 slots: 0x0 is NULL
stack at sp + 4 slots: 0x000002a020c50000 points into unknown readable memory: 0x0000000000000000 | 00 00 00 00 00 00 00 00
stack at sp + 5 slots: 0x00007ff822e50941 ntdll.dll
stack at sp + 6 slots: 0x000002a0415460f0 is an unknown value
stack at sp + 7 slots: 0x000000f859eff120 is pointing into the stack for thread: 0x000002a047780f90


---------------  P R O C E S S  ---------------

Threads class SMR info:
_java_thread_list=0x000002a0484850a0, length=25, elements={
0x000002a03c593620, 0x000002a03c595cd0, 0x000002a03c5b6ff0, 0x000002a03c5b78c0,
0x000002a03c5ba1d0, 0x000002a03c5be090, 0x000002a03c5bfcc0, 0x000002a03c5c26d0,
0x000002a03c5c4400, 0x000002a03c671020, 0x000002a0410a05d0, 0x000002a041439c00,
0x000002a0416fd440, 0x000002a0416fd950, 0x000002a041701610, 0x000002a041703470,
0x000002a04649d290, 0x000002a04649be50, 0x000002a04649c870, 0x000002a04777e710,
0x000002a0477823d0, 0x000002a04777fb50, 0x000002a047780f90, 0x000002a047782df0,
0x000002a0477828e0
}

Java Threads: ( => current thread )
  0x000002a03c593620 JavaThread "Reference Handler" daemon [_thread_blocked, id=5656, stack(0x000000f857500000,0x000000f857600000)]
  0x000002a03c595cd0 JavaThread "Finalizer" daemon [_thread_blocked, id=12636, stack(0x000000f857600000,0x000000f857700000)]
  0x000002a03c5b6ff0 JavaThread "Signal Dispatcher" daemon [_thread_blocked, id=256, stack(0x000000f857700000,0x000000f857800000)]
  0x000002a03c5b78c0 JavaThread "Attach Listener" daemon [_thread_blocked, id=3680, stack(0x000000f857800000,0x000000f857900000)]
  0x000002a03c5ba1d0 JavaThread "Service Thread" daemon [_thread_blocked, id=13364, stack(0x000000f857900000,0x000000f857a00000)]
  0x000002a03c5be090 JavaThread "Monitor Deflation Thread" daemon [_thread_blocked, id=9624, stack(0x000000f857a00000,0x000000f857b00000)]
  0x000002a03c5bfcc0 JavaThread "C2 CompilerThread0" daemon [_thread_blocked, id=2740, stack(0x000000f857b00000,0x000000f857c00000)]
  0x000002a03c5c26d0 JavaThread "C1 CompilerThread0" daemon [_thread_blocked, id=13660, stack(0x000000f857c00000,0x000000f857d00000)]
  0x000002a03c5c4400 JavaThread "Sweeper thread" daemon [_thread_blocked, id=13924, stack(0x000000f857d00000,0x000000f857e00000)]
  0x000002a03c671020 JavaThread "Common-Cleaner" daemon [_thread_blocked, id=12580, stack(0x000000f857e00000,0x000000f857f00000)]
  0x000002a0410a05d0 JavaThread "Notification Thread" daemon [_thread_blocked, id=9468, stack(0x000000f858000000,0x000000f858100000)]
  0x000002a041439c00 JavaThread "InvokeLaterDispatcher" daemon [_thread_blocked, id=12836, stack(0x000000f858300000,0x000000f858400000)]
  0x000002a0416fd440 JavaThread "Thread-2" daemon [_thread_in_native, id=13920, stack(0x000000f858b00000,0x000000f858c00000)]
  0x000002a0416fd950 JavaThread "ForkJoinPool.commonPool-worker-1" daemon [_thread_blocked, id=13912, stack(0x000000f858d00000,0x000000f858e00000)]
  0x000002a041701610 JavaThread "FileSystemWatchService" daemon [_thread_in_native, id=13008, stack(0x000000f858e00000,0x000000f858f00000)]
  0x000002a041703470 JavaThread "Thread-3" daemon [_thread_blocked, id=8572, stack(0x000000f858f00000,0x000000f859000000)]
  0x000002a04649d290 JavaThread "FileSystemWatchService" daemon [_thread_in_native, id=8472, stack(0x000000f859000000,0x000000f859100000)]
  0x000002a04649be50 JavaThread "Thread-4" daemon [_thread_blocked, id=12652, stack(0x000000f859100000,0x000000f859200000)]
  0x000002a04649c870 JavaThread "Prism Font Disposer" daemon [_thread_blocked, id=8516, stack(0x000000f859500000,0x000000f859600000)]
  0x000002a04777e710 JavaThread "pool-2-thread-1" [_thread_blocked, id=5460, stack(0x000000f859700000,0x000000f859800000)]
  0x000002a0477823d0 JavaThread "Cleaner-0" daemon [_thread_blocked, id=12852, stack(0x000000f859c00000,0x000000f859d00000)]
  0x000002a04777fb50 JavaThread "JavaCPP Deallocator" daemon [_thread_blocked, id=14312, stack(0x000000f857f00000,0x000000f858000000)]
=>0x000002a047780f90 JavaThread "Thread-12" [_thread_in_native, id=1720, stack(0x000000f859e00000,0x000000f859f00000)]
  0x000002a047782df0 JavaThread "Java2D Disposer" daemon [_thread_blocked, id=924, stack(0x000000f85a100000,0x000000f85a200000)]
  0x000002a0477828e0 JavaThread "DestroyJavaVM" [_thread_blocked, id=3568, stack(0x000000f856e00000,0x000000f856f00000)]

Other Threads:
  0x000002a03c55dab0 VMThread "VM Thread" [stack: 0x000000f857400000,0x000000f857500000] [id=12888]
  0x000002a022ef0c20 WatcherThread [stack: 0x000000f858100000,0x000000f858200000] [id=12716]
  0x000002a022ed7df0 GCTaskThread "GC Thread#0" [stack: 0x000000f856f00000,0x000000f857000000] [id=1916]
  0x000002a0417b47f0 GCTaskThread "GC Thread#1" [stack: 0x000000f858800000,0x000000f858900000] [id=13316]
  0x000002a04163b300 GCTaskThread "GC Thread#2" [stack: 0x000000f858900000,0x000000f858a00000] [id=8196]
  0x000002a04163c640 GCTaskThread "GC Thread#3" [stack: 0x000000f858a00000,0x000000f858b00000] [id=13556]
  0x000002a022ee9120 ConcurrentGCThread "G1 Main Marker" [stack: 0x000000f857000000,0x000000f857100000] [id=5508]
  0x000002a022ee9b30 ConcurrentGCThread "G1 Conc#0" [stack: 0x000000f857100000,0x000000f857200000] [id=14048]
  0x000002a022f2d770 ConcurrentGCThread "G1 Refine#0" [stack: 0x000000f857200000,0x000000f857300000] [id=14324]
  0x000002a03c3b6640 ConcurrentGCThread "G1 Service" [stack: 0x000000f857300000,0x000000f857400000] [id=2316]

Threads with active compile tasks:

VM state: not at safepoint (normal execution)

VM Mutex/Monitor currently owned by a thread: None

Heap address: 0x0000000081e00000, size: 2018 MB, Compressed Oops mode: 32-bit

CDS archive(s) not mapped
Compressed class space mapped at: 0x0000000100000000-0x0000000140000000, reserved size: 1073741824
Narrow klass base: 0x0000000000000000, Narrow klass shift: 3, Narrow klass range: 0x140000000

GC Precious Log:
 CPUs: 4 total, 4 available
 Memory: 8065M
 Large Page Support: Disabled
 NUMA Support: Disabled
 Compressed Oops: Enabled (32-bit)
 Heap Region Size: 1M
 Heap Min Capacity: 8M
 Heap Initial Capacity: 128M
 Heap Max Capacity: 2018M
 Pre-touch: Disabled
 Parallel Workers: 4
 Concurrent Workers: 1
 Concurrent Refinement Workers: 4
 Periodic GC: Disabled

Heap:
 garbage-first heap   total 160768K, used 62842K [0x0000000081e00000, 0x0000000100000000)
  region size 1024K, 4 young (4096K), 1 survivors (1024K)
 Metaspace       used 32741K, committed 33024K, reserved 1114112K
  class space    used 3966K, committed 4096K, reserved 1048576K

Heap Regions: E=young(eden), S=young(survivor), O=old, HS=humongous(starts), HC=humongous(continues), CS=collection set, F=free, OA=open archive, CA=closed archive, TAMS=top-at-mark-start (previous, next)
|   0|0x0000000081e00000, 0x0000000081f00000, 0x0000000081f00000|100%| O|  |TAMS 0x0000000081f00000, 0x0000000081f00000| Untracked 
|   1|0x0000000081f00000, 0x0000000082000000, 0x0000000082000000|100%| O|  |TAMS 0x0000000082000000, 0x0000000082000000| Untracked 
|   2|0x0000000082000000, 0x0000000082100000, 0x0000000082100000|100%| O|  |TAMS 0x0000000082100000, 0x0000000082100000| Untracked 
|   3|0x0000000082100000, 0x000000008211f400, 0x0000000082200000| 12%| O|  |TAMS 0x000000008211f400, 0x000000008211f400| Untracked 
|   4|0x0000000082200000, 0x0000000082300000, 0x0000000082300000|100%|HS|  |TAMS 0x0000000082300000, 0x0000000082300000| Complete 
|   5|0x0000000082300000, 0x0000000082400000, 0x0000000082400000|100%|HC|  |TAMS 0x0000000082400000, 0x0000000082400000| Complete 
|   6|0x0000000082400000, 0x0000000082500000, 0x0000000082500000|100%|HC|  |TAMS 0x0000000082500000, 0x0000000082500000| Complete 
|   7|0x0000000082500000, 0x0000000082600000, 0x0000000082600000|100%|HC|  |TAMS 0x0000000082600000, 0x0000000082600000| Complete 
|   8|0x0000000082600000, 0x0000000082700000, 0x0000000082700000|100%|HC|  |TAMS 0x0000000082700000, 0x0000000082700000| Complete 
|   9|0x0000000082700000, 0x0000000082800000, 0x0000000082800000|100%|HS|  |TAMS 0x0000000082700000, 0x0000000082800000| Complete 
|  10|0x0000000082800000, 0x0000000082900000, 0x0000000082900000|100%|HC|  |TAMS 0x0000000082800000, 0x0000000082900000| Complete 
|  11|0x0000000082900000, 0x0000000082a00000, 0x0000000082a00000|100%|HS|  |TAMS 0x0000000082a00000, 0x0000000082a00000| Complete 
|  12|0x0000000082a00000, 0x0000000082b00000, 0x0000000082b00000|100%|HS|  |TAMS 0x0000000082b00000, 0x0000000082b00000| Complete 
|  13|0x0000000082b00000, 0x0000000082c00000, 0x0000000082c00000|100%|HC|  |TAMS 0x0000000082c00000, 0x0000000082c00000| Complete 
|  14|0x0000000082c00000, 0x0000000082d00000, 0x0000000082d00000|100%| O|  |TAMS 0x0000000082d00000, 0x0000000082d00000| Untracked 
|  15|0x0000000082d00000, 0x0000000082e00000, 0x0000000082e00000|100%| O|  |TAMS 0x0000000082e00000, 0x0000000082e00000| Untracked 
|  16|0x0000000082e00000, 0x0000000082f00000, 0x0000000082f00000|100%| O|  |TAMS 0x0000000082f00000, 0x0000000082f00000| Untracked 
|  17|0x0000000082f00000, 0x0000000083000000, 0x0000000083000000|100%| O|  |TAMS 0x0000000083000000, 0x0000000083000000| Untracked 
|  18|0x0000000083000000, 0x0000000083100000, 0x0000000083100000|100%| O|  |TAMS 0x0000000083100000, 0x0000000083100000| Untracked 
|  19|0x0000000083100000, 0x0000000083200000, 0x0000000083200000|100%| O|  |TAMS 0x0000000083200000, 0x0000000083200000| Untracked 
|  20|0x0000000083200000, 0x0000000083300000, 0x0000000083300000|100%| O|  |TAMS 0x0000000083300000, 0x0000000083300000| Untracked 
|  21|0x0000000083300000, 0x0000000083400000, 0x0000000083400000|100%| O|  |TAMS 0x0000000083400000, 0x0000000083400000| Untracked 
|  22|0x0000000083400000, 0x0000000083500000, 0x0000000083500000|100%| O|  |TAMS 0x0000000083500000, 0x0000000083500000| Untracked 
|  23|0x0000000083500000, 0x0000000083600000, 0x0000000083600000|100%| O|  |TAMS 0x0000000083600000, 0x0000000083600000| Untracked 
|  24|0x0000000083600000, 0x0000000083700000, 0x0000000083700000|100%| O|  |TAMS 0x0000000083700000, 0x0000000083700000| Untracked 
|  25|0x0000000083700000, 0x0000000083800000, 0x0000000083800000|100%| O|  |TAMS 0x0000000083800000, 0x0000000083800000| Untracked 
|  26|0x0000000083800000, 0x0000000083900000, 0x0000000083900000|100%|HS|  |TAMS 0x0000000083900000, 0x0000000083900000| Complete 
|  27|0x0000000083900000, 0x0000000083a00000, 0x0000000083a00000|100%|HS|  |TAMS 0x0000000083900000, 0x0000000083900000| Complete 
|  28|0x0000000083a00000, 0x0000000083b00000, 0x0000000083b00000|100%|HC|  |TAMS 0x0000000083a00000, 0x0000000083a00000| Complete 
|  29|0x0000000083b00000, 0x0000000083c00000, 0x0000000083c00000|100%| O|  |TAMS 0x0000000083b00000, 0x0000000083c00000| Untracked 
|  30|0x0000000083c00000, 0x0000000083d00000, 0x0000000083d00000|100%| O|  |TAMS 0x0000000083c67200, 0x0000000083d00000| Untracked 
|  31|0x0000000083d00000, 0x0000000083e00000, 0x0000000083e00000|100%|HS|  |TAMS 0x0000000083d00000, 0x0000000083d00000| Complete 
|  32|0x0000000083e00000, 0x0000000083f00000, 0x0000000083f00000|100%|HC|  |TAMS 0x0000000083e00000, 0x0000000083e00000| Complete 
|  33|0x0000000083f00000, 0x0000000084000000, 0x0000000084000000|100%|HS|  |TAMS 0x0000000083f00000, 0x0000000084000000| Complete 
|  34|0x0000000084000000, 0x0000000084100000, 0x0000000084100000|100%|HC|  |TAMS 0x0000000084000000, 0x0000000084100000| Complete 
|  35|0x0000000084100000, 0x0000000084200000, 0x0000000084200000|100%|HS|  |TAMS 0x0000000084100000, 0x0000000084200000| Complete 
|  36|0x0000000084200000, 0x0000000084300000, 0x0000000084300000|100%|HS|  |TAMS 0x0000000084200000, 0x0000000084300000| Complete 
|  37|0x0000000084300000, 0x0000000084400000, 0x0000000084400000|100%|HC|  |TAMS 0x0000000084300000, 0x0000000084400000| Complete 
|  38|0x0000000084400000, 0x0000000084500000, 0x0000000084500000|100%|HS|  |TAMS 0x0000000084400000, 0x0000000084400000| Complete 
|  39|0x0000000084500000, 0x0000000084600000, 0x0000000084600000|100%|HC|  |TAMS 0x0000000084500000, 0x0000000084500000| Complete 
|  40|0x0000000084600000, 0x0000000084600000, 0x0000000084700000|  0%| F|  |TAMS 0x0000000084600000, 0x0000000084600000| Untracked 
|  41|0x0000000084700000, 0x0000000084700000, 0x0000000084800000|  0%| F|  |TAMS 0x0000000084700000, 0x0000000084700000| Untracked 
|  42|0x0000000084800000, 0x0000000084900000, 0x0000000084900000|100%|HS|  |TAMS 0x0000000084800000, 0x0000000084900000| Complete 
|  43|0x0000000084900000, 0x0000000084a00000, 0x0000000084a00000|100%|HC|  |TAMS 0x0000000084900000, 0x0000000084a00000| Complete 
|  44|0x0000000084a00000, 0x0000000084b00000, 0x0000000084b00000|100%|HS|  |TAMS 0x0000000084a00000, 0x0000000084b00000| Complete 
|  45|0x0000000084b00000, 0x0000000084c00000, 0x0000000084c00000|100%|HC|  |TAMS 0x0000000084b00000, 0x0000000084c00000| Complete 
|  46|0x0000000084c00000, 0x0000000084c00000, 0x0000000084d00000|  0%| F|  |TAMS 0x0000000084c00000, 0x0000000084c00000| Untracked 
|  47|0x0000000084d00000, 0x0000000084d00000, 0x0000000084e00000|  0%| F|  |TAMS 0x0000000084d00000, 0x0000000084d00000| Untracked 
|  48|0x0000000084e00000, 0x0000000084f00000, 0x0000000084f00000|100%|HS|  |TAMS 0x0000000084e00000, 0x0000000084f00000| Complete 
|  49|0x0000000084f00000, 0x0000000085000000, 0x0000000085000000|100%|HC|  |TAMS 0x0000000084f00000, 0x0000000085000000| Complete 
|  50|0x0000000085000000, 0x0000000085100000, 0x0000000085100000|100%|HS|  |TAMS 0x0000000085000000, 0x0000000085100000| Complete 
|  51|0x0000000085100000, 0x0000000085200000, 0x0000000085200000|100%|HC|  |TAMS 0x0000000085100000, 0x0000000085200000| Complete 
|  52|0x0000000085200000, 0x0000000085300000, 0x0000000085300000|100%|HS|  |TAMS 0x0000000085200000, 0x0000000085300000| Complete 
|  53|0x0000000085300000, 0x0000000085400000, 0x0000000085400000|100%|HC|  |TAMS 0x0000000085300000, 0x0000000085400000| Complete 
|  54|0x0000000085400000, 0x0000000085400000, 0x0000000085500000|  0%| F|  |TAMS 0x0000000085400000, 0x0000000085400000| Untracked 
|  55|0x0000000085500000, 0x0000000085500000, 0x0000000085600000|  0%| F|  |TAMS 0x0000000085500000, 0x0000000085500000| Untracked 
|  56|0x0000000085600000, 0x0000000085600000, 0x0000000085700000|  0%| F|  |TAMS 0x0000000085600000, 0x0000000085600000| Untracked 
|  57|0x0000000085700000, 0x0000000085800000, 0x0000000085800000|100%|HS|  |TAMS 0x0000000085700000, 0x0000000085800000| Complete 
|  58|0x0000000085800000, 0x0000000085900000, 0x0000000085900000|100%|HC|  |TAMS 0x0000000085800000, 0x0000000085900000| Complete 
|  59|0x0000000085900000, 0x0000000085900000, 0x0000000085a00000|  0%| F|  |TAMS 0x0000000085900000, 0x0000000085900000| Untracked 
|  60|0x0000000085a00000, 0x0000000085a00000, 0x0000000085b00000|  0%| F|  |TAMS 0x0000000085a00000, 0x0000000085a00000| Untracked 
|  61|0x0000000085b00000, 0x0000000085c00000, 0x0000000085c00000|100%|HS|  |TAMS 0x0000000085b00000, 0x0000000085c00000| Complete 
|  62|0x0000000085c00000, 0x0000000085d00000, 0x0000000085d00000|100%|HC|  |TAMS 0x0000000085c00000, 0x0000000085d00000| Complete 
|  63|0x0000000085d00000, 0x0000000085d00000, 0x0000000085e00000|  0%| F|  |TAMS 0x0000000085d00000, 0x0000000085d00000| Untracked 
|  64|0x0000000085e00000, 0x0000000085e00000, 0x0000000085f00000|  0%| F|  |TAMS 0x0000000085e00000, 0x0000000085e00000| Untracked 
|  65|0x0000000085f00000, 0x0000000086000000, 0x0000000086000000|100%| O|  |TAMS 0x0000000085f00000, 0x0000000086000000| Untracked 
|  66|0x0000000086000000, 0x0000000086100000, 0x0000000086100000|100%| O|  |TAMS 0x0000000086000000, 0x0000000086100000| Untracked 
|  67|0x0000000086100000, 0x0000000086200000, 0x0000000086200000|100%| O|  |TAMS 0x0000000086100000, 0x0000000086200000| Untracked 
|  68|0x0000000086200000, 0x0000000086300000, 0x0000000086300000|100%| O|  |TAMS 0x0000000086200000, 0x0000000086300000| Untracked 
|  69|0x0000000086300000, 0x0000000086339e00, 0x0000000086400000| 22%| O|  |TAMS 0x0000000086300000, 0x0000000086339e00| Untracked 
|  70|0x0000000086400000, 0x0000000086400000, 0x0000000086500000|  0%| F|  |TAMS 0x0000000086400000, 0x0000000086400000| Untracked 
|  71|0x0000000086500000, 0x0000000086500000, 0x0000000086600000|  0%| F|  |TAMS 0x0000000086500000, 0x0000000086500000| Untracked 
|  72|0x0000000086600000, 0x0000000086600000, 0x0000000086700000|  0%| F|  |TAMS 0x0000000086600000, 0x0000000086600000| Untracked 
|  73|0x0000000086700000, 0x0000000086700000, 0x0000000086800000|  0%| F|  |TAMS 0x0000000086700000, 0x0000000086700000| Untracked 
|  74|0x0000000086800000, 0x0000000086800000, 0x0000000086900000|  0%| F|  |TAMS 0x0000000086800000, 0x0000000086800000| Untracked 
|  75|0x0000000086900000, 0x0000000086900000, 0x0000000086a00000|  0%| F|  |TAMS 0x0000000086900000, 0x0000000086900000| Untracked 
|  76|0x0000000086a00000, 0x0000000086b00000, 0x0000000086b00000|100%| O|  |TAMS 0x0000000086a00000, 0x0000000086b00000| Untracked 
|  77|0x0000000086b00000, 0x0000000086c00000, 0x0000000086c00000|100%| O|  |TAMS 0x0000000086b00000, 0x0000000086c00000| Untracked 
|  78|0x0000000086c00000, 0x0000000086c00000, 0x0000000086d00000|  0%| F|  |TAMS 0x0000000086c00000, 0x0000000086c00000| Untracked 
|  79|0x0000000086d00000, 0x0000000086d00000, 0x0000000086e00000|  0%| F|  |TAMS 0x0000000086d00000, 0x0000000086d00000| Untracked 
|  80|0x0000000086e00000, 0x0000000086e00000, 0x0000000086f00000|  0%| F|  |TAMS 0x0000000086e00000, 0x0000000086e00000| Untracked 
|  81|0x0000000086f00000, 0x0000000086f00000, 0x0000000087000000|  0%| F|  |TAMS 0x0000000086f00000, 0x0000000086f00000| Untracked 
|  82|0x0000000087000000, 0x0000000087000000, 0x0000000087100000|  0%| F|  |TAMS 0x0000000087000000, 0x0000000087000000| Untracked 
|  83|0x0000000087100000, 0x0000000087100000, 0x0000000087200000|  0%| F|  |TAMS 0x0000000087100000, 0x0000000087100000| Untracked 
|  84|0x0000000087200000, 0x0000000087200000, 0x0000000087300000|  0%| F|  |TAMS 0x0000000087200000, 0x0000000087200000| Untracked 
|  85|0x0000000087300000, 0x0000000087300000, 0x0000000087400000|  0%| F|  |TAMS 0x0000000087300000, 0x0000000087300000| Untracked 
|  86|0x0000000087400000, 0x0000000087400000, 0x0000000087500000|  0%| F|  |TAMS 0x0000000087400000, 0x0000000087400000| Untracked 
|  87|0x0000000087500000, 0x0000000087500000, 0x0000000087600000|  0%| F|  |TAMS 0x0000000087500000, 0x0000000087500000| Untracked 
|  88|0x0000000087600000, 0x0000000087600000, 0x0000000087700000|  0%| F|  |TAMS 0x0000000087600000, 0x0000000087600000| Untracked 
|  89|0x0000000087700000, 0x0000000087700000, 0x0000000087800000|  0%| F|  |TAMS 0x0000000087700000, 0x0000000087700000| Untracked 
|  90|0x0000000087800000, 0x0000000087800000, 0x0000000087900000|  0%| F|  |TAMS 0x0000000087800000, 0x0000000087800000| Untracked 
|  91|0x0000000087900000, 0x0000000087900000, 0x0000000087a00000|  0%| F|  |TAMS 0x0000000087900000, 0x0000000087900000| Untracked 
|  92|0x0000000087a00000, 0x0000000087a00000, 0x0000000087b00000|  0%| F|  |TAMS 0x0000000087a00000, 0x0000000087a00000| Untracked 
|  93|0x0000000087b00000, 0x0000000087b00000, 0x0000000087c00000|  0%| F|  |TAMS 0x0000000087b00000, 0x0000000087b00000| Untracked 
|  94|0x0000000087c00000, 0x0000000087c00000, 0x0000000087d00000|  0%| F|  |TAMS 0x0000000087c00000, 0x0000000087c00000| Untracked 
|  95|0x0000000087d00000, 0x0000000087d00000, 0x0000000087e00000|  0%| F|  |TAMS 0x0000000087d00000, 0x0000000087d00000| Untracked 
|  96|0x0000000087e00000, 0x0000000087e00000, 0x0000000087f00000|  0%| F|  |TAMS 0x0000000087e00000, 0x0000000087e00000| Untracked 
|  97|0x0000000087f00000, 0x0000000087f00000, 0x0000000088000000|  0%| F|  |TAMS 0x0000000087f00000, 0x0000000087f00000| Untracked 
|  98|0x0000000088000000, 0x0000000088000000, 0x0000000088100000|  0%| F|  |TAMS 0x0000000088000000, 0x0000000088000000| Untracked 
|  99|0x0000000088100000, 0x0000000088100000, 0x0000000088200000|  0%| F|  |TAMS 0x0000000088100000, 0x0000000088100000| Untracked 
| 100|0x0000000088200000, 0x0000000088200000, 0x0000000088300000|  0%| F|  |TAMS 0x0000000088200000, 0x0000000088200000| Untracked 
| 101|0x0000000088300000, 0x0000000088300000, 0x0000000088400000|  0%| F|  |TAMS 0x0000000088300000, 0x0000000088300000| Untracked 
| 102|0x0000000088400000, 0x0000000088400000, 0x0000000088500000|  0%| F|  |TAMS 0x0000000088400000, 0x0000000088400000| Untracked 
| 103|0x0000000088500000, 0x0000000088500000, 0x0000000088600000|  0%| F|  |TAMS 0x0000000088500000, 0x0000000088500000| Untracked 
| 104|0x0000000088600000, 0x0000000088600000, 0x0000000088700000|  0%| F|  |TAMS 0x0000000088600000, 0x0000000088600000| Untracked 
| 105|0x0000000088700000, 0x0000000088700000, 0x0000000088800000|  0%| F|  |TAMS 0x0000000088700000, 0x0000000088700000| Untracked 
| 106|0x0000000088800000, 0x0000000088800000, 0x0000000088900000|  0%| F|  |TAMS 0x0000000088800000, 0x0000000088800000| Untracked 
| 107|0x0000000088900000, 0x0000000088900000, 0x0000000088a00000|  0%| F|  |TAMS 0x0000000088900000, 0x0000000088900000| Untracked 
| 108|0x0000000088a00000, 0x0000000088a00000, 0x0000000088b00000|  0%| F|  |TAMS 0x0000000088a00000, 0x0000000088a00000| Untracked 
| 109|0x0000000088b00000, 0x0000000088b00000, 0x0000000088c00000|  0%| F|  |TAMS 0x0000000088b00000, 0x0000000088b00000| Untracked 
| 110|0x0000000088c00000, 0x0000000088c00000, 0x0000000088d00000|  0%| F|  |TAMS 0x0000000088c00000, 0x0000000088c00000| Untracked 
| 111|0x0000000088d00000, 0x0000000088d00000, 0x0000000088e00000|  0%| F|  |TAMS 0x0000000088d00000, 0x0000000088d00000| Untracked 
| 112|0x0000000088e00000, 0x0000000088e00000, 0x0000000088f00000|  0%| F|  |TAMS 0x0000000088e00000, 0x0000000088e00000| Untracked 
| 113|0x0000000088f00000, 0x0000000088f00000, 0x0000000089000000|  0%| F|  |TAMS 0x0000000088f00000, 0x0000000088f00000| Untracked 
| 114|0x0000000089000000, 0x0000000089000000, 0x0000000089100000|  0%| F|  |TAMS 0x0000000089000000, 0x0000000089000000| Untracked 
| 115|0x0000000089100000, 0x0000000089100000, 0x0000000089200000|  0%| F|  |TAMS 0x0000000089100000, 0x0000000089100000| Untracked 
| 116|0x0000000089200000, 0x0000000089200000, 0x0000000089300000|  0%| F|  |TAMS 0x0000000089200000, 0x0000000089200000| Untracked 
| 117|0x0000000089300000, 0x0000000089300000, 0x0000000089400000|  0%| F|  |TAMS 0x0000000089300000, 0x0000000089300000| Untracked 
| 118|0x0000000089400000, 0x0000000089400000, 0x0000000089500000|  0%| F|  |TAMS 0x0000000089400000, 0x0000000089400000| Untracked 
| 119|0x0000000089500000, 0x0000000089500000, 0x0000000089600000|  0%| F|  |TAMS 0x0000000089500000, 0x0000000089500000| Untracked 
| 120|0x0000000089600000, 0x0000000089600000, 0x0000000089700000|  0%| F|  |TAMS 0x0000000089600000, 0x0000000089600000| Untracked 
| 121|0x0000000089700000, 0x0000000089700000, 0x0000000089800000|  0%| F|  |TAMS 0x0000000089700000, 0x0000000089700000| Untracked 
| 122|0x0000000089800000, 0x0000000089800000, 0x0000000089900000|  0%| F|  |TAMS 0x0000000089800000, 0x0000000089800000| Untracked 
| 123|0x0000000089900000, 0x0000000089900000, 0x0000000089a00000|  0%| F|  |TAMS 0x0000000089900000, 0x0000000089900000| Untracked 
| 124|0x0000000089a00000, 0x0000000089a00000, 0x0000000089b00000|  0%| F|  |TAMS 0x0000000089a00000, 0x0000000089a00000| Untracked 
| 125|0x0000000089b00000, 0x0000000089b00000, 0x0000000089c00000|  0%| F|  |TAMS 0x0000000089b00000, 0x0000000089b00000| Untracked 
| 126|0x0000000089c00000, 0x0000000089c00000, 0x0000000089d00000|  0%| F|  |TAMS 0x0000000089c00000, 0x0000000089c00000| Untracked 
| 127|0x0000000089d00000, 0x0000000089d00000, 0x0000000089e00000|  0%| F|  |TAMS 0x0000000089d00000, 0x0000000089d00000| Untracked 
| 128|0x0000000089e00000, 0x0000000089e00000, 0x0000000089f00000|  0%| F|  |TAMS 0x0000000089e00000, 0x0000000089e00000| Untracked 
| 129|0x0000000089f00000, 0x0000000089f00000, 0x000000008a000000|  0%| F|  |TAMS 0x0000000089f00000, 0x0000000089f00000| Untracked 
| 130|0x000000008a000000, 0x000000008a000000, 0x000000008a100000|  0%| F|  |TAMS 0x000000008a000000, 0x000000008a000000| Untracked 
| 131|0x000000008a100000, 0x000000008a100000, 0x000000008a200000|  0%| F|  |TAMS 0x000000008a100000, 0x000000008a100000| Untracked 
| 132|0x000000008a200000, 0x000000008a200000, 0x000000008a300000|  0%| F|  |TAMS 0x000000008a200000, 0x000000008a200000| Untracked 
| 133|0x000000008a300000, 0x000000008a300000, 0x000000008a400000|  0%| F|  |TAMS 0x000000008a300000, 0x000000008a300000| Untracked 
| 134|0x000000008a400000, 0x000000008a400000, 0x000000008a500000|  0%| F|  |TAMS 0x000000008a400000, 0x000000008a400000| Untracked 
| 135|0x000000008a500000, 0x000000008a500000, 0x000000008a600000|  0%| F|  |TAMS 0x000000008a500000, 0x000000008a500000| Untracked 
| 136|0x000000008a600000, 0x000000008a600000, 0x000000008a700000|  0%| F|  |TAMS 0x000000008a600000, 0x000000008a600000| Untracked 
| 137|0x000000008a700000, 0x000000008a700000, 0x000000008a800000|  0%| F|  |TAMS 0x000000008a700000, 0x000000008a700000| Untracked 
| 138|0x000000008a800000, 0x000000008a800000, 0x000000008a900000|  0%| F|  |TAMS 0x000000008a800000, 0x000000008a800000| Untracked 
| 139|0x000000008a900000, 0x000000008a900000, 0x000000008aa00000|  0%| F|  |TAMS 0x000000008a900000, 0x000000008a900000| Untracked 
| 140|0x000000008aa00000, 0x000000008aa00000, 0x000000008ab00000|  0%| F|  |TAMS 0x000000008aa00000, 0x000000008aa00000| Untracked 
| 141|0x000000008ab00000, 0x000000008ab00000, 0x000000008ac00000|  0%| F|  |TAMS 0x000000008ab00000, 0x000000008ab00000| Untracked 
| 142|0x000000008ac00000, 0x000000008ac00000, 0x000000008ad00000|  0%| F|  |TAMS 0x000000008ac00000, 0x000000008ac00000| Untracked 
| 143|0x000000008ad00000, 0x000000008ad00000, 0x000000008ae00000|  0%| F|  |TAMS 0x000000008ad00000, 0x000000008ad00000| Untracked 
| 144|0x000000008ae00000, 0x000000008ae00000, 0x000000008af00000|  0%| F|  |TAMS 0x000000008ae00000, 0x000000008ae00000| Untracked 
| 145|0x000000008af00000, 0x000000008af00000, 0x000000008b000000|  0%| F|  |TAMS 0x000000008af00000, 0x000000008af00000| Untracked 
| 146|0x000000008b000000, 0x000000008b000000, 0x000000008b100000|  0%| F|  |TAMS 0x000000008b000000, 0x000000008b000000| Untracked 
| 147|0x000000008b100000, 0x000000008b100000, 0x000000008b200000|  0%| F|  |TAMS 0x000000008b100000, 0x000000008b100000| Untracked 
| 148|0x000000008b200000, 0x000000008b200000, 0x000000008b300000|  0%| F|  |TAMS 0x000000008b200000, 0x000000008b200000| Untracked 
| 149|0x000000008b300000, 0x000000008b300000, 0x000000008b400000|  0%| F|  |TAMS 0x000000008b300000, 0x000000008b300000| Untracked 
| 150|0x000000008b400000, 0x000000008b400000, 0x000000008b500000|  0%| F|  |TAMS 0x000000008b400000, 0x000000008b400000| Untracked 
| 151|0x000000008b500000, 0x000000008b500000, 0x000000008b600000|  0%| F|  |TAMS 0x000000008b500000, 0x000000008b500000| Untracked 
| 152|0x000000008b600000, 0x000000008b600000, 0x000000008b700000|  0%| F|  |TAMS 0x000000008b600000, 0x000000008b600000| Untracked 
| 153|0x000000008b700000, 0x000000008b705608, 0x000000008b800000|  2%| S|CS|TAMS 0x000000008b700000, 0x000000008b700000| Complete 
| 154|0x000000008b800000, 0x000000008b800800, 0x000000008b900000|  0%| E|  |TAMS 0x000000008b800000, 0x000000008b800000| Complete 
| 155|0x000000008b900000, 0x000000008ba00000, 0x000000008ba00000|100%| E|CS|TAMS 0x000000008b900000, 0x000000008b900000| Complete 
| 156|0x000000008ba00000, 0x000000008bb00000, 0x000000008bb00000|100%| E|CS|TAMS 0x000000008ba00000, 0x000000008ba00000| Complete 

Card table byte_map: [0x000002a035930000,0x000002a035d30000] _byte_map_base: 0x000002a035521000

Marking Bits (Prev, Next): (CMBitMap*) 0x000002a022ed8410, (CMBitMap*) 0x000002a022ed8450
 Prev Bits: [0x000002a036130000, 0x000002a0380b8000)
 Next Bits: [0x000002a0380c0000, 0x000002a03a048000)

Polling page: 0x000002a022630000

Metaspace:

Usage:
  Non-class:     28.10 MB used.
      Class:      3.87 MB used.
       Both:     31.97 MB used.

Virtual space:
  Non-class space:       64.00 MB reserved,      28.25 MB ( 44%) committed,  1 nodes.
      Class space:        1.00 GB reserved,       4.00 MB ( <1%) committed,  1 nodes.
             Both:        1.06 GB reserved,      32.25 MB (  3%) committed. 

Chunk freelists:
   Non-Class:  3.70 MB
       Class:  12.05 MB
        Both:  15.75 MB

MaxMetaspaceSize: unlimited
CompressedClassSpaceSize: 1.00 GB
Initial GC threshold: 21.00 MB
Current GC threshold: 52.12 MB
CDS: off
MetaspaceReclaimPolicy: balanced
 - commit_granule_bytes: 65536.
 - commit_granule_words: 8192.
 - virtual_space_node_default_size: 8388608.
 - enlarge_chunks_in_place: 1.
 - new_chunks_are_fully_committed: 0.
 - uncommit_free_chunks: 1.
 - use_allocation_guard: 0.
 - handle_deallocations: 1.


Internal statistics:

num_allocs_failed_limit: 3.
num_arena_births: 244.
num_arena_deaths: 0.
num_vsnodes_births: 2.
num_vsnodes_deaths: 0.
num_space_committed: 516.
num_space_uncommitted: 0.
num_chunks_returned_to_freelist: 3.
num_chunks_taken_from_freelist: 1019.
num_chunk_merges: 3.
num_chunk_splits: 700.
num_chunks_enlarged: 545.
num_inconsistent_stats: 0.

CodeHeap 'non-profiled nmethods': size=120000Kb used=3062Kb max_used=3062Kb free=116937Kb
 bounds [0x000002a02e000000, 0x000002a02e300000, 0x000002a035530000]
CodeHeap 'profiled nmethods': size=120000Kb used=11545Kb max_used=11545Kb free=108454Kb
 bounds [0x000002a026530000, 0x000002a027080000, 0x000002a02da60000]
CodeHeap 'non-nmethods': size=5760Kb used=1567Kb max_used=1620Kb free=4192Kb
 bounds [0x000002a02da60000, 0x000002a02dcd0000, 0x000002a02e000000]
 total_blobs=6442 nmethods=5471 adapters=882
 compilation: enabled
              stopped_count=0, restarted_count=0
 full_count=0

Compilation events (20 events):
Event: 30.297 Thread 0x000002a03c5c26d0 5462       3       sun.java2d.pipe.Region::getInstanceXYWH (16 bytes)
Event: 30.298 Thread 0x000002a03c5c26d0 nmethod 5462 0x000002a027070690 code [0x000002a027070840, 0x000002a027070b28]
Event: 30.298 Thread 0x000002a03c5c26d0 5463       3       sun.java2d.pipe.Region::getInstanceXYXY (12 bytes)
Event: 30.298 Thread 0x000002a03c5c26d0 nmethod 5463 0x000002a027070c90 code [0x000002a027070e40, 0x000002a027071058]
Event: 30.298 Thread 0x000002a03c5c26d0 5464  s    3       sun.java2d.StateTrackableDelegate::setUntrackable (33 bytes)
Event: 30.298 Thread 0x000002a03c5c26d0 nmethod 5464 0x000002a027071190 code [0x000002a027071340, 0x000002a0270716a8]
Event: 30.298 Thread 0x000002a03c5c26d0 5465       3       com.sun.prism.Image::getPixelAccessor (213 bytes)
Event: 30.299 Thread 0x000002a03c5c26d0 nmethod 5465 0x000002a027071790 code [0x000002a027071a40, 0x000002a0270728c8]
Event: 30.299 Thread 0x000002a03c5c26d0 5456       3       java.awt.BasicStroke::<init> (12 bytes)
Event: 30.299 Thread 0x000002a03c5c26d0 nmethod 5456 0x000002a027072c10 code [0x000002a027072de0, 0x000002a027072f48]
Event: 30.299 Thread 0x000002a03c5c26d0 5457       3       sun.java2d.SunGraphics2D::setStroke (61 bytes)
Event: 30.300 Thread 0x000002a03c5c26d0 nmethod 5457 0x000002a027073010 code [0x000002a027073200, 0x000002a027073748]
Event: 30.411 Thread 0x000002a03c5c26d0 5466       3       sun.java2d.loops.RenderCache$Entry::matches (30 bytes)
Event: 30.412 Thread 0x000002a03c5c26d0 nmethod 5466 0x000002a027073890 code [0x000002a027073a20, 0x000002a027073bf8]
Event: 30.697 Thread 0x000002a03c5c26d0 5467       3       sun.java2d.DefaultDisposerRecord::dispose (12 bytes)
Event: 30.697 Thread 0x000002a03c5c26d0 nmethod 5467 0x000002a027073c90 code [0x000002a027073e20, 0x000002a027073f68]
Event: 30.698 Thread 0x000002a03c5c26d0 5469   !   3       sun.java2d.Disposer::clearDeferredRecords (70 bytes)
Event: 30.698 Thread 0x000002a03c5c26d0 nmethod 5469 0x000002a027074010 code [0x000002a027074260, 0x000002a027074d58]
Event: 30.810 Thread 0x000002a03c5c26d0 5470       3       com.sun.prism.d3d.D3DTextureResource::free (18 bytes)
Event: 30.811 Thread 0x000002a03c5c26d0 nmethod 5470 0x000002a027075210 code [0x000002a0270753c0, 0x000002a027075628]

GC Heap History (20 events):
Event: 27.021 GC heap before
{Heap before GC invocations=49 (full 0):
 garbage-first heap   total 160768K, used 71014K [0x0000000081e00000, 0x0000000100000000)
  region size 1024K, 3 young (3072K), 1 survivors (1024K)
 Metaspace       used 32657K, committed 32832K, reserved 1114112K
  class space    used 3959K, committed 4032K, reserved 1048576K
}
Event: 27.023 GC heap after
{Heap after GC invocations=50 (full 0):
 garbage-first heap   total 160768K, used 53606K [0x0000000081e00000, 0x0000000100000000)
  region size 1024K, 1 young (1024K), 1 survivors (1024K)
 Metaspace       used 32657K, committed 32832K, reserved 1114112K
  class space    used 3959K, committed 4032K, reserved 1048576K
}
Event: 27.264 GC heap before
{Heap before GC invocations=50 (full 0):
 garbage-first heap   total 160768K, used 71014K [0x0000000081e00000, 0x0000000100000000)
  region size 1024K, 3 young (3072K), 1 survivors (1024K)
 Metaspace       used 32657K, committed 32832K, reserved 1114112K
  class space    used 3959K, committed 4032K, reserved 1048576K
}
Event: 27.265 GC heap after
{Heap after GC invocations=51 (full 0):
 garbage-first heap   total 160768K, used 47463K [0x0000000081e00000, 0x0000000100000000)
  region size 1024K, 1 young (1024K), 1 survivors (1024K)
 Metaspace       used 32657K, committed 32832K, reserved 1114112K
  class space    used 3959K, committed 4032K, reserved 1048576K
}
Event: 27.609 GC heap before
{Heap before GC invocations=51 (full 0):
 garbage-first heap   total 160768K, used 72039K [0x0000000081e00000, 0x0000000100000000)
  region size 1024K, 3 young (3072K), 1 survivors (1024K)
 Metaspace       used 32672K, committed 32896K, reserved 1114112K
  class space    used 3960K, committed 4032K, reserved 1048576K
}
Event: 27.610 GC heap after
{Heap after GC invocations=52 (full 0):
 garbage-first heap   total 160768K, used 52597K [0x0000000081e00000, 0x0000000100000000)
  region size 1024K, 1 young (1024K), 1 survivors (1024K)
 Metaspace       used 32672K, committed 32896K, reserved 1114112K
  class space    used 3960K, committed 4032K, reserved 1048576K
}
Event: 28.008 GC heap before
{Heap before GC invocations=52 (full 0):
 garbage-first heap   total 160768K, used 72053K [0x0000000081e00000, 0x0000000100000000)
  region size 1024K, 3 young (3072K), 1 survivors (1024K)
 Metaspace       used 32673K, committed 32896K, reserved 1114112K
  class space    used 3960K, committed 4032K, reserved 1048576K
}
Event: 28.010 GC heap after
{Heap after GC invocations=53 (full 0):
 garbage-first heap   total 160768K, used 52597K [0x0000000081e00000, 0x0000000100000000)
  region size 1024K, 1 young (1024K), 1 survivors (1024K)
 Metaspace       used 32673K, committed 32896K, reserved 1114112K
  class space    used 3960K, committed 4032K, reserved 1048576K
}
Event: 28.504 GC heap before
{Heap before GC invocations=53 (full 0):
 garbage-first heap   total 160768K, used 72053K [0x0000000081e00000, 0x0000000100000000)
  region size 1024K, 3 young (3072K), 1 survivors (1024K)
 Metaspace       used 32674K, committed 32896K, reserved 1114112K
  class space    used 3960K, committed 4032K, reserved 1048576K
}
Event: 28.505 GC heap after
{Heap after GC invocations=54 (full 0):
 garbage-first heap   total 160768K, used 52597K [0x0000000081e00000, 0x0000000100000000)
  region size 1024K, 1 young (1024K), 1 survivors (1024K)
 Metaspace       used 32674K, committed 32896K, reserved 1114112K
  class space    used 3960K, committed 4032K, reserved 1048576K
}
Event: 28.927 GC heap before
{Heap before GC invocations=54 (full 0):
 garbage-first heap   total 160768K, used 72053K [0x0000000081e00000, 0x0000000100000000)
  region size 1024K, 3 young (3072K), 1 survivors (1024K)
 Metaspace       used 32674K, committed 32896K, reserved 1114112K
  class space    used 3960K, committed 4032K, reserved 1048576K
}
Event: 28.929 GC heap after
{Heap after GC invocations=55 (full 0):
 garbage-first heap   total 160768K, used 52597K [0x0000000081e00000, 0x0000000100000000)
  region size 1024K, 1 young (1024K), 1 survivors (1024K)
 Metaspace       used 32674K, committed 32896K, reserved 1114112K
  class space    used 3960K, committed 4032K, reserved 1048576K
}
Event: 29.419 GC heap before
{Heap before GC invocations=55 (full 0):
 garbage-first heap   total 160768K, used 72053K [0x0000000081e00000, 0x0000000100000000)
  region size 1024K, 3 young (3072K), 1 survivors (1024K)
 Metaspace       used 32678K, committed 32896K, reserved 1114112K
  class space    used 3960K, committed 4032K, reserved 1048576K
}
Event: 29.420 GC heap after
{Heap after GC invocations=56 (full 0):
 garbage-first heap   total 160768K, used 52597K [0x0000000081e00000, 0x0000000100000000)
  region size 1024K, 1 young (1024K), 1 survivors (1024K)
 Metaspace       used 32678K, committed 32896K, reserved 1114112K
  class space    used 3960K, committed 4032K, reserved 1048576K
}
Event: 29.823 GC heap before
{Heap before GC invocations=56 (full 0):
 garbage-first heap   total 160768K, used 72053K [0x0000000081e00000, 0x0000000100000000)
  region size 1024K, 3 young (3072K), 1 survivors (1024K)
 Metaspace       used 32678K, committed 32896K, reserved 1114112K
  class space    used 3960K, committed 4032K, reserved 1048576K
}
Event: 29.825 GC heap after
{Heap after GC invocations=57 (full 0):
 garbage-first heap   total 160768K, used 52598K [0x0000000081e00000, 0x0000000100000000)
  region size 1024K, 1 young (1024K), 1 survivors (1024K)
 Metaspace       used 32678K, committed 32896K, reserved 1114112K
  class space    used 3960K, committed 4032K, reserved 1048576K
}
Event: 30.295 GC heap before
{Heap before GC invocations=57 (full 0):
 garbage-first heap   total 160768K, used 72054K [0x0000000081e00000, 0x0000000100000000)
  region size 1024K, 3 young (3072K), 1 survivors (1024K)
 Metaspace       used 32708K, committed 32896K, reserved 1114112K
  class space    used 3960K, committed 4032K, reserved 1048576K
}
Event: 30.296 GC heap after
{Heap after GC invocations=58 (full 0):
 garbage-first heap   total 160768K, used 52599K [0x0000000081e00000, 0x0000000100000000)
  region size 1024K, 1 young (1024K), 1 survivors (1024K)
 Metaspace       used 32708K, committed 32896K, reserved 1114112K
  class space    used 3960K, committed 4032K, reserved 1048576K
}
Event: 30.696 GC heap before
{Heap before GC invocations=58 (full 0):
 garbage-first heap   total 160768K, used 72055K [0x0000000081e00000, 0x0000000100000000)
  region size 1024K, 3 young (3072K), 1 survivors (1024K)
 Metaspace       used 32718K, committed 32960K, reserved 1114112K
  class space    used 3960K, committed 4032K, reserved 1048576K
}
Event: 30.697 GC heap after
{Heap after GC invocations=59 (full 0):
 garbage-first heap   total 160768K, used 54650K [0x0000000081e00000, 0x0000000100000000)
  region size 1024K, 1 young (1024K), 1 survivors (1024K)
 Metaspace       used 32718K, committed 32960K, reserved 1114112K
  class space    used 3960K, committed 4032K, reserved 1048576K
}

Dll operation events (20 events):
Event: 5.429 Loaded shared library C:\Users\Jay\.javacpp\cache\opencv-3.2.0-1.3-windows-x86_64.jar\org\bytedeco\javacpp\windows-x86_64\opencv_core320.dll
Event: 5.440 Loaded shared library C:\Users\Jay\.javacpp\cache\opencv-3.2.0-1.3-windows-x86_64.jar\org\bytedeco\javacpp\windows-x86_64\opencv_imgproc320.dll
Event: 5.450 Loaded shared library C:\Users\Jay\.javacpp\cache\opencv-3.2.0-1.3-windows-x86_64.jar\org\bytedeco\javacpp\windows-x86_64\jniopencv_core.dll
Event: 5.828 Loaded shared library C:\Users\Jay\.javacpp\cache\opencv-3.2.0-1.3-windows-x86_64.jar\org\bytedeco\javacpp\windows-x86_64\jniopencv_imgproc.dll
Event: 5.877 Loaded shared library C:\Users\Jay\.javacpp\cache\opencv-3.2.0-1.3-windows-x86_64.jar\org\bytedeco\javacpp\windows-x86_64\opencv_imgcodecs320.dll
Event: 5.891 Loaded shared library C:\Users\Jay\.javacpp\cache\opencv-3.2.0-1.3-windows-x86_64.jar\org\bytedeco\javacpp\windows-x86_64\jniopencv_imgcodecs.dll
Event: 6.027 Loaded shared library C:\Users\Jay\.javacpp\cache\opencv-3.2.0-1.3-windows-x86_64.jar\org\bytedeco\javacpp\windows-x86_64\opencv_videoio320.dll
Event: 6.037 Loaded shared library C:\Users\Jay\.javacpp\cache\opencv-3.2.0-1.3-windows-x86_64.jar\org\bytedeco\javacpp\windows-x86_64\jniopencv_videoio.dll
Event: 6.105 Loaded shared library C:\Users\Jay\.javacpp\cache\opencv-3.2.0-1.3-windows-x86_64.jar\org\bytedeco\javacpp\windows-x86_64\opencv_highgui320.dll
Event: 6.113 Loaded shared library C:\Users\Jay\.javacpp\cache\opencv-3.2.0-1.3-windows-x86_64.jar\org\bytedeco\javacpp\windows-x86_64\jniopencv_highgui.dll
Event: 6.154 Loaded shared library C:\Users\Jay\.javacpp\cache\opencv-3.2.0-1.3-windows-x86_64.jar\org\bytedeco\javacpp\windows-x86_64\opencv_ml320.dll
Event: 6.162 Loaded shared library C:\Users\Jay\.javacpp\cache\opencv-3.2.0-1.3-windows-x86_64.jar\org\bytedeco\javacpp\windows-x86_64\jniopencv_ml.dll
Event: 6.253 Loaded shared library C:\Users\Jay\.javacpp\cache\opencv-3.2.0-1.3-windows-x86_64.jar\org\bytedeco\javacpp\windows-x86_64\opencv_objdetect320.dll
Event: 6.309 Loaded shared library C:\Users\Jay\.javacpp\cache\opencv-3.2.0-1.3-windows-x86_64.jar\org\bytedeco\javacpp\windows-x86_64\jniopencv_objdetect.dll
Event: 6.404 Loaded shared library C:\Users\Jay\.javacpp\cache\opencv-3.2.0-1.3-windows-x86_64.jar\org\bytedeco\javacpp\windows-x86_64\opencv_face320.dll
Event: 6.412 Loaded shared library C:\Users\Jay\.javacpp\cache\opencv-3.2.0-1.3-windows-x86_64.jar\org\bytedeco\javacpp\windows-x86_64\jniopencv_face.dll
Event: 7.988 Loaded shared library C:\Windows\System32\ole32.dll
Event: 7.994 Loaded shared library C:\Windows\System32\oleaut32.dll
Event: 8.020 Loaded shared library C:\Users\Jay\.javacpp\cache\videoinput-0.200-1.3-windows-x86_64.jar\org\bytedeco\javacpp\windows-x86_64\jnivideoInputLib.dll
Event: 10.056 Loaded shared library C:\Users\Jay\.p2\pool\plugins\org.eclipse.justj.openjdk.hotspot.jre.full.win32.x86_64_17.0.8.v20230801-1951\jre\bin\awt.dll

Deoptimization events (20 events):
Event: 20.076 Thread 0x000002a041471030 DEOPT PACKING pc=0x000002a02e282608 sp=0x000000f8584fd080
Event: 20.076 Thread 0x000002a041471030 DEOPT UNPACKING pc=0x000002a02dab69a3 sp=0x000000f8584fcc88 mode 2
Event: 20.083 Thread 0x000002a041471030 Uncommon trap: trap_request=0xffffffc6 fr.pc=0x000002a02e269784 relative=0x0000000000000544
Event: 20.083 Thread 0x000002a041471030 Uncommon trap: reason=bimorphic_or_optimized_type_check action=maybe_recompile pc=0x000002a02e269784 method=javafx.beans.property.BooleanPropertyBase.get()Z @ 23 c2
Event: 20.083 Thread 0x000002a041471030 DEOPT PACKING pc=0x000002a02e269784 sp=0x000000f8584fbd40
Event: 20.083 Thread 0x000002a041471030 DEOPT UNPACKING pc=0x000002a02dab69a3 sp=0x000000f8584fbbe0 mode 2
Event: 21.399 Thread 0x000002a022e7d8e0 DEOPT PACKING pc=0x000002a026d92126 sp=0x000000f8582fea20
Event: 21.399 Thread 0x000002a022e7d8e0 DEOPT UNPACKING pc=0x000002a02dab7143 sp=0x000000f8582fded8 mode 0
Event: 27.298 Thread 0x000002a041471030 Uncommon trap: trap_request=0xffffff45 fr.pc=0x000002a02e2b087c relative=0x000000000000097c
Event: 27.298 Thread 0x000002a041471030 Uncommon trap: reason=unstable_if action=reinterpret pc=0x000002a02e2b087c method=javafx.scene.Node.updateBounds()V @ 37 c2
Event: 27.298 Thread 0x000002a041471030 DEOPT PACKING pc=0x000002a02e2b087c sp=0x000000f8584fc3e0
Event: 27.298 Thread 0x000002a041471030 DEOPT UNPACKING pc=0x000002a02dab69a3 sp=0x000000f8584fc3a0 mode 2
Event: 27.308 Thread 0x000002a022e7d8e0 Uncommon trap: trap_request=0xffffff45 fr.pc=0x000002a02e298f0c relative=0x000000000000250c
Event: 27.308 Thread 0x000002a022e7d8e0 Uncommon trap: reason=unstable_if action=reinterpret pc=0x000002a02e298f0c method=com.sun.prism.impl.BaseContext.validateMaskTexture(Lcom/sun/prism/impl/shape/MaskData;Z)Lcom/sun/prism/Texture; @ 114 c2
Event: 27.308 Thread 0x000002a022e7d8e0 DEOPT PACKING pc=0x000002a02e298f0c sp=0x000000f8582fdde0
Event: 27.308 Thread 0x000002a022e7d8e0 DEOPT UNPACKING pc=0x000002a02dab69a3 sp=0x000000f8582fdb30 mode 2
Event: 30.806 Thread 0x000002a041471030 Uncommon trap: trap_request=0xffffff76 fr.pc=0x000002a02e211e18 relative=0x00000000000004d8
Event: 30.806 Thread 0x000002a041471030 Uncommon trap: reason=predicate action=maybe_recompile pc=0x000002a02e211e18 method=java.util.ArrayList.remove(Ljava/lang/Object;)Z @ 42 c2
Event: 30.806 Thread 0x000002a041471030 DEOPT PACKING pc=0x000002a02e211e18 sp=0x000000f8584fca80
Event: 30.806 Thread 0x000002a041471030 DEOPT UNPACKING pc=0x000002a02dab69a3 sp=0x000000f8584fca50 mode 2

Classes unloaded (0 events):
No events

Classes redefined (0 events):
No events

Internal exceptions (20 events):
Event: 5.349 Thread 0x000002a041471030 Exception <a 'java/lang/NoSuchMethodError'{0x00000000842290a8}: 'int java.lang.invoke.DirectMethodHandle$Holder.invokeStaticInit(java.lang.Object, java.lang.Object, java.lang.Object, java.lang.Object)'> (0x00000000842290a8) 
thrown [s\src\hotspot\share\interpreter\linkResolver.cpp, line 759]
Event: 5.351 Thread 0x000002a041471030 Exception <a 'java/lang/NoSuchMethodError'{0x00000000842327f8}: 'java.lang.Object java.lang.invoke.DirectMethodHandle$Holder.invokeInterface(java.lang.Object, java.lang.Object)'> (0x00000000842327f8) 
thrown [s\src\hotspot\share\interpreter\linkResolver.cpp, line 759]
Event: 5.351 Thread 0x000002a041471030 Exception <a 'java/lang/IncompatibleClassChangeError'{0x0000000084236298}: Found class java.lang.Object, but interface was expected> (0x0000000084236298) 
thrown [s\src\hotspot\share\interpreter\linkResolver.cpp, line 826]
Event: 6.996 Thread 0x000002a041471030 Exception <a 'java/lang/NoSuchMethodError'{0x00000000855de2d0}: 'java.lang.Object java.lang.invoke.DirectMethodHandle$Holder.invokeStaticInit(java.lang.Object, int, int, int, int)'> (0x00000000855de2d0) 
thrown [s\src\hotspot\share\interpreter\linkResolver.cpp, line 759]
Event: 7.074 Thread 0x000002a041471030 Exception <a 'java/lang/NoSuchMethodError'{0x000000008544c1a0}: 'java.lang.Object java.lang.invoke.DirectMethodHandle$Holder.invokeStaticInit(java.lang.Object, java.lang.Object, int, int, int, int)'> (0x000000008544c1a0) 
thrown [s\src\hotspot\share\interpreter\linkResolver.cpp, line 759]
Event: 10.077 Thread 0x000002a047780f90 Exception <a 'java/lang/ClassNotFoundException'{0x0000000085204720}: sun/awt/resources/spi/awtProvider> (0x0000000085204720) 
thrown [s\src\hotspot\share\classfile\systemDictionary.cpp, line 256]
Event: 10.082 Thread 0x000002a047780f90 Exception <a 'java/io/FileNotFoundException'{0x0000000085207530}> (0x0000000085207530) 
thrown [s\src\hotspot\share\prims\jni.cpp, line 516]
Event: 10.082 Thread 0x000002a047780f90 Exception <a 'java/io/FileNotFoundException'{0x0000000085208aa0}> (0x0000000085208aa0) 
thrown [s\src\hotspot\share\prims\jni.cpp, line 516]
Event: 10.714 Thread 0x000002a022e7d8e0 Implicit null exception at 0x000002a02e1ed0e0 to 0x000002a02e1ed154
Event: 12.468 Thread 0x000002a041471030 Implicit null exception at 0x000002a02e16868d to 0x000002a02e169234
Event: 12.488 Thread 0x000002a022e7d8e0 Implicit null exception at 0x000002a02e1f34a1 to 0x000002a02e1f3c31
Event: 17.529 Thread 0x000002a04649be50 Exception <a 'sun/nio/fs/WindowsException'{0x000000008b9e09a0}> (0x000000008b9e09a0) 
thrown [s\src\hotspot\share\prims\jni.cpp, line 516]
Event: 17.530 Thread 0x000002a04649be50 Exception <a 'sun/nio/fs/WindowsException'{0x000000008b9e16b0}> (0x000000008b9e16b0) 
thrown [s\src\hotspot\share\prims\jni.cpp, line 516]
Event: 17.531 Thread 0x000002a04649be50 Exception <a 'sun/nio/fs/WindowsException'{0x000000008b9e23c0}> (0x000000008b9e23c0) 
thrown [s\src\hotspot\share\prims\jni.cpp, line 516]
Event: 17.532 Thread 0x000002a04649be50 Exception <a 'sun/nio/fs/WindowsException'{0x000000008b9e30d0}> (0x000000008b9e30d0) 
thrown [s\src\hotspot\share\prims\jni.cpp, line 516]
Event: 17.534 Thread 0x000002a04649be50 Exception <a 'sun/nio/fs/WindowsException'{0x000000008b9e3de0}> (0x000000008b9e3de0) 
thrown [s\src\hotspot\share\prims\jni.cpp, line 516]
Event: 17.539 Thread 0x000002a04777c8b0 Exception <a 'sun/nio/fs/WindowsException'{0x000000008b96cbe8}> (0x000000008b96cbe8) 
thrown [s\src\hotspot\share\prims\jni.cpp, line 516]
Event: 17.929 Thread 0x000002a022e7d8e0 Implicit null exception at 0x000002a02e27a16d to 0x000002a02e27d480
Event: 17.932 Thread 0x000002a022e7d8e0 Implicit null exception at 0x000002a02e1ecd50 to 0x000002a02e1ecdbc
Event: 18.197 Thread 0x000002a041471030 Implicit null exception at 0x000002a02e23c350 to 0x000002a02e23c3b4

VM Operations (20 events):
Event: 27.021 Executing VM operation: G1TryInitiateConcMark
Event: 27.023 Executing VM operation: G1TryInitiateConcMark done
Event: 27.264 Executing VM operation: G1TryInitiateConcMark
Event: 27.265 Executing VM operation: G1TryInitiateConcMark done
Event: 27.609 Executing VM operation: G1TryInitiateConcMark
Event: 27.610 Executing VM operation: G1TryInitiateConcMark done
Event: 28.008 Executing VM operation: G1TryInitiateConcMark
Event: 28.010 Executing VM operation: G1TryInitiateConcMark done
Event: 28.504 Executing VM operation: G1TryInitiateConcMark
Event: 28.505 Executing VM operation: G1TryInitiateConcMark done
Event: 28.927 Executing VM operation: G1TryInitiateConcMark
Event: 28.929 Executing VM operation: G1TryInitiateConcMark done
Event: 29.419 Executing VM operation: G1TryInitiateConcMark
Event: 29.420 Executing VM operation: G1TryInitiateConcMark done
Event: 29.823 Executing VM operation: G1TryInitiateConcMark
Event: 29.825 Executing VM operation: G1TryInitiateConcMark done
Event: 30.295 Executing VM operation: G1TryInitiateConcMark
Event: 30.296 Executing VM operation: G1TryInitiateConcMark done
Event: 30.696 Executing VM operation: G1TryInitiateConcMark
Event: 30.697 Executing VM operation: G1TryInitiateConcMark done

Events (20 events):
Event: 17.938 Thread 0x000002a0416ff7b0 Thread added: 0x000002a0416ff7b0
Event: 17.939 Thread 0x000002a04649a500 Thread added: 0x000002a04649a500
Event: 17.940 Thread 0x000002a047b28de0 Thread added: 0x000002a047b28de0
Event: 17.982 Thread 0x000002a046bccdc0 Thread added: 0x000002a046bccdc0
Event: 18.010 Thread 0x000002a047b2b150 Thread added: 0x000002a047b2b150
Event: 18.048 Thread 0x000002a047b288d0 Thread added: 0x000002a047b288d0
Event: 18.058 Thread 0x000002a047b288d0 Thread exited: 0x000002a047b288d0
Event: 18.061 Thread 0x000002a047b2b150 Thread exited: 0x000002a047b2b150
Event: 18.082 Thread 0x000002a047b2d4c0 Thread added: 0x000002a047b2d4c0
Event: 18.083 Thread 0x000002a047b2d4c0 Thread exited: 0x000002a047b2d4c0
Event: 18.118 Thread 0x000002a047b2b150 Thread added: 0x000002a047b2b150
Event: 18.119 Thread 0x000002a047b2b150 Thread exited: 0x000002a047b2b150
Event: 18.154 Thread 0x000002a047b27490 Thread added: 0x000002a047b27490
Event: 18.154 Thread 0x000002a047b27490 Thread exited: 0x000002a047b27490
Event: 19.299 Thread 0x000002a046bccdc0 Thread exited: 0x000002a046bccdc0
Event: 23.061 Thread 0x000002a0416ff7b0 Thread exited: 0x000002a0416ff7b0
Event: 23.066 Thread 0x000002a04649a500 Thread exited: 0x000002a04649a500
Event: 23.068 Thread 0x000002a0477828e0 Thread exited: 0x000002a0477828e0
Event: 23.068 Thread 0x000002a04777c8b0 Thread exited: 0x000002a04777c8b0
Event: 23.071 Thread 0x000002a047b28de0 Thread exited: 0x000002a047b28de0


Dynamic libraries:
0x00007ff642c60000 - 0x00007ff642c6e000 	C:\Users\Jay\.p2\pool\plugins\org.eclipse.justj.openjdk.hotspot.jre.full.win32.x86_64_17.0.8.v20230801-1951\jre\bin\javaw.exe
0x00007ff822e30000 - 0x00007ff823028000 	C:\WINDOWS\SYSTEM32\ntdll.dll
0x00007ff8229e0000 - 0x00007ff822a9d000 	C:\WINDOWS\System32\KERNEL32.DLL
0x00007ff820a30000 - 0x00007ff820cfe000 	C:\WINDOWS\System32\KERNELBASE.dll
0x00007ff820930000 - 0x00007ff820a30000 	C:\WINDOWS\System32\ucrtbase.dll
0x00007ff81b330000 - 0x00007ff81b347000 	C:\Users\Jay\.p2\pool\plugins\org.eclipse.justj.openjdk.hotspot.jre.full.win32.x86_64_17.0.8.v20230801-1951\jre\bin\jli.dll
0x00007ff81b310000 - 0x00007ff81b329000 	C:\Users\Jay\.p2\pool\plugins\org.eclipse.justj.openjdk.hotspot.jre.full.win32.x86_64_17.0.8.v20230801-1951\jre\bin\VCRUNTIME140.dll
0x00007ff8217a0000 - 0x00007ff821940000 	C:\WINDOWS\System32\USER32.dll
0x00007ff80f830000 - 0x00007ff80faca000 	C:\WINDOWS\WinSxS\amd64_microsoft.windows.common-controls_6595b64144ccf1df_6.0.19041.1110_none_60b5254171f9507e\COMCTL32.dll
0x00007ff820f50000 - 0x00007ff820f72000 	C:\WINDOWS\System32\win32u.dll
0x00007ff821c70000 - 0x00007ff821d0e000 	C:\WINDOWS\System32\msvcrt.dll
0x00007ff821a10000 - 0x00007ff821a3a000 	C:\WINDOWS\System32\GDI32.dll
0x00007ff820d30000 - 0x00007ff820e3b000 	C:\WINDOWS\System32\gdi32full.dll
0x00007ff820e40000 - 0x00007ff820edd000 	C:\WINDOWS\System32\msvcp_win.dll
0x00007ff822c90000 - 0x00007ff822cc0000 	C:\WINDOWS\System32\IMM32.DLL
0x00007ff81c0b0000 - 0x00007ff81c0bc000 	C:\Users\Jay\.p2\pool\plugins\org.eclipse.justj.openjdk.hotspot.jre.full.win32.x86_64_17.0.8.v20230801-1951\jre\bin\vcruntime140_1.dll
0x00007ff819a30000 - 0x00007ff819ac1000 	C:\Users\Jay\.p2\pool\plugins\org.eclipse.justj.openjdk.hotspot.jre.full.win32.x86_64_17.0.8.v20230801-1951\jre\bin\msvcp140.dll
0x00007fffe32c0000 - 0x00007fffe3f0c000 	C:\Users\Jay\.p2\pool\plugins\org.eclipse.justj.openjdk.hotspot.jre.full.win32.x86_64_17.0.8.v20230801-1951\jre\bin\server\jvm.dll
0x00007ff822d40000 - 0x00007ff822dee000 	C:\WINDOWS\System32\ADVAPI32.dll
0x00007ff822bf0000 - 0x00007ff822c8c000 	C:\WINDOWS\System32\sechost.dll
0x00007ff821670000 - 0x00007ff821795000 	C:\WINDOWS\System32\RPCRT4.dll
0x00007ff8204b0000 - 0x00007ff8204fb000 	C:\WINDOWS\SYSTEM32\POWRPROF.dll
0x00007ff818d90000 - 0x00007ff818d99000 	C:\WINDOWS\SYSTEM32\WSOCK32.dll
0x00007ff810280000 - 0x00007ff8102a7000 	C:\WINDOWS\SYSTEM32\WINMM.dll
0x00007ff822cc0000 - 0x00007ff822d2b000 	C:\WINDOWS\System32\WS2_32.dll
0x00007ff80d9d0000 - 0x00007ff80d9da000 	C:\WINDOWS\SYSTEM32\VERSION.dll
0x00007ff820490000 - 0x00007ff8204a2000 	C:\WINDOWS\SYSTEM32\UMPDC.dll
0x00007ff81e530000 - 0x00007ff81e542000 	C:\WINDOWS\SYSTEM32\kernel.appcore.dll
0x00007ff815ce0000 - 0x00007ff815cea000 	C:\Users\Jay\.p2\pool\plugins\org.eclipse.justj.openjdk.hotspot.jre.full.win32.x86_64_17.0.8.v20230801-1951\jre\bin\jimage.dll
0x00007ff80cb20000 - 0x00007ff80cd04000 	C:\WINDOWS\SYSTEM32\DBGHELP.DLL
0x00007ff80caf0000 - 0x00007ff80cb1c000 	C:\WINDOWS\SYSTEM32\dbgcore.DLL
0x00007ff8207f0000 - 0x00007ff820872000 	C:\WINDOWS\System32\bcryptPrimitives.dll
0x00007ff8119b0000 - 0x00007ff8119d5000 	C:\Users\Jay\.p2\pool\plugins\org.eclipse.justj.openjdk.hotspot.jre.full.win32.x86_64_17.0.8.v20230801-1951\jre\bin\java.dll
0x00007ff813230000 - 0x00007ff813248000 	C:\Users\Jay\.p2\pool\plugins\org.eclipse.justj.openjdk.hotspot.jre.full.win32.x86_64_17.0.8.v20230801-1951\jre\bin\zip.dll
0x00007ff822180000 - 0x00007ff8228c3000 	C:\WINDOWS\System32\SHELL32.dll
0x00007ff81e730000 - 0x00007ff81eec5000 	C:\WINDOWS\SYSTEM32\windows.storage.dll
0x00007ff821040000 - 0x00007ff821394000 	C:\WINDOWS\System32\combase.dll
0x00007ff81ffd0000 - 0x00007ff820000000 	C:\WINDOWS\SYSTEM32\Wldp.dll
0x00007ff820f90000 - 0x00007ff82103d000 	C:\WINDOWS\System32\SHCORE.dll
0x00007ff822980000 - 0x00007ff8229d5000 	C:\WINDOWS\System32\shlwapi.dll
0x00007ff820580000 - 0x00007ff82059f000 	C:\WINDOWS\SYSTEM32\profapi.dll
0x00007ff811990000 - 0x00007ff8119a9000 	C:\Users\Jay\.p2\pool\plugins\org.eclipse.justj.openjdk.hotspot.jre.full.win32.x86_64_17.0.8.v20230801-1951\jre\bin\net.dll
0x00007ff814980000 - 0x00007ff814a8a000 	C:\WINDOWS\SYSTEM32\WINHTTP.dll
0x00007ff81fd30000 - 0x00007ff81fd9a000 	C:\WINDOWS\system32\mswsock.dll
0x00007ff811970000 - 0x00007ff811985000 	C:\Users\Jay\.p2\pool\plugins\org.eclipse.justj.openjdk.hotspot.jre.full.win32.x86_64_17.0.8.v20230801-1951\jre\bin\nio.dll
0x000002a022df0000 - 0x000002a022df3000 	C:\javafx-sdk-20.0.2\bin\api-ms-win-core-console-l1-1-0.dll
0x000002a022e00000 - 0x000002a022e03000 	C:\javafx-sdk-20.0.2\bin\api-ms-win-core-console-l1-2-0.dll
0x000002a022e10000 - 0x000002a022e13000 	C:\javafx-sdk-20.0.2\bin\api-ms-win-core-datetime-l1-1-0.dll
0x000002a022e20000 - 0x000002a022e23000 	C:\javafx-sdk-20.0.2\bin\api-ms-win-core-debug-l1-1-0.dll
0x000002a03ca80000 - 0x000002a03ca83000 	C:\javafx-sdk-20.0.2\bin\api-ms-win-core-errorhandling-l1-1-0.dll
0x000002a03ca90000 - 0x000002a03ca94000 	C:\javafx-sdk-20.0.2\bin\api-ms-win-core-file-l1-1-0.dll
0x000002a03caa0000 - 0x000002a03caa3000 	C:\javafx-sdk-20.0.2\bin\api-ms-win-core-file-l1-2-0.dll
0x000002a03cab0000 - 0x000002a03cab3000 	C:\javafx-sdk-20.0.2\bin\api-ms-win-core-file-l2-1-0.dll
0x000002a03cac0000 - 0x000002a03cac3000 	C:\javafx-sdk-20.0.2\bin\api-ms-win-core-handle-l1-1-0.dll
0x000002a03cad0000 - 0x000002a03cad3000 	C:\javafx-sdk-20.0.2\bin\api-ms-win-core-heap-l1-1-0.dll
0x000002a03cae0000 - 0x000002a03cae3000 	C:\javafx-sdk-20.0.2\bin\api-ms-win-core-interlocked-l1-1-0.dll
0x000002a03caf0000 - 0x000002a03caf3000 	C:\javafx-sdk-20.0.2\bin\api-ms-win-core-libraryloader-l1-1-0.dll
0x000002a03cb00000 - 0x000002a03cb03000 	C:\javafx-sdk-20.0.2\bin\api-ms-win-core-localization-l1-2-0.dll
0x000002a03cb10000 - 0x000002a03cb13000 	C:\javafx-sdk-20.0.2\bin\api-ms-win-core-memory-l1-1-0.dll
0x000002a03cb20000 - 0x000002a03cb23000 	C:\javafx-sdk-20.0.2\bin\api-ms-win-core-namedpipe-l1-1-0.dll
0x000002a03cb30000 - 0x000002a03cb33000 	C:\javafx-sdk-20.0.2\bin\api-ms-win-core-processenvironment-l1-1-0.dll
0x000002a03cb40000 - 0x000002a03cb43000 	C:\javafx-sdk-20.0.2\bin\api-ms-win-core-processthreads-l1-1-0.dll
0x000002a03cb50000 - 0x000002a03cb53000 	C:\javafx-sdk-20.0.2\bin\api-ms-win-core-processthreads-l1-1-1.dll
0x000002a03cb60000 - 0x000002a03cb63000 	C:\javafx-sdk-20.0.2\bin\api-ms-win-core-profile-l1-1-0.dll
0x000002a03cb70000 - 0x000002a03cb73000 	C:\javafx-sdk-20.0.2\bin\api-ms-win-core-rtlsupport-l1-1-0.dll
0x000002a03cb80000 - 0x000002a03cb83000 	C:\javafx-sdk-20.0.2\bin\api-ms-win-core-string-l1-1-0.dll
0x000002a03cb90000 - 0x000002a03cb93000 	C:\javafx-sdk-20.0.2\bin\api-ms-win-core-synch-l1-1-0.dll
0x000002a03cba0000 - 0x000002a03cba3000 	C:\javafx-sdk-20.0.2\bin\api-ms-win-core-synch-l1-2-0.dll
0x000002a03cbb0000 - 0x000002a03cbb3000 	C:\javafx-sdk-20.0.2\bin\api-ms-win-core-sysinfo-l1-1-0.dll
0x000002a03cbc0000 - 0x000002a03cbc3000 	C:\javafx-sdk-20.0.2\bin\api-ms-win-core-timezone-l1-1-0.dll
0x000002a03cbd0000 - 0x000002a03cbd3000 	C:\javafx-sdk-20.0.2\bin\api-ms-win-core-util-l1-1-0.dll
0x000002a03cbe0000 - 0x000002a03cbe3000 	C:\javafx-sdk-20.0.2\bin\api-ms-win-crt-conio-l1-1-0.dll
0x000002a03cbf0000 - 0x000002a03cbf4000 	C:\javafx-sdk-20.0.2\bin\api-ms-win-crt-convert-l1-1-0.dll
0x000002a03cc00000 - 0x000002a03cc03000 	C:\javafx-sdk-20.0.2\bin\api-ms-win-crt-environment-l1-1-0.dll
0x000002a03cc10000 - 0x000002a03cc13000 	C:\javafx-sdk-20.0.2\bin\api-ms-win-crt-filesystem-l1-1-0.dll
0x000002a03cc20000 - 0x000002a03cc23000 	C:\javafx-sdk-20.0.2\bin\api-ms-win-crt-heap-l1-1-0.dll
0x000002a03cc30000 - 0x000002a03cc33000 	C:\javafx-sdk-20.0.2\bin\api-ms-win-crt-locale-l1-1-0.dll
0x000002a03cc40000 - 0x000002a03cc45000 	C:\javafx-sdk-20.0.2\bin\api-ms-win-crt-math-l1-1-0.dll
0x000002a03cc50000 - 0x000002a03cc55000 	C:\javafx-sdk-20.0.2\bin\api-ms-win-crt-multibyte-l1-1-0.dll
0x000002a03cc60000 - 0x000002a03cc70000 	C:\javafx-sdk-20.0.2\bin\api-ms-win-crt-private-l1-1-0.dll
0x000002a03cc70000 - 0x000002a03cc73000 	C:\javafx-sdk-20.0.2\bin\api-ms-win-crt-process-l1-1-0.dll
0x000002a03cc80000 - 0x000002a03cc84000 	C:\javafx-sdk-20.0.2\bin\api-ms-win-crt-runtime-l1-1-0.dll
0x000002a03cc90000 - 0x000002a03cc94000 	C:\javafx-sdk-20.0.2\bin\api-ms-win-crt-stdio-l1-1-0.dll
0x000002a03cca0000 - 0x000002a03cca4000 	C:\javafx-sdk-20.0.2\bin\api-ms-win-crt-string-l1-1-0.dll
0x000002a03ccb0000 - 0x000002a03ccb3000 	C:\javafx-sdk-20.0.2\bin\api-ms-win-crt-time-l1-1-0.dll
0x000002a03ccc0000 - 0x000002a03ccc3000 	C:\javafx-sdk-20.0.2\bin\api-ms-win-crt-utility-l1-1-0.dll
0x00007ffff8dc0000 - 0x00007ffff8ebc000 	C:\javafx-sdk-20.0.2\bin\ucrtbase.dll
0x00007ff819d50000 - 0x00007ff819d6b000 	C:\javafx-sdk-20.0.2\bin\vcruntime140.dll
0x00007ff81b6a0000 - 0x00007ff81b6ac000 	C:\javafx-sdk-20.0.2\bin\vcruntime140_1.dll
0x00007ff806010000 - 0x00007ff80609e000 	C:\javafx-sdk-20.0.2\bin\msvcp140.dll
0x00007ff819d30000 - 0x00007ff819d39000 	C:\javafx-sdk-20.0.2\bin\msvcp140_1.dll
0x00007ff819b50000 - 0x00007ff819b80000 	C:\javafx-sdk-20.0.2\bin\msvcp140_2.dll
0x00007ff819480000 - 0x00007ff8194af000 	C:\javafx-sdk-20.0.2\bin\prism_d3d.dll
0x00007fffeeb60000 - 0x00007fffeed2f000 	C:\WINDOWS\system32\d3d9.dll
0x00007ff81e320000 - 0x00007ff81e34f000 	C:\WINDOWS\SYSTEM32\dwmapi.dll
0x00007ff81e050000 - 0x00007ff81e0ee000 	C:\WINDOWS\system32\uxtheme.dll
0x00007ff821940000 - 0x00007ff821a0d000 	C:\WINDOWS\System32\OLEAUT32.dll
0x00007ff822ac0000 - 0x00007ff822bea000 	C:\WINDOWS\System32\ole32.dll
0x00007ff821d10000 - 0x00007ff82217f000 	C:\WINDOWS\System32\SETUPAPI.dll
0x00007ff8207a0000 - 0x00007ff8207ee000 	C:\WINDOWS\System32\cfgmgr32.dll
0x00007ff820d00000 - 0x00007ff820d27000 	C:\WINDOWS\System32\bcrypt.dll
0x00007ff817120000 - 0x00007ff817162000 	C:\javafx-sdk-20.0.2\bin\glass.dll
0x00007ff821410000 - 0x00007ff8214ea000 	C:\WINDOWS\System32\COMDLG32.dll
0x00007ff821550000 - 0x00007ff821665000 	C:\WINDOWS\System32\MSCTF.dll
0x00007ff81b5a0000 - 0x00007ff81b5db000 	C:\WINDOWS\SYSTEM32\dxcore.dll
0x00007ff819460000 - 0x00007ff819474000 	C:\javafx-sdk-20.0.2\bin\javafx_font.dll
0x00007ff817d80000 - 0x00007ff817dad000 	C:\javafx-sdk-20.0.2\bin\javafx_iio.dll
0x00007ff816d50000 - 0x00007ff816fcf000 	C:\WINDOWS\SYSTEM32\dwrite.dll
0x00007ff8228d0000 - 0x00007ff822979000 	C:\WINDOWS\System32\clbcatq.dll
0x00007ff819160000 - 0x00007ff819314000 	C:\WINDOWS\SYSTEM32\WindowsCodecs.dll
0x00007ff8074a0000 - 0x00007ff8074de000 	C:\WINDOWS\system32\dataexchange.dll
0x00007ff81c7a0000 - 0x00007ff81ca03000 	C:\WINDOWS\system32\d3d11.dll
0x00007ff81ca10000 - 0x00007ff81cbf4000 	C:\WINDOWS\system32\dcomp.dll
0x00007ff81ef30000 - 0x00007ff81f023000 	C:\WINDOWS\system32\dxgi.dll
0x00007ff818de0000 - 0x00007ff818fe0000 	C:\WINDOWS\system32\twinapi.appcore.dll
0x00007ff819840000 - 0x00007ff819939000 	C:\WINDOWS\SYSTEM32\textinputframework.dll
0x00007ff81d1c0000 - 0x00007ff81d51e000 	C:\WINDOWS\System32\CoreUIComponents.dll
0x00007ff81d8a0000 - 0x00007ff81d992000 	C:\WINDOWS\System32\CoreMessaging.dll
0x00007ff81f340000 - 0x00007ff81f373000 	C:\WINDOWS\SYSTEM32\ntmarta.dll
0x00007ff81c640000 - 0x00007ff81c794000 	C:\WINDOWS\SYSTEM32\wintypes.dll
0x00007ff8128c0000 - 0x00007ff812926000 	C:\WINDOWS\system32\Oleacc.dll
0x00007ffff7310000 - 0x00007ffff73ff000 	C:\Users\Jay\.javacpp\cache\opencv-3.2.0-1.3-windows-x86_64.jar\org\bytedeco\javacpp\windows-x86_64\msvcr120.dll
0x00007ffff7260000 - 0x00007ffff7306000 	C:\Users\Jay\.javacpp\cache\opencv-3.2.0-1.3-windows-x86_64.jar\org\bytedeco\javacpp\windows-x86_64\msvcp120.dll
0x00007fffee8d0000 - 0x00007fffeeb58000 	C:\Users\Jay\.javacpp\cache\opencv-3.2.0-1.3-windows-x86_64.jar\org\bytedeco\javacpp\windows-x86_64\opencv_core320.dll
0x00007fffee230000 - 0x00007fffee592000 	C:\Users\Jay\.javacpp\cache\opencv-3.2.0-1.3-windows-x86_64.jar\org\bytedeco\javacpp\windows-x86_64\opencv_imgproc320.dll
0x00007fffee680000 - 0x00007fffee8ca000 	C:\Users\Jay\.javacpp\cache\opencv-3.2.0-1.3-windows-x86_64.jar\org\bytedeco\javacpp\windows-x86_64\jniopencv_core.dll
0x00007ff820f80000 - 0x00007ff820f88000 	C:\WINDOWS\System32\PSAPI.DLL
0x00007ffff0a70000 - 0x00007ffff0b60000 	C:\Users\Jay\.javacpp\cache\opencv-3.2.0-1.3-windows-x86_64.jar\org\bytedeco\javacpp\windows-x86_64\jniopencv_imgproc.dll

dbghelp: loaded successfully - version: 4.0.5 - missing functions: none
symbol engine: initialized successfully - sym options: 0x614 - pdb path: .;C:\Users\Jay\.p2\pool\plugins\org.eclipse.justj.openjdk.hotspot.jre.full.win32.x86_64_17.0.8.v20230801-1951\jre\bin;C:\WINDOWS\SYSTEM32;C:\WINDOWS\WinSxS\amd64_microsoft.windows.common-controls_6595b64144ccf1df_6.0.19041.1110_none_60b5254171f9507e;C:\Users\Jay\.p2\pool\plugins\org.eclipse.justj.openjdk.hotspot.jre.full.win32.x86_64_17.0.8.v20230801-1951\jre\bin\server;C:\javafx-sdk-20.0.2\bin;C:\WINDOWS\System32\DriverStore\FileRepository\igdlh64.inf_amd64_82119d956c80af5a;C:\Program Files\Common Files\Microsoft Shared\Ink;C:\Users\Jay\.javacpp\cache\opencv-3.2.0-1.3-windows-x86_64.jar\org\bytedeco\javacpp\windows-x86_64;C:\Users\Jay\.javacpp\cache\videoinput-0.200-1.3-windows-x86_64.jar\org\bytedeco\javacpp\windows-x86_64;C:\WINDOWS\WinSxS\amd64_microsoft.windows.gdiplus_6595b64144ccf1df_1.1.19041.2006_none_919e9136cc8d4791;C:\Program Files (x86)\DroidCam\lib

VM Arguments:
jvm_args: --module-path=C:\javafx-sdk-20.0.2\lib --add-modules=javafx.controls,javafx.fxml -Dfile.encoding=UTF-8 -XX:+ShowCodeDetailsInExceptionMessages 
java_command: application.Main
java_class_path (initial): C:\Users\Jay\Desktop\facebio\Facebioreg\target\classes;C:\Users\Jay\Desktop\javafx-sdk-20.0.2\lib\javafx-swt.jar;C:\Users\Jay\Desktop\javafx-sdk-20.0.2\lib\javafx.base.jar;C:\Users\Jay\Desktop\javafx-sdk-20.0.2\lib\javafx.controls.jar;C:\Users\Jay\Desktop\javafx-sdk-20.0.2\lib\javafx.fxml.jar;C:\Users\Jay\Desktop\javafx-sdk-20.0.2\lib\javafx.graphics.jar;C:\Users\Jay\Desktop\javafx-sdk-20.0.2\lib\javafx.media.jar;C:\Users\Jay\Desktop\javafx-sdk-20.0.2\lib\javafx.swing.jar;C:\Users\Jay\Desktop\javafx-sdk-20.0.2\lib\javafx.web.jar;C:\Users\Jay\.p2\pool\plugins\org.eclipse.fx.ide.css.jfx8_3.8.0.202204150904.jar;C:\Users\Jay\Desktop\facebio\Facebioreg\opencv-341.jar;C:\Users\Jay\.m2\repository\org\bytedeco\javacv-platform\1.3.2\javacv-platform-1.3.2.jar;C:\Users\Jay\.m2\repository\org\bytedeco\javacv\1.3.2\javacv-1.3.2.jar;C:\Users\Jay\.m2\repository\org\bytedeco\javacpp\1.3.2\javacpp-1.3.2.jar;C:\Users\Jay\.m2\repository\org\bytedeco\javacpp-presets\opencv\3.2.0-1.3\opencv-3.2.0-1.3.jar;C:\Users\Jay\.m2\repository\org\bytedeco\javacpp-presets\ffmpeg\3.2.1-1.3\ffmpeg-3.2.1-1.3.jar;C:\Users\Jay\.m2\repository\org\bytedeco\javacpp-presets\flycapture\2.9.3.43-1.3\flycapture-2.9.3.43-1.3.jar;C:\Users\Jay\.m2\repository\org\bytedeco\javacpp-presets\libdc1394\2.2.4-1.3\libdc1394-2.2.4-1.3.jar;C:\Users\Jay\.m2\repository\org\bytedeco\javacpp-presets\libfreenect\0.5.3-1.3\libfreenect-0.5.3-1.3.jar;C:\Users\Jay\.m2\repository\org\bytedeco\javacpp-presets\libfreenect2\0.2.0-1.3\libfreenect2-0.2.0-1.3.jar;C:\Users\Jay\.m2\repository\org\bytedeco\javacpp-presets\librealsense\1.9.6-1.3\librealsense-1.9.6-1.3.jar;C:\Users\Jay\.m2\repository\org\bytedeco\javacpp-presets\videoinput\0.200-1.3\videoinput-0.200-1.3.jar;C:\Users\Jay\.m2\repository\org\bytedeco\javacpp-presets\artoolkitplus\2.3.1-1.3\artoolkitplus-2.3.1-1.3.jar;C:\Users\Jay\.m2\repository\org\bytedeco\javacpp-presets\flandmark\1.07-1.3\flandmark-1.07-1.3.jar;C:\Users\Jay\.m2\repository\org\byted
Launcher Type: SUN_STANDARD

[Global flags]
     intx CICompilerCount                          = 3                                         {product} {ergonomic}
     uint ConcGCThreads                            = 1                                         {product} {ergonomic}
     uint G1ConcRefinementThreads                  = 4                                         {product} {ergonomic}
   size_t G1HeapRegionSize                         = 1048576                                   {product} {ergonomic}
    uintx GCDrainStackTargetSize                   = 64                                        {product} {ergonomic}
   size_t InitialHeapSize                          = 134217728                                 {product} {ergonomic}
   size_t MarkStackSize                            = 4194304                                   {product} {ergonomic}
   size_t MaxHeapSize                              = 2116026368                                {product} {ergonomic}
   size_t MaxNewSize                               = 1268776960                                {product} {ergonomic}
   size_t MinHeapDeltaBytes                        = 1048576                                   {product} {ergonomic}
   size_t MinHeapSize                              = 8388608                                   {product} {ergonomic}
    uintx NonNMethodCodeHeapSize                   = 5832780                                {pd product} {ergonomic}
    uintx NonProfiledCodeHeapSize                  = 122912730                              {pd product} {ergonomic}
    uintx ProfiledCodeHeapSize                     = 122912730                              {pd product} {ergonomic}
    uintx ReservedCodeCacheSize                    = 251658240                              {pd product} {ergonomic}
     bool SegmentedCodeCache                       = true                                      {product} {ergonomic}
     bool ShowCodeDetailsInExceptionMessages       = true                                   {manageable} {command line}
   size_t SoftMaxHeapSize                          = 2116026368                             {manageable} {ergonomic}
     bool UseCompressedClassPointers               = true                           {product lp64_product} {ergonomic}
     bool UseCompressedOops                        = true                           {product lp64_product} {ergonomic}
     bool UseG1GC                                  = true                                      {product} {ergonomic}
     bool UseLargePagesIndividualAllocation        = false                                  {pd product} {ergonomic}

Logging:
Log output configuration:
 #0: stdout all=warning uptime,level,tags
 #1: stderr all=off uptime,level,tags

Environment Variables:
CLASSPATH=.;.;C:\PROGRA~2\JMF21~1.1E\lib\sound.jar;C:\PROGRA~2\JMF21~1.1E\lib\jmf.jar;C:\PROGRA~2\JMF21~1.1E\lib;
PATH=C:/Users/Jay/.p2/pool/plugins/org.eclipse.justj.openjdk.hotspot.jre.full.win32.x86_64_17.0.8.v20230801-1951/jre/bin/server;C:/Users/Jay/.p2/pool/plugins/org.eclipse.justj.openjdk.hotspot.jre.full.win32.x86_64_17.0.8.v20230801-1951/jre/bin;C:\Program Files\Common Files\Oracle\Java\javapath;C:\WINDOWS\system32;C:\WINDOWS;C:\WINDOWS\System32\Wbem;C:\WINDOWS\System32\WindowsPowerShell\v1.0\;C:\Program Files\nodejs\;C:\Program Files\Git\cmd;C:\xampp\php;C:\composer;C:\WINDOWS\System32\OpenSSH\;C:\Program Files\Microsoft SQL Server\150\Tools\Binn\;C:\Program Files\Microsoft SQL Server\Client SDK\ODBC\170\Tools\Binn\;C:\Program Files\dotnet\;C:\Program Files\PowerShell\7\;C:\Users\Jay\.console-ninja\.bin;C:\Users\Jay\AppData\Roaming\npm;C:\Users\Jay\AppData\Local\Programs\Microsoft VS Code\bin;C:\Users\Jay\AppData\Roaming\Composer\vendor\bin;C:\Users\Jay\AppData\Local\Microsoft\WindowsApps;C:\Users\Jay\.dotnet\tools;C:\Users\Jay\.fly\bin;C:\WINDOWS\system32;
USERNAME=Jay
OS=Windows_NT
PROCESSOR_IDENTIFIER=Intel64 Family 6 Model 78 Stepping 3, GenuineIntel
TMP=C:\Users\Jay\AppData\Local\Temp
TEMP=C:\Users\Jay\AppData\Local\Temp



---------------  S Y S T E M  ---------------

OS:
 Windows 10 , 64 bit Build 19041 (10.0.19041.1889)
OS uptime: 3 days 5:13 hours

CPU: total 4 (initial active 4) (2 cores per cpu, 2 threads per core) family 6 model 78 stepping 3 microcode 0xcc, cx8, cmov, fxsr, ht, mmx, 3dnowpref, sse, sse2, sse3, ssse3, sse4.1, sse4.2, popcnt, lzcnt, tsc, tscinvbit, avx, avx2, aes, erms, clmul, bmi1, bmi2, adx, fma, vzeroupper, clflush, clflushopt
Processor Information for all 4 processors :
  Max Mhz: 2000, Current Mhz: 2000, Mhz Limit: 2000

Memory: 4k page, system-wide physical 8065M (2724M free)
TotalPageFile size 13387M (AvailPageFile size 4642M)
current process WorkingSet (physical memory assigned to process): 340M, peak: 398M
current process commit charge ("private bytes"): 403M, peak: 474M

vm_info: OpenJDK 64-Bit Server VM (17.0.8+7) for windows-amd64 JRE (17.0.8+7), built on Jul 18 2023 21:02:32 by "admin" with MS VC++ 16.7 (VS2019)

END.
