#
# A fatal error has been detected by the Java Runtime Environment:
#
#  EXCEPTION_ACCESS_VIOLATION (0xc0000005) at pc=0x00007ff822e93466, pid=2200, tid=13684
#
# JRE version: OpenJDK Runtime Environment Temurin-17.0.8+7 (17.0.8+7) (build 17.0.8+7)
# Java VM: OpenJDK 64-Bit Server VM Temurin-17.0.8+7 (17.0.8+7, mixed mode, tiered, compressed oops, compressed class ptrs, g1 gc, windows-amd64)
# Problematic frame:
# C  [ntdll.dll+0x63466]
#
# No core dump will be written. Minidumps are not enabled by default on client versions of Windows
#
# If you would like to submit a bug report, please visit:
#   https://github.com/adoptium/adoptium-support/issues
# The crash happened outside the Java Virtual Machine in native code.
# See problematic frame for where to report the bug.
#

---------------  S U M M A R Y ------------

Command Line: --module-path=C:\javafx-sdk-20.0.2\lib --add-modules=javafx.controls,javafx.fxml -Dfile.encoding=UTF-8 -XX:+ShowCodeDetailsInExceptionMessages application.Main

Host: Intel(R) Core(TM) i3-6006U CPU @ 2.00GHz, 4 cores, 7G,  Windows 10 , 64 bit Build 19041 (10.0.19041.1889)
Time: Fri Sep 15 23:14:50 2023 Coordinated Universal Time elapsed time: 15.652842 seconds (0d 0h 0m 15s)

---------------  T H R E A D  ---------------

Current thread (0x00000269c15339a0):  JavaThread "Thread-6" [_thread_in_native, id=13684, stack(0x0000007f90200000,0x0000007f90300000)]

Stack: [0x0000007f90200000,0x0000007f90300000],  sp=0x0000007f902feb40,  free space=1018k
Native frames: (J=compiled Java code, j=interpreted, Vv=VM code, C=native code)
C  [ntdll.dll+0x63466]
C  [ntdll.dll+0x2fcb4]
C  [ntdll.dll+0x2fae2]
C  0x00007ffff0ab2be7

Java frames: (J=compiled Java code, j=interpreted, Vv=VM code)
j  org.bytedeco.javacpp.opencv_videoio$VideoCapture.retrieve(Lorg/bytedeco/javacpp/opencv_core$Mat;)Z+0
j  org.bytedeco.javacv.OpenCVFrameGrabber.grab()Lorg/bytedeco/javacv/Frame;+8
j  application.FaceDetector.run()V+988
j  java.lang.Thread.run()V+11 java.base@17.0.8
v  ~StubRoutines::call_stub

siginfo: EXCEPTION_ACCESS_VIOLATION (0xc0000005), reading address 0xffffffffffffffff


Register to memory mapping:

RIP=0x00007ff822e93466 ntdll.dll
RAX=0x006f0069006e006a is an unknown value
RBX=0x00000269c6644b68 points into unknown readable memory: 0x006f0069006e006a | 6a 00 6e 00 69 00 6f 00
RCX=0x00000269c6644b68 points into unknown readable memory: 0x006f0069006e006a | 6a 00 6e 00 69 00 6f 00
RDX=0x000000000065006a is an unknown value
RSP=0x0000007f902feb40 is pointing into the stack for thread: 0x00000269c15339a0
RBP=0x0 is NULL
RSI=0x0 is NULL
RDI=0x0 is NULL
R8 =0x0 is NULL
R9 =0x00000269c6644b00 points into unknown readable memory: 0x0000000000000000 | 00 00 00 00 00 00 00 00
R10=0x0 is NULL
R11=0x0000000000000246 is an unknown value
R12=0x0 is NULL
R13=0x0000007f8cdf4000 points into unknown readable memory: 0x0000000000000000 | 00 00 00 00 00 00 00 00
R14=0x0000000000000001 is an unknown value
R15=0x0 is NULL


Registers:
RAX=0x006f0069006e006a, RBX=0x00000269c6644b68, RCX=0x00000269c6644b68, RDX=0x000000000065006a
RSP=0x0000007f902feb40, RBP=0x0000000000000000, RSI=0x0000000000000000, RDI=0x0000000000000000
R8 =0x0000000000000000, R9 =0x00000269c6644b00, R10=0x0000000000000000, R11=0x0000000000000246
R12=0x0000000000000000, R13=0x0000007f8cdf4000, R14=0x0000000000000001, R15=0x0000000000000000
RIP=0x00007ff822e93466, EFLAGS=0x0000000000010213

Top of Stack: (sp=0x0000007f902feb40)
0x0000007f902feb40:   000000000000000c 0000007ffe08e117
0x0000007f902feb50:   00000269ccb80000 00000269ccb80070
0x0000007f902feb60:   0000000000000000 0000000000000000
0x0000007f902feb70:   000000000000e102 00007ff822e4e3ad
0x0000007f902feb80:   000002699fc30000 0000007f0065006a
0x0000007f902feb90:   0000007f8cdf4000 00000269ccb80070
0x0000007f902feba0:   0000000000000006 00000269c15339a0
0x0000007f902febb0:   00000269bc655de9 0000007f902fec00
0x0000007f902febc0:   0000007f902fec38 00000269acab9600
0x0000007f902febd0:   00007e729859a8bc 0000000000000000
0x0000007f902febe0:   00000269c1533900 0000000000000001
0x0000007f902febf0:   0000000000000001 0000000000000001
0x0000007f902fec00:   00000000006c006c 00000269c6644b68
0x0000007f902fec10:   0000000000000000 00007ff822e5fcb4
0x0000007f902fec20:   0000000000000000 0000000000000001
0x0000007f902fec30:   000000000065006a ffffffffff676980 

Instructions: (pc=0x00007ff822e93466)
0x00007ff822e93366:   20 e9 ed fe ff ff 48 89 41 18 e9 e4 fe ff ff cc
0x00007ff822e93376:   cc cc cc cc cc cc cc cc cc cc 80 3d 81 91 10 00
0x00007ff822e93386:   00 0f 95 c0 c3 cc cc cc cc cc cc cc cc cc cc cc
0x00007ff822e93396:   cc cc cc cc cc cc cc cc cc cc 48 83 ec 38 8b 05
0x00007ff822e933a6:   82 77 10 00 89 44 24 20 e8 41 02 00 00 48 83 c4
0x00007ff822e933b6:   38 c3 cc cc cc cc cc cc cc cc 48 89 5c 24 18 55
0x00007ff822e933c6:   56 57 41 54 41 55 41 56 41 57 48 81 ec a0 00 00
0x00007ff822e933d6:   00 48 8b 05 32 11 12 00 48 33 c4 48 89 84 24 90
0x00007ff822e933e6:   00 00 00 65 4c 8b 2c 25 30 00 00 00 48 8d 05 cf
0x00007ff822e933f6:   31 10 00 40 32 ed 89 54 24 48 33 f6 40 88 6c 24
0x00007ff822e93406:   40 4c 89 6c 24 50 48 8b d9 44 8b e6 48 3b c8 0f
0x00007ff822e93416:   84 39 01 00 00 40 38 35 e6 90 10 00 0f 85 a8 01
0x00007ff822e93426:   00 00 39 35 fa 90 10 00 0f 85 6a 01 00 00 40 38
0x00007ff822e93436:   35 bd 8b 10 00 48 8d 3d be 8b 10 00 48 0f 45 fe
0x00007ff822e93446:   48 39 73 18 0f 84 d2 00 00 00 48 8b 03 48 83 f8
0x00007ff822e93456:   ff 0f 84 d2 00 00 00 44 8b fe 48 83 f8 ff 74 03
0x00007ff822e93466:   ff 40 24 4c 8b 73 18 4c 8d 2d 54 31 10 00 bd 22
0x00007ff822e93476:   17 00 00 e8 d2 13 fc ff 85 c0 0f 85 ee b4 05 00
0x00007ff822e93486:   b9 82 03 fe 7f 80 39 00 0f 85 fc b4 05 00 49 83
0x00007ff822e93496:   fe ff 0f 85 8a b5 05 00 4c 8b cf c7 44 24 20 00
0x00007ff822e934a6:   00 00 00 41 b8 04 00 00 00 48 8d 54 24 48 48 8d
0x00007ff822e934b6:   4b 08 e8 37 01 00 00 3d 02 01 00 00 0f 84 73 b5
0x00007ff822e934c6:   05 00 8b 4b 08 89 4c 24 48 f6 c1 02 75 ca 3d 02
0x00007ff822e934d6:   01 00 00 0f 84 5c b5 05 00 0f b6 6c 24 40 4c 8b
0x00007ff822e934e6:   6c 24 50 85 c0 0f 88 a8 b6 05 00 40 84 ed 75 73
0x00007ff822e934f6:   48 8b 8c 24 90 00 00 00 48 33 cc e8 7a 8d 02 00
0x00007ff822e93506:   48 8b 9c 24 f0 00 00 00 48 81 c4 a0 00 00 00 41
0x00007ff822e93516:   5f 41 5e 41 5d 41 5c 5f 5e 5d c3 cc 48 8b cb e8
0x00007ff822e93526:   56 05 00 00 e9 21 ff ff ff 8b 4b 20 48 c7 c0 ff
0x00007ff822e93536:   ff ff ff 48 0f ba e1 18 0f 82 19 ff ff ff 48 8b
0x00007ff822e93546:   cb e8 f4 e2 fa ff 48 8b 03 e9 09 ff ff ff c6 44
0x00007ff822e93556:   24 40 01 41 c7 85 60 17 00 00 01 00 00 00 e9 b2 


Stack slot to memory mapping:
stack at sp + 0 slots: 0x000000000000000c is an unknown value
stack at sp + 1 slots: 0x0000007ffe08e117 is an unknown value
stack at sp + 2 slots: 0x00000269ccb80000 points into unknown readable memory: 0x0000000000000000 | 00 00 00 00 00 00 00 00
stack at sp + 3 slots: 0x00000269ccb80070 points into unknown readable memory: 0x0000000000000000 | 00 00 00 00 00 00 00 00
stack at sp + 4 slots: 0x0 is NULL
stack at sp + 5 slots: 0x0 is NULL
stack at sp + 6 slots: 0x000000000000e102 is an unknown value
stack at sp + 7 slots: 0x00007ff822e4e3ad ntdll.dll


---------------  P R O C E S S  ---------------

Threads class SMR info:
_java_thread_list=0x00000269c1701bb0, length=25, elements={
0x00000269bb5ce3e0, 0x00000269bb5d0560, 0x00000269bb5f01a0, 0x00000269bb5f0a70,
0x00000269bb5f1340, 0x00000269bb6007a0, 0x00000269bb611dd0, 0x00000269bb6146f0,
0x00000269bb6153f0, 0x00000269bb538770, 0x00000269c02c4fa0, 0x00000269c0131bc0,
0x00000269c0593750, 0x00000269c0592d30, 0x00000269c0593240, 0x00000269c0595ac0,
0x00000269c0595fd0, 0x00000269c1531120, 0x00000269c152de80, 0x00000269c152d970,
0x00000269c152e390, 0x00000269c15339a0, 0x00000269c1530c10, 0x00000269c64c9f20,
0x00000269c64ca430
}

Java Threads: ( => current thread )
  0x00000269bb5ce3e0 JavaThread "Reference Handler" daemon [_thread_blocked, id=12616, stack(0x0000007f8d900000,0x0000007f8da00000)]
  0x00000269bb5d0560 JavaThread "Finalizer" daemon [_thread_blocked, id=14256, stack(0x0000007f8da00000,0x0000007f8db00000)]
  0x00000269bb5f01a0 JavaThread "Signal Dispatcher" daemon [_thread_blocked, id=13548, stack(0x0000007f8db00000,0x0000007f8dc00000)]
  0x00000269bb5f0a70 JavaThread "Attach Listener" daemon [_thread_blocked, id=604, stack(0x0000007f8dc00000,0x0000007f8dd00000)]
  0x00000269bb5f1340 JavaThread "Service Thread" daemon [_thread_blocked, id=3912, stack(0x0000007f8dd00000,0x0000007f8de00000)]
  0x00000269bb6007a0 JavaThread "Monitor Deflation Thread" daemon [_thread_blocked, id=10484, stack(0x0000007f8de00000,0x0000007f8df00000)]
  0x00000269bb611dd0 JavaThread "C2 CompilerThread0" daemon [_thread_blocked, id=6488, stack(0x0000007f8df00000,0x0000007f8e000000)]
  0x00000269bb6146f0 JavaThread "C1 CompilerThread0" daemon [_thread_blocked, id=13472, stack(0x0000007f8e000000,0x0000007f8e100000)]
  0x00000269bb6153f0 JavaThread "Sweeper thread" daemon [_thread_blocked, id=2264, stack(0x0000007f8e100000,0x0000007f8e200000)]
  0x00000269bb538770 JavaThread "Common-Cleaner" daemon [_thread_blocked, id=13384, stack(0x0000007f8e200000,0x0000007f8e300000)]
  0x00000269c02c4fa0 JavaThread "Notification Thread" daemon [_thread_blocked, id=12844, stack(0x0000007f8e400000,0x0000007f8e500000)]
  0x00000269c0131bc0 JavaThread "InvokeLaterDispatcher" daemon [_thread_blocked, id=4204, stack(0x0000007f8e700000,0x0000007f8e800000)]
  0x00000269c0593750 JavaThread "Thread-1" daemon [_thread_in_native, id=12696, stack(0x0000007f8ef00000,0x0000007f8f000000)]
  0x00000269c0592d30 JavaThread "ForkJoinPool.commonPool-worker-1" daemon [_thread_blocked, id=13712, stack(0x0000007f8f100000,0x0000007f8f200000)]
  0x00000269c0593240 JavaThread "FileSystemWatchService" daemon [_thread_in_native, id=784, stack(0x0000007f8f200000,0x0000007f8f300000)]
  0x00000269c0595ac0 JavaThread "Thread-3" daemon [_thread_blocked, id=3624, stack(0x0000007f8f300000,0x0000007f8f400000)]
  0x00000269c0595fd0 JavaThread "FileSystemWatchService" daemon [_thread_in_native, id=5376, stack(0x0000007f8f400000,0x0000007f8f500000)]
  0x00000269c1531120 JavaThread "Thread-4" daemon [_thread_blocked, id=13748, stack(0x0000007f8f500000,0x0000007f8f600000)]
  0x00000269c152de80 JavaThread "Prism Font Disposer" daemon [_thread_blocked, id=464, stack(0x0000007f8f900000,0x0000007f8fa00000)]
  0x00000269c152d970 JavaThread "Cleaner-0" daemon [_thread_blocked, id=13020, stack(0x0000007f8fa00000,0x0000007f8fb00000)]
  0x00000269c152e390 JavaThread "JavaCPP Deallocator" daemon [_thread_blocked, id=8344, stack(0x0000007f8e300000,0x0000007f8e400000)]
=>0x00000269c15339a0 JavaThread "Thread-6" [_thread_in_native, id=13684, stack(0x0000007f90200000,0x0000007f90300000)]
  0x00000269c1530c10 JavaThread "pool-2-thread-1" [_thread_blocked, id=12816, stack(0x0000007f90400000,0x0000007f90500000)]
  0x00000269c64c9f20 JavaThread "Java2D Disposer" daemon [_thread_blocked, id=8368, stack(0x0000007f90600000,0x0000007f90700000)]
  0x00000269c64ca430 JavaThread "DestroyJavaVM" [_thread_blocked, id=12416, stack(0x0000007f8d200000,0x0000007f8d300000)]

Other Threads:
  0x00000269bb5ac0f0 VMThread "VM Thread" [stack: 0x0000007f8d800000,0x0000007f8d900000] [id=13420]
  0x00000269c0021850 WatcherThread [stack: 0x0000007f8e500000,0x0000007f8e600000] [id=5956]
  0x00000269a1f25460 GCTaskThread "GC Thread#0" [stack: 0x0000007f8d300000,0x0000007f8d400000] [id=7268]
  0x00000269c05dbb60 GCTaskThread "GC Thread#1" [stack: 0x0000007f8ec00000,0x0000007f8ed00000] [id=12188]
  0x00000269c05ed3f0 GCTaskThread "GC Thread#2" [stack: 0x0000007f8ed00000,0x0000007f8ee00000] [id=13884]
  0x00000269c05c09f0 GCTaskThread "GC Thread#3" [stack: 0x0000007f8ee00000,0x0000007f8ef00000] [id=10216]
  0x00000269a1f366a0 ConcurrentGCThread "G1 Main Marker" [stack: 0x0000007f8d400000,0x0000007f8d500000] [id=7052]
  0x00000269a1f36fd0 ConcurrentGCThread "G1 Conc#0" [stack: 0x0000007f8d500000,0x0000007f8d600000] [id=2384]
  0x00000269a1f7dd60 ConcurrentGCThread "G1 Refine#0" [stack: 0x0000007f8d600000,0x0000007f8d700000] [id=11024]
  0x00000269a1f7e6a0 ConcurrentGCThread "G1 Service" [stack: 0x0000007f8d700000,0x0000007f8d800000] [id=10880]

Threads with active compile tasks:

VM state: not at safepoint (normal execution)

VM Mutex/Monitor currently owned by a thread: None

Heap address: 0x0000000081e00000, size: 2018 MB, Compressed Oops mode: 32-bit

CDS archive(s) not mapped
Compressed class space mapped at: 0x0000000100000000-0x0000000140000000, reserved size: 1073741824
Narrow klass base: 0x0000000000000000, Narrow klass shift: 3, Narrow klass range: 0x140000000

GC Precious Log:
 CPUs: 4 total, 4 available
 Memory: 8065M
 Large Page Support: Disabled
 NUMA Support: Disabled
 Compressed Oops: Enabled (32-bit)
 Heap Region Size: 1M
 Heap Min Capacity: 8M
 Heap Initial Capacity: 128M
 Heap Max Capacity: 2018M
 Pre-touch: Disabled
 Parallel Workers: 4
 Concurrent Workers: 1
 Concurrent Refinement Workers: 4
 Periodic GC: Disabled

Heap:
 garbage-first heap   total 152576K, used 66446K [0x0000000081e00000, 0x0000000100000000)
  region size 1024K, 6 young (6144K), 1 survivors (1024K)
 Metaspace       used 31828K, committed 32064K, reserved 1114112K
  class space    used 3954K, committed 4032K, reserved 1048576K

Heap Regions: E=young(eden), S=young(survivor), O=old, HS=humongous(starts), HC=humongous(continues), CS=collection set, F=free, OA=open archive, CA=closed archive, TAMS=top-at-mark-start (previous, next)
|   0|0x0000000081e00000, 0x0000000081f00000, 0x0000000081f00000|100%| O|  |TAMS 0x0000000081f00000, 0x0000000081f00000| Untracked 
|   1|0x0000000081f00000, 0x0000000082000000, 0x0000000082000000|100%| O|  |TAMS 0x0000000082000000, 0x0000000082000000| Untracked 
|   2|0x0000000082000000, 0x0000000082100000, 0x0000000082100000|100%| O|  |TAMS 0x0000000082061200, 0x0000000082100000| Untracked 
|   3|0x0000000082100000, 0x0000000082200000, 0x0000000082200000|100%|HS|  |TAMS 0x0000000082200000, 0x0000000082200000| Complete 
|   4|0x0000000082200000, 0x0000000082300000, 0x0000000082300000|100%|HC|  |TAMS 0x0000000082300000, 0x0000000082300000| Complete 
|   5|0x0000000082300000, 0x0000000082400000, 0x0000000082400000|100%|HC|  |TAMS 0x0000000082400000, 0x0000000082400000| Complete 
|   6|0x0000000082400000, 0x0000000082500000, 0x0000000082500000|100%|HC|  |TAMS 0x0000000082500000, 0x0000000082500000| Complete 
|   7|0x0000000082500000, 0x0000000082600000, 0x0000000082600000|100%|HC|  |TAMS 0x0000000082600000, 0x0000000082600000| Complete 
|   8|0x0000000082600000, 0x0000000082700000, 0x0000000082700000|100%|HS|  |TAMS 0x0000000082700000, 0x0000000082700000| Complete 
|   9|0x0000000082700000, 0x0000000082800000, 0x0000000082800000|100%|HC|  |TAMS 0x0000000082800000, 0x0000000082800000| Complete 
|  10|0x0000000082800000, 0x0000000082900000, 0x0000000082900000|100%|HS|  |TAMS 0x0000000082800000, 0x0000000082900000| Complete 
|  11|0x0000000082900000, 0x0000000082a00000, 0x0000000082a00000|100%|HS|  |TAMS 0x0000000082900000, 0x0000000082a00000| Complete 
|  12|0x0000000082a00000, 0x0000000082b00000, 0x0000000082b00000|100%|HS|  |TAMS 0x0000000082a00000, 0x0000000082b00000| Complete 
|  13|0x0000000082b00000, 0x0000000082c00000, 0x0000000082c00000|100%|HC|  |TAMS 0x0000000082b00000, 0x0000000082c00000| Complete 
|  14|0x0000000082c00000, 0x0000000082d00000, 0x0000000082d00000|100%| O|  |TAMS 0x0000000082c00000, 0x0000000082d00000| Untracked 
|  15|0x0000000082d00000, 0x0000000082e00000, 0x0000000082e00000|100%| O|  |TAMS 0x0000000082d00000, 0x0000000082e00000| Untracked 
|  16|0x0000000082e00000, 0x0000000082f00000, 0x0000000082f00000|100%| O|  |TAMS 0x0000000082e00000, 0x0000000082f00000| Untracked 
|  17|0x0000000082f00000, 0x0000000083000000, 0x0000000083000000|100%| O|  |TAMS 0x0000000082f00000, 0x0000000083000000| Untracked 
|  18|0x0000000083000000, 0x0000000083100000, 0x0000000083100000|100%| O|  |TAMS 0x0000000083000000, 0x0000000083100000| Untracked 
|  19|0x0000000083100000, 0x0000000083200000, 0x0000000083200000|100%| O|  |TAMS 0x0000000083100000, 0x0000000083200000| Untracked 
|  20|0x0000000083200000, 0x0000000083300000, 0x0000000083300000|100%| O|  |TAMS 0x0000000083200000, 0x0000000083300000| Untracked 
|  21|0x0000000083300000, 0x0000000083400000, 0x0000000083400000|100%| O|  |TAMS 0x0000000083300000, 0x0000000083400000| Untracked 
|  22|0x0000000083400000, 0x0000000083500000, 0x0000000083500000|100%| O|  |TAMS 0x0000000083400000, 0x0000000083500000| Untracked 
|  23|0x0000000083500000, 0x0000000083600000, 0x0000000083600000|100%| O|  |TAMS 0x0000000083500000, 0x0000000083600000| Untracked 
|  24|0x0000000083600000, 0x0000000083700000, 0x0000000083700000|100%| O|  |TAMS 0x0000000083600000, 0x0000000083700000| Untracked 
|  25|0x0000000083700000, 0x0000000083800000, 0x0000000083800000|100%| O|  |TAMS 0x0000000083700000, 0x0000000083800000| Untracked 
|  26|0x0000000083800000, 0x0000000083867a00, 0x0000000083900000| 40%| O|  |TAMS 0x0000000083800000, 0x0000000083867a00| Untracked 
|  27|0x0000000083900000, 0x0000000083a00000, 0x0000000083a00000|100%|HS|  |TAMS 0x0000000083900000, 0x0000000083900000| Complete 
|  28|0x0000000083a00000, 0x0000000083b00000, 0x0000000083b00000|100%|HC|  |TAMS 0x0000000083a00000, 0x0000000083a00000| Complete 
|  29|0x0000000083b00000, 0x0000000083c00000, 0x0000000083c00000|100%|HS|  |TAMS 0x0000000083b00000, 0x0000000083b00000| Complete 
|  30|0x0000000083c00000, 0x0000000083d00000, 0x0000000083d00000|100%|HC|  |TAMS 0x0000000083c00000, 0x0000000083c00000| Complete 
|  31|0x0000000083d00000, 0x0000000083e00000, 0x0000000083e00000|100%|HS|  |TAMS 0x0000000083d00000, 0x0000000083e00000| Complete 
|  32|0x0000000083e00000, 0x0000000083f00000, 0x0000000083f00000|100%|HC|  |TAMS 0x0000000083e00000, 0x0000000083f00000| Complete 
|  33|0x0000000083f00000, 0x0000000084000000, 0x0000000084000000|100%|HS|  |TAMS 0x0000000083f00000, 0x0000000083f00000| Complete 
|  34|0x0000000084000000, 0x0000000084100000, 0x0000000084100000|100%|HC|  |TAMS 0x0000000084000000, 0x0000000084000000| Complete 
|  35|0x0000000084100000, 0x0000000084200000, 0x0000000084200000|100%|HS|  |TAMS 0x0000000084100000, 0x0000000084100000| Complete 
|  36|0x0000000084200000, 0x0000000084300000, 0x0000000084300000|100%|HC|  |TAMS 0x0000000084200000, 0x0000000084200000| Complete 
|  37|0x0000000084300000, 0x0000000084400000, 0x0000000084400000|100%|HS|  |TAMS 0x0000000084300000, 0x0000000084400000| Complete 
|  38|0x0000000084400000, 0x0000000084500000, 0x0000000084500000|100%|HC|  |TAMS 0x0000000084400000, 0x0000000084500000| Complete 
|  39|0x0000000084500000, 0x0000000084600000, 0x0000000084600000|100%|HS|  |TAMS 0x0000000084500000, 0x0000000084500000| Complete 
|  40|0x0000000084600000, 0x0000000084700000, 0x0000000084700000|100%|HC|  |TAMS 0x0000000084600000, 0x0000000084600000| Complete 
|  41|0x0000000084700000, 0x0000000084800000, 0x0000000084800000|100%|HS|  |TAMS 0x0000000084700000, 0x0000000084700000| Complete 
|  42|0x0000000084800000, 0x0000000084900000, 0x0000000084900000|100%|HC|  |TAMS 0x0000000084800000, 0x0000000084800000| Complete 
|  43|0x0000000084900000, 0x0000000084a00000, 0x0000000084a00000|100%|HS|  |TAMS 0x0000000084900000, 0x0000000084a00000| Complete 
|  44|0x0000000084a00000, 0x0000000084b00000, 0x0000000084b00000|100%|HC|  |TAMS 0x0000000084a00000, 0x0000000084b00000| Complete 
|  45|0x0000000084b00000, 0x0000000084c00000, 0x0000000084c00000|100%|HS|  |TAMS 0x0000000084b00000, 0x0000000084b00000| Complete 
|  46|0x0000000084c00000, 0x0000000084d00000, 0x0000000084d00000|100%|HC|  |TAMS 0x0000000084c00000, 0x0000000084c00000| Complete 
|  47|0x0000000084d00000, 0x0000000084e00000, 0x0000000084e00000|100%|HS|  |TAMS 0x0000000084d00000, 0x0000000084d00000| Complete 
|  48|0x0000000084e00000, 0x0000000084f00000, 0x0000000084f00000|100%|HC|  |TAMS 0x0000000084e00000, 0x0000000084e00000| Complete 
|  49|0x0000000084f00000, 0x0000000085000000, 0x0000000085000000|100%|HS|  |TAMS 0x0000000084f00000, 0x0000000085000000| Complete 
|  50|0x0000000085000000, 0x0000000085100000, 0x0000000085100000|100%|HC|  |TAMS 0x0000000085000000, 0x0000000085100000| Complete 
|  51|0x0000000085100000, 0x0000000085200000, 0x0000000085200000|100%|HS|  |TAMS 0x0000000085100000, 0x0000000085100000| Complete 
|  52|0x0000000085200000, 0x0000000085300000, 0x0000000085300000|100%|HC|  |TAMS 0x0000000085200000, 0x0000000085200000| Complete 
|  53|0x0000000085300000, 0x0000000085300000, 0x0000000085400000|  0%| F|  |TAMS 0x0000000085300000, 0x0000000085300000| Untracked 
|  54|0x0000000085400000, 0x0000000085400000, 0x0000000085500000|  0%| F|  |TAMS 0x0000000085400000, 0x0000000085400000| Untracked 
|  55|0x0000000085500000, 0x0000000085600000, 0x0000000085600000|100%|HS|  |TAMS 0x0000000085500000, 0x0000000085600000| Complete 
|  56|0x0000000085600000, 0x0000000085700000, 0x0000000085700000|100%|HC|  |TAMS 0x0000000085600000, 0x0000000085700000| Complete 
|  57|0x0000000085700000, 0x0000000085700000, 0x0000000085800000|  0%| F|  |TAMS 0x0000000085700000, 0x0000000085700000| Untracked 
|  58|0x0000000085800000, 0x0000000085800000, 0x0000000085900000|  0%| F|  |TAMS 0x0000000085800000, 0x0000000085800000| Untracked 
|  59|0x0000000085900000, 0x0000000085a00000, 0x0000000085a00000|100%|HS|  |TAMS 0x0000000085900000, 0x0000000085a00000| Complete 
|  60|0x0000000085a00000, 0x0000000085b00000, 0x0000000085b00000|100%|HC|  |TAMS 0x0000000085a00000, 0x0000000085b00000| Complete 
|  61|0x0000000085b00000, 0x0000000085b00000, 0x0000000085c00000|  0%| F|  |TAMS 0x0000000085b00000, 0x0000000085b00000| Untracked 
|  62|0x0000000085c00000, 0x0000000085c00000, 0x0000000085d00000|  0%| F|  |TAMS 0x0000000085c00000, 0x0000000085c00000| Untracked 
|  63|0x0000000085d00000, 0x0000000085e00000, 0x0000000085e00000|100%|HS|  |TAMS 0x0000000085d00000, 0x0000000085e00000| Complete 
|  64|0x0000000085e00000, 0x0000000085f00000, 0x0000000085f00000|100%|HC|  |TAMS 0x0000000085e00000, 0x0000000085f00000| Complete 
|  65|0x0000000085f00000, 0x0000000086000000, 0x0000000086000000|100%|HS|  |TAMS 0x0000000085f00000, 0x0000000086000000| Complete 
|  66|0x0000000086000000, 0x0000000086100000, 0x0000000086100000|100%|HC|  |TAMS 0x0000000086000000, 0x0000000086100000| Complete 
|  67|0x0000000086100000, 0x0000000086100000, 0x0000000086200000|  0%| F|  |TAMS 0x0000000086100000, 0x0000000086100000| Untracked 
|  68|0x0000000086200000, 0x0000000086200000, 0x0000000086300000|  0%| F|  |TAMS 0x0000000086200000, 0x0000000086200000| Untracked 
|  69|0x0000000086300000, 0x0000000086300000, 0x0000000086400000|  0%| F|  |TAMS 0x0000000086300000, 0x0000000086300000| Untracked 
|  70|0x0000000086400000, 0x0000000086400000, 0x0000000086500000|  0%| F|  |TAMS 0x0000000086400000, 0x0000000086400000| Untracked 
|  71|0x0000000086500000, 0x0000000086500000, 0x0000000086600000|  0%| F|  |TAMS 0x0000000086500000, 0x0000000086500000| Untracked 
|  72|0x0000000086600000, 0x0000000086600000, 0x0000000086700000|  0%| F|  |TAMS 0x0000000086600000, 0x0000000086600000| Untracked 
|  73|0x0000000086700000, 0x0000000086700000, 0x0000000086800000|  0%| F|  |TAMS 0x0000000086700000, 0x0000000086700000| Untracked 
|  74|0x0000000086800000, 0x0000000086800000, 0x0000000086900000|  0%| F|  |TAMS 0x0000000086800000, 0x0000000086800000| Untracked 
|  75|0x0000000086900000, 0x0000000086900000, 0x0000000086a00000|  0%| F|  |TAMS 0x0000000086900000, 0x0000000086900000| Untracked 
|  76|0x0000000086a00000, 0x0000000086a00000, 0x0000000086b00000|  0%| F|  |TAMS 0x0000000086a00000, 0x0000000086a00000| Untracked 
|  77|0x0000000086b00000, 0x0000000086b00000, 0x0000000086c00000|  0%| F|  |TAMS 0x0000000086b00000, 0x0000000086b00000| Untracked 
|  78|0x0000000086c00000, 0x0000000086c00000, 0x0000000086d00000|  0%| F|  |TAMS 0x0000000086c00000, 0x0000000086c00000| Untracked 
|  79|0x0000000086d00000, 0x0000000086d00000, 0x0000000086e00000|  0%| F|  |TAMS 0x0000000086d00000, 0x0000000086d00000| Untracked 
|  80|0x0000000086e00000, 0x0000000086e00000, 0x0000000086f00000|  0%| F|  |TAMS 0x0000000086e00000, 0x0000000086e00000| Untracked 
|  81|0x0000000086f00000, 0x0000000086f00000, 0x0000000087000000|  0%| F|  |TAMS 0x0000000086f00000, 0x0000000086f00000| Untracked 
|  82|0x0000000087000000, 0x0000000087000000, 0x0000000087100000|  0%| F|  |TAMS 0x0000000087000000, 0x0000000087000000| Untracked 
|  83|0x0000000087100000, 0x0000000087100000, 0x0000000087200000|  0%| F|  |TAMS 0x0000000087100000, 0x0000000087100000| Untracked 
|  84|0x0000000087200000, 0x0000000087200000, 0x0000000087300000|  0%| F|  |TAMS 0x0000000087200000, 0x0000000087200000| Untracked 
|  85|0x0000000087300000, 0x0000000087300000, 0x0000000087400000|  0%| F|  |TAMS 0x0000000087300000, 0x0000000087300000| Untracked 
|  86|0x0000000087400000, 0x0000000087400000, 0x0000000087500000|  0%| F|  |TAMS 0x0000000087400000, 0x0000000087400000| Untracked 
|  87|0x0000000087500000, 0x0000000087500000, 0x0000000087600000|  0%| F|  |TAMS 0x0000000087500000, 0x0000000087500000| Untracked 
|  88|0x0000000087600000, 0x0000000087600000, 0x0000000087700000|  0%| F|  |TAMS 0x0000000087600000, 0x0000000087600000| Untracked 
|  89|0x0000000087700000, 0x0000000087700000, 0x0000000087800000|  0%| F|  |TAMS 0x0000000087700000, 0x0000000087700000| Untracked 
|  90|0x0000000087800000, 0x0000000087800000, 0x0000000087900000|  0%| F|  |TAMS 0x0000000087800000, 0x0000000087800000| Untracked 
|  91|0x0000000087900000, 0x0000000087900000, 0x0000000087a00000|  0%| F|  |TAMS 0x0000000087900000, 0x0000000087900000| Untracked 
|  92|0x0000000087a00000, 0x0000000087a00000, 0x0000000087b00000|  0%| F|  |TAMS 0x0000000087a00000, 0x0000000087a00000| Untracked 
|  93|0x0000000087b00000, 0x0000000087b00000, 0x0000000087c00000|  0%| F|  |TAMS 0x0000000087b00000, 0x0000000087b00000| Untracked 
|  94|0x0000000087c00000, 0x0000000087c00000, 0x0000000087d00000|  0%| F|  |TAMS 0x0000000087c00000, 0x0000000087c00000| Untracked 
|  95|0x0000000087d00000, 0x0000000087d00000, 0x0000000087e00000|  0%| F|  |TAMS 0x0000000087d00000, 0x0000000087d00000| Untracked 
|  96|0x0000000087e00000, 0x0000000087e00000, 0x0000000087f00000|  0%| F|  |TAMS 0x0000000087e00000, 0x0000000087e00000| Untracked 
|  97|0x0000000087f00000, 0x0000000087f00000, 0x0000000088000000|  0%| F|  |TAMS 0x0000000087f00000, 0x0000000087f00000| Untracked 
|  98|0x0000000088000000, 0x0000000088000000, 0x0000000088100000|  0%| F|  |TAMS 0x0000000088000000, 0x0000000088000000| Untracked 
|  99|0x0000000088100000, 0x0000000088100000, 0x0000000088200000|  0%| F|  |TAMS 0x0000000088100000, 0x0000000088100000| Untracked 
| 100|0x0000000088200000, 0x0000000088200000, 0x0000000088300000|  0%| F|  |TAMS 0x0000000088200000, 0x0000000088200000| Untracked 
| 101|0x0000000088300000, 0x0000000088300000, 0x0000000088400000|  0%| F|  |TAMS 0x0000000088300000, 0x0000000088300000| Untracked 
| 102|0x0000000088400000, 0x0000000088400000, 0x0000000088500000|  0%| F|  |TAMS 0x0000000088400000, 0x0000000088400000| Untracked 
| 103|0x0000000088500000, 0x0000000088500000, 0x0000000088600000|  0%| F|  |TAMS 0x0000000088500000, 0x0000000088500000| Untracked 
| 104|0x0000000088600000, 0x0000000088600000, 0x0000000088700000|  0%| F|  |TAMS 0x0000000088600000, 0x0000000088600000| Untracked 
| 105|0x0000000088700000, 0x0000000088700000, 0x0000000088800000|  0%| F|  |TAMS 0x0000000088700000, 0x0000000088700000| Untracked 
| 106|0x0000000088800000, 0x0000000088800000, 0x0000000088900000|  0%| F|  |TAMS 0x0000000088800000, 0x0000000088800000| Untracked 
| 107|0x0000000088900000, 0x0000000088900000, 0x0000000088a00000|  0%| F|  |TAMS 0x0000000088900000, 0x0000000088900000| Untracked 
| 108|0x0000000088a00000, 0x0000000088a00000, 0x0000000088b00000|  0%| F|  |TAMS 0x0000000088a00000, 0x0000000088a00000| Untracked 
| 109|0x0000000088b00000, 0x0000000088b00000, 0x0000000088c00000|  0%| F|  |TAMS 0x0000000088b00000, 0x0000000088b00000| Untracked 
| 110|0x0000000088c00000, 0x0000000088c00000, 0x0000000088d00000|  0%| F|  |TAMS 0x0000000088c00000, 0x0000000088c00000| Untracked 
| 111|0x0000000088d00000, 0x0000000088d00000, 0x0000000088e00000|  0%| F|  |TAMS 0x0000000088d00000, 0x0000000088d00000| Untracked 
| 112|0x0000000088e00000, 0x0000000088e00000, 0x0000000088f00000|  0%| F|  |TAMS 0x0000000088e00000, 0x0000000088e00000| Untracked 
| 113|0x0000000088f00000, 0x0000000088f00000, 0x0000000089000000|  0%| F|  |TAMS 0x0000000088f00000, 0x0000000088f00000| Untracked 
| 114|0x0000000089000000, 0x0000000089000000, 0x0000000089100000|  0%| F|  |TAMS 0x0000000089000000, 0x0000000089000000| Untracked 
| 115|0x0000000089100000, 0x0000000089100000, 0x0000000089200000|  0%| F|  |TAMS 0x0000000089100000, 0x0000000089100000| Untracked 
| 116|0x0000000089200000, 0x0000000089200000, 0x0000000089300000|  0%| F|  |TAMS 0x0000000089200000, 0x0000000089200000| Untracked 
| 117|0x0000000089300000, 0x0000000089300000, 0x0000000089400000|  0%| F|  |TAMS 0x0000000089300000, 0x0000000089300000| Untracked 
| 118|0x0000000089400000, 0x0000000089400000, 0x0000000089500000|  0%| F|  |TAMS 0x0000000089400000, 0x0000000089400000| Untracked 
| 119|0x0000000089500000, 0x0000000089500000, 0x0000000089600000|  0%| F|  |TAMS 0x0000000089500000, 0x0000000089500000| Untracked 
| 120|0x0000000089600000, 0x0000000089600000, 0x0000000089700000|  0%| F|  |TAMS 0x0000000089600000, 0x0000000089600000| Untracked 
| 121|0x0000000089700000, 0x0000000089700000, 0x0000000089800000|  0%| F|  |TAMS 0x0000000089700000, 0x0000000089700000| Untracked 
| 122|0x0000000089800000, 0x0000000089800000, 0x0000000089900000|  0%| F|  |TAMS 0x0000000089800000, 0x0000000089800000| Untracked 
| 123|0x0000000089900000, 0x0000000089900000, 0x0000000089a00000|  0%| F|  |TAMS 0x0000000089900000, 0x0000000089900000| Untracked 
| 124|0x0000000089a00000, 0x0000000089a00000, 0x0000000089b00000|  0%| F|  |TAMS 0x0000000089a00000, 0x0000000089a00000| Untracked 
| 125|0x0000000089b00000, 0x0000000089b00000, 0x0000000089c00000|  0%| F|  |TAMS 0x0000000089b00000, 0x0000000089b00000| Untracked 
| 126|0x0000000089c00000, 0x0000000089c00000, 0x0000000089d00000|  0%| F|  |TAMS 0x0000000089c00000, 0x0000000089c00000| Untracked 
| 127|0x0000000089d00000, 0x0000000089d00000, 0x0000000089e00000|  0%| F|  |TAMS 0x0000000089d00000, 0x0000000089d00000| Untracked 
| 128|0x0000000089e00000, 0x0000000089e00000, 0x0000000089f00000|  0%| F|  |TAMS 0x0000000089e00000, 0x0000000089e00000| Untracked 
| 129|0x0000000089f00000, 0x0000000089f00000, 0x000000008a000000|  0%| F|  |TAMS 0x0000000089f00000, 0x0000000089f00000| Untracked 
| 130|0x000000008a000000, 0x000000008a000000, 0x000000008a100000|  0%| F|  |TAMS 0x000000008a000000, 0x000000008a000000| Untracked 
| 131|0x000000008a100000, 0x000000008a100000, 0x000000008a200000|  0%| F|  |TAMS 0x000000008a100000, 0x000000008a100000| Untracked 
| 132|0x000000008a200000, 0x000000008a200000, 0x000000008a300000|  0%| F|  |TAMS 0x000000008a200000, 0x000000008a200000| Untracked 
| 133|0x000000008a300000, 0x000000008a300000, 0x000000008a400000|  0%| F|  |TAMS 0x000000008a300000, 0x000000008a300000| Untracked 
| 134|0x000000008a400000, 0x000000008a400000, 0x000000008a500000|  0%| F|  |TAMS 0x000000008a400000, 0x000000008a400000| Untracked 
| 135|0x000000008a500000, 0x000000008a500000, 0x000000008a600000|  0%| F|  |TAMS 0x000000008a500000, 0x000000008a500000| Untracked 
| 136|0x000000008a600000, 0x000000008a600000, 0x000000008a700000|  0%| F|  |TAMS 0x000000008a600000, 0x000000008a600000| Untracked 
| 137|0x000000008a700000, 0x000000008a700000, 0x000000008a800000|  0%| F|  |TAMS 0x000000008a700000, 0x000000008a700000| Untracked 
| 138|0x000000008a800000, 0x000000008a800000, 0x000000008a900000|  0%| F|  |TAMS 0x000000008a800000, 0x000000008a800000| Untracked 
| 139|0x000000008a900000, 0x000000008a900000, 0x000000008aa00000|  0%| F|  |TAMS 0x000000008a900000, 0x000000008a900000| Untracked 
| 140|0x000000008aa00000, 0x000000008aa00000, 0x000000008ab00000|  0%| F|  |TAMS 0x000000008aa00000, 0x000000008aa00000| Untracked 
| 141|0x000000008ab00000, 0x000000008ab00000, 0x000000008ac00000|  0%| F|  |TAMS 0x000000008ab00000, 0x000000008ab00000| Untracked 
| 142|0x000000008ac00000, 0x000000008ac00000, 0x000000008ad00000|  0%| F|  |TAMS 0x000000008ac00000, 0x000000008ac00000| Untracked 
| 143|0x000000008ad00000, 0x000000008ad00800, 0x000000008ae00000|  0%| E|  |TAMS 0x000000008ad00000, 0x000000008ad00000| Complete 
| 144|0x000000008ae00000, 0x000000008af00000, 0x000000008af00000|100%| E|CS|TAMS 0x000000008ae00000, 0x000000008ae00000| Complete 
| 145|0x000000008af00000, 0x000000008af7bf70, 0x000000008b000000| 48%| S|CS|TAMS 0x000000008af00000, 0x000000008af00000| Complete 
| 146|0x000000008b000000, 0x000000008b100000, 0x000000008b100000|100%| E|CS|TAMS 0x000000008b000000, 0x000000008b000000| Complete 
| 147|0x000000008b100000, 0x000000008b200000, 0x000000008b200000|100%| E|CS|TAMS 0x000000008b100000, 0x000000008b100000| Complete 
| 148|0x000000008b200000, 0x000000008b300000, 0x000000008b300000|100%| E|CS|TAMS 0x000000008b200000, 0x000000008b200000| Complete 

Card table byte_map: [0x00000269b4980000,0x00000269b4d80000] _byte_map_base: 0x00000269b4571000

Marking Bits (Prev, Next): (CMBitMap*) 0x00000269a1f259d0, (CMBitMap*) 0x00000269a1f25990
 Prev Bits: [0x00000269b7110000, 0x00000269b9098000)
 Next Bits: [0x00000269b5180000, 0x00000269b7108000)

Polling page: 0x000002699fe60000

Metaspace:

Usage:
  Non-class:     27.22 MB used.
      Class:      3.86 MB used.
       Both:     31.08 MB used.

Virtual space:
  Non-class space:       64.00 MB reserved,      27.38 MB ( 43%) committed,  1 nodes.
      Class space:        1.00 GB reserved,       3.94 MB ( <1%) committed,  1 nodes.
             Both:        1.06 GB reserved,      31.31 MB (  3%) committed. 

Chunk freelists:
   Non-Class:  4.34 MB
       Class:  12.07 MB
        Both:  16.41 MB

MaxMetaspaceSize: unlimited
CompressedClassSpaceSize: 1.00 GB
Initial GC threshold: 21.00 MB
Current GC threshold: 35.12 MB
CDS: off
MetaspaceReclaimPolicy: balanced
 - commit_granule_bytes: 65536.
 - commit_granule_words: 8192.
 - virtual_space_node_default_size: 8388608.
 - enlarge_chunks_in_place: 1.
 - new_chunks_are_fully_committed: 0.
 - uncommit_free_chunks: 1.
 - use_allocation_guard: 0.
 - handle_deallocations: 1.


Internal statistics:

num_allocs_failed_limit: 3.
num_arena_births: 252.
num_arena_deaths: 0.
num_vsnodes_births: 2.
num_vsnodes_deaths: 0.
num_space_committed: 501.
num_space_uncommitted: 0.
num_chunks_returned_to_freelist: 3.
num_chunks_taken_from_freelist: 994.
num_chunk_merges: 3.
num_chunk_splits: 683.
num_chunks_enlarged: 522.
num_inconsistent_stats: 0.

CodeHeap 'non-profiled nmethods': size=120000Kb used=2219Kb max_used=2219Kb free=117780Kb
 bounds [0x00000269ad050000, 0x00000269ad2c0000, 0x00000269b4580000]
CodeHeap 'profiled nmethods': size=120000Kb used=8527Kb max_used=8527Kb free=111472Kb
 bounds [0x00000269a5580000, 0x00000269a5de0000, 0x00000269acab0000]
CodeHeap 'non-nmethods': size=5760Kb used=1570Kb max_used=1617Kb free=4190Kb
 bounds [0x00000269acab0000, 0x00000269acd20000, 0x00000269ad050000]
 total_blobs=5183 nmethods=4208 adapters=887
 compilation: enabled
              stopped_count=0, restarted_count=0
 full_count=0

Compilation events (20 events):
Event: 15.268 Thread 0x00000269bb6146f0 4198       3       java.lang.ClassLoader::findNative (21 bytes)
Event: 15.268 Thread 0x00000269bb6146f0 nmethod 4198 0x00000269a5dce490 code [0x00000269a5dce660, 0x00000269a5dce878]
Event: 15.296 Thread 0x00000269bb6146f0 4200       1       sun.reflect.annotation.AnnotationType::retention (5 bytes)
Event: 15.296 Thread 0x00000269bb6146f0 nmethod 4200 0x00000269ad279c90 code [0x00000269ad279e20, 0x00000269ad279ef8]
Event: 15.316 Thread 0x00000269bb6146f0 4201       3       com.sun.javafx.css.PseudoClassState::cast (6 bytes)
Event: 15.317 Thread 0x00000269bb6146f0 nmethod 4201 0x00000269a5dce990 code [0x00000269a5dceb40, 0x00000269a5dcee88]
Event: 15.317 Thread 0x00000269bb6146f0 4202       3       com.sun.javafx.css.PseudoClassState::cast (21 bytes)
Event: 15.317 Thread 0x00000269bb6146f0 nmethod 4202 0x00000269a5dcef90 code [0x00000269a5dcf140, 0x00000269a5dcf448]
Event: 15.318 Thread 0x00000269bb6146f0 4203       3       org.bytedeco.javacpp.Loader::getCacheDir (167 bytes)
Event: 15.322 Thread 0x00000269bb6146f0 nmethod 4203 0x00000269a5dcf510 code [0x00000269a5dcfa20, 0x00000269a5dd1fb8]
Event: 15.374 Thread 0x00000269bb6146f0 4204       3       java.lang.Exception::<init> (5 bytes)
Event: 15.375 Thread 0x00000269bb6146f0 nmethod 4204 0x00000269a5dd2a90 code [0x00000269a5dd2c60, 0x00000269a5dd3008]
Event: 15.594 Thread 0x00000269bb611dd0 4205       4       java.lang.invoke.MethodType::equals (56 bytes)
Event: 15.604 Thread 0x00000269bb611dd0 nmethod 4205 0x00000269ad279f90 code [0x00000269ad27a120, 0x00000269ad27a3b8]
Event: 15.604 Thread 0x00000269bb611dd0 4206       4       jdk.internal.org.objectweb.asm.ByteVector::put122 (93 bytes)
Event: 15.605 Thread 0x00000269bb6146f0 4207       3       java.util.LinkedList$ListItr::next (56 bytes)
Event: 15.605 Thread 0x00000269bb6146f0 nmethod 4207 0x00000269a5dd3110 code [0x00000269a5dd3300, 0x00000269a5dd3818]
Event: 15.605 Thread 0x00000269bb6146f0 4208       3       java.util.LinkedList$ListItr::checkForComodification (23 bytes)
Event: 15.606 Thread 0x00000269bb6146f0 nmethod 4208 0x00000269a5dd3a10 code [0x00000269a5dd3bc0, 0x00000269a5dd3de8]
Event: 15.615 Thread 0x00000269bb611dd0 nmethod 4206 0x00000269ad27a610 code [0x00000269ad27a7a0, 0x00000269ad27ad38]

GC Heap History (20 events):
Event: 10.930 GC heap before
{Heap before GC invocations=7 (full 0):
 garbage-first heap   total 71680K, used 47715K [0x0000000081e00000, 0x0000000100000000)
  region size 1024K, 18 young (18432K), 1 survivors (1024K)
 Metaspace       used 31330K, committed 31552K, reserved 1114112K
  class space    used 3939K, committed 4032K, reserved 1048576K
}
Event: 10.932 GC heap after
{Heap after GC invocations=8 (full 0):
 garbage-first heap   total 71680K, used 31581K [0x0000000081e00000, 0x0000000100000000)
  region size 1024K, 1 young (1024K), 1 survivors (1024K)
 Metaspace       used 31330K, committed 31552K, reserved 1114112K
  class space    used 3939K, committed 4032K, reserved 1048576K
}
Event: 10.934 GC heap before
{Heap before GC invocations=8 (full 0):
 garbage-first heap   total 71680K, used 33629K [0x0000000081e00000, 0x0000000100000000)
  region size 1024K, 2 young (2048K), 1 survivors (1024K)
 Metaspace       used 31331K, committed 31552K, reserved 1114112K
  class space    used 3939K, committed 4032K, reserved 1048576K
}
Event: 10.935 GC heap after
{Heap after GC invocations=9 (full 0):
 garbage-first heap   total 71680K, used 31602K [0x0000000081e00000, 0x0000000100000000)
  region size 1024K, 1 young (1024K), 1 survivors (1024K)
 Metaspace       used 31331K, committed 31552K, reserved 1114112K
  class space    used 3939K, committed 4032K, reserved 1048576K
}
Event: 11.014 GC heap before
{Heap before GC invocations=9 (full 0):
 garbage-first heap   total 71680K, used 33650K [0x0000000081e00000, 0x0000000100000000)
  region size 1024K, 2 young (2048K), 1 survivors (1024K)
 Metaspace       used 31351K, committed 31552K, reserved 1114112K
  class space    used 3939K, committed 4032K, reserved 1048576K
}
Event: 11.016 GC heap after
{Heap after GC invocations=10 (full 0):
 garbage-first heap   total 71680K, used 31597K [0x0000000081e00000, 0x0000000100000000)
  region size 1024K, 1 young (1024K), 1 survivors (1024K)
 Metaspace       used 31351K, committed 31552K, reserved 1114112K
  class space    used 3939K, committed 4032K, reserved 1048576K
}
Event: 11.017 GC heap before
{Heap before GC invocations=10 (full 0):
 garbage-first heap   total 71680K, used 33645K [0x0000000081e00000, 0x0000000100000000)
  region size 1024K, 2 young (2048K), 1 survivors (1024K)
 Metaspace       used 31351K, committed 31552K, reserved 1114112K
  class space    used 3939K, committed 4032K, reserved 1048576K
}
Event: 11.020 GC heap after
{Heap after GC invocations=11 (full 0):
 garbage-first heap   total 152576K, used 31570K [0x0000000081e00000, 0x0000000100000000)
  region size 1024K, 1 young (1024K), 1 survivors (1024K)
 Metaspace       used 31351K, committed 31552K, reserved 1114112K
  class space    used 3939K, committed 4032K, reserved 1048576K
}
Event: 11.833 GC heap before
{Heap before GC invocations=11 (full 0):
 garbage-first heap   total 152576K, used 69458K [0x0000000081e00000, 0x0000000100000000)
  region size 1024K, 3 young (3072K), 1 survivors (1024K)
 Metaspace       used 31458K, committed 31680K, reserved 1114112K
  class space    used 3939K, committed 4032K, reserved 1048576K
}
Event: 11.835 GC heap after
{Heap after GC invocations=12 (full 0):
 garbage-first heap   total 152576K, used 50061K [0x0000000081e00000, 0x0000000100000000)
  region size 1024K, 1 young (1024K), 1 survivors (1024K)
 Metaspace       used 31458K, committed 31680K, reserved 1114112K
  class space    used 3939K, committed 4032K, reserved 1048576K
}
Event: 12.329 GC heap before
{Heap before GC invocations=12 (full 0):
 garbage-first heap   total 152576K, used 69517K [0x0000000081e00000, 0x0000000100000000)
  region size 1024K, 3 young (3072K), 1 survivors (1024K)
 Metaspace       used 31514K, committed 31744K, reserved 1114112K
  class space    used 3944K, committed 4032K, reserved 1048576K
}
Event: 12.331 GC heap after
{Heap after GC invocations=13 (full 0):
 garbage-first heap   total 152576K, used 39814K [0x0000000081e00000, 0x0000000100000000)
  region size 1024K, 1 young (1024K), 1 survivors (1024K)
 Metaspace       used 31514K, committed 31744K, reserved 1114112K
  class space    used 3944K, committed 4032K, reserved 1048576K
}
Event: 13.029 GC heap before
{Heap before GC invocations=13 (full 0):
 garbage-first heap   total 152576K, used 69510K [0x0000000081e00000, 0x0000000100000000)
  region size 1024K, 3 young (3072K), 1 survivors (1024K)
 Metaspace       used 31548K, committed 31744K, reserved 1114112K
  class space    used 3944K, committed 4032K, reserved 1048576K
}
Event: 13.031 GC heap after
{Heap after GC invocations=14 (full 0):
 garbage-first heap   total 152576K, used 43902K [0x0000000081e00000, 0x0000000100000000)
  region size 1024K, 1 young (1024K), 1 survivors (1024K)
 Metaspace       used 31548K, committed 31744K, reserved 1114112K
  class space    used 3944K, committed 4032K, reserved 1048576K
}
Event: 13.653 GC heap before
{Heap before GC invocations=14 (full 0):
 garbage-first heap   total 152576K, used 69502K [0x0000000081e00000, 0x0000000100000000)
  region size 1024K, 3 young (3072K), 1 survivors (1024K)
 Metaspace       used 31669K, committed 31936K, reserved 1114112K
  class space    used 3946K, committed 4032K, reserved 1048576K
}
Event: 13.655 GC heap after
{Heap after GC invocations=15 (full 0):
 garbage-first heap   total 152576K, used 41882K [0x0000000081e00000, 0x0000000100000000)
  region size 1024K, 1 young (1024K), 1 survivors (1024K)
 Metaspace       used 31669K, committed 31936K, reserved 1114112K
  class space    used 3946K, committed 4032K, reserved 1048576K
}
Event: 14.247 GC heap before
{Heap before GC invocations=15 (full 0):
 garbage-first heap   total 152576K, used 69530K [0x0000000081e00000, 0x0000000100000000)
  region size 1024K, 3 young (3072K), 1 survivors (1024K)
 Metaspace       used 31757K, committed 32000K, reserved 1114112K
  class space    used 3946K, committed 4032K, reserved 1048576K
}
Event: 14.249 GC heap after
{Heap after GC invocations=16 (full 0):
 garbage-first heap   total 152576K, used 43934K [0x0000000081e00000, 0x0000000100000000)
  region size 1024K, 1 young (1024K), 1 survivors (1024K)
 Metaspace       used 31757K, committed 32000K, reserved 1114112K
  class space    used 3946K, committed 4032K, reserved 1048576K
}
Event: 14.840 GC heap before
{Heap before GC invocations=16 (full 0):
 garbage-first heap   total 152576K, used 69534K [0x0000000081e00000, 0x0000000100000000)
  region size 1024K, 3 young (3072K), 1 survivors (1024K)
 Metaspace       used 31787K, committed 32000K, reserved 1114112K
  class space    used 3946K, committed 4032K, reserved 1048576K
}
Event: 14.842 GC heap after
{Heap after GC invocations=17 (full 0):
 garbage-first heap   total 152576K, used 43918K [0x0000000081e00000, 0x0000000100000000)
  region size 1024K, 1 young (1024K), 1 survivors (1024K)
 Metaspace       used 31787K, committed 32000K, reserved 1114112K
  class space    used 3946K, committed 4032K, reserved 1048576K
}

Dll operation events (20 events):
Event: 5.589 Loaded shared library C:\Users\Jay\.javacpp\cache\opencv-3.2.0-1.3-windows-x86_64.jar\org\bytedeco\javacpp\windows-x86_64\opencv_core320.dll
Event: 5.599 Loaded shared library C:\Users\Jay\.javacpp\cache\opencv-3.2.0-1.3-windows-x86_64.jar\org\bytedeco\javacpp\windows-x86_64\opencv_imgproc320.dll
Event: 5.608 Loaded shared library C:\Users\Jay\.javacpp\cache\opencv-3.2.0-1.3-windows-x86_64.jar\org\bytedeco\javacpp\windows-x86_64\jniopencv_core.dll
Event: 6.027 Loaded shared library C:\Users\Jay\.javacpp\cache\opencv-3.2.0-1.3-windows-x86_64.jar\org\bytedeco\javacpp\windows-x86_64\jniopencv_imgproc.dll
Event: 6.121 Loaded shared library C:\Users\Jay\.javacpp\cache\opencv-3.2.0-1.3-windows-x86_64.jar\org\bytedeco\javacpp\windows-x86_64\opencv_imgcodecs320.dll
Event: 6.133 Loaded shared library C:\Users\Jay\.javacpp\cache\opencv-3.2.0-1.3-windows-x86_64.jar\org\bytedeco\javacpp\windows-x86_64\jniopencv_imgcodecs.dll
Event: 6.308 Loaded shared library C:\Users\Jay\.javacpp\cache\opencv-3.2.0-1.3-windows-x86_64.jar\org\bytedeco\javacpp\windows-x86_64\opencv_videoio320.dll
Event: 6.319 Loaded shared library C:\Users\Jay\.javacpp\cache\opencv-3.2.0-1.3-windows-x86_64.jar\org\bytedeco\javacpp\windows-x86_64\jniopencv_videoio.dll
Event: 6.398 Loaded shared library C:\Users\Jay\.javacpp\cache\opencv-3.2.0-1.3-windows-x86_64.jar\org\bytedeco\javacpp\windows-x86_64\opencv_highgui320.dll
Event: 6.410 Loaded shared library C:\Users\Jay\.javacpp\cache\opencv-3.2.0-1.3-windows-x86_64.jar\org\bytedeco\javacpp\windows-x86_64\jniopencv_highgui.dll
Event: 6.467 Loaded shared library C:\Users\Jay\.javacpp\cache\opencv-3.2.0-1.3-windows-x86_64.jar\org\bytedeco\javacpp\windows-x86_64\opencv_ml320.dll
Event: 6.477 Loaded shared library C:\Users\Jay\.javacpp\cache\opencv-3.2.0-1.3-windows-x86_64.jar\org\bytedeco\javacpp\windows-x86_64\jniopencv_ml.dll
Event: 6.584 Loaded shared library C:\Users\Jay\.javacpp\cache\opencv-3.2.0-1.3-windows-x86_64.jar\org\bytedeco\javacpp\windows-x86_64\opencv_objdetect320.dll
Event: 6.592 Loaded shared library C:\Users\Jay\.javacpp\cache\opencv-3.2.0-1.3-windows-x86_64.jar\org\bytedeco\javacpp\windows-x86_64\jniopencv_objdetect.dll
Event: 6.679 Loaded shared library C:\Users\Jay\.javacpp\cache\opencv-3.2.0-1.3-windows-x86_64.jar\org\bytedeco\javacpp\windows-x86_64\opencv_face320.dll
Event: 6.687 Loaded shared library C:\Users\Jay\.javacpp\cache\opencv-3.2.0-1.3-windows-x86_64.jar\org\bytedeco\javacpp\windows-x86_64\jniopencv_face.dll
Event: 8.349 Loaded shared library C:\Windows\System32\ole32.dll
Event: 8.355 Loaded shared library C:\Windows\System32\oleaut32.dll
Event: 8.385 Loaded shared library C:\Users\Jay\.javacpp\cache\videoinput-0.200-1.3-windows-x86_64.jar\org\bytedeco\javacpp\windows-x86_64\jnivideoInputLib.dll
Event: 10.432 Loaded shared library C:\Users\Jay\.p2\pool\plugins\org.eclipse.justj.openjdk.hotspot.jre.full.win32.x86_64_17.0.8.v20230801-1951\jre\bin\awt.dll

Deoptimization events (20 events):
Event: 11.039 Thread 0x00000269c052dc40 DEOPT PACKING pc=0x00000269ad19903c sp=0x0000007f8e6fc680
Event: 11.039 Thread 0x00000269c052dc40 DEOPT UNPACKING pc=0x00000269acb069a3 sp=0x0000007f8e6fc558 mode 2
Event: 11.839 Thread 0x00000269c052dc40 Uncommon trap: trap_request=0xffffff45 fr.pc=0x00000269ad1217e4 relative=0x00000000000002c4
Event: 11.839 Thread 0x00000269c052dc40 Uncommon trap: reason=unstable_if action=reinterpret pc=0x00000269ad1217e4 method=java.util.WeakHashMap.expungeStaleEntries()V @ 9 c2
Event: 11.839 Thread 0x00000269c052dc40 DEOPT PACKING pc=0x00000269ad1217e4 sp=0x0000007f8e6fc610
Event: 11.839 Thread 0x00000269c052dc40 DEOPT UNPACKING pc=0x00000269acb069a3 sp=0x0000007f8e6fc5a8 mode 2
Event: 12.269 Thread 0x00000269c01320a0 Uncommon trap: trap_request=0xffffff45 fr.pc=0x00000269ad14d8c0 relative=0x0000000000004aa0
Event: 12.269 Thread 0x00000269c01320a0 Uncommon trap: reason=unstable_if action=reinterpret pc=0x00000269ad14d8c0 method=java.lang.invoke.MethodType.checkPtypes([Ljava/lang/Class;)I @ 47 c2
Event: 12.269 Thread 0x00000269c01320a0 DEOPT PACKING pc=0x00000269ad14d8c0 sp=0x0000007f8e8fd7f0
Event: 12.269 Thread 0x00000269c01320a0 DEOPT UNPACKING pc=0x00000269acb069a3 sp=0x0000007f8e8fd778 mode 2
Event: 12.270 Thread 0x00000269c01320a0 Uncommon trap: trap_request=0xffffff45 fr.pc=0x00000269ad1b5b30 relative=0x0000000000004ed0
Event: 12.270 Thread 0x00000269c01320a0 Uncommon trap: reason=unstable_if action=reinterpret pc=0x00000269ad1b5b30 method=jdk.internal.org.objectweb.asm.Frame.push(I)V @ 26 c2
Event: 12.270 Thread 0x00000269c01320a0 DEOPT PACKING pc=0x00000269ad1b5b30 sp=0x0000007f8e8fc9c0
Event: 12.270 Thread 0x00000269c01320a0 DEOPT UNPACKING pc=0x00000269acb069a3 sp=0x0000007f8e8fc8d8 mode 2
Event: 12.542 Thread 0x00000269c052dc40 DEOPT PACKING pc=0x00000269a5c4928d sp=0x0000007f8e6fe020
Event: 12.542 Thread 0x00000269c052dc40 DEOPT UNPACKING pc=0x00000269acb07143 sp=0x0000007f8e6fd4c0 mode 0
Event: 14.487 Thread 0x00000269c052dc40 Uncommon trap: trap_request=0xffffff45 fr.pc=0x00000269ad25afa4 relative=0x0000000000000184
Event: 14.487 Thread 0x00000269c052dc40 Uncommon trap: reason=unstable_if action=reinterpret pc=0x00000269ad25afa4 method=com.sun.javafx.sg.prism.NGGroup.clearDirty()V @ 8 c2
Event: 14.488 Thread 0x00000269c052dc40 DEOPT PACKING pc=0x00000269ad25afa4 sp=0x0000007f8e6ff0f0
Event: 14.488 Thread 0x00000269c052dc40 DEOPT UNPACKING pc=0x00000269acb069a3 sp=0x0000007f8e6ff0a8 mode 2

Classes unloaded (0 events):
No events

Classes redefined (0 events):
No events

Internal exceptions (20 events):
Event: 3.075 Thread 0x00000269c01320a0 Exception <a 'java/lang/NoSuchMethodError'{0x00000000854d2180}: 'java.lang.Object java.lang.invoke.Invokers$Holder.linkToTargetMethod(java.lang.Object, long, java.lang.Object)'> (0x00000000854d2180) 
thrown [s\src\hotspot\share\interpreter\linkResolver.cpp, line 759]
Event: 3.135 Thread 0x00000269c01320a0 Exception <a 'java/lang/ClassNotFoundException'{0x00000000853cf798}: com/sun/javafx/scene/control/skin/resources/controls> (0x00000000853cf798) 
thrown [s\src\hotspot\share\prims\jni.cpp, line 535]
Event: 3.138 Thread 0x00000269c01320a0 Exception <a 'java/lang/ClassNotFoundException'{0x00000000853dd720}: com/sun/javafx/scene/control/skin/resources/controls_en> (0x00000000853dd720) 
thrown [s\src\hotspot\share\prims\jni.cpp, line 535]
Event: 3.141 Thread 0x00000269c01320a0 Exception <a 'java/lang/ClassNotFoundException'{0x00000000853e5220}: com/sun/javafx/scene/control/skin/resources/controls_en_US> (0x00000000853e5220) 
thrown [s\src\hotspot\share\prims\jni.cpp, line 535]
Event: 3.218 Thread 0x00000269c01320a0 Exception <a 'java/lang/NoSuchMethodError'{0x000000008515b9a0}: 'void java.lang.invoke.DirectMethodHandle$Holder.invokeSpecial(java.lang.Object, java.lang.Object, java.lang.Object, java.lang.Object, java.lang.Object, java.lang.Object)'> (0x000000008515b9a0) 
thrown [s\src\hotspot\share\interpreter\linkResolver.cpp, line 759]
Event: 3.347 Thread 0x00000269c052dc40 Exception <a 'java/lang/NoSuchMethodError'{0x0000000084d35188}: 'int java.lang.invoke.DirectMethodHandle$Holder.invokeStaticInit(java.lang.Object, java.lang.Object)'> (0x0000000084d35188) 
thrown [s\src\hotspot\share\interpreter\linkResolver.cpp, line 759]
Event: 3.379 Thread 0x00000269c052dc40 Exception <a 'java/lang/NoSuchMethodError'{0x0000000084dc13b0}: 'java.lang.Object java.lang.invoke.DirectMethodHandle$Holder.invokeStaticInit(java.lang.Object, int)'> (0x0000000084dc13b0) 
thrown [s\src\hotspot\share\interpreter\linkResolver.cpp, line 759]
Event: 5.499 Thread 0x00000269c01320a0 Exception <a 'java/lang/NoSuchMethodError'{0x00000000846d7730}: 'int java.lang.invoke.DirectMethodHandle$Holder.invokeStaticInit(java.lang.Object, java.lang.Object, java.lang.Object, java.lang.Object)'> (0x00000000846d7730) 
thrown [s\src\hotspot\share\interpreter\linkResolver.cpp, line 759]
Event: 5.500 Thread 0x00000269c01320a0 Exception <a 'java/lang/NoSuchMethodError'{0x00000000846e0e80}: 'java.lang.Object java.lang.invoke.DirectMethodHandle$Holder.invokeInterface(java.lang.Object, java.lang.Object)'> (0x00000000846e0e80) 
thrown [s\src\hotspot\share\interpreter\linkResolver.cpp, line 759]
Event: 5.500 Thread 0x00000269c01320a0 Exception <a 'java/lang/IncompatibleClassChangeError'{0x00000000846e4920}: Found class java.lang.Object, but interface was expected> (0x00000000846e4920) 
thrown [s\src\hotspot\share\interpreter\linkResolver.cpp, line 826]
Event: 7.339 Thread 0x00000269c01320a0 Exception <a 'java/lang/NoSuchMethodError'{0x0000000085788898}: 'java.lang.Object java.lang.invoke.DirectMethodHandle$Holder.invokeStaticInit(java.lang.Object, int, int, int, int)'> (0x0000000085788898) 
thrown [s\src\hotspot\share\interpreter\linkResolver.cpp, line 759]
Event: 7.414 Thread 0x00000269c01320a0 Exception <a 'java/lang/NoSuchMethodError'{0x00000000857ee2f8}: 'java.lang.Object java.lang.invoke.DirectMethodHandle$Holder.invokeStaticInit(java.lang.Object, java.lang.Object, int, int, int, int)'> (0x00000000857ee2f8) 
thrown [s\src\hotspot\share\interpreter\linkResolver.cpp, line 759]
Event: 10.439 Thread 0x00000269c01320a0 Exception <a 'java/lang/NoSuchMethodError'{0x000000008568f6b0}: 'void java.lang.invoke.DirectMethodHandle$Holder.invokeSpecial(java.lang.Object, java.lang.Object, int)'> (0x000000008568f6b0) 
thrown [s\src\hotspot\share\interpreter\linkResolver.cpp, line 759]
Event: 10.441 Thread 0x00000269c152fce0 Exception <a 'java/lang/NoSuchMethodError'{0x00000000856f9378}: 'java.lang.Object java.lang.invoke.DirectMethodHandle$Holder.newInvokeSpecial(java.lang.Object, java.lang.Object, java.lang.Object, int)'> (0x00000000856f9378) 
thrown [s\src\hotspot\share\interpreter\linkResolver.cpp, line 759]
Event: 10.442 Thread 0x00000269c152fce0 Exception <a 'java/lang/NoSuchMethodError'{0x00000000856fd4b0}: 'java.lang.Object java.lang.invoke.DirectMethodHandle$Holder.invokeSpecial(java.lang.Object, java.lang.Object, java.lang.Object, java.lang.Object, int)'> (0x00000000856fd4b0) 
thrown [s\src\hotspot\share\interpreter\linkResolver.cpp, line 759]
Event: 10.442 Thread 0x00000269c152fce0 Exception <a 'java/lang/NoSuchMethodError'{0x0000000085501260}: 'java.lang.Object java.lang.invoke.Invokers$Holder.linkToTargetMethod(java.lang.Object, java.lang.Object, int, java.lang.Object)'> (0x0000000085501260) 
thrown [s\src\hotspot\share\interpreter\linkResolver.cpp, line 759]
Event: 10.442 Thread 0x00000269c15339a0 Exception <a 'java/lang/ClassNotFoundException'{0x000000008566e740}: sun/awt/resources/spi/awtProvider> (0x000000008566e740) 
thrown [s\src\hotspot\share\classfile\systemDictionary.cpp, line 256]
Event: 10.445 Thread 0x00000269c15339a0 Exception <a 'java/io/FileNotFoundException'{0x0000000085671550}> (0x0000000085671550) 
thrown [s\src\hotspot\share\prims\jni.cpp, line 516]
Event: 10.446 Thread 0x00000269c15339a0 Exception <a 'java/io/FileNotFoundException'{0x0000000085672ac0}> (0x0000000085672ac0) 
thrown [s\src\hotspot\share\prims\jni.cpp, line 516]
Event: 12.271 Thread 0x00000269c01320a0 Exception <a 'java/lang/NoSuchMethodError'{0x000000008b216610}: 'java.lang.Object java.lang.invoke.DirectMethodHandle$Holder.newInvokeSpecial(java.lang.Object, java.lang.Object, java.lang.Object, double, double, double, double, int, int, int, int, int, int, int, int, int)'> (0x000000008b216610) 
thrown [s\src\hotspot\share\interpreter\linkResolver.cpp, line 759]

VM Operations (20 events):
Event: 10.934 Executing VM operation: G1TryInitiateConcMark
Event: 10.935 Executing VM operation: G1TryInitiateConcMark done
Event: 10.938 Executing VM operation: HandshakeAllThreads
Event: 10.938 Executing VM operation: HandshakeAllThreads done
Event: 11.014 Executing VM operation: G1TryInitiateConcMark
Event: 11.016 Executing VM operation: G1TryInitiateConcMark done
Event: 11.017 Executing VM operation: G1TryInitiateConcMark
Event: 11.020 Executing VM operation: G1TryInitiateConcMark done
Event: 11.832 Executing VM operation: G1TryInitiateConcMark
Event: 11.835 Executing VM operation: G1TryInitiateConcMark done
Event: 12.329 Executing VM operation: G1TryInitiateConcMark
Event: 12.331 Executing VM operation: G1TryInitiateConcMark done
Event: 13.029 Executing VM operation: G1TryInitiateConcMark
Event: 13.031 Executing VM operation: G1TryInitiateConcMark done
Event: 13.652 Executing VM operation: G1TryInitiateConcMark
Event: 13.655 Executing VM operation: G1TryInitiateConcMark done
Event: 14.247 Executing VM operation: G1TryInitiateConcMark
Event: 14.249 Executing VM operation: G1TryInitiateConcMark done
Event: 14.840 Executing VM operation: G1TryInitiateConcMark
Event: 14.842 Executing VM operation: G1TryInitiateConcMark done

Events (20 events):
Event: 10.780 loading class sun/awt/image/IntegerComponentRaster
Event: 10.781 loading class sun/awt/image/IntegerComponentRaster done
Event: 10.781 loading class sun/awt/image/IntegerInterleavedRaster done
Event: 10.783 loading class java/awt/image/MultiResolutionImage
Event: 10.783 loading class java/awt/image/MultiResolutionImage done
Event: 10.783 loading class sun/awt/image/ToolkitImage
Event: 10.783 loading class sun/awt/image/ToolkitImage done
Event: 11.084 Thread 0x00000269c6361070 Thread exited: 0x00000269c6361070
Event: 11.473 Thread 0x00000269c152fce0 Thread exited: 0x00000269c152fce0
Event: 14.556 Thread 0x00000269ccf1e0e0 Thread added: 0x00000269ccf1e0e0
Event: 14.839 Thread 0x00000269ccf1e0e0 Thread exited: 0x00000269ccf1e0e0
Event: 15.594 Thread 0x00000269c0598d60 Thread exited: 0x00000269c0598d60
Event: 15.594 loading class java/util/IdentityHashMap$KeyIterator
Event: 15.594 loading class java/util/IdentityHashMap$IdentityHashMapIterator
Event: 15.594 loading class java/util/IdentityHashMap$IdentityHashMapIterator done
Event: 15.594 loading class java/util/IdentityHashMap$KeyIterator done
Event: 15.595 Thread 0x00000269a1ecbca0 Thread exited: 0x00000269a1ecbca0
Event: 15.595 Thread 0x00000269c64ca430 Thread added: 0x00000269c64ca430
Event: 15.604 Thread 0x00000269c01320a0 Thread exited: 0x00000269c01320a0
Event: 15.614 Thread 0x00000269c052dc40 Thread exited: 0x00000269c052dc40


Dynamic libraries:
0x00007ff642c60000 - 0x00007ff642c6e000 	C:\Users\Jay\.p2\pool\plugins\org.eclipse.justj.openjdk.hotspot.jre.full.win32.x86_64_17.0.8.v20230801-1951\jre\bin\javaw.exe
0x00007ff822e30000 - 0x00007ff823028000 	C:\WINDOWS\SYSTEM32\ntdll.dll
0x00007ff8229e0000 - 0x00007ff822a9d000 	C:\WINDOWS\System32\KERNEL32.DLL
0x00007ff820a30000 - 0x00007ff820cfe000 	C:\WINDOWS\System32\KERNELBASE.dll
0x00007ff820930000 - 0x00007ff820a30000 	C:\WINDOWS\System32\ucrtbase.dll
0x00007ff819b40000 - 0x00007ff819b57000 	C:\Users\Jay\.p2\pool\plugins\org.eclipse.justj.openjdk.hotspot.jre.full.win32.x86_64_17.0.8.v20230801-1951\jre\bin\jli.dll
0x00007ff819b60000 - 0x00007ff819b79000 	C:\Users\Jay\.p2\pool\plugins\org.eclipse.justj.openjdk.hotspot.jre.full.win32.x86_64_17.0.8.v20230801-1951\jre\bin\VCRUNTIME140.dll
0x00007ff8217a0000 - 0x00007ff821940000 	C:\WINDOWS\System32\USER32.dll
0x00007ff820f50000 - 0x00007ff820f72000 	C:\WINDOWS\System32\win32u.dll
0x00007ff80f830000 - 0x00007ff80faca000 	C:\WINDOWS\WinSxS\amd64_microsoft.windows.common-controls_6595b64144ccf1df_6.0.19041.1110_none_60b5254171f9507e\COMCTL32.dll
0x00007ff821a10000 - 0x00007ff821a3a000 	C:\WINDOWS\System32\GDI32.dll
0x00007ff821c70000 - 0x00007ff821d0e000 	C:\WINDOWS\System32\msvcrt.dll
0x00007ff820d30000 - 0x00007ff820e3b000 	C:\WINDOWS\System32\gdi32full.dll
0x00007ff820e40000 - 0x00007ff820edd000 	C:\WINDOWS\System32\msvcp_win.dll
0x00007ff822c90000 - 0x00007ff822cc0000 	C:\WINDOWS\System32\IMM32.DLL
0x00007ff81b600000 - 0x00007ff81b60c000 	C:\Users\Jay\.p2\pool\plugins\org.eclipse.justj.openjdk.hotspot.jre.full.win32.x86_64_17.0.8.v20230801-1951\jre\bin\vcruntime140_1.dll
0x00007fffef300000 - 0x00007fffef391000 	C:\Users\Jay\.p2\pool\plugins\org.eclipse.justj.openjdk.hotspot.jre.full.win32.x86_64_17.0.8.v20230801-1951\jre\bin\msvcp140.dll
0x00007fffe32c0000 - 0x00007fffe3f0c000 	C:\Users\Jay\.p2\pool\plugins\org.eclipse.justj.openjdk.hotspot.jre.full.win32.x86_64_17.0.8.v20230801-1951\jre\bin\server\jvm.dll
0x00007ff822d40000 - 0x00007ff822dee000 	C:\WINDOWS\System32\ADVAPI32.dll
0x00007ff822bf0000 - 0x00007ff822c8c000 	C:\WINDOWS\System32\sechost.dll
0x00007ff821670000 - 0x00007ff821795000 	C:\WINDOWS\System32\RPCRT4.dll
0x00007ff8204b0000 - 0x00007ff8204fb000 	C:\WINDOWS\SYSTEM32\POWRPROF.dll
0x00007ff818d90000 - 0x00007ff818d99000 	C:\WINDOWS\SYSTEM32\WSOCK32.dll
0x00007ff822cc0000 - 0x00007ff822d2b000 	C:\WINDOWS\System32\WS2_32.dll
0x00007ff810280000 - 0x00007ff8102a7000 	C:\WINDOWS\SYSTEM32\WINMM.dll
0x00007ff80d9d0000 - 0x00007ff80d9da000 	C:\WINDOWS\SYSTEM32\VERSION.dll
0x00007ff820490000 - 0x00007ff8204a2000 	C:\WINDOWS\SYSTEM32\UMPDC.dll
0x00007ff81e530000 - 0x00007ff81e542000 	C:\WINDOWS\SYSTEM32\kernel.appcore.dll
0x00007ff815ce0000 - 0x00007ff815cea000 	C:\Users\Jay\.p2\pool\plugins\org.eclipse.justj.openjdk.hotspot.jre.full.win32.x86_64_17.0.8.v20230801-1951\jre\bin\jimage.dll
0x00007ff80cb20000 - 0x00007ff80cd04000 	C:\WINDOWS\SYSTEM32\DBGHELP.DLL
0x00007ff80caf0000 - 0x00007ff80cb1c000 	C:\WINDOWS\SYSTEM32\dbgcore.DLL
0x00007ff8207f0000 - 0x00007ff820872000 	C:\WINDOWS\System32\bcryptPrimitives.dll
0x00007ff8119b0000 - 0x00007ff8119d5000 	C:\Users\Jay\.p2\pool\plugins\org.eclipse.justj.openjdk.hotspot.jre.full.win32.x86_64_17.0.8.v20230801-1951\jre\bin\java.dll
0x00007ff813230000 - 0x00007ff813248000 	C:\Users\Jay\.p2\pool\plugins\org.eclipse.justj.openjdk.hotspot.jre.full.win32.x86_64_17.0.8.v20230801-1951\jre\bin\zip.dll
0x00007ff822180000 - 0x00007ff8228c3000 	C:\WINDOWS\System32\SHELL32.dll
0x00007ff81e730000 - 0x00007ff81eec5000 	C:\WINDOWS\SYSTEM32\windows.storage.dll
0x00007ff821040000 - 0x00007ff821394000 	C:\WINDOWS\System32\combase.dll
0x00007ff81ffd0000 - 0x00007ff820000000 	C:\WINDOWS\SYSTEM32\Wldp.dll
0x00007ff820f90000 - 0x00007ff82103d000 	C:\WINDOWS\System32\SHCORE.dll
0x00007ff822980000 - 0x00007ff8229d5000 	C:\WINDOWS\System32\shlwapi.dll
0x00007ff820580000 - 0x00007ff82059f000 	C:\WINDOWS\SYSTEM32\profapi.dll
0x00007ff811990000 - 0x00007ff8119a9000 	C:\Users\Jay\.p2\pool\plugins\org.eclipse.justj.openjdk.hotspot.jre.full.win32.x86_64_17.0.8.v20230801-1951\jre\bin\net.dll
0x00007ff814980000 - 0x00007ff814a8a000 	C:\WINDOWS\SYSTEM32\WINHTTP.dll
0x00007ff81fd30000 - 0x00007ff81fd9a000 	C:\WINDOWS\system32\mswsock.dll
0x00007ff811970000 - 0x00007ff811985000 	C:\Users\Jay\.p2\pool\plugins\org.eclipse.justj.openjdk.hotspot.jre.full.win32.x86_64_17.0.8.v20230801-1951\jre\bin\nio.dll
0x000002699fea0000 - 0x000002699fea3000 	C:\javafx-sdk-20.0.2\bin\api-ms-win-core-console-l1-1-0.dll
0x000002699feb0000 - 0x000002699feb3000 	C:\javafx-sdk-20.0.2\bin\api-ms-win-core-console-l1-2-0.dll
0x000002699fec0000 - 0x000002699fec3000 	C:\javafx-sdk-20.0.2\bin\api-ms-win-core-datetime-l1-1-0.dll
0x00000269a1e00000 - 0x00000269a1e03000 	C:\javafx-sdk-20.0.2\bin\api-ms-win-core-debug-l1-1-0.dll
0x00000269a1e10000 - 0x00000269a1e13000 	C:\javafx-sdk-20.0.2\bin\api-ms-win-core-errorhandling-l1-1-0.dll
0x00000269a1e20000 - 0x00000269a1e24000 	C:\javafx-sdk-20.0.2\bin\api-ms-win-core-file-l1-1-0.dll
0x00000269a1e30000 - 0x00000269a1e33000 	C:\javafx-sdk-20.0.2\bin\api-ms-win-core-file-l1-2-0.dll
0x00000269a1e40000 - 0x00000269a1e43000 	C:\javafx-sdk-20.0.2\bin\api-ms-win-core-file-l2-1-0.dll
0x00000269a1e50000 - 0x00000269a1e53000 	C:\javafx-sdk-20.0.2\bin\api-ms-win-core-handle-l1-1-0.dll
0x00000269a1e60000 - 0x00000269a1e63000 	C:\javafx-sdk-20.0.2\bin\api-ms-win-core-heap-l1-1-0.dll
0x00000269a1e70000 - 0x00000269a1e73000 	C:\javafx-sdk-20.0.2\bin\api-ms-win-core-interlocked-l1-1-0.dll
0x00000269bbad0000 - 0x00000269bbad3000 	C:\javafx-sdk-20.0.2\bin\api-ms-win-core-libraryloader-l1-1-0.dll
0x00000269bbae0000 - 0x00000269bbae3000 	C:\javafx-sdk-20.0.2\bin\api-ms-win-core-localization-l1-2-0.dll
0x00000269bbaf0000 - 0x00000269bbaf3000 	C:\javafx-sdk-20.0.2\bin\api-ms-win-core-memory-l1-1-0.dll
0x00000269bbb00000 - 0x00000269bbb03000 	C:\javafx-sdk-20.0.2\bin\api-ms-win-core-namedpipe-l1-1-0.dll
0x00000269bbb10000 - 0x00000269bbb13000 	C:\javafx-sdk-20.0.2\bin\api-ms-win-core-processenvironment-l1-1-0.dll
0x00000269bbb20000 - 0x00000269bbb23000 	C:\javafx-sdk-20.0.2\bin\api-ms-win-core-processthreads-l1-1-0.dll
0x00000269bbb30000 - 0x00000269bbb33000 	C:\javafx-sdk-20.0.2\bin\api-ms-win-core-processthreads-l1-1-1.dll
0x00000269bbb40000 - 0x00000269bbb43000 	C:\javafx-sdk-20.0.2\bin\api-ms-win-core-profile-l1-1-0.dll
0x00000269bbb50000 - 0x00000269bbb53000 	C:\javafx-sdk-20.0.2\bin\api-ms-win-core-rtlsupport-l1-1-0.dll
0x00000269bbb60000 - 0x00000269bbb63000 	C:\javafx-sdk-20.0.2\bin\api-ms-win-core-string-l1-1-0.dll
0x00000269bbb70000 - 0x00000269bbb73000 	C:\javafx-sdk-20.0.2\bin\api-ms-win-core-synch-l1-1-0.dll
0x00000269bbb80000 - 0x00000269bbb83000 	C:\javafx-sdk-20.0.2\bin\api-ms-win-core-synch-l1-2-0.dll
0x00000269bbb90000 - 0x00000269bbb93000 	C:\javafx-sdk-20.0.2\bin\api-ms-win-core-sysinfo-l1-1-0.dll
0x00000269bbba0000 - 0x00000269bbba3000 	C:\javafx-sdk-20.0.2\bin\api-ms-win-core-timezone-l1-1-0.dll
0x00000269bbbb0000 - 0x00000269bbbb3000 	C:\javafx-sdk-20.0.2\bin\api-ms-win-core-util-l1-1-0.dll
0x00000269bbbc0000 - 0x00000269bbbc3000 	C:\javafx-sdk-20.0.2\bin\api-ms-win-crt-conio-l1-1-0.dll
0x00000269bbbd0000 - 0x00000269bbbd4000 	C:\javafx-sdk-20.0.2\bin\api-ms-win-crt-convert-l1-1-0.dll
0x00000269bbbe0000 - 0x00000269bbbe3000 	C:\javafx-sdk-20.0.2\bin\api-ms-win-crt-environment-l1-1-0.dll
0x00000269bbbf0000 - 0x00000269bbbf3000 	C:\javafx-sdk-20.0.2\bin\api-ms-win-crt-filesystem-l1-1-0.dll
0x00000269bbc00000 - 0x00000269bbc03000 	C:\javafx-sdk-20.0.2\bin\api-ms-win-crt-heap-l1-1-0.dll
0x00000269bbc10000 - 0x00000269bbc13000 	C:\javafx-sdk-20.0.2\bin\api-ms-win-crt-locale-l1-1-0.dll
0x00000269bbc20000 - 0x00000269bbc25000 	C:\javafx-sdk-20.0.2\bin\api-ms-win-crt-math-l1-1-0.dll
0x00000269bbc30000 - 0x00000269bbc35000 	C:\javafx-sdk-20.0.2\bin\api-ms-win-crt-multibyte-l1-1-0.dll
0x00000269bbc40000 - 0x00000269bbc50000 	C:\javafx-sdk-20.0.2\bin\api-ms-win-crt-private-l1-1-0.dll
0x00000269bbc50000 - 0x00000269bbc53000 	C:\javafx-sdk-20.0.2\bin\api-ms-win-crt-process-l1-1-0.dll
0x00000269bbc60000 - 0x00000269bbc64000 	C:\javafx-sdk-20.0.2\bin\api-ms-win-crt-runtime-l1-1-0.dll
0x00000269bbc70000 - 0x00000269bbc74000 	C:\javafx-sdk-20.0.2\bin\api-ms-win-crt-stdio-l1-1-0.dll
0x00000269bbc80000 - 0x00000269bbc84000 	C:\javafx-sdk-20.0.2\bin\api-ms-win-crt-string-l1-1-0.dll
0x00000269bbc90000 - 0x00000269bbc93000 	C:\javafx-sdk-20.0.2\bin\api-ms-win-crt-time-l1-1-0.dll
0x00000269bbca0000 - 0x00000269bbca3000 	C:\javafx-sdk-20.0.2\bin\api-ms-win-crt-utility-l1-1-0.dll
0x00007fffedf10000 - 0x00007fffee00c000 	C:\javafx-sdk-20.0.2\bin\ucrtbase.dll
0x00007ff818c70000 - 0x00007ff818c8b000 	C:\javafx-sdk-20.0.2\bin\vcruntime140.dll
0x00007ff819ae0000 - 0x00007ff819aec000 	C:\javafx-sdk-20.0.2\bin\vcruntime140_1.dll
0x00007fffefaf0000 - 0x00007fffefb7e000 	C:\javafx-sdk-20.0.2\bin\msvcp140.dll
0x00007ff8199d0000 - 0x00007ff8199d9000 	C:\javafx-sdk-20.0.2\bin\msvcp140_1.dll
0x00007fffff740000 - 0x00007fffff770000 	C:\javafx-sdk-20.0.2\bin\msvcp140_2.dll
0x00007ffffbca0000 - 0x00007ffffbccf000 	C:\javafx-sdk-20.0.2\bin\prism_d3d.dll
0x00007fffeeb60000 - 0x00007fffeed2f000 	C:\WINDOWS\system32\d3d9.dll
0x00007ff81e320000 - 0x00007ff81e34f000 	C:\WINDOWS\SYSTEM32\dwmapi.dll
0x00007ff81e050000 - 0x00007ff81e0ee000 	C:\WINDOWS\system32\uxtheme.dll
0x00007ff821940000 - 0x00007ff821a0d000 	C:\WINDOWS\System32\OLEAUT32.dll
0x00007ff822ac0000 - 0x00007ff822bea000 	C:\WINDOWS\System32\ole32.dll
0x00007ff821d10000 - 0x00007ff82217f000 	C:\WINDOWS\System32\SETUPAPI.dll
0x00007ff8207a0000 - 0x00007ff8207ee000 	C:\WINDOWS\System32\cfgmgr32.dll
0x00007ff820d00000 - 0x00007ff820d27000 	C:\WINDOWS\System32\bcrypt.dll
0x00007ffff9100000 - 0x00007ffff9142000 	C:\javafx-sdk-20.0.2\bin\glass.dll
0x00007ff821410000 - 0x00007ff8214ea000 	C:\WINDOWS\System32\COMDLG32.dll
0x00007ff821550000 - 0x00007ff821665000 	C:\WINDOWS\System32\MSCTF.dll
0x00007ff81b5a0000 - 0x00007ff81b5db000 	C:\WINDOWS\SYSTEM32\dxcore.dll
0x00007ff817df0000 - 0x00007ff817e04000 	C:\javafx-sdk-20.0.2\bin\javafx_font.dll
0x00007ffff8df0000 - 0x00007ffff8e1d000 	C:\javafx-sdk-20.0.2\bin\javafx_iio.dll
0x00007ff816d50000 - 0x00007ff816fcf000 	C:\WINDOWS\SYSTEM32\dwrite.dll
0x00007ff8228d0000 - 0x00007ff822979000 	C:\WINDOWS\System32\clbcatq.dll
0x00007ff819160000 - 0x00007ff819314000 	C:\WINDOWS\SYSTEM32\WindowsCodecs.dll
0x00007ff8074a0000 - 0x00007ff8074de000 	C:\WINDOWS\system32\dataexchange.dll
0x00007ff81ca10000 - 0x00007ff81cbf4000 	C:\WINDOWS\system32\dcomp.dll
0x00007ff81c7a0000 - 0x00007ff81ca03000 	C:\WINDOWS\system32\d3d11.dll
0x00007ff81ef30000 - 0x00007ff81f023000 	C:\WINDOWS\system32\dxgi.dll
0x00007ff818de0000 - 0x00007ff818fe0000 	C:\WINDOWS\system32\twinapi.appcore.dll
0x00007ff819840000 - 0x00007ff819939000 	C:\WINDOWS\SYSTEM32\textinputframework.dll
0x00007ff81d1c0000 - 0x00007ff81d51e000 	C:\WINDOWS\System32\CoreUIComponents.dll
0x00007ff81d8a0000 - 0x00007ff81d992000 	C:\WINDOWS\System32\CoreMessaging.dll
0x00007ff81f340000 - 0x00007ff81f373000 	C:\WINDOWS\SYSTEM32\ntmarta.dll
0x00007ff81c640000 - 0x00007ff81c794000 	C:\WINDOWS\SYSTEM32\wintypes.dll
0x00007ff8128c0000 - 0x00007ff812926000 	C:\WINDOWS\system32\Oleacc.dll
0x00007ffff05a0000 - 0x00007ffff068f000 	C:\Users\Jay\.javacpp\cache\opencv-3.2.0-1.3-windows-x86_64.jar\org\bytedeco\javacpp\windows-x86_64\msvcr120.dll
0x00007fffef250000 - 0x00007fffef2f6000 	C:\Users\Jay\.javacpp\cache\opencv-3.2.0-1.3-windows-x86_64.jar\org\bytedeco\javacpp\windows-x86_64\msvcp120.dll
0x00007fffea930000 - 0x00007fffeabb8000 	C:\Users\Jay\.javacpp\cache\opencv-3.2.0-1.3-windows-x86_64.jar\org\bytedeco\javacpp\windows-x86_64\opencv_core320.dll
0x00007fffe8420000 - 0x00007fffe8782000 	C:\Users\Jay\.javacpp\cache\opencv-3.2.0-1.3-windows-x86_64.jar\org\bytedeco\javacpp\windows-x86_64\opencv_imgproc320.dll
0x00007fffea6e0000 - 0x00007fffea92a000 	C:\Users\Jay\.javacpp\cache\opencv-3.2.0-1.3-windows-x86_64.jar\org\bytedeco\javacpp\windows-x86_64\jniopencv_core.dll
0x00007ff820f80000 - 0x00007ff820f88000 	C:\WINDOWS\System32\PSAPI.DLL
0x00007fffea5f0000 - 0x00007fffea6e0000 	C:\Users\Jay\.javacpp\cache\opencv-3.2.0-1.3-windows-x86_64.jar\org\bytedeco\javacpp\windows-x86_64\jniopencv_imgproc.dll

dbghelp: loaded successfully - version: 4.0.5 - missing functions: none
symbol engine: initialized successfully - sym options: 0x614 - pdb path: .;C:\Users\Jay\.p2\pool\plugins\org.eclipse.justj.openjdk.hotspot.jre.full.win32.x86_64_17.0.8.v20230801-1951\jre\bin;C:\WINDOWS\SYSTEM32;C:\WINDOWS\WinSxS\amd64_microsoft.windows.common-controls_6595b64144ccf1df_6.0.19041.1110_none_60b5254171f9507e;C:\Users\Jay\.p2\pool\plugins\org.eclipse.justj.openjdk.hotspot.jre.full.win32.x86_64_17.0.8.v20230801-1951\jre\bin\server;C:\javafx-sdk-20.0.2\bin;C:\WINDOWS\System32\DriverStore\FileRepository\igdlh64.inf_amd64_82119d956c80af5a;C:\Program Files\Common Files\Microsoft Shared\Ink;C:\Users\Jay\.javacpp\cache\opencv-3.2.0-1.3-windows-x86_64.jar\org\bytedeco\javacpp\windows-x86_64;C:\Users\Jay\.javacpp\cache\videoinput-0.200-1.3-windows-x86_64.jar\org\bytedeco\javacpp\windows-x86_64;C:\WINDOWS\WinSxS\amd64_microsoft.windows.gdiplus_6595b64144ccf1df_1.1.19041.2006_none_919e9136cc8d4791;C:\Program Files (x86)\DroidCam\lib

VM Arguments:
jvm_args: --module-path=C:\javafx-sdk-20.0.2\lib --add-modules=javafx.controls,javafx.fxml -Dfile.encoding=UTF-8 -XX:+ShowCodeDetailsInExceptionMessages 
java_command: application.Main
java_class_path (initial): C:\Users\Jay\Desktop\facebio\Facebioreg\target\classes;C:\Users\Jay\Desktop\javafx-sdk-20.0.2\lib\javafx-swt.jar;C:\Users\Jay\Desktop\javafx-sdk-20.0.2\lib\javafx.base.jar;C:\Users\Jay\Desktop\javafx-sdk-20.0.2\lib\javafx.controls.jar;C:\Users\Jay\Desktop\javafx-sdk-20.0.2\lib\javafx.fxml.jar;C:\Users\Jay\Desktop\javafx-sdk-20.0.2\lib\javafx.graphics.jar;C:\Users\Jay\Desktop\javafx-sdk-20.0.2\lib\javafx.media.jar;C:\Users\Jay\Desktop\javafx-sdk-20.0.2\lib\javafx.swing.jar;C:\Users\Jay\Desktop\javafx-sdk-20.0.2\lib\javafx.web.jar;C:\Users\Jay\.p2\pool\plugins\org.eclipse.fx.ide.css.jfx8_3.8.0.202204150904.jar;C:\Users\Jay\Desktop\facebio\Facebioreg\opencv-341.jar;C:\Users\Jay\.m2\repository\org\bytedeco\javacv-platform\1.3.2\javacv-platform-1.3.2.jar;C:\Users\Jay\.m2\repository\org\bytedeco\javacv\1.3.2\javacv-1.3.2.jar;C:\Users\Jay\.m2\repository\org\bytedeco\javacpp\1.3.2\javacpp-1.3.2.jar;C:\Users\Jay\.m2\repository\org\bytedeco\javacpp-presets\opencv\3.2.0-1.3\opencv-3.2.0-1.3.jar;C:\Users\Jay\.m2\repository\org\bytedeco\javacpp-presets\ffmpeg\3.2.1-1.3\ffmpeg-3.2.1-1.3.jar;C:\Users\Jay\.m2\repository\org\bytedeco\javacpp-presets\flycapture\2.9.3.43-1.3\flycapture-2.9.3.43-1.3.jar;C:\Users\Jay\.m2\repository\org\bytedeco\javacpp-presets\libdc1394\2.2.4-1.3\libdc1394-2.2.4-1.3.jar;C:\Users\Jay\.m2\repository\org\bytedeco\javacpp-presets\libfreenect\0.5.3-1.3\libfreenect-0.5.3-1.3.jar;C:\Users\Jay\.m2\repository\org\bytedeco\javacpp-presets\libfreenect2\0.2.0-1.3\libfreenect2-0.2.0-1.3.jar;C:\Users\Jay\.m2\repository\org\bytedeco\javacpp-presets\librealsense\1.9.6-1.3\librealsense-1.9.6-1.3.jar;C:\Users\Jay\.m2\repository\org\bytedeco\javacpp-presets\videoinput\0.200-1.3\videoinput-0.200-1.3.jar;C:\Users\Jay\.m2\repository\org\bytedeco\javacpp-presets\artoolkitplus\2.3.1-1.3\artoolkitplus-2.3.1-1.3.jar;C:\Users\Jay\.m2\repository\org\bytedeco\javacpp-presets\flandmark\1.07-1.3\flandmark-1.07-1.3.jar;C:\Users\Jay\.m2\repository\org\byted
Launcher Type: SUN_STANDARD

[Global flags]
     intx CICompilerCount                          = 3                                         {product} {ergonomic}
     uint ConcGCThreads                            = 1                                         {product} {ergonomic}
     uint G1ConcRefinementThreads                  = 4                                         {product} {ergonomic}
   size_t G1HeapRegionSize                         = 1048576                                   {product} {ergonomic}
    uintx GCDrainStackTargetSize                   = 64                                        {product} {ergonomic}
   size_t InitialHeapSize                          = 134217728                                 {product} {ergonomic}
   size_t MarkStackSize                            = 4194304                                   {product} {ergonomic}
   size_t MaxHeapSize                              = 2116026368                                {product} {ergonomic}
   size_t MaxNewSize                               = 1268776960                                {product} {ergonomic}
   size_t MinHeapDeltaBytes                        = 1048576                                   {product} {ergonomic}
   size_t MinHeapSize                              = 8388608                                   {product} {ergonomic}
    uintx NonNMethodCodeHeapSize                   = 5832780                                {pd product} {ergonomic}
    uintx NonProfiledCodeHeapSize                  = 122912730                              {pd product} {ergonomic}
    uintx ProfiledCodeHeapSize                     = 122912730                              {pd product} {ergonomic}
    uintx ReservedCodeCacheSize                    = 251658240                              {pd product} {ergonomic}
     bool SegmentedCodeCache                       = true                                      {product} {ergonomic}
     bool ShowCodeDetailsInExceptionMessages       = true                                   {manageable} {command line}
   size_t SoftMaxHeapSize                          = 2116026368                             {manageable} {ergonomic}
     bool UseCompressedClassPointers               = true                           {product lp64_product} {ergonomic}
     bool UseCompressedOops                        = true                           {product lp64_product} {ergonomic}
     bool UseG1GC                                  = true                                      {product} {ergonomic}
     bool UseLargePagesIndividualAllocation        = false                                  {pd product} {ergonomic}

Logging:
Log output configuration:
 #0: stdout all=warning uptime,level,tags
 #1: stderr all=off uptime,level,tags

Environment Variables:
CLASSPATH=.;.;C:\PROGRA~2\JMF21~1.1E\lib\sound.jar;C:\PROGRA~2\JMF21~1.1E\lib\jmf.jar;C:\PROGRA~2\JMF21~1.1E\lib;
PATH=C:/Users/Jay/.p2/pool/plugins/org.eclipse.justj.openjdk.hotspot.jre.full.win32.x86_64_17.0.8.v20230801-1951/jre/bin/server;C:/Users/Jay/.p2/pool/plugins/org.eclipse.justj.openjdk.hotspot.jre.full.win32.x86_64_17.0.8.v20230801-1951/jre/bin;C:\Program Files\Common Files\Oracle\Java\javapath;C:\WINDOWS\system32;C:\WINDOWS;C:\WINDOWS\System32\Wbem;C:\WINDOWS\System32\WindowsPowerShell\v1.0\;C:\Program Files\nodejs\;C:\Program Files\Git\cmd;C:\xampp\php;C:\composer;C:\WINDOWS\System32\OpenSSH\;C:\Program Files\Microsoft SQL Server\150\Tools\Binn\;C:\Program Files\Microsoft SQL Server\Client SDK\ODBC\170\Tools\Binn\;C:\Program Files\dotnet\;C:\Program Files\PowerShell\7\;C:\Users\Jay\.console-ninja\.bin;C:\Users\Jay\AppData\Roaming\npm;C:\Users\Jay\AppData\Local\Programs\Microsoft VS Code\bin;C:\Users\Jay\AppData\Roaming\Composer\vendor\bin;C:\Users\Jay\AppData\Local\Microsoft\WindowsApps;C:\Users\Jay\.dotnet\tools;C:\Users\Jay\.fly\bin;C:\WINDOWS\system32;
USERNAME=Jay
OS=Windows_NT
PROCESSOR_IDENTIFIER=Intel64 Family 6 Model 78 Stepping 3, GenuineIntel
TMP=C:\Users\Jay\AppData\Local\Temp
TEMP=C:\Users\Jay\AppData\Local\Temp



---------------  S Y S T E M  ---------------

OS:
 Windows 10 , 64 bit Build 19041 (10.0.19041.1889)
OS uptime: 3 days 12:06 hours

CPU: total 4 (initial active 4) (2 cores per cpu, 2 threads per core) family 6 model 78 stepping 3 microcode 0xcc, cx8, cmov, fxsr, ht, mmx, 3dnowpref, sse, sse2, sse3, ssse3, sse4.1, sse4.2, popcnt, lzcnt, tsc, tscinvbit, avx, avx2, aes, erms, clmul, bmi1, bmi2, adx, fma, vzeroupper, clflush, clflushopt
Processor Information for all 4 processors :
  Max Mhz: 2000, Current Mhz: 2000, Mhz Limit: 2000

Memory: 4k page, system-wide physical 8065M (1201M free)
TotalPageFile size 12964M (AvailPageFile size 1768M)
current process WorkingSet (physical memory assigned to process): 296M, peak: 326M
current process commit charge ("private bytes"): 386M, peak: 427M

vm_info: OpenJDK 64-Bit Server VM (17.0.8+7) for windows-amd64 JRE (17.0.8+7), built on Jul 18 2023 21:02:32 by "admin" with MS VC++ 16.7 (VS2019)

END.
