#
# A fatal error has been detected by the Java Runtime Environment:
#
#  EXCEPTION_ACCESS_VIOLATION (0xc0000005) at pc=0x00007ff822e93466, pid=2216, tid=6784
#
# JRE version: OpenJDK Runtime Environment Temurin-17.0.8+7 (17.0.8+7) (build 17.0.8+7)
# Java VM: OpenJDK 64-Bit Server VM Temurin-17.0.8+7 (17.0.8+7, mixed mode, tiered, compressed oops, compressed class ptrs, g1 gc, windows-amd64)
# Problematic frame:
# C  [ntdll.dll+0x63466]
#
# No core dump will be written. Minidumps are not enabled by default on client versions of Windows
#
# If you would like to submit a bug report, please visit:
#   https://github.com/adoptium/adoptium-support/issues
# The crash happened outside the Java Virtual Machine in native code.
# See problematic frame for where to report the bug.
#

---------------  S U M M A R Y ------------

Command Line: --module-path=C:\javafx-sdk-20.0.2\lib --add-modules=javafx.controls,javafx.fxml -Dfile.encoding=UTF-8 -XX:+ShowCodeDetailsInExceptionMessages application.Main

Host: Intel(R) Core(TM) i3-6006U CPU @ 2.00GHz, 4 cores, 7G,  Windows 10 , 64 bit Build 19041 (10.0.19041.1889)
Time: Fri Sep 15 16:51:55 2023 Coordinated Universal Time elapsed time: 30.480344 seconds (0d 0h 0m 30s)

---------------  T H R E A D  ---------------

Current thread (0x000001f8d3918af0):  JavaThread "Thread-7" [_thread_in_native, id=6784, stack(0x0000003a45400000,0x0000003a45500000)]

Stack: [0x0000003a45400000,0x0000003a45500000],  sp=0x0000003a454feac0,  free space=1018k
Native frames: (J=compiled Java code, j=interpreted, Vv=VM code, C=native code)
C  [ntdll.dll+0x63466]
C  [ntdll.dll+0x2fcb4]
C  [ntdll.dll+0x2fae2]
C  0x00007ff80aab2be7

Java frames: (J=compiled Java code, j=interpreted, Vv=VM code)
j  org.bytedeco.javacpp.opencv_videoio$VideoCapture.retrieve(Lorg/bytedeco/javacpp/opencv_core$Mat;)Z+0
j  org.bytedeco.javacv.OpenCVFrameGrabber.grab()Lorg/bytedeco/javacv/Frame;+8
j  application.FaceDetector.run()V+988
j  java.lang.Thread.run()V+11 java.base@17.0.8
v  ~StubRoutines::call_stub

siginfo: EXCEPTION_ACCESS_VIOLATION (0xc0000005), writing address 0x0000000000000024


Register to memory mapping:

RIP=0x00007ff822e93466 ntdll.dll
RAX=0x0 is NULL
RBX=0x000001f8dd3806a8 points into unknown readable memory: 0x4c24246c706d496d | 6d 49 6d 70 6c 24 24 4c
RCX=0x000001f8dd3806a8 points into unknown readable memory: 0x4c24246c706d496d | 6d 49 6d 70 6c 24 24 4c
RDX=0x00000000fffffffa is an unallocated location in the heap
RSP=0x0000003a454feac0 is pointing into the stack for thread: 0x000001f8d3918af0
RBP=0x0 is NULL
RSI=0x0 is NULL
RDI=0x0 is NULL
R8 =0x0 is NULL
R9 =0x000001f8dd380600 points into unknown readable memory: 0x0000000000000000 | 00 00 00 00 00 00 00 00
R10=0x0 is NULL
R11=0x0000000000000246 is an unknown value
R12=0x0 is NULL
R13=0x0000003a41f3e000 points into unknown readable memory: 0x0000000000000000 | 00 00 00 00 00 00 00 00
R14=0x0000000000000001 is an unknown value
R15=0x0 is NULL


Registers:
RAX=0x0000000000000000, RBX=0x000001f8dd3806a8, RCX=0x000001f8dd3806a8, RDX=0x00000000fffffffa
RSP=0x0000003a454feac0, RBP=0x0000000000000000, RSI=0x0000000000000000, RDI=0x0000000000000000
R8 =0x0000000000000000, R9 =0x000001f8dd380600, R10=0x0000000000000000, R11=0x0000000000000246
R12=0x0000000000000000, R13=0x0000003a41f3e000, R14=0x0000000000000001, R15=0x0000000000000000
RIP=0x00007ff822e93466, EFLAGS=0x0000000000010213

Top of Stack: (sp=0x0000003a454feac0)
0x0000003a454feac0:   ffffffffffffffff 000001f8dd3806a8
0x0000003a454fead0:   000001f8dd81de00 000001f8dd81de90
0x0000003a454feae0:   0000000000000000 0000000000000000
0x0000003a454feaf0:   000000000000e102 00007ff822e4e3ad
0x0000003a454feb00:   000001f8b7700000 0000003afffffffa
0x0000003a454feb10:   0000003a41f3e000 000001f8dd81de90
0x0000003a454feb20:   0000003a454febf8 000001f8c45794ec
0x0000003a454feb30:   0000000083bb6048 0000000083b7a118
0x0000003a454feb40:   0000003a454febb8 000001f8c4579600
0x0000003a454feb50:   00002e795618858f 0000000000000000
0x0000003a454feb60:   000001f8d3918a00 0000000000000001
0x0000003a454feb70:   0000000000000001 0000000000000001
0x0000003a454feb80:   0000000000000000 000001f8dd3806a8
0x0000003a454feb90:   0000000000000000 00007ff822e5fcb4
0x0000003a454feba0:   0000000000000000 0000000000000001
0x0000003a454febb0:   00000000fffffffa ffffffffff676980 

Instructions: (pc=0x00007ff822e93466)
0x00007ff822e93366:   20 e9 ed fe ff ff 48 89 41 18 e9 e4 fe ff ff cc
0x00007ff822e93376:   cc cc cc cc cc cc cc cc cc cc 80 3d 81 91 10 00
0x00007ff822e93386:   00 0f 95 c0 c3 cc cc cc cc cc cc cc cc cc cc cc
0x00007ff822e93396:   cc cc cc cc cc cc cc cc cc cc 48 83 ec 38 8b 05
0x00007ff822e933a6:   82 77 10 00 89 44 24 20 e8 41 02 00 00 48 83 c4
0x00007ff822e933b6:   38 c3 cc cc cc cc cc cc cc cc 48 89 5c 24 18 55
0x00007ff822e933c6:   56 57 41 54 41 55 41 56 41 57 48 81 ec a0 00 00
0x00007ff822e933d6:   00 48 8b 05 32 11 12 00 48 33 c4 48 89 84 24 90
0x00007ff822e933e6:   00 00 00 65 4c 8b 2c 25 30 00 00 00 48 8d 05 cf
0x00007ff822e933f6:   31 10 00 40 32 ed 89 54 24 48 33 f6 40 88 6c 24
0x00007ff822e93406:   40 4c 89 6c 24 50 48 8b d9 44 8b e6 48 3b c8 0f
0x00007ff822e93416:   84 39 01 00 00 40 38 35 e6 90 10 00 0f 85 a8 01
0x00007ff822e93426:   00 00 39 35 fa 90 10 00 0f 85 6a 01 00 00 40 38
0x00007ff822e93436:   35 bd 8b 10 00 48 8d 3d be 8b 10 00 48 0f 45 fe
0x00007ff822e93446:   48 39 73 18 0f 84 d2 00 00 00 48 8b 03 48 83 f8
0x00007ff822e93456:   ff 0f 84 d2 00 00 00 44 8b fe 48 83 f8 ff 74 03
0x00007ff822e93466:   ff 40 24 4c 8b 73 18 4c 8d 2d 54 31 10 00 bd 22
0x00007ff822e93476:   17 00 00 e8 d2 13 fc ff 85 c0 0f 85 ee b4 05 00
0x00007ff822e93486:   b9 82 03 fe 7f 80 39 00 0f 85 fc b4 05 00 49 83
0x00007ff822e93496:   fe ff 0f 85 8a b5 05 00 4c 8b cf c7 44 24 20 00
0x00007ff822e934a6:   00 00 00 41 b8 04 00 00 00 48 8d 54 24 48 48 8d
0x00007ff822e934b6:   4b 08 e8 37 01 00 00 3d 02 01 00 00 0f 84 73 b5
0x00007ff822e934c6:   05 00 8b 4b 08 89 4c 24 48 f6 c1 02 75 ca 3d 02
0x00007ff822e934d6:   01 00 00 0f 84 5c b5 05 00 0f b6 6c 24 40 4c 8b
0x00007ff822e934e6:   6c 24 50 85 c0 0f 88 a8 b6 05 00 40 84 ed 75 73
0x00007ff822e934f6:   48 8b 8c 24 90 00 00 00 48 33 cc e8 7a 8d 02 00
0x00007ff822e93506:   48 8b 9c 24 f0 00 00 00 48 81 c4 a0 00 00 00 41
0x00007ff822e93516:   5f 41 5e 41 5d 41 5c 5f 5e 5d c3 cc 48 8b cb e8
0x00007ff822e93526:   56 05 00 00 e9 21 ff ff ff 8b 4b 20 48 c7 c0 ff
0x00007ff822e93536:   ff ff ff 48 0f ba e1 18 0f 82 19 ff ff ff 48 8b
0x00007ff822e93546:   cb e8 f4 e2 fa ff 48 8b 03 e9 09 ff ff ff c6 44
0x00007ff822e93556:   24 40 01 41 c7 85 60 17 00 00 01 00 00 00 e9 b2 


Stack slot to memory mapping:
stack at sp + 0 slots: 0xffffffffffffffff is an unknown value
stack at sp + 1 slots: 0x000001f8dd3806a8 points into unknown readable memory: 0x4c24246c706d496d | 6d 49 6d 70 6c 24 24 4c
stack at sp + 2 slots: 0x000001f8dd81de00 points into unknown readable memory: 0x00007fff00000001 | 01 00 00 00 ff 7f 00 00
stack at sp + 3 slots: 0x000001f8dd81de90 points into unknown readable memory: 0x00007fffe3e2f038 | 38 f0 e2 e3 ff 7f 00 00
stack at sp + 4 slots: 0x0 is NULL
stack at sp + 5 slots: 0x0 is NULL
stack at sp + 6 slots: 0x000000000000e102 is an unknown value
stack at sp + 7 slots: 0x00007ff822e4e3ad ntdll.dll


---------------  P R O C E S S  ---------------

Threads class SMR info:
_java_thread_list=0x000001f8dd691400, length=25, elements={
0x000001f8d308e610, 0x000001f8d3092240, 0x000001f8d30b6a10, 0x000001f8d30b72e0,
0x000001f8d30c7640, 0x000001f8d30cb820, 0x000001f8d30cc630, 0x000001f8d30cf160,
0x000001f8d30e0c60, 0x000001f8d3282030, 0x000001f8d3466830, 0x000001f8d373bee0,
0x000001f8d37af710, 0x000001f8d37ad3a0, 0x000001f8d37a87b0, 0x000001f8d37a8cc0,
0x000001f8dcb72150, 0x000001f8dcb72660, 0x000001f8dcb744c0, 0x000001f8dcb74ee0,
0x000001f8d3919a20, 0x000001f8d3918af0, 0x000001f8d3916c90, 0x000001f8d39176b0,
0x000001f8d37a91d0
}

Java Threads: ( => current thread )
  0x000001f8d308e610 JavaThread "Reference Handler" daemon [_thread_blocked, id=13432, stack(0x0000003a42b00000,0x0000003a42c00000)]
  0x000001f8d3092240 JavaThread "Finalizer" daemon [_thread_blocked, id=6952, stack(0x0000003a42c00000,0x0000003a42d00000)]
  0x000001f8d30b6a10 JavaThread "Signal Dispatcher" daemon [_thread_blocked, id=6064, stack(0x0000003a42d00000,0x0000003a42e00000)]
  0x000001f8d30b72e0 JavaThread "Attach Listener" daemon [_thread_blocked, id=7332, stack(0x0000003a42e00000,0x0000003a42f00000)]
  0x000001f8d30c7640 JavaThread "Service Thread" daemon [_thread_blocked, id=6588, stack(0x0000003a42f00000,0x0000003a43000000)]
  0x000001f8d30cb820 JavaThread "Monitor Deflation Thread" daemon [_thread_blocked, id=12492, stack(0x0000003a43000000,0x0000003a43100000)]
  0x000001f8d30cc630 JavaThread "C2 CompilerThread0" daemon [_thread_blocked, id=14080, stack(0x0000003a43100000,0x0000003a43200000)]
  0x000001f8d30cf160 JavaThread "C1 CompilerThread0" daemon [_thread_blocked, id=13732, stack(0x0000003a43200000,0x0000003a43300000)]
  0x000001f8d30e0c60 JavaThread "Sweeper thread" daemon [_thread_blocked, id=12932, stack(0x0000003a43300000,0x0000003a43400000)]
  0x000001f8d3282030 JavaThread "Common-Cleaner" daemon [_thread_blocked, id=9388, stack(0x0000003a43400000,0x0000003a43500000)]
  0x000001f8d3466830 JavaThread "Notification Thread" daemon [_thread_blocked, id=10092, stack(0x0000003a43600000,0x0000003a43700000)]
  0x000001f8d373bee0 JavaThread "InvokeLaterDispatcher" daemon [_thread_blocked, id=13480, stack(0x0000003a43900000,0x0000003a43a00000)]
  0x000001f8d37af710 JavaThread "Thread-2" daemon [_thread_in_native, id=8904, stack(0x0000003a44100000,0x0000003a44200000)]
  0x000001f8d37ad3a0 JavaThread "ForkJoinPool.commonPool-worker-1" daemon [_thread_blocked, id=14024, stack(0x0000003a44300000,0x0000003a44400000)]
  0x000001f8d37a87b0 JavaThread "FileSystemWatchService" daemon [_thread_in_native, id=14144, stack(0x0000003a44400000,0x0000003a44500000)]
  0x000001f8d37a8cc0 JavaThread "Thread-3" daemon [_thread_blocked, id=13544, stack(0x0000003a44500000,0x0000003a44600000)]
  0x000001f8dcb72150 JavaThread "FileSystemWatchService" daemon [_thread_in_native, id=10556, stack(0x0000003a44600000,0x0000003a44700000)]
  0x000001f8dcb72660 JavaThread "Thread-4" daemon [_thread_blocked, id=5008, stack(0x0000003a44700000,0x0000003a44800000)]
  0x000001f8dcb744c0 JavaThread "Prism Font Disposer" daemon [_thread_blocked, id=4916, stack(0x0000003a44b00000,0x0000003a44c00000)]
  0x000001f8dcb74ee0 JavaThread "Cleaner-0" daemon [_thread_blocked, id=14000, stack(0x0000003a44c00000,0x0000003a44d00000)]
  0x000001f8d3919a20 JavaThread "JavaCPP Deallocator" daemon [_thread_blocked, id=8512, stack(0x0000003a43500000,0x0000003a43600000)]
=>0x000001f8d3918af0 JavaThread "Thread-7" [_thread_in_native, id=6784, stack(0x0000003a45400000,0x0000003a45500000)]
  0x000001f8d3916c90 JavaThread "pool-2-thread-1" [_thread_blocked, id=1468, stack(0x0000003a45700000,0x0000003a45800000)]
  0x000001f8d39176b0 JavaThread "Java2D Disposer" daemon [_thread_blocked, id=932, stack(0x0000003a45800000,0x0000003a45900000)]
  0x000001f8d37a91d0 JavaThread "DestroyJavaVM" [_thread_blocked, id=1328, stack(0x0000003a42400000,0x0000003a42500000)]

Other Threads:
  0x000001f8d306c150 VMThread "VM Thread" [stack: 0x0000003a42a00000,0x0000003a42b00000] [id=9316]
  0x000001f8d3466d10 WatcherThread [stack: 0x0000003a43700000,0x0000003a43800000] [id=12396]
  0x000001f8b99e8640 GCTaskThread "GC Thread#0" [stack: 0x0000003a42500000,0x0000003a42600000] [id=2740]
  0x000001f8d38e4f10 GCTaskThread "GC Thread#1" [stack: 0x0000003a43e00000,0x0000003a43f00000] [id=1040]
  0x000001f8d38ea870 GCTaskThread "GC Thread#2" [stack: 0x0000003a43f00000,0x0000003a44000000] [id=9708]
  0x000001f8d394e170 GCTaskThread "GC Thread#3" [stack: 0x0000003a44000000,0x0000003a44100000] [id=4164]
  0x000001f8b99f9880 ConcurrentGCThread "G1 Main Marker" [stack: 0x0000003a42600000,0x0000003a42700000] [id=13668]
  0x000001f8b99fa1a0 ConcurrentGCThread "G1 Conc#0" [stack: 0x0000003a42700000,0x0000003a42800000] [id=2788]
  0x000001f8b9a3e2e0 ConcurrentGCThread "G1 Refine#0" [stack: 0x0000003a42800000,0x0000003a42900000] [id=6124]
  0x000001f8b9a3ec20 ConcurrentGCThread "G1 Service" [stack: 0x0000003a42900000,0x0000003a42a00000] [id=3140]

Threads with active compile tasks:

VM state: not at safepoint (normal execution)

VM Mutex/Monitor currently owned by a thread: None

Heap address: 0x0000000081e00000, size: 2018 MB, Compressed Oops mode: 32-bit

CDS archive(s) not mapped
Compressed class space mapped at: 0x0000000100000000-0x0000000140000000, reserved size: 1073741824
Narrow klass base: 0x0000000000000000, Narrow klass shift: 3, Narrow klass range: 0x140000000

GC Precious Log:
 CPUs: 4 total, 4 available
 Memory: 8065M
 Large Page Support: Disabled
 NUMA Support: Disabled
 Compressed Oops: Enabled (32-bit)
 Heap Region Size: 1M
 Heap Min Capacity: 8M
 Heap Initial Capacity: 128M
 Heap Max Capacity: 2018M
 Pre-touch: Disabled
 Parallel Workers: 4
 Concurrent Workers: 1
 Concurrent Refinement Workers: 4
 Periodic GC: Disabled

Heap:
 garbage-first heap   total 156672K, used 49048K [0x0000000081e00000, 0x0000000100000000)
  region size 1024K, 3 young (3072K), 1 survivors (1024K)
 Metaspace       used 32392K, committed 32576K, reserved 1114112K
  class space    used 3948K, committed 4032K, reserved 1048576K

Heap Regions: E=young(eden), S=young(survivor), O=old, HS=humongous(starts), HC=humongous(continues), CS=collection set, F=free, OA=open archive, CA=closed archive, TAMS=top-at-mark-start (previous, next)
|   0|0x0000000081e00000, 0x0000000081f00000, 0x0000000081f00000|100%| O|  |TAMS 0x0000000081f00000, 0x0000000081f00000| Untracked 
|   1|0x0000000081f00000, 0x0000000082000000, 0x0000000082000000|100%| O|  |TAMS 0x0000000082000000, 0x0000000082000000| Untracked 
|   2|0x0000000082000000, 0x00000000820ece00, 0x0000000082100000| 92%| O|  |TAMS 0x00000000820ece00, 0x00000000820ece00| Untracked 
|   3|0x0000000082100000, 0x0000000082200000, 0x0000000082200000|100%|HS|  |TAMS 0x0000000082200000, 0x0000000082200000| Complete 
|   4|0x0000000082200000, 0x0000000082300000, 0x0000000082300000|100%|HC|  |TAMS 0x0000000082300000, 0x0000000082300000| Complete 
|   5|0x0000000082300000, 0x0000000082400000, 0x0000000082400000|100%|HC|  |TAMS 0x0000000082400000, 0x0000000082400000| Complete 
|   6|0x0000000082400000, 0x0000000082500000, 0x0000000082500000|100%|HC|  |TAMS 0x0000000082500000, 0x0000000082500000| Complete 
|   7|0x0000000082500000, 0x0000000082600000, 0x0000000082600000|100%|HC|  |TAMS 0x0000000082600000, 0x0000000082600000| Complete 
|   8|0x0000000082600000, 0x0000000082700000, 0x0000000082700000|100%|HS|  |TAMS 0x0000000082600000, 0x0000000082600000| Complete 
|   9|0x0000000082700000, 0x0000000082800000, 0x0000000082800000|100%|HC|  |TAMS 0x0000000082700000, 0x0000000082700000| Complete 
|  10|0x0000000082800000, 0x0000000082900000, 0x0000000082900000|100%|HS|  |TAMS 0x0000000082900000, 0x0000000082900000| Complete 
|  11|0x0000000082900000, 0x0000000082a00000, 0x0000000082a00000|100%|HS|  |TAMS 0x0000000082a00000, 0x0000000082a00000| Complete 
|  12|0x0000000082a00000, 0x0000000082b00000, 0x0000000082b00000|100%|HC|  |TAMS 0x0000000082b00000, 0x0000000082b00000| Complete 
|  13|0x0000000082b00000, 0x0000000082c00000, 0x0000000082c00000|100%| O|  |TAMS 0x0000000082c00000, 0x0000000082c00000| Untracked 
|  14|0x0000000082c00000, 0x0000000082d00000, 0x0000000082d00000|100%| O|  |TAMS 0x0000000082d00000, 0x0000000082d00000| Untracked 
|  15|0x0000000082d00000, 0x0000000082e00000, 0x0000000082e00000|100%| O|  |TAMS 0x0000000082e00000, 0x0000000082e00000| Untracked 
|  16|0x0000000082e00000, 0x0000000082f00000, 0x0000000082f00000|100%| O|  |TAMS 0x0000000082f00000, 0x0000000082f00000| Untracked 
|  17|0x0000000082f00000, 0x0000000083000000, 0x0000000083000000|100%| O|  |TAMS 0x0000000083000000, 0x0000000083000000| Untracked 
|  18|0x0000000083000000, 0x0000000083100000, 0x0000000083100000|100%| O|  |TAMS 0x0000000083100000, 0x0000000083100000| Untracked 
|  19|0x0000000083100000, 0x0000000083200000, 0x0000000083200000|100%| O|  |TAMS 0x0000000083200000, 0x0000000083200000| Untracked 
|  20|0x0000000083200000, 0x0000000083300000, 0x0000000083300000|100%| O|  |TAMS 0x0000000083300000, 0x0000000083300000| Untracked 
|  21|0x0000000083300000, 0x0000000083400000, 0x0000000083400000|100%| O|  |TAMS 0x0000000083400000, 0x0000000083400000| Untracked 
|  22|0x0000000083400000, 0x0000000083500000, 0x0000000083500000|100%| O|  |TAMS 0x0000000083500000, 0x0000000083500000| Untracked 
|  23|0x0000000083500000, 0x0000000083600000, 0x0000000083600000|100%| O|  |TAMS 0x0000000083600000, 0x0000000083600000| Untracked 
|  24|0x0000000083600000, 0x0000000083700000, 0x0000000083700000|100%| O|  |TAMS 0x0000000083700000, 0x0000000083700000| Untracked 
|  25|0x0000000083700000, 0x0000000083800000, 0x0000000083800000|100%|HS|  |TAMS 0x0000000083800000, 0x0000000083800000| Complete 
|  26|0x0000000083800000, 0x0000000083900000, 0x0000000083900000|100%|HS|  |TAMS 0x0000000083800000, 0x0000000083900000| Complete 
|  27|0x0000000083900000, 0x0000000083a00000, 0x0000000083a00000|100%|HC|  |TAMS 0x0000000083900000, 0x0000000083a00000| Complete 
|  28|0x0000000083a00000, 0x0000000083a00000, 0x0000000083b00000|  0%| F|  |TAMS 0x0000000083a00000, 0x0000000083a00000| Untracked 
|  29|0x0000000083b00000, 0x0000000083beb000, 0x0000000083c00000| 91%| O|  |TAMS 0x0000000083b59000, 0x0000000083be8e00| Untracked 
|  30|0x0000000083c00000, 0x0000000083d00000, 0x0000000083d00000|100%|HS|  |TAMS 0x0000000083c00000, 0x0000000083c00000| Complete 
|  31|0x0000000083d00000, 0x0000000083e00000, 0x0000000083e00000|100%|HC|  |TAMS 0x0000000083d00000, 0x0000000083d00000| Complete 
|  32|0x0000000083e00000, 0x0000000083e00000, 0x0000000083f00000|  0%| F|  |TAMS 0x0000000083e00000, 0x0000000083e00000| Untracked 
|  33|0x0000000083f00000, 0x0000000083f00000, 0x0000000084000000|  0%| F|  |TAMS 0x0000000083f00000, 0x0000000083f00000| Untracked 
|  34|0x0000000084000000, 0x0000000084100000, 0x0000000084100000|100%|HS|  |TAMS 0x0000000084000000, 0x0000000084100000| Complete 
|  35|0x0000000084100000, 0x0000000084200000, 0x0000000084200000|100%|HC|  |TAMS 0x0000000084100000, 0x0000000084200000| Complete 
|  36|0x0000000084200000, 0x0000000084200000, 0x0000000084300000|  0%| F|  |TAMS 0x0000000084200000, 0x0000000084200000| Untracked 
|  37|0x0000000084300000, 0x0000000084300000, 0x0000000084400000|  0%| F|  |TAMS 0x0000000084300000, 0x0000000084300000| Untracked 
|  38|0x0000000084400000, 0x0000000084400000, 0x0000000084500000|  0%| F|  |TAMS 0x0000000084400000, 0x0000000084400000| Untracked 
|  39|0x0000000084500000, 0x0000000084500000, 0x0000000084600000|  0%| F|  |TAMS 0x0000000084500000, 0x0000000084500000| Untracked 
|  40|0x0000000084600000, 0x0000000084700000, 0x0000000084700000|100%|HS|  |TAMS 0x0000000084600000, 0x0000000084700000| Complete 
|  41|0x0000000084700000, 0x0000000084800000, 0x0000000084800000|100%|HC|  |TAMS 0x0000000084700000, 0x0000000084800000| Complete 
|  42|0x0000000084800000, 0x0000000084800000, 0x0000000084900000|  0%| F|  |TAMS 0x0000000084800000, 0x0000000084800000| Untracked 
|  43|0x0000000084900000, 0x0000000084900000, 0x0000000084a00000|  0%| F|  |TAMS 0x0000000084900000, 0x0000000084900000| Untracked 
|  44|0x0000000084a00000, 0x0000000084a00000, 0x0000000084b00000|  0%| F|  |TAMS 0x0000000084a00000, 0x0000000084a00000| Untracked 
|  45|0x0000000084b00000, 0x0000000084b00000, 0x0000000084c00000|  0%| F|  |TAMS 0x0000000084b00000, 0x0000000084b00000| Untracked 
|  46|0x0000000084c00000, 0x0000000084d00000, 0x0000000084d00000|100%|HS|  |TAMS 0x0000000084c00000, 0x0000000084d00000| Complete 
|  47|0x0000000084d00000, 0x0000000084e00000, 0x0000000084e00000|100%|HC|  |TAMS 0x0000000084d00000, 0x0000000084e00000| Complete 
|  48|0x0000000084e00000, 0x0000000084f00000, 0x0000000084f00000|100%|HS|  |TAMS 0x0000000084e00000, 0x0000000084f00000| Complete 
|  49|0x0000000084f00000, 0x0000000085000000, 0x0000000085000000|100%|HC|  |TAMS 0x0000000084f00000, 0x0000000085000000| Complete 
|  50|0x0000000085000000, 0x0000000085000000, 0x0000000085100000|  0%| F|  |TAMS 0x0000000085000000, 0x0000000085000000| Untracked 
|  51|0x0000000085100000, 0x0000000085100000, 0x0000000085200000|  0%| F|  |TAMS 0x0000000085100000, 0x0000000085100000| Untracked 
|  52|0x0000000085200000, 0x0000000085300000, 0x0000000085300000|100%|HS|  |TAMS 0x0000000085200000, 0x0000000085300000| Complete 
|  53|0x0000000085300000, 0x0000000085400000, 0x0000000085400000|100%|HC|  |TAMS 0x0000000085300000, 0x0000000085400000| Complete 
|  54|0x0000000085400000, 0x0000000085400000, 0x0000000085500000|  0%| F|  |TAMS 0x0000000085400000, 0x0000000085400000| Untracked 
|  55|0x0000000085500000, 0x0000000085500000, 0x0000000085600000|  0%| F|  |TAMS 0x0000000085500000, 0x0000000085500000| Untracked 
|  56|0x0000000085600000, 0x0000000085600000, 0x0000000085700000|  0%| F|  |TAMS 0x0000000085600000, 0x0000000085600000| Untracked 
|  57|0x0000000085700000, 0x0000000085700000, 0x0000000085800000|  0%| F|  |TAMS 0x0000000085700000, 0x0000000085700000| Untracked 
|  58|0x0000000085800000, 0x0000000085900000, 0x0000000085900000|100%|HS|  |TAMS 0x0000000085800000, 0x0000000085900000| Complete 
|  59|0x0000000085900000, 0x0000000085a00000, 0x0000000085a00000|100%|HC|  |TAMS 0x0000000085900000, 0x0000000085a00000| Complete 
|  60|0x0000000085a00000, 0x0000000085a00000, 0x0000000085b00000|  0%| F|  |TAMS 0x0000000085a00000, 0x0000000085a00000| Untracked 
|  61|0x0000000085b00000, 0x0000000085b00000, 0x0000000085c00000|  0%| F|  |TAMS 0x0000000085b00000, 0x0000000085b00000| Untracked 
|  62|0x0000000085c00000, 0x0000000085d00000, 0x0000000085d00000|100%|HS|  |TAMS 0x0000000085c00000, 0x0000000085d00000| Complete 
|  63|0x0000000085d00000, 0x0000000085e00000, 0x0000000085e00000|100%|HC|  |TAMS 0x0000000085d00000, 0x0000000085e00000| Complete 
|  64|0x0000000085e00000, 0x0000000085e00000, 0x0000000085f00000|  0%| F|  |TAMS 0x0000000085e00000, 0x0000000085e00000| Untracked 
|  65|0x0000000085f00000, 0x0000000085f00000, 0x0000000086000000|  0%| F|  |TAMS 0x0000000085f00000, 0x0000000085f00000| Untracked 
|  66|0x0000000086000000, 0x0000000086100000, 0x0000000086100000|100%|HS|  |TAMS 0x0000000086000000, 0x0000000086100000| Complete 
|  67|0x0000000086100000, 0x0000000086200000, 0x0000000086200000|100%|HC|  |TAMS 0x0000000086100000, 0x0000000086200000| Complete 
|  68|0x0000000086200000, 0x0000000086200000, 0x0000000086300000|  0%| F|  |TAMS 0x0000000086200000, 0x0000000086200000| Untracked 
|  69|0x0000000086300000, 0x0000000086300000, 0x0000000086400000|  0%| F|  |TAMS 0x0000000086300000, 0x0000000086300000| Untracked 
|  70|0x0000000086400000, 0x0000000086400000, 0x0000000086500000|  0%| F|  |TAMS 0x0000000086400000, 0x0000000086400000| Untracked 
|  71|0x0000000086500000, 0x0000000086500000, 0x0000000086600000|  0%| F|  |TAMS 0x0000000086500000, 0x0000000086500000| Untracked 
|  72|0x0000000086600000, 0x0000000086600000, 0x0000000086700000|  0%| F|  |TAMS 0x0000000086600000, 0x0000000086600000| Untracked 
|  73|0x0000000086700000, 0x0000000086700000, 0x0000000086800000|  0%| F|  |TAMS 0x0000000086700000, 0x0000000086700000| Untracked 
|  74|0x0000000086800000, 0x0000000086800000, 0x0000000086900000|  0%| F|  |TAMS 0x0000000086800000, 0x0000000086800000| Untracked 
|  75|0x0000000086900000, 0x0000000086900000, 0x0000000086a00000|  0%| F|  |TAMS 0x0000000086900000, 0x0000000086900000| Untracked 
|  76|0x0000000086a00000, 0x0000000086a00000, 0x0000000086b00000|  0%| F|  |TAMS 0x0000000086a00000, 0x0000000086a00000| Untracked 
|  77|0x0000000086b00000, 0x0000000086b00000, 0x0000000086c00000|  0%| F|  |TAMS 0x0000000086b00000, 0x0000000086b00000| Untracked 
|  78|0x0000000086c00000, 0x0000000086c00000, 0x0000000086d00000|  0%| F|  |TAMS 0x0000000086c00000, 0x0000000086c00000| Untracked 
|  79|0x0000000086d00000, 0x0000000086d00000, 0x0000000086e00000|  0%| F|  |TAMS 0x0000000086d00000, 0x0000000086d00000| Untracked 
|  80|0x0000000086e00000, 0x0000000086e00000, 0x0000000086f00000|  0%| F|  |TAMS 0x0000000086e00000, 0x0000000086e00000| Untracked 
|  81|0x0000000086f00000, 0x0000000086f00000, 0x0000000087000000|  0%| F|  |TAMS 0x0000000086f00000, 0x0000000086f00000| Untracked 
|  82|0x0000000087000000, 0x0000000087000000, 0x0000000087100000|  0%| F|  |TAMS 0x0000000087000000, 0x0000000087000000| Untracked 
|  83|0x0000000087100000, 0x0000000087100000, 0x0000000087200000|  0%| F|  |TAMS 0x0000000087100000, 0x0000000087100000| Untracked 
|  84|0x0000000087200000, 0x0000000087200000, 0x0000000087300000|  0%| F|  |TAMS 0x0000000087200000, 0x0000000087200000| Untracked 
|  85|0x0000000087300000, 0x0000000087300000, 0x0000000087400000|  0%| F|  |TAMS 0x0000000087300000, 0x0000000087300000| Untracked 
|  86|0x0000000087400000, 0x0000000087400000, 0x0000000087500000|  0%| F|  |TAMS 0x0000000087400000, 0x0000000087400000| Untracked 
|  87|0x0000000087500000, 0x0000000087500000, 0x0000000087600000|  0%| F|  |TAMS 0x0000000087500000, 0x0000000087500000| Untracked 
|  88|0x0000000087600000, 0x0000000087600000, 0x0000000087700000|  0%| F|  |TAMS 0x0000000087600000, 0x0000000087600000| Untracked 
|  89|0x0000000087700000, 0x0000000087700000, 0x0000000087800000|  0%| F|  |TAMS 0x0000000087700000, 0x0000000087700000| Untracked 
|  90|0x0000000087800000, 0x0000000087800000, 0x0000000087900000|  0%| F|  |TAMS 0x0000000087800000, 0x0000000087800000| Untracked 
|  91|0x0000000087900000, 0x0000000087900000, 0x0000000087a00000|  0%| F|  |TAMS 0x0000000087900000, 0x0000000087900000| Untracked 
|  92|0x0000000087a00000, 0x0000000087a00000, 0x0000000087b00000|  0%| F|  |TAMS 0x0000000087a00000, 0x0000000087a00000| Untracked 
|  93|0x0000000087b00000, 0x0000000087b00000, 0x0000000087c00000|  0%| F|  |TAMS 0x0000000087b00000, 0x0000000087b00000| Untracked 
|  94|0x0000000087c00000, 0x0000000087c00000, 0x0000000087d00000|  0%| F|  |TAMS 0x0000000087c00000, 0x0000000087c00000| Untracked 
|  95|0x0000000087d00000, 0x0000000087d00000, 0x0000000087e00000|  0%| F|  |TAMS 0x0000000087d00000, 0x0000000087d00000| Untracked 
|  96|0x0000000087e00000, 0x0000000087e00000, 0x0000000087f00000|  0%| F|  |TAMS 0x0000000087e00000, 0x0000000087e00000| Untracked 
|  97|0x0000000087f00000, 0x0000000087f00000, 0x0000000088000000|  0%| F|  |TAMS 0x0000000087f00000, 0x0000000087f00000| Untracked 
|  98|0x0000000088000000, 0x0000000088000000, 0x0000000088100000|  0%| F|  |TAMS 0x0000000088000000, 0x0000000088000000| Untracked 
|  99|0x0000000088100000, 0x0000000088100000, 0x0000000088200000|  0%| F|  |TAMS 0x0000000088100000, 0x0000000088100000| Untracked 
| 100|0x0000000088200000, 0x0000000088200000, 0x0000000088300000|  0%| F|  |TAMS 0x0000000088200000, 0x0000000088200000| Untracked 
| 101|0x0000000088300000, 0x0000000088300000, 0x0000000088400000|  0%| F|  |TAMS 0x0000000088300000, 0x0000000088300000| Untracked 
| 102|0x0000000088400000, 0x0000000088400000, 0x0000000088500000|  0%| F|  |TAMS 0x0000000088400000, 0x0000000088400000| Untracked 
| 103|0x0000000088500000, 0x0000000088500000, 0x0000000088600000|  0%| F|  |TAMS 0x0000000088500000, 0x0000000088500000| Untracked 
| 104|0x0000000088600000, 0x0000000088600000, 0x0000000088700000|  0%| F|  |TAMS 0x0000000088600000, 0x0000000088600000| Untracked 
| 105|0x0000000088700000, 0x0000000088700000, 0x0000000088800000|  0%| F|  |TAMS 0x0000000088700000, 0x0000000088700000| Untracked 
| 106|0x0000000088800000, 0x0000000088800000, 0x0000000088900000|  0%| F|  |TAMS 0x0000000088800000, 0x0000000088800000| Untracked 
| 107|0x0000000088900000, 0x0000000088900000, 0x0000000088a00000|  0%| F|  |TAMS 0x0000000088900000, 0x0000000088900000| Untracked 
| 108|0x0000000088a00000, 0x0000000088a00000, 0x0000000088b00000|  0%| F|  |TAMS 0x0000000088a00000, 0x0000000088a00000| Untracked 
| 109|0x0000000088b00000, 0x0000000088b00000, 0x0000000088c00000|  0%| F|  |TAMS 0x0000000088b00000, 0x0000000088b00000| Untracked 
| 110|0x0000000088c00000, 0x0000000088c00000, 0x0000000088d00000|  0%| F|  |TAMS 0x0000000088c00000, 0x0000000088c00000| Untracked 
| 111|0x0000000088d00000, 0x0000000088d00000, 0x0000000088e00000|  0%| F|  |TAMS 0x0000000088d00000, 0x0000000088d00000| Untracked 
| 112|0x0000000088e00000, 0x0000000088e00000, 0x0000000088f00000|  0%| F|  |TAMS 0x0000000088e00000, 0x0000000088e00000| Untracked 
| 113|0x0000000088f00000, 0x0000000088f00000, 0x0000000089000000|  0%| F|  |TAMS 0x0000000088f00000, 0x0000000088f00000| Untracked 
| 114|0x0000000089000000, 0x0000000089000000, 0x0000000089100000|  0%| F|  |TAMS 0x0000000089000000, 0x0000000089000000| Untracked 
| 115|0x0000000089100000, 0x0000000089100000, 0x0000000089200000|  0%| F|  |TAMS 0x0000000089100000, 0x0000000089100000| Untracked 
| 116|0x0000000089200000, 0x0000000089200000, 0x0000000089300000|  0%| F|  |TAMS 0x0000000089200000, 0x0000000089200000| Untracked 
| 117|0x0000000089300000, 0x0000000089300000, 0x0000000089400000|  0%| F|  |TAMS 0x0000000089300000, 0x0000000089300000| Untracked 
| 118|0x0000000089400000, 0x0000000089400000, 0x0000000089500000|  0%| F|  |TAMS 0x0000000089400000, 0x0000000089400000| Untracked 
| 119|0x0000000089500000, 0x0000000089500000, 0x0000000089600000|  0%| F|  |TAMS 0x0000000089500000, 0x0000000089500000| Untracked 
| 120|0x0000000089600000, 0x0000000089600000, 0x0000000089700000|  0%| F|  |TAMS 0x0000000089600000, 0x0000000089600000| Untracked 
| 121|0x0000000089700000, 0x0000000089700000, 0x0000000089800000|  0%| F|  |TAMS 0x0000000089700000, 0x0000000089700000| Untracked 
| 122|0x0000000089800000, 0x0000000089800000, 0x0000000089900000|  0%| F|  |TAMS 0x0000000089800000, 0x0000000089800000| Untracked 
| 123|0x0000000089900000, 0x0000000089900000, 0x0000000089a00000|  0%| F|  |TAMS 0x0000000089900000, 0x0000000089900000| Untracked 
| 124|0x0000000089a00000, 0x0000000089a00000, 0x0000000089b00000|  0%| F|  |TAMS 0x0000000089a00000, 0x0000000089a00000| Untracked 
| 125|0x0000000089b00000, 0x0000000089b00000, 0x0000000089c00000|  0%| F|  |TAMS 0x0000000089b00000, 0x0000000089b00000| Untracked 
| 126|0x0000000089c00000, 0x0000000089c00000, 0x0000000089d00000|  0%| F|  |TAMS 0x0000000089c00000, 0x0000000089c00000| Untracked 
| 127|0x0000000089d00000, 0x0000000089d00000, 0x0000000089e00000|  0%| F|  |TAMS 0x0000000089d00000, 0x0000000089d00000| Untracked 
| 128|0x0000000089e00000, 0x0000000089e00000, 0x0000000089f00000|  0%| F|  |TAMS 0x0000000089e00000, 0x0000000089e00000| Untracked 
| 129|0x0000000089f00000, 0x0000000089f00000, 0x000000008a000000|  0%| F|  |TAMS 0x0000000089f00000, 0x0000000089f00000| Untracked 
| 130|0x000000008a000000, 0x000000008a000000, 0x000000008a100000|  0%| F|  |TAMS 0x000000008a000000, 0x000000008a000000| Untracked 
| 131|0x000000008a100000, 0x000000008a100000, 0x000000008a200000|  0%| F|  |TAMS 0x000000008a100000, 0x000000008a100000| Untracked 
| 132|0x000000008a200000, 0x000000008a200000, 0x000000008a300000|  0%| F|  |TAMS 0x000000008a200000, 0x000000008a200000| Untracked 
| 133|0x000000008a300000, 0x000000008a300000, 0x000000008a400000|  0%| F|  |TAMS 0x000000008a300000, 0x000000008a300000| Untracked 
| 134|0x000000008a400000, 0x000000008a400000, 0x000000008a500000|  0%| F|  |TAMS 0x000000008a400000, 0x000000008a400000| Untracked 
| 135|0x000000008a500000, 0x000000008a500000, 0x000000008a600000|  0%| F|  |TAMS 0x000000008a500000, 0x000000008a500000| Untracked 
| 136|0x000000008a600000, 0x000000008a600000, 0x000000008a700000|  0%| F|  |TAMS 0x000000008a600000, 0x000000008a600000| Untracked 
| 137|0x000000008a700000, 0x000000008a700000, 0x000000008a800000|  0%| F|  |TAMS 0x000000008a700000, 0x000000008a700000| Untracked 
| 138|0x000000008a800000, 0x000000008a800000, 0x000000008a900000|  0%| F|  |TAMS 0x000000008a800000, 0x000000008a800000| Untracked 
| 139|0x000000008a900000, 0x000000008a900000, 0x000000008aa00000|  0%| F|  |TAMS 0x000000008a900000, 0x000000008a900000| Untracked 
| 140|0x000000008aa00000, 0x000000008aa00000, 0x000000008ab00000|  0%| F|  |TAMS 0x000000008aa00000, 0x000000008aa00000| Untracked 
| 141|0x000000008ab00000, 0x000000008ab00000, 0x000000008ac00000|  0%| F|  |TAMS 0x000000008ab00000, 0x000000008ab00000| Untracked 
| 142|0x000000008ac00000, 0x000000008ac00000, 0x000000008ad00000|  0%| F|  |TAMS 0x000000008ac00000, 0x000000008ac00000| Untracked 
| 143|0x000000008ad00000, 0x000000008ad00000, 0x000000008ae00000|  0%| F|  |TAMS 0x000000008ad00000, 0x000000008ad00000| Untracked 
| 144|0x000000008ae00000, 0x000000008ae00000, 0x000000008af00000|  0%| F|  |TAMS 0x000000008ae00000, 0x000000008ae00000| Untracked 
| 145|0x000000008af00000, 0x000000008af00000, 0x000000008b000000|  0%| F|  |TAMS 0x000000008af00000, 0x000000008af00000| Untracked 
| 146|0x000000008b000000, 0x000000008b000000, 0x000000008b100000|  0%| F|  |TAMS 0x000000008b000000, 0x000000008b000000| Untracked 
| 147|0x000000008b100000, 0x000000008b100000, 0x000000008b200000|  0%| F|  |TAMS 0x000000008b100000, 0x000000008b100000| Untracked 
| 148|0x000000008b200000, 0x000000008b200000, 0x000000008b300000|  0%| F|  |TAMS 0x000000008b200000, 0x000000008b200000| Untracked 
| 149|0x000000008b300000, 0x000000008b300000, 0x000000008b400000|  0%| F|  |TAMS 0x000000008b300000, 0x000000008b300000| Untracked 
| 150|0x000000008b400000, 0x000000008b40e280, 0x000000008b500000|  5%| S|CS|TAMS 0x000000008b400000, 0x000000008b400000| Complete 
| 151|0x000000008b500000, 0x000000008b5dad78, 0x000000008b600000| 85%| E|  |TAMS 0x000000008b500000, 0x000000008b500000| Complete 
| 152|0x000000008b600000, 0x000000008b700000, 0x000000008b700000|100%| E|CS|TAMS 0x000000008b600000, 0x000000008b600000| Complete 

Card table byte_map: [0x000001f8cc440000,0x000001f8cc840000] _byte_map_base: 0x000001f8cc031000

Marking Bits (Prev, Next): (CMBitMap*) 0x000001f8b99e8bb0, (CMBitMap*) 0x000001f8b99e8b70
 Prev Bits: [0x000001f8cebd0000, 0x000001f8d0b58000)
 Next Bits: [0x000001f8ccc40000, 0x000001f8cebc8000)

Polling page: 0x000001f8b7900000

Metaspace:

Usage:
  Non-class:     27.78 MB used.
      Class:      3.86 MB used.
       Both:     31.63 MB used.

Virtual space:
  Non-class space:       64.00 MB reserved,      27.88 MB ( 44%) committed,  1 nodes.
      Class space:        1.00 GB reserved,       3.94 MB ( <1%) committed,  1 nodes.
             Both:        1.06 GB reserved,      31.81 MB (  3%) committed. 

Chunk freelists:
   Non-Class:  4.08 MB
       Class:  12.06 MB
        Both:  16.14 MB

MaxMetaspaceSize: unlimited
CompressedClassSpaceSize: 1.00 GB
Initial GC threshold: 21.00 MB
Current GC threshold: 51.69 MB
CDS: off
MetaspaceReclaimPolicy: balanced
 - commit_granule_bytes: 65536.
 - commit_granule_words: 8192.
 - virtual_space_node_default_size: 8388608.
 - enlarge_chunks_in_place: 1.
 - new_chunks_are_fully_committed: 0.
 - uncommit_free_chunks: 1.
 - use_allocation_guard: 0.
 - handle_deallocations: 1.


Internal statistics:

num_allocs_failed_limit: 3.
num_arena_births: 244.
num_arena_deaths: 0.
num_vsnodes_births: 2.
num_vsnodes_deaths: 0.
num_space_committed: 509.
num_space_uncommitted: 0.
num_chunks_returned_to_freelist: 3.
num_chunks_taken_from_freelist: 1002.
num_chunk_merges: 3.
num_chunk_splits: 696.
num_chunks_enlarged: 538.
num_inconsistent_stats: 0.

CodeHeap 'non-profiled nmethods': size=120000Kb used=2745Kb max_used=2745Kb free=117254Kb
 bounds [0x000001f8c4b10000, 0x000001f8c4dc0000, 0x000001f8cc040000]
CodeHeap 'profiled nmethods': size=120000Kb used=10413Kb max_used=10413Kb free=109586Kb
 bounds [0x000001f8bd040000, 0x000001f8bda70000, 0x000001f8c4570000]
CodeHeap 'non-nmethods': size=5760Kb used=1571Kb max_used=1625Kb free=4188Kb
 bounds [0x000001f8c4570000, 0x000001f8c47e0000, 0x000001f8c4b10000]
 total_blobs=5961 nmethods=4991 adapters=880
 compilation: enabled
              stopped_count=0, restarted_count=0
 full_count=0

Compilation events (20 events):
Event: 29.526 Thread 0x000001f8d30cf160 4979       3       com.sun.scenario.effect.BoxShadow::getDirtyRegions (43 bytes)
Event: 29.526 Thread 0x000001f8d30cf160 nmethod 4979 0x000001f8bda61f90 code [0x000001f8bda621a0, 0x000001f8bda628e8]
Event: 29.526 Thread 0x000001f8d30cf160 4980       3       com.sun.javafx.geom.DirtyRegionContainer::grow (37 bytes)
Event: 29.527 Thread 0x000001f8d30cf160 nmethod 4980 0x000001f8bda62b90 code [0x000001f8bda62d40, 0x000001f8bda63068]
Event: 29.593 Thread 0x000001f8d30cf160 4983       3       com.sun.javafx.sg.prism.NGRegion::renderBackgroundRectanglesDirectly (346 bytes)
Event: 29.595 Thread 0x000001f8d30cf160 nmethod 4983 0x000001f8bda63210 code [0x000001f8bda63500, 0x000001f8bda64808]
Event: 29.794 Thread 0x000001f8d30cf160 4984       3       sun.java2d.pipe.ValidatePipe::validate (6 bytes)
Event: 29.795 Thread 0x000001f8d30cf160 nmethod 4984 0x000001f8bda64e10 code [0x000001f8bda64fe0, 0x000001f8bda65338]
Event: 29.795 Thread 0x000001f8d30cf160 4985       3       sun.java2d.SunGraphics2D::validatePipe (30 bytes)
Event: 29.795 Thread 0x000001f8d30cf160 nmethod 4985 0x000001f8bda65490 code [0x000001f8bda65640, 0x000001f8bda65938]
Event: 29.795 Thread 0x000001f8d30cf160 4986       3       sun.java2d.SurfaceData::validatePipe (785 bytes)
Event: 29.797 Thread 0x000001f8d30cf160 nmethod 4986 0x000001f8bda65a90 code [0x000001f8bda65f20, 0x000001f8bda68ee8]
Event: 29.797 Thread 0x000001f8d30cf160 4987       3       sun.java2d.SurfaceData::canRenderParallelograms (137 bytes)
Event: 29.798 Thread 0x000001f8d30cf160 nmethod 4987 0x000001f8bda69110 code [0x000001f8bda69320, 0x000001f8bda69b18]
Event: 29.798 Thread 0x000001f8d30cf160 4988       3       sun.java2d.SurfaceData::getTextPipe (120 bytes)
Event: 29.798 Thread 0x000001f8d30cf160 nmethod 4988 0x000001f8bda69c90 code [0x000001f8bda69ea0, 0x000001f8bda6a388]
Event: 29.798 Thread 0x000001f8d30cf160 4989       3       sun.awt.image.BufImgSurfaceData::getRenderLoops (26 bytes)
Event: 29.798 Thread 0x000001f8d30cf160 nmethod 4989 0x000001f8bda6a490 code [0x000001f8bda6a640, 0x000001f8bda6a828]
Event: 30.144 Thread 0x000001f8d30cc630 4990       4       java.util.ArrayList$Itr::checkForComodification (23 bytes)
Event: 30.145 Thread 0x000001f8d30cc630 nmethod 4990 0x000001f8c4dbe410 code [0x000001f8c4dbe580, 0x000001f8c4dbe638]

GC Heap History (20 events):
Event: 23.906 GC heap before
{Heap before GC invocations=33 (full 0):
 garbage-first heap   total 156672K, used 72538K [0x0000000081e00000, 0x0000000100000000)
  region size 1024K, 4 young (4096K), 1 survivors (1024K)
 Metaspace       used 32177K, committed 32384K, reserved 1114112K
  class space    used 3941K, committed 4032K, reserved 1048576K
}
Event: 23.908 GC heap after
{Heap after GC invocations=34 (full 0):
 garbage-first heap   total 156672K, used 41829K [0x0000000081e00000, 0x0000000100000000)
  region size 1024K, 1 young (1024K), 1 survivors (1024K)
 Metaspace       used 32177K, committed 32384K, reserved 1114112K
  class space    used 3941K, committed 4032K, reserved 1048576K
}
Event: 24.605 GC heap before
{Heap before GC invocations=34 (full 0):
 garbage-first heap   total 156672K, used 73573K [0x0000000081e00000, 0x0000000100000000)
  region size 1024K, 5 young (5120K), 1 survivors (1024K)
 Metaspace       used 32193K, committed 32384K, reserved 1114112K
  class space    used 3941K, committed 4032K, reserved 1048576K
}
Event: 24.606 GC heap after
{Heap after GC invocations=35 (full 0):
 garbage-first heap   total 156672K, used 41835K [0x0000000081e00000, 0x0000000100000000)
  region size 1024K, 1 young (1024K), 1 survivors (1024K)
 Metaspace       used 32193K, committed 32384K, reserved 1114112K
  class space    used 3941K, committed 4032K, reserved 1048576K
}
Event: 25.302 GC heap before
{Heap before GC invocations=35 (full 0):
 garbage-first heap   total 156672K, used 73579K [0x0000000081e00000, 0x0000000100000000)
  region size 1024K, 5 young (5120K), 1 survivors (1024K)
 Metaspace       used 32199K, committed 32384K, reserved 1114112K
  class space    used 3941K, committed 4032K, reserved 1048576K
}
Event: 25.303 GC heap after
{Heap after GC invocations=36 (full 0):
 garbage-first heap   total 156672K, used 41841K [0x0000000081e00000, 0x0000000100000000)
  region size 1024K, 1 young (1024K), 1 survivors (1024K)
 Metaspace       used 32199K, committed 32384K, reserved 1114112K
  class space    used 3941K, committed 4032K, reserved 1048576K
}
Event: 26.013 GC heap before
{Heap before GC invocations=36 (full 0):
 garbage-first heap   total 156672K, used 73585K [0x0000000081e00000, 0x0000000100000000)
  region size 1024K, 5 young (5120K), 1 survivors (1024K)
 Metaspace       used 32202K, committed 32384K, reserved 1114112K
  class space    used 3941K, committed 4032K, reserved 1048576K
}
Event: 26.014 GC heap after
{Heap after GC invocations=37 (full 0):
 garbage-first heap   total 156672K, used 41839K [0x0000000081e00000, 0x0000000100000000)
  region size 1024K, 1 young (1024K), 1 survivors (1024K)
 Metaspace       used 32202K, committed 32384K, reserved 1114112K
  class space    used 3941K, committed 4032K, reserved 1048576K
}
Event: 26.713 GC heap before
{Heap before GC invocations=37 (full 0):
 garbage-first heap   total 156672K, used 71535K [0x0000000081e00000, 0x0000000100000000)
  region size 1024K, 3 young (3072K), 1 survivors (1024K)
 Metaspace       used 32207K, committed 32384K, reserved 1114112K
  class space    used 3941K, committed 4032K, reserved 1048576K
}
Event: 26.714 GC heap after
{Heap after GC invocations=38 (full 0):
 garbage-first heap   total 156672K, used 41840K [0x0000000081e00000, 0x0000000100000000)
  region size 1024K, 1 young (1024K), 1 survivors (1024K)
 Metaspace       used 32207K, committed 32384K, reserved 1114112K
  class space    used 3941K, committed 4032K, reserved 1048576K
}
Event: 27.397 GC heap before
{Heap before GC invocations=38 (full 0):
 garbage-first heap   total 156672K, used 72560K [0x0000000081e00000, 0x0000000100000000)
  region size 1024K, 4 young (4096K), 1 survivors (1024K)
 Metaspace       used 32231K, committed 32448K, reserved 1114112K
  class space    used 3941K, committed 4032K, reserved 1048576K
}
Event: 27.399 GC heap after
{Heap after GC invocations=39 (full 0):
 garbage-first heap   total 156672K, used 41845K [0x0000000081e00000, 0x0000000100000000)
  region size 1024K, 1 young (1024K), 1 survivors (1024K)
 Metaspace       used 32231K, committed 32448K, reserved 1114112K
  class space    used 3941K, committed 4032K, reserved 1048576K
}
Event: 28.092 GC heap before
{Heap before GC invocations=39 (full 0):
 garbage-first heap   total 156672K, used 72565K [0x0000000081e00000, 0x0000000100000000)
  region size 1024K, 4 young (4096K), 1 survivors (1024K)
 Metaspace       used 32271K, committed 32512K, reserved 1114112K
  class space    used 3941K, committed 4032K, reserved 1048576K
}
Event: 28.093 GC heap after
{Heap after GC invocations=40 (full 0):
 garbage-first heap   total 156672K, used 41860K [0x0000000081e00000, 0x0000000100000000)
  region size 1024K, 1 young (1024K), 1 survivors (1024K)
 Metaspace       used 32271K, committed 32512K, reserved 1114112K
  class space    used 3941K, committed 4032K, reserved 1048576K
}
Event: 28.788 GC heap before
{Heap before GC invocations=40 (full 0):
 garbage-first heap   total 156672K, used 71556K [0x0000000081e00000, 0x0000000100000000)
  region size 1024K, 3 young (3072K), 1 survivors (1024K)
 Metaspace       used 32333K, committed 32576K, reserved 1114112K
  class space    used 3941K, committed 4032K, reserved 1048576K
}
Event: 28.789 GC heap after
{Heap after GC invocations=41 (full 0):
 garbage-first heap   total 156672K, used 41858K [0x0000000081e00000, 0x0000000100000000)
  region size 1024K, 1 young (1024K), 1 survivors (1024K)
 Metaspace       used 32333K, committed 32576K, reserved 1114112K
  class space    used 3941K, committed 4032K, reserved 1048576K
}
Event: 29.494 GC heap before
{Heap before GC invocations=41 (full 0):
 garbage-first heap   total 156672K, used 71554K [0x0000000081e00000, 0x0000000100000000)
  region size 1024K, 3 young (3072K), 1 survivors (1024K)
 Metaspace       used 32351K, committed 32576K, reserved 1114112K
  class space    used 3941K, committed 4032K, reserved 1048576K
}
Event: 29.495 GC heap after
{Heap after GC invocations=42 (full 0):
 garbage-first heap   total 156672K, used 41868K [0x0000000081e00000, 0x0000000100000000)
  region size 1024K, 1 young (1024K), 1 survivors (1024K)
 Metaspace       used 32351K, committed 32576K, reserved 1114112K
  class space    used 3941K, committed 4032K, reserved 1048576K
}
Event: 30.240 GC heap before
{Heap before GC invocations=42 (full 0):
 garbage-first heap   total 156672K, used 71564K [0x0000000081e00000, 0x0000000100000000)
  region size 1024K, 3 young (3072K), 1 survivors (1024K)
 Metaspace       used 32373K, committed 32576K, reserved 1114112K
  class space    used 3944K, committed 4032K, reserved 1048576K
}
Event: 30.241 GC heap after
{Heap after GC invocations=43 (full 0):
 garbage-first heap   total 156672K, used 43928K [0x0000000081e00000, 0x0000000100000000)
  region size 1024K, 1 young (1024K), 1 survivors (1024K)
 Metaspace       used 32373K, committed 32576K, reserved 1114112K
  class space    used 3944K, committed 4032K, reserved 1048576K
}

Dll operation events (20 events):
Event: 4.822 Loaded shared library C:\Users\Jay\.javacpp\cache\opencv-3.2.0-1.3-windows-x86_64.jar\org\bytedeco\javacpp\windows-x86_64\opencv_core320.dll
Event: 4.833 Loaded shared library C:\Users\Jay\.javacpp\cache\opencv-3.2.0-1.3-windows-x86_64.jar\org\bytedeco\javacpp\windows-x86_64\opencv_imgproc320.dll
Event: 4.845 Loaded shared library C:\Users\Jay\.javacpp\cache\opencv-3.2.0-1.3-windows-x86_64.jar\org\bytedeco\javacpp\windows-x86_64\jniopencv_core.dll
Event: 5.265 Loaded shared library C:\Users\Jay\.javacpp\cache\opencv-3.2.0-1.3-windows-x86_64.jar\org\bytedeco\javacpp\windows-x86_64\jniopencv_imgproc.dll
Event: 5.327 Loaded shared library C:\Users\Jay\.javacpp\cache\opencv-3.2.0-1.3-windows-x86_64.jar\org\bytedeco\javacpp\windows-x86_64\opencv_imgcodecs320.dll
Event: 5.338 Loaded shared library C:\Users\Jay\.javacpp\cache\opencv-3.2.0-1.3-windows-x86_64.jar\org\bytedeco\javacpp\windows-x86_64\jniopencv_imgcodecs.dll
Event: 5.523 Loaded shared library C:\Users\Jay\.javacpp\cache\opencv-3.2.0-1.3-windows-x86_64.jar\org\bytedeco\javacpp\windows-x86_64\opencv_videoio320.dll
Event: 5.537 Loaded shared library C:\Users\Jay\.javacpp\cache\opencv-3.2.0-1.3-windows-x86_64.jar\org\bytedeco\javacpp\windows-x86_64\jniopencv_videoio.dll
Event: 5.641 Loaded shared library C:\Users\Jay\.javacpp\cache\opencv-3.2.0-1.3-windows-x86_64.jar\org\bytedeco\javacpp\windows-x86_64\opencv_highgui320.dll
Event: 5.652 Loaded shared library C:\Users\Jay\.javacpp\cache\opencv-3.2.0-1.3-windows-x86_64.jar\org\bytedeco\javacpp\windows-x86_64\jniopencv_highgui.dll
Event: 5.706 Loaded shared library C:\Users\Jay\.javacpp\cache\opencv-3.2.0-1.3-windows-x86_64.jar\org\bytedeco\javacpp\windows-x86_64\opencv_ml320.dll
Event: 5.717 Loaded shared library C:\Users\Jay\.javacpp\cache\opencv-3.2.0-1.3-windows-x86_64.jar\org\bytedeco\javacpp\windows-x86_64\jniopencv_ml.dll
Event: 5.810 Loaded shared library C:\Users\Jay\.javacpp\cache\opencv-3.2.0-1.3-windows-x86_64.jar\org\bytedeco\javacpp\windows-x86_64\opencv_objdetect320.dll
Event: 5.821 Loaded shared library C:\Users\Jay\.javacpp\cache\opencv-3.2.0-1.3-windows-x86_64.jar\org\bytedeco\javacpp\windows-x86_64\jniopencv_objdetect.dll
Event: 5.909 Loaded shared library C:\Users\Jay\.javacpp\cache\opencv-3.2.0-1.3-windows-x86_64.jar\org\bytedeco\javacpp\windows-x86_64\opencv_face320.dll
Event: 5.919 Loaded shared library C:\Users\Jay\.javacpp\cache\opencv-3.2.0-1.3-windows-x86_64.jar\org\bytedeco\javacpp\windows-x86_64\jniopencv_face.dll
Event: 7.548 Loaded shared library C:\Windows\System32\ole32.dll
Event: 7.554 Loaded shared library C:\Windows\System32\oleaut32.dll
Event: 7.579 Loaded shared library C:\Users\Jay\.javacpp\cache\videoinput-0.200-1.3-windows-x86_64.jar\org\bytedeco\javacpp\windows-x86_64\jnivideoInputLib.dll
Event: 9.613 Loaded shared library C:\Users\Jay\.p2\pool\plugins\org.eclipse.justj.openjdk.hotspot.jre.full.win32.x86_64_17.0.8.v20230801-1951\jre\bin\awt.dll

Deoptimization events (20 events):
Event: 29.195 Thread 0x000001f8d36c5540 Uncommon trap: trap_request=0xffffff45 fr.pc=0x000001f8c4d7a198 relative=0x0000000000001c58
Event: 29.195 Thread 0x000001f8d36c5540 Uncommon trap: reason=unstable_if action=reinterpret pc=0x000001f8c4d7a198 method=com.sun.javafx.sg.prism.NGRegion.getCacheKey(II)Ljava/lang/Integer; @ 4 c2
Event: 29.195 Thread 0x000001f8d36c5540 DEOPT PACKING pc=0x000001f8c4d7a198 sp=0x0000003a438fe0b0
Event: 29.195 Thread 0x000001f8d36c5540 DEOPT UNPACKING pc=0x000001f8c45c69a3 sp=0x0000003a438fdf00 mode 2
Event: 29.195 Thread 0x000001f8d36c5540 Uncommon trap: trap_request=0xffffff45 fr.pc=0x000001f8c4d74298 relative=0x0000000000001878
Event: 29.195 Thread 0x000001f8d36c5540 Uncommon trap: reason=unstable_if action=reinterpret pc=0x000001f8c4d74298 method=com.sun.javafx.sg.prism.NGRegion.renderBackgroundRectanglesDirectly(Lcom/sun/prism/Graphics;FF)V @ 144 c2
Event: 29.195 Thread 0x000001f8d36c5540 DEOPT PACKING pc=0x000001f8c4d74298 sp=0x0000003a438fdec0
Event: 29.195 Thread 0x000001f8d36c5540 DEOPT UNPACKING pc=0x000001f8c45c69a3 sp=0x0000003a438fde68 mode 2
Event: 29.195 Thread 0x000001f8d36c5540 Uncommon trap: trap_request=0xffffff45 fr.pc=0x000001f8c4d6e524 relative=0x0000000000000224
Event: 29.195 Thread 0x000001f8d36c5540 Uncommon trap: reason=unstable_if action=reinterpret pc=0x000001f8c4d6e524 method=com.sun.javafx.sg.prism.NGRegion.doCorner(Lcom/sun/javafx/geom/Path2D;Ljavafx/scene/layout/CornerRadii;FFIFFZ)V @ 169 c2
Event: 29.195 Thread 0x000001f8d36c5540 DEOPT PACKING pc=0x000001f8c4d6e524 sp=0x0000003a438fdd10
Event: 29.195 Thread 0x000001f8d36c5540 DEOPT UNPACKING pc=0x000001f8c45c69a3 sp=0x0000003a438fdc58 mode 2
Event: 29.195 Thread 0x000001f8d36c5540 Uncommon trap: trap_request=0xffffff45 fr.pc=0x000001f8c4d5f078 relative=0x00000000000011d8
Event: 29.195 Thread 0x000001f8d36c5540 Uncommon trap: reason=unstable_if action=reinterpret pc=0x000001f8c4d5f078 method=java.util.WeakHashMap.getEntry(Ljava/lang/Object;)Ljava/util/WeakHashMap$Entry; @ 35 c2
Event: 29.195 Thread 0x000001f8d36c5540 DEOPT PACKING pc=0x000001f8c4d5f078 sp=0x0000003a438fda10
Event: 29.195 Thread 0x000001f8d36c5540 DEOPT UNPACKING pc=0x000001f8c45c69a3 sp=0x0000003a438fd858 mode 2
Event: 30.139 Thread 0x000001f8d378e7c0 Uncommon trap: trap_request=0xffffff76 fr.pc=0x000001f8c4d37918 relative=0x00000000000004d8
Event: 30.140 Thread 0x000001f8d378e7c0 Uncommon trap: reason=predicate action=maybe_recompile pc=0x000001f8c4d37918 method=java.util.ArrayList.remove(Ljava/lang/Object;)Z @ 42 c2
Event: 30.140 Thread 0x000001f8d378e7c0 DEOPT PACKING pc=0x000001f8c4d37918 sp=0x0000003a43afcca0
Event: 30.140 Thread 0x000001f8d378e7c0 DEOPT UNPACKING pc=0x000001f8c45c69a3 sp=0x0000003a43afcc70 mode 2

Classes unloaded (0 events):
No events

Classes redefined (0 events):
No events

Internal exceptions (20 events):
Event: 2.858 Thread 0x000001f8d378e7c0 Exception <a 'java/lang/NoSuchMethodError'{0x0000000084de94c0}: 'java.lang.Object java.lang.invoke.DirectMethodHandle$Holder.newInvokeSpecial(java.lang.Object, java.lang.Object, int)'> (0x0000000084de94c0) 
thrown [s\src\hotspot\share\interpreter\linkResolver.cpp, line 759]
Event: 2.923 Thread 0x000001f8d378e7c0 Exception <a 'java/lang/NoSuchMethodError'{0x0000000084ce6a30}: 'long java.lang.invoke.DirectMethodHandle$Holder.invokeStatic(java.lang.Object, java.lang.Object, java.lang.Object)'> (0x0000000084ce6a30) 
thrown [s\src\hotspot\share\interpreter\linkResolver.cpp, line 759]
Event: 2.925 Thread 0x000001f8d378e7c0 Exception <a 'java/lang/NoSuchMethodError'{0x0000000084cea1d8}: 'long java.lang.invoke.DirectMethodHandle$Holder.invokeStaticInit(java.lang.Object, java.lang.Object, java.lang.Object)'> (0x0000000084cea1d8) 
thrown [s\src\hotspot\share\interpreter\linkResolver.cpp, line 759]
Event: 2.931 Thread 0x000001f8d378e7c0 Exception <a 'java/lang/NoSuchMethodError'{0x0000000084b2e120}: 'java.lang.Object java.lang.invoke.DirectMethodHandle$Holder.newInvokeSpecial(java.lang.Object, java.lang.Object, long)'> (0x0000000084b2e120) 
thrown [s\src\hotspot\share\interpreter\linkResolver.cpp, line 759]
Event: 2.931 Thread 0x000001f8d378e7c0 Exception <a 'java/lang/NoSuchMethodError'{0x0000000084b31c90}: 'java.lang.Object java.lang.invoke.Invokers$Holder.linkToTargetMethod(java.lang.Object, long, java.lang.Object)'> (0x0000000084b31c90) 
thrown [s\src\hotspot\share\interpreter\linkResolver.cpp, line 759]
Event: 2.993 Thread 0x000001f8d36c5540 Exception <a 'java/lang/NoSuchMethodError'{0x0000000084a1a360}: 'int java.lang.invoke.DirectMethodHandle$Holder.invokeStaticInit(java.lang.Object, java.lang.Object)'> (0x0000000084a1a360) 
thrown [s\src\hotspot\share\interpreter\linkResolver.cpp, line 759]
Event: 3.025 Thread 0x000001f8d36c5540 Exception <a 'java/lang/NoSuchMethodError'{0x00000000849457d0}: 'java.lang.Object java.lang.invoke.DirectMethodHandle$Holder.invokeStaticInit(java.lang.Object, int)'> (0x00000000849457d0) 
thrown [s\src\hotspot\share\interpreter\linkResolver.cpp, line 759]
Event: 4.731 Thread 0x000001f8d378e7c0 Exception <a 'java/lang/NoSuchMethodError'{0x0000000084201ab0}: 'int java.lang.invoke.DirectMethodHandle$Holder.invokeStaticInit(java.lang.Object, java.lang.Object, java.lang.Object, java.lang.Object)'> (0x0000000084201ab0) 
thrown [s\src\hotspot\share\interpreter\linkResolver.cpp, line 759]
Event: 4.732 Thread 0x000001f8d378e7c0 Exception <a 'java/lang/NoSuchMethodError'{0x000000008420b200}: 'java.lang.Object java.lang.invoke.DirectMethodHandle$Holder.invokeInterface(java.lang.Object, java.lang.Object)'> (0x000000008420b200) 
thrown [s\src\hotspot\share\interpreter\linkResolver.cpp, line 759]
Event: 4.732 Thread 0x000001f8d378e7c0 Exception <a 'java/lang/IncompatibleClassChangeError'{0x000000008420eca0}: Found class java.lang.Object, but interface was expected> (0x000000008420eca0) 
thrown [s\src\hotspot\share\interpreter\linkResolver.cpp, line 826]
Event: 6.520 Thread 0x000001f8d378e7c0 Exception <a 'java/lang/NoSuchMethodError'{0x00000000853a7760}: 'java.lang.Object java.lang.invoke.DirectMethodHandle$Holder.invokeStaticInit(java.lang.Object, int, int, int, int)'> (0x00000000853a7760) 
thrown [s\src\hotspot\share\interpreter\linkResolver.cpp, line 759]
Event: 6.599 Thread 0x000001f8d378e7c0 Exception <a 'java/lang/NoSuchMethodError'{0x0000000085215978}: 'java.lang.Object java.lang.invoke.DirectMethodHandle$Holder.invokeStaticInit(java.lang.Object, java.lang.Object, int, int, int, int)'> (0x0000000085215978) 
thrown [s\src\hotspot\share\interpreter\linkResolver.cpp, line 759]
Event: 9.621 Thread 0x000001f8d378e7c0 Exception <a 'java/lang/NoSuchMethodError'{0x0000000085097fa0}: 'void java.lang.invoke.DirectMethodHandle$Holder.invokeSpecial(java.lang.Object, java.lang.Object, int)'> (0x0000000085097fa0) 
thrown [s\src\hotspot\share\interpreter\linkResolver.cpp, line 759]
Event: 9.624 Thread 0x000001f8d39134e0 Exception <a 'java/lang/NoSuchMethodError'{0x00000000850d2468}: 'java.lang.Object java.lang.invoke.DirectMethodHandle$Holder.newInvokeSpecial(java.lang.Object, java.lang.Object, java.lang.Object, int)'> (0x00000000850d2468) 
thrown [s\src\hotspot\share\interpreter\linkResolver.cpp, line 759]
Event: 9.625 Thread 0x000001f8d39134e0 Exception <a 'java/lang/NoSuchMethodError'{0x00000000850d65a0}: 'java.lang.Object java.lang.invoke.DirectMethodHandle$Holder.invokeSpecial(java.lang.Object, java.lang.Object, java.lang.Object, java.lang.Object, int)'> (0x00000000850d65a0) 
thrown [s\src\hotspot\share\interpreter\linkResolver.cpp, line 759]
Event: 9.625 Thread 0x000001f8d39134e0 Exception <a 'java/lang/NoSuchMethodError'{0x00000000850d9ec0}: 'java.lang.Object java.lang.invoke.Invokers$Holder.linkToTargetMethod(java.lang.Object, java.lang.Object, int, java.lang.Object)'> (0x00000000850d9ec0) 
thrown [s\src\hotspot\share\interpreter\linkResolver.cpp, line 759]
Event: 9.627 Thread 0x000001f8d3918af0 Exception <a 'java/lang/ClassNotFoundException'{0x00000000850b95b8}: sun/awt/resources/spi/awtProvider> (0x00000000850b95b8) 
thrown [s\src\hotspot\share\classfile\systemDictionary.cpp, line 256]
Event: 9.631 Thread 0x000001f8d3918af0 Exception <a 'java/io/FileNotFoundException'{0x00000000850bc3c8}> (0x00000000850bc3c8) 
thrown [s\src\hotspot\share\prims\jni.cpp, line 516]
Event: 9.631 Thread 0x000001f8d3918af0 Exception <a 'java/io/FileNotFoundException'{0x00000000850bd938}> (0x00000000850bd938) 
thrown [s\src\hotspot\share\prims\jni.cpp, line 516]
Event: 29.195 Thread 0x000001f8d36c5540 Implicit null exception at 0x000001f8c4d78d00 to 0x000001f8c4d7a0ec

VM Operations (20 events):
Event: 24.604 Executing VM operation: G1TryInitiateConcMark
Event: 24.606 Executing VM operation: G1TryInitiateConcMark done
Event: 25.301 Executing VM operation: G1TryInitiateConcMark
Event: 25.302 Executing VM operation: G1TryInitiateConcMark done
Event: 25.302 Executing VM operation: G1TryInitiateConcMark
Event: 25.303 Executing VM operation: G1TryInitiateConcMark done
Event: 26.013 Executing VM operation: G1TryInitiateConcMark
Event: 26.014 Executing VM operation: G1TryInitiateConcMark done
Event: 26.713 Executing VM operation: G1TryInitiateConcMark
Event: 26.714 Executing VM operation: G1TryInitiateConcMark done
Event: 27.397 Executing VM operation: G1TryInitiateConcMark
Event: 27.399 Executing VM operation: G1TryInitiateConcMark done
Event: 28.092 Executing VM operation: G1TryInitiateConcMark
Event: 28.093 Executing VM operation: G1TryInitiateConcMark done
Event: 28.788 Executing VM operation: G1TryInitiateConcMark
Event: 28.789 Executing VM operation: G1TryInitiateConcMark done
Event: 29.494 Executing VM operation: G1TryInitiateConcMark
Event: 29.495 Executing VM operation: G1TryInitiateConcMark done
Event: 30.240 Executing VM operation: G1TryInitiateConcMark
Event: 30.241 Executing VM operation: G1TryInitiateConcMark done

Events (20 events):
Event: 26.995 Thread 0x000001f8d37aa610 Thread added: 0x000001f8d37aa610
Event: 26.995 Thread 0x000001f8d37aa610 Thread exited: 0x000001f8d37aa610
Event: 27.108 Thread 0x000001f8d3916270 Thread added: 0x000001f8d3916270
Event: 27.108 Thread 0x000001f8d3916270 Thread exited: 0x000001f8d3916270
Event: 27.203 Thread 0x000001f8d37aa610 Thread added: 0x000001f8d37aa610
Event: 27.203 Thread 0x000001f8d37aa610 Thread exited: 0x000001f8d37aa610
Event: 27.304 Thread 0x000001f8d3916270 Thread added: 0x000001f8d3916270
Event: 27.305 Thread 0x000001f8d3916270 Thread exited: 0x000001f8d3916270
Event: 27.397 Thread 0x000001f8d37aa610 Thread added: 0x000001f8d37aa610
Event: 27.399 Thread 0x000001f8d37aa610 Thread exited: 0x000001f8d37aa610
Event: 27.507 Thread 0x000001f8d3916270 Thread added: 0x000001f8d3916270
Event: 27.508 Thread 0x000001f8d3916270 Thread exited: 0x000001f8d3916270
Event: 27.601 Thread 0x000001f8d37aa610 Thread added: 0x000001f8d37aa610
Event: 27.601 Thread 0x000001f8d37aa610 Thread exited: 0x000001f8d37aa610
Event: 27.707 Thread 0x000001f8d3916270 Thread added: 0x000001f8d3916270
Event: 27.707 Thread 0x000001f8d3916270 Thread exited: 0x000001f8d3916270
Event: 27.795 Thread 0x000001f8d37aa610 Thread added: 0x000001f8d37aa610
Event: 27.795 Thread 0x000001f8d37aa610 Thread exited: 0x000001f8d37aa610
Event: 27.887 Thread 0x000001f8d3916270 Thread added: 0x000001f8d3916270
Event: 28.888 Thread 0x000001f8d3916270 Thread exited: 0x000001f8d3916270


Dynamic libraries:
0x00007ff642c60000 - 0x00007ff642c6e000 	C:\Users\Jay\.p2\pool\plugins\org.eclipse.justj.openjdk.hotspot.jre.full.win32.x86_64_17.0.8.v20230801-1951\jre\bin\javaw.exe
0x00007ff822e30000 - 0x00007ff823028000 	C:\WINDOWS\SYSTEM32\ntdll.dll
0x00007ff8229e0000 - 0x00007ff822a9d000 	C:\WINDOWS\System32\KERNEL32.DLL
0x00007ff820a30000 - 0x00007ff820cfe000 	C:\WINDOWS\System32\KERNELBASE.dll
0x00007ff820930000 - 0x00007ff820a30000 	C:\WINDOWS\System32\ucrtbase.dll
0x00007ff81b330000 - 0x00007ff81b347000 	C:\Users\Jay\.p2\pool\plugins\org.eclipse.justj.openjdk.hotspot.jre.full.win32.x86_64_17.0.8.v20230801-1951\jre\bin\jli.dll
0x00007ff81b310000 - 0x00007ff81b329000 	C:\Users\Jay\.p2\pool\plugins\org.eclipse.justj.openjdk.hotspot.jre.full.win32.x86_64_17.0.8.v20230801-1951\jre\bin\VCRUNTIME140.dll
0x00007ff8217a0000 - 0x00007ff821940000 	C:\WINDOWS\System32\USER32.dll
0x00007ff820f50000 - 0x00007ff820f72000 	C:\WINDOWS\System32\win32u.dll
0x00007ff80f830000 - 0x00007ff80faca000 	C:\WINDOWS\WinSxS\amd64_microsoft.windows.common-controls_6595b64144ccf1df_6.0.19041.1110_none_60b5254171f9507e\COMCTL32.dll
0x00007ff821a10000 - 0x00007ff821a3a000 	C:\WINDOWS\System32\GDI32.dll
0x00007ff821c70000 - 0x00007ff821d0e000 	C:\WINDOWS\System32\msvcrt.dll
0x00007ff820d30000 - 0x00007ff820e3b000 	C:\WINDOWS\System32\gdi32full.dll
0x00007ff820e40000 - 0x00007ff820edd000 	C:\WINDOWS\System32\msvcp_win.dll
0x00007ff822c90000 - 0x00007ff822cc0000 	C:\WINDOWS\System32\IMM32.DLL
0x00007ff81c0b0000 - 0x00007ff81c0bc000 	C:\Users\Jay\.p2\pool\plugins\org.eclipse.justj.openjdk.hotspot.jre.full.win32.x86_64_17.0.8.v20230801-1951\jre\bin\vcruntime140_1.dll
0x00007ff819a30000 - 0x00007ff819ac1000 	C:\Users\Jay\.p2\pool\plugins\org.eclipse.justj.openjdk.hotspot.jre.full.win32.x86_64_17.0.8.v20230801-1951\jre\bin\msvcp140.dll
0x00007fffe32c0000 - 0x00007fffe3f0c000 	C:\Users\Jay\.p2\pool\plugins\org.eclipse.justj.openjdk.hotspot.jre.full.win32.x86_64_17.0.8.v20230801-1951\jre\bin\server\jvm.dll
0x00007ff822d40000 - 0x00007ff822dee000 	C:\WINDOWS\System32\ADVAPI32.dll
0x00007ff822bf0000 - 0x00007ff822c8c000 	C:\WINDOWS\System32\sechost.dll
0x00007ff821670000 - 0x00007ff821795000 	C:\WINDOWS\System32\RPCRT4.dll
0x00007ff8204b0000 - 0x00007ff8204fb000 	C:\WINDOWS\SYSTEM32\POWRPROF.dll
0x00007ff818d90000 - 0x00007ff818d99000 	C:\WINDOWS\SYSTEM32\WSOCK32.dll
0x00007ff810280000 - 0x00007ff8102a7000 	C:\WINDOWS\SYSTEM32\WINMM.dll
0x00007ff822cc0000 - 0x00007ff822d2b000 	C:\WINDOWS\System32\WS2_32.dll
0x00007ff80d9d0000 - 0x00007ff80d9da000 	C:\WINDOWS\SYSTEM32\VERSION.dll
0x00007ff820490000 - 0x00007ff8204a2000 	C:\WINDOWS\SYSTEM32\UMPDC.dll
0x00007ff81e530000 - 0x00007ff81e542000 	C:\WINDOWS\SYSTEM32\kernel.appcore.dll
0x00007ff815ce0000 - 0x00007ff815cea000 	C:\Users\Jay\.p2\pool\plugins\org.eclipse.justj.openjdk.hotspot.jre.full.win32.x86_64_17.0.8.v20230801-1951\jre\bin\jimage.dll
0x00007ff80cb20000 - 0x00007ff80cd04000 	C:\WINDOWS\SYSTEM32\DBGHELP.DLL
0x00007ff80caf0000 - 0x00007ff80cb1c000 	C:\WINDOWS\SYSTEM32\dbgcore.DLL
0x00007ff8207f0000 - 0x00007ff820872000 	C:\WINDOWS\System32\bcryptPrimitives.dll
0x00007ff8119b0000 - 0x00007ff8119d5000 	C:\Users\Jay\.p2\pool\plugins\org.eclipse.justj.openjdk.hotspot.jre.full.win32.x86_64_17.0.8.v20230801-1951\jre\bin\java.dll
0x00007ff813230000 - 0x00007ff813248000 	C:\Users\Jay\.p2\pool\plugins\org.eclipse.justj.openjdk.hotspot.jre.full.win32.x86_64_17.0.8.v20230801-1951\jre\bin\zip.dll
0x00007ff822180000 - 0x00007ff8228c3000 	C:\WINDOWS\System32\SHELL32.dll
0x00007ff81e730000 - 0x00007ff81eec5000 	C:\WINDOWS\SYSTEM32\windows.storage.dll
0x00007ff821040000 - 0x00007ff821394000 	C:\WINDOWS\System32\combase.dll
0x00007ff81ffd0000 - 0x00007ff820000000 	C:\WINDOWS\SYSTEM32\Wldp.dll
0x00007ff820f90000 - 0x00007ff82103d000 	C:\WINDOWS\System32\SHCORE.dll
0x00007ff822980000 - 0x00007ff8229d5000 	C:\WINDOWS\System32\shlwapi.dll
0x00007ff820580000 - 0x00007ff82059f000 	C:\WINDOWS\SYSTEM32\profapi.dll
0x00007ff811990000 - 0x00007ff8119a9000 	C:\Users\Jay\.p2\pool\plugins\org.eclipse.justj.openjdk.hotspot.jre.full.win32.x86_64_17.0.8.v20230801-1951\jre\bin\net.dll
0x00007ff814980000 - 0x00007ff814a8a000 	C:\WINDOWS\SYSTEM32\WINHTTP.dll
0x00007ff81fd30000 - 0x00007ff81fd9a000 	C:\WINDOWS\system32\mswsock.dll
0x00007ff811970000 - 0x00007ff811985000 	C:\Users\Jay\.p2\pool\plugins\org.eclipse.justj.openjdk.hotspot.jre.full.win32.x86_64_17.0.8.v20230801-1951\jre\bin\nio.dll
0x000001f8b9870000 - 0x000001f8b9873000 	C:\javafx-sdk-20.0.2\bin\api-ms-win-core-console-l1-1-0.dll
0x000001f8b9880000 - 0x000001f8b9883000 	C:\javafx-sdk-20.0.2\bin\api-ms-win-core-console-l1-2-0.dll
0x000001f8b9890000 - 0x000001f8b9893000 	C:\javafx-sdk-20.0.2\bin\api-ms-win-core-datetime-l1-1-0.dll
0x000001f8b98a0000 - 0x000001f8b98a3000 	C:\javafx-sdk-20.0.2\bin\api-ms-win-core-debug-l1-1-0.dll
0x000001f8b98b0000 - 0x000001f8b98b3000 	C:\javafx-sdk-20.0.2\bin\api-ms-win-core-errorhandling-l1-1-0.dll
0x000001f8b98c0000 - 0x000001f8b98c4000 	C:\javafx-sdk-20.0.2\bin\api-ms-win-core-file-l1-1-0.dll
0x000001f8b98d0000 - 0x000001f8b98d3000 	C:\javafx-sdk-20.0.2\bin\api-ms-win-core-file-l1-2-0.dll
0x000001f8b98e0000 - 0x000001f8b98e3000 	C:\javafx-sdk-20.0.2\bin\api-ms-win-core-file-l2-1-0.dll
0x000001f8b98f0000 - 0x000001f8b98f3000 	C:\javafx-sdk-20.0.2\bin\api-ms-win-core-handle-l1-1-0.dll
0x000001f8b9900000 - 0x000001f8b9903000 	C:\javafx-sdk-20.0.2\bin\api-ms-win-core-heap-l1-1-0.dll
0x000001f8b9910000 - 0x000001f8b9913000 	C:\javafx-sdk-20.0.2\bin\api-ms-win-core-interlocked-l1-1-0.dll
0x000001f8b9920000 - 0x000001f8b9923000 	C:\javafx-sdk-20.0.2\bin\api-ms-win-core-libraryloader-l1-1-0.dll
0x000001f8b9930000 - 0x000001f8b9933000 	C:\javafx-sdk-20.0.2\bin\api-ms-win-core-localization-l1-2-0.dll
0x000001f8d3d90000 - 0x000001f8d3d93000 	C:\javafx-sdk-20.0.2\bin\api-ms-win-core-memory-l1-1-0.dll
0x000001f8d3da0000 - 0x000001f8d3da3000 	C:\javafx-sdk-20.0.2\bin\api-ms-win-core-namedpipe-l1-1-0.dll
0x000001f8d3db0000 - 0x000001f8d3db3000 	C:\javafx-sdk-20.0.2\bin\api-ms-win-core-processenvironment-l1-1-0.dll
0x000001f8d3dc0000 - 0x000001f8d3dc3000 	C:\javafx-sdk-20.0.2\bin\api-ms-win-core-processthreads-l1-1-0.dll
0x000001f8d3dd0000 - 0x000001f8d3dd3000 	C:\javafx-sdk-20.0.2\bin\api-ms-win-core-processthreads-l1-1-1.dll
0x000001f8d3de0000 - 0x000001f8d3de3000 	C:\javafx-sdk-20.0.2\bin\api-ms-win-core-profile-l1-1-0.dll
0x000001f8d3df0000 - 0x000001f8d3df3000 	C:\javafx-sdk-20.0.2\bin\api-ms-win-core-rtlsupport-l1-1-0.dll
0x000001f8d3e00000 - 0x000001f8d3e03000 	C:\javafx-sdk-20.0.2\bin\api-ms-win-core-string-l1-1-0.dll
0x000001f8d3e10000 - 0x000001f8d3e13000 	C:\javafx-sdk-20.0.2\bin\api-ms-win-core-synch-l1-1-0.dll
0x000001f8d3e20000 - 0x000001f8d3e23000 	C:\javafx-sdk-20.0.2\bin\api-ms-win-core-synch-l1-2-0.dll
0x000001f8d3e30000 - 0x000001f8d3e33000 	C:\javafx-sdk-20.0.2\bin\api-ms-win-core-sysinfo-l1-1-0.dll
0x000001f8d3e40000 - 0x000001f8d3e43000 	C:\javafx-sdk-20.0.2\bin\api-ms-win-core-timezone-l1-1-0.dll
0x000001f8d3e50000 - 0x000001f8d3e53000 	C:\javafx-sdk-20.0.2\bin\api-ms-win-core-util-l1-1-0.dll
0x000001f8d3e60000 - 0x000001f8d3e63000 	C:\javafx-sdk-20.0.2\bin\api-ms-win-crt-conio-l1-1-0.dll
0x000001f8d3e70000 - 0x000001f8d3e74000 	C:\javafx-sdk-20.0.2\bin\api-ms-win-crt-convert-l1-1-0.dll
0x000001f8d3e80000 - 0x000001f8d3e83000 	C:\javafx-sdk-20.0.2\bin\api-ms-win-crt-environment-l1-1-0.dll
0x000001f8d3e90000 - 0x000001f8d3e93000 	C:\javafx-sdk-20.0.2\bin\api-ms-win-crt-filesystem-l1-1-0.dll
0x000001f8d3ea0000 - 0x000001f8d3ea3000 	C:\javafx-sdk-20.0.2\bin\api-ms-win-crt-heap-l1-1-0.dll
0x000001f8d3eb0000 - 0x000001f8d3eb3000 	C:\javafx-sdk-20.0.2\bin\api-ms-win-crt-locale-l1-1-0.dll
0x000001f8d3ec0000 - 0x000001f8d3ec5000 	C:\javafx-sdk-20.0.2\bin\api-ms-win-crt-math-l1-1-0.dll
0x000001f8d3ed0000 - 0x000001f8d3ed5000 	C:\javafx-sdk-20.0.2\bin\api-ms-win-crt-multibyte-l1-1-0.dll
0x000001f8d3ee0000 - 0x000001f8d3ef0000 	C:\javafx-sdk-20.0.2\bin\api-ms-win-crt-private-l1-1-0.dll
0x000001f8d3ef0000 - 0x000001f8d3ef3000 	C:\javafx-sdk-20.0.2\bin\api-ms-win-crt-process-l1-1-0.dll
0x000001f8d3f00000 - 0x000001f8d3f04000 	C:\javafx-sdk-20.0.2\bin\api-ms-win-crt-runtime-l1-1-0.dll
0x000001f8d3f10000 - 0x000001f8d3f14000 	C:\javafx-sdk-20.0.2\bin\api-ms-win-crt-stdio-l1-1-0.dll
0x000001f8d3f20000 - 0x000001f8d3f24000 	C:\javafx-sdk-20.0.2\bin\api-ms-win-crt-string-l1-1-0.dll
0x000001f8d3f30000 - 0x000001f8d3f33000 	C:\javafx-sdk-20.0.2\bin\api-ms-win-crt-time-l1-1-0.dll
0x000001f8d3f40000 - 0x000001f8d3f43000 	C:\javafx-sdk-20.0.2\bin\api-ms-win-crt-utility-l1-1-0.dll
0x00007ffff8dc0000 - 0x00007ffff8ebc000 	C:\javafx-sdk-20.0.2\bin\ucrtbase.dll
0x00007ff819d50000 - 0x00007ff819d6b000 	C:\javafx-sdk-20.0.2\bin\vcruntime140.dll
0x00007ff81b6a0000 - 0x00007ff81b6ac000 	C:\javafx-sdk-20.0.2\bin\vcruntime140_1.dll
0x00007ff806010000 - 0x00007ff80609e000 	C:\javafx-sdk-20.0.2\bin\msvcp140.dll
0x00007ff819d30000 - 0x00007ff819d39000 	C:\javafx-sdk-20.0.2\bin\msvcp140_1.dll
0x00007ff819b50000 - 0x00007ff819b80000 	C:\javafx-sdk-20.0.2\bin\msvcp140_2.dll
0x00007ff819480000 - 0x00007ff8194af000 	C:\javafx-sdk-20.0.2\bin\prism_d3d.dll
0x00007fffeeb60000 - 0x00007fffeed2f000 	C:\WINDOWS\system32\d3d9.dll
0x00007ff81e320000 - 0x00007ff81e34f000 	C:\WINDOWS\SYSTEM32\dwmapi.dll
0x00007ff81e050000 - 0x00007ff81e0ee000 	C:\WINDOWS\system32\uxtheme.dll
0x00007ff821940000 - 0x00007ff821a0d000 	C:\WINDOWS\System32\OLEAUT32.dll
0x00007ff822ac0000 - 0x00007ff822bea000 	C:\WINDOWS\System32\ole32.dll
0x00007ff821d10000 - 0x00007ff82217f000 	C:\WINDOWS\System32\SETUPAPI.dll
0x00007ff8207a0000 - 0x00007ff8207ee000 	C:\WINDOWS\System32\cfgmgr32.dll
0x00007ff820d00000 - 0x00007ff820d27000 	C:\WINDOWS\System32\bcrypt.dll
0x00007ff817120000 - 0x00007ff817162000 	C:\javafx-sdk-20.0.2\bin\glass.dll
0x00007ff821410000 - 0x00007ff8214ea000 	C:\WINDOWS\System32\COMDLG32.dll
0x00007ff821550000 - 0x00007ff821665000 	C:\WINDOWS\System32\MSCTF.dll
0x00007ff81b5a0000 - 0x00007ff81b5db000 	C:\WINDOWS\SYSTEM32\dxcore.dll
0x00007ff819460000 - 0x00007ff819474000 	C:\javafx-sdk-20.0.2\bin\javafx_font.dll
0x00007ff817d80000 - 0x00007ff817dad000 	C:\javafx-sdk-20.0.2\bin\javafx_iio.dll
0x00007ff816d50000 - 0x00007ff816fcf000 	C:\WINDOWS\SYSTEM32\dwrite.dll
0x00007ff8228d0000 - 0x00007ff822979000 	C:\WINDOWS\System32\clbcatq.dll
0x00007ff819160000 - 0x00007ff819314000 	C:\WINDOWS\SYSTEM32\WindowsCodecs.dll
0x00007ff8074a0000 - 0x00007ff8074de000 	C:\WINDOWS\system32\dataexchange.dll
0x00007ff81c7a0000 - 0x00007ff81ca03000 	C:\WINDOWS\system32\d3d11.dll
0x00007ff81ca10000 - 0x00007ff81cbf4000 	C:\WINDOWS\system32\dcomp.dll
0x00007ff81ef30000 - 0x00007ff81f023000 	C:\WINDOWS\system32\dxgi.dll
0x00007ff818de0000 - 0x00007ff818fe0000 	C:\WINDOWS\system32\twinapi.appcore.dll
0x00007ff819840000 - 0x00007ff819939000 	C:\WINDOWS\SYSTEM32\textinputframework.dll
0x00007ff81d1c0000 - 0x00007ff81d51e000 	C:\WINDOWS\System32\CoreUIComponents.dll
0x00007ff81d8a0000 - 0x00007ff81d992000 	C:\WINDOWS\System32\CoreMessaging.dll
0x00007ff81f340000 - 0x00007ff81f373000 	C:\WINDOWS\SYSTEM32\ntmarta.dll
0x00007ff81c640000 - 0x00007ff81c794000 	C:\WINDOWS\SYSTEM32\wintypes.dll
0x00007ff8128c0000 - 0x00007ff812926000 	C:\WINDOWS\system32\Oleacc.dll
0x00007ffff0a70000 - 0x00007ffff0b5f000 	C:\Users\Jay\.javacpp\cache\opencv-3.2.0-1.3-windows-x86_64.jar\org\bytedeco\javacpp\windows-x86_64\msvcr120.dll
0x00007ffff09c0000 - 0x00007ffff0a66000 	C:\Users\Jay\.javacpp\cache\opencv-3.2.0-1.3-windows-x86_64.jar\org\bytedeco\javacpp\windows-x86_64\msvcp120.dll
0x00007fffee8d0000 - 0x00007fffeeb58000 	C:\Users\Jay\.javacpp\cache\opencv-3.2.0-1.3-windows-x86_64.jar\org\bytedeco\javacpp\windows-x86_64\opencv_core320.dll
0x00007fffee230000 - 0x00007fffee592000 	C:\Users\Jay\.javacpp\cache\opencv-3.2.0-1.3-windows-x86_64.jar\org\bytedeco\javacpp\windows-x86_64\opencv_imgproc320.dll
0x00007fffee680000 - 0x00007fffee8ca000 	C:\Users\Jay\.javacpp\cache\opencv-3.2.0-1.3-windows-x86_64.jar\org\bytedeco\javacpp\windows-x86_64\jniopencv_core.dll
0x00007ff820f80000 - 0x00007ff820f88000 	C:\WINDOWS\System32\PSAPI.DLL
0x00007ffff07c0000 - 0x00007ffff08b0000 	C:\Users\Jay\.javacpp\cache\opencv-3.2.0-1.3-windows-x86_64.jar\org\bytedeco\javacpp\windows-x86_64\jniopencv_imgproc.dll

dbghelp: loaded successfully - version: 4.0.5 - missing functions: none
symbol engine: initialized successfully - sym options: 0x614 - pdb path: .;C:\Users\Jay\.p2\pool\plugins\org.eclipse.justj.openjdk.hotspot.jre.full.win32.x86_64_17.0.8.v20230801-1951\jre\bin;C:\WINDOWS\SYSTEM32;C:\WINDOWS\WinSxS\amd64_microsoft.windows.common-controls_6595b64144ccf1df_6.0.19041.1110_none_60b5254171f9507e;C:\Users\Jay\.p2\pool\plugins\org.eclipse.justj.openjdk.hotspot.jre.full.win32.x86_64_17.0.8.v20230801-1951\jre\bin\server;C:\javafx-sdk-20.0.2\bin;C:\WINDOWS\System32\DriverStore\FileRepository\igdlh64.inf_amd64_82119d956c80af5a;C:\Program Files\Common Files\Microsoft Shared\Ink;C:\Users\Jay\.javacpp\cache\opencv-3.2.0-1.3-windows-x86_64.jar\org\bytedeco\javacpp\windows-x86_64;C:\Users\Jay\.javacpp\cache\videoinput-0.200-1.3-windows-x86_64.jar\org\bytedeco\javacpp\windows-x86_64;C:\WINDOWS\WinSxS\amd64_microsoft.windows.gdiplus_6595b64144ccf1df_1.1.19041.2006_none_919e9136cc8d4791;C:\Program Files (x86)\DroidCam\lib

VM Arguments:
jvm_args: --module-path=C:\javafx-sdk-20.0.2\lib --add-modules=javafx.controls,javafx.fxml -Dfile.encoding=UTF-8 -XX:+ShowCodeDetailsInExceptionMessages 
java_command: application.Main
java_class_path (initial): C:\Users\Jay\Desktop\facebio\Facebioreg\target\classes;C:\Users\Jay\Desktop\javafx-sdk-20.0.2\lib\javafx-swt.jar;C:\Users\Jay\Desktop\javafx-sdk-20.0.2\lib\javafx.base.jar;C:\Users\Jay\Desktop\javafx-sdk-20.0.2\lib\javafx.controls.jar;C:\Users\Jay\Desktop\javafx-sdk-20.0.2\lib\javafx.fxml.jar;C:\Users\Jay\Desktop\javafx-sdk-20.0.2\lib\javafx.graphics.jar;C:\Users\Jay\Desktop\javafx-sdk-20.0.2\lib\javafx.media.jar;C:\Users\Jay\Desktop\javafx-sdk-20.0.2\lib\javafx.swing.jar;C:\Users\Jay\Desktop\javafx-sdk-20.0.2\lib\javafx.web.jar;C:\Users\Jay\.p2\pool\plugins\org.eclipse.fx.ide.css.jfx8_3.8.0.202204150904.jar;C:\Users\Jay\Desktop\facebio\Facebioreg\opencv-341.jar;C:\Users\Jay\.m2\repository\org\bytedeco\javacv-platform\1.3.2\javacv-platform-1.3.2.jar;C:\Users\Jay\.m2\repository\org\bytedeco\javacv\1.3.2\javacv-1.3.2.jar;C:\Users\Jay\.m2\repository\org\bytedeco\javacpp\1.3.2\javacpp-1.3.2.jar;C:\Users\Jay\.m2\repository\org\bytedeco\javacpp-presets\opencv\3.2.0-1.3\opencv-3.2.0-1.3.jar;C:\Users\Jay\.m2\repository\org\bytedeco\javacpp-presets\ffmpeg\3.2.1-1.3\ffmpeg-3.2.1-1.3.jar;C:\Users\Jay\.m2\repository\org\bytedeco\javacpp-presets\flycapture\2.9.3.43-1.3\flycapture-2.9.3.43-1.3.jar;C:\Users\Jay\.m2\repository\org\bytedeco\javacpp-presets\libdc1394\2.2.4-1.3\libdc1394-2.2.4-1.3.jar;C:\Users\Jay\.m2\repository\org\bytedeco\javacpp-presets\libfreenect\0.5.3-1.3\libfreenect-0.5.3-1.3.jar;C:\Users\Jay\.m2\repository\org\bytedeco\javacpp-presets\libfreenect2\0.2.0-1.3\libfreenect2-0.2.0-1.3.jar;C:\Users\Jay\.m2\repository\org\bytedeco\javacpp-presets\librealsense\1.9.6-1.3\librealsense-1.9.6-1.3.jar;C:\Users\Jay\.m2\repository\org\bytedeco\javacpp-presets\videoinput\0.200-1.3\videoinput-0.200-1.3.jar;C:\Users\Jay\.m2\repository\org\bytedeco\javacpp-presets\artoolkitplus\2.3.1-1.3\artoolkitplus-2.3.1-1.3.jar;C:\Users\Jay\.m2\repository\org\bytedeco\javacpp-presets\flandmark\1.07-1.3\flandmark-1.07-1.3.jar;C:\Users\Jay\.m2\repository\org\byted
Launcher Type: SUN_STANDARD

[Global flags]
     intx CICompilerCount                          = 3                                         {product} {ergonomic}
     uint ConcGCThreads                            = 1                                         {product} {ergonomic}
     uint G1ConcRefinementThreads                  = 4                                         {product} {ergonomic}
   size_t G1HeapRegionSize                         = 1048576                                   {product} {ergonomic}
    uintx GCDrainStackTargetSize                   = 64                                        {product} {ergonomic}
   size_t InitialHeapSize                          = 134217728                                 {product} {ergonomic}
   size_t MarkStackSize                            = 4194304                                   {product} {ergonomic}
   size_t MaxHeapSize                              = 2116026368                                {product} {ergonomic}
   size_t MaxNewSize                               = 1268776960                                {product} {ergonomic}
   size_t MinHeapDeltaBytes                        = 1048576                                   {product} {ergonomic}
   size_t MinHeapSize                              = 8388608                                   {product} {ergonomic}
    uintx NonNMethodCodeHeapSize                   = 5832780                                {pd product} {ergonomic}
    uintx NonProfiledCodeHeapSize                  = 122912730                              {pd product} {ergonomic}
    uintx ProfiledCodeHeapSize                     = 122912730                              {pd product} {ergonomic}
    uintx ReservedCodeCacheSize                    = 251658240                              {pd product} {ergonomic}
     bool SegmentedCodeCache                       = true                                      {product} {ergonomic}
     bool ShowCodeDetailsInExceptionMessages       = true                                   {manageable} {command line}
   size_t SoftMaxHeapSize                          = 2116026368                             {manageable} {ergonomic}
     bool UseCompressedClassPointers               = true                           {product lp64_product} {ergonomic}
     bool UseCompressedOops                        = true                           {product lp64_product} {ergonomic}
     bool UseG1GC                                  = true                                      {product} {ergonomic}
     bool UseLargePagesIndividualAllocation        = false                                  {pd product} {ergonomic}

Logging:
Log output configuration:
 #0: stdout all=warning uptime,level,tags
 #1: stderr all=off uptime,level,tags

Environment Variables:
CLASSPATH=.;.;C:\PROGRA~2\JMF21~1.1E\lib\sound.jar;C:\PROGRA~2\JMF21~1.1E\lib\jmf.jar;C:\PROGRA~2\JMF21~1.1E\lib;
PATH=C:/Users/Jay/.p2/pool/plugins/org.eclipse.justj.openjdk.hotspot.jre.full.win32.x86_64_17.0.8.v20230801-1951/jre/bin/server;C:/Users/Jay/.p2/pool/plugins/org.eclipse.justj.openjdk.hotspot.jre.full.win32.x86_64_17.0.8.v20230801-1951/jre/bin;C:\Program Files\Common Files\Oracle\Java\javapath;C:\WINDOWS\system32;C:\WINDOWS;C:\WINDOWS\System32\Wbem;C:\WINDOWS\System32\WindowsPowerShell\v1.0\;C:\Program Files\nodejs\;C:\Program Files\Git\cmd;C:\xampp\php;C:\composer;C:\WINDOWS\System32\OpenSSH\;C:\Program Files\Microsoft SQL Server\150\Tools\Binn\;C:\Program Files\Microsoft SQL Server\Client SDK\ODBC\170\Tools\Binn\;C:\Program Files\dotnet\;C:\Program Files\PowerShell\7\;C:\Users\Jay\.console-ninja\.bin;C:\Users\Jay\AppData\Roaming\npm;C:\Users\Jay\AppData\Local\Programs\Microsoft VS Code\bin;C:\Users\Jay\AppData\Roaming\Composer\vendor\bin;C:\Users\Jay\AppData\Local\Microsoft\WindowsApps;C:\Users\Jay\.dotnet\tools;C:\Users\Jay\.fly\bin;C:\WINDOWS\system32;
USERNAME=Jay
OS=Windows_NT
PROCESSOR_IDENTIFIER=Intel64 Family 6 Model 78 Stepping 3, GenuineIntel
TMP=C:\Users\Jay\AppData\Local\Temp
TEMP=C:\Users\Jay\AppData\Local\Temp



---------------  S Y S T E M  ---------------

OS:
 Windows 10 , 64 bit Build 19041 (10.0.19041.1889)
OS uptime: 3 days 5:43 hours

CPU: total 4 (initial active 4) (2 cores per cpu, 2 threads per core) family 6 model 78 stepping 3 microcode 0xcc, cx8, cmov, fxsr, ht, mmx, 3dnowpref, sse, sse2, sse3, ssse3, sse4.1, sse4.2, popcnt, lzcnt, tsc, tscinvbit, avx, avx2, aes, erms, clmul, bmi1, bmi2, adx, fma, vzeroupper, clflush, clflushopt
Processor Information for all 4 processors :
  Max Mhz: 2000, Current Mhz: 2000, Mhz Limit: 2000

Memory: 4k page, system-wide physical 8065M (1829M free)
TotalPageFile size 13387M (AvailPageFile size 2689M)
current process WorkingSet (physical memory assigned to process): 298M, peak: 335M
current process commit charge ("private bytes"): 392M, peak: 439M

vm_info: OpenJDK 64-Bit Server VM (17.0.8+7) for windows-amd64 JRE (17.0.8+7), built on Jul 18 2023 21:02:32 by "admin" with MS VC++ 16.7 (VS2019)

END.
