#
# A fatal error has been detected by the Java Runtime Environment:
#
#  EXCEPTION_ACCESS_VIOLATION (0xc0000005) at pc=0x00007ff822e93466, pid=13504, tid=5076
#
# JRE version: OpenJDK Runtime Environment Temurin-17.0.8+7 (17.0.8+7) (build 17.0.8+7)
# Java VM: OpenJDK 64-Bit Server VM Temurin-17.0.8+7 (17.0.8+7, mixed mode, tiered, compressed oops, compressed class ptrs, g1 gc, windows-amd64)
# Problematic frame:
# C  [ntdll.dll+0x63466]
#
# No core dump will be written. Minidumps are not enabled by default on client versions of Windows
#
# If you would like to submit a bug report, please visit:
#   https://github.com/adoptium/adoptium-support/issues
# The crash happened outside the Java Virtual Machine in native code.
# See problematic frame for where to report the bug.
#

---------------  S U M M A R Y ------------

Command Line: --module-path=C:\javafx-sdk-20.0.2\lib --add-modules=javafx.controls,javafx.fxml -Dfile.encoding=UTF-8 -XX:+ShowCodeDetailsInExceptionMessages application.Main

Host: Intel(R) Core(TM) i3-6006U CPU @ 2.00GHz, 4 cores, 7G,  Windows 10 , 64 bit Build 19041 (10.0.19041.1889)
Time: Fri Sep 15 16:33:28 2023 Coordinated Universal Time elapsed time: 63.622129 seconds (0d 0h 1m 3s)

---------------  T H R E A D  ---------------

Current thread (0x0000018834b33b30):  JavaThread "Thread-12" [_thread_in_native, id=5076, stack(0x0000004ed6500000,0x0000004ed6600000)]

Stack: [0x0000004ed6500000,0x0000004ed6600000],  sp=0x0000004ed65fec90,  free space=1019k
Native frames: (J=compiled Java code, j=interpreted, Vv=VM code, C=native code)
C  [ntdll.dll+0x63466]
C  [ntdll.dll+0x2fcb4]
C  [ntdll.dll+0x2fae2]
C  0x00007ff80aab2be7

Java frames: (J=compiled Java code, j=interpreted, Vv=VM code)
J 5566  org.bytedeco.javacpp.opencv_videoio$VideoCapture.retrieve(Lorg/bytedeco/javacpp/opencv_core$Mat;)Z (0 bytes) @ 0x000001881b7473ef [0x000001881b7473a0+0x000000000000004f]
J 5565 c1 org.bytedeco.javacv.OpenCVFrameGrabber.grab()Lorg/bytedeco/javacv/Frame; (255 bytes) @ 0x00000188144b4fa4 [0x00000188144b4f00+0x00000000000000a4]
j  application.FaceDetector.run()V+988
j  java.lang.Thread.run()V+11 java.base@17.0.8
v  ~StubRoutines::call_stub

siginfo: EXCEPTION_ACCESS_VIOLATION (0xc0000005), writing address 0x0000000000000024


Register to memory mapping:

RIP=0x00007ff822e93466 ntdll.dll
RAX=0x0 is NULL
RBX=0x000001882e0c1e28 points into unknown readable memory: 0x0000000000000000 | 00 00 00 00 00 00 00 00
RCX=0x000001882e0c1e28 points into unknown readable memory: 0x0000000000000000 | 00 00 00 00 00 00 00 00
RDX=0x00000000fffffffa is an unallocated location in the heap
RSP=0x0000004ed65fec90 is pointing into the stack for thread: 0x0000018834b33b30
RBP=0x0 is NULL
RSI=0x0 is NULL
RDI=0x0 is NULL
R8 =0x0 is NULL
R9 =0x000001882e0c1e00 points into unknown readable memory: 0x00007ff80aacd220 | 20 d2 ac 0a f8 7f 00 00
R10=0x0 is NULL
R11=0x0000000000000246 is an unknown value
R12=0x0 is NULL
R13=0x0000004ed2ee9000 points into unknown readable memory: 0x0000000000000000 | 00 00 00 00 00 00 00 00
R14=0x0000000000000001 is an unknown value
R15=0x0 is NULL


Registers:
RAX=0x0000000000000000, RBX=0x000001882e0c1e28, RCX=0x000001882e0c1e28, RDX=0x00000000fffffffa
RSP=0x0000004ed65fec90, RBP=0x0000000000000000, RSI=0x0000000000000000, RDI=0x0000000000000000
R8 =0x0000000000000000, R9 =0x000001882e0c1e00, R10=0x0000000000000000, R11=0x0000000000000246
R12=0x0000000000000000, R13=0x0000004ed2ee9000, R14=0x0000000000000001, R15=0x0000000000000000
RIP=0x00007ff822e93466, EFLAGS=0x0000000000010213

Top of Stack: (sp=0x0000004ed65fec90)
0x0000004ed65fec90:   ffffffffffffffff 000001882e0c1e28
0x0000004ed65feca0:   000001880e0d2e90 000001882bb0d5f8
0x0000004ed65fecb0:   0000000000000001 0000004e000003ff
0x0000004ed65fecc0:   000000000000e260 000001883fcce9d0
0x0000004ed65fecd0:   000000000000e200 00007ff8fffffffa
0x0000004ed65fece0:   0000004ed2ee9000 000001883fc00000
0x0000004ed65fecf0:   000001880e0c0000 000001882ba2d4f7
0x0000004ed65fed00:   0000004e000003ff 000000000000e260
0x0000004ed65fed10:   0000004ed65fed80 00000188aa08ec4e
0x0000004ed65fed20:   0000969059171413 000001883fcce9c0
0x0000004ed65fed30:   0000018834b33b00 0000000000000001
0x0000004ed65fed40:   0000000000000001 0000000000000001
0x0000004ed65fed50:   0000000000000000 000001882e0c1e28
0x0000004ed65fed60:   0000000000000000 00007ff822e5fcb4
0x0000004ed65fed70:   0000004ed65fede8 000001881ae79600
0x0000004ed65fed80:   00000000fffffffa ffffffffff676980 

Instructions: (pc=0x00007ff822e93466)
0x00007ff822e93366:   20 e9 ed fe ff ff 48 89 41 18 e9 e4 fe ff ff cc
0x00007ff822e93376:   cc cc cc cc cc cc cc cc cc cc 80 3d 81 91 10 00
0x00007ff822e93386:   00 0f 95 c0 c3 cc cc cc cc cc cc cc cc cc cc cc
0x00007ff822e93396:   cc cc cc cc cc cc cc cc cc cc 48 83 ec 38 8b 05
0x00007ff822e933a6:   82 77 10 00 89 44 24 20 e8 41 02 00 00 48 83 c4
0x00007ff822e933b6:   38 c3 cc cc cc cc cc cc cc cc 48 89 5c 24 18 55
0x00007ff822e933c6:   56 57 41 54 41 55 41 56 41 57 48 81 ec a0 00 00
0x00007ff822e933d6:   00 48 8b 05 32 11 12 00 48 33 c4 48 89 84 24 90
0x00007ff822e933e6:   00 00 00 65 4c 8b 2c 25 30 00 00 00 48 8d 05 cf
0x00007ff822e933f6:   31 10 00 40 32 ed 89 54 24 48 33 f6 40 88 6c 24
0x00007ff822e93406:   40 4c 89 6c 24 50 48 8b d9 44 8b e6 48 3b c8 0f
0x00007ff822e93416:   84 39 01 00 00 40 38 35 e6 90 10 00 0f 85 a8 01
0x00007ff822e93426:   00 00 39 35 fa 90 10 00 0f 85 6a 01 00 00 40 38
0x00007ff822e93436:   35 bd 8b 10 00 48 8d 3d be 8b 10 00 48 0f 45 fe
0x00007ff822e93446:   48 39 73 18 0f 84 d2 00 00 00 48 8b 03 48 83 f8
0x00007ff822e93456:   ff 0f 84 d2 00 00 00 44 8b fe 48 83 f8 ff 74 03
0x00007ff822e93466:   ff 40 24 4c 8b 73 18 4c 8d 2d 54 31 10 00 bd 22
0x00007ff822e93476:   17 00 00 e8 d2 13 fc ff 85 c0 0f 85 ee b4 05 00
0x00007ff822e93486:   b9 82 03 fe 7f 80 39 00 0f 85 fc b4 05 00 49 83
0x00007ff822e93496:   fe ff 0f 85 8a b5 05 00 4c 8b cf c7 44 24 20 00
0x00007ff822e934a6:   00 00 00 41 b8 04 00 00 00 48 8d 54 24 48 48 8d
0x00007ff822e934b6:   4b 08 e8 37 01 00 00 3d 02 01 00 00 0f 84 73 b5
0x00007ff822e934c6:   05 00 8b 4b 08 89 4c 24 48 f6 c1 02 75 ca 3d 02
0x00007ff822e934d6:   01 00 00 0f 84 5c b5 05 00 0f b6 6c 24 40 4c 8b
0x00007ff822e934e6:   6c 24 50 85 c0 0f 88 a8 b6 05 00 40 84 ed 75 73
0x00007ff822e934f6:   48 8b 8c 24 90 00 00 00 48 33 cc e8 7a 8d 02 00
0x00007ff822e93506:   48 8b 9c 24 f0 00 00 00 48 81 c4 a0 00 00 00 41
0x00007ff822e93516:   5f 41 5e 41 5d 41 5c 5f 5e 5d c3 cc 48 8b cb e8
0x00007ff822e93526:   56 05 00 00 e9 21 ff ff ff 8b 4b 20 48 c7 c0 ff
0x00007ff822e93536:   ff ff ff 48 0f ba e1 18 0f 82 19 ff ff ff 48 8b
0x00007ff822e93546:   cb e8 f4 e2 fa ff 48 8b 03 e9 09 ff ff ff c6 44
0x00007ff822e93556:   24 40 01 41 c7 85 60 17 00 00 01 00 00 00 e9 b2 


Stack slot to memory mapping:
stack at sp + 0 slots: 0xffffffffffffffff is an unknown value
stack at sp + 1 slots: 0x000001882e0c1e28 points into unknown readable memory: 0x0000000000000000 | 00 00 00 00 00 00 00 00
stack at sp + 2 slots: 0x000001880e0d2e90 points into unknown readable memory: 0x0000000000000000 | 00 00 00 00 00 00 00 00
stack at sp + 3 slots: {method} {0x000001882bb0d600} 'blitSurfaceData' '(Lsun/java2d/SunGraphics2D;Lsun/java2d/pipe/Region;Lsun/java2d/SurfaceData;Lsun/java2d/SurfaceData;IIIIIILjava/awt/Color;)V' in 'sun/java2d/pipe/DrawImage'
stack at sp + 4 slots: 0x0000000000000001 is an unknown value
stack at sp + 5 slots: 0x0000004e000003ff is an unknown value
stack at sp + 6 slots: 0x000000000000e260 is an unknown value
stack at sp + 7 slots: 0x000001883fcce9d0 points into unknown readable memory: 0x00000188357dded0 | d0 de 7d 35 88 01 00 00


---------------  P R O C E S S  ---------------

Threads class SMR info:
_java_thread_list=0x000001883555db40, length=24, elements={
0x00000188299a3020, 0x00000188299a3db0, 0x00000188299885d0, 0x0000018829988ea0,
0x000001882998a780, 0x000001882998b050, 0x00000188299cb350, 0x00000188299cdc70,
0x00000188299ce970, 0x0000018829aeb630, 0x0000018829be64c0, 0x000001882e25a2f0,
0x000001882e265880, 0x000001882e260c90, 0x000001882e261bc0, 0x000001882e264950,
0x0000018834b31cd0, 0x0000018834b30da0, 0x0000018834b34f70, 0x0000018834b326f0,
0x0000018834b35990, 0x0000018834b33b30, 0x000001882e0ad870, 0x000001882e0aecb0
}

Java Threads: ( => current thread )
  0x00000188299a3020 JavaThread "Reference Handler" daemon [_thread_blocked, id=3620, stack(0x0000004ed3a00000,0x0000004ed3b00000)]
  0x00000188299a3db0 JavaThread "Finalizer" daemon [_thread_blocked, id=12352, stack(0x0000004ed3b00000,0x0000004ed3c00000)]
  0x00000188299885d0 JavaThread "Signal Dispatcher" daemon [_thread_blocked, id=12608, stack(0x0000004ed3d00000,0x0000004ed3e00000)]
  0x0000018829988ea0 JavaThread "Attach Listener" daemon [_thread_blocked, id=7208, stack(0x0000004ed3e00000,0x0000004ed3f00000)]
  0x000001882998a780 JavaThread "Service Thread" daemon [_thread_blocked, id=8968, stack(0x0000004ed3f00000,0x0000004ed4000000)]
  0x000001882998b050 JavaThread "Monitor Deflation Thread" daemon [_thread_blocked, id=7464, stack(0x0000004ed4000000,0x0000004ed4100000)]
  0x00000188299cb350 JavaThread "C2 CompilerThread0" daemon [_thread_blocked, id=13328, stack(0x0000004ed4100000,0x0000004ed4200000)]
  0x00000188299cdc70 JavaThread "C1 CompilerThread0" daemon [_thread_blocked, id=2444, stack(0x0000004ed4200000,0x0000004ed4300000)]
  0x00000188299ce970 JavaThread "Sweeper thread" daemon [_thread_blocked, id=13756, stack(0x0000004ed4300000,0x0000004ed4400000)]
  0x0000018829aeb630 JavaThread "Common-Cleaner" daemon [_thread_blocked, id=13448, stack(0x0000004ed4400000,0x0000004ed4500000)]
  0x0000018829be64c0 JavaThread "Notification Thread" daemon [_thread_blocked, id=1372, stack(0x0000004ed4600000,0x0000004ed4700000)]
  0x000001882e25a2f0 JavaThread "InvokeLaterDispatcher" daemon [_thread_blocked, id=2912, stack(0x0000004ed4900000,0x0000004ed4a00000)]
  0x000001882e265880 JavaThread "Thread-2" daemon [_thread_in_native, id=8760, stack(0x0000004ed5100000,0x0000004ed5200000)]
  0x000001882e260c90 JavaThread "FileSystemWatchService" daemon [_thread_in_native, id=12328, stack(0x0000004ed5400000,0x0000004ed5500000)]
  0x000001882e261bc0 JavaThread "Thread-3" daemon [_thread_blocked, id=13824, stack(0x0000004ed5500000,0x0000004ed5600000)]
  0x000001882e264950 JavaThread "FileSystemWatchService" daemon [_thread_in_native, id=12740, stack(0x0000004ed5600000,0x0000004ed5700000)]
  0x0000018834b31cd0 JavaThread "Thread-4" daemon [_thread_blocked, id=12736, stack(0x0000004ed5700000,0x0000004ed5800000)]
  0x0000018834b30da0 JavaThread "Prism Font Disposer" daemon [_thread_blocked, id=2280, stack(0x0000004ed5b00000,0x0000004ed5c00000)]
  0x0000018834b34f70 JavaThread "pool-2-thread-1" [_thread_blocked, id=4100, stack(0x0000004ed5d00000,0x0000004ed5e00000)]
  0x0000018834b326f0 JavaThread "Cleaner-0" daemon [_thread_blocked, id=6472, stack(0x0000004ed6200000,0x0000004ed6300000)]
  0x0000018834b35990 JavaThread "JavaCPP Deallocator" daemon [_thread_blocked, id=12532, stack(0x0000004ed4500000,0x0000004ed4600000)]
=>0x0000018834b33b30 JavaThread "Thread-12" [_thread_in_native, id=5076, stack(0x0000004ed6500000,0x0000004ed6600000)]
  0x000001882e0ad870 JavaThread "Java2D Disposer" daemon [_thread_blocked, id=14064, stack(0x0000004ed6800000,0x0000004ed6900000)]
  0x000001882e0aecb0 JavaThread "DestroyJavaVM" [_thread_blocked, id=13976, stack(0x0000004ed3300000,0x0000004ed3400000)]

Other Threads:
  0x000001882996ee10 VMThread "VM Thread" [stack: 0x0000004ed3900000,0x0000004ed3a00000] [id=13024]
  0x0000018810303af0 WatcherThread [stack: 0x0000004ed4700000,0x0000004ed4800000] [id=12756]
  0x00000188102e7ac0 GCTaskThread "GC Thread#0" [stack: 0x0000004ed3400000,0x0000004ed3500000] [id=12828]
  0x000001882e3bd840 GCTaskThread "GC Thread#1" [stack: 0x0000004ed4e00000,0x0000004ed4f00000] [id=9716]
  0x000001882e3bef80 GCTaskThread "GC Thread#2" [stack: 0x0000004ed4f00000,0x0000004ed5000000] [id=10060]
  0x000001882e3bf240 GCTaskThread "GC Thread#3" [stack: 0x0000004ed5000000,0x0000004ed5100000] [id=13256]
  0x00000188102f8d00 ConcurrentGCThread "G1 Main Marker" [stack: 0x0000004ed3500000,0x0000004ed3600000] [id=12896]
  0x00000188102f9620 ConcurrentGCThread "G1 Conc#0" [stack: 0x0000004ed3600000,0x0000004ed3700000] [id=10824]
  0x00000188297c64e0 ConcurrentGCThread "G1 Refine#0" [stack: 0x0000004ed3700000,0x0000004ed3800000] [id=11688]
  0x000001881033d320 ConcurrentGCThread "G1 Service" [stack: 0x0000004ed3800000,0x0000004ed3900000] [id=9236]

Threads with active compile tasks:

VM state: not at safepoint (normal execution)

VM Mutex/Monitor currently owned by a thread: None

Heap address: 0x0000000081e00000, size: 2018 MB, Compressed Oops mode: 32-bit

CDS archive(s) not mapped
Compressed class space mapped at: 0x0000000100000000-0x0000000140000000, reserved size: 1073741824
Narrow klass base: 0x0000000000000000, Narrow klass shift: 3, Narrow klass range: 0x140000000

GC Precious Log:
 CPUs: 4 total, 4 available
 Memory: 8065M
 Large Page Support: Disabled
 NUMA Support: Disabled
 Compressed Oops: Enabled (32-bit)
 Heap Region Size: 1M
 Heap Min Capacity: 8M
 Heap Initial Capacity: 128M
 Heap Max Capacity: 2018M
 Pre-touch: Disabled
 Parallel Workers: 4
 Concurrent Workers: 1
 Concurrent Refinement Workers: 4
 Periodic GC: Disabled

Heap:
 garbage-first heap   total 152576K, used 61804K [0x0000000081e00000, 0x0000000100000000)
  region size 1024K, 4 young (4096K), 1 survivors (1024K)
 Metaspace       used 33280K, committed 33600K, reserved 1114112K
  class space    used 3987K, committed 4160K, reserved 1048576K

Heap Regions: E=young(eden), S=young(survivor), O=old, HS=humongous(starts), HC=humongous(continues), CS=collection set, F=free, OA=open archive, CA=closed archive, TAMS=top-at-mark-start (previous, next)
|   0|0x0000000081e00000, 0x0000000081f00000, 0x0000000081f00000|100%| O|  |TAMS 0x0000000081f00000, 0x0000000081f00000| Untracked 
|   1|0x0000000081f00000, 0x0000000082000000, 0x0000000082000000|100%| O|  |TAMS 0x0000000082000000, 0x0000000082000000| Untracked 
|   2|0x0000000082000000, 0x0000000082100000, 0x0000000082100000|100%| O|  |TAMS 0x0000000082100000, 0x0000000082100000| Untracked 
|   3|0x0000000082100000, 0x0000000082112e00, 0x0000000082200000|  7%| O|  |TAMS 0x0000000082112e00, 0x0000000082112e00| Untracked 
|   4|0x0000000082200000, 0x0000000082300000, 0x0000000082300000|100%|HS|  |TAMS 0x0000000082300000, 0x0000000082300000| Complete 
|   5|0x0000000082300000, 0x0000000082400000, 0x0000000082400000|100%|HC|  |TAMS 0x0000000082400000, 0x0000000082400000| Complete 
|   6|0x0000000082400000, 0x0000000082500000, 0x0000000082500000|100%|HC|  |TAMS 0x0000000082500000, 0x0000000082500000| Complete 
|   7|0x0000000082500000, 0x0000000082600000, 0x0000000082600000|100%|HC|  |TAMS 0x0000000082600000, 0x0000000082600000| Complete 
|   8|0x0000000082600000, 0x0000000082700000, 0x0000000082700000|100%|HC|  |TAMS 0x0000000082700000, 0x0000000082700000| Complete 
|   9|0x0000000082700000, 0x0000000082800000, 0x0000000082800000|100%|HS|  |TAMS 0x0000000082800000, 0x0000000082800000| Complete 
|  10|0x0000000082800000, 0x0000000082900000, 0x0000000082900000|100%|HC|  |TAMS 0x0000000082900000, 0x0000000082900000| Complete 
|  11|0x0000000082900000, 0x0000000082a00000, 0x0000000082a00000|100%|HS|  |TAMS 0x0000000082a00000, 0x0000000082a00000| Complete 
|  12|0x0000000082a00000, 0x0000000082b00000, 0x0000000082b00000|100%|HS|  |TAMS 0x0000000082a00000, 0x0000000082a00000| Complete 
|  13|0x0000000082b00000, 0x0000000082c00000, 0x0000000082c00000|100%|HC|  |TAMS 0x0000000082b00000, 0x0000000082b00000| Complete 
|  14|0x0000000082c00000, 0x0000000082d00000, 0x0000000082d00000|100%| O|  |TAMS 0x0000000082d00000, 0x0000000082d00000| Untracked 
|  15|0x0000000082d00000, 0x0000000082e00000, 0x0000000082e00000|100%| O|  |TAMS 0x0000000082e00000, 0x0000000082e00000| Untracked 
|  16|0x0000000082e00000, 0x0000000082f00000, 0x0000000082f00000|100%| O|  |TAMS 0x0000000082f00000, 0x0000000082f00000| Untracked 
|  17|0x0000000082f00000, 0x0000000083000000, 0x0000000083000000|100%| O|  |TAMS 0x0000000083000000, 0x0000000083000000| Untracked 
|  18|0x0000000083000000, 0x0000000083100000, 0x0000000083100000|100%| O|  |TAMS 0x0000000083100000, 0x0000000083100000| Untracked 
|  19|0x0000000083100000, 0x0000000083200000, 0x0000000083200000|100%| O|  |TAMS 0x0000000083200000, 0x0000000083200000| Untracked 
|  20|0x0000000083200000, 0x0000000083300000, 0x0000000083300000|100%| O|  |TAMS 0x0000000083300000, 0x0000000083300000| Untracked 
|  21|0x0000000083300000, 0x0000000083400000, 0x0000000083400000|100%| O|  |TAMS 0x0000000083400000, 0x0000000083400000| Untracked 
|  22|0x0000000083400000, 0x0000000083500000, 0x0000000083500000|100%| O|  |TAMS 0x0000000083500000, 0x0000000083500000| Untracked 
|  23|0x0000000083500000, 0x0000000083600000, 0x0000000083600000|100%| O|  |TAMS 0x0000000083600000, 0x0000000083600000| Untracked 
|  24|0x0000000083600000, 0x0000000083700000, 0x0000000083700000|100%| O|  |TAMS 0x0000000083700000, 0x0000000083700000| Untracked 
|  25|0x0000000083700000, 0x0000000083800000, 0x0000000083800000|100%| O|  |TAMS 0x0000000083800000, 0x0000000083800000| Untracked 
|  26|0x0000000083800000, 0x0000000083900000, 0x0000000083900000|100%|HS|  |TAMS 0x0000000083900000, 0x0000000083900000| Complete 
|  27|0x0000000083900000, 0x0000000083a00000, 0x0000000083a00000|100%|HS|  |TAMS 0x0000000083900000, 0x0000000083a00000| Complete 
|  28|0x0000000083a00000, 0x0000000083b00000, 0x0000000083b00000|100%|HC|  |TAMS 0x0000000083a00000, 0x0000000083b00000| Complete 
|  29|0x0000000083b00000, 0x0000000083c00000, 0x0000000083c00000|100%| O|  |TAMS 0x0000000083c00000, 0x0000000083c00000| Untracked 
|  30|0x0000000083c00000, 0x0000000083d00000, 0x0000000083d00000|100%| O|  |TAMS 0x0000000083d00000, 0x0000000083d00000| Untracked 
|  31|0x0000000083d00000, 0x0000000083e00000, 0x0000000083e00000|100%|HS|  |TAMS 0x0000000083d00000, 0x0000000083d00000| Complete 
|  32|0x0000000083e00000, 0x0000000083f00000, 0x0000000083f00000|100%|HC|  |TAMS 0x0000000083e00000, 0x0000000083e00000| Complete 
|  33|0x0000000083f00000, 0x0000000084000000, 0x0000000084000000|100%|HS|  |TAMS 0x0000000083f00000, 0x0000000083f00000| Complete 
|  34|0x0000000084000000, 0x0000000084100000, 0x0000000084100000|100%|HC|  |TAMS 0x0000000084000000, 0x0000000084000000| Complete 
|  35|0x0000000084100000, 0x0000000084200000, 0x0000000084200000|100%|HS|  |TAMS 0x0000000084100000, 0x0000000084200000| Complete 
|  36|0x0000000084200000, 0x0000000084300000, 0x0000000084300000|100%|HC|  |TAMS 0x0000000084200000, 0x0000000084300000| Complete 
|  37|0x0000000084300000, 0x0000000084400000, 0x0000000084400000|100%|HS|  |TAMS 0x0000000084300000, 0x0000000084300000| Complete 
|  38|0x0000000084400000, 0x0000000084500000, 0x0000000084500000|100%|HC|  |TAMS 0x0000000084400000, 0x0000000084400000| Complete 
|  39|0x0000000084500000, 0x0000000084600000, 0x0000000084600000|100%|HS|  |TAMS 0x0000000084500000, 0x0000000084500000| Complete 
|  40|0x0000000084600000, 0x0000000084700000, 0x0000000084700000|100%|HC|  |TAMS 0x0000000084600000, 0x0000000084600000| Complete 
|  41|0x0000000084700000, 0x0000000084800000, 0x0000000084800000|100%|HS|  |TAMS 0x0000000084700000, 0x0000000084800000| Complete 
|  42|0x0000000084800000, 0x0000000084900000, 0x0000000084900000|100%|HS|  |TAMS 0x0000000084800000, 0x0000000084900000| Complete 
|  43|0x0000000084900000, 0x0000000084a00000, 0x0000000084a00000|100%|HC|  |TAMS 0x0000000084900000, 0x0000000084a00000| Complete 
|  44|0x0000000084a00000, 0x0000000084b00000, 0x0000000084b00000|100%|HS|  |TAMS 0x0000000084a00000, 0x0000000084b00000| Complete 
|  45|0x0000000084b00000, 0x0000000084c00000, 0x0000000084c00000|100%|HC|  |TAMS 0x0000000084b00000, 0x0000000084c00000| Complete 
|  46|0x0000000084c00000, 0x0000000084c36800, 0x0000000084d00000| 21%| O|  |TAMS 0x0000000084c00000, 0x0000000084c33600| Untracked 
|  47|0x0000000084d00000, 0x0000000084e00000, 0x0000000084e00000|100%|HS|  |TAMS 0x0000000084d00000, 0x0000000084d00000| Complete 
|  48|0x0000000084e00000, 0x0000000084f00000, 0x0000000084f00000|100%|HC|  |TAMS 0x0000000084e00000, 0x0000000084e00000| Complete 
|  49|0x0000000084f00000, 0x0000000085000000, 0x0000000085000000|100%|HS|  |TAMS 0x0000000084f00000, 0x0000000084f00000| Complete 
|  50|0x0000000085000000, 0x0000000085100000, 0x0000000085100000|100%|HC|  |TAMS 0x0000000085000000, 0x0000000085000000| Complete 
|  51|0x0000000085100000, 0x0000000085200000, 0x0000000085200000|100%|HS|  |TAMS 0x0000000085100000, 0x0000000085200000| Complete 
|  52|0x0000000085200000, 0x0000000085300000, 0x0000000085300000|100%|HC|  |TAMS 0x0000000085200000, 0x0000000085300000| Complete 
|  53|0x0000000085300000, 0x0000000085300000, 0x0000000085400000|  0%| F|  |TAMS 0x0000000085300000, 0x0000000085300000| Untracked 
|  54|0x0000000085400000, 0x0000000085400000, 0x0000000085500000|  0%| F|  |TAMS 0x0000000085400000, 0x0000000085400000| Untracked 
|  55|0x0000000085500000, 0x0000000085500000, 0x0000000085600000|  0%| F|  |TAMS 0x0000000085500000, 0x0000000085500000| Untracked 
|  56|0x0000000085600000, 0x0000000085600000, 0x0000000085700000|  0%| F|  |TAMS 0x0000000085600000, 0x0000000085600000| Untracked 
|  57|0x0000000085700000, 0x0000000085800000, 0x0000000085800000|100%|HS|  |TAMS 0x0000000085700000, 0x0000000085800000| Complete 
|  58|0x0000000085800000, 0x0000000085900000, 0x0000000085900000|100%|HC|  |TAMS 0x0000000085800000, 0x0000000085900000| Complete 
|  59|0x0000000085900000, 0x0000000085a00000, 0x0000000085a00000|100%|HS|  |TAMS 0x0000000085900000, 0x0000000085a00000| Complete 
|  60|0x0000000085a00000, 0x0000000085b00000, 0x0000000085b00000|100%|HC|  |TAMS 0x0000000085a00000, 0x0000000085b00000| Complete 
|  61|0x0000000085b00000, 0x0000000085c00000, 0x0000000085c00000|100%| O|  |TAMS 0x0000000085b04e00, 0x0000000085c00000| Untracked 
|  62|0x0000000085c00000, 0x0000000085d00000, 0x0000000085d00000|100%|HS|  |TAMS 0x0000000085c00000, 0x0000000085d00000| Complete 
|  63|0x0000000085d00000, 0x0000000085e00000, 0x0000000085e00000|100%|HC|  |TAMS 0x0000000085d00000, 0x0000000085e00000| Complete 
|  64|0x0000000085e00000, 0x0000000085e00000, 0x0000000085f00000|  0%| F|  |TAMS 0x0000000085e00000, 0x0000000085e00000| Untracked 
|  65|0x0000000085f00000, 0x0000000085f00000, 0x0000000086000000|  0%| F|  |TAMS 0x0000000085f00000, 0x0000000085f00000| Untracked 
|  66|0x0000000086000000, 0x0000000086000000, 0x0000000086100000|  0%| F|  |TAMS 0x0000000086000000, 0x0000000086000000| Untracked 
|  67|0x0000000086100000, 0x0000000086100000, 0x0000000086200000|  0%| F|  |TAMS 0x0000000086100000, 0x0000000086100000| Untracked 
|  68|0x0000000086200000, 0x0000000086200000, 0x0000000086300000|  0%| F|  |TAMS 0x0000000086200000, 0x0000000086200000| Untracked 
|  69|0x0000000086300000, 0x0000000086300000, 0x0000000086400000|  0%| F|  |TAMS 0x0000000086300000, 0x0000000086300000| Untracked 
|  70|0x0000000086400000, 0x0000000086400000, 0x0000000086500000|  0%| F|  |TAMS 0x0000000086400000, 0x0000000086400000| Untracked 
|  71|0x0000000086500000, 0x0000000086500000, 0x0000000086600000|  0%| F|  |TAMS 0x0000000086500000, 0x0000000086500000| Untracked 
|  72|0x0000000086600000, 0x0000000086600000, 0x0000000086700000|  0%| F|  |TAMS 0x0000000086600000, 0x0000000086600000| Untracked 
|  73|0x0000000086700000, 0x0000000086700000, 0x0000000086800000|  0%| F|  |TAMS 0x0000000086700000, 0x0000000086700000| Untracked 
|  74|0x0000000086800000, 0x0000000086800000, 0x0000000086900000|  0%| F|  |TAMS 0x0000000086800000, 0x0000000086800000| Untracked 
|  75|0x0000000086900000, 0x0000000086900000, 0x0000000086a00000|  0%| F|  |TAMS 0x0000000086900000, 0x0000000086900000| Untracked 
|  76|0x0000000086a00000, 0x0000000086a00000, 0x0000000086b00000|  0%| F|  |TAMS 0x0000000086a00000, 0x0000000086a00000| Untracked 
|  77|0x0000000086b00000, 0x0000000086b00000, 0x0000000086c00000|  0%| F|  |TAMS 0x0000000086b00000, 0x0000000086b00000| Untracked 
|  78|0x0000000086c00000, 0x0000000086c00000, 0x0000000086d00000|  0%| F|  |TAMS 0x0000000086c00000, 0x0000000086c00000| Untracked 
|  79|0x0000000086d00000, 0x0000000086d00000, 0x0000000086e00000|  0%| F|  |TAMS 0x0000000086d00000, 0x0000000086d00000| Untracked 
|  80|0x0000000086e00000, 0x0000000086e00000, 0x0000000086f00000|  0%| F|  |TAMS 0x0000000086e00000, 0x0000000086e00000| Untracked 
|  81|0x0000000086f00000, 0x0000000086f00000, 0x0000000087000000|  0%| F|  |TAMS 0x0000000086f00000, 0x0000000086f00000| Untracked 
|  82|0x0000000087000000, 0x0000000087000000, 0x0000000087100000|  0%| F|  |TAMS 0x0000000087000000, 0x0000000087000000| Untracked 
|  83|0x0000000087100000, 0x0000000087100000, 0x0000000087200000|  0%| F|  |TAMS 0x0000000087100000, 0x0000000087100000| Untracked 
|  84|0x0000000087200000, 0x0000000087200000, 0x0000000087300000|  0%| F|  |TAMS 0x0000000087200000, 0x0000000087200000| Untracked 
|  85|0x0000000087300000, 0x0000000087300000, 0x0000000087400000|  0%| F|  |TAMS 0x0000000087300000, 0x0000000087300000| Untracked 
|  86|0x0000000087400000, 0x0000000087400000, 0x0000000087500000|  0%| F|  |TAMS 0x0000000087400000, 0x0000000087400000| Untracked 
|  87|0x0000000087500000, 0x0000000087500000, 0x0000000087600000|  0%| F|  |TAMS 0x0000000087500000, 0x0000000087500000| Untracked 
|  88|0x0000000087600000, 0x0000000087600000, 0x0000000087700000|  0%| F|  |TAMS 0x0000000087600000, 0x0000000087600000| Untracked 
|  89|0x0000000087700000, 0x0000000087700000, 0x0000000087800000|  0%| F|  |TAMS 0x0000000087700000, 0x0000000087700000| Untracked 
|  90|0x0000000087800000, 0x0000000087800000, 0x0000000087900000|  0%| F|  |TAMS 0x0000000087800000, 0x0000000087800000| Untracked 
|  91|0x0000000087900000, 0x0000000087900000, 0x0000000087a00000|  0%| F|  |TAMS 0x0000000087900000, 0x0000000087900000| Untracked 
|  92|0x0000000087a00000, 0x0000000087a00000, 0x0000000087b00000|  0%| F|  |TAMS 0x0000000087a00000, 0x0000000087a00000| Untracked 
|  93|0x0000000087b00000, 0x0000000087b00000, 0x0000000087c00000|  0%| F|  |TAMS 0x0000000087b00000, 0x0000000087b00000| Untracked 
|  94|0x0000000087c00000, 0x0000000087c00000, 0x0000000087d00000|  0%| F|  |TAMS 0x0000000087c00000, 0x0000000087c00000| Untracked 
|  95|0x0000000087d00000, 0x0000000087d00000, 0x0000000087e00000|  0%| F|  |TAMS 0x0000000087d00000, 0x0000000087d00000| Untracked 
|  96|0x0000000087e00000, 0x0000000087e00000, 0x0000000087f00000|  0%| F|  |TAMS 0x0000000087e00000, 0x0000000087e00000| Untracked 
|  97|0x0000000087f00000, 0x0000000087f00000, 0x0000000088000000|  0%| F|  |TAMS 0x0000000087f00000, 0x0000000087f00000| Untracked 
|  98|0x0000000088000000, 0x0000000088000000, 0x0000000088100000|  0%| F|  |TAMS 0x0000000088000000, 0x0000000088000000| Untracked 
|  99|0x0000000088100000, 0x0000000088100000, 0x0000000088200000|  0%| F|  |TAMS 0x0000000088100000, 0x0000000088100000| Untracked 
| 100|0x0000000088200000, 0x0000000088200000, 0x0000000088300000|  0%| F|  |TAMS 0x0000000088200000, 0x0000000088200000| Untracked 
| 101|0x0000000088300000, 0x0000000088300000, 0x0000000088400000|  0%| F|  |TAMS 0x0000000088300000, 0x0000000088300000| Untracked 
| 102|0x0000000088400000, 0x0000000088400000, 0x0000000088500000|  0%| F|  |TAMS 0x0000000088400000, 0x0000000088400000| Untracked 
| 103|0x0000000088500000, 0x0000000088500000, 0x0000000088600000|  0%| F|  |TAMS 0x0000000088500000, 0x0000000088500000| Untracked 
| 104|0x0000000088600000, 0x0000000088600000, 0x0000000088700000|  0%| F|  |TAMS 0x0000000088600000, 0x0000000088600000| Untracked 
| 105|0x0000000088700000, 0x0000000088700000, 0x0000000088800000|  0%| F|  |TAMS 0x0000000088700000, 0x0000000088700000| Untracked 
| 106|0x0000000088800000, 0x0000000088800000, 0x0000000088900000|  0%| F|  |TAMS 0x0000000088800000, 0x0000000088800000| Untracked 
| 107|0x0000000088900000, 0x0000000088900000, 0x0000000088a00000|  0%| F|  |TAMS 0x0000000088900000, 0x0000000088900000| Untracked 
| 108|0x0000000088a00000, 0x0000000088a00000, 0x0000000088b00000|  0%| F|  |TAMS 0x0000000088a00000, 0x0000000088a00000| Untracked 
| 109|0x0000000088b00000, 0x0000000088b00000, 0x0000000088c00000|  0%| F|  |TAMS 0x0000000088b00000, 0x0000000088b00000| Untracked 
| 110|0x0000000088c00000, 0x0000000088c00000, 0x0000000088d00000|  0%| F|  |TAMS 0x0000000088c00000, 0x0000000088c00000| Untracked 
| 111|0x0000000088d00000, 0x0000000088d00000, 0x0000000088e00000|  0%| F|  |TAMS 0x0000000088d00000, 0x0000000088d00000| Untracked 
| 112|0x0000000088e00000, 0x0000000088e00000, 0x0000000088f00000|  0%| F|  |TAMS 0x0000000088e00000, 0x0000000088e00000| Untracked 
| 113|0x0000000088f00000, 0x0000000088f00000, 0x0000000089000000|  0%| F|  |TAMS 0x0000000088f00000, 0x0000000088f00000| Untracked 
| 114|0x0000000089000000, 0x0000000089000000, 0x0000000089100000|  0%| F|  |TAMS 0x0000000089000000, 0x0000000089000000| Untracked 
| 115|0x0000000089100000, 0x0000000089100000, 0x0000000089200000|  0%| F|  |TAMS 0x0000000089100000, 0x0000000089100000| Untracked 
| 116|0x0000000089200000, 0x0000000089200000, 0x0000000089300000|  0%| F|  |TAMS 0x0000000089200000, 0x0000000089200000| Untracked 
| 117|0x0000000089300000, 0x0000000089300000, 0x0000000089400000|  0%| F|  |TAMS 0x0000000089300000, 0x0000000089300000| Untracked 
| 118|0x0000000089400000, 0x0000000089400000, 0x0000000089500000|  0%| F|  |TAMS 0x0000000089400000, 0x0000000089400000| Untracked 
| 119|0x0000000089500000, 0x0000000089500000, 0x0000000089600000|  0%| F|  |TAMS 0x0000000089500000, 0x0000000089500000| Untracked 
| 120|0x0000000089600000, 0x0000000089600000, 0x0000000089700000|  0%| F|  |TAMS 0x0000000089600000, 0x0000000089600000| Untracked 
| 121|0x0000000089700000, 0x0000000089700000, 0x0000000089800000|  0%| F|  |TAMS 0x0000000089700000, 0x0000000089700000| Untracked 
| 122|0x0000000089800000, 0x0000000089800000, 0x0000000089900000|  0%| F|  |TAMS 0x0000000089800000, 0x0000000089800000| Untracked 
| 123|0x0000000089900000, 0x0000000089900000, 0x0000000089a00000|  0%| F|  |TAMS 0x0000000089900000, 0x0000000089900000| Untracked 
| 124|0x0000000089a00000, 0x0000000089a00000, 0x0000000089b00000|  0%| F|  |TAMS 0x0000000089a00000, 0x0000000089a00000| Untracked 
| 125|0x0000000089b00000, 0x0000000089b00000, 0x0000000089c00000|  0%| F|  |TAMS 0x0000000089b00000, 0x0000000089b00000| Untracked 
| 126|0x0000000089c00000, 0x0000000089c00000, 0x0000000089d00000|  0%| F|  |TAMS 0x0000000089c00000, 0x0000000089c00000| Untracked 
| 127|0x0000000089d00000, 0x0000000089d00000, 0x0000000089e00000|  0%| F|  |TAMS 0x0000000089d00000, 0x0000000089d00000| Untracked 
| 128|0x0000000089e00000, 0x0000000089e00000, 0x0000000089f00000|  0%| F|  |TAMS 0x0000000089e00000, 0x0000000089e00000| Untracked 
| 129|0x0000000089f00000, 0x0000000089f00000, 0x000000008a000000|  0%| F|  |TAMS 0x0000000089f00000, 0x0000000089f00000| Untracked 
| 130|0x000000008a000000, 0x000000008a000000, 0x000000008a100000|  0%| F|  |TAMS 0x000000008a000000, 0x000000008a000000| Untracked 
| 131|0x000000008a100000, 0x000000008a100000, 0x000000008a200000|  0%| F|  |TAMS 0x000000008a100000, 0x000000008a100000| Untracked 
| 132|0x000000008a200000, 0x000000008a200000, 0x000000008a300000|  0%| F|  |TAMS 0x000000008a200000, 0x000000008a200000| Untracked 
| 133|0x000000008a300000, 0x000000008a300000, 0x000000008a400000|  0%| F|  |TAMS 0x000000008a300000, 0x000000008a300000| Untracked 
| 134|0x000000008a400000, 0x000000008a400000, 0x000000008a500000|  0%| F|  |TAMS 0x000000008a400000, 0x000000008a400000| Untracked 
| 135|0x000000008a500000, 0x000000008a500000, 0x000000008a600000|  0%| F|  |TAMS 0x000000008a500000, 0x000000008a500000| Untracked 
| 136|0x000000008a600000, 0x000000008a600000, 0x000000008a700000|  0%| F|  |TAMS 0x000000008a600000, 0x000000008a600000| Untracked 
| 137|0x000000008a700000, 0x000000008a700000, 0x000000008a800000|  0%| F|  |TAMS 0x000000008a700000, 0x000000008a700000| Untracked 
| 138|0x000000008a800000, 0x000000008a800000, 0x000000008a900000|  0%| F|  |TAMS 0x000000008a800000, 0x000000008a800000| Untracked 
| 139|0x000000008a900000, 0x000000008a900000, 0x000000008aa00000|  0%| F|  |TAMS 0x000000008a900000, 0x000000008a900000| Untracked 
| 140|0x000000008aa00000, 0x000000008aa00000, 0x000000008ab00000|  0%| F|  |TAMS 0x000000008aa00000, 0x000000008aa00000| Untracked 
| 141|0x000000008ab00000, 0x000000008ab00000, 0x000000008ac00000|  0%| F|  |TAMS 0x000000008ab00000, 0x000000008ab00000| Untracked 
| 142|0x000000008ac00000, 0x000000008ac00000, 0x000000008ad00000|  0%| F|  |TAMS 0x000000008ac00000, 0x000000008ac00000| Untracked 
| 143|0x000000008ad00000, 0x000000008ad00000, 0x000000008ae00000|  0%| F|  |TAMS 0x000000008ad00000, 0x000000008ad00000| Untracked 
| 144|0x000000008ae00000, 0x000000008ae00000, 0x000000008af00000|  0%| F|  |TAMS 0x000000008ae00000, 0x000000008ae00000| Untracked 
| 145|0x000000008af00000, 0x000000008af11cb8, 0x000000008b000000|  6%| S|CS|TAMS 0x000000008af00000, 0x000000008af00000| Complete 
| 146|0x000000008b000000, 0x000000008b000800, 0x000000008b100000|  0%| E|  |TAMS 0x000000008b000000, 0x000000008b000000| Complete 
| 147|0x000000008b100000, 0x000000008b200000, 0x000000008b200000|100%| E|CS|TAMS 0x000000008b100000, 0x000000008b100000| Complete 
| 148|0x000000008b200000, 0x000000008b300000, 0x000000008b300000|100%| E|CS|TAMS 0x000000008b200000, 0x000000008b200000| Complete 

Card table byte_map: [0x0000018822d40000,0x0000018823140000] _byte_map_base: 0x0000018822931000

Marking Bits (Prev, Next): (CMBitMap*) 0x00000188102e8030, (CMBitMap*) 0x00000188102e7ff0
 Prev Bits: [0x00000188254d0000, 0x0000018827458000)
 Next Bits: [0x0000018823540000, 0x00000188254c8000)

Polling page: 0x000001880e0b0000

Metaspace:

Usage:
  Non-class:     28.61 MB used.
      Class:      3.89 MB used.
       Both:     32.50 MB used.

Virtual space:
  Non-class space:       64.00 MB reserved,      28.75 MB ( 45%) committed,  1 nodes.
      Class space:        1.00 GB reserved,       4.06 MB ( <1%) committed,  1 nodes.
             Both:        1.06 GB reserved,      32.81 MB (  3%) committed. 

Chunk freelists:
   Non-Class:  2.67 MB
       Class:  11.98 MB
        Both:  14.66 MB

MaxMetaspaceSize: unlimited
CompressedClassSpaceSize: 1.00 GB
Initial GC threshold: 21.00 MB
Current GC threshold: 54.31 MB
CDS: off
MetaspaceReclaimPolicy: balanced
 - commit_granule_bytes: 65536.
 - commit_granule_words: 8192.
 - virtual_space_node_default_size: 8388608.
 - enlarge_chunks_in_place: 1.
 - new_chunks_are_fully_committed: 0.
 - uncommit_free_chunks: 1.
 - use_allocation_guard: 0.
 - handle_deallocations: 1.


Internal statistics:

num_allocs_failed_limit: 3.
num_arena_births: 244.
num_arena_deaths: 0.
num_vsnodes_births: 2.
num_vsnodes_deaths: 0.
num_space_committed: 525.
num_space_uncommitted: 0.
num_chunks_returned_to_freelist: 3.
num_chunks_taken_from_freelist: 1025.
num_chunk_merges: 3.
num_chunk_splits: 701.
num_chunks_enlarged: 547.
num_inconsistent_stats: 0.

CodeHeap 'non-profiled nmethods': size=120000Kb used=3405Kb max_used=3405Kb free=116594Kb
 bounds [0x000001881b410000, 0x000001881b770000, 0x0000018822940000]
CodeHeap 'profiled nmethods': size=120000Kb used=10051Kb max_used=12033Kb free=109948Kb
 bounds [0x0000018813940000, 0x0000018814520000, 0x000001881ae70000]
CodeHeap 'non-nmethods': size=5760Kb used=1571Kb max_used=1635Kb free=4188Kb
 bounds [0x000001881ae70000, 0x000001881b0e0000, 0x000001881b410000]
 total_blobs=6173 nmethods=5200 adapters=883
 compilation: enabled
              stopped_count=0, restarted_count=0
 full_count=0

Compilation events (20 events):
Event: 61.164 Thread 0x00000188299cb350 nmethod 5990 0x000001881b75e610 code [0x000001881b75e7a0, 0x000001881b75e848]
Event: 61.164 Thread 0x00000188299cb350 5991       4       com.sun.prism.impl.VertexBuffer::addQuad (132 bytes)
Event: 61.164 Thread 0x00000188299cb350 nmethod 5991 0x000001881b75e910 code [0x000001881b75eaa0, 0x000001881b75eb48]
Event: 61.164 Thread 0x00000188299cdc70 nmethod 6000 0x0000018813a0eb10 code [0x0000018813a0ed60, 0x0000018813a0f8b8]
Event: 61.164 Thread 0x00000188299cdc70 6001       3       javafx.scene.image.WritableImage::getPixelWriter (59 bytes)
Event: 61.165 Thread 0x00000188299cdc70 nmethod 6001 0x0000018814287a90 code [0x0000018814287d00, 0x0000018814288878]
Event: 61.165 Thread 0x00000188299cdc70 6002       3       javafx.scene.image.Image::isError (19 bytes)
Event: 61.166 Thread 0x00000188299cdc70 nmethod 6002 0x0000018813ee4c10 code [0x0000018813ee4dc0, 0x0000018813ee5128]
Event: 61.166 Thread 0x00000188299cdc70 6003       3       javafx.scene.image.Image::pixelsDirty (8 bytes)
Event: 61.166 Thread 0x00000188299cdc70 nmethod 6003 0x0000018813eba810 code [0x0000018813eba9e0, 0x0000018813ebad38]
Event: 62.490 Thread 0x00000188299cdc70 6005       3       java.lang.Double::isInfinite (22 bytes)
Event: 62.490 Thread 0x00000188299cdc70 nmethod 6005 0x0000018813dcc310 code [0x0000018813dcc4c0, 0x0000018813dcc698]
Event: 62.507 Thread 0x00000188299cb350 6006   !   4       javafx.scene.Node::intersectsBounds (1005 bytes)
Event: 62.538 Thread 0x00000188299cb350 nmethod 6006 0x000001881b75ef10 code [0x000001881b75f200, 0x000001881b760000]
Event: 62.876 Thread 0x00000188299cb350 6007       4       com.sun.javafx.tk.quantum.QuantumToolkit::postPulse (133 bytes)
Event: 62.880 Thread 0x00000188299cb350 nmethod 6007 0x000001881b761390 code [0x000001881b761540, 0x000001881b7617a8]
Event: 63.337 Thread 0x00000188299cdc70 6008       3       java.util.ArrayList::remove (26 bytes)
Event: 63.338 Thread 0x00000188299cb350 6009       4       java.lang.invoke.MethodType$ConcurrentWeakInternSet::expungeStaleElements (27 bytes)
Event: 63.338 Thread 0x00000188299cdc70 nmethod 6008 0x000001881403c210 code [0x000001881403c3e0, 0x000001881403c6f8]
Event: 63.372 Thread 0x00000188299cb350 nmethod 6009 0x000001881b761b10 code [0x000001881b761ce0, 0x000001881b7628a8]

GC Heap History (20 events):
Event: 58.547 GC heap before
{Heap before GC invocations=96 (full 0):
 garbage-first heap   total 152576K, used 66899K [0x0000000081e00000, 0x0000000100000000)
  region size 1024K, 3 young (3072K), 1 survivors (1024K)
 Metaspace       used 33203K, committed 33408K, reserved 1114112K
  class space    used 3980K, committed 4096K, reserved 1048576K
}
Event: 58.548 GC heap after
{Heap after GC invocations=97 (full 0):
 garbage-first heap   total 152576K, used 43352K [0x0000000081e00000, 0x0000000100000000)
  region size 1024K, 1 young (1024K), 1 survivors (1024K)
 Metaspace       used 33203K, committed 33408K, reserved 1114112K
  class space    used 3980K, committed 4096K, reserved 1048576K
}
Event: 59.053 GC heap before
{Heap before GC invocations=97 (full 0):
 garbage-first heap   total 152576K, used 66904K [0x0000000081e00000, 0x0000000100000000)
  region size 1024K, 3 young (3072K), 1 survivors (1024K)
 Metaspace       used 33203K, committed 33408K, reserved 1114112K
  class space    used 3980K, committed 4096K, reserved 1048576K
}
Event: 59.054 GC heap after
{Heap after GC invocations=98 (full 0):
 garbage-first heap   total 152576K, used 45400K [0x0000000081e00000, 0x0000000100000000)
  region size 1024K, 1 young (1024K), 1 survivors (1024K)
 Metaspace       used 33203K, committed 33408K, reserved 1114112K
  class space    used 3980K, committed 4096K, reserved 1048576K
}
Event: 59.550 GC heap before
{Heap before GC invocations=98 (full 0):
 garbage-first heap   total 152576K, used 66904K [0x0000000081e00000, 0x0000000100000000)
  region size 1024K, 3 young (3072K), 1 survivors (1024K)
 Metaspace       used 33203K, committed 33408K, reserved 1114112K
  class space    used 3980K, committed 4096K, reserved 1048576K
}
Event: 59.551 GC heap after
{Heap after GC invocations=99 (full 0):
 garbage-first heap   total 152576K, used 45404K [0x0000000081e00000, 0x0000000100000000)
  region size 1024K, 1 young (1024K), 1 survivors (1024K)
 Metaspace       used 33203K, committed 33408K, reserved 1114112K
  class space    used 3980K, committed 4096K, reserved 1048576K
}
Event: 60.045 GC heap before
{Heap before GC invocations=99 (full 0):
 garbage-first heap   total 152576K, used 66908K [0x0000000081e00000, 0x0000000100000000)
  region size 1024K, 3 young (3072K), 1 survivors (1024K)
 Metaspace       used 33203K, committed 33408K, reserved 1114112K
  class space    used 3980K, committed 4096K, reserved 1048576K
}
Event: 60.047 GC heap after
{Heap after GC invocations=100 (full 0):
 garbage-first heap   total 152576K, used 45407K [0x0000000081e00000, 0x0000000100000000)
  region size 1024K, 1 young (1024K), 1 survivors (1024K)
 Metaspace       used 33203K, committed 33408K, reserved 1114112K
  class space    used 3980K, committed 4096K, reserved 1048576K
}
Event: 60.550 GC heap before
{Heap before GC invocations=100 (full 0):
 garbage-first heap   total 152576K, used 66911K [0x0000000081e00000, 0x0000000100000000)
  region size 1024K, 3 young (3072K), 1 survivors (1024K)
 Metaspace       used 33203K, committed 33408K, reserved 1114112K
  class space    used 3980K, committed 4096K, reserved 1048576K
}
Event: 60.551 GC heap after
{Heap after GC invocations=101 (full 0):
 garbage-first heap   total 152576K, used 45405K [0x0000000081e00000, 0x0000000100000000)
  region size 1024K, 1 young (1024K), 1 survivors (1024K)
 Metaspace       used 33203K, committed 33408K, reserved 1114112K
  class space    used 3980K, committed 4096K, reserved 1048576K
}
Event: 61.056 GC heap before
{Heap before GC invocations=101 (full 0):
 garbage-first heap   total 152576K, used 66909K [0x0000000081e00000, 0x0000000100000000)
  region size 1024K, 3 young (3072K), 1 survivors (1024K)
 Metaspace       used 33210K, committed 33472K, reserved 1114112K
  class space    used 3980K, committed 4096K, reserved 1048576K
}
Event: 61.057 GC heap after
{Heap after GC invocations=102 (full 0):
 garbage-first heap   total 152576K, used 45418K [0x0000000081e00000, 0x0000000100000000)
  region size 1024K, 1 young (1024K), 1 survivors (1024K)
 Metaspace       used 33210K, committed 33472K, reserved 1114112K
  class space    used 3980K, committed 4096K, reserved 1048576K
}
Event: 61.551 GC heap before
{Heap before GC invocations=102 (full 0):
 garbage-first heap   total 152576K, used 66922K [0x0000000081e00000, 0x0000000100000000)
  region size 1024K, 3 young (3072K), 1 survivors (1024K)
 Metaspace       used 33248K, committed 33472K, reserved 1114112K
  class space    used 3980K, committed 4096K, reserved 1048576K
}
Event: 61.553 GC heap after
{Heap after GC invocations=103 (full 0):
 garbage-first heap   total 152576K, used 45414K [0x0000000081e00000, 0x0000000100000000)
  region size 1024K, 1 young (1024K), 1 survivors (1024K)
 Metaspace       used 33248K, committed 33472K, reserved 1114112K
  class space    used 3980K, committed 4096K, reserved 1048576K
}
Event: 62.053 GC heap before
{Heap before GC invocations=103 (full 0):
 garbage-first heap   total 152576K, used 66918K [0x0000000081e00000, 0x0000000100000000)
  region size 1024K, 3 young (3072K), 1 survivors (1024K)
 Metaspace       used 33248K, committed 33472K, reserved 1114112K
  class space    used 3980K, committed 4096K, reserved 1048576K
}
Event: 62.054 GC heap after
{Heap after GC invocations=104 (full 0):
 garbage-first heap   total 152576K, used 45410K [0x0000000081e00000, 0x0000000100000000)
  region size 1024K, 1 young (1024K), 1 survivors (1024K)
 Metaspace       used 33248K, committed 33472K, reserved 1114112K
  class space    used 3980K, committed 4096K, reserved 1048576K
}
Event: 62.551 GC heap before
{Heap before GC invocations=104 (full 0):
 garbage-first heap   total 152576K, used 66914K [0x0000000081e00000, 0x0000000100000000)
  region size 1024K, 3 young (3072K), 1 survivors (1024K)
 Metaspace       used 33249K, committed 33472K, reserved 1114112K
  class space    used 3980K, committed 4096K, reserved 1048576K
}
Event: 62.553 GC heap after
{Heap after GC invocations=105 (full 0):
 garbage-first heap   total 152576K, used 45410K [0x0000000081e00000, 0x0000000100000000)
  region size 1024K, 1 young (1024K), 1 survivors (1024K)
 Metaspace       used 33249K, committed 33472K, reserved 1114112K
  class space    used 3980K, committed 4096K, reserved 1048576K
}
Event: 63.055 GC heap before
{Heap before GC invocations=105 (full 0):
 garbage-first heap   total 152576K, used 66914K [0x0000000081e00000, 0x0000000100000000)
  region size 1024K, 3 young (3072K), 1 survivors (1024K)
 Metaspace       used 33249K, committed 33472K, reserved 1114112K
  class space    used 3980K, committed 4096K, reserved 1048576K
}
Event: 63.056 GC heap after
{Heap after GC invocations=106 (full 0):
 garbage-first heap   total 152576K, used 45420K [0x0000000081e00000, 0x0000000100000000)
  region size 1024K, 1 young (1024K), 1 survivors (1024K)
 Metaspace       used 33249K, committed 33472K, reserved 1114112K
  class space    used 3980K, committed 4096K, reserved 1048576K
}

Dll operation events (20 events):
Event: 5.371 Loaded shared library C:\Users\Jay\.javacpp\cache\opencv-3.2.0-1.3-windows-x86_64.jar\org\bytedeco\javacpp\windows-x86_64\opencv_core320.dll
Event: 5.381 Loaded shared library C:\Users\Jay\.javacpp\cache\opencv-3.2.0-1.3-windows-x86_64.jar\org\bytedeco\javacpp\windows-x86_64\opencv_imgproc320.dll
Event: 5.390 Loaded shared library C:\Users\Jay\.javacpp\cache\opencv-3.2.0-1.3-windows-x86_64.jar\org\bytedeco\javacpp\windows-x86_64\jniopencv_core.dll
Event: 5.753 Loaded shared library C:\Users\Jay\.javacpp\cache\opencv-3.2.0-1.3-windows-x86_64.jar\org\bytedeco\javacpp\windows-x86_64\jniopencv_imgproc.dll
Event: 5.802 Loaded shared library C:\Users\Jay\.javacpp\cache\opencv-3.2.0-1.3-windows-x86_64.jar\org\bytedeco\javacpp\windows-x86_64\opencv_imgcodecs320.dll
Event: 5.812 Loaded shared library C:\Users\Jay\.javacpp\cache\opencv-3.2.0-1.3-windows-x86_64.jar\org\bytedeco\javacpp\windows-x86_64\jniopencv_imgcodecs.dll
Event: 5.951 Loaded shared library C:\Users\Jay\.javacpp\cache\opencv-3.2.0-1.3-windows-x86_64.jar\org\bytedeco\javacpp\windows-x86_64\opencv_videoio320.dll
Event: 5.962 Loaded shared library C:\Users\Jay\.javacpp\cache\opencv-3.2.0-1.3-windows-x86_64.jar\org\bytedeco\javacpp\windows-x86_64\jniopencv_videoio.dll
Event: 6.054 Loaded shared library C:\Users\Jay\.javacpp\cache\opencv-3.2.0-1.3-windows-x86_64.jar\org\bytedeco\javacpp\windows-x86_64\opencv_highgui320.dll
Event: 6.067 Loaded shared library C:\Users\Jay\.javacpp\cache\opencv-3.2.0-1.3-windows-x86_64.jar\org\bytedeco\javacpp\windows-x86_64\jniopencv_highgui.dll
Event: 6.119 Loaded shared library C:\Users\Jay\.javacpp\cache\opencv-3.2.0-1.3-windows-x86_64.jar\org\bytedeco\javacpp\windows-x86_64\opencv_ml320.dll
Event: 6.128 Loaded shared library C:\Users\Jay\.javacpp\cache\opencv-3.2.0-1.3-windows-x86_64.jar\org\bytedeco\javacpp\windows-x86_64\jniopencv_ml.dll
Event: 6.236 Loaded shared library C:\Users\Jay\.javacpp\cache\opencv-3.2.0-1.3-windows-x86_64.jar\org\bytedeco\javacpp\windows-x86_64\opencv_objdetect320.dll
Event: 6.244 Loaded shared library C:\Users\Jay\.javacpp\cache\opencv-3.2.0-1.3-windows-x86_64.jar\org\bytedeco\javacpp\windows-x86_64\jniopencv_objdetect.dll
Event: 6.329 Loaded shared library C:\Users\Jay\.javacpp\cache\opencv-3.2.0-1.3-windows-x86_64.jar\org\bytedeco\javacpp\windows-x86_64\opencv_face320.dll
Event: 6.337 Loaded shared library C:\Users\Jay\.javacpp\cache\opencv-3.2.0-1.3-windows-x86_64.jar\org\bytedeco\javacpp\windows-x86_64\jniopencv_face.dll
Event: 7.901 Loaded shared library C:\Windows\System32\ole32.dll
Event: 7.908 Loaded shared library C:\Windows\System32\oleaut32.dll
Event: 7.933 Loaded shared library C:\Users\Jay\.javacpp\cache\videoinput-0.200-1.3-windows-x86_64.jar\org\bytedeco\javacpp\windows-x86_64\jnivideoInputLib.dll
Event: 9.831 Loaded shared library C:\Users\Jay\.p2\pool\plugins\org.eclipse.justj.openjdk.hotspot.jre.full.win32.x86_64_17.0.8.v20230801-1951\jre\bin\awt.dll

Deoptimization events (20 events):
Event: 63.326 Thread 0x000001882e276700 Uncommon trap: trap_request=0xffffffc6 fr.pc=0x000001881b60cd58 relative=0x0000000000000cb8
Event: 63.327 Thread 0x000001882e276700 Uncommon trap: reason=bimorphic_or_optimized_type_check action=maybe_recompile pc=0x000001881b60cd58 method=com.sun.javafx.event.EventHandlerManager.dispatchCapturingEvent(Ljavafx/event/Event;)Ljavafx/event/Event; @ 1 c2
Event: 63.327 Thread 0x000001882e276700 DEOPT PACKING pc=0x000001881b60cd58 sp=0x0000004ed4afca10
Event: 63.327 Thread 0x000001882e276700 DEOPT UNPACKING pc=0x000001881aec69a3 sp=0x0000004ed4afc9e8 mode 2
Event: 63.327 Thread 0x000001882e276700 Uncommon trap: trap_request=0xffffffc6 fr.pc=0x000001881b622bcc relative=0x000000000000062c
Event: 63.327 Thread 0x000001882e276700 Uncommon trap: reason=bimorphic_or_optimized_type_check action=maybe_recompile pc=0x000001881b622bcc method=java.util.LinkedList.remove(Ljava/lang/Object;)Z @ 53 c2
Event: 63.327 Thread 0x000001882e276700 DEOPT PACKING pc=0x000001881b622bcc sp=0x0000004ed4afcc20
Event: 63.327 Thread 0x000001882e276700 DEOPT UNPACKING pc=0x000001881aec69a3 sp=0x0000004ed4afcbe0 mode 2
Event: 63.334 Thread 0x000001882e276700 Uncommon trap: trap_request=0xffffffc6 fr.pc=0x000001881b622bcc relative=0x000000000000062c
Event: 63.334 Thread 0x000001882e276700 Uncommon trap: reason=bimorphic_or_optimized_type_check action=maybe_recompile pc=0x000001881b622bcc method=java.util.LinkedList.remove(Ljava/lang/Object;)Z @ 53 c2
Event: 63.334 Thread 0x000001882e276700 DEOPT PACKING pc=0x000001881b622bcc sp=0x0000004ed4afca80
Event: 63.334 Thread 0x000001882e276700 DEOPT UNPACKING pc=0x000001881aec69a3 sp=0x0000004ed4afca40 mode 2
Event: 63.334 Thread 0x000001882e276700 Uncommon trap: trap_request=0xffffff76 fr.pc=0x000001881b61c498 relative=0x00000000000004d8
Event: 63.334 Thread 0x000001882e276700 Uncommon trap: reason=predicate action=maybe_recompile pc=0x000001881b61c498 method=java.util.ArrayList.remove(Ljava/lang/Object;)Z @ 42 c2
Event: 63.334 Thread 0x000001882e276700 DEOPT PACKING pc=0x000001881b61c498 sp=0x0000004ed4afcac0
Event: 63.334 Thread 0x000001882e276700 DEOPT UNPACKING pc=0x000001881aec69a3 sp=0x0000004ed4afca90 mode 2
Event: 63.334 Thread 0x000001882e276700 Uncommon trap: trap_request=0xffffffc6 fr.pc=0x000001881b60cd58 relative=0x0000000000000cb8
Event: 63.334 Thread 0x000001882e276700 Uncommon trap: reason=bimorphic_or_optimized_type_check action=maybe_recompile pc=0x000001881b60cd58 method=com.sun.javafx.event.EventHandlerManager.dispatchCapturingEvent(Ljavafx/event/Event;)Ljavafx/event/Event; @ 1 c2
Event: 63.334 Thread 0x000001882e276700 DEOPT PACKING pc=0x000001881b60cd58 sp=0x0000004ed4afca10
Event: 63.335 Thread 0x000001882e276700 DEOPT UNPACKING pc=0x000001881aec69a3 sp=0x0000004ed4afc9e8 mode 2

Classes unloaded (0 events):
No events

Classes redefined (0 events):
No events

Internal exceptions (20 events):
Event: 20.369 Thread 0x0000018834b31cd0 Exception <a 'sun/nio/fs/WindowsException'{0x000000008b1b41e0}> (0x000000008b1b41e0) 
thrown [s\src\hotspot\share\prims\jni.cpp, line 516]
Event: 20.370 Thread 0x0000018834b31cd0 Exception <a 'sun/nio/fs/WindowsException'{0x000000008b1b4b18}> (0x000000008b1b4b18) 
thrown [s\src\hotspot\share\prims\jni.cpp, line 516]
Event: 20.371 Thread 0x0000018834b31cd0 Exception <a 'sun/nio/fs/WindowsException'{0x000000008b1b5450}> (0x000000008b1b5450) 
thrown [s\src\hotspot\share\prims\jni.cpp, line 516]
Event: 30.358 Thread 0x0000018834b31cd0 Exception <a 'sun/nio/fs/WindowsException'{0x000000008b1fd7d8}> (0x000000008b1fd7d8) 
thrown [s\src\hotspot\share\prims\jni.cpp, line 516]
Event: 30.359 Thread 0x0000018834b31cd0 Exception <a 'sun/nio/fs/WindowsException'{0x000000008b1fe1a0}> (0x000000008b1fe1a0) 
thrown [s\src\hotspot\share\prims\jni.cpp, line 516]
Event: 30.360 Thread 0x0000018834b31cd0 Exception <a 'sun/nio/fs/WindowsException'{0x000000008b1feb68}> (0x000000008b1feb68) 
thrown [s\src\hotspot\share\prims\jni.cpp, line 516]
Event: 30.362 Thread 0x0000018834b31cd0 Exception <a 'sun/nio/fs/WindowsException'{0x000000008b1ff530}> (0x000000008b1ff530) 
thrown [s\src\hotspot\share\prims\jni.cpp, line 516]
Event: 30.363 Thread 0x0000018834b31cd0 Exception <a 'sun/nio/fs/WindowsException'{0x000000008ae00170}> (0x000000008ae00170) 
thrown [s\src\hotspot\share\prims\jni.cpp, line 516]
Event: 30.417 Thread 0x000001882e1b0400 Implicit null exception at 0x000001881b65f7d4 to 0x000001881b65f848
Event: 32.843 Thread 0x000001882e276700 Exception <a 'java/lang/ClassNotFoundException'{0x000000008b2db588}: sun/util/logging/resources/spi/loggingProvider> (0x000000008b2db588) 
thrown [s\src\hotspot\share\classfile\systemDictionary.cpp, line 256]
Event: 35.623 Thread 0x0000018834b31cd0 Exception <a 'sun/nio/fs/WindowsException'{0x000000008b1a6b08}> (0x000000008b1a6b08) 
thrown [s\src\hotspot\share\prims\jni.cpp, line 516]
Event: 35.624 Thread 0x0000018834b31cd0 Exception <a 'sun/nio/fs/WindowsException'{0x000000008b1a7820}> (0x000000008b1a7820) 
thrown [s\src\hotspot\share\prims\jni.cpp, line 516]
Event: 35.625 Thread 0x0000018834b31cd0 Exception <a 'sun/nio/fs/WindowsException'{0x000000008b1a8530}> (0x000000008b1a8530) 
thrown [s\src\hotspot\share\prims\jni.cpp, line 516]
Event: 35.626 Thread 0x0000018834b31cd0 Exception <a 'sun/nio/fs/WindowsException'{0x000000008b1a9240}> (0x000000008b1a9240) 
thrown [s\src\hotspot\share\prims\jni.cpp, line 516]
Event: 35.627 Thread 0x0000018834b31cd0 Exception <a 'sun/nio/fs/WindowsException'{0x000000008b1a9f50}> (0x000000008b1a9f50) 
thrown [s\src\hotspot\share\prims\jni.cpp, line 516]
Event: 35.908 Thread 0x000001882e1b0400 Implicit null exception at 0x000001881b679956 to 0x000001881b67e508
Event: 55.060 Thread 0x000001882e1b0400 Implicit null exception at 0x000001881b654980 to 0x000001881b6553ac
Event: 55.060 Thread 0x000001882e1b0400 Implicit null exception at 0x000001881b63fccf to 0x000001881b641a08
Event: 55.062 Thread 0x000001882e276700 Implicit null exception at 0x000001881b55f2e0 to 0x000001881b55f7d0
Event: 62.484 Thread 0x000001882e276700 Implicit null exception at 0x000001881b63d380 to 0x000001881b63dd34

VM Operations (20 events):
Event: 59.053 Executing VM operation: G1TryInitiateConcMark
Event: 59.054 Executing VM operation: G1TryInitiateConcMark done
Event: 59.550 Executing VM operation: G1TryInitiateConcMark
Event: 59.552 Executing VM operation: G1TryInitiateConcMark done
Event: 60.045 Executing VM operation: G1TryInitiateConcMark
Event: 60.047 Executing VM operation: G1TryInitiateConcMark done
Event: 60.234 Executing VM operation: HandshakeAllThreads
Event: 60.234 Executing VM operation: HandshakeAllThreads done
Event: 60.549 Executing VM operation: G1TryInitiateConcMark
Event: 60.551 Executing VM operation: G1TryInitiateConcMark done
Event: 61.056 Executing VM operation: G1TryInitiateConcMark
Event: 61.057 Executing VM operation: G1TryInitiateConcMark done
Event: 61.551 Executing VM operation: G1TryInitiateConcMark
Event: 61.553 Executing VM operation: G1TryInitiateConcMark done
Event: 62.053 Executing VM operation: G1TryInitiateConcMark
Event: 62.054 Executing VM operation: G1TryInitiateConcMark done
Event: 62.551 Executing VM operation: G1TryInitiateConcMark
Event: 62.553 Executing VM operation: G1TryInitiateConcMark done
Event: 63.055 Executing VM operation: G1TryInitiateConcMark
Event: 63.056 Executing VM operation: G1TryInitiateConcMark done

Events (20 events):
Event: 36.366 Thread 0x00000188299ce970 flushing nmethod 0x0000018814429c10
Event: 36.366 Thread 0x00000188299ce970 flushing nmethod 0x0000018814456590
Event: 36.631 Thread 0x000001882e0aecb0 Thread exited: 0x000001882e0aecb0
Event: 38.354 Thread 0x000001882e0aecb0 Thread added: 0x000001882e0aecb0
Event: 39.354 Thread 0x000001882e0aecb0 Thread exited: 0x000001882e0aecb0
Event: 39.539 Thread 0x000001882e0aba10 Thread added: 0x000001882e0aba10
Event: 40.541 Thread 0x000001882e0aba10 Thread exited: 0x000001882e0aba10
Event: 42.371 Thread 0x000001882e0aecb0 Thread added: 0x000001882e0aecb0
Event: 43.372 Thread 0x000001882e0aecb0 Thread exited: 0x000001882e0aecb0
Event: 44.028 Thread 0x000001882e0aba10 Thread added: 0x000001882e0aba10
Event: 45.029 Thread 0x000001882e0aba10 Thread exited: 0x000001882e0aba10
Event: 49.935 Thread 0x000001882e0aba10 Thread added: 0x000001882e0aba10
Event: 50.936 Thread 0x000001882e0aba10 Thread exited: 0x000001882e0aba10
Event: 53.225 Thread 0x000001882e0aecb0 Thread added: 0x000001882e0aecb0
Event: 54.226 Thread 0x000001882e0aecb0 Thread exited: 0x000001882e0aecb0
Event: 58.492 Thread 0x000001882e0aecb0 Thread added: 0x000001882e0aecb0
Event: 59.493 Thread 0x000001882e0aecb0 Thread exited: 0x000001882e0aecb0
Event: 60.735 Thread 0x000001882e0aba10 Thread added: 0x000001882e0aba10
Event: 61.737 Thread 0x000001882e0aba10 Thread exited: 0x000001882e0aba10
Event: 62.083 Thread 0x000001882e268100 Thread exited: 0x000001882e268100


Dynamic libraries:
0x00007ff642c60000 - 0x00007ff642c6e000 	C:\Users\Jay\.p2\pool\plugins\org.eclipse.justj.openjdk.hotspot.jre.full.win32.x86_64_17.0.8.v20230801-1951\jre\bin\javaw.exe
0x00007ff822e30000 - 0x00007ff823028000 	C:\WINDOWS\SYSTEM32\ntdll.dll
0x00007ff8229e0000 - 0x00007ff822a9d000 	C:\WINDOWS\System32\KERNEL32.DLL
0x00007ff820a30000 - 0x00007ff820cfe000 	C:\WINDOWS\System32\KERNELBASE.dll
0x00007ff820930000 - 0x00007ff820a30000 	C:\WINDOWS\System32\ucrtbase.dll
0x00007ff81b330000 - 0x00007ff81b347000 	C:\Users\Jay\.p2\pool\plugins\org.eclipse.justj.openjdk.hotspot.jre.full.win32.x86_64_17.0.8.v20230801-1951\jre\bin\jli.dll
0x00007ff8217a0000 - 0x00007ff821940000 	C:\WINDOWS\System32\USER32.dll
0x00007ff820f50000 - 0x00007ff820f72000 	C:\WINDOWS\System32\win32u.dll
0x00007ff81b310000 - 0x00007ff81b329000 	C:\Users\Jay\.p2\pool\plugins\org.eclipse.justj.openjdk.hotspot.jre.full.win32.x86_64_17.0.8.v20230801-1951\jre\bin\VCRUNTIME140.dll
0x00007ff821a10000 - 0x00007ff821a3a000 	C:\WINDOWS\System32\GDI32.dll
0x00007ff820d30000 - 0x00007ff820e3b000 	C:\WINDOWS\System32\gdi32full.dll
0x00007ff820e40000 - 0x00007ff820edd000 	C:\WINDOWS\System32\msvcp_win.dll
0x00007ff80f830000 - 0x00007ff80faca000 	C:\WINDOWS\WinSxS\amd64_microsoft.windows.common-controls_6595b64144ccf1df_6.0.19041.1110_none_60b5254171f9507e\COMCTL32.dll
0x00007ff821c70000 - 0x00007ff821d0e000 	C:\WINDOWS\System32\msvcrt.dll
0x00007ff822c90000 - 0x00007ff822cc0000 	C:\WINDOWS\System32\IMM32.DLL
0x00007ff81c0b0000 - 0x00007ff81c0bc000 	C:\Users\Jay\.p2\pool\plugins\org.eclipse.justj.openjdk.hotspot.jre.full.win32.x86_64_17.0.8.v20230801-1951\jre\bin\vcruntime140_1.dll
0x00007ff819a30000 - 0x00007ff819ac1000 	C:\Users\Jay\.p2\pool\plugins\org.eclipse.justj.openjdk.hotspot.jre.full.win32.x86_64_17.0.8.v20230801-1951\jre\bin\msvcp140.dll
0x00007fffe32c0000 - 0x00007fffe3f0c000 	C:\Users\Jay\.p2\pool\plugins\org.eclipse.justj.openjdk.hotspot.jre.full.win32.x86_64_17.0.8.v20230801-1951\jre\bin\server\jvm.dll
0x00007ff822d40000 - 0x00007ff822dee000 	C:\WINDOWS\System32\ADVAPI32.dll
0x00007ff822bf0000 - 0x00007ff822c8c000 	C:\WINDOWS\System32\sechost.dll
0x00007ff821670000 - 0x00007ff821795000 	C:\WINDOWS\System32\RPCRT4.dll
0x00007ff8204b0000 - 0x00007ff8204fb000 	C:\WINDOWS\SYSTEM32\POWRPROF.dll
0x00007ff818d90000 - 0x00007ff818d99000 	C:\WINDOWS\SYSTEM32\WSOCK32.dll
0x00007ff822cc0000 - 0x00007ff822d2b000 	C:\WINDOWS\System32\WS2_32.dll
0x00007ff810280000 - 0x00007ff8102a7000 	C:\WINDOWS\SYSTEM32\WINMM.dll
0x00007ff80d9d0000 - 0x00007ff80d9da000 	C:\WINDOWS\SYSTEM32\VERSION.dll
0x00007ff820490000 - 0x00007ff8204a2000 	C:\WINDOWS\SYSTEM32\UMPDC.dll
0x00007ff81e530000 - 0x00007ff81e542000 	C:\WINDOWS\SYSTEM32\kernel.appcore.dll
0x00007ff815ce0000 - 0x00007ff815cea000 	C:\Users\Jay\.p2\pool\plugins\org.eclipse.justj.openjdk.hotspot.jre.full.win32.x86_64_17.0.8.v20230801-1951\jre\bin\jimage.dll
0x00007ff80cb20000 - 0x00007ff80cd04000 	C:\WINDOWS\SYSTEM32\DBGHELP.DLL
0x00007ff80caf0000 - 0x00007ff80cb1c000 	C:\WINDOWS\SYSTEM32\dbgcore.DLL
0x00007ff8207f0000 - 0x00007ff820872000 	C:\WINDOWS\System32\bcryptPrimitives.dll
0x00007ff8119b0000 - 0x00007ff8119d5000 	C:\Users\Jay\.p2\pool\plugins\org.eclipse.justj.openjdk.hotspot.jre.full.win32.x86_64_17.0.8.v20230801-1951\jre\bin\java.dll
0x00007ff813230000 - 0x00007ff813248000 	C:\Users\Jay\.p2\pool\plugins\org.eclipse.justj.openjdk.hotspot.jre.full.win32.x86_64_17.0.8.v20230801-1951\jre\bin\zip.dll
0x00007ff822180000 - 0x00007ff8228c3000 	C:\WINDOWS\System32\SHELL32.dll
0x00007ff81e730000 - 0x00007ff81eec5000 	C:\WINDOWS\SYSTEM32\windows.storage.dll
0x00007ff821040000 - 0x00007ff821394000 	C:\WINDOWS\System32\combase.dll
0x00007ff81ffd0000 - 0x00007ff820000000 	C:\WINDOWS\SYSTEM32\Wldp.dll
0x00007ff820f90000 - 0x00007ff82103d000 	C:\WINDOWS\System32\SHCORE.dll
0x00007ff822980000 - 0x00007ff8229d5000 	C:\WINDOWS\System32\shlwapi.dll
0x00007ff820580000 - 0x00007ff82059f000 	C:\WINDOWS\SYSTEM32\profapi.dll
0x00007ff811990000 - 0x00007ff8119a9000 	C:\Users\Jay\.p2\pool\plugins\org.eclipse.justj.openjdk.hotspot.jre.full.win32.x86_64_17.0.8.v20230801-1951\jre\bin\net.dll
0x00007ff814980000 - 0x00007ff814a8a000 	C:\WINDOWS\SYSTEM32\WINHTTP.dll
0x00007ff81fd30000 - 0x00007ff81fd9a000 	C:\WINDOWS\system32\mswsock.dll
0x00007ff811970000 - 0x00007ff811985000 	C:\Users\Jay\.p2\pool\plugins\org.eclipse.justj.openjdk.hotspot.jre.full.win32.x86_64_17.0.8.v20230801-1951\jre\bin\nio.dll
0x00000188101f0000 - 0x00000188101f3000 	C:\javafx-sdk-20.0.2\bin\api-ms-win-core-console-l1-1-0.dll
0x0000018810200000 - 0x0000018810203000 	C:\javafx-sdk-20.0.2\bin\api-ms-win-core-console-l1-2-0.dll
0x0000018810210000 - 0x0000018810213000 	C:\javafx-sdk-20.0.2\bin\api-ms-win-core-datetime-l1-1-0.dll
0x0000018810220000 - 0x0000018810223000 	C:\javafx-sdk-20.0.2\bin\api-ms-win-core-debug-l1-1-0.dll
0x0000018810230000 - 0x0000018810233000 	C:\javafx-sdk-20.0.2\bin\api-ms-win-core-errorhandling-l1-1-0.dll
0x0000018829e90000 - 0x0000018829e94000 	C:\javafx-sdk-20.0.2\bin\api-ms-win-core-file-l1-1-0.dll
0x0000018829ea0000 - 0x0000018829ea3000 	C:\javafx-sdk-20.0.2\bin\api-ms-win-core-file-l1-2-0.dll
0x0000018829eb0000 - 0x0000018829eb3000 	C:\javafx-sdk-20.0.2\bin\api-ms-win-core-file-l2-1-0.dll
0x0000018829ec0000 - 0x0000018829ec3000 	C:\javafx-sdk-20.0.2\bin\api-ms-win-core-handle-l1-1-0.dll
0x0000018829ed0000 - 0x0000018829ed3000 	C:\javafx-sdk-20.0.2\bin\api-ms-win-core-heap-l1-1-0.dll
0x0000018829ee0000 - 0x0000018829ee3000 	C:\javafx-sdk-20.0.2\bin\api-ms-win-core-interlocked-l1-1-0.dll
0x0000018829ef0000 - 0x0000018829ef3000 	C:\javafx-sdk-20.0.2\bin\api-ms-win-core-libraryloader-l1-1-0.dll
0x0000018829f00000 - 0x0000018829f03000 	C:\javafx-sdk-20.0.2\bin\api-ms-win-core-localization-l1-2-0.dll
0x0000018829f10000 - 0x0000018829f13000 	C:\javafx-sdk-20.0.2\bin\api-ms-win-core-memory-l1-1-0.dll
0x0000018829f20000 - 0x0000018829f23000 	C:\javafx-sdk-20.0.2\bin\api-ms-win-core-namedpipe-l1-1-0.dll
0x0000018829f30000 - 0x0000018829f33000 	C:\javafx-sdk-20.0.2\bin\api-ms-win-core-processenvironment-l1-1-0.dll
0x0000018829f40000 - 0x0000018829f43000 	C:\javafx-sdk-20.0.2\bin\api-ms-win-core-processthreads-l1-1-0.dll
0x0000018829f50000 - 0x0000018829f53000 	C:\javafx-sdk-20.0.2\bin\api-ms-win-core-processthreads-l1-1-1.dll
0x0000018829f60000 - 0x0000018829f63000 	C:\javafx-sdk-20.0.2\bin\api-ms-win-core-profile-l1-1-0.dll
0x0000018829f70000 - 0x0000018829f73000 	C:\javafx-sdk-20.0.2\bin\api-ms-win-core-rtlsupport-l1-1-0.dll
0x0000018829f80000 - 0x0000018829f83000 	C:\javafx-sdk-20.0.2\bin\api-ms-win-core-string-l1-1-0.dll
0x0000018829f90000 - 0x0000018829f93000 	C:\javafx-sdk-20.0.2\bin\api-ms-win-core-synch-l1-1-0.dll
0x0000018829fa0000 - 0x0000018829fa3000 	C:\javafx-sdk-20.0.2\bin\api-ms-win-core-synch-l1-2-0.dll
0x0000018829fb0000 - 0x0000018829fb3000 	C:\javafx-sdk-20.0.2\bin\api-ms-win-core-sysinfo-l1-1-0.dll
0x0000018829fc0000 - 0x0000018829fc3000 	C:\javafx-sdk-20.0.2\bin\api-ms-win-core-timezone-l1-1-0.dll
0x0000018829fd0000 - 0x0000018829fd3000 	C:\javafx-sdk-20.0.2\bin\api-ms-win-core-util-l1-1-0.dll
0x0000018829fe0000 - 0x0000018829fe3000 	C:\javafx-sdk-20.0.2\bin\api-ms-win-crt-conio-l1-1-0.dll
0x0000018829ff0000 - 0x0000018829ff4000 	C:\javafx-sdk-20.0.2\bin\api-ms-win-crt-convert-l1-1-0.dll
0x000001882e800000 - 0x000001882e803000 	C:\javafx-sdk-20.0.2\bin\api-ms-win-crt-environment-l1-1-0.dll
0x000001882e810000 - 0x000001882e813000 	C:\javafx-sdk-20.0.2\bin\api-ms-win-crt-filesystem-l1-1-0.dll
0x000001882e820000 - 0x000001882e823000 	C:\javafx-sdk-20.0.2\bin\api-ms-win-crt-heap-l1-1-0.dll
0x000001882e830000 - 0x000001882e833000 	C:\javafx-sdk-20.0.2\bin\api-ms-win-crt-locale-l1-1-0.dll
0x000001882e840000 - 0x000001882e845000 	C:\javafx-sdk-20.0.2\bin\api-ms-win-crt-math-l1-1-0.dll
0x000001882e850000 - 0x000001882e855000 	C:\javafx-sdk-20.0.2\bin\api-ms-win-crt-multibyte-l1-1-0.dll
0x000001882e860000 - 0x000001882e870000 	C:\javafx-sdk-20.0.2\bin\api-ms-win-crt-private-l1-1-0.dll
0x000001882e870000 - 0x000001882e873000 	C:\javafx-sdk-20.0.2\bin\api-ms-win-crt-process-l1-1-0.dll
0x000001882e880000 - 0x000001882e884000 	C:\javafx-sdk-20.0.2\bin\api-ms-win-crt-runtime-l1-1-0.dll
0x000001882e890000 - 0x000001882e894000 	C:\javafx-sdk-20.0.2\bin\api-ms-win-crt-stdio-l1-1-0.dll
0x000001882e8a0000 - 0x000001882e8a4000 	C:\javafx-sdk-20.0.2\bin\api-ms-win-crt-string-l1-1-0.dll
0x000001882e8b0000 - 0x000001882e8b3000 	C:\javafx-sdk-20.0.2\bin\api-ms-win-crt-time-l1-1-0.dll
0x000001882e8c0000 - 0x000001882e8c3000 	C:\javafx-sdk-20.0.2\bin\api-ms-win-crt-utility-l1-1-0.dll
0x00007ffff8dc0000 - 0x00007ffff8ebc000 	C:\javafx-sdk-20.0.2\bin\ucrtbase.dll
0x00007ff819d50000 - 0x00007ff819d6b000 	C:\javafx-sdk-20.0.2\bin\vcruntime140.dll
0x00007ff81b6a0000 - 0x00007ff81b6ac000 	C:\javafx-sdk-20.0.2\bin\vcruntime140_1.dll
0x00007ff806010000 - 0x00007ff80609e000 	C:\javafx-sdk-20.0.2\bin\msvcp140.dll
0x00007ff819d30000 - 0x00007ff819d39000 	C:\javafx-sdk-20.0.2\bin\msvcp140_1.dll
0x00007ff819b50000 - 0x00007ff819b80000 	C:\javafx-sdk-20.0.2\bin\msvcp140_2.dll
0x00007ff819480000 - 0x00007ff8194af000 	C:\javafx-sdk-20.0.2\bin\prism_d3d.dll
0x00007fffeeb60000 - 0x00007fffeed2f000 	C:\WINDOWS\system32\d3d9.dll
0x00007ff81e320000 - 0x00007ff81e34f000 	C:\WINDOWS\SYSTEM32\dwmapi.dll
0x00007ff81e050000 - 0x00007ff81e0ee000 	C:\WINDOWS\system32\uxtheme.dll
0x00007ff821940000 - 0x00007ff821a0d000 	C:\WINDOWS\System32\OLEAUT32.dll
0x00007ff822ac0000 - 0x00007ff822bea000 	C:\WINDOWS\System32\ole32.dll
0x00007ff821d10000 - 0x00007ff82217f000 	C:\WINDOWS\System32\SETUPAPI.dll
0x00007ff8207a0000 - 0x00007ff8207ee000 	C:\WINDOWS\System32\cfgmgr32.dll
0x00007ff820d00000 - 0x00007ff820d27000 	C:\WINDOWS\System32\bcrypt.dll
0x00007ff817120000 - 0x00007ff817162000 	C:\javafx-sdk-20.0.2\bin\glass.dll
0x00007ff821410000 - 0x00007ff8214ea000 	C:\WINDOWS\System32\COMDLG32.dll
0x00007ff821550000 - 0x00007ff821665000 	C:\WINDOWS\System32\MSCTF.dll
0x00007ff81b5a0000 - 0x00007ff81b5db000 	C:\WINDOWS\SYSTEM32\dxcore.dll
0x00007ff819460000 - 0x00007ff819474000 	C:\javafx-sdk-20.0.2\bin\javafx_font.dll
0x00007ff817d80000 - 0x00007ff817dad000 	C:\javafx-sdk-20.0.2\bin\javafx_iio.dll
0x00007ff816d50000 - 0x00007ff816fcf000 	C:\WINDOWS\SYSTEM32\dwrite.dll
0x00007ff8228d0000 - 0x00007ff822979000 	C:\WINDOWS\System32\clbcatq.dll
0x00007ff819160000 - 0x00007ff819314000 	C:\WINDOWS\SYSTEM32\WindowsCodecs.dll
0x00007ff8074a0000 - 0x00007ff8074de000 	C:\WINDOWS\system32\dataexchange.dll
0x00007ff81c7a0000 - 0x00007ff81ca03000 	C:\WINDOWS\system32\d3d11.dll
0x00007ff81ca10000 - 0x00007ff81cbf4000 	C:\WINDOWS\system32\dcomp.dll
0x00007ff81ef30000 - 0x00007ff81f023000 	C:\WINDOWS\system32\dxgi.dll
0x00007ff818de0000 - 0x00007ff818fe0000 	C:\WINDOWS\system32\twinapi.appcore.dll
0x00007ff819840000 - 0x00007ff819939000 	C:\WINDOWS\SYSTEM32\textinputframework.dll
0x00007ff81d1c0000 - 0x00007ff81d51e000 	C:\WINDOWS\System32\CoreUIComponents.dll
0x00007ff81d8a0000 - 0x00007ff81d992000 	C:\WINDOWS\System32\CoreMessaging.dll
0x00007ff81f340000 - 0x00007ff81f373000 	C:\WINDOWS\SYSTEM32\ntmarta.dll
0x00007ff81c640000 - 0x00007ff81c794000 	C:\WINDOWS\SYSTEM32\wintypes.dll
0x00007ff8128c0000 - 0x00007ff812926000 	C:\WINDOWS\system32\Oleacc.dll
0x00007ffff0a70000 - 0x00007ffff0b5f000 	C:\Users\Jay\.javacpp\cache\opencv-3.2.0-1.3-windows-x86_64.jar\org\bytedeco\javacpp\windows-x86_64\msvcr120.dll
0x00007ffff09c0000 - 0x00007ffff0a66000 	C:\Users\Jay\.javacpp\cache\opencv-3.2.0-1.3-windows-x86_64.jar\org\bytedeco\javacpp\windows-x86_64\msvcp120.dll
0x00007fffee8d0000 - 0x00007fffeeb58000 	C:\Users\Jay\.javacpp\cache\opencv-3.2.0-1.3-windows-x86_64.jar\org\bytedeco\javacpp\windows-x86_64\opencv_core320.dll
0x00007fffee230000 - 0x00007fffee592000 	C:\Users\Jay\.javacpp\cache\opencv-3.2.0-1.3-windows-x86_64.jar\org\bytedeco\javacpp\windows-x86_64\opencv_imgproc320.dll
0x00007fffee680000 - 0x00007fffee8ca000 	C:\Users\Jay\.javacpp\cache\opencv-3.2.0-1.3-windows-x86_64.jar\org\bytedeco\javacpp\windows-x86_64\jniopencv_core.dll
0x00007ff820f80000 - 0x00007ff820f88000 	C:\WINDOWS\System32\PSAPI.DLL
0x00007ffff07c0000 - 0x00007ffff08b0000 	C:\Users\Jay\.javacpp\cache\opencv-3.2.0-1.3-windows-x86_64.jar\org\bytedeco\javacpp\windows-x86_64\jniopencv_imgproc.dll

dbghelp: loaded successfully - version: 4.0.5 - missing functions: none
symbol engine: initialized successfully - sym options: 0x614 - pdb path: .;C:\Users\Jay\.p2\pool\plugins\org.eclipse.justj.openjdk.hotspot.jre.full.win32.x86_64_17.0.8.v20230801-1951\jre\bin;C:\WINDOWS\SYSTEM32;C:\WINDOWS\WinSxS\amd64_microsoft.windows.common-controls_6595b64144ccf1df_6.0.19041.1110_none_60b5254171f9507e;C:\Users\Jay\.p2\pool\plugins\org.eclipse.justj.openjdk.hotspot.jre.full.win32.x86_64_17.0.8.v20230801-1951\jre\bin\server;C:\javafx-sdk-20.0.2\bin;C:\WINDOWS\System32\DriverStore\FileRepository\igdlh64.inf_amd64_82119d956c80af5a;C:\Program Files\Common Files\Microsoft Shared\Ink;C:\Users\Jay\.javacpp\cache\opencv-3.2.0-1.3-windows-x86_64.jar\org\bytedeco\javacpp\windows-x86_64;C:\Users\Jay\.javacpp\cache\videoinput-0.200-1.3-windows-x86_64.jar\org\bytedeco\javacpp\windows-x86_64;C:\WINDOWS\WinSxS\amd64_microsoft.windows.gdiplus_6595b64144ccf1df_1.1.19041.2006_none_919e9136cc8d4791;C:\Program Files (x86)\DroidCam\lib

VM Arguments:
jvm_args: --module-path=C:\javafx-sdk-20.0.2\lib --add-modules=javafx.controls,javafx.fxml -Dfile.encoding=UTF-8 -XX:+ShowCodeDetailsInExceptionMessages 
java_command: application.Main
java_class_path (initial): C:\Users\Jay\Desktop\facebio\Facebioreg\target\classes;C:\Users\Jay\Desktop\javafx-sdk-20.0.2\lib\javafx-swt.jar;C:\Users\Jay\Desktop\javafx-sdk-20.0.2\lib\javafx.base.jar;C:\Users\Jay\Desktop\javafx-sdk-20.0.2\lib\javafx.controls.jar;C:\Users\Jay\Desktop\javafx-sdk-20.0.2\lib\javafx.fxml.jar;C:\Users\Jay\Desktop\javafx-sdk-20.0.2\lib\javafx.graphics.jar;C:\Users\Jay\Desktop\javafx-sdk-20.0.2\lib\javafx.media.jar;C:\Users\Jay\Desktop\javafx-sdk-20.0.2\lib\javafx.swing.jar;C:\Users\Jay\Desktop\javafx-sdk-20.0.2\lib\javafx.web.jar;C:\Users\Jay\.p2\pool\plugins\org.eclipse.fx.ide.css.jfx8_3.8.0.202204150904.jar;C:\Users\Jay\Desktop\facebio\Facebioreg\opencv-341.jar;C:\Users\Jay\.m2\repository\org\bytedeco\javacv-platform\1.3.2\javacv-platform-1.3.2.jar;C:\Users\Jay\.m2\repository\org\bytedeco\javacv\1.3.2\javacv-1.3.2.jar;C:\Users\Jay\.m2\repository\org\bytedeco\javacpp\1.3.2\javacpp-1.3.2.jar;C:\Users\Jay\.m2\repository\org\bytedeco\javacpp-presets\opencv\3.2.0-1.3\opencv-3.2.0-1.3.jar;C:\Users\Jay\.m2\repository\org\bytedeco\javacpp-presets\ffmpeg\3.2.1-1.3\ffmpeg-3.2.1-1.3.jar;C:\Users\Jay\.m2\repository\org\bytedeco\javacpp-presets\flycapture\2.9.3.43-1.3\flycapture-2.9.3.43-1.3.jar;C:\Users\Jay\.m2\repository\org\bytedeco\javacpp-presets\libdc1394\2.2.4-1.3\libdc1394-2.2.4-1.3.jar;C:\Users\Jay\.m2\repository\org\bytedeco\javacpp-presets\libfreenect\0.5.3-1.3\libfreenect-0.5.3-1.3.jar;C:\Users\Jay\.m2\repository\org\bytedeco\javacpp-presets\libfreenect2\0.2.0-1.3\libfreenect2-0.2.0-1.3.jar;C:\Users\Jay\.m2\repository\org\bytedeco\javacpp-presets\librealsense\1.9.6-1.3\librealsense-1.9.6-1.3.jar;C:\Users\Jay\.m2\repository\org\bytedeco\javacpp-presets\videoinput\0.200-1.3\videoinput-0.200-1.3.jar;C:\Users\Jay\.m2\repository\org\bytedeco\javacpp-presets\artoolkitplus\2.3.1-1.3\artoolkitplus-2.3.1-1.3.jar;C:\Users\Jay\.m2\repository\org\bytedeco\javacpp-presets\flandmark\1.07-1.3\flandmark-1.07-1.3.jar;C:\Users\Jay\.m2\repository\org\byted
Launcher Type: SUN_STANDARD

[Global flags]
     intx CICompilerCount                          = 3                                         {product} {ergonomic}
     uint ConcGCThreads                            = 1                                         {product} {ergonomic}
     uint G1ConcRefinementThreads                  = 4                                         {product} {ergonomic}
   size_t G1HeapRegionSize                         = 1048576                                   {product} {ergonomic}
    uintx GCDrainStackTargetSize                   = 64                                        {product} {ergonomic}
   size_t InitialHeapSize                          = 134217728                                 {product} {ergonomic}
   size_t MarkStackSize                            = 4194304                                   {product} {ergonomic}
   size_t MaxHeapSize                              = 2116026368                                {product} {ergonomic}
   size_t MaxNewSize                               = 1268776960                                {product} {ergonomic}
   size_t MinHeapDeltaBytes                        = 1048576                                   {product} {ergonomic}
   size_t MinHeapSize                              = 8388608                                   {product} {ergonomic}
    uintx NonNMethodCodeHeapSize                   = 5832780                                {pd product} {ergonomic}
    uintx NonProfiledCodeHeapSize                  = 122912730                              {pd product} {ergonomic}
    uintx ProfiledCodeHeapSize                     = 122912730                              {pd product} {ergonomic}
    uintx ReservedCodeCacheSize                    = 251658240                              {pd product} {ergonomic}
     bool SegmentedCodeCache                       = true                                      {product} {ergonomic}
     bool ShowCodeDetailsInExceptionMessages       = true                                   {manageable} {command line}
   size_t SoftMaxHeapSize                          = 2116026368                             {manageable} {ergonomic}
     bool UseCompressedClassPointers               = true                           {product lp64_product} {ergonomic}
     bool UseCompressedOops                        = true                           {product lp64_product} {ergonomic}
     bool UseG1GC                                  = true                                      {product} {ergonomic}
     bool UseLargePagesIndividualAllocation        = false                                  {pd product} {ergonomic}

Logging:
Log output configuration:
 #0: stdout all=warning uptime,level,tags
 #1: stderr all=off uptime,level,tags

Environment Variables:
CLASSPATH=.;.;C:\PROGRA~2\JMF21~1.1E\lib\sound.jar;C:\PROGRA~2\JMF21~1.1E\lib\jmf.jar;C:\PROGRA~2\JMF21~1.1E\lib;
PATH=C:/Users/Jay/.p2/pool/plugins/org.eclipse.justj.openjdk.hotspot.jre.full.win32.x86_64_17.0.8.v20230801-1951/jre/bin/server;C:/Users/Jay/.p2/pool/plugins/org.eclipse.justj.openjdk.hotspot.jre.full.win32.x86_64_17.0.8.v20230801-1951/jre/bin;C:\Program Files\Common Files\Oracle\Java\javapath;C:\WINDOWS\system32;C:\WINDOWS;C:\WINDOWS\System32\Wbem;C:\WINDOWS\System32\WindowsPowerShell\v1.0\;C:\Program Files\nodejs\;C:\Program Files\Git\cmd;C:\xampp\php;C:\composer;C:\WINDOWS\System32\OpenSSH\;C:\Program Files\Microsoft SQL Server\150\Tools\Binn\;C:\Program Files\Microsoft SQL Server\Client SDK\ODBC\170\Tools\Binn\;C:\Program Files\dotnet\;C:\Program Files\PowerShell\7\;C:\Users\Jay\.console-ninja\.bin;C:\Users\Jay\AppData\Roaming\npm;C:\Users\Jay\AppData\Local\Programs\Microsoft VS Code\bin;C:\Users\Jay\AppData\Roaming\Composer\vendor\bin;C:\Users\Jay\AppData\Local\Microsoft\WindowsApps;C:\Users\Jay\.dotnet\tools;C:\Users\Jay\.fly\bin;C:\WINDOWS\system32;
USERNAME=Jay
OS=Windows_NT
PROCESSOR_IDENTIFIER=Intel64 Family 6 Model 78 Stepping 3, GenuineIntel
TMP=C:\Users\Jay\AppData\Local\Temp
TEMP=C:\Users\Jay\AppData\Local\Temp



---------------  S Y S T E M  ---------------

OS:
 Windows 10 , 64 bit Build 19041 (10.0.19041.1889)
OS uptime: 3 days 5:25 hours

CPU: total 4 (initial active 4) (2 cores per cpu, 2 threads per core) family 6 model 78 stepping 3 microcode 0xcc, cx8, cmov, fxsr, ht, mmx, 3dnowpref, sse, sse2, sse3, ssse3, sse4.1, sse4.2, popcnt, lzcnt, tsc, tscinvbit, avx, avx2, aes, erms, clmul, bmi1, bmi2, adx, fma, vzeroupper, clflush, clflushopt
Processor Information for all 4 processors :
  Max Mhz: 2000, Current Mhz: 2000, Mhz Limit: 2000

Memory: 4k page, system-wide physical 8065M (2231M free)
TotalPageFile size 13387M (AvailPageFile size 3906M)
current process WorkingSet (physical memory assigned to process): 319M, peak: 381M
current process commit charge ("private bytes"): 381M, peak: 459M

vm_info: OpenJDK 64-Bit Server VM (17.0.8+7) for windows-amd64 JRE (17.0.8+7), built on Jul 18 2023 21:02:32 by "admin" with MS VC++ 16.7 (VS2019)

END.
