#
# A fatal error has been detected by the Java Runtime Environment:
#
#  EXCEPTION_ACCESS_VIOLATION (0xc0000005) at pc=0x00007ff822e93466, pid=6916, tid=5352
#
# JRE version: OpenJDK Runtime Environment Temurin-17.0.8+7 (17.0.8+7) (build 17.0.8+7)
# Java VM: OpenJDK 64-Bit Server VM Temurin-17.0.8+7 (17.0.8+7, mixed mode, tiered, compressed oops, compressed class ptrs, g1 gc, windows-amd64)
# Problematic frame:
# C  [ntdll.dll+0x63466]
#
# No core dump will be written. Minidumps are not enabled by default on client versions of Windows
#
# If you would like to submit a bug report, please visit:
#   https://github.com/adoptium/adoptium-support/issues
# The crash happened outside the Java Virtual Machine in native code.
# See problematic frame for where to report the bug.
#

---------------  S U M M A R Y ------------

Command Line: --module-path=C:\javafx-sdk-20.0.2\lib --add-modules=javafx.controls,javafx.fxml -Dfile.encoding=UTF-8 -XX:+ShowCodeDetailsInExceptionMessages application.Main

Host: Intel(R) Core(TM) i3-6006U CPU @ 2.00GHz, 4 cores, 7G,  Windows 10 , 64 bit Build 19041 (10.0.19041.1889)
Time: Fri Sep 15 12:17:40 2023 Coordinated Universal Time elapsed time: 59.361609 seconds (0d 0h 0m 59s)

---------------  T H R E A D  ---------------

Current thread (0x000001c56f9eb660):  JavaThread "Thread-6" [_thread_in_native, id=5352, stack(0x0000005c75200000,0x0000005c75300000)]

Stack: [0x0000005c75200000,0x0000005c75300000],  sp=0x0000005c752fec00,  free space=1019k
Native frames: (J=compiled Java code, j=interpreted, Vv=VM code, C=native code)
C  [ntdll.dll+0x63466]
C  [ntdll.dll+0x2fcb4]
C  [ntdll.dll+0x2fae2]
C  0x00007ff805e72be7

Java frames: (J=compiled Java code, j=interpreted, Vv=VM code)
J 5259  org.bytedeco.javacpp.opencv_videoio$VideoCapture.retrieve(Lorg/bytedeco/javacpp/opencv_core$Mat;)Z (0 bytes) @ 0x000001c55660f0ef [0x000001c55660f0a0+0x000000000000004f]
J 5258 c1 org.bytedeco.javacv.OpenCVFrameGrabber.grab()Lorg/bytedeco/javacv/Frame; (255 bytes) @ 0x000001c54f2d3b24 [0x000001c54f2d3a80+0x00000000000000a4]
j  application.FaceDetector.run()V+988
j  java.lang.Thread.run()V+11 java.base@17.0.8
v  ~StubRoutines::call_stub

siginfo: EXCEPTION_ACCESS_VIOLATION (0xc0000005), writing address 0x0000000000000024


Register to memory mapping:

RIP=0x00007ff822e93466 ntdll.dll
RAX=0x0 is NULL
RBX=0x000001c5705b4cb8 points into unknown readable memory: 0x0000000000000000 | 00 00 00 00 00 00 00 00
RCX=0x000001c5705b4cb8 points into unknown readable memory: 0x0000000000000000 | 00 00 00 00 00 00 00 00
RDX=0x00000000fffffffa is an unallocated location in the heap
RSP=0x0000005c752fec00 is pointing into the stack for thread: 0x000001c56f9eb660
RBP=0x0 is NULL
RSI=0x0 is NULL
RDI=0x0 is NULL
R8 =0x0 is NULL
R9 =0x000001c5705b4c00 points into unknown readable memory: 0x0000028000000028 | 28 00 00 00 80 02 00 00
R10=0x0 is NULL
R11=0x0000000000000246 is an unknown value
R12=0x0 is NULL
R13=0x0000005c71dd7000 points into unknown readable memory: 0x0000000000000000 | 00 00 00 00 00 00 00 00
R14=0x0000000000000001 is an unknown value
R15=0x0 is NULL


Registers:
RAX=0x0000000000000000, RBX=0x000001c5705b4cb8, RCX=0x000001c5705b4cb8, RDX=0x00000000fffffffa
RSP=0x0000005c752fec00, RBP=0x0000000000000000, RSI=0x0000000000000000, RDI=0x0000000000000000
R8 =0x0000000000000000, R9 =0x000001c5705b4c00, R10=0x0000000000000000, R11=0x0000000000000246
R12=0x0000000000000000, R13=0x0000005c71dd7000, R14=0x0000000000000001, R15=0x0000000000000000
RIP=0x00007ff822e93466, EFLAGS=0x0000000000010213

Top of Stack: (sp=0x0000005c752fec00)
0x0000005c752fec00:   ffffffffffffffff 000001c5705b4cb8
0x0000005c752fec10:   000001c548f802e8 00007fff000000ff
0x0000005c752fec20:   0000000000000001 0000000000000026
0x0000005c752fec30:   0000000000000026 000001c570eb5d70
0x0000005c752fec40:   0000000000000000 00007ff8fffffffa
0x0000005c752fec50:   0000005c71dd7000 000001c570300000
0x0000005c752fec60:   000001c548f80000 000001c555d79600
0x0000005c752fec70:   000001c500000026 0000000000000026
0x0000005c752fec80:   000001c570eb5fc0 00007ff826000026
0x0000005c752fec90:   0000d1ad7250076a 000001c570eb5d60
0x0000005c752feca0:   000001c56f9eb600 0000000000000001
0x0000005c752fecb0:   0000000000000001 0000000000000001
0x0000005c752fecc0:   0000000000000000 000001c5705b4cb8
0x0000005c752fecd0:   0000000000000000 00007ff822e5fcb4
0x0000005c752fece0:   000001c570eb5d60 0000005c752fed38
0x0000005c752fecf0:   00000000fffffffa ffffffffff676980 

Instructions: (pc=0x00007ff822e93466)
0x00007ff822e93366:   20 e9 ed fe ff ff 48 89 41 18 e9 e4 fe ff ff cc
0x00007ff822e93376:   cc cc cc cc cc cc cc cc cc cc 80 3d 81 91 10 00
0x00007ff822e93386:   00 0f 95 c0 c3 cc cc cc cc cc cc cc cc cc cc cc
0x00007ff822e93396:   cc cc cc cc cc cc cc cc cc cc 48 83 ec 38 8b 05
0x00007ff822e933a6:   82 77 10 00 89 44 24 20 e8 41 02 00 00 48 83 c4
0x00007ff822e933b6:   38 c3 cc cc cc cc cc cc cc cc 48 89 5c 24 18 55
0x00007ff822e933c6:   56 57 41 54 41 55 41 56 41 57 48 81 ec a0 00 00
0x00007ff822e933d6:   00 48 8b 05 32 11 12 00 48 33 c4 48 89 84 24 90
0x00007ff822e933e6:   00 00 00 65 4c 8b 2c 25 30 00 00 00 48 8d 05 cf
0x00007ff822e933f6:   31 10 00 40 32 ed 89 54 24 48 33 f6 40 88 6c 24
0x00007ff822e93406:   40 4c 89 6c 24 50 48 8b d9 44 8b e6 48 3b c8 0f
0x00007ff822e93416:   84 39 01 00 00 40 38 35 e6 90 10 00 0f 85 a8 01
0x00007ff822e93426:   00 00 39 35 fa 90 10 00 0f 85 6a 01 00 00 40 38
0x00007ff822e93436:   35 bd 8b 10 00 48 8d 3d be 8b 10 00 48 0f 45 fe
0x00007ff822e93446:   48 39 73 18 0f 84 d2 00 00 00 48 8b 03 48 83 f8
0x00007ff822e93456:   ff 0f 84 d2 00 00 00 44 8b fe 48 83 f8 ff 74 03
0x00007ff822e93466:   ff 40 24 4c 8b 73 18 4c 8d 2d 54 31 10 00 bd 22
0x00007ff822e93476:   17 00 00 e8 d2 13 fc ff 85 c0 0f 85 ee b4 05 00
0x00007ff822e93486:   b9 82 03 fe 7f 80 39 00 0f 85 fc b4 05 00 49 83
0x00007ff822e93496:   fe ff 0f 85 8a b5 05 00 4c 8b cf c7 44 24 20 00
0x00007ff822e934a6:   00 00 00 41 b8 04 00 00 00 48 8d 54 24 48 48 8d
0x00007ff822e934b6:   4b 08 e8 37 01 00 00 3d 02 01 00 00 0f 84 73 b5
0x00007ff822e934c6:   05 00 8b 4b 08 89 4c 24 48 f6 c1 02 75 ca 3d 02
0x00007ff822e934d6:   01 00 00 0f 84 5c b5 05 00 0f b6 6c 24 40 4c 8b
0x00007ff822e934e6:   6c 24 50 85 c0 0f 88 a8 b6 05 00 40 84 ed 75 73
0x00007ff822e934f6:   48 8b 8c 24 90 00 00 00 48 33 cc e8 7a 8d 02 00
0x00007ff822e93506:   48 8b 9c 24 f0 00 00 00 48 81 c4 a0 00 00 00 41
0x00007ff822e93516:   5f 41 5e 41 5d 41 5c 5f 5e 5d c3 cc 48 8b cb e8
0x00007ff822e93526:   56 05 00 00 e9 21 ff ff ff 8b 4b 20 48 c7 c0 ff
0x00007ff822e93536:   ff ff ff 48 0f ba e1 18 0f 82 19 ff ff ff 48 8b
0x00007ff822e93546:   cb e8 f4 e2 fa ff 48 8b 03 e9 09 ff ff ff c6 44
0x00007ff822e93556:   24 40 01 41 c7 85 60 17 00 00 01 00 00 00 e9 b2 


Stack slot to memory mapping:
stack at sp + 0 slots: 0xffffffffffffffff is an unknown value
stack at sp + 1 slots: 0x000001c5705b4cb8 points into unknown readable memory: 0x0000000000000000 | 00 00 00 00 00 00 00 00
stack at sp + 2 slots: 0x000001c548f802e8 points into unknown readable memory: 0x000001c548f922d0 | d0 22 f9 48 c5 01 00 00
stack at sp + 3 slots: 0x00007fff000000ff is an unknown value
stack at sp + 4 slots: 0x0000000000000001 is an unknown value
stack at sp + 5 slots: 0x0000000000000026 is an unknown value
stack at sp + 6 slots: 0x0000000000000026 is an unknown value
stack at sp + 7 slots: 0x000001c570eb5d70 points into unknown readable memory: 0x000001c5691ce500 | 00 e5 1c 69 c5 01 00 00


---------------  P R O C E S S  ---------------

Threads class SMR info:
_java_thread_list=0x000001c56ef53160, length=25, elements={
0x000001c56488e3f0, 0x000001c564890480, 0x000001c5648b9290, 0x000001c5648b9b60,
0x000001c5648bb460, 0x000001c5648bf320, 0x000001c5648c0f50, 0x000001c5648c4100,
0x000001c5648c5690, 0x000001c5649ec410, 0x000001c564c48b30, 0x000001c5691dbe50,
0x000001c56922d4a0, 0x000001c5692334d0, 0x000001c56922f300, 0x000001c56922f810,
0x000001c56922fd20, 0x000001c56f9f1690, 0x000001c56f9ecaa0, 0x000001c56f9ec590,
0x000001c56f9ef830, 0x000001c56f9eb660, 0x000001c56e666770, 0x000001c56e66b870,
0x000001c56e669a10
}

Java Threads: ( => current thread )
  0x000001c56488e3f0 JavaThread "Reference Handler" daemon [_thread_blocked, id=3708, stack(0x0000005c72900000,0x0000005c72a00000)]
  0x000001c564890480 JavaThread "Finalizer" daemon [_thread_blocked, id=9940, stack(0x0000005c72a00000,0x0000005c72b00000)]
  0x000001c5648b9290 JavaThread "Signal Dispatcher" daemon [_thread_blocked, id=12268, stack(0x0000005c72b00000,0x0000005c72c00000)]
  0x000001c5648b9b60 JavaThread "Attach Listener" daemon [_thread_blocked, id=5752, stack(0x0000005c72c00000,0x0000005c72d00000)]
  0x000001c5648bb460 JavaThread "Service Thread" daemon [_thread_blocked, id=1520, stack(0x0000005c72d00000,0x0000005c72e00000)]
  0x000001c5648bf320 JavaThread "Monitor Deflation Thread" daemon [_thread_blocked, id=10624, stack(0x0000005c72e00000,0x0000005c72f00000)]
  0x000001c5648c0f50 JavaThread "C2 CompilerThread0" daemon [_thread_blocked, id=2044, stack(0x0000005c72f00000,0x0000005c73000000)]
  0x000001c5648c4100 JavaThread "C1 CompilerThread0" daemon [_thread_blocked, id=11124, stack(0x0000005c73000000,0x0000005c73100000)]
  0x000001c5648c5690 JavaThread "Sweeper thread" daemon [_thread_blocked, id=9724, stack(0x0000005c73100000,0x0000005c73200000)]
  0x000001c5649ec410 JavaThread "Common-Cleaner" daemon [_thread_blocked, id=676, stack(0x0000005c73200000,0x0000005c73300000)]
  0x000001c564c48b30 JavaThread "Notification Thread" daemon [_thread_blocked, id=12084, stack(0x0000005c73400000,0x0000005c73500000)]
  0x000001c5691dbe50 JavaThread "InvokeLaterDispatcher" daemon [_thread_blocked, id=3836, stack(0x0000005c73700000,0x0000005c73800000)]
  0x000001c56922d4a0 JavaThread "Thread-2" daemon [_thread_in_native, id=11092, stack(0x0000005c73f00000,0x0000005c74000000)]
  0x000001c5692334d0 JavaThread "ForkJoinPool.commonPool-worker-1" daemon [_thread_blocked, id=9456, stack(0x0000005c74100000,0x0000005c74200000)]
  0x000001c56922f300 JavaThread "FileSystemWatchService" daemon [_thread_in_native, id=11940, stack(0x0000005c74200000,0x0000005c74300000)]
  0x000001c56922f810 JavaThread "Thread-3" daemon [_thread_blocked, id=10064, stack(0x0000005c74300000,0x0000005c74400000)]
  0x000001c56922fd20 JavaThread "FileSystemWatchService" daemon [_thread_in_native, id=6940, stack(0x0000005c74400000,0x0000005c74500000)]
  0x000001c56f9f1690 JavaThread "Thread-4" daemon [_thread_blocked, id=10120, stack(0x0000005c74500000,0x0000005c74600000)]
  0x000001c56f9ecaa0 JavaThread "Prism Font Disposer" daemon [_thread_blocked, id=7256, stack(0x0000005c74900000,0x0000005c74a00000)]
  0x000001c56f9ec590 JavaThread "Cleaner-0" daemon [_thread_blocked, id=10184, stack(0x0000005c74a00000,0x0000005c74b00000)]
  0x000001c56f9ef830 JavaThread "JavaCPP Deallocator" daemon [_thread_blocked, id=7208, stack(0x0000005c73300000,0x0000005c73400000)]
=>0x000001c56f9eb660 JavaThread "Thread-6" [_thread_in_native, id=5352, stack(0x0000005c75200000,0x0000005c75300000)]
  0x000001c56e666770 JavaThread "Java2D Disposer" daemon [_thread_blocked, id=9176, stack(0x0000005c75500000,0x0000005c75600000)]
  0x000001c56e66b870 JavaThread "pool-2-thread-1" [_thread_blocked, id=10444, stack(0x0000005c75b00000,0x0000005c75c00000)]
  0x000001c56e669a10 JavaThread "DestroyJavaVM" [_thread_blocked, id=6468, stack(0x0000005c72200000,0x0000005c72300000)]

Other Threads:
  0x000001c564868920 VMThread "VM Thread" [stack: 0x0000005c72800000,0x0000005c72900000] [id=8848]
  0x000001c54b18dda0 WatcherThread [stack: 0x0000005c73500000,0x0000005c73600000] [id=7156]
  0x000001c54b1e6690 GCTaskThread "GC Thread#0" [stack: 0x0000005c72300000,0x0000005c72400000] [id=12048]
  0x000001c5693be790 GCTaskThread "GC Thread#1" [stack: 0x0000005c73c00000,0x0000005c73d00000] [id=1916]
  0x000001c5693a72b0 GCTaskThread "GC Thread#2" [stack: 0x0000005c73d00000,0x0000005c73e00000] [id=9764]
  0x000001c5693c0a60 GCTaskThread "GC Thread#3" [stack: 0x0000005c73e00000,0x0000005c73f00000] [id=1948]
  0x000001c54b1f7220 ConcurrentGCThread "G1 Main Marker" [stack: 0x0000005c72400000,0x0000005c72500000] [id=8512]
  0x000001c54b1f7c30 ConcurrentGCThread "G1 Conc#0" [stack: 0x0000005c72500000,0x0000005c72600000] [id=7528]
  0x000001c54b23d7e0 ConcurrentGCThread "G1 Refine#0" [stack: 0x0000005c72600000,0x0000005c72700000] [id=5008]
  0x000001c54b23e210 ConcurrentGCThread "G1 Service" [stack: 0x0000005c72700000,0x0000005c72800000] [id=8604]

Threads with active compile tasks:

VM state: not at safepoint (normal execution)

VM Mutex/Monitor currently owned by a thread: None

Heap address: 0x0000000081e00000, size: 2018 MB, Compressed Oops mode: 32-bit

CDS archive(s) not mapped
Compressed class space mapped at: 0x0000000100000000-0x0000000140000000, reserved size: 1073741824
Narrow klass base: 0x0000000000000000, Narrow klass shift: 3, Narrow klass range: 0x140000000

GC Precious Log:
 CPUs: 4 total, 4 available
 Memory: 8065M
 Large Page Support: Disabled
 NUMA Support: Disabled
 Compressed Oops: Enabled (32-bit)
 Heap Region Size: 1M
 Heap Min Capacity: 8M
 Heap Initial Capacity: 128M
 Heap Max Capacity: 2018M
 Pre-touch: Disabled
 Parallel Workers: 4
 Concurrent Workers: 1
 Concurrent Refinement Workers: 4
 Periodic GC: Disabled

Heap:
 garbage-first heap   total 135168K, used 59848K [0x0000000081e00000, 0x0000000100000000)
  region size 1024K, 3 young (3072K), 1 survivors (1024K)
 Metaspace       used 32989K, committed 33344K, reserved 1114112K
  class space    used 3985K, committed 4160K, reserved 1048576K

Heap Regions: E=young(eden), S=young(survivor), O=old, HS=humongous(starts), HC=humongous(continues), CS=collection set, F=free, OA=open archive, CA=closed archive, TAMS=top-at-mark-start (previous, next)
|   0|0x0000000081e00000, 0x0000000081f00000, 0x0000000081f00000|100%| O|  |TAMS 0x0000000081f00000, 0x0000000081f00000| Untracked 
|   1|0x0000000081f00000, 0x0000000082000000, 0x0000000082000000|100%| O|  |TAMS 0x0000000082000000, 0x0000000082000000| Untracked 
|   2|0x0000000082000000, 0x0000000082100000, 0x0000000082100000|100%|HS|  |TAMS 0x0000000082100000, 0x0000000082100000| Complete 
|   3|0x0000000082100000, 0x0000000082200000, 0x0000000082200000|100%|HS|  |TAMS 0x0000000082200000, 0x0000000082200000| Complete 
|   4|0x0000000082200000, 0x0000000082300000, 0x0000000082300000|100%|HC|  |TAMS 0x0000000082300000, 0x0000000082300000| Complete 
|   5|0x0000000082300000, 0x0000000082400000, 0x0000000082400000|100%|HC|  |TAMS 0x0000000082400000, 0x0000000082400000| Complete 
|   6|0x0000000082400000, 0x0000000082500000, 0x0000000082500000|100%|HC|  |TAMS 0x0000000082500000, 0x0000000082500000| Complete 
|   7|0x0000000082500000, 0x0000000082600000, 0x0000000082600000|100%|HC|  |TAMS 0x0000000082600000, 0x0000000082600000| Complete 
|   8|0x0000000082600000, 0x0000000082700000, 0x0000000082700000|100%|HS|  |TAMS 0x0000000082600000, 0x0000000082600000| Complete 
|   9|0x0000000082700000, 0x0000000082800000, 0x0000000082800000|100%|HC|  |TAMS 0x0000000082700000, 0x0000000082700000| Complete 
|  10|0x0000000082800000, 0x0000000082900000, 0x0000000082900000|100%|HS|  |TAMS 0x0000000082800000, 0x0000000082900000| Complete 
|  11|0x0000000082900000, 0x0000000082a00000, 0x0000000082a00000|100%|HC|  |TAMS 0x0000000082900000, 0x0000000082a00000| Complete 
|  12|0x0000000082a00000, 0x0000000082a00000, 0x0000000082b00000|  0%| F|  |TAMS 0x0000000082a00000, 0x0000000082a00000| Untracked 
|  13|0x0000000082b00000, 0x0000000082c00000, 0x0000000082c00000|100%| O|  |TAMS 0x0000000082c00000, 0x0000000082c00000| Untracked 
|  14|0x0000000082c00000, 0x0000000082d00000, 0x0000000082d00000|100%| O|  |TAMS 0x0000000082d00000, 0x0000000082d00000| Untracked 
|  15|0x0000000082d00000, 0x0000000082e00000, 0x0000000082e00000|100%| O|  |TAMS 0x0000000082e00000, 0x0000000082e00000| Untracked 
|  16|0x0000000082e00000, 0x0000000082f00000, 0x0000000082f00000|100%| O|  |TAMS 0x0000000082f00000, 0x0000000082f00000| Untracked 
|  17|0x0000000082f00000, 0x0000000083000000, 0x0000000083000000|100%| O|  |TAMS 0x0000000083000000, 0x0000000083000000| Untracked 
|  18|0x0000000083000000, 0x0000000083100000, 0x0000000083100000|100%| O|  |TAMS 0x0000000083100000, 0x0000000083100000| Untracked 
|  19|0x0000000083100000, 0x0000000083200000, 0x0000000083200000|100%| O|  |TAMS 0x0000000083200000, 0x0000000083200000| Untracked 
|  20|0x0000000083200000, 0x0000000083300000, 0x0000000083300000|100%| O|  |TAMS 0x0000000083300000, 0x0000000083300000| Untracked 
|  21|0x0000000083300000, 0x0000000083400000, 0x0000000083400000|100%| O|  |TAMS 0x0000000083400000, 0x0000000083400000| Untracked 
|  22|0x0000000083400000, 0x0000000083500000, 0x0000000083500000|100%| O|  |TAMS 0x0000000083500000, 0x0000000083500000| Untracked 
|  23|0x0000000083500000, 0x0000000083600000, 0x0000000083600000|100%| O|  |TAMS 0x0000000083600000, 0x0000000083600000| Untracked 
|  24|0x0000000083600000, 0x0000000083700000, 0x0000000083700000|100%| O|  |TAMS 0x0000000083700000, 0x0000000083700000| Untracked 
|  25|0x0000000083700000, 0x0000000083800000, 0x0000000083800000|100%|HS|  |TAMS 0x0000000083700000, 0x0000000083700000| Complete 
|  26|0x0000000083800000, 0x0000000083900000, 0x0000000083900000|100%|HC|  |TAMS 0x0000000083800000, 0x0000000083800000| Complete 
|  27|0x0000000083900000, 0x0000000083a00000, 0x0000000083a00000|100%|HS|  |TAMS 0x0000000083900000, 0x0000000083a00000| Complete 
|  28|0x0000000083a00000, 0x0000000083b00000, 0x0000000083b00000|100%|HC|  |TAMS 0x0000000083a00000, 0x0000000083b00000| Complete 
|  29|0x0000000083b00000, 0x0000000083c00000, 0x0000000083c00000|100%| O|  |TAMS 0x0000000083c00000, 0x0000000083c00000| Untracked 
|  30|0x0000000083c00000, 0x0000000083d00000, 0x0000000083d00000|100%|HS|  |TAMS 0x0000000083c00000, 0x0000000083d00000| Complete 
|  31|0x0000000083d00000, 0x0000000083e00000, 0x0000000083e00000|100%|HC|  |TAMS 0x0000000083d00000, 0x0000000083e00000| Complete 
|  32|0x0000000083e00000, 0x0000000083f00000, 0x0000000083f00000|100%|HS|  |TAMS 0x0000000083f00000, 0x0000000083f00000| Complete 
|  33|0x0000000083f00000, 0x0000000084000000, 0x0000000084000000|100%|HS|  |TAMS 0x0000000083f00000, 0x0000000083f00000| Complete 
|  34|0x0000000084000000, 0x0000000084100000, 0x0000000084100000|100%|HC|  |TAMS 0x0000000084000000, 0x0000000084000000| Complete 
|  35|0x0000000084100000, 0x0000000084200000, 0x0000000084200000|100%|HS|  |TAMS 0x0000000084100000, 0x0000000084200000| Complete 
|  36|0x0000000084200000, 0x0000000084300000, 0x0000000084300000|100%|HC|  |TAMS 0x0000000084200000, 0x0000000084300000| Complete 
|  37|0x0000000084300000, 0x0000000084300000, 0x0000000084400000|  0%| F|  |TAMS 0x0000000084300000, 0x0000000084300000| Untracked 
|  38|0x0000000084400000, 0x0000000084500000, 0x0000000084500000|100%|HS|  |TAMS 0x0000000084500000, 0x0000000084500000| Complete 
|  39|0x0000000084500000, 0x0000000084600000, 0x0000000084600000|100%|HC|  |TAMS 0x0000000084600000, 0x0000000084600000| Complete 
|  40|0x0000000084600000, 0x0000000084700000, 0x0000000084700000|100%|HS|  |TAMS 0x0000000084600000, 0x0000000084700000| Complete 
|  41|0x0000000084700000, 0x0000000084800000, 0x0000000084800000|100%|HC|  |TAMS 0x0000000084700000, 0x0000000084800000| Complete 
|  42|0x0000000084800000, 0x0000000084900000, 0x0000000084900000|100%|HS|  |TAMS 0x0000000084800000, 0x0000000084900000| Complete 
|  43|0x0000000084900000, 0x0000000084a00000, 0x0000000084a00000|100%|HC|  |TAMS 0x0000000084900000, 0x0000000084a00000| Complete 
|  44|0x0000000084a00000, 0x0000000084b00000, 0x0000000084b00000|100%|HS|  |TAMS 0x0000000084a00000, 0x0000000084a00000| Complete 
|  45|0x0000000084b00000, 0x0000000084c00000, 0x0000000084c00000|100%|HC|  |TAMS 0x0000000084b00000, 0x0000000084b00000| Complete 
|  46|0x0000000084c00000, 0x0000000084d00000, 0x0000000084d00000|100%|HS|  |TAMS 0x0000000084c00000, 0x0000000084c00000| Complete 
|  47|0x0000000084d00000, 0x0000000084e00000, 0x0000000084e00000|100%|HC|  |TAMS 0x0000000084d00000, 0x0000000084d00000| Complete 
|  48|0x0000000084e00000, 0x0000000084f00000, 0x0000000084f00000|100%| O|  |TAMS 0x0000000084f00000, 0x0000000084f00000| Untracked 
|  49|0x0000000084f00000, 0x0000000084f6f200, 0x0000000085000000| 43%| O|  |TAMS 0x0000000084f5e800, 0x0000000084f6f200| Untracked 
|  50|0x0000000085000000, 0x0000000085100000, 0x0000000085100000|100%| O|  |TAMS 0x0000000085100000, 0x0000000085100000| Untracked 
|  51|0x0000000085100000, 0x0000000085200000, 0x0000000085200000|100%|HS|  |TAMS 0x0000000085200000, 0x0000000085200000| Complete 
|  52|0x0000000085200000, 0x0000000085300000, 0x0000000085300000|100%|HC|  |TAMS 0x0000000085300000, 0x0000000085300000| Complete 
|  53|0x0000000085300000, 0x0000000085400000, 0x0000000085400000|100%|HC|  |TAMS 0x0000000085400000, 0x0000000085400000| Complete 
|  54|0x0000000085400000, 0x0000000085500000, 0x0000000085500000|100%|HC|  |TAMS 0x0000000085500000, 0x0000000085500000| Complete 
|  55|0x0000000085500000, 0x0000000085600000, 0x0000000085600000|100%|HC|  |TAMS 0x0000000085600000, 0x0000000085600000| Complete 
|  56|0x0000000085600000, 0x0000000085700000, 0x0000000085700000|100%|HS|  |TAMS 0x0000000085600000, 0x0000000085700000| Complete 
|  57|0x0000000085700000, 0x0000000085800000, 0x0000000085800000|100%|HC|  |TAMS 0x0000000085700000, 0x0000000085800000| Complete 
|  58|0x0000000085800000, 0x0000000085800000, 0x0000000085900000|  0%| F|  |TAMS 0x0000000085800000, 0x0000000085800000| Untracked 
|  59|0x0000000085900000, 0x0000000085900000, 0x0000000085a00000|  0%| F|  |TAMS 0x0000000085900000, 0x0000000085900000| Untracked 
|  60|0x0000000085a00000, 0x0000000085b00000, 0x0000000085b00000|100%|HS|  |TAMS 0x0000000085a00000, 0x0000000085b00000| Complete 
|  61|0x0000000085b00000, 0x0000000085c00000, 0x0000000085c00000|100%|HC|  |TAMS 0x0000000085b00000, 0x0000000085c00000| Complete 
|  62|0x0000000085c00000, 0x0000000085c00000, 0x0000000085d00000|  0%| F|  |TAMS 0x0000000085c00000, 0x0000000085c00000| Untracked 
|  63|0x0000000085d00000, 0x0000000085d00000, 0x0000000085e00000|  0%| F|  |TAMS 0x0000000085d00000, 0x0000000085d00000| Untracked 
|  64|0x0000000085e00000, 0x0000000085e00000, 0x0000000085f00000|  0%| F|  |TAMS 0x0000000085e00000, 0x0000000085e00000| Untracked 
|  65|0x0000000085f00000, 0x0000000085f00000, 0x0000000086000000|  0%| F|  |TAMS 0x0000000085f00000, 0x0000000085f00000| Untracked 
|  66|0x0000000086000000, 0x0000000086000000, 0x0000000086100000|  0%| F|  |TAMS 0x0000000086000000, 0x0000000086000000| Untracked 
|  67|0x0000000086100000, 0x0000000086100000, 0x0000000086200000|  0%| F|  |TAMS 0x0000000086100000, 0x0000000086100000| Untracked 
|  68|0x0000000086200000, 0x0000000086200000, 0x0000000086300000|  0%| F|  |TAMS 0x0000000086200000, 0x0000000086200000| Untracked 
|  69|0x0000000086300000, 0x0000000086300000, 0x0000000086400000|  0%| F|  |TAMS 0x0000000086300000, 0x0000000086300000| Untracked 
|  70|0x0000000086400000, 0x0000000086400000, 0x0000000086500000|  0%| F|  |TAMS 0x0000000086400000, 0x0000000086400000| Untracked 
|  71|0x0000000086500000, 0x0000000086500000, 0x0000000086600000|  0%| F|  |TAMS 0x0000000086500000, 0x0000000086500000| Untracked 
|  72|0x0000000086600000, 0x0000000086600000, 0x0000000086700000|  0%| F|  |TAMS 0x0000000086600000, 0x0000000086600000| Untracked 
|  73|0x0000000086700000, 0x0000000086700000, 0x0000000086800000|  0%| F|  |TAMS 0x0000000086700000, 0x0000000086700000| Untracked 
|  74|0x0000000086800000, 0x0000000086800000, 0x0000000086900000|  0%| F|  |TAMS 0x0000000086800000, 0x0000000086800000| Untracked 
|  75|0x0000000086900000, 0x0000000086900000, 0x0000000086a00000|  0%| F|  |TAMS 0x0000000086900000, 0x0000000086900000| Untracked 
|  76|0x0000000086a00000, 0x0000000086a00000, 0x0000000086b00000|  0%| F|  |TAMS 0x0000000086a00000, 0x0000000086a00000| Untracked 
|  77|0x0000000086b00000, 0x0000000086b00000, 0x0000000086c00000|  0%| F|  |TAMS 0x0000000086b00000, 0x0000000086b00000| Untracked 
|  78|0x0000000086c00000, 0x0000000086c00000, 0x0000000086d00000|  0%| F|  |TAMS 0x0000000086c00000, 0x0000000086c00000| Untracked 
|  79|0x0000000086d00000, 0x0000000086d00000, 0x0000000086e00000|  0%| F|  |TAMS 0x0000000086d00000, 0x0000000086d00000| Untracked 
|  80|0x0000000086e00000, 0x0000000086e00000, 0x0000000086f00000|  0%| F|  |TAMS 0x0000000086e00000, 0x0000000086e00000| Untracked 
|  81|0x0000000086f00000, 0x0000000086f00000, 0x0000000087000000|  0%| F|  |TAMS 0x0000000086f00000, 0x0000000086f00000| Untracked 
|  82|0x0000000087000000, 0x0000000087000000, 0x0000000087100000|  0%| F|  |TAMS 0x0000000087000000, 0x0000000087000000| Untracked 
|  83|0x0000000087100000, 0x0000000087100000, 0x0000000087200000|  0%| F|  |TAMS 0x0000000087100000, 0x0000000087100000| Untracked 
|  84|0x0000000087200000, 0x0000000087200000, 0x0000000087300000|  0%| F|  |TAMS 0x0000000087200000, 0x0000000087200000| Untracked 
|  85|0x0000000087300000, 0x0000000087300000, 0x0000000087400000|  0%| F|  |TAMS 0x0000000087300000, 0x0000000087300000| Untracked 
|  86|0x0000000087400000, 0x0000000087400000, 0x0000000087500000|  0%| F|  |TAMS 0x0000000087400000, 0x0000000087400000| Untracked 
|  87|0x0000000087500000, 0x0000000087500000, 0x0000000087600000|  0%| F|  |TAMS 0x0000000087500000, 0x0000000087500000| Untracked 
|  88|0x0000000087600000, 0x0000000087600000, 0x0000000087700000|  0%| F|  |TAMS 0x0000000087600000, 0x0000000087600000| Untracked 
|  89|0x0000000087700000, 0x0000000087700000, 0x0000000087800000|  0%| F|  |TAMS 0x0000000087700000, 0x0000000087700000| Untracked 
|  90|0x0000000087800000, 0x0000000087800000, 0x0000000087900000|  0%| F|  |TAMS 0x0000000087800000, 0x0000000087800000| Untracked 
|  91|0x0000000087900000, 0x0000000087900000, 0x0000000087a00000|  0%| F|  |TAMS 0x0000000087900000, 0x0000000087900000| Untracked 
|  92|0x0000000087a00000, 0x0000000087a00000, 0x0000000087b00000|  0%| F|  |TAMS 0x0000000087a00000, 0x0000000087a00000| Untracked 
|  93|0x0000000087b00000, 0x0000000087b00000, 0x0000000087c00000|  0%| F|  |TAMS 0x0000000087b00000, 0x0000000087b00000| Untracked 
|  94|0x0000000087c00000, 0x0000000087c00000, 0x0000000087d00000|  0%| F|  |TAMS 0x0000000087c00000, 0x0000000087c00000| Untracked 
|  95|0x0000000087d00000, 0x0000000087d00000, 0x0000000087e00000|  0%| F|  |TAMS 0x0000000087d00000, 0x0000000087d00000| Untracked 
|  96|0x0000000087e00000, 0x0000000087e00000, 0x0000000087f00000|  0%| F|  |TAMS 0x0000000087e00000, 0x0000000087e00000| Untracked 
|  97|0x0000000087f00000, 0x0000000087f00000, 0x0000000088000000|  0%| F|  |TAMS 0x0000000087f00000, 0x0000000087f00000| Untracked 
|  98|0x0000000088000000, 0x0000000088000000, 0x0000000088100000|  0%| F|  |TAMS 0x0000000088000000, 0x0000000088000000| Untracked 
|  99|0x0000000088100000, 0x0000000088100000, 0x0000000088200000|  0%| F|  |TAMS 0x0000000088100000, 0x0000000088100000| Untracked 
| 100|0x0000000088200000, 0x0000000088200000, 0x0000000088300000|  0%| F|  |TAMS 0x0000000088200000, 0x0000000088200000| Untracked 
| 101|0x0000000088300000, 0x0000000088300000, 0x0000000088400000|  0%| F|  |TAMS 0x0000000088300000, 0x0000000088300000| Untracked 
| 102|0x0000000088400000, 0x0000000088400000, 0x0000000088500000|  0%| F|  |TAMS 0x0000000088400000, 0x0000000088400000| Untracked 
| 103|0x0000000088500000, 0x0000000088500000, 0x0000000088600000|  0%| F|  |TAMS 0x0000000088500000, 0x0000000088500000| Untracked 
| 104|0x0000000088600000, 0x0000000088600000, 0x0000000088700000|  0%| F|  |TAMS 0x0000000088600000, 0x0000000088600000| Untracked 
| 105|0x0000000088700000, 0x0000000088700000, 0x0000000088800000|  0%| F|  |TAMS 0x0000000088700000, 0x0000000088700000| Untracked 
| 106|0x0000000088800000, 0x0000000088800000, 0x0000000088900000|  0%| F|  |TAMS 0x0000000088800000, 0x0000000088800000| Untracked 
| 107|0x0000000088900000, 0x0000000088900000, 0x0000000088a00000|  0%| F|  |TAMS 0x0000000088900000, 0x0000000088900000| Untracked 
| 108|0x0000000088a00000, 0x0000000088a00000, 0x0000000088b00000|  0%| F|  |TAMS 0x0000000088a00000, 0x0000000088a00000| Untracked 
| 109|0x0000000088b00000, 0x0000000088b00000, 0x0000000088c00000|  0%| F|  |TAMS 0x0000000088b00000, 0x0000000088b00000| Untracked 
| 110|0x0000000088c00000, 0x0000000088c00000, 0x0000000088d00000|  0%| F|  |TAMS 0x0000000088c00000, 0x0000000088c00000| Untracked 
| 111|0x0000000088d00000, 0x0000000088d00000, 0x0000000088e00000|  0%| F|  |TAMS 0x0000000088d00000, 0x0000000088d00000| Untracked 
| 112|0x0000000088e00000, 0x0000000088e00000, 0x0000000088f00000|  0%| F|  |TAMS 0x0000000088e00000, 0x0000000088e00000| Untracked 
| 113|0x0000000088f00000, 0x0000000088f00000, 0x0000000089000000|  0%| F|  |TAMS 0x0000000088f00000, 0x0000000088f00000| Untracked 
| 114|0x0000000089000000, 0x0000000089000000, 0x0000000089100000|  0%| F|  |TAMS 0x0000000089000000, 0x0000000089000000| Untracked 
| 115|0x0000000089100000, 0x0000000089100000, 0x0000000089200000|  0%| F|  |TAMS 0x0000000089100000, 0x0000000089100000| Untracked 
| 116|0x0000000089200000, 0x0000000089200000, 0x0000000089300000|  0%| F|  |TAMS 0x0000000089200000, 0x0000000089200000| Untracked 
| 117|0x0000000089300000, 0x0000000089300000, 0x0000000089400000|  0%| F|  |TAMS 0x0000000089300000, 0x0000000089300000| Untracked 
| 118|0x0000000089400000, 0x0000000089400000, 0x0000000089500000|  0%| F|  |TAMS 0x0000000089400000, 0x0000000089400000| Untracked 
| 119|0x0000000089500000, 0x0000000089500000, 0x0000000089600000|  0%| F|  |TAMS 0x0000000089500000, 0x0000000089500000| Untracked 
| 120|0x0000000089600000, 0x0000000089600000, 0x0000000089700000|  0%| F|  |TAMS 0x0000000089600000, 0x0000000089600000| Untracked 
| 121|0x0000000089700000, 0x0000000089700000, 0x0000000089800000|  0%| F|  |TAMS 0x0000000089700000, 0x0000000089700000| Untracked 
| 122|0x0000000089800000, 0x0000000089800000, 0x0000000089900000|  0%| F|  |TAMS 0x0000000089800000, 0x0000000089800000| Untracked 
| 123|0x0000000089900000, 0x0000000089900000, 0x0000000089a00000|  0%| F|  |TAMS 0x0000000089900000, 0x0000000089900000| Untracked 
| 124|0x0000000089a00000, 0x0000000089a00000, 0x0000000089b00000|  0%| F|  |TAMS 0x0000000089a00000, 0x0000000089a00000| Untracked 
| 125|0x0000000089b00000, 0x0000000089b00000, 0x0000000089c00000|  0%| F|  |TAMS 0x0000000089b00000, 0x0000000089b00000| Untracked 
| 126|0x0000000089c00000, 0x0000000089c00000, 0x0000000089d00000|  0%| F|  |TAMS 0x0000000089c00000, 0x0000000089c00000| Untracked 
| 127|0x0000000089d00000, 0x0000000089d00000, 0x0000000089e00000|  0%| F|  |TAMS 0x0000000089d00000, 0x0000000089d00000| Untracked 
| 128|0x0000000089e00000, 0x0000000089e00000, 0x0000000089f00000|  0%| F|  |TAMS 0x0000000089e00000, 0x0000000089e00000| Untracked 
| 129|0x0000000089f00000, 0x0000000089f03060, 0x000000008a000000|  1%| S|CS|TAMS 0x0000000089f00000, 0x0000000089f00000| Complete 
| 130|0x000000008a000000, 0x000000008a0f5200, 0x000000008a100000| 95%| E|  |TAMS 0x000000008a000000, 0x000000008a000000| Complete 
| 131|0x000000008a100000, 0x000000008a200000, 0x000000008a200000|100%| E|CS|TAMS 0x000000008a100000, 0x000000008a100000| Complete 

Card table byte_map: [0x000001c55dc40000,0x000001c55e040000] _byte_map_base: 0x000001c55d831000

Marking Bits (Prev, Next): (CMBitMap*) 0x000001c54b1e6cf0, (CMBitMap*) 0x000001c54b1e6cb0
 Prev Bits: [0x000001c5603d0000, 0x000001c562358000)
 Next Bits: [0x000001c55e440000, 0x000001c5603c8000)

Polling page: 0x000001c54a940000

Metaspace:

Usage:
  Non-class:     28.32 MB used.
      Class:      3.89 MB used.
       Both:     32.22 MB used.

Virtual space:
  Non-class space:       64.00 MB reserved,      28.50 MB ( 45%) committed,  1 nodes.
      Class space:        1.00 GB reserved,       4.06 MB ( <1%) committed,  1 nodes.
             Both:        1.06 GB reserved,      32.56 MB (  3%) committed. 

Chunk freelists:
   Non-Class:  2.73 MB
       Class:  11.98 MB
        Both:  14.71 MB

MaxMetaspaceSize: unlimited
CompressedClassSpaceSize: 1.00 GB
Initial GC threshold: 21.00 MB
Current GC threshold: 54.06 MB
CDS: off
MetaspaceReclaimPolicy: balanced
 - commit_granule_bytes: 65536.
 - commit_granule_words: 8192.
 - virtual_space_node_default_size: 8388608.
 - enlarge_chunks_in_place: 1.
 - new_chunks_are_fully_committed: 0.
 - uncommit_free_chunks: 1.
 - use_allocation_guard: 0.
 - handle_deallocations: 1.


Internal statistics:

num_allocs_failed_limit: 3.
num_arena_births: 252.
num_arena_deaths: 0.
num_vsnodes_births: 2.
num_vsnodes_deaths: 0.
num_space_committed: 521.
num_space_uncommitted: 0.
num_chunks_returned_to_freelist: 3.
num_chunks_taken_from_freelist: 1028.
num_chunk_merges: 0.
num_chunk_splits: 706.
num_chunks_enlarged: 551.
num_inconsistent_stats: 0.

CodeHeap 'non-profiled nmethods': size=120000Kb used=3342Kb max_used=3342Kb free=116657Kb
 bounds [0x000001c556310000, 0x000001c556670000, 0x000001c55d840000]
CodeHeap 'profiled nmethods': size=120000Kb used=9592Kb max_used=11650Kb free=110407Kb
 bounds [0x000001c54e840000, 0x000001c54f3b0000, 0x000001c555d70000]
CodeHeap 'non-nmethods': size=5760Kb used=1576Kb max_used=1648Kb free=4183Kb
 bounds [0x000001c555d70000, 0x000001c555fe0000, 0x000001c556310000]
 total_blobs=5960 nmethods=4980 adapters=892
 compilation: enabled
              stopped_count=0, restarted_count=0
 full_count=0

Compilation events (20 events):
Event: 56.999 Thread 0x000001c5648c4100 5786       3       com.sun.prism.Image$ByteAccess::<init> (15 bytes)
Event: 57.000 Thread 0x000001c5648c4100 nmethod 5786 0x000001c54ea67190 code [0x000001c54ea67340, 0x000001c54ea674c8]
Event: 57.000 Thread 0x000001c5648c4100 5787       3       javafx.scene.image.Image::pixelsDirty (8 bytes)
Event: 57.000 Thread 0x000001c5648c4100 nmethod 5787 0x000001c54f129b10 code [0x000001c54f129ce0, 0x000001c54f12a038]
Event: 57.604 Thread 0x000001c5648c0f50 5788       4       com.sun.javafx.sg.prism.RegionImageCache$CachedImage::equals (74 bytes)
Event: 57.606 Thread 0x000001c5648c0f50 nmethod 5788 0x000001c556616790 code [0x000001c556616940, 0x000001c556616af8]
Event: 57.770 Thread 0x000001c5648c0f50 5789       4       javafx.scene.image.Image::platformImagePropertyImpl (26 bytes)
Event: 57.773 Thread 0x000001c5648c0f50 nmethod 5789 0x000001c556616390 code [0x000001c556616520, 0x000001c5566166f8]
Event: 58.033 Thread 0x000001c5648c0f50 5790   !   4       java.util.concurrent.locks.AbstractQueuedSynchronizer$ConditionObject::await (183 bytes)
Event: 58.067 Thread 0x000001c5648c0f50 nmethod 5790 0x000001c55634b390 code [0x000001c55634b580, 0x000001c55634c068]
Event: 58.390 Thread 0x000001c5648c0f50 5791       4       javafx.scene.Scene$MouseHandler::updateCursorFrame (61 bytes)
Event: 58.395 Thread 0x000001c5648c0f50 nmethod 5791 0x000001c556615d10 code [0x000001c556615ea0, 0x000001c5566160e8]
Event: 58.497 Thread 0x000001c5648c0f50 5792       4       java.util.concurrent.atomic.AtomicInteger::getAndIncrement (12 bytes)
Event: 58.497 Thread 0x000001c5648c0f50 nmethod 5792 0x000001c55634b090 code [0x000001c55634b200, 0x000001c55634b278]
Event: 58.513 Thread 0x000001c5648c0f50 5793   !   4       java.util.concurrent.LinkedBlockingDeque::offerLast (53 bytes)
Event: 58.548 Thread 0x000001c5648c0f50 nmethod 5793 0x000001c55649c590 code [0x000001c55649c760, 0x000001c55649d798]
Event: 58.740 Thread 0x000001c5648c0f50 5794       4       com.sun.javafx.sg.prism.NGRegion::renderBorderRectangle (2679 bytes)
Event: 58.835 Thread 0x000001c5648c0f50 nmethod 5794 0x000001c55665f090 code [0x000001c55665f460, 0x000001c5566632a0]
Event: 58.835 Thread 0x000001c5648c0f50 5795       4       com.sun.glass.ui.win.WinApplication::submitForLaterInvocation (6 bytes)
Event: 58.836 Thread 0x000001c5648c0f50 nmethod 5795 0x000001c55634ab90 code [0x000001c55634ad20, 0x000001c55634adc8]

GC Heap History (20 events):
Event: 56.810 GC heap before
{Heap before GC invocations=185 (full 0):
 garbage-first heap   total 135168K, used 61887K [0x0000000081e00000, 0x0000000100000000)
  region size 1024K, 3 young (3072K), 1 survivors (1024K)
 Metaspace       used 32955K, committed 33216K, reserved 1114112K
  class space    used 3977K, committed 4160K, reserved 1048576K
}
Event: 56.811 GC heap after
{Heap after GC invocations=186 (full 0):
 garbage-first heap   total 135168K, used 44481K [0x0000000081e00000, 0x0000000100000000)
  region size 1024K, 1 young (1024K), 1 survivors (1024K)
 Metaspace       used 32955K, committed 33216K, reserved 1114112K
  class space    used 3977K, committed 4160K, reserved 1048576K
}
Event: 57.054 GC heap before
{Heap before GC invocations=186 (full 0):
 garbage-first heap   total 135168K, used 61889K [0x0000000081e00000, 0x0000000100000000)
  region size 1024K, 3 young (3072K), 1 survivors (1024K)
 Metaspace       used 32960K, committed 33216K, reserved 1114112K
  class space    used 3977K, committed 4160K, reserved 1048576K
}
Event: 57.055 GC heap after
{Heap after GC invocations=187 (full 0):
 garbage-first heap   total 135168K, used 44481K [0x0000000081e00000, 0x0000000100000000)
  region size 1024K, 1 young (1024K), 1 survivors (1024K)
 Metaspace       used 32960K, committed 33216K, reserved 1114112K
  class space    used 3977K, committed 4160K, reserved 1048576K
}
Event: 57.270 GC heap before
{Heap before GC invocations=187 (full 0):
 garbage-first heap   total 135168K, used 61889K [0x0000000081e00000, 0x0000000100000000)
  region size 1024K, 3 young (3072K), 1 survivors (1024K)
 Metaspace       used 32960K, committed 33216K, reserved 1114112K
  class space    used 3977K, committed 4160K, reserved 1048576K
}
Event: 57.271 GC heap after
{Heap after GC invocations=188 (full 0):
 garbage-first heap   total 135168K, used 44486K [0x0000000081e00000, 0x0000000100000000)
  region size 1024K, 1 young (1024K), 1 survivors (1024K)
 Metaspace       used 32960K, committed 33216K, reserved 1114112K
  class space    used 3977K, committed 4160K, reserved 1048576K
}
Event: 57.528 GC heap before
{Heap before GC invocations=188 (full 0):
 garbage-first heap   total 135168K, used 61894K [0x0000000081e00000, 0x0000000100000000)
  region size 1024K, 3 young (3072K), 1 survivors (1024K)
 Metaspace       used 32960K, committed 33216K, reserved 1114112K
  class space    used 3977K, committed 4160K, reserved 1048576K
}
Event: 57.529 GC heap after
{Heap after GC invocations=189 (full 0):
 garbage-first heap   total 135168K, used 44484K [0x0000000081e00000, 0x0000000100000000)
  region size 1024K, 1 young (1024K), 1 survivors (1024K)
 Metaspace       used 32960K, committed 33216K, reserved 1114112K
  class space    used 3977K, committed 4160K, reserved 1048576K
}
Event: 57.769 GC heap before
{Heap before GC invocations=189 (full 0):
 garbage-first heap   total 135168K, used 61892K [0x0000000081e00000, 0x0000000100000000)
  region size 1024K, 3 young (3072K), 1 survivors (1024K)
 Metaspace       used 32960K, committed 33216K, reserved 1114112K
  class space    used 3977K, committed 4160K, reserved 1048576K
}
Event: 57.770 GC heap after
{Heap after GC invocations=190 (full 0):
 garbage-first heap   total 135168K, used 44486K [0x0000000081e00000, 0x0000000100000000)
  region size 1024K, 1 young (1024K), 1 survivors (1024K)
 Metaspace       used 32960K, committed 33216K, reserved 1114112K
  class space    used 3977K, committed 4160K, reserved 1048576K
}
Event: 58.007 GC heap before
{Heap before GC invocations=190 (full 0):
 garbage-first heap   total 135168K, used 61894K [0x0000000081e00000, 0x0000000100000000)
  region size 1024K, 3 young (3072K), 1 survivors (1024K)
 Metaspace       used 32960K, committed 33216K, reserved 1114112K
  class space    used 3977K, committed 4160K, reserved 1048576K
}
Event: 58.008 GC heap after
{Heap after GC invocations=191 (full 0):
 garbage-first heap   total 135168K, used 44490K [0x0000000081e00000, 0x0000000100000000)
  region size 1024K, 1 young (1024K), 1 survivors (1024K)
 Metaspace       used 32960K, committed 33216K, reserved 1114112K
  class space    used 3977K, committed 4160K, reserved 1048576K
}
Event: 58.249 GC heap before
{Heap before GC invocations=191 (full 0):
 garbage-first heap   total 135168K, used 61898K [0x0000000081e00000, 0x0000000100000000)
  region size 1024K, 3 young (3072K), 1 survivors (1024K)
 Metaspace       used 32960K, committed 33216K, reserved 1114112K
  class space    used 3977K, committed 4160K, reserved 1048576K
}
Event: 58.250 GC heap after
{Heap after GC invocations=192 (full 0):
 garbage-first heap   total 135168K, used 44488K [0x0000000081e00000, 0x0000000100000000)
  region size 1024K, 1 young (1024K), 1 survivors (1024K)
 Metaspace       used 32960K, committed 33216K, reserved 1114112K
  class space    used 3977K, committed 4160K, reserved 1048576K
}
Event: 58.489 GC heap before
{Heap before GC invocations=192 (full 0):
 garbage-first heap   total 135168K, used 61896K [0x0000000081e00000, 0x0000000100000000)
  region size 1024K, 3 young (3072K), 1 survivors (1024K)
 Metaspace       used 32960K, committed 33216K, reserved 1114112K
  class space    used 3977K, committed 4160K, reserved 1048576K
}
Event: 58.490 GC heap after
{Heap after GC invocations=193 (full 0):
 garbage-first heap   total 135168K, used 44488K [0x0000000081e00000, 0x0000000100000000)
  region size 1024K, 1 young (1024K), 1 survivors (1024K)
 Metaspace       used 32960K, committed 33216K, reserved 1114112K
  class space    used 3977K, committed 4160K, reserved 1048576K
}
Event: 58.730 GC heap before
{Heap before GC invocations=193 (full 0):
 garbage-first heap   total 135168K, used 61896K [0x0000000081e00000, 0x0000000100000000)
  region size 1024K, 3 young (3072K), 1 survivors (1024K)
 Metaspace       used 32960K, committed 33216K, reserved 1114112K
  class space    used 3977K, committed 4160K, reserved 1048576K
}
Event: 58.731 GC heap after
{Heap after GC invocations=194 (full 0):
 garbage-first heap   total 135168K, used 44488K [0x0000000081e00000, 0x0000000100000000)
  region size 1024K, 1 young (1024K), 1 survivors (1024K)
 Metaspace       used 32960K, committed 33216K, reserved 1114112K
  class space    used 3977K, committed 4160K, reserved 1048576K
}
Event: 58.969 GC heap before
{Heap before GC invocations=194 (full 0):
 garbage-first heap   total 135168K, used 61896K [0x0000000081e00000, 0x0000000100000000)
  region size 1024K, 3 young (3072K), 1 survivors (1024K)
 Metaspace       used 32960K, committed 33216K, reserved 1114112K
  class space    used 3977K, committed 4160K, reserved 1048576K
}
Event: 58.970 GC heap after
{Heap after GC invocations=195 (full 0):
 garbage-first heap   total 135168K, used 48584K [0x0000000081e00000, 0x0000000100000000)
  region size 1024K, 1 young (1024K), 1 survivors (1024K)
 Metaspace       used 32960K, committed 33216K, reserved 1114112K
  class space    used 3977K, committed 4160K, reserved 1048576K
}

Dll operation events (20 events):
Event: 11.741 Loaded shared library C:\Users\Jay\.javacpp\cache\opencv-3.2.0-1.3-windows-x86_64.jar\org\bytedeco\javacpp\windows-x86_64\opencv_core320.dll
Event: 11.752 Loaded shared library C:\Users\Jay\.javacpp\cache\opencv-3.2.0-1.3-windows-x86_64.jar\org\bytedeco\javacpp\windows-x86_64\opencv_imgproc320.dll
Event: 11.765 Loaded shared library C:\Users\Jay\.javacpp\cache\opencv-3.2.0-1.3-windows-x86_64.jar\org\bytedeco\javacpp\windows-x86_64\jniopencv_core.dll
Event: 12.215 Loaded shared library C:\Users\Jay\.javacpp\cache\opencv-3.2.0-1.3-windows-x86_64.jar\org\bytedeco\javacpp\windows-x86_64\jniopencv_imgproc.dll
Event: 12.282 Loaded shared library C:\Users\Jay\.javacpp\cache\opencv-3.2.0-1.3-windows-x86_64.jar\org\bytedeco\javacpp\windows-x86_64\opencv_imgcodecs320.dll
Event: 12.292 Loaded shared library C:\Users\Jay\.javacpp\cache\opencv-3.2.0-1.3-windows-x86_64.jar\org\bytedeco\javacpp\windows-x86_64\jniopencv_imgcodecs.dll
Event: 12.451 Loaded shared library C:\Users\Jay\.javacpp\cache\opencv-3.2.0-1.3-windows-x86_64.jar\org\bytedeco\javacpp\windows-x86_64\opencv_videoio320.dll
Event: 12.463 Loaded shared library C:\Users\Jay\.javacpp\cache\opencv-3.2.0-1.3-windows-x86_64.jar\org\bytedeco\javacpp\windows-x86_64\jniopencv_videoio.dll
Event: 12.554 Loaded shared library C:\Users\Jay\.javacpp\cache\opencv-3.2.0-1.3-windows-x86_64.jar\org\bytedeco\javacpp\windows-x86_64\opencv_highgui320.dll
Event: 12.570 Loaded shared library C:\Users\Jay\.javacpp\cache\opencv-3.2.0-1.3-windows-x86_64.jar\org\bytedeco\javacpp\windows-x86_64\jniopencv_highgui.dll
Event: 12.623 Loaded shared library C:\Users\Jay\.javacpp\cache\opencv-3.2.0-1.3-windows-x86_64.jar\org\bytedeco\javacpp\windows-x86_64\opencv_ml320.dll
Event: 12.634 Loaded shared library C:\Users\Jay\.javacpp\cache\opencv-3.2.0-1.3-windows-x86_64.jar\org\bytedeco\javacpp\windows-x86_64\jniopencv_ml.dll
Event: 12.738 Loaded shared library C:\Users\Jay\.javacpp\cache\opencv-3.2.0-1.3-windows-x86_64.jar\org\bytedeco\javacpp\windows-x86_64\opencv_objdetect320.dll
Event: 12.746 Loaded shared library C:\Users\Jay\.javacpp\cache\opencv-3.2.0-1.3-windows-x86_64.jar\org\bytedeco\javacpp\windows-x86_64\jniopencv_objdetect.dll
Event: 12.823 Loaded shared library C:\Users\Jay\.javacpp\cache\opencv-3.2.0-1.3-windows-x86_64.jar\org\bytedeco\javacpp\windows-x86_64\opencv_face320.dll
Event: 12.831 Loaded shared library C:\Users\Jay\.javacpp\cache\opencv-3.2.0-1.3-windows-x86_64.jar\org\bytedeco\javacpp\windows-x86_64\jniopencv_face.dll
Event: 14.356 Loaded shared library C:\Windows\System32\ole32.dll
Event: 14.362 Loaded shared library C:\Windows\System32\oleaut32.dll
Event: 14.388 Loaded shared library C:\Users\Jay\.javacpp\cache\videoinput-0.200-1.3-windows-x86_64.jar\org\bytedeco\javacpp\windows-x86_64\jnivideoInputLib.dll
Event: 16.365 Loaded shared library C:\Users\Jay\.p2\pool\plugins\org.eclipse.justj.openjdk.hotspot.jre.full.win32.x86_64_17.0.8.v20230801-1951\jre\bin\awt.dll

Deoptimization events (20 events):
Event: 53.137 Thread 0x000001c5691de7c0 Uncommon trap: trap_request=0xffffffc6 fr.pc=0x000001c5565b6354 relative=0x0000000000000514
Event: 53.137 Thread 0x000001c5691de7c0 Uncommon trap: reason=bimorphic_or_optimized_type_check action=maybe_recompile pc=0x000001c5565b6354 method=javafx.beans.property.BooleanPropertyBase.get()Z @ 23 c2
Event: 53.137 Thread 0x000001c5691de7c0 DEOPT PACKING pc=0x000001c5565b6354 sp=0x0000005c738fc990
Event: 53.137 Thread 0x000001c5691de7c0 DEOPT UNPACKING pc=0x000001c555dc69a3 sp=0x0000005c738fc830 mode 2
Event: 55.860 Thread 0x000001c56915b8c0 Uncommon trap: trap_request=0xffffff45 fr.pc=0x000001c5566079d8 relative=0x0000000000000138
Event: 55.860 Thread 0x000001c56915b8c0 Uncommon trap: reason=unstable_if action=reinterpret pc=0x000001c5566079d8 method=com.sun.prism.impl.ManagedResource.bumpAge(I)V @ 7 c2
Event: 55.860 Thread 0x000001c56915b8c0 DEOPT PACKING pc=0x000001c5566079d8 sp=0x0000005c736fef80
Event: 55.860 Thread 0x000001c56915b8c0 DEOPT UNPACKING pc=0x000001c555dc69a3 sp=0x0000005c736feeb8 mode 2
Event: 55.860 Thread 0x000001c56915b8c0 Uncommon trap: trap_request=0xffffff45 fr.pc=0x000001c556519568 relative=0x0000000000000068
Event: 55.860 Thread 0x000001c56915b8c0 Uncommon trap: reason=unstable_if action=reinterpret pc=0x000001c556519568 method=com.sun.prism.impl.ManagedResource.bumpAge(I)V @ 7 c2
Event: 55.860 Thread 0x000001c56915b8c0 DEOPT PACKING pc=0x000001c556519568 sp=0x0000005c736fef20
Event: 55.860 Thread 0x000001c56915b8c0 DEOPT UNPACKING pc=0x000001c555dc69a3 sp=0x0000005c736feeb0 mode 2
Event: 59.066 Thread 0x000001c5691de7c0 Uncommon trap: trap_request=0xffffff76 fr.pc=0x000001c556525318 relative=0x00000000000004d8
Event: 59.066 Thread 0x000001c5691de7c0 Uncommon trap: reason=predicate action=maybe_recompile pc=0x000001c556525318 method=java.util.ArrayList.remove(Ljava/lang/Object;)Z @ 42 c2
Event: 59.066 Thread 0x000001c5691de7c0 DEOPT PACKING pc=0x000001c556525318 sp=0x0000005c738fcb00
Event: 59.066 Thread 0x000001c5691de7c0 DEOPT UNPACKING pc=0x000001c555dc69a3 sp=0x0000005c738fcad0 mode 2
Event: 59.093 Thread 0x000001c56922e3d0 Uncommon trap: trap_request=0xffffff5c fr.pc=0x000001c556572e6c relative=0x00000000000010ec
Event: 59.093 Thread 0x000001c56922e3d0 Uncommon trap: reason=speculate_null_check action=make_not_entrant pc=0x000001c556572e6c method=java.util.concurrent.locks.AbstractQueuedSynchronizer.acquire(Ljava/util/concurrent/locks/AbstractQueuedSynchronizer$Node;IZZZJ)I @ 254 c2
Event: 59.094 Thread 0x000001c56922e3d0 DEOPT PACKING pc=0x000001c556572e6c sp=0x0000005c740ff120
Event: 59.094 Thread 0x000001c56922e3d0 DEOPT UNPACKING pc=0x000001c555dc69a3 sp=0x0000005c740ff0b0 mode 2

Classes unloaded (0 events):
No events

Classes redefined (0 events):
No events

Internal exceptions (20 events):
Event: 34.670 Thread 0x000001c56f9f1690 Exception <a 'sun/nio/fs/WindowsException'{0x0000000088a81068}> (0x0000000088a81068) 
thrown [s\src\hotspot\share\prims\jni.cpp, line 516]
Event: 34.670 Thread 0x000001c5691de7c0 Exception <a 'sun/nio/fs/WindowsException'{0x0000000089d7bd68}> (0x0000000089d7bd68) 
thrown [s\src\hotspot\share\prims\jni.cpp, line 516]
Event: 34.670 Thread 0x000001c5691de7c0 Exception <a 'sun/nio/fs/WindowsException'{0x0000000089d7c060}> (0x0000000089d7c060) 
thrown [s\src\hotspot\share\prims\jni.cpp, line 516]
Event: 34.671 Thread 0x000001c5691de7c0 Exception <a 'sun/nio/fs/WindowsException'{0x0000000089d7d268}> (0x0000000089d7d268) 
thrown [s\src\hotspot\share\prims\jni.cpp, line 516]
Event: 34.672 Thread 0x000001c56f9f1690 Exception <a 'sun/nio/fs/WindowsException'{0x0000000088a81618}> (0x0000000088a81618) 
thrown [s\src\hotspot\share\prims\jni.cpp, line 516]
Event: 34.672 Thread 0x000001c5691de7c0 Exception <a 'sun/nio/fs/WindowsException'{0x0000000089d7da90}> (0x0000000089d7da90) 
thrown [s\src\hotspot\share\prims\jni.cpp, line 516]
Event: 34.672 Thread 0x000001c5691de7c0 Exception <a 'sun/nio/fs/WindowsException'{0x0000000089d7dd88}> (0x0000000089d7dd88) 
thrown [s\src\hotspot\share\prims\jni.cpp, line 516]
Event: 34.673 Thread 0x000001c5691de7c0 Exception <a 'sun/nio/fs/WindowsException'{0x0000000089d7ef90}> (0x0000000089d7ef90) 
thrown [s\src\hotspot\share\prims\jni.cpp, line 516]
Event: 34.674 Thread 0x000001c56f9f1690 Exception <a 'sun/nio/fs/WindowsException'{0x0000000088a81bc8}> (0x0000000088a81bc8) 
thrown [s\src\hotspot\share\prims\jni.cpp, line 516]
Event: 34.674 Thread 0x000001c5691de7c0 Exception <a 'sun/nio/fs/WindowsException'{0x0000000089d7f7b8}> (0x0000000089d7f7b8) 
thrown [s\src\hotspot\share\prims\jni.cpp, line 516]
Event: 34.674 Thread 0x000001c5691de7c0 Exception <a 'sun/nio/fs/WindowsException'{0x0000000089d7fab0}> (0x0000000089d7fab0) 
thrown [s\src\hotspot\share\prims\jni.cpp, line 516]
Event: 34.674 Thread 0x000001c5691de7c0 Exception <a 'sun/nio/fs/WindowsException'{0x0000000089d80cb8}> (0x0000000089d80cb8) 
thrown [s\src\hotspot\share\prims\jni.cpp, line 516]
Event: 34.676 Thread 0x000001c56f9f1690 Exception <a 'sun/nio/fs/WindowsException'{0x0000000088a82178}> (0x0000000088a82178) 
thrown [s\src\hotspot\share\prims\jni.cpp, line 516]
Event: 34.676 Thread 0x000001c5691de7c0 Exception <a 'sun/nio/fs/WindowsException'{0x0000000089d814e0}> (0x0000000089d814e0) 
thrown [s\src\hotspot\share\prims\jni.cpp, line 516]
Event: 34.676 Thread 0x000001c5691de7c0 Exception <a 'sun/nio/fs/WindowsException'{0x0000000089d817d8}> (0x0000000089d817d8) 
thrown [s\src\hotspot\share\prims\jni.cpp, line 516]
Event: 34.676 Thread 0x000001c5691de7c0 Exception <a 'sun/nio/fs/WindowsException'{0x0000000089d829e0}> (0x0000000089d829e0) 
thrown [s\src\hotspot\share\prims\jni.cpp, line 516]
Event: 34.678 Thread 0x000001c56f9f1690 Exception <a 'sun/nio/fs/WindowsException'{0x0000000088a82728}> (0x0000000088a82728) 
thrown [s\src\hotspot\share\prims\jni.cpp, line 516]
Event: 34.766 Thread 0x000001c5691de7c0 Implicit null exception at 0x000001c556530fd0 to 0x000001c556531034
Event: 42.660 Thread 0x000001c5691de7c0 Exception <a 'java/lang/NoSuchMethodError'{0x000000008a195130}: 'java.lang.Object java.lang.invoke.DirectMethodHandle$Holder.newInvokeSpecial(java.lang.Object, java.lang.Object, java.lang.Object, double, double, double, double, int, int, int, int, int, int, int, int, int)'> (0x000000008a195130) 
thrown [s\src\hotspot\share\interpreter\linkResolver.cpp, line 759]
Event: 42.675 Thread 0x000001c56915b8c0 Implicit null exception at 0x000001c556594bf6 to 0x000001c556598420

VM Operations (20 events):
Event: 56.810 Executing VM operation: G1TryInitiateConcMark
Event: 56.811 Executing VM operation: G1TryInitiateConcMark done
Event: 57.054 Executing VM operation: G1TryInitiateConcMark
Event: 57.055 Executing VM operation: G1TryInitiateConcMark done
Event: 57.270 Executing VM operation: G1TryInitiateConcMark
Event: 57.271 Executing VM operation: G1TryInitiateConcMark done
Event: 57.528 Executing VM operation: G1TryInitiateConcMark
Event: 57.529 Executing VM operation: G1TryInitiateConcMark done
Event: 57.769 Executing VM operation: G1TryInitiateConcMark
Event: 57.770 Executing VM operation: G1TryInitiateConcMark done
Event: 58.007 Executing VM operation: G1TryInitiateConcMark
Event: 58.008 Executing VM operation: G1TryInitiateConcMark done
Event: 58.249 Executing VM operation: G1TryInitiateConcMark
Event: 58.250 Executing VM operation: G1TryInitiateConcMark done
Event: 58.489 Executing VM operation: G1TryInitiateConcMark
Event: 58.490 Executing VM operation: G1TryInitiateConcMark done
Event: 58.730 Executing VM operation: G1TryInitiateConcMark
Event: 58.731 Executing VM operation: G1TryInitiateConcMark done
Event: 58.969 Executing VM operation: G1TryInitiateConcMark
Event: 58.970 Executing VM operation: G1TryInitiateConcMark done

Events (20 events):
Event: 42.785 Thread 0x000001c5648c5690 flushing nmethod 0x000001c54f0c3310
Event: 42.785 Thread 0x000001c5648c5690 flushing nmethod 0x000001c54f0e4b10
Event: 42.785 Thread 0x000001c5648c5690 flushing nmethod 0x000001c54f112d10
Event: 42.785 Thread 0x000001c5648c5690 flushing nmethod 0x000001c54f129b10
Event: 42.785 Thread 0x000001c5648c5690 flushing nmethod 0x000001c54f12fe10
Event: 42.785 Thread 0x000001c5648c5690 flushing nmethod 0x000001c54f131990
Event: 42.785 Thread 0x000001c5648c5690 flushing nmethod 0x000001c54f13e690
Event: 42.785 Thread 0x000001c5648c5690 flushing nmethod 0x000001c54f13eb90
Event: 42.785 Thread 0x000001c5648c5690 flushing nmethod 0x000001c54f14f710
Event: 42.786 Thread 0x000001c5648c5690 flushing nmethod 0x000001c54f185810
Event: 42.786 Thread 0x000001c5648c5690 flushing nmethod 0x000001c54f1b1390
Event: 42.786 Thread 0x000001c5648c5690 flushing nmethod 0x000001c54f223f90
Event: 42.786 Thread 0x000001c5648c5690 flushing nmethod 0x000001c54f23e090
Event: 42.786 Thread 0x000001c5648c5690 flushing nmethod 0x000001c54f23f110
Event: 42.786 Thread 0x000001c5648c5690 flushing nmethod 0x000001c54f257290
Event: 42.787 Thread 0x000001c5648c5690 flushing nmethod 0x000001c54f31cb90
Event: 42.787 Thread 0x000001c5648c5690 flushing nmethod 0x000001c54f33c710
Event: 42.787 Thread 0x000001c5648c5690 flushing nmethod 0x000001c54f343e90
Event: 45.845 loading class jdk/internal/access/foreign/MemorySegmentProxy
Event: 45.845 loading class jdk/internal/access/foreign/MemorySegmentProxy done


Dynamic libraries:
0x00007ff642c60000 - 0x00007ff642c6e000 	C:\Users\Jay\.p2\pool\plugins\org.eclipse.justj.openjdk.hotspot.jre.full.win32.x86_64_17.0.8.v20230801-1951\jre\bin\javaw.exe
0x00007ff822e30000 - 0x00007ff823028000 	C:\WINDOWS\SYSTEM32\ntdll.dll
0x00007ff8229e0000 - 0x00007ff822a9d000 	C:\WINDOWS\System32\KERNEL32.DLL
0x00007ff820a30000 - 0x00007ff820cfe000 	C:\WINDOWS\System32\KERNELBASE.dll
0x00007ff820930000 - 0x00007ff820a30000 	C:\WINDOWS\System32\ucrtbase.dll
0x00007ff81b360000 - 0x00007ff81b377000 	C:\Users\Jay\.p2\pool\plugins\org.eclipse.justj.openjdk.hotspot.jre.full.win32.x86_64_17.0.8.v20230801-1951\jre\bin\jli.dll
0x00007ff8217a0000 - 0x00007ff821940000 	C:\WINDOWS\System32\USER32.dll
0x00007ff820f50000 - 0x00007ff820f72000 	C:\WINDOWS\System32\win32u.dll
0x00007ff821a10000 - 0x00007ff821a3a000 	C:\WINDOWS\System32\GDI32.dll
0x00007ff820d30000 - 0x00007ff820e3b000 	C:\WINDOWS\System32\gdi32full.dll
0x00007ff820e40000 - 0x00007ff820edd000 	C:\WINDOWS\System32\msvcp_win.dll
0x00007ff81b340000 - 0x00007ff81b359000 	C:\Users\Jay\.p2\pool\plugins\org.eclipse.justj.openjdk.hotspot.jre.full.win32.x86_64_17.0.8.v20230801-1951\jre\bin\VCRUNTIME140.dll
0x00007ff80f830000 - 0x00007ff80faca000 	C:\WINDOWS\WinSxS\amd64_microsoft.windows.common-controls_6595b64144ccf1df_6.0.19041.1110_none_60b5254171f9507e\COMCTL32.dll
0x00007ff821c70000 - 0x00007ff821d0e000 	C:\WINDOWS\System32\msvcrt.dll
0x00007ff822c90000 - 0x00007ff822cc0000 	C:\WINDOWS\System32\IMM32.DLL
0x00007ff81c0b0000 - 0x00007ff81c0bc000 	C:\Users\Jay\.p2\pool\plugins\org.eclipse.justj.openjdk.hotspot.jre.full.win32.x86_64_17.0.8.v20230801-1951\jre\bin\vcruntime140_1.dll
0x00007ff806000000 - 0x00007ff806091000 	C:\Users\Jay\.p2\pool\plugins\org.eclipse.justj.openjdk.hotspot.jre.full.win32.x86_64_17.0.8.v20230801-1951\jre\bin\msvcp140.dll
0x00007fffe32c0000 - 0x00007fffe3f0c000 	C:\Users\Jay\.p2\pool\plugins\org.eclipse.justj.openjdk.hotspot.jre.full.win32.x86_64_17.0.8.v20230801-1951\jre\bin\server\jvm.dll
0x00007ff822d40000 - 0x00007ff822dee000 	C:\WINDOWS\System32\ADVAPI32.dll
0x00007ff822bf0000 - 0x00007ff822c8c000 	C:\WINDOWS\System32\sechost.dll
0x00007ff821670000 - 0x00007ff821795000 	C:\WINDOWS\System32\RPCRT4.dll
0x00007ff8204b0000 - 0x00007ff8204fb000 	C:\WINDOWS\SYSTEM32\POWRPROF.dll
0x00007ff818d90000 - 0x00007ff818d99000 	C:\WINDOWS\SYSTEM32\WSOCK32.dll
0x00007ff822cc0000 - 0x00007ff822d2b000 	C:\WINDOWS\System32\WS2_32.dll
0x00007ff810280000 - 0x00007ff8102a7000 	C:\WINDOWS\SYSTEM32\WINMM.dll
0x00007ff80d9d0000 - 0x00007ff80d9da000 	C:\WINDOWS\SYSTEM32\VERSION.dll
0x00007ff820490000 - 0x00007ff8204a2000 	C:\WINDOWS\SYSTEM32\UMPDC.dll
0x00007ff81e530000 - 0x00007ff81e542000 	C:\WINDOWS\SYSTEM32\kernel.appcore.dll
0x00007ff815ce0000 - 0x00007ff815cea000 	C:\Users\Jay\.p2\pool\plugins\org.eclipse.justj.openjdk.hotspot.jre.full.win32.x86_64_17.0.8.v20230801-1951\jre\bin\jimage.dll
0x00007ff80cb20000 - 0x00007ff80cd04000 	C:\WINDOWS\SYSTEM32\DBGHELP.DLL
0x00007ff80caf0000 - 0x00007ff80cb1c000 	C:\WINDOWS\SYSTEM32\dbgcore.DLL
0x00007ff8207f0000 - 0x00007ff820872000 	C:\WINDOWS\System32\bcryptPrimitives.dll
0x00007ff8119b0000 - 0x00007ff8119d5000 	C:\Users\Jay\.p2\pool\plugins\org.eclipse.justj.openjdk.hotspot.jre.full.win32.x86_64_17.0.8.v20230801-1951\jre\bin\java.dll
0x00007ff813230000 - 0x00007ff813248000 	C:\Users\Jay\.p2\pool\plugins\org.eclipse.justj.openjdk.hotspot.jre.full.win32.x86_64_17.0.8.v20230801-1951\jre\bin\zip.dll
0x00007ff822180000 - 0x00007ff8228c3000 	C:\WINDOWS\System32\SHELL32.dll
0x00007ff81e730000 - 0x00007ff81eec5000 	C:\WINDOWS\SYSTEM32\windows.storage.dll
0x00007ff821040000 - 0x00007ff821394000 	C:\WINDOWS\System32\combase.dll
0x00007ff81ffd0000 - 0x00007ff820000000 	C:\WINDOWS\SYSTEM32\Wldp.dll
0x00007ff820f90000 - 0x00007ff82103d000 	C:\WINDOWS\System32\SHCORE.dll
0x00007ff822980000 - 0x00007ff8229d5000 	C:\WINDOWS\System32\shlwapi.dll
0x00007ff820580000 - 0x00007ff82059f000 	C:\WINDOWS\SYSTEM32\profapi.dll
0x00007ff811990000 - 0x00007ff8119a9000 	C:\Users\Jay\.p2\pool\plugins\org.eclipse.justj.openjdk.hotspot.jre.full.win32.x86_64_17.0.8.v20230801-1951\jre\bin\net.dll
0x00007ff814980000 - 0x00007ff814a8a000 	C:\WINDOWS\SYSTEM32\WINHTTP.dll
0x00007ff81fd30000 - 0x00007ff81fd9a000 	C:\WINDOWS\system32\mswsock.dll
0x00007ff811970000 - 0x00007ff811985000 	C:\Users\Jay\.p2\pool\plugins\org.eclipse.justj.openjdk.hotspot.jre.full.win32.x86_64_17.0.8.v20230801-1951\jre\bin\nio.dll
0x000001c54b110000 - 0x000001c54b113000 	C:\javafx-sdk-20.0.2\bin\api-ms-win-core-console-l1-1-0.dll
0x000001c54b120000 - 0x000001c54b123000 	C:\javafx-sdk-20.0.2\bin\api-ms-win-core-console-l1-2-0.dll
0x000001c54b130000 - 0x000001c54b133000 	C:\javafx-sdk-20.0.2\bin\api-ms-win-core-datetime-l1-1-0.dll
0x000001c564d90000 - 0x000001c564d93000 	C:\javafx-sdk-20.0.2\bin\api-ms-win-core-debug-l1-1-0.dll
0x000001c564da0000 - 0x000001c564da3000 	C:\javafx-sdk-20.0.2\bin\api-ms-win-core-errorhandling-l1-1-0.dll
0x000001c564db0000 - 0x000001c564db4000 	C:\javafx-sdk-20.0.2\bin\api-ms-win-core-file-l1-1-0.dll
0x000001c564dc0000 - 0x000001c564dc3000 	C:\javafx-sdk-20.0.2\bin\api-ms-win-core-file-l1-2-0.dll
0x000001c564dd0000 - 0x000001c564dd3000 	C:\javafx-sdk-20.0.2\bin\api-ms-win-core-file-l2-1-0.dll
0x000001c564de0000 - 0x000001c564de3000 	C:\javafx-sdk-20.0.2\bin\api-ms-win-core-handle-l1-1-0.dll
0x000001c564df0000 - 0x000001c564df3000 	C:\javafx-sdk-20.0.2\bin\api-ms-win-core-heap-l1-1-0.dll
0x000001c564e00000 - 0x000001c564e03000 	C:\javafx-sdk-20.0.2\bin\api-ms-win-core-interlocked-l1-1-0.dll
0x000001c564e10000 - 0x000001c564e13000 	C:\javafx-sdk-20.0.2\bin\api-ms-win-core-libraryloader-l1-1-0.dll
0x000001c564e20000 - 0x000001c564e23000 	C:\javafx-sdk-20.0.2\bin\api-ms-win-core-localization-l1-2-0.dll
0x000001c564e30000 - 0x000001c564e33000 	C:\javafx-sdk-20.0.2\bin\api-ms-win-core-memory-l1-1-0.dll
0x000001c564e40000 - 0x000001c564e43000 	C:\javafx-sdk-20.0.2\bin\api-ms-win-core-namedpipe-l1-1-0.dll
0x000001c564e50000 - 0x000001c564e53000 	C:\javafx-sdk-20.0.2\bin\api-ms-win-core-processenvironment-l1-1-0.dll
0x000001c564e60000 - 0x000001c564e63000 	C:\javafx-sdk-20.0.2\bin\api-ms-win-core-processthreads-l1-1-0.dll
0x000001c564e70000 - 0x000001c564e73000 	C:\javafx-sdk-20.0.2\bin\api-ms-win-core-processthreads-l1-1-1.dll
0x000001c564e80000 - 0x000001c564e83000 	C:\javafx-sdk-20.0.2\bin\api-ms-win-core-profile-l1-1-0.dll
0x000001c564e90000 - 0x000001c564e93000 	C:\javafx-sdk-20.0.2\bin\api-ms-win-core-rtlsupport-l1-1-0.dll
0x000001c564ea0000 - 0x000001c564ea3000 	C:\javafx-sdk-20.0.2\bin\api-ms-win-core-string-l1-1-0.dll
0x000001c564eb0000 - 0x000001c564eb3000 	C:\javafx-sdk-20.0.2\bin\api-ms-win-core-synch-l1-1-0.dll
0x000001c564ec0000 - 0x000001c564ec3000 	C:\javafx-sdk-20.0.2\bin\api-ms-win-core-synch-l1-2-0.dll
0x000001c564ed0000 - 0x000001c564ed3000 	C:\javafx-sdk-20.0.2\bin\api-ms-win-core-sysinfo-l1-1-0.dll
0x000001c564ee0000 - 0x000001c564ee3000 	C:\javafx-sdk-20.0.2\bin\api-ms-win-core-timezone-l1-1-0.dll
0x000001c564ef0000 - 0x000001c564ef3000 	C:\javafx-sdk-20.0.2\bin\api-ms-win-core-util-l1-1-0.dll
0x000001c564f00000 - 0x000001c564f03000 	C:\javafx-sdk-20.0.2\bin\api-ms-win-crt-conio-l1-1-0.dll
0x000001c564f10000 - 0x000001c564f14000 	C:\javafx-sdk-20.0.2\bin\api-ms-win-crt-convert-l1-1-0.dll
0x000001c564f20000 - 0x000001c564f23000 	C:\javafx-sdk-20.0.2\bin\api-ms-win-crt-environment-l1-1-0.dll
0x000001c564f30000 - 0x000001c564f33000 	C:\javafx-sdk-20.0.2\bin\api-ms-win-crt-filesystem-l1-1-0.dll
0x000001c564f40000 - 0x000001c564f43000 	C:\javafx-sdk-20.0.2\bin\api-ms-win-crt-heap-l1-1-0.dll
0x000001c564f50000 - 0x000001c564f53000 	C:\javafx-sdk-20.0.2\bin\api-ms-win-crt-locale-l1-1-0.dll
0x000001c564f60000 - 0x000001c564f65000 	C:\javafx-sdk-20.0.2\bin\api-ms-win-crt-math-l1-1-0.dll
0x000001c564f70000 - 0x000001c564f75000 	C:\javafx-sdk-20.0.2\bin\api-ms-win-crt-multibyte-l1-1-0.dll
0x000001c564f80000 - 0x000001c564f90000 	C:\javafx-sdk-20.0.2\bin\api-ms-win-crt-private-l1-1-0.dll
0x000001c564f90000 - 0x000001c564f93000 	C:\javafx-sdk-20.0.2\bin\api-ms-win-crt-process-l1-1-0.dll
0x000001c564fa0000 - 0x000001c564fa4000 	C:\javafx-sdk-20.0.2\bin\api-ms-win-crt-runtime-l1-1-0.dll
0x000001c564fb0000 - 0x000001c564fb4000 	C:\javafx-sdk-20.0.2\bin\api-ms-win-crt-stdio-l1-1-0.dll
0x000001c564fc0000 - 0x000001c564fc4000 	C:\javafx-sdk-20.0.2\bin\api-ms-win-crt-string-l1-1-0.dll
0x000001c564fd0000 - 0x000001c564fd3000 	C:\javafx-sdk-20.0.2\bin\api-ms-win-crt-time-l1-1-0.dll
0x000001c564fe0000 - 0x000001c564fe3000 	C:\javafx-sdk-20.0.2\bin\api-ms-win-crt-utility-l1-1-0.dll
0x00007ffff8dc0000 - 0x00007ffff8ebc000 	C:\javafx-sdk-20.0.2\bin\ucrtbase.dll
0x00007ff81b320000 - 0x00007ff81b33b000 	C:\javafx-sdk-20.0.2\bin\vcruntime140.dll
0x00007ff81b6a0000 - 0x00007ff81b6ac000 	C:\javafx-sdk-20.0.2\bin\vcruntime140_1.dll
0x00007ffff09a0000 - 0x00007ffff0a2e000 	C:\javafx-sdk-20.0.2\bin\msvcp140.dll
0x00007ff81b310000 - 0x00007ff81b319000 	C:\javafx-sdk-20.0.2\bin\msvcp140_1.dll
0x00007ff81b290000 - 0x00007ff81b2c0000 	C:\javafx-sdk-20.0.2\bin\msvcp140_2.dll
0x00007ff819b50000 - 0x00007ff819b7f000 	C:\javafx-sdk-20.0.2\bin\prism_d3d.dll
0x00007fffeeb60000 - 0x00007fffeed2f000 	C:\WINDOWS\system32\d3d9.dll
0x00007ff81e320000 - 0x00007ff81e34f000 	C:\WINDOWS\SYSTEM32\dwmapi.dll
0x00007ff81e050000 - 0x00007ff81e0ee000 	C:\WINDOWS\system32\uxtheme.dll
0x00007ff821940000 - 0x00007ff821a0d000 	C:\WINDOWS\System32\OLEAUT32.dll
0x00007ff822ac0000 - 0x00007ff822bea000 	C:\WINDOWS\System32\ole32.dll
0x00007ff821d10000 - 0x00007ff82217f000 	C:\WINDOWS\System32\SETUPAPI.dll
0x00007ff8207a0000 - 0x00007ff8207ee000 	C:\WINDOWS\System32\cfgmgr32.dll
0x00007ff820d00000 - 0x00007ff820d27000 	C:\WINDOWS\System32\bcrypt.dll
0x00007ff819a40000 - 0x00007ff819a82000 	C:\javafx-sdk-20.0.2\bin\glass.dll
0x00007ff821410000 - 0x00007ff8214ea000 	C:\WINDOWS\System32\COMDLG32.dll
0x00007ff821550000 - 0x00007ff821665000 	C:\WINDOWS\System32\MSCTF.dll
0x00007ff81b5a0000 - 0x00007ff81b5db000 	C:\WINDOWS\SYSTEM32\dxcore.dll
0x00007ff818c70000 - 0x00007ff818c84000 	C:\javafx-sdk-20.0.2\bin\javafx_font.dll
0x00007ff8120c0000 - 0x00007ff8120ed000 	C:\javafx-sdk-20.0.2\bin\javafx_iio.dll
0x00007ff816d50000 - 0x00007ff816fcf000 	C:\WINDOWS\SYSTEM32\dwrite.dll
0x00007ff8228d0000 - 0x00007ff822979000 	C:\WINDOWS\System32\clbcatq.dll
0x00007ff819160000 - 0x00007ff819314000 	C:\WINDOWS\SYSTEM32\WindowsCodecs.dll
0x00007ff8074a0000 - 0x00007ff8074de000 	C:\WINDOWS\system32\dataexchange.dll
0x00007ff81c7a0000 - 0x00007ff81ca03000 	C:\WINDOWS\system32\d3d11.dll
0x00007ff81ca10000 - 0x00007ff81cbf4000 	C:\WINDOWS\system32\dcomp.dll
0x00007ff81ef30000 - 0x00007ff81f023000 	C:\WINDOWS\system32\dxgi.dll
0x00007ff818de0000 - 0x00007ff818fe0000 	C:\WINDOWS\system32\twinapi.appcore.dll
0x00007ff819840000 - 0x00007ff819939000 	C:\WINDOWS\SYSTEM32\textinputframework.dll
0x00007ff81d1c0000 - 0x00007ff81d51e000 	C:\WINDOWS\System32\CoreUIComponents.dll
0x00007ff81d8a0000 - 0x00007ff81d992000 	C:\WINDOWS\System32\CoreMessaging.dll
0x00007ff81f340000 - 0x00007ff81f373000 	C:\WINDOWS\SYSTEM32\ntmarta.dll
0x00007ff81c640000 - 0x00007ff81c794000 	C:\WINDOWS\SYSTEM32\wintypes.dll
0x00007ff8128c0000 - 0x00007ff812926000 	C:\WINDOWS\system32\Oleacc.dll
0x00007ffff07c0000 - 0x00007ffff08af000 	C:\Users\Jay\.javacpp\cache\opencv-3.2.0-1.3-windows-x86_64.jar\org\bytedeco\javacpp\windows-x86_64\msvcr120.dll
0x00007fffefc00000 - 0x00007fffefca6000 	C:\Users\Jay\.javacpp\cache\opencv-3.2.0-1.3-windows-x86_64.jar\org\bytedeco\javacpp\windows-x86_64\msvcp120.dll
0x00007fffee8d0000 - 0x00007fffeeb58000 	C:\Users\Jay\.javacpp\cache\opencv-3.2.0-1.3-windows-x86_64.jar\org\bytedeco\javacpp\windows-x86_64\opencv_core320.dll
0x00007fffed6c0000 - 0x00007fffeda22000 	C:\Users\Jay\.javacpp\cache\opencv-3.2.0-1.3-windows-x86_64.jar\org\bytedeco\javacpp\windows-x86_64\opencv_imgproc320.dll
0x00007fffee680000 - 0x00007fffee8ca000 	C:\Users\Jay\.javacpp\cache\opencv-3.2.0-1.3-windows-x86_64.jar\org\bytedeco\javacpp\windows-x86_64\jniopencv_core.dll
0x00007ff820f80000 - 0x00007ff820f88000 	C:\WINDOWS\System32\PSAPI.DLL
0x00007fffef2b0000 - 0x00007fffef3a0000 	C:\Users\Jay\.javacpp\cache\opencv-3.2.0-1.3-windows-x86_64.jar\org\bytedeco\javacpp\windows-x86_64\jniopencv_imgproc.dll

dbghelp: loaded successfully - version: 4.0.5 - missing functions: none
symbol engine: initialized successfully - sym options: 0x614 - pdb path: .;C:\Users\Jay\.p2\pool\plugins\org.eclipse.justj.openjdk.hotspot.jre.full.win32.x86_64_17.0.8.v20230801-1951\jre\bin;C:\WINDOWS\SYSTEM32;C:\WINDOWS\WinSxS\amd64_microsoft.windows.common-controls_6595b64144ccf1df_6.0.19041.1110_none_60b5254171f9507e;C:\Users\Jay\.p2\pool\plugins\org.eclipse.justj.openjdk.hotspot.jre.full.win32.x86_64_17.0.8.v20230801-1951\jre\bin\server;C:\javafx-sdk-20.0.2\bin;C:\WINDOWS\System32\DriverStore\FileRepository\igdlh64.inf_amd64_82119d956c80af5a;C:\Program Files\Common Files\Microsoft Shared\Ink;C:\Users\Jay\.javacpp\cache\opencv-3.2.0-1.3-windows-x86_64.jar\org\bytedeco\javacpp\windows-x86_64;C:\Users\Jay\.javacpp\cache\videoinput-0.200-1.3-windows-x86_64.jar\org\bytedeco\javacpp\windows-x86_64;C:\WINDOWS\WinSxS\amd64_microsoft.windows.gdiplus_6595b64144ccf1df_1.1.19041.2006_none_919e9136cc8d4791;C:\Program Files (x86)\DroidCam\lib

VM Arguments:
jvm_args: --module-path=C:\javafx-sdk-20.0.2\lib --add-modules=javafx.controls,javafx.fxml -Dfile.encoding=UTF-8 -XX:+ShowCodeDetailsInExceptionMessages 
java_command: application.Main
java_class_path (initial): C:\Users\Jay\Desktop\facebio\Facebioreg\target\classes;C:\Users\Jay\Desktop\javafx-sdk-20.0.2\lib\javafx-swt.jar;C:\Users\Jay\Desktop\javafx-sdk-20.0.2\lib\javafx.base.jar;C:\Users\Jay\Desktop\javafx-sdk-20.0.2\lib\javafx.controls.jar;C:\Users\Jay\Desktop\javafx-sdk-20.0.2\lib\javafx.fxml.jar;C:\Users\Jay\Desktop\javafx-sdk-20.0.2\lib\javafx.graphics.jar;C:\Users\Jay\Desktop\javafx-sdk-20.0.2\lib\javafx.media.jar;C:\Users\Jay\Desktop\javafx-sdk-20.0.2\lib\javafx.swing.jar;C:\Users\Jay\Desktop\javafx-sdk-20.0.2\lib\javafx.web.jar;C:\Users\Jay\.p2\pool\plugins\org.eclipse.fx.ide.css.jfx8_3.8.0.202204150904.jar;C:\Users\Jay\Desktop\facebio\Facebioreg\opencv-341.jar;C:\Users\Jay\.m2\repository\org\bytedeco\javacv-platform\1.3.2\javacv-platform-1.3.2.jar;C:\Users\Jay\.m2\repository\org\bytedeco\javacv\1.3.2\javacv-1.3.2.jar;C:\Users\Jay\.m2\repository\org\bytedeco\javacpp\1.3.2\javacpp-1.3.2.jar;C:\Users\Jay\.m2\repository\org\bytedeco\javacpp-presets\opencv\3.2.0-1.3\opencv-3.2.0-1.3.jar;C:\Users\Jay\.m2\repository\org\bytedeco\javacpp-presets\ffmpeg\3.2.1-1.3\ffmpeg-3.2.1-1.3.jar;C:\Users\Jay\.m2\repository\org\bytedeco\javacpp-presets\flycapture\2.9.3.43-1.3\flycapture-2.9.3.43-1.3.jar;C:\Users\Jay\.m2\repository\org\bytedeco\javacpp-presets\libdc1394\2.2.4-1.3\libdc1394-2.2.4-1.3.jar;C:\Users\Jay\.m2\repository\org\bytedeco\javacpp-presets\libfreenect\0.5.3-1.3\libfreenect-0.5.3-1.3.jar;C:\Users\Jay\.m2\repository\org\bytedeco\javacpp-presets\libfreenect2\0.2.0-1.3\libfreenect2-0.2.0-1.3.jar;C:\Users\Jay\.m2\repository\org\bytedeco\javacpp-presets\librealsense\1.9.6-1.3\librealsense-1.9.6-1.3.jar;C:\Users\Jay\.m2\repository\org\bytedeco\javacpp-presets\videoinput\0.200-1.3\videoinput-0.200-1.3.jar;C:\Users\Jay\.m2\repository\org\bytedeco\javacpp-presets\artoolkitplus\2.3.1-1.3\artoolkitplus-2.3.1-1.3.jar;C:\Users\Jay\.m2\repository\org\bytedeco\javacpp-presets\flandmark\1.07-1.3\flandmark-1.07-1.3.jar;C:\Users\Jay\.m2\repository\org\byted
Launcher Type: SUN_STANDARD

[Global flags]
     intx CICompilerCount                          = 3                                         {product} {ergonomic}
     uint ConcGCThreads                            = 1                                         {product} {ergonomic}
     uint G1ConcRefinementThreads                  = 4                                         {product} {ergonomic}
   size_t G1HeapRegionSize                         = 1048576                                   {product} {ergonomic}
    uintx GCDrainStackTargetSize                   = 64                                        {product} {ergonomic}
   size_t InitialHeapSize                          = 134217728                                 {product} {ergonomic}
   size_t MarkStackSize                            = 4194304                                   {product} {ergonomic}
   size_t MaxHeapSize                              = 2116026368                                {product} {ergonomic}
   size_t MaxNewSize                               = 1268776960                                {product} {ergonomic}
   size_t MinHeapDeltaBytes                        = 1048576                                   {product} {ergonomic}
   size_t MinHeapSize                              = 8388608                                   {product} {ergonomic}
    uintx NonNMethodCodeHeapSize                   = 5832780                                {pd product} {ergonomic}
    uintx NonProfiledCodeHeapSize                  = 122912730                              {pd product} {ergonomic}
    uintx ProfiledCodeHeapSize                     = 122912730                              {pd product} {ergonomic}
    uintx ReservedCodeCacheSize                    = 251658240                              {pd product} {ergonomic}
     bool SegmentedCodeCache                       = true                                      {product} {ergonomic}
     bool ShowCodeDetailsInExceptionMessages       = true                                   {manageable} {command line}
   size_t SoftMaxHeapSize                          = 2116026368                             {manageable} {ergonomic}
     bool UseCompressedClassPointers               = true                           {product lp64_product} {ergonomic}
     bool UseCompressedOops                        = true                           {product lp64_product} {ergonomic}
     bool UseG1GC                                  = true                                      {product} {ergonomic}
     bool UseLargePagesIndividualAllocation        = false                                  {pd product} {ergonomic}

Logging:
Log output configuration:
 #0: stdout all=warning uptime,level,tags
 #1: stderr all=off uptime,level,tags

Environment Variables:
CLASSPATH=.;.;C:\PROGRA~2\JMF21~1.1E\lib\sound.jar;C:\PROGRA~2\JMF21~1.1E\lib\jmf.jar;C:\PROGRA~2\JMF21~1.1E\lib;
PATH=C:/Users/Jay/.p2/pool/plugins/org.eclipse.justj.openjdk.hotspot.jre.full.win32.x86_64_17.0.8.v20230801-1951/jre/bin/server;C:/Users/Jay/.p2/pool/plugins/org.eclipse.justj.openjdk.hotspot.jre.full.win32.x86_64_17.0.8.v20230801-1951/jre/bin;C:\Program Files\Common Files\Oracle\Java\javapath;C:\WINDOWS\system32;C:\WINDOWS;C:\WINDOWS\System32\Wbem;C:\WINDOWS\System32\WindowsPowerShell\v1.0\;C:\Program Files\nodejs\;C:\Program Files\Git\cmd;C:\xampp\php;C:\composer;C:\WINDOWS\System32\OpenSSH\;C:\Program Files\Microsoft SQL Server\150\Tools\Binn\;C:\Program Files\Microsoft SQL Server\Client SDK\ODBC\170\Tools\Binn\;C:\Program Files\dotnet\;C:\Program Files\PowerShell\7\;C:\Users\Jay\.console-ninja\.bin;C:\Users\Jay\AppData\Roaming\npm;C:\Users\Jay\AppData\Local\Programs\Microsoft VS Code\bin;C:\Users\Jay\AppData\Roaming\Composer\vendor\bin;C:\Users\Jay\AppData\Local\Microsoft\WindowsApps;C:\Users\Jay\.dotnet\tools;C:\Users\Jay\.fly\bin;C:\WINDOWS\system32;
USERNAME=Jay
OS=Windows_NT
PROCESSOR_IDENTIFIER=Intel64 Family 6 Model 78 Stepping 3, GenuineIntel
TMP=C:\Users\Jay\AppData\Local\Temp
TEMP=C:\Users\Jay\AppData\Local\Temp



---------------  S Y S T E M  ---------------

OS:
 Windows 10 , 64 bit Build 19041 (10.0.19041.1889)
OS uptime: 3 days 1:09 hours

CPU: total 4 (initial active 4) (2 cores per cpu, 2 threads per core) family 6 model 78 stepping 3 microcode 0xcc, cx8, cmov, fxsr, ht, mmx, 3dnowpref, sse, sse2, sse3, ssse3, sse4.1, sse4.2, popcnt, lzcnt, tsc, tscinvbit, avx, avx2, aes, erms, clmul, bmi1, bmi2, adx, fma, vzeroupper, clflush, clflushopt
Processor Information for all 4 processors :
  Max Mhz: 2000, Current Mhz: 2000, Mhz Limit: 2000

Memory: 4k page, system-wide physical 8065M (1900M free)
TotalPageFile size 12417M (AvailPageFile size 2559M)
current process WorkingSet (physical memory assigned to process): 312M, peak: 352M
current process commit charge ("private bytes"): 376M, peak: 429M

vm_info: OpenJDK 64-Bit Server VM (17.0.8+7) for windows-amd64 JRE (17.0.8+7), built on Jul 18 2023 21:02:32 by "admin" with MS VC++ 16.7 (VS2019)

END.
