#
# A fatal error has been detected by the Java Runtime Environment:
#
#  EXCEPTION_ACCESS_VIOLATION (0xc0000005) at pc=0x00007ffff09ac3f9, pid=12852, tid=5000
#
# JRE version: OpenJDK Runtime Environment Temurin-17.0.8+7 (17.0.8+7) (build 17.0.8+7)
# Java VM: OpenJDK 64-Bit Server VM Temurin-17.0.8+7 (17.0.8+7, mixed mode, tiered, compressed oops, compressed class ptrs, g1 gc, windows-amd64)
# Problematic frame:
# C  [msvcr120.dll+0x3c3f9]
#
# No core dump will be written. Minidumps are not enabled by default on client versions of Windows
#
# If you would like to submit a bug report, please visit:
#   https://github.com/adoptium/adoptium-support/issues
# The crash happened outside the Java Virtual Machine in native code.
# See problematic frame for where to report the bug.
#

---------------  S U M M A R Y ------------

Command Line: --module-path=C:\javafx-sdk-20.0.2\lib --add-modules=javafx.controls,javafx.fxml -Dfile.encoding=UTF-8 -XX:+ShowCodeDetailsInExceptionMessages application.Main

Host: Intel(R) Core(TM) i3-6006U CPU @ 2.00GHz, 4 cores, 7G,  Windows 10 , 64 bit Build 19041 (10.0.19041.1889)
Time: Fri Sep 15 15:49:59 2023 Coordinated Universal Time elapsed time: 36.262921 seconds (0d 0h 0m 36s)

---------------  T H R E A D  ---------------

Current thread (0x0000015a4792d740):  JavaThread "Thread-7" [_thread_in_native, id=5000, stack(0x00000013c6500000,0x00000013c6600000)]

Stack: [0x00000013c6500000,0x00000013c6600000],  sp=0x00000013c65fef98,  free space=1019k
Native frames: (J=compiled Java code, j=interpreted, Vv=VM code, C=native code)
C  [msvcr120.dll+0x3c3f9]

Java frames: (J=compiled Java code, j=interpreted, Vv=VM code)
J 5364  org.bytedeco.javacpp.opencv_videoio$VideoCapture.retrieve(Lorg/bytedeco/javacpp/opencv_core$Mat;)Z (0 bytes) @ 0x0000015a2f25ba6f [0x0000015a2f25ba20+0x000000000000004f]
J 5363 c1 org.bytedeco.javacv.OpenCVFrameGrabber.grab()Lorg/bytedeco/javacv/Frame; (255 bytes) @ 0x0000015a27fba7a4 [0x0000015a27fba700+0x00000000000000a4]
j  application.FaceDetector.run()V+988
j  java.lang.Thread.run()V+11 java.base@17.0.8
v  ~StubRoutines::call_stub

siginfo: EXCEPTION_ACCESS_VIOLATION (0xc0000005), reading address 0x00000008000e09f4


Register to memory mapping:

RIP=0x00007ffff09ac3f9 msvcr120.dll
RAX=0x00000008000e1174 is an unknown value
RBX=0x0000015a4f0d30d0 points into unknown readable memory: 0x5c5d75626c78656f | 6f 65 78 6c 62 75 5d 5c
RCX=0x0000000000000780 is an unknown value
RDX=0xfffffeadb100d924 is an unknown value
RSP=0x00000013c65fef98 is pointing into the stack for thread: 0x0000015a4792d740
RBP=0x00000000000001e0 is an unknown value
RSI=0x00000008000e09f4 is an unknown value
RDI=0x0000015a4f0d30d0 points into unknown readable memory: 0x5c5d75626c78656f | 6f 65 78 6c 62 75 5d 5c
R8 =0x0000000000000780 is an unknown value
R9 =0x0000000000000280 is an unknown value
R10=0x00000008000e09f4 is an unknown value
R11=0x0000015a4f0d30d0 points into unknown readable memory: 0x5c5d75626c78656f | 6f 65 78 6c 62 75 5d 5c
R12=0x0 is NULL
R13=0x00000013c65ff458 is pointing into the stack for thread: 0x0000015a4792d740
R14=0xfffffffffffff880 is an unknown value
R15=0x0000015a4792d740 is a thread


Registers:
RAX=0x00000008000e1174, RBX=0x0000015a4f0d30d0, RCX=0x0000000000000780, RDX=0xfffffeadb100d924
RSP=0x00000013c65fef98, RBP=0x00000000000001e0, RSI=0x00000008000e09f4, RDI=0x0000015a4f0d30d0
R8 =0x0000000000000780, R9 =0x0000000000000280, R10=0x00000008000e09f4, R11=0x0000015a4f0d30d0
R12=0x0000000000000000, R13=0x00000013c65ff458, R14=0xfffffffffffff880, R15=0x0000015a4792d740
RIP=0x00007ffff09ac3f9, EFLAGS=0x0000000000010217

Top of Stack: (sp=0x00000013c65fef98)
0x00000013c65fef98:   0000000000000780 00000008000e09f4
0x00000013c65fefa8:   00007ff805e73a9e 0000000000000000
0x00000013c65fefb8:   00007fffee9e6cf6 0000015a4f0d30d0
0x00000013c65fefc8:   00007ff805ea6e60 00007ff805ea6e60
0x00000013c65fefd8:   00007ff805e72c1d 0000000000000000
0x00000013c65fefe8:   00000013c65ff200 0000015a4f0d30d0
0x00000013c65feff8:   00007ff805ea6e60 00000000000001e0
0x00000013c65ff008:   ffffffffffffff00 000000000000e101
0x00000013c65ff018:   00007fffe34d4f00 00007ff805ea6e60
0x00000013c65ff028:   0000015a3d8b51e0 00000013c65ff290
0x00000013c65ff038:   00007ff805e73dbb 00000000ffffffff
0x00000013c65ff048:   00000013c65ff080 0000000000000000
0x00000013c65ff058:   00007fffe34d55d6 000000008b700f01
0x00000013c65ff068:   00007fff00000000 000001e000000280
0x00000013c65ff078:   fffffffffffffffe 0000000242ff4010
0x00000013c65ff088:   00000280000001e0 0000015a4f0d30d0 

Instructions: (pc=0x00007ffff09ac3f9)
0x00007ffff09ac2f9:   83 c1 08 48 83 c1 08 48 83 c1 08 48 8b 0c 11 48
0x00007ffff09ac309:   0f c8 48 0f c9 48 3b c1 1b c0 83 d8 ff c3 cc cc
0x00007ffff09ac319:   cc cc cc cc cc cc cc cc cc cc cc cc cc 66 66 0f
0x00007ffff09ac329:   1f 84 00 00 00 00 00 48 2b d1 4d 85 c0 74 6a f7
0x00007ffff09ac339:   c1 07 00 00 00 74 1d 0f b6 01 3a 04 11 75 5d 48
0x00007ffff09ac349:   ff c1 49 ff c8 74 52 84 c0 74 4e 48 f7 c1 07 00
0x00007ffff09ac359:   00 00 75 e3 49 bb 80 80 80 80 80 80 80 80 49 ba
0x00007ffff09ac369:   ff fe fe fe fe fe fe fe 8d 04 11 25 ff 0f 00 00
0x00007ffff09ac379:   3d f8 0f 00 00 77 c0 48 8b 01 48 3b 04 11 75 b7
0x00007ffff09ac389:   48 83 c1 08 49 83 e8 08 76 0f 4e 8d 0c 10 48 f7
0x00007ffff09ac399:   d0 49 23 c1 49 85 c3 74 cf 33 c0 c3 48 1b c0 48
0x00007ffff09ac3a9:   83 c8 01 c3 cc cc cc cc cc cc cc cc cc 66 66 0f
0x00007ffff09ac3b9:   1f 84 00 00 00 00 00 4c 8b d9 4c 8b d2 49 83 f8
0x00007ffff09ac3c9:   10 0f 86 b9 00 00 00 48 2b d1 73 0f 49 8b c2 49
0x00007ffff09ac3d9:   03 c0 48 3b c8 0f 8c 96 03 00 00 0f ba 25 6c 53
0x00007ffff09ac3e9:   0a 00 01 73 13 57 56 48 8b f9 49 8b f2 49 8b c8
0x00007ffff09ac3f9:   f3 a4 5e 5f 49 8b c3 c3 0f ba 25 4f 53 0a 00 02
0x00007ffff09ac409:   0f 82 56 02 00 00 f6 c1 07 74 36 f6 c1 01 74 0b
0x00007ffff09ac419:   8a 04 0a 49 ff c8 88 01 48 ff c1 f6 c1 02 74 0f
0x00007ffff09ac429:   66 8b 04 0a 49 83 e8 02 66 89 01 48 83 c1 02 f6
0x00007ffff09ac439:   c1 04 74 0d 8b 04 0a 49 83 e8 04 89 01 48 83 c1
0x00007ffff09ac449:   04 4d 8b c8 49 c1 e9 05 0f 85 d9 01 00 00 4d 8b
0x00007ffff09ac459:   c8 49 c1 e9 03 74 14 48 8b 04 0a 48 89 01 48 83
0x00007ffff09ac469:   c1 08 49 ff c9 75 f0 49 83 e0 07 4d 85 c0 75 07
0x00007ffff09ac479:   49 8b c3 c3 0f 1f 00 48 8d 14 0a 4c 8b d1 eb 03
0x00007ffff09ac489:   4d 8b d3 4c 8d 0d 6d 3b fc ff 43 8b 84 81 a0 c4
0x00007ffff09ac499:   03 00 49 03 c1 ff e0 e4 c4 03 00 e8 c4 03 00 f3
0x00007ffff09ac4a9:   c4 03 00 ff c4 03 00 14 c5 03 00 1d c5 03 00 2f
0x00007ffff09ac4b9:   c5 03 00 42 c5 03 00 5e c5 03 00 68 c5 03 00 7b
0x00007ffff09ac4c9:   c5 03 00 8f c5 03 00 ac c5 03 00 bd c5 03 00 d7
0x00007ffff09ac4d9:   c5 03 00 f2 c5 03 00 16 c6 03 00 49 8b c3 c3 48
0x00007ffff09ac4e9:   0f b6 02 41 88 02 49 8b c3 c3 48 0f b7 02 66 41 


Stack slot to memory mapping:
stack at sp + 0 slots: 0x0000000000000780 is an unknown value
stack at sp + 1 slots: 0x00000008000e09f4 is an unknown value
stack at sp + 2 slots: 0x00007ff805e73a9e points into unknown readable memory: 49 03
stack at sp + 3 slots: 0x0 is NULL
stack at sp + 4 slots: 0x00007fffee9e6cf6 opencv_core320.dll
stack at sp + 5 slots: 0x0000015a4f0d30d0 points into unknown readable memory: 0x5c5d75626c78656f | 6f 65 78 6c 62 75 5d 5c
stack at sp + 6 slots: 0x00007ff805ea6e60 points into unknown readable memory: 0x0000000000000003 | 03 00 00 00 00 00 00 00
stack at sp + 7 slots: 0x00007ff805ea6e60 points into unknown readable memory: 0x0000000000000003 | 03 00 00 00 00 00 00 00


---------------  P R O C E S S  ---------------

Threads class SMR info:
_java_thread_list=0x0000015a4766f180, length=25, elements={
0x0000015a3d513020, 0x0000015a3d514120, 0x0000015a3d4f9860, 0x0000015a3d4fa220,
0x0000015a3d4fbbf0, 0x0000015a3d533d50, 0x0000015a3d53d790, 0x0000015a3d53e0a0,
0x0000015a3d53fcd0, 0x0000015a3d6f2020, 0x0000015a42028d20, 0x0000015a421f1b80,
0x0000015a42229590, 0x0000015a4222c830, 0x0000015a4222dc70, 0x0000015a42229fb0,
0x0000015a4702abf0, 0x0000015a470292a0, 0x0000015a47028880, 0x0000015a4792a9b0,
0x0000015a4792c300, 0x0000015a4792d740, 0x0000015a4792b3d0, 0x0000015a4792fab0,
0x0000015a49f44590
}

Java Threads: ( => current thread )
  0x0000015a3d513020 JavaThread "Reference Handler" daemon [_thread_blocked, id=7328, stack(0x00000013c3a00000,0x00000013c3b00000)]
  0x0000015a3d514120 JavaThread "Finalizer" daemon [_thread_blocked, id=2208, stack(0x00000013c3b00000,0x00000013c3c00000)]
  0x0000015a3d4f9860 JavaThread "Signal Dispatcher" daemon [_thread_blocked, id=5312, stack(0x00000013c3c00000,0x00000013c3d00000)]
  0x0000015a3d4fa220 JavaThread "Attach Listener" daemon [_thread_blocked, id=10880, stack(0x00000013c3d00000,0x00000013c3e00000)]
  0x0000015a3d4fbbf0 JavaThread "Service Thread" daemon [_thread_blocked, id=13060, stack(0x00000013c3e00000,0x00000013c3f00000)]
  0x0000015a3d533d50 JavaThread "Monitor Deflation Thread" daemon [_thread_blocked, id=1744, stack(0x00000013c3f00000,0x00000013c4000000)]
  0x0000015a3d53d790 JavaThread "C2 CompilerThread0" daemon [_thread_blocked, id=4512, stack(0x00000013c4000000,0x00000013c4100000)]
  0x0000015a3d53e0a0 JavaThread "C1 CompilerThread0" daemon [_thread_blocked, id=10152, stack(0x00000013c4100000,0x00000013c4200000)]
  0x0000015a3d53fcd0 JavaThread "Sweeper thread" daemon [_thread_blocked, id=1436, stack(0x00000013c4200000,0x00000013c4300000)]
  0x0000015a3d6f2020 JavaThread "Common-Cleaner" daemon [_thread_blocked, id=12472, stack(0x00000013c4300000,0x00000013c4400000)]
  0x0000015a42028d20 JavaThread "Notification Thread" daemon [_thread_blocked, id=12808, stack(0x00000013c4500000,0x00000013c4600000)]
  0x0000015a421f1b80 JavaThread "InvokeLaterDispatcher" daemon [_thread_blocked, id=1940, stack(0x00000013c4800000,0x00000013c4900000)]
  0x0000015a42229590 JavaThread "Thread-1" daemon [_thread_in_native, id=6204, stack(0x00000013c5000000,0x00000013c5100000)]
  0x0000015a4222c830 JavaThread "ForkJoinPool.commonPool-worker-1" daemon [_thread_blocked, id=7252, stack(0x00000013c5300000,0x00000013c5400000)]
  0x0000015a4222dc70 JavaThread "FileSystemWatchService" daemon [_thread_in_native, id=1128, stack(0x00000013c5400000,0x00000013c5500000)]
  0x0000015a42229fb0 JavaThread "Thread-3" daemon [_thread_blocked, id=6912, stack(0x00000013c5500000,0x00000013c5600000)]
  0x0000015a4702abf0 JavaThread "FileSystemWatchService" daemon [_thread_in_native, id=9440, stack(0x00000013c5600000,0x00000013c5700000)]
  0x0000015a470292a0 JavaThread "Thread-4" daemon [_thread_blocked, id=12744, stack(0x00000013c5700000,0x00000013c5800000)]
  0x0000015a47028880 JavaThread "Prism Font Disposer" daemon [_thread_blocked, id=3488, stack(0x00000013c5b00000,0x00000013c5c00000)]
  0x0000015a4792a9b0 JavaThread "Cleaner-0" daemon [_thread_blocked, id=11640, stack(0x00000013c5d00000,0x00000013c5e00000)]
  0x0000015a4792c300 JavaThread "JavaCPP Deallocator" daemon [_thread_blocked, id=13020, stack(0x00000013c4400000,0x00000013c4500000)]
=>0x0000015a4792d740 JavaThread "Thread-7" [_thread_in_native, id=5000, stack(0x00000013c6500000,0x00000013c6600000)]
  0x0000015a4792b3d0 JavaThread "Java2D Disposer" daemon [_thread_blocked, id=13180, stack(0x00000013c6800000,0x00000013c6900000)]
  0x0000015a4792fab0 JavaThread "pool-2-thread-1" [_thread_blocked, id=9756, stack(0x00000013c6700000,0x00000013c6800000)]
  0x0000015a49f44590 JavaThread "DestroyJavaVM" [_thread_blocked, id=8456, stack(0x00000013c3300000,0x00000013c3400000)]

Other Threads:
  0x0000015a3d4df160 VMThread "VM Thread" [stack: 0x00000013c3900000,0x00000013c3a00000] [id=5032]
  0x0000015a23e70fb0 WatcherThread [stack: 0x00000013c4600000,0x00000013c4700000] [id=8356]
  0x0000015a23e54e30 GCTaskThread "GC Thread#0" [stack: 0x00000013c3400000,0x00000013c3500000] [id=11580]
  0x0000015a42365540 GCTaskThread "GC Thread#1" [stack: 0x00000013c4d00000,0x00000013c4e00000] [id=12584]
  0x0000015a4232a1c0 GCTaskThread "GC Thread#2" [stack: 0x00000013c4e00000,0x00000013c4f00000] [id=13208]
  0x0000015a42356740 GCTaskThread "GC Thread#3" [stack: 0x00000013c4f00000,0x00000013c5000000] [id=12692]
  0x0000015a23e66160 ConcurrentGCThread "G1 Main Marker" [stack: 0x00000013c3500000,0x00000013c3600000] [id=904]
  0x0000015a23e66b70 ConcurrentGCThread "G1 Conc#0" [stack: 0x00000013c3600000,0x00000013c3700000] [id=4100]
  0x0000015a3d3364e0 ConcurrentGCThread "G1 Refine#0" [stack: 0x00000013c3700000,0x00000013c3800000] [id=12492]
  0x0000015a425715d0 ConcurrentGCThread "G1 Refine#1" [stack: 0x00000013c5200000,0x00000013c5300000] [id=9316]
  0x0000015a491af710 ConcurrentGCThread "G1 Refine#2" [stack: 0x00000013c5c00000,0x00000013c5d00000] [id=2356]
  0x0000015a23eae020 ConcurrentGCThread "G1 Service" [stack: 0x00000013c3800000,0x00000013c3900000] [id=5656]

Threads with active compile tasks:

VM state: not at safepoint (normal execution)

VM Mutex/Monitor currently owned by a thread: None

Heap address: 0x0000000081e00000, size: 2018 MB, Compressed Oops mode: 32-bit

CDS archive(s) not mapped
Compressed class space mapped at: 0x0000000100000000-0x0000000140000000, reserved size: 1073741824
Narrow klass base: 0x0000000000000000, Narrow klass shift: 3, Narrow klass range: 0x140000000

GC Precious Log:
 CPUs: 4 total, 4 available
 Memory: 8065M
 Large Page Support: Disabled
 NUMA Support: Disabled
 Compressed Oops: Enabled (32-bit)
 Heap Region Size: 1M
 Heap Min Capacity: 8M
 Heap Initial Capacity: 128M
 Heap Max Capacity: 2018M
 Pre-touch: Disabled
 Parallel Workers: 4
 Concurrent Workers: 1
 Concurrent Refinement Workers: 4
 Periodic GC: Disabled

Heap:
 garbage-first heap   total 157696K, used 60428K [0x0000000081e00000, 0x0000000100000000)
  region size 1024K, 3 young (3072K), 1 survivors (1024K)
 Metaspace       used 33042K, committed 33344K, reserved 1114112K
  class space    used 3989K, committed 4160K, reserved 1048576K

Heap Regions: E=young(eden), S=young(survivor), O=old, HS=humongous(starts), HC=humongous(continues), CS=collection set, F=free, OA=open archive, CA=closed archive, TAMS=top-at-mark-start (previous, next)
|   0|0x0000000081e00000, 0x0000000081f00000, 0x0000000081f00000|100%| O|  |TAMS 0x0000000081f00000, 0x0000000081f00000| Untracked 
|   1|0x0000000081f00000, 0x0000000082000000, 0x0000000082000000|100%| O|  |TAMS 0x0000000082000000, 0x0000000082000000| Untracked 
|   2|0x0000000082000000, 0x0000000082100000, 0x0000000082100000|100%| O|  |TAMS 0x0000000082069a00, 0x0000000082100000| Untracked 
|   3|0x0000000082100000, 0x0000000082200000, 0x0000000082200000|100%|HS|  |TAMS 0x0000000082200000, 0x0000000082200000| Complete 
|   4|0x0000000082200000, 0x0000000082300000, 0x0000000082300000|100%|HC|  |TAMS 0x0000000082300000, 0x0000000082300000| Complete 
|   5|0x0000000082300000, 0x0000000082400000, 0x0000000082400000|100%|HC|  |TAMS 0x0000000082400000, 0x0000000082400000| Complete 
|   6|0x0000000082400000, 0x0000000082500000, 0x0000000082500000|100%|HC|  |TAMS 0x0000000082500000, 0x0000000082500000| Complete 
|   7|0x0000000082500000, 0x0000000082600000, 0x0000000082600000|100%|HC|  |TAMS 0x0000000082600000, 0x0000000082600000| Complete 
|   8|0x0000000082600000, 0x0000000082700000, 0x0000000082700000|100%|HS|  |TAMS 0x0000000082700000, 0x0000000082700000| Complete 
|   9|0x0000000082700000, 0x0000000082800000, 0x0000000082800000|100%|HC|  |TAMS 0x0000000082800000, 0x0000000082800000| Complete 
|  10|0x0000000082800000, 0x0000000082900000, 0x0000000082900000|100%| O|  |TAMS 0x0000000082800000, 0x0000000082900000| Untracked 
|  11|0x0000000082900000, 0x0000000082a00000, 0x0000000082a00000|100%|HS|  |TAMS 0x0000000082900000, 0x0000000082a00000| Complete 
|  12|0x0000000082a00000, 0x0000000082b00000, 0x0000000082b00000|100%|HS|  |TAMS 0x0000000082a00000, 0x0000000082b00000| Complete 
|  13|0x0000000082b00000, 0x0000000082c00000, 0x0000000082c00000|100%|HS|  |TAMS 0x0000000082b00000, 0x0000000082c00000| Complete 
|  14|0x0000000082c00000, 0x0000000082d00000, 0x0000000082d00000|100%|HC|  |TAMS 0x0000000082c00000, 0x0000000082d00000| Complete 
|  15|0x0000000082d00000, 0x0000000082e00000, 0x0000000082e00000|100%| O|  |TAMS 0x0000000082d00000, 0x0000000082e00000| Untracked 
|  16|0x0000000082e00000, 0x0000000082f00000, 0x0000000082f00000|100%| O|  |TAMS 0x0000000082e00000, 0x0000000082f00000| Untracked 
|  17|0x0000000082f00000, 0x0000000083000000, 0x0000000083000000|100%| O|  |TAMS 0x0000000082f00000, 0x0000000083000000| Untracked 
|  18|0x0000000083000000, 0x0000000083100000, 0x0000000083100000|100%| O|  |TAMS 0x0000000083000000, 0x0000000083100000| Untracked 
|  19|0x0000000083100000, 0x0000000083200000, 0x0000000083200000|100%| O|  |TAMS 0x0000000083100000, 0x0000000083200000| Untracked 
|  20|0x0000000083200000, 0x0000000083300000, 0x0000000083300000|100%| O|  |TAMS 0x0000000083200000, 0x0000000083300000| Untracked 
|  21|0x0000000083300000, 0x0000000083400000, 0x0000000083400000|100%| O|  |TAMS 0x0000000083300000, 0x0000000083400000| Untracked 
|  22|0x0000000083400000, 0x0000000083500000, 0x0000000083500000|100%| O|  |TAMS 0x0000000083400000, 0x0000000083500000| Untracked 
|  23|0x0000000083500000, 0x0000000083600000, 0x0000000083600000|100%| O|  |TAMS 0x0000000083500000, 0x0000000083600000| Untracked 
|  24|0x0000000083600000, 0x0000000083700000, 0x0000000083700000|100%| O|  |TAMS 0x0000000083600000, 0x0000000083700000| Untracked 
|  25|0x0000000083700000, 0x0000000083800000, 0x0000000083800000|100%| O|  |TAMS 0x0000000083700000, 0x0000000083800000| Untracked 
|  26|0x0000000083800000, 0x0000000083900000, 0x0000000083900000|100%| O|  |TAMS 0x0000000083800000, 0x0000000083900000| Untracked 
|  27|0x0000000083900000, 0x0000000083a00000, 0x0000000083a00000|100%|HS|  |TAMS 0x0000000083900000, 0x0000000083900000| Complete 
|  28|0x0000000083a00000, 0x0000000083b00000, 0x0000000083b00000|100%|HC|  |TAMS 0x0000000083a00000, 0x0000000083a00000| Complete 
|  29|0x0000000083b00000, 0x0000000083c00000, 0x0000000083c00000|100%|HS|  |TAMS 0x0000000083b00000, 0x0000000083c00000| Complete 
|  30|0x0000000083c00000, 0x0000000083d00000, 0x0000000083d00000|100%|HC|  |TAMS 0x0000000083c00000, 0x0000000083d00000| Complete 
|  31|0x0000000083d00000, 0x0000000083e00000, 0x0000000083e00000|100%|HS|  |TAMS 0x0000000083d00000, 0x0000000083d00000| Complete 
|  32|0x0000000083e00000, 0x0000000083f00000, 0x0000000083f00000|100%|HC|  |TAMS 0x0000000083e00000, 0x0000000083e00000| Complete 
|  33|0x0000000083f00000, 0x0000000084000000, 0x0000000084000000|100%|HS|  |TAMS 0x0000000083f00000, 0x0000000083f00000| Complete 
|  34|0x0000000084000000, 0x0000000084100000, 0x0000000084100000|100%|HC|  |TAMS 0x0000000084000000, 0x0000000084000000| Complete 
|  35|0x0000000084100000, 0x0000000084200000, 0x0000000084200000|100%|HS|  |TAMS 0x0000000084100000, 0x0000000084200000| Complete 
|  36|0x0000000084200000, 0x0000000084300000, 0x0000000084300000|100%|HC|  |TAMS 0x0000000084200000, 0x0000000084300000| Complete 
|  37|0x0000000084300000, 0x0000000084400000, 0x0000000084400000|100%|HS|  |TAMS 0x0000000084300000, 0x0000000084400000| Complete 
|  38|0x0000000084400000, 0x0000000084400000, 0x0000000084500000|  0%| F|  |TAMS 0x0000000084400000, 0x0000000084400000| Untracked 
|  39|0x0000000084500000, 0x0000000084500000, 0x0000000084600000|  0%| F|  |TAMS 0x0000000084500000, 0x0000000084500000| Untracked 
|  40|0x0000000084600000, 0x0000000084600000, 0x0000000084700000|  0%| F|  |TAMS 0x0000000084600000, 0x0000000084600000| Untracked 
|  41|0x0000000084700000, 0x0000000084800000, 0x0000000084800000|100%|HS|  |TAMS 0x0000000084700000, 0x0000000084800000| Complete 
|  42|0x0000000084800000, 0x0000000084900000, 0x0000000084900000|100%|HC|  |TAMS 0x0000000084800000, 0x0000000084900000| Complete 
|  43|0x0000000084900000, 0x0000000084900000, 0x0000000084a00000|  0%| F|  |TAMS 0x0000000084900000, 0x0000000084900000| Untracked 
|  44|0x0000000084a00000, 0x0000000084a00000, 0x0000000084b00000|  0%| F|  |TAMS 0x0000000084a00000, 0x0000000084a00000| Untracked 
|  45|0x0000000084b00000, 0x0000000084c00000, 0x0000000084c00000|100%|HS|  |TAMS 0x0000000084b00000, 0x0000000084c00000| Complete 
|  46|0x0000000084c00000, 0x0000000084d00000, 0x0000000084d00000|100%|HC|  |TAMS 0x0000000084c00000, 0x0000000084d00000| Complete 
|  47|0x0000000084d00000, 0x0000000084d00000, 0x0000000084e00000|  0%| F|  |TAMS 0x0000000084d00000, 0x0000000084d00000| Untracked 
|  48|0x0000000084e00000, 0x0000000084e00000, 0x0000000084f00000|  0%| F|  |TAMS 0x0000000084e00000, 0x0000000084e00000| Untracked 
|  49|0x0000000084f00000, 0x0000000085000000, 0x0000000085000000|100%|HS|  |TAMS 0x0000000084f00000, 0x0000000085000000| Complete 
|  50|0x0000000085000000, 0x0000000085100000, 0x0000000085100000|100%|HC|  |TAMS 0x0000000085000000, 0x0000000085100000| Complete 
|  51|0x0000000085100000, 0x0000000085200000, 0x0000000085200000|100%|HS|  |TAMS 0x0000000085100000, 0x0000000085200000| Complete 
|  52|0x0000000085200000, 0x0000000085300000, 0x0000000085300000|100%|HC|  |TAMS 0x0000000085200000, 0x0000000085300000| Complete 
|  53|0x0000000085300000, 0x0000000085400000, 0x0000000085400000|100%|HS|  |TAMS 0x0000000085300000, 0x0000000085400000| Complete 
|  54|0x0000000085400000, 0x0000000085500000, 0x0000000085500000|100%|HC|  |TAMS 0x0000000085400000, 0x0000000085500000| Complete 
|  55|0x0000000085500000, 0x0000000085500000, 0x0000000085600000|  0%| F|  |TAMS 0x0000000085500000, 0x0000000085500000| Untracked 
|  56|0x0000000085600000, 0x0000000085600000, 0x0000000085700000|  0%| F|  |TAMS 0x0000000085600000, 0x0000000085600000| Untracked 
|  57|0x0000000085700000, 0x0000000085700000, 0x0000000085800000|  0%| F|  |TAMS 0x0000000085700000, 0x0000000085700000| Untracked 
|  58|0x0000000085800000, 0x0000000085800000, 0x0000000085900000|  0%| F|  |TAMS 0x0000000085800000, 0x0000000085800000| Untracked 
|  59|0x0000000085900000, 0x0000000085900000, 0x0000000085a00000|  0%| F|  |TAMS 0x0000000085900000, 0x0000000085900000| Untracked 
|  60|0x0000000085a00000, 0x0000000085a00000, 0x0000000085b00000|  0%| F|  |TAMS 0x0000000085a00000, 0x0000000085a00000| Untracked 
|  61|0x0000000085b00000, 0x0000000085c00000, 0x0000000085c00000|100%|HS|  |TAMS 0x0000000085b00000, 0x0000000085c00000| Complete 
|  62|0x0000000085c00000, 0x0000000085d00000, 0x0000000085d00000|100%|HC|  |TAMS 0x0000000085c00000, 0x0000000085d00000| Complete 
|  63|0x0000000085d00000, 0x0000000085e00000, 0x0000000085e00000|100%|HS|  |TAMS 0x0000000085d00000, 0x0000000085e00000| Complete 
|  64|0x0000000085e00000, 0x0000000085f00000, 0x0000000085f00000|100%|HC|  |TAMS 0x0000000085e00000, 0x0000000085f00000| Complete 
|  65|0x0000000085f00000, 0x0000000085f00000, 0x0000000086000000|  0%| F|  |TAMS 0x0000000085f00000, 0x0000000085f00000| Untracked 
|  66|0x0000000086000000, 0x0000000086000000, 0x0000000086100000|  0%| F|  |TAMS 0x0000000086000000, 0x0000000086000000| Untracked 
|  67|0x0000000086100000, 0x0000000086200000, 0x0000000086200000|100%| O|  |TAMS 0x0000000086100000, 0x0000000086200000| Untracked 
|  68|0x0000000086200000, 0x0000000086200000, 0x0000000086300000|  0%| F|  |TAMS 0x0000000086200000, 0x0000000086200000| Untracked 
|  69|0x0000000086300000, 0x0000000086300000, 0x0000000086400000|  0%| F|  |TAMS 0x0000000086300000, 0x0000000086300000| Untracked 
|  70|0x0000000086400000, 0x0000000086500000, 0x0000000086500000|100%| O|  |TAMS 0x0000000086400000, 0x0000000086500000| Untracked 
|  71|0x0000000086500000, 0x0000000086600000, 0x0000000086600000|100%| O|  |TAMS 0x0000000086500000, 0x0000000086600000| Untracked 
|  72|0x0000000086600000, 0x0000000086700000, 0x0000000086700000|100%| O|  |TAMS 0x0000000086600000, 0x0000000086700000| Untracked 
|  73|0x0000000086700000, 0x0000000086800000, 0x0000000086800000|100%| O|  |TAMS 0x0000000086700000, 0x0000000086800000| Untracked 
|  74|0x0000000086800000, 0x00000000868fc200, 0x0000000086900000| 98%| O|  |TAMS 0x0000000086800000, 0x00000000868fb800| Untracked 
|  75|0x0000000086900000, 0x0000000086900000, 0x0000000086a00000|  0%| F|  |TAMS 0x0000000086900000, 0x0000000086900000| Untracked 
|  76|0x0000000086a00000, 0x0000000086a00000, 0x0000000086b00000|  0%| F|  |TAMS 0x0000000086a00000, 0x0000000086a00000| Untracked 
|  77|0x0000000086b00000, 0x0000000086b00000, 0x0000000086c00000|  0%| F|  |TAMS 0x0000000086b00000, 0x0000000086b00000| Untracked 
|  78|0x0000000086c00000, 0x0000000086c00000, 0x0000000086d00000|  0%| F|  |TAMS 0x0000000086c00000, 0x0000000086c00000| Untracked 
|  79|0x0000000086d00000, 0x0000000086d00000, 0x0000000086e00000|  0%| F|  |TAMS 0x0000000086d00000, 0x0000000086d00000| Untracked 
|  80|0x0000000086e00000, 0x0000000086e00000, 0x0000000086f00000|  0%| F|  |TAMS 0x0000000086e00000, 0x0000000086e00000| Untracked 
|  81|0x0000000086f00000, 0x0000000086f00000, 0x0000000087000000|  0%| F|  |TAMS 0x0000000086f00000, 0x0000000086f00000| Untracked 
|  82|0x0000000087000000, 0x0000000087000000, 0x0000000087100000|  0%| F|  |TAMS 0x0000000087000000, 0x0000000087000000| Untracked 
|  83|0x0000000087100000, 0x0000000087100000, 0x0000000087200000|  0%| F|  |TAMS 0x0000000087100000, 0x0000000087100000| Untracked 
|  84|0x0000000087200000, 0x0000000087200000, 0x0000000087300000|  0%| F|  |TAMS 0x0000000087200000, 0x0000000087200000| Untracked 
|  85|0x0000000087300000, 0x0000000087300000, 0x0000000087400000|  0%| F|  |TAMS 0x0000000087300000, 0x0000000087300000| Untracked 
|  86|0x0000000087400000, 0x0000000087400000, 0x0000000087500000|  0%| F|  |TAMS 0x0000000087400000, 0x0000000087400000| Untracked 
|  87|0x0000000087500000, 0x0000000087500000, 0x0000000087600000|  0%| F|  |TAMS 0x0000000087500000, 0x0000000087500000| Untracked 
|  88|0x0000000087600000, 0x0000000087600000, 0x0000000087700000|  0%| F|  |TAMS 0x0000000087600000, 0x0000000087600000| Untracked 
|  89|0x0000000087700000, 0x0000000087700000, 0x0000000087800000|  0%| F|  |TAMS 0x0000000087700000, 0x0000000087700000| Untracked 
|  90|0x0000000087800000, 0x0000000087800000, 0x0000000087900000|  0%| F|  |TAMS 0x0000000087800000, 0x0000000087800000| Untracked 
|  91|0x0000000087900000, 0x0000000087900000, 0x0000000087a00000|  0%| F|  |TAMS 0x0000000087900000, 0x0000000087900000| Untracked 
|  92|0x0000000087a00000, 0x0000000087a00000, 0x0000000087b00000|  0%| F|  |TAMS 0x0000000087a00000, 0x0000000087a00000| Untracked 
|  93|0x0000000087b00000, 0x0000000087b00000, 0x0000000087c00000|  0%| F|  |TAMS 0x0000000087b00000, 0x0000000087b00000| Untracked 
|  94|0x0000000087c00000, 0x0000000087c00000, 0x0000000087d00000|  0%| F|  |TAMS 0x0000000087c00000, 0x0000000087c00000| Untracked 
|  95|0x0000000087d00000, 0x0000000087d00000, 0x0000000087e00000|  0%| F|  |TAMS 0x0000000087d00000, 0x0000000087d00000| Untracked 
|  96|0x0000000087e00000, 0x0000000087e00000, 0x0000000087f00000|  0%| F|  |TAMS 0x0000000087e00000, 0x0000000087e00000| Untracked 
|  97|0x0000000087f00000, 0x0000000087f00000, 0x0000000088000000|  0%| F|  |TAMS 0x0000000087f00000, 0x0000000087f00000| Untracked 
|  98|0x0000000088000000, 0x0000000088000000, 0x0000000088100000|  0%| F|  |TAMS 0x0000000088000000, 0x0000000088000000| Untracked 
|  99|0x0000000088100000, 0x0000000088100000, 0x0000000088200000|  0%| F|  |TAMS 0x0000000088100000, 0x0000000088100000| Untracked 
| 100|0x0000000088200000, 0x0000000088200000, 0x0000000088300000|  0%| F|  |TAMS 0x0000000088200000, 0x0000000088200000| Untracked 
| 101|0x0000000088300000, 0x0000000088300000, 0x0000000088400000|  0%| F|  |TAMS 0x0000000088300000, 0x0000000088300000| Untracked 
| 102|0x0000000088400000, 0x0000000088400000, 0x0000000088500000|  0%| F|  |TAMS 0x0000000088400000, 0x0000000088400000| Untracked 
| 103|0x0000000088500000, 0x0000000088500000, 0x0000000088600000|  0%| F|  |TAMS 0x0000000088500000, 0x0000000088500000| Untracked 
| 104|0x0000000088600000, 0x0000000088600000, 0x0000000088700000|  0%| F|  |TAMS 0x0000000088600000, 0x0000000088600000| Untracked 
| 105|0x0000000088700000, 0x0000000088700000, 0x0000000088800000|  0%| F|  |TAMS 0x0000000088700000, 0x0000000088700000| Untracked 
| 106|0x0000000088800000, 0x0000000088800000, 0x0000000088900000|  0%| F|  |TAMS 0x0000000088800000, 0x0000000088800000| Untracked 
| 107|0x0000000088900000, 0x0000000088900000, 0x0000000088a00000|  0%| F|  |TAMS 0x0000000088900000, 0x0000000088900000| Untracked 
| 108|0x0000000088a00000, 0x0000000088a00000, 0x0000000088b00000|  0%| F|  |TAMS 0x0000000088a00000, 0x0000000088a00000| Untracked 
| 109|0x0000000088b00000, 0x0000000088b00000, 0x0000000088c00000|  0%| F|  |TAMS 0x0000000088b00000, 0x0000000088b00000| Untracked 
| 110|0x0000000088c00000, 0x0000000088c00000, 0x0000000088d00000|  0%| F|  |TAMS 0x0000000088c00000, 0x0000000088c00000| Untracked 
| 111|0x0000000088d00000, 0x0000000088d00000, 0x0000000088e00000|  0%| F|  |TAMS 0x0000000088d00000, 0x0000000088d00000| Untracked 
| 112|0x0000000088e00000, 0x0000000088e00000, 0x0000000088f00000|  0%| F|  |TAMS 0x0000000088e00000, 0x0000000088e00000| Untracked 
| 113|0x0000000088f00000, 0x0000000088f00000, 0x0000000089000000|  0%| F|  |TAMS 0x0000000088f00000, 0x0000000088f00000| Untracked 
| 114|0x0000000089000000, 0x0000000089000000, 0x0000000089100000|  0%| F|  |TAMS 0x0000000089000000, 0x0000000089000000| Untracked 
| 115|0x0000000089100000, 0x0000000089100000, 0x0000000089200000|  0%| F|  |TAMS 0x0000000089100000, 0x0000000089100000| Untracked 
| 116|0x0000000089200000, 0x0000000089200000, 0x0000000089300000|  0%| F|  |TAMS 0x0000000089200000, 0x0000000089200000| Untracked 
| 117|0x0000000089300000, 0x0000000089300000, 0x0000000089400000|  0%| F|  |TAMS 0x0000000089300000, 0x0000000089300000| Untracked 
| 118|0x0000000089400000, 0x0000000089400000, 0x0000000089500000|  0%| F|  |TAMS 0x0000000089400000, 0x0000000089400000| Untracked 
| 119|0x0000000089500000, 0x0000000089500000, 0x0000000089600000|  0%| F|  |TAMS 0x0000000089500000, 0x0000000089500000| Untracked 
| 120|0x0000000089600000, 0x0000000089600000, 0x0000000089700000|  0%| F|  |TAMS 0x0000000089600000, 0x0000000089600000| Untracked 
| 121|0x0000000089700000, 0x0000000089700000, 0x0000000089800000|  0%| F|  |TAMS 0x0000000089700000, 0x0000000089700000| Untracked 
| 122|0x0000000089800000, 0x0000000089800000, 0x0000000089900000|  0%| F|  |TAMS 0x0000000089800000, 0x0000000089800000| Untracked 
| 123|0x0000000089900000, 0x0000000089900000, 0x0000000089a00000|  0%| F|  |TAMS 0x0000000089900000, 0x0000000089900000| Untracked 
| 124|0x0000000089a00000, 0x0000000089a00000, 0x0000000089b00000|  0%| F|  |TAMS 0x0000000089a00000, 0x0000000089a00000| Untracked 
| 125|0x0000000089b00000, 0x0000000089b00000, 0x0000000089c00000|  0%| F|  |TAMS 0x0000000089b00000, 0x0000000089b00000| Untracked 
| 126|0x0000000089c00000, 0x0000000089c00000, 0x0000000089d00000|  0%| F|  |TAMS 0x0000000089c00000, 0x0000000089c00000| Untracked 
| 127|0x0000000089d00000, 0x0000000089d00000, 0x0000000089e00000|  0%| F|  |TAMS 0x0000000089d00000, 0x0000000089d00000| Untracked 
| 128|0x0000000089e00000, 0x0000000089e00000, 0x0000000089f00000|  0%| F|  |TAMS 0x0000000089e00000, 0x0000000089e00000| Untracked 
| 129|0x0000000089f00000, 0x0000000089f00000, 0x000000008a000000|  0%| F|  |TAMS 0x0000000089f00000, 0x0000000089f00000| Untracked 
| 130|0x000000008a000000, 0x000000008a000000, 0x000000008a100000|  0%| F|  |TAMS 0x000000008a000000, 0x000000008a000000| Untracked 
| 131|0x000000008a100000, 0x000000008a100000, 0x000000008a200000|  0%| F|  |TAMS 0x000000008a100000, 0x000000008a100000| Untracked 
| 132|0x000000008a200000, 0x000000008a200000, 0x000000008a300000|  0%| F|  |TAMS 0x000000008a200000, 0x000000008a200000| Untracked 
| 133|0x000000008a300000, 0x000000008a300000, 0x000000008a400000|  0%| F|  |TAMS 0x000000008a300000, 0x000000008a300000| Untracked 
| 134|0x000000008a400000, 0x000000008a400000, 0x000000008a500000|  0%| F|  |TAMS 0x000000008a400000, 0x000000008a400000| Untracked 
| 135|0x000000008a500000, 0x000000008a500000, 0x000000008a600000|  0%| F|  |TAMS 0x000000008a500000, 0x000000008a500000| Untracked 
| 136|0x000000008a600000, 0x000000008a600000, 0x000000008a700000|  0%| F|  |TAMS 0x000000008a600000, 0x000000008a600000| Untracked 
| 137|0x000000008a700000, 0x000000008a700000, 0x000000008a800000|  0%| F|  |TAMS 0x000000008a700000, 0x000000008a700000| Untracked 
| 138|0x000000008a800000, 0x000000008a800000, 0x000000008a900000|  0%| F|  |TAMS 0x000000008a800000, 0x000000008a800000| Untracked 
| 139|0x000000008a900000, 0x000000008a900000, 0x000000008aa00000|  0%| F|  |TAMS 0x000000008a900000, 0x000000008a900000| Untracked 
| 140|0x000000008aa00000, 0x000000008aa00000, 0x000000008ab00000|  0%| F|  |TAMS 0x000000008aa00000, 0x000000008aa00000| Untracked 
| 141|0x000000008ab00000, 0x000000008ab00000, 0x000000008ac00000|  0%| F|  |TAMS 0x000000008ab00000, 0x000000008ab00000| Untracked 
| 142|0x000000008ac00000, 0x000000008ac00000, 0x000000008ad00000|  0%| F|  |TAMS 0x000000008ac00000, 0x000000008ac00000| Untracked 
| 143|0x000000008ad00000, 0x000000008ad00000, 0x000000008ae00000|  0%| F|  |TAMS 0x000000008ad00000, 0x000000008ad00000| Untracked 
| 144|0x000000008ae00000, 0x000000008ae00000, 0x000000008af00000|  0%| F|  |TAMS 0x000000008ae00000, 0x000000008ae00000| Untracked 
| 145|0x000000008af00000, 0x000000008af00000, 0x000000008b000000|  0%| F|  |TAMS 0x000000008af00000, 0x000000008af00000| Untracked 
| 146|0x000000008b000000, 0x000000008b000000, 0x000000008b100000|  0%| F|  |TAMS 0x000000008b000000, 0x000000008b000000| Untracked 
| 147|0x000000008b100000, 0x000000008b100000, 0x000000008b200000|  0%| F|  |TAMS 0x000000008b100000, 0x000000008b100000| Untracked 
| 148|0x000000008b200000, 0x000000008b200000, 0x000000008b300000|  0%| F|  |TAMS 0x000000008b200000, 0x000000008b200000| Untracked 
| 149|0x000000008b300000, 0x000000008b300000, 0x000000008b400000|  0%| F|  |TAMS 0x000000008b300000, 0x000000008b300000| Untracked 
| 150|0x000000008b400000, 0x000000008b4070e0, 0x000000008b500000|  2%| S|CS|TAMS 0x000000008b400000, 0x000000008b400000| Complete 
| 151|0x000000008b500000, 0x000000008b500000, 0x000000008b600000|  0%| F|  |TAMS 0x000000008b500000, 0x000000008b500000| Untracked 
| 152|0x000000008b600000, 0x000000008b700000, 0x000000008b700000|100%| E|  |TAMS 0x000000008b600000, 0x000000008b600000| Complete 
| 153|0x000000008b700000, 0x000000008b800000, 0x000000008b800000|100%| E|CS|TAMS 0x000000008b700000, 0x000000008b700000| Complete 

Card table byte_map: [0x0000015a368b0000,0x0000015a36cb0000] _byte_map_base: 0x0000015a364a1000

Marking Bits (Prev, Next): (CMBitMap*) 0x0000015a23e55490, (CMBitMap*) 0x0000015a23e55450
 Prev Bits: [0x0000015a39040000, 0x0000015a3afc8000)
 Next Bits: [0x0000015a370b0000, 0x0000015a39038000)

Polling page: 0x0000015a235b0000

Metaspace:

Usage:
  Non-class:     28.37 MB used.
      Class:      3.90 MB used.
       Both:     32.27 MB used.

Virtual space:
  Non-class space:       64.00 MB reserved,      28.50 MB ( 45%) committed,  1 nodes.
      Class space:        1.00 GB reserved,       4.06 MB ( <1%) committed,  1 nodes.
             Both:        1.06 GB reserved,      32.56 MB (  3%) committed. 

Chunk freelists:
   Non-Class:  3.36 MB
       Class:  11.98 MB
        Both:  15.34 MB

MaxMetaspaceSize: unlimited
CompressedClassSpaceSize: 1.00 GB
Initial GC threshold: 21.00 MB
Current GC threshold: 35.12 MB
CDS: off
MetaspaceReclaimPolicy: balanced
 - commit_granule_bytes: 65536.
 - commit_granule_words: 8192.
 - virtual_space_node_default_size: 8388608.
 - enlarge_chunks_in_place: 1.
 - new_chunks_are_fully_committed: 0.
 - uncommit_free_chunks: 1.
 - use_allocation_guard: 0.
 - handle_deallocations: 1.


Internal statistics:

num_allocs_failed_limit: 3.
num_arena_births: 244.
num_arena_deaths: 0.
num_vsnodes_births: 2.
num_vsnodes_deaths: 0.
num_space_committed: 521.
num_space_uncommitted: 0.
num_chunks_returned_to_freelist: 3.
num_chunks_taken_from_freelist: 1024.
num_chunk_merges: 3.
num_chunk_splits: 699.
num_chunks_enlarged: 541.
num_inconsistent_stats: 0.

CodeHeap 'non-profiled nmethods': size=120000Kb used=2936Kb max_used=2936Kb free=117063Kb
 bounds [0x0000015a2ef80000, 0x0000015a2f260000, 0x0000015a364b0000]
CodeHeap 'profiled nmethods': size=120000Kb used=11371Kb max_used=11371Kb free=108628Kb
 bounds [0x0000015a274b0000, 0x0000015a27fd0000, 0x0000015a2e9e0000]
CodeHeap 'non-nmethods': size=5760Kb used=1572Kb max_used=1640Kb free=4187Kb
 bounds [0x0000015a2e9e0000, 0x0000015a2ec50000, 0x0000015a2ef80000]
 total_blobs=6367 nmethods=5395 adapters=884
 compilation: enabled
              stopped_count=0, restarted_count=0
 full_count=0

Compilation events (20 events):
Event: 35.944 Thread 0x0000015a3d53e0a0 5388       3       sun.java2d.pipe.Region::getInstanceXYXY (12 bytes)
Event: 35.944 Thread 0x0000015a3d53e0a0 nmethod 5388 0x0000015a27fc6790 code [0x0000015a27fc6940, 0x0000015a27fc6b58]
Event: 35.944 Thread 0x0000015a3d53e0a0 5389       3       com.sun.prism.Image::getPixelAccessor (213 bytes)
Event: 35.946 Thread 0x0000015a3d53e0a0 nmethod 5389 0x0000015a27fc6c90 code [0x0000015a27fc6f40, 0x0000015a27fc7dc8]
Event: 35.946 Thread 0x0000015a3d53e0a0 5381       3       java.awt.BasicStroke::<init> (12 bytes)
Event: 35.946 Thread 0x0000015a3d53e0a0 nmethod 5381 0x0000015a27fc8110 code [0x0000015a27fc82e0, 0x0000015a27fc8448]
Event: 35.946 Thread 0x0000015a3d53e0a0 5382       3       sun.java2d.SunGraphics2D::setStroke (61 bytes)
Event: 35.946 Thread 0x0000015a3d53e0a0 nmethod 5382 0x0000015a27fc8510 code [0x0000015a27fc8700, 0x0000015a27fc8c48]
Event: 36.165 Thread 0x0000015a3d53e0a0 5390       3       application.FaceDetector$1::run (26 bytes)
Event: 36.165 Thread 0x0000015a3d53d790 5391       4       jdk.internal.org.objectweb.asm.ByteVector::put122 (93 bytes)
Event: 36.166 Thread 0x0000015a3d53e0a0 nmethod 5390 0x0000015a27fc8d90 code [0x0000015a27fc8fc0, 0x0000015a27fc9838]
Event: 36.166 Thread 0x0000015a3d53e0a0 5392       3       java.lang.invoke.BoundMethodHandle$Species_L::make (11 bytes)
Event: 36.166 Thread 0x0000015a3d53e0a0 nmethod 5392 0x0000015a27fc9b90 code [0x0000015a27fc9d40, 0x0000015a27fc9f88]
Event: 36.174 Thread 0x0000015a3d53e0a0 5394       3       java.util.LinkedList$ListItr::next (56 bytes)
Event: 36.175 Thread 0x0000015a3d53e0a0 nmethod 5394 0x0000015a27fca090 code [0x0000015a27fca280, 0x0000015a27fca798]
Event: 36.175 Thread 0x0000015a3d53e0a0 5395       3       java.util.LinkedList$ListItr::checkForComodification (23 bytes)
Event: 36.175 Thread 0x0000015a3d53e0a0 nmethod 5395 0x0000015a27fca990 code [0x0000015a27fcab40, 0x0000015a27fcad68]
Event: 36.176 Thread 0x0000015a3d53d790 nmethod 5391 0x0000015a2f25d510 code [0x0000015a2f25d6a0, 0x0000015a2f25dc38]
Event: 36.176 Thread 0x0000015a3d53d790 5393       4       jdk.internal.org.objectweb.asm.MethodWriter::visitCode (1 bytes)
Event: 36.176 Thread 0x0000015a3d53d790 nmethod 5393 0x0000015a2f25de10 code [0x0000015a2f25df80, 0x0000015a2f25dff8]

GC Heap History (20 events):
Event: 31.177 GC heap before
{Heap before GC invocations=45 (full 0):
 garbage-first heap   total 157696K, used 71660K [0x0000000081e00000, 0x0000000100000000)
  region size 1024K, 3 young (3072K), 1 survivors (1024K)
 Metaspace       used 32949K, committed 33216K, reserved 1114112K
  class space    used 3981K, committed 4096K, reserved 1048576K
}
Event: 31.178 GC heap after
{Heap after GC invocations=46 (full 0):
 garbage-first heap   total 157696K, used 48108K [0x0000000081e00000, 0x0000000100000000)
  region size 1024K, 1 young (1024K), 1 survivors (1024K)
 Metaspace       used 32949K, committed 33216K, reserved 1114112K
  class space    used 3981K, committed 4096K, reserved 1048576K
}
Event: 31.689 GC heap before
{Heap before GC invocations=46 (full 0):
 garbage-first heap   total 157696K, used 71660K [0x0000000081e00000, 0x0000000100000000)
  region size 1024K, 3 young (3072K), 1 survivors (1024K)
 Metaspace       used 32954K, committed 33216K, reserved 1114112K
  class space    used 3981K, committed 4096K, reserved 1048576K
}
Event: 31.691 GC heap after
{Heap after GC invocations=47 (full 0):
 garbage-first heap   total 157696K, used 48117K [0x0000000081e00000, 0x0000000100000000)
  region size 1024K, 1 young (1024K), 1 survivors (1024K)
 Metaspace       used 32954K, committed 33216K, reserved 1114112K
  class space    used 3981K, committed 4096K, reserved 1048576K
}
Event: 32.282 GC heap before
{Heap before GC invocations=47 (full 0):
 garbage-first heap   total 157696K, used 71669K [0x0000000081e00000, 0x0000000100000000)
  region size 1024K, 3 young (3072K), 1 survivors (1024K)
 Metaspace       used 32954K, committed 33216K, reserved 1114112K
  class space    used 3981K, committed 4096K, reserved 1048576K
}
Event: 32.284 GC heap after
{Heap after GC invocations=48 (full 0):
 garbage-first heap   total 157696K, used 48117K [0x0000000081e00000, 0x0000000100000000)
  region size 1024K, 1 young (1024K), 1 survivors (1024K)
 Metaspace       used 32954K, committed 33216K, reserved 1114112K
  class space    used 3981K, committed 4096K, reserved 1048576K
}
Event: 32.780 GC heap before
{Heap before GC invocations=48 (full 0):
 garbage-first heap   total 157696K, used 71669K [0x0000000081e00000, 0x0000000100000000)
  region size 1024K, 3 young (3072K), 1 survivors (1024K)
 Metaspace       used 32955K, committed 33216K, reserved 1114112K
  class space    used 3981K, committed 4096K, reserved 1048576K
}
Event: 32.781 GC heap after
{Heap after GC invocations=49 (full 0):
 garbage-first heap   total 157696K, used 50165K [0x0000000081e00000, 0x0000000100000000)
  region size 1024K, 1 young (1024K), 1 survivors (1024K)
 Metaspace       used 32955K, committed 33216K, reserved 1114112K
  class space    used 3981K, committed 4096K, reserved 1048576K
}
Event: 33.294 GC heap before
{Heap before GC invocations=49 (full 0):
 garbage-first heap   total 157696K, used 72693K [0x0000000081e00000, 0x0000000100000000)
  region size 1024K, 3 young (3072K), 1 survivors (1024K)
 Metaspace       used 32963K, committed 33216K, reserved 1114112K
  class space    used 3982K, committed 4096K, reserved 1048576K
}
Event: 33.296 GC heap after
{Heap after GC invocations=50 (full 0):
 garbage-first heap   total 157696K, used 49155K [0x0000000081e00000, 0x0000000100000000)
  region size 1024K, 1 young (1024K), 1 survivors (1024K)
 Metaspace       used 32963K, committed 33216K, reserved 1114112K
  class space    used 3982K, committed 4096K, reserved 1048576K
}
Event: 33.788 GC heap before
{Heap before GC invocations=50 (full 0):
 garbage-first heap   total 157696K, used 72707K [0x0000000081e00000, 0x0000000100000000)
  region size 1024K, 3 young (3072K), 1 survivors (1024K)
 Metaspace       used 32969K, committed 33216K, reserved 1114112K
  class space    used 3982K, committed 4096K, reserved 1048576K
}
Event: 33.790 GC heap after
{Heap after GC invocations=51 (full 0):
 garbage-first heap   total 157696K, used 51205K [0x0000000081e00000, 0x0000000100000000)
  region size 1024K, 1 young (1024K), 1 survivors (1024K)
 Metaspace       used 32969K, committed 33216K, reserved 1114112K
  class space    used 3982K, committed 4096K, reserved 1048576K
}
Event: 34.282 GC heap before
{Heap before GC invocations=51 (full 0):
 garbage-first heap   total 157696K, used 72709K [0x0000000081e00000, 0x0000000100000000)
  region size 1024K, 3 young (3072K), 1 survivors (1024K)
 Metaspace       used 32975K, committed 33216K, reserved 1114112K
  class space    used 3982K, committed 4096K, reserved 1048576K
}
Event: 34.283 GC heap after
{Heap after GC invocations=52 (full 0):
 garbage-first heap   total 157696K, used 51205K [0x0000000081e00000, 0x0000000100000000)
  region size 1024K, 1 young (1024K), 1 survivors (1024K)
 Metaspace       used 32975K, committed 33216K, reserved 1114112K
  class space    used 3982K, committed 4096K, reserved 1048576K
}
Event: 34.779 GC heap before
{Heap before GC invocations=52 (full 0):
 garbage-first heap   total 157696K, used 72709K [0x0000000081e00000, 0x0000000100000000)
  region size 1024K, 3 young (3072K), 1 survivors (1024K)
 Metaspace       used 32980K, committed 33216K, reserved 1114112K
  class space    used 3982K, committed 4096K, reserved 1048576K
}
Event: 34.780 GC heap after
{Heap after GC invocations=53 (full 0):
 garbage-first heap   total 157696K, used 51210K [0x0000000081e00000, 0x0000000100000000)
  region size 1024K, 1 young (1024K), 1 survivors (1024K)
 Metaspace       used 32980K, committed 33216K, reserved 1114112K
  class space    used 3982K, committed 4096K, reserved 1048576K
}
Event: 35.319 GC heap before
{Heap before GC invocations=53 (full 0):
 garbage-first heap   total 157696K, used 72714K [0x0000000081e00000, 0x0000000100000000)
  region size 1024K, 3 young (3072K), 1 survivors (1024K)
 Metaspace       used 32980K, committed 33216K, reserved 1114112K
  class space    used 3982K, committed 4096K, reserved 1048576K
}
Event: 35.320 GC heap after
{Heap after GC invocations=54 (full 0):
 garbage-first heap   total 157696K, used 51210K [0x0000000081e00000, 0x0000000100000000)
  region size 1024K, 1 young (1024K), 1 survivors (1024K)
 Metaspace       used 32980K, committed 33216K, reserved 1114112K
  class space    used 3982K, committed 4096K, reserved 1048576K
}
Event: 35.805 GC heap before
{Heap before GC invocations=54 (full 0):
 garbage-first heap   total 157696K, used 72714K [0x0000000081e00000, 0x0000000100000000)
  region size 1024K, 3 young (3072K), 1 survivors (1024K)
 Metaspace       used 32995K, committed 33216K, reserved 1114112K
  class space    used 3982K, committed 4096K, reserved 1048576K
}
Event: 35.806 GC heap after
{Heap after GC invocations=55 (full 0):
 garbage-first heap   total 157696K, used 53260K [0x0000000081e00000, 0x0000000100000000)
  region size 1024K, 1 young (1024K), 1 survivors (1024K)
 Metaspace       used 32995K, committed 33216K, reserved 1114112K
  class space    used 3982K, committed 4096K, reserved 1048576K
}

Dll operation events (20 events):
Event: 5.074 Loaded shared library C:\Users\Jay\.javacpp\cache\opencv-3.2.0-1.3-windows-x86_64.jar\org\bytedeco\javacpp\windows-x86_64\opencv_core320.dll
Event: 5.085 Loaded shared library C:\Users\Jay\.javacpp\cache\opencv-3.2.0-1.3-windows-x86_64.jar\org\bytedeco\javacpp\windows-x86_64\opencv_imgproc320.dll
Event: 5.094 Loaded shared library C:\Users\Jay\.javacpp\cache\opencv-3.2.0-1.3-windows-x86_64.jar\org\bytedeco\javacpp\windows-x86_64\jniopencv_core.dll
Event: 5.542 Loaded shared library C:\Users\Jay\.javacpp\cache\opencv-3.2.0-1.3-windows-x86_64.jar\org\bytedeco\javacpp\windows-x86_64\jniopencv_imgproc.dll
Event: 5.613 Loaded shared library C:\Users\Jay\.javacpp\cache\opencv-3.2.0-1.3-windows-x86_64.jar\org\bytedeco\javacpp\windows-x86_64\opencv_imgcodecs320.dll
Event: 5.625 Loaded shared library C:\Users\Jay\.javacpp\cache\opencv-3.2.0-1.3-windows-x86_64.jar\org\bytedeco\javacpp\windows-x86_64\jniopencv_imgcodecs.dll
Event: 5.809 Loaded shared library C:\Users\Jay\.javacpp\cache\opencv-3.2.0-1.3-windows-x86_64.jar\org\bytedeco\javacpp\windows-x86_64\opencv_videoio320.dll
Event: 5.818 Loaded shared library C:\Users\Jay\.javacpp\cache\opencv-3.2.0-1.3-windows-x86_64.jar\org\bytedeco\javacpp\windows-x86_64\jniopencv_videoio.dll
Event: 5.901 Loaded shared library C:\Users\Jay\.javacpp\cache\opencv-3.2.0-1.3-windows-x86_64.jar\org\bytedeco\javacpp\windows-x86_64\opencv_highgui320.dll
Event: 5.913 Loaded shared library C:\Users\Jay\.javacpp\cache\opencv-3.2.0-1.3-windows-x86_64.jar\org\bytedeco\javacpp\windows-x86_64\jniopencv_highgui.dll
Event: 5.969 Loaded shared library C:\Users\Jay\.javacpp\cache\opencv-3.2.0-1.3-windows-x86_64.jar\org\bytedeco\javacpp\windows-x86_64\opencv_ml320.dll
Event: 5.980 Loaded shared library C:\Users\Jay\.javacpp\cache\opencv-3.2.0-1.3-windows-x86_64.jar\org\bytedeco\javacpp\windows-x86_64\jniopencv_ml.dll
Event: 6.084 Loaded shared library C:\Users\Jay\.javacpp\cache\opencv-3.2.0-1.3-windows-x86_64.jar\org\bytedeco\javacpp\windows-x86_64\opencv_objdetect320.dll
Event: 6.093 Loaded shared library C:\Users\Jay\.javacpp\cache\opencv-3.2.0-1.3-windows-x86_64.jar\org\bytedeco\javacpp\windows-x86_64\jniopencv_objdetect.dll
Event: 6.176 Loaded shared library C:\Users\Jay\.javacpp\cache\opencv-3.2.0-1.3-windows-x86_64.jar\org\bytedeco\javacpp\windows-x86_64\opencv_face320.dll
Event: 6.184 Loaded shared library C:\Users\Jay\.javacpp\cache\opencv-3.2.0-1.3-windows-x86_64.jar\org\bytedeco\javacpp\windows-x86_64\jniopencv_face.dll
Event: 7.803 Loaded shared library C:\Windows\System32\ole32.dll
Event: 7.809 Loaded shared library C:\Windows\System32\oleaut32.dll
Event: 7.836 Loaded shared library C:\Users\Jay\.javacpp\cache\videoinput-0.200-1.3-windows-x86_64.jar\org\bytedeco\javacpp\windows-x86_64\jnivideoInputLib.dll
Event: 9.897 Loaded shared library C:\Users\Jay\.p2\pool\plugins\org.eclipse.justj.openjdk.hotspot.jre.full.win32.x86_64_17.0.8.v20230801-1951\jre\bin\awt.dll

Deoptimization events (20 events):
Event: 17.823 Thread 0x0000015a42114c40 DEOPT PACKING pc=0x0000015a2f1c28b0 sp=0x00000013c47fe2d0
Event: 17.823 Thread 0x0000015a42114c40 DEOPT UNPACKING pc=0x0000015a2ea369a3 sp=0x00000013c47fe2a0 mode 2
Event: 23.283 Thread 0x0000015a42229590 Uncommon trap: trap_request=0xffffff45 fr.pc=0x0000015a2f1bec30 relative=0x0000000000000090
Event: 23.283 Thread 0x0000015a42229590 Uncommon trap: reason=unstable_if action=reinterpret pc=0x0000015a2f1bec30 method=java.util.concurrent.locks.AbstractQueuedSynchronizer.signalNext(Ljava/util/concurrent/locks/AbstractQueuedSynchronizer$Node;)V @ 17 c2
Event: 23.283 Thread 0x0000015a42229590 DEOPT PACKING pc=0x0000015a2f1bec30 sp=0x00000013c50fed60
Event: 23.283 Thread 0x0000015a42229590 DEOPT UNPACKING pc=0x0000015a2ea369a3 sp=0x00000013c50fecf0 mode 2
Event: 26.599 Thread 0x0000015a42114c40 DEOPT PACKING pc=0x0000015a27d23a26 sp=0x00000013c47fefd0
Event: 26.599 Thread 0x0000015a42114c40 DEOPT UNPACKING pc=0x0000015a2ea37143 sp=0x00000013c47fe488 mode 0
Event: 32.929 Thread 0x0000015a421f28e0 Uncommon trap: trap_request=0xffffff45 fr.pc=0x0000015a2f222168 relative=0x0000000000000f88
Event: 32.929 Thread 0x0000015a421f28e0 Uncommon trap: reason=unstable_if action=reinterpret pc=0x0000015a2f222168 method=javafx.scene.Node.updateBounds()V @ 37 c2
Event: 32.929 Thread 0x0000015a421f28e0 DEOPT PACKING pc=0x0000015a2f222168 sp=0x00000013c49fc710
Event: 32.929 Thread 0x0000015a421f28e0 DEOPT UNPACKING pc=0x0000015a2ea369a3 sp=0x00000013c49fc6e0 mode 2
Event: 32.934 Thread 0x0000015a42114c40 Uncommon trap: trap_request=0xffffff45 fr.pc=0x0000015a2f1f2a78 relative=0x0000000000001eb8
Event: 32.934 Thread 0x0000015a42114c40 Uncommon trap: reason=unstable_if action=reinterpret pc=0x0000015a2f1f2a78 method=com.sun.prism.impl.BaseContext.validateMaskTexture(Lcom/sun/prism/impl/shape/MaskData;Z)Lcom/sun/prism/Texture; @ 114 c2
Event: 32.934 Thread 0x0000015a42114c40 DEOPT PACKING pc=0x0000015a2f1f2a78 sp=0x00000013c47fe390
Event: 32.934 Thread 0x0000015a42114c40 DEOPT UNPACKING pc=0x0000015a2ea369a3 sp=0x00000013c47fe0e0 mode 2
Event: 35.867 Thread 0x0000015a421f28e0 Uncommon trap: trap_request=0xffffff76 fr.pc=0x0000015a2f18fd18 relative=0x00000000000004d8
Event: 35.867 Thread 0x0000015a421f28e0 Uncommon trap: reason=predicate action=maybe_recompile pc=0x0000015a2f18fd18 method=java.util.ArrayList.remove(Ljava/lang/Object;)Z @ 42 c2
Event: 35.867 Thread 0x0000015a421f28e0 DEOPT PACKING pc=0x0000015a2f18fd18 sp=0x00000013c49fcdc0
Event: 35.867 Thread 0x0000015a421f28e0 DEOPT UNPACKING pc=0x0000015a2ea369a3 sp=0x00000013c49fcd90 mode 2

Classes unloaded (0 events):
No events

Classes redefined (0 events):
No events

Internal exceptions (20 events):
Event: 4.990 Thread 0x0000015a421f28e0 Exception <a 'java/lang/NoSuchMethodError'{0x00000000846b8068}: 'int java.lang.invoke.DirectMethodHandle$Holder.invokeStaticInit(java.lang.Object, java.lang.Object, java.lang.Object, java.lang.Object)'> (0x00000000846b8068) 
thrown [s\src\hotspot\share\interpreter\linkResolver.cpp, line 759]
Event: 4.991 Thread 0x0000015a421f28e0 Exception <a 'java/lang/NoSuchMethodError'{0x00000000846c17b8}: 'java.lang.Object java.lang.invoke.DirectMethodHandle$Holder.invokeInterface(java.lang.Object, java.lang.Object)'> (0x00000000846c17b8) 
thrown [s\src\hotspot\share\interpreter\linkResolver.cpp, line 759]
Event: 4.991 Thread 0x0000015a421f28e0 Exception <a 'java/lang/IncompatibleClassChangeError'{0x00000000846c5258}: Found class java.lang.Object, but interface was expected> (0x00000000846c5258) 
thrown [s\src\hotspot\share\interpreter\linkResolver.cpp, line 826]
Event: 6.779 Thread 0x0000015a421f28e0 Exception <a 'java/lang/NoSuchMethodError'{0x000000008503f368}: 'java.lang.Object java.lang.invoke.DirectMethodHandle$Holder.invokeStaticInit(java.lang.Object, int, int, int, int)'> (0x000000008503f368) 
thrown [s\src\hotspot\share\interpreter\linkResolver.cpp, line 759]
Event: 6.858 Thread 0x0000015a421f28e0 Exception <a 'java/lang/NoSuchMethodError'{0x00000000850acd70}: 'java.lang.Object java.lang.invoke.DirectMethodHandle$Holder.invokeStaticInit(java.lang.Object, java.lang.Object, int, int, int, int)'> (0x00000000850acd70) 
thrown [s\src\hotspot\share\interpreter\linkResolver.cpp, line 759]
Event: 9.906 Thread 0x0000015a421f28e0 Exception <a 'java/lang/NoSuchMethodError'{0x0000000084f36da8}: 'void java.lang.invoke.DirectMethodHandle$Holder.invokeSpecial(java.lang.Object, java.lang.Object, int)'> (0x0000000084f36da8) 
thrown [s\src\hotspot\share\interpreter\linkResolver.cpp, line 759]
Event: 9.908 Thread 0x0000015a4792f5a0 Exception <a 'java/lang/NoSuchMethodError'{0x0000000084f8d810}: 'java.lang.Object java.lang.invoke.DirectMethodHandle$Holder.newInvokeSpecial(java.lang.Object, java.lang.Object, java.lang.Object, int)'> (0x0000000084f8d810) 
thrown [s\src\hotspot\share\interpreter\linkResolver.cpp, line 759]
Event: 9.909 Thread 0x0000015a4792f5a0 Exception <a 'java/lang/NoSuchMethodError'{0x0000000084f91948}: 'java.lang.Object java.lang.invoke.DirectMethodHandle$Holder.invokeSpecial(java.lang.Object, java.lang.Object, java.lang.Object, java.lang.Object, int)'> (0x0000000084f91948) 
thrown [s\src\hotspot\share\interpreter\linkResolver.cpp, line 759]
Event: 9.909 Thread 0x0000015a4792f5a0 Exception <a 'java/lang/NoSuchMethodError'{0x0000000084f95268}: 'java.lang.Object java.lang.invoke.Invokers$Holder.linkToTargetMethod(java.lang.Object, java.lang.Object, int, java.lang.Object)'> (0x0000000084f95268) 
thrown [s\src\hotspot\share\interpreter\linkResolver.cpp, line 759]
Event: 9.911 Thread 0x0000015a4792d740 Exception <a 'java/lang/ClassNotFoundException'{0x0000000084f6dac8}: sun/awt/resources/spi/awtProvider> (0x0000000084f6dac8) 
thrown [s\src\hotspot\share\classfile\systemDictionary.cpp, line 256]
Event: 9.914 Thread 0x0000015a4792d740 Exception <a 'java/io/FileNotFoundException'{0x0000000084f708d8}> (0x0000000084f708d8) 
thrown [s\src\hotspot\share\prims\jni.cpp, line 516]
Event: 9.915 Thread 0x0000015a4792d740 Exception <a 'java/io/FileNotFoundException'{0x0000000084f71e48}> (0x0000000084f71e48) 
thrown [s\src\hotspot\share\prims\jni.cpp, line 516]
Event: 12.327 Thread 0x0000015a421f28e0 Exception <a 'java/lang/ClassNotFoundException'{0x000000008b7d42c8}: sun/util/logging/resources/spi/loggingProvider> (0x000000008b7d42c8) 
thrown [s\src\hotspot\share\classfile\systemDictionary.cpp, line 256]
Event: 12.362 Thread 0x0000015a421f28e0 Implicit null exception at 0x0000015a2f15740d to 0x0000015a2f157fa8
Event: 17.300 Thread 0x0000015a470292a0 Exception <a 'sun/nio/fs/WindowsException'{0x000000008b6d7ea8}> (0x000000008b6d7ea8) 
thrown [s\src\hotspot\share\prims\jni.cpp, line 516]
Event: 17.301 Thread 0x0000015a470292a0 Exception <a 'sun/nio/fs/WindowsException'{0x000000008b6d87e0}> (0x000000008b6d87e0) 
thrown [s\src\hotspot\share\prims\jni.cpp, line 516]
Event: 17.302 Thread 0x0000015a470292a0 Exception <a 'sun/nio/fs/WindowsException'{0x000000008b6d9118}> (0x000000008b6d9118) 
thrown [s\src\hotspot\share\prims\jni.cpp, line 516]
Event: 17.303 Thread 0x0000015a470292a0 Exception <a 'sun/nio/fs/WindowsException'{0x000000008b6d9a50}> (0x000000008b6d9a50) 
thrown [s\src\hotspot\share\prims\jni.cpp, line 516]
Event: 17.304 Thread 0x0000015a470292a0 Exception <a 'sun/nio/fs/WindowsException'{0x000000008b6da388}> (0x000000008b6da388) 
thrown [s\src\hotspot\share\prims\jni.cpp, line 516]
Event: 17.325 Thread 0x0000015a4222be10 Exception <a 'sun/nio/fs/WindowsException'{0x000000008b66fff8}> (0x000000008b66fff8) 
thrown [s\src\hotspot\share\prims\jni.cpp, line 516]

VM Operations (20 events):
Event: 31.177 Executing VM operation: G1TryInitiateConcMark
Event: 31.178 Executing VM operation: G1TryInitiateConcMark done
Event: 31.689 Executing VM operation: G1TryInitiateConcMark
Event: 31.691 Executing VM operation: G1TryInitiateConcMark done
Event: 32.282 Executing VM operation: G1TryInitiateConcMark
Event: 32.284 Executing VM operation: G1TryInitiateConcMark done
Event: 32.780 Executing VM operation: G1TryInitiateConcMark
Event: 32.781 Executing VM operation: G1TryInitiateConcMark done
Event: 33.294 Executing VM operation: G1TryInitiateConcMark
Event: 33.296 Executing VM operation: G1TryInitiateConcMark done
Event: 33.788 Executing VM operation: G1TryInitiateConcMark
Event: 33.790 Executing VM operation: G1TryInitiateConcMark done
Event: 34.282 Executing VM operation: G1TryInitiateConcMark
Event: 34.283 Executing VM operation: G1TryInitiateConcMark done
Event: 34.779 Executing VM operation: G1TryInitiateConcMark
Event: 34.780 Executing VM operation: G1TryInitiateConcMark done
Event: 35.319 Executing VM operation: G1TryInitiateConcMark
Event: 35.320 Executing VM operation: G1TryInitiateConcMark done
Event: 35.805 Executing VM operation: G1TryInitiateConcMark
Event: 35.806 Executing VM operation: G1TryInitiateConcMark done

Events (20 events):
Event: 17.653 Thread 0x0000015a49f47d40 Thread exited: 0x0000015a49f47d40
Event: 17.701 Thread 0x0000015a49f459d0 Thread added: 0x0000015a49f459d0
Event: 17.701 Thread 0x0000015a49f459d0 Thread exited: 0x0000015a49f459d0
Event: 17.730 Thread 0x0000015a49f4aad0 Thread added: 0x0000015a49f4aad0
Event: 17.730 Thread 0x0000015a49f4aad0 Thread exited: 0x0000015a49f4aad0
Event: 17.760 Thread 0x0000015a49f47830 Thread added: 0x0000015a49f47830
Event: 17.761 Thread 0x0000015a49f47830 Thread exited: 0x0000015a49f47830
Event: 18.304 Thread 0x0000015a49586120 Thread exited: 0x0000015a49586120
Event: 18.527 Thread 0x0000015a4222be10 Thread exited: 0x0000015a4222be10
Event: 18.854 Thread 0x0000015a49586120 Thread added: 0x0000015a49586120
Event: 18.996 Thread 0x0000015a49586120 Thread exited: 0x0000015a49586120
Event: 19.538 Thread 0x0000015a49f4a5c0 Thread exited: 0x0000015a49f4a5c0
Event: 20.542 Thread 0x0000015a49f47320 Thread exited: 0x0000015a49f47320
Event: 21.547 Thread 0x0000015a49f48760 Thread exited: 0x0000015a49f48760
Event: 22.549 Thread 0x0000015a49f454c0 Thread exited: 0x0000015a49f454c0
Event: 36.166 Thread 0x0000015a4222e180 Thread exited: 0x0000015a4222e180
Event: 36.166 Thread 0x0000015a23dfb580 Thread exited: 0x0000015a23dfb580
Event: 36.166 Thread 0x0000015a49f44590 Thread added: 0x0000015a49f44590
Event: 36.173 Thread 0x0000015a421f28e0 Thread exited: 0x0000015a421f28e0
Event: 36.186 Thread 0x0000015a42114c40 Thread exited: 0x0000015a42114c40


Dynamic libraries:
0x00007ff642c60000 - 0x00007ff642c6e000 	C:\Users\Jay\.p2\pool\plugins\org.eclipse.justj.openjdk.hotspot.jre.full.win32.x86_64_17.0.8.v20230801-1951\jre\bin\javaw.exe
0x00007ff822e30000 - 0x00007ff823028000 	C:\WINDOWS\SYSTEM32\ntdll.dll
0x00007ff8229e0000 - 0x00007ff822a9d000 	C:\WINDOWS\System32\KERNEL32.DLL
0x00007ff820a30000 - 0x00007ff820cfe000 	C:\WINDOWS\System32\KERNELBASE.dll
0x00007ff820930000 - 0x00007ff820a30000 	C:\WINDOWS\System32\ucrtbase.dll
0x00007ff819b60000 - 0x00007ff819b79000 	C:\Users\Jay\.p2\pool\plugins\org.eclipse.justj.openjdk.hotspot.jre.full.win32.x86_64_17.0.8.v20230801-1951\jre\bin\VCRUNTIME140.dll
0x00007ff819d50000 - 0x00007ff819d67000 	C:\Users\Jay\.p2\pool\plugins\org.eclipse.justj.openjdk.hotspot.jre.full.win32.x86_64_17.0.8.v20230801-1951\jre\bin\jli.dll
0x00007ff8217a0000 - 0x00007ff821940000 	C:\WINDOWS\System32\USER32.dll
0x00007ff820f50000 - 0x00007ff820f72000 	C:\WINDOWS\System32\win32u.dll
0x00007ff821a10000 - 0x00007ff821a3a000 	C:\WINDOWS\System32\GDI32.dll
0x00007ff820d30000 - 0x00007ff820e3b000 	C:\WINDOWS\System32\gdi32full.dll
0x00007ff80f830000 - 0x00007ff80faca000 	C:\WINDOWS\WinSxS\amd64_microsoft.windows.common-controls_6595b64144ccf1df_6.0.19041.1110_none_60b5254171f9507e\COMCTL32.dll
0x00007ff820e40000 - 0x00007ff820edd000 	C:\WINDOWS\System32\msvcp_win.dll
0x00007ff821c70000 - 0x00007ff821d0e000 	C:\WINDOWS\System32\msvcrt.dll
0x00007ff822c90000 - 0x00007ff822cc0000 	C:\WINDOWS\System32\IMM32.DLL
0x00007ff81c0b0000 - 0x00007ff81c0bc000 	C:\Users\Jay\.p2\pool\plugins\org.eclipse.justj.openjdk.hotspot.jre.full.win32.x86_64_17.0.8.v20230801-1951\jre\bin\vcruntime140_1.dll
0x00007ff806000000 - 0x00007ff806091000 	C:\Users\Jay\.p2\pool\plugins\org.eclipse.justj.openjdk.hotspot.jre.full.win32.x86_64_17.0.8.v20230801-1951\jre\bin\msvcp140.dll
0x00007fffe32c0000 - 0x00007fffe3f0c000 	C:\Users\Jay\.p2\pool\plugins\org.eclipse.justj.openjdk.hotspot.jre.full.win32.x86_64_17.0.8.v20230801-1951\jre\bin\server\jvm.dll
0x00007ff822d40000 - 0x00007ff822dee000 	C:\WINDOWS\System32\ADVAPI32.dll
0x00007ff822bf0000 - 0x00007ff822c8c000 	C:\WINDOWS\System32\sechost.dll
0x00007ff821670000 - 0x00007ff821795000 	C:\WINDOWS\System32\RPCRT4.dll
0x00007ff8204b0000 - 0x00007ff8204fb000 	C:\WINDOWS\SYSTEM32\POWRPROF.dll
0x00007ff818d90000 - 0x00007ff818d99000 	C:\WINDOWS\SYSTEM32\WSOCK32.dll
0x00007ff822cc0000 - 0x00007ff822d2b000 	C:\WINDOWS\System32\WS2_32.dll
0x00007ff810280000 - 0x00007ff8102a7000 	C:\WINDOWS\SYSTEM32\WINMM.dll
0x00007ff80d9d0000 - 0x00007ff80d9da000 	C:\WINDOWS\SYSTEM32\VERSION.dll
0x00007ff820490000 - 0x00007ff8204a2000 	C:\WINDOWS\SYSTEM32\UMPDC.dll
0x00007ff81e530000 - 0x00007ff81e542000 	C:\WINDOWS\SYSTEM32\kernel.appcore.dll
0x00007ff815ce0000 - 0x00007ff815cea000 	C:\Users\Jay\.p2\pool\plugins\org.eclipse.justj.openjdk.hotspot.jre.full.win32.x86_64_17.0.8.v20230801-1951\jre\bin\jimage.dll
0x00007ff80cb20000 - 0x00007ff80cd04000 	C:\WINDOWS\SYSTEM32\DBGHELP.DLL
0x00007ff80caf0000 - 0x00007ff80cb1c000 	C:\WINDOWS\SYSTEM32\dbgcore.DLL
0x00007ff8207f0000 - 0x00007ff820872000 	C:\WINDOWS\System32\bcryptPrimitives.dll
0x00007ff8119b0000 - 0x00007ff8119d5000 	C:\Users\Jay\.p2\pool\plugins\org.eclipse.justj.openjdk.hotspot.jre.full.win32.x86_64_17.0.8.v20230801-1951\jre\bin\java.dll
0x00007ff813230000 - 0x00007ff813248000 	C:\Users\Jay\.p2\pool\plugins\org.eclipse.justj.openjdk.hotspot.jre.full.win32.x86_64_17.0.8.v20230801-1951\jre\bin\zip.dll
0x00007ff822180000 - 0x00007ff8228c3000 	C:\WINDOWS\System32\SHELL32.dll
0x00007ff81e730000 - 0x00007ff81eec5000 	C:\WINDOWS\SYSTEM32\windows.storage.dll
0x00007ff821040000 - 0x00007ff821394000 	C:\WINDOWS\System32\combase.dll
0x00007ff81ffd0000 - 0x00007ff820000000 	C:\WINDOWS\SYSTEM32\Wldp.dll
0x00007ff820f90000 - 0x00007ff82103d000 	C:\WINDOWS\System32\SHCORE.dll
0x00007ff822980000 - 0x00007ff8229d5000 	C:\WINDOWS\System32\shlwapi.dll
0x00007ff820580000 - 0x00007ff82059f000 	C:\WINDOWS\SYSTEM32\profapi.dll
0x00007ff811990000 - 0x00007ff8119a9000 	C:\Users\Jay\.p2\pool\plugins\org.eclipse.justj.openjdk.hotspot.jre.full.win32.x86_64_17.0.8.v20230801-1951\jre\bin\net.dll
0x00007ff814980000 - 0x00007ff814a8a000 	C:\WINDOWS\SYSTEM32\WINHTTP.dll
0x00007ff81fd30000 - 0x00007ff81fd9a000 	C:\WINDOWS\system32\mswsock.dll
0x00007ff811970000 - 0x00007ff811985000 	C:\Users\Jay\.p2\pool\plugins\org.eclipse.justj.openjdk.hotspot.jre.full.win32.x86_64_17.0.8.v20230801-1951\jre\bin\nio.dll
0x0000015a23d70000 - 0x0000015a23d73000 	C:\javafx-sdk-20.0.2\bin\api-ms-win-core-console-l1-1-0.dll
0x0000015a23d80000 - 0x0000015a23d83000 	C:\javafx-sdk-20.0.2\bin\api-ms-win-core-console-l1-2-0.dll
0x0000015a23d90000 - 0x0000015a23d93000 	C:\javafx-sdk-20.0.2\bin\api-ms-win-core-datetime-l1-1-0.dll
0x0000015a23da0000 - 0x0000015a23da3000 	C:\javafx-sdk-20.0.2\bin\api-ms-win-core-debug-l1-1-0.dll
0x0000015a3da00000 - 0x0000015a3da03000 	C:\javafx-sdk-20.0.2\bin\api-ms-win-core-errorhandling-l1-1-0.dll
0x0000015a3da10000 - 0x0000015a3da14000 	C:\javafx-sdk-20.0.2\bin\api-ms-win-core-file-l1-1-0.dll
0x0000015a3da20000 - 0x0000015a3da23000 	C:\javafx-sdk-20.0.2\bin\api-ms-win-core-file-l1-2-0.dll
0x0000015a3da30000 - 0x0000015a3da33000 	C:\javafx-sdk-20.0.2\bin\api-ms-win-core-file-l2-1-0.dll
0x0000015a3da40000 - 0x0000015a3da43000 	C:\javafx-sdk-20.0.2\bin\api-ms-win-core-handle-l1-1-0.dll
0x0000015a3da50000 - 0x0000015a3da53000 	C:\javafx-sdk-20.0.2\bin\api-ms-win-core-heap-l1-1-0.dll
0x0000015a3da60000 - 0x0000015a3da63000 	C:\javafx-sdk-20.0.2\bin\api-ms-win-core-interlocked-l1-1-0.dll
0x0000015a3da70000 - 0x0000015a3da73000 	C:\javafx-sdk-20.0.2\bin\api-ms-win-core-libraryloader-l1-1-0.dll
0x0000015a3da80000 - 0x0000015a3da83000 	C:\javafx-sdk-20.0.2\bin\api-ms-win-core-localization-l1-2-0.dll
0x0000015a3da90000 - 0x0000015a3da93000 	C:\javafx-sdk-20.0.2\bin\api-ms-win-core-memory-l1-1-0.dll
0x0000015a3daa0000 - 0x0000015a3daa3000 	C:\javafx-sdk-20.0.2\bin\api-ms-win-core-namedpipe-l1-1-0.dll
0x0000015a3dab0000 - 0x0000015a3dab3000 	C:\javafx-sdk-20.0.2\bin\api-ms-win-core-processenvironment-l1-1-0.dll
0x0000015a3dac0000 - 0x0000015a3dac3000 	C:\javafx-sdk-20.0.2\bin\api-ms-win-core-processthreads-l1-1-0.dll
0x0000015a3dad0000 - 0x0000015a3dad3000 	C:\javafx-sdk-20.0.2\bin\api-ms-win-core-processthreads-l1-1-1.dll
0x0000015a3dae0000 - 0x0000015a3dae3000 	C:\javafx-sdk-20.0.2\bin\api-ms-win-core-profile-l1-1-0.dll
0x0000015a3daf0000 - 0x0000015a3daf3000 	C:\javafx-sdk-20.0.2\bin\api-ms-win-core-rtlsupport-l1-1-0.dll
0x0000015a3db00000 - 0x0000015a3db03000 	C:\javafx-sdk-20.0.2\bin\api-ms-win-core-string-l1-1-0.dll
0x0000015a3db10000 - 0x0000015a3db13000 	C:\javafx-sdk-20.0.2\bin\api-ms-win-core-synch-l1-1-0.dll
0x0000015a3db20000 - 0x0000015a3db23000 	C:\javafx-sdk-20.0.2\bin\api-ms-win-core-synch-l1-2-0.dll
0x0000015a3db30000 - 0x0000015a3db33000 	C:\javafx-sdk-20.0.2\bin\api-ms-win-core-sysinfo-l1-1-0.dll
0x0000015a3db40000 - 0x0000015a3db43000 	C:\javafx-sdk-20.0.2\bin\api-ms-win-core-timezone-l1-1-0.dll
0x0000015a3db50000 - 0x0000015a3db53000 	C:\javafx-sdk-20.0.2\bin\api-ms-win-core-util-l1-1-0.dll
0x0000015a3db60000 - 0x0000015a3db63000 	C:\javafx-sdk-20.0.2\bin\api-ms-win-crt-conio-l1-1-0.dll
0x0000015a3db70000 - 0x0000015a3db74000 	C:\javafx-sdk-20.0.2\bin\api-ms-win-crt-convert-l1-1-0.dll
0x0000015a3db80000 - 0x0000015a3db83000 	C:\javafx-sdk-20.0.2\bin\api-ms-win-crt-environment-l1-1-0.dll
0x0000015a3db90000 - 0x0000015a3db93000 	C:\javafx-sdk-20.0.2\bin\api-ms-win-crt-filesystem-l1-1-0.dll
0x0000015a3dba0000 - 0x0000015a3dba3000 	C:\javafx-sdk-20.0.2\bin\api-ms-win-crt-heap-l1-1-0.dll
0x0000015a3dbb0000 - 0x0000015a3dbb3000 	C:\javafx-sdk-20.0.2\bin\api-ms-win-crt-locale-l1-1-0.dll
0x0000015a3dbc0000 - 0x0000015a3dbc5000 	C:\javafx-sdk-20.0.2\bin\api-ms-win-crt-math-l1-1-0.dll
0x0000015a3dbd0000 - 0x0000015a3dbd5000 	C:\javafx-sdk-20.0.2\bin\api-ms-win-crt-multibyte-l1-1-0.dll
0x0000015a3dbe0000 - 0x0000015a3dbf0000 	C:\javafx-sdk-20.0.2\bin\api-ms-win-crt-private-l1-1-0.dll
0x0000015a3dbf0000 - 0x0000015a3dbf3000 	C:\javafx-sdk-20.0.2\bin\api-ms-win-crt-process-l1-1-0.dll
0x0000015a3dc00000 - 0x0000015a3dc04000 	C:\javafx-sdk-20.0.2\bin\api-ms-win-crt-runtime-l1-1-0.dll
0x0000015a3dc10000 - 0x0000015a3dc14000 	C:\javafx-sdk-20.0.2\bin\api-ms-win-crt-stdio-l1-1-0.dll
0x0000015a3dc20000 - 0x0000015a3dc24000 	C:\javafx-sdk-20.0.2\bin\api-ms-win-crt-string-l1-1-0.dll
0x0000015a3dc30000 - 0x0000015a3dc33000 	C:\javafx-sdk-20.0.2\bin\api-ms-win-crt-time-l1-1-0.dll
0x0000015a3dc40000 - 0x0000015a3dc43000 	C:\javafx-sdk-20.0.2\bin\api-ms-win-crt-utility-l1-1-0.dll
0x00007ffff8dc0000 - 0x00007ffff8ebc000 	C:\javafx-sdk-20.0.2\bin\ucrtbase.dll
0x00007ff819b40000 - 0x00007ff819b5b000 	C:\javafx-sdk-20.0.2\bin\vcruntime140.dll
0x00007ff81b6a0000 - 0x00007ff81b6ac000 	C:\javafx-sdk-20.0.2\bin\vcruntime140_1.dll
0x00007ff819a40000 - 0x00007ff819ace000 	C:\javafx-sdk-20.0.2\bin\msvcp140.dll
0x00007ff81b310000 - 0x00007ff81b319000 	C:\javafx-sdk-20.0.2\bin\msvcp140_1.dll
0x00007ff819480000 - 0x00007ff8194b0000 	C:\javafx-sdk-20.0.2\bin\msvcp140_2.dll
0x00007ff817130000 - 0x00007ff81715f000 	C:\javafx-sdk-20.0.2\bin\prism_d3d.dll
0x00007fffeeb60000 - 0x00007fffeed2f000 	C:\WINDOWS\system32\d3d9.dll
0x00007ff81e320000 - 0x00007ff81e34f000 	C:\WINDOWS\SYSTEM32\dwmapi.dll
0x00007ff81e050000 - 0x00007ff81e0ee000 	C:\WINDOWS\system32\uxtheme.dll
0x00007ff821940000 - 0x00007ff821a0d000 	C:\WINDOWS\System32\OLEAUT32.dll
0x00007ff822ac0000 - 0x00007ff822bea000 	C:\WINDOWS\System32\ole32.dll
0x00007ff821d10000 - 0x00007ff82217f000 	C:\WINDOWS\System32\SETUPAPI.dll
0x00007ff8207a0000 - 0x00007ff8207ee000 	C:\WINDOWS\System32\cfgmgr32.dll
0x00007ff820d00000 - 0x00007ff820d27000 	C:\WINDOWS\System32\bcrypt.dll
0x00007ff80aaa0000 - 0x00007ff80aae2000 	C:\javafx-sdk-20.0.2\bin\glass.dll
0x00007ff821410000 - 0x00007ff8214ea000 	C:\WINDOWS\System32\COMDLG32.dll
0x00007ff821550000 - 0x00007ff821665000 	C:\WINDOWS\System32\MSCTF.dll
0x00007ff81b5a0000 - 0x00007ff81b5db000 	C:\WINDOWS\SYSTEM32\dxcore.dll
0x00007ff819460000 - 0x00007ff819474000 	C:\javafx-sdk-20.0.2\bin\javafx_font.dll
0x00007ff8120c0000 - 0x00007ff8120ed000 	C:\javafx-sdk-20.0.2\bin\javafx_iio.dll
0x00007ff816d50000 - 0x00007ff816fcf000 	C:\WINDOWS\SYSTEM32\dwrite.dll
0x00007ff8228d0000 - 0x00007ff822979000 	C:\WINDOWS\System32\clbcatq.dll
0x00007ff819160000 - 0x00007ff819314000 	C:\WINDOWS\SYSTEM32\WindowsCodecs.dll
0x00007ff8074a0000 - 0x00007ff8074de000 	C:\WINDOWS\system32\dataexchange.dll
0x00007ff81c7a0000 - 0x00007ff81ca03000 	C:\WINDOWS\system32\d3d11.dll
0x00007ff81ef30000 - 0x00007ff81f023000 	C:\WINDOWS\system32\dxgi.dll
0x00007ff81ca10000 - 0x00007ff81cbf4000 	C:\WINDOWS\system32\dcomp.dll
0x00007ff818de0000 - 0x00007ff818fe0000 	C:\WINDOWS\system32\twinapi.appcore.dll
0x00007ff819840000 - 0x00007ff819939000 	C:\WINDOWS\SYSTEM32\textinputframework.dll
0x00007ff81d1c0000 - 0x00007ff81d51e000 	C:\WINDOWS\System32\CoreUIComponents.dll
0x00007ff81d8a0000 - 0x00007ff81d992000 	C:\WINDOWS\System32\CoreMessaging.dll
0x00007ff81f340000 - 0x00007ff81f373000 	C:\WINDOWS\SYSTEM32\ntmarta.dll
0x00007ff81c640000 - 0x00007ff81c794000 	C:\WINDOWS\SYSTEM32\wintypes.dll
0x00007ff8128c0000 - 0x00007ff812926000 	C:\WINDOWS\system32\Oleacc.dll
0x00007ffff0970000 - 0x00007ffff0a5f000 	C:\Users\Jay\.javacpp\cache\opencv-3.2.0-1.3-windows-x86_64.jar\org\bytedeco\javacpp\windows-x86_64\msvcr120.dll
0x00007ffff0800000 - 0x00007ffff08a6000 	C:\Users\Jay\.javacpp\cache\opencv-3.2.0-1.3-windows-x86_64.jar\org\bytedeco\javacpp\windows-x86_64\msvcp120.dll
0x00007fffee8d0000 - 0x00007fffeeb58000 	C:\Users\Jay\.javacpp\cache\opencv-3.2.0-1.3-windows-x86_64.jar\org\bytedeco\javacpp\windows-x86_64\opencv_core320.dll
0x00007fffee230000 - 0x00007fffee592000 	C:\Users\Jay\.javacpp\cache\opencv-3.2.0-1.3-windows-x86_64.jar\org\bytedeco\javacpp\windows-x86_64\opencv_imgproc320.dll
0x00007fffee680000 - 0x00007fffee8ca000 	C:\Users\Jay\.javacpp\cache\opencv-3.2.0-1.3-windows-x86_64.jar\org\bytedeco\javacpp\windows-x86_64\jniopencv_core.dll
0x00007ff820f80000 - 0x00007ff820f88000 	C:\WINDOWS\System32\PSAPI.DLL
0x00007fffefbc0000 - 0x00007fffefcb0000 	C:\Users\Jay\.javacpp\cache\opencv-3.2.0-1.3-windows-x86_64.jar\org\bytedeco\javacpp\windows-x86_64\jniopencv_imgproc.dll

dbghelp: loaded successfully - version: 4.0.5 - missing functions: none
symbol engine: initialized successfully - sym options: 0x614 - pdb path: .;C:\Users\Jay\.p2\pool\plugins\org.eclipse.justj.openjdk.hotspot.jre.full.win32.x86_64_17.0.8.v20230801-1951\jre\bin;C:\WINDOWS\SYSTEM32;C:\WINDOWS\WinSxS\amd64_microsoft.windows.common-controls_6595b64144ccf1df_6.0.19041.1110_none_60b5254171f9507e;C:\Users\Jay\.p2\pool\plugins\org.eclipse.justj.openjdk.hotspot.jre.full.win32.x86_64_17.0.8.v20230801-1951\jre\bin\server;C:\javafx-sdk-20.0.2\bin;C:\WINDOWS\System32\DriverStore\FileRepository\igdlh64.inf_amd64_82119d956c80af5a;C:\Program Files\Common Files\Microsoft Shared\Ink;C:\Users\Jay\.javacpp\cache\opencv-3.2.0-1.3-windows-x86_64.jar\org\bytedeco\javacpp\windows-x86_64;C:\Users\Jay\.javacpp\cache\videoinput-0.200-1.3-windows-x86_64.jar\org\bytedeco\javacpp\windows-x86_64;C:\WINDOWS\WinSxS\amd64_microsoft.windows.gdiplus_6595b64144ccf1df_1.1.19041.2006_none_919e9136cc8d4791;C:\Program Files (x86)\DroidCam\lib

VM Arguments:
jvm_args: --module-path=C:\javafx-sdk-20.0.2\lib --add-modules=javafx.controls,javafx.fxml -Dfile.encoding=UTF-8 -XX:+ShowCodeDetailsInExceptionMessages 
java_command: application.Main
java_class_path (initial): C:\Users\Jay\Desktop\facebio\Facebioreg\target\classes;C:\Users\Jay\Desktop\javafx-sdk-20.0.2\lib\javafx-swt.jar;C:\Users\Jay\Desktop\javafx-sdk-20.0.2\lib\javafx.base.jar;C:\Users\Jay\Desktop\javafx-sdk-20.0.2\lib\javafx.controls.jar;C:\Users\Jay\Desktop\javafx-sdk-20.0.2\lib\javafx.fxml.jar;C:\Users\Jay\Desktop\javafx-sdk-20.0.2\lib\javafx.graphics.jar;C:\Users\Jay\Desktop\javafx-sdk-20.0.2\lib\javafx.media.jar;C:\Users\Jay\Desktop\javafx-sdk-20.0.2\lib\javafx.swing.jar;C:\Users\Jay\Desktop\javafx-sdk-20.0.2\lib\javafx.web.jar;C:\Users\Jay\.p2\pool\plugins\org.eclipse.fx.ide.css.jfx8_3.8.0.202204150904.jar;C:\Users\Jay\Desktop\facebio\Facebioreg\opencv-341.jar;C:\Users\Jay\.m2\repository\org\bytedeco\javacv-platform\1.3.2\javacv-platform-1.3.2.jar;C:\Users\Jay\.m2\repository\org\bytedeco\javacv\1.3.2\javacv-1.3.2.jar;C:\Users\Jay\.m2\repository\org\bytedeco\javacpp\1.3.2\javacpp-1.3.2.jar;C:\Users\Jay\.m2\repository\org\bytedeco\javacpp-presets\opencv\3.2.0-1.3\opencv-3.2.0-1.3.jar;C:\Users\Jay\.m2\repository\org\bytedeco\javacpp-presets\ffmpeg\3.2.1-1.3\ffmpeg-3.2.1-1.3.jar;C:\Users\Jay\.m2\repository\org\bytedeco\javacpp-presets\flycapture\2.9.3.43-1.3\flycapture-2.9.3.43-1.3.jar;C:\Users\Jay\.m2\repository\org\bytedeco\javacpp-presets\libdc1394\2.2.4-1.3\libdc1394-2.2.4-1.3.jar;C:\Users\Jay\.m2\repository\org\bytedeco\javacpp-presets\libfreenect\0.5.3-1.3\libfreenect-0.5.3-1.3.jar;C:\Users\Jay\.m2\repository\org\bytedeco\javacpp-presets\libfreenect2\0.2.0-1.3\libfreenect2-0.2.0-1.3.jar;C:\Users\Jay\.m2\repository\org\bytedeco\javacpp-presets\librealsense\1.9.6-1.3\librealsense-1.9.6-1.3.jar;C:\Users\Jay\.m2\repository\org\bytedeco\javacpp-presets\videoinput\0.200-1.3\videoinput-0.200-1.3.jar;C:\Users\Jay\.m2\repository\org\bytedeco\javacpp-presets\artoolkitplus\2.3.1-1.3\artoolkitplus-2.3.1-1.3.jar;C:\Users\Jay\.m2\repository\org\bytedeco\javacpp-presets\flandmark\1.07-1.3\flandmark-1.07-1.3.jar;C:\Users\Jay\.m2\repository\org\byted
Launcher Type: SUN_STANDARD

[Global flags]
     intx CICompilerCount                          = 3                                         {product} {ergonomic}
     uint ConcGCThreads                            = 1                                         {product} {ergonomic}
     uint G1ConcRefinementThreads                  = 4                                         {product} {ergonomic}
   size_t G1HeapRegionSize                         = 1048576                                   {product} {ergonomic}
    uintx GCDrainStackTargetSize                   = 64                                        {product} {ergonomic}
   size_t InitialHeapSize                          = 134217728                                 {product} {ergonomic}
   size_t MarkStackSize                            = 4194304                                   {product} {ergonomic}
   size_t MaxHeapSize                              = 2116026368                                {product} {ergonomic}
   size_t MaxNewSize                               = 1268776960                                {product} {ergonomic}
   size_t MinHeapDeltaBytes                        = 1048576                                   {product} {ergonomic}
   size_t MinHeapSize                              = 8388608                                   {product} {ergonomic}
    uintx NonNMethodCodeHeapSize                   = 5832780                                {pd product} {ergonomic}
    uintx NonProfiledCodeHeapSize                  = 122912730                              {pd product} {ergonomic}
    uintx ProfiledCodeHeapSize                     = 122912730                              {pd product} {ergonomic}
    uintx ReservedCodeCacheSize                    = 251658240                              {pd product} {ergonomic}
     bool SegmentedCodeCache                       = true                                      {product} {ergonomic}
     bool ShowCodeDetailsInExceptionMessages       = true                                   {manageable} {command line}
   size_t SoftMaxHeapSize                          = 2116026368                             {manageable} {ergonomic}
     bool UseCompressedClassPointers               = true                           {product lp64_product} {ergonomic}
     bool UseCompressedOops                        = true                           {product lp64_product} {ergonomic}
     bool UseG1GC                                  = true                                      {product} {ergonomic}
     bool UseLargePagesIndividualAllocation        = false                                  {pd product} {ergonomic}

Logging:
Log output configuration:
 #0: stdout all=warning uptime,level,tags
 #1: stderr all=off uptime,level,tags

Environment Variables:
CLASSPATH=.;.;C:\PROGRA~2\JMF21~1.1E\lib\sound.jar;C:\PROGRA~2\JMF21~1.1E\lib\jmf.jar;C:\PROGRA~2\JMF21~1.1E\lib;
PATH=C:/Users/Jay/.p2/pool/plugins/org.eclipse.justj.openjdk.hotspot.jre.full.win32.x86_64_17.0.8.v20230801-1951/jre/bin/server;C:/Users/Jay/.p2/pool/plugins/org.eclipse.justj.openjdk.hotspot.jre.full.win32.x86_64_17.0.8.v20230801-1951/jre/bin;C:\Program Files\Common Files\Oracle\Java\javapath;C:\WINDOWS\system32;C:\WINDOWS;C:\WINDOWS\System32\Wbem;C:\WINDOWS\System32\WindowsPowerShell\v1.0\;C:\Program Files\nodejs\;C:\Program Files\Git\cmd;C:\xampp\php;C:\composer;C:\WINDOWS\System32\OpenSSH\;C:\Program Files\Microsoft SQL Server\150\Tools\Binn\;C:\Program Files\Microsoft SQL Server\Client SDK\ODBC\170\Tools\Binn\;C:\Program Files\dotnet\;C:\Program Files\PowerShell\7\;C:\Users\Jay\.console-ninja\.bin;C:\Users\Jay\AppData\Roaming\npm;C:\Users\Jay\AppData\Local\Programs\Microsoft VS Code\bin;C:\Users\Jay\AppData\Roaming\Composer\vendor\bin;C:\Users\Jay\AppData\Local\Microsoft\WindowsApps;C:\Users\Jay\.dotnet\tools;C:\Users\Jay\.fly\bin;C:\WINDOWS\system32;
USERNAME=Jay
OS=Windows_NT
PROCESSOR_IDENTIFIER=Intel64 Family 6 Model 78 Stepping 3, GenuineIntel
TMP=C:\Users\Jay\AppData\Local\Temp
TEMP=C:\Users\Jay\AppData\Local\Temp



---------------  S Y S T E M  ---------------

OS:
 Windows 10 , 64 bit Build 19041 (10.0.19041.1889)
OS uptime: 3 days 4:41 hours

CPU: total 4 (initial active 4) (2 cores per cpu, 2 threads per core) family 6 model 78 stepping 3 microcode 0xcc, cx8, cmov, fxsr, ht, mmx, 3dnowpref, sse, sse2, sse3, ssse3, sse4.1, sse4.2, popcnt, lzcnt, tsc, tscinvbit, avx, avx2, aes, erms, clmul, bmi1, bmi2, adx, fma, vzeroupper, clflush, clflushopt
Processor Information for all 4 processors :
  Max Mhz: 2000, Current Mhz: 2000, Mhz Limit: 2000

Memory: 4k page, system-wide physical 8065M (2258M free)
TotalPageFile size 13462M (AvailPageFile size 2094M)
current process WorkingSet (physical memory assigned to process): 338M, peak: 385M
current process commit charge ("private bytes"): 402M, peak: 460M

vm_info: OpenJDK 64-Bit Server VM (17.0.8+7) for windows-amd64 JRE (17.0.8+7), built on Jul 18 2023 21:02:32 by "admin" with MS VC++ 16.7 (VS2019)

END.
